[2024-04-02T07:45:25.088+0000] {processor.py:161} INFO - Started process (PID=68) to work on /home/airflow/.local/lib/python3.8/site-packages/airflow/example_dags/example_sla_dag.py
[2024-04-02T07:45:25.091+0000] {processor.py:830} INFO - Processing file /home/airflow/.local/lib/python3.8/site-packages/airflow/example_dags/example_sla_dag.py for tasks to queue
[2024-04-02T07:45:25.093+0000] {logging_mixin.py:188} INFO - [2024-04-02T07:45:25.093+0000] {dagbag.py:540} INFO - Filling up the DagBag from /home/airflow/.local/lib/python3.8/site-packages/airflow/example_dags/example_sla_dag.py
[2024-04-02T07:45:25.116+0000] {processor.py:840} INFO - DAG(s) 'example_sla_dag' retrieved from /home/airflow/.local/lib/python3.8/site-packages/airflow/example_dags/example_sla_dag.py
[2024-04-02T07:45:25.340+0000] {logging_mixin.py:188} INFO - [2024-04-02T07:45:25.339+0000] {dag.py:3047} INFO - Sync 1 DAGs
[2024-04-02T07:45:25.394+0000] {logging_mixin.py:188} INFO - [2024-04-02T07:45:25.393+0000] {dag.py:3834} INFO - Setting next_dagrun for example_sla_dag to 2024-04-02 07:42:00+00:00, run_after=2024-04-02 07:44:00+00:00
[2024-04-02T07:45:25.442+0000] {processor.py:183} INFO - Processing /home/airflow/.local/lib/python3.8/site-packages/airflow/example_dags/example_sla_dag.py took 0.358 seconds
[2024-04-02T07:45:55.589+0000] {processor.py:161} INFO - Started process (PID=124) to work on /home/airflow/.local/lib/python3.8/site-packages/airflow/example_dags/example_sla_dag.py
[2024-04-02T07:45:55.604+0000] {processor.py:830} INFO - Processing file /home/airflow/.local/lib/python3.8/site-packages/airflow/example_dags/example_sla_dag.py for tasks to queue
[2024-04-02T07:45:55.607+0000] {logging_mixin.py:188} INFO - [2024-04-02T07:45:55.607+0000] {dagbag.py:540} INFO - Filling up the DagBag from /home/airflow/.local/lib/python3.8/site-packages/airflow/example_dags/example_sla_dag.py
[2024-04-02T07:45:55.618+0000] {processor.py:840} INFO - DAG(s) 'example_sla_dag' retrieved from /home/airflow/.local/lib/python3.8/site-packages/airflow/example_dags/example_sla_dag.py
[2024-04-02T07:45:55.646+0000] {logging_mixin.py:188} INFO - [2024-04-02T07:45:55.645+0000] {dag.py:3047} INFO - Sync 1 DAGs
[2024-04-02T07:45:55.678+0000] {logging_mixin.py:188} INFO - [2024-04-02T07:45:55.678+0000] {dag.py:3834} INFO - Setting next_dagrun for example_sla_dag to 2024-04-02 07:42:00+00:00, run_after=2024-04-02 07:44:00+00:00
[2024-04-02T07:45:55.709+0000] {processor.py:183} INFO - Processing /home/airflow/.local/lib/python3.8/site-packages/airflow/example_dags/example_sla_dag.py took 0.123 seconds
[2024-04-02T07:46:26.018+0000] {processor.py:161} INFO - Started process (PID=180) to work on /home/airflow/.local/lib/python3.8/site-packages/airflow/example_dags/example_sla_dag.py
[2024-04-02T07:46:26.020+0000] {processor.py:830} INFO - Processing file /home/airflow/.local/lib/python3.8/site-packages/airflow/example_dags/example_sla_dag.py for tasks to queue
[2024-04-02T07:46:26.023+0000] {logging_mixin.py:188} INFO - [2024-04-02T07:46:26.022+0000] {dagbag.py:540} INFO - Filling up the DagBag from /home/airflow/.local/lib/python3.8/site-packages/airflow/example_dags/example_sla_dag.py
[2024-04-02T07:46:26.034+0000] {processor.py:840} INFO - DAG(s) 'example_sla_dag' retrieved from /home/airflow/.local/lib/python3.8/site-packages/airflow/example_dags/example_sla_dag.py
[2024-04-02T07:46:26.060+0000] {logging_mixin.py:188} INFO - [2024-04-02T07:46:26.059+0000] {dag.py:3047} INFO - Sync 1 DAGs
[2024-04-02T07:46:26.098+0000] {logging_mixin.py:188} INFO - [2024-04-02T07:46:26.097+0000] {dag.py:3834} INFO - Setting next_dagrun for example_sla_dag to 2024-04-02 07:44:00+00:00, run_after=2024-04-02 07:46:00+00:00
[2024-04-02T07:46:26.126+0000] {processor.py:183} INFO - Processing /home/airflow/.local/lib/python3.8/site-packages/airflow/example_dags/example_sla_dag.py took 0.112 seconds
[2024-04-02T07:46:58.763+0000] {processor.py:161} INFO - Started process (PID=236) to work on /home/airflow/.local/lib/python3.8/site-packages/airflow/example_dags/example_sla_dag.py
[2024-04-02T07:46:58.767+0000] {processor.py:830} INFO - Processing file /home/airflow/.local/lib/python3.8/site-packages/airflow/example_dags/example_sla_dag.py for tasks to queue
[2024-04-02T07:46:58.773+0000] {logging_mixin.py:188} INFO - [2024-04-02T07:46:58.773+0000] {dagbag.py:540} INFO - Filling up the DagBag from /home/airflow/.local/lib/python3.8/site-packages/airflow/example_dags/example_sla_dag.py
[2024-04-02T07:46:58.804+0000] {processor.py:840} INFO - DAG(s) 'example_sla_dag' retrieved from /home/airflow/.local/lib/python3.8/site-packages/airflow/example_dags/example_sla_dag.py
[2024-04-02T07:46:58.880+0000] {logging_mixin.py:188} INFO - [2024-04-02T07:46:58.880+0000] {dag.py:3047} INFO - Sync 1 DAGs
[2024-04-02T07:46:59.049+0000] {logging_mixin.py:188} INFO - [2024-04-02T07:46:59.048+0000] {dag.py:3834} INFO - Setting next_dagrun for example_sla_dag to 2024-04-02 07:44:00+00:00, run_after=2024-04-02 07:46:00+00:00
[2024-04-02T07:46:59.141+0000] {processor.py:183} INFO - Processing /home/airflow/.local/lib/python3.8/site-packages/airflow/example_dags/example_sla_dag.py took 0.384 seconds
[2024-04-02T07:47:29.715+0000] {processor.py:161} INFO - Started process (PID=292) to work on /home/airflow/.local/lib/python3.8/site-packages/airflow/example_dags/example_sla_dag.py
[2024-04-02T07:47:29.717+0000] {processor.py:830} INFO - Processing file /home/airflow/.local/lib/python3.8/site-packages/airflow/example_dags/example_sla_dag.py for tasks to queue
[2024-04-02T07:47:29.719+0000] {logging_mixin.py:188} INFO - [2024-04-02T07:47:29.719+0000] {dagbag.py:540} INFO - Filling up the DagBag from /home/airflow/.local/lib/python3.8/site-packages/airflow/example_dags/example_sla_dag.py
[2024-04-02T07:47:29.732+0000] {processor.py:840} INFO - DAG(s) 'example_sla_dag' retrieved from /home/airflow/.local/lib/python3.8/site-packages/airflow/example_dags/example_sla_dag.py
[2024-04-02T07:47:29.761+0000] {logging_mixin.py:188} INFO - [2024-04-02T07:47:29.760+0000] {dag.py:3047} INFO - Sync 1 DAGs
[2024-04-02T07:47:29.802+0000] {logging_mixin.py:188} INFO - [2024-04-02T07:47:29.801+0000] {dag.py:3834} INFO - Setting next_dagrun for example_sla_dag to 2024-04-02 07:44:00+00:00, run_after=2024-04-02 07:46:00+00:00
[2024-04-02T07:47:29.841+0000] {processor.py:183} INFO - Processing /home/airflow/.local/lib/python3.8/site-packages/airflow/example_dags/example_sla_dag.py took 0.130 seconds
[2024-04-02T07:48:00.559+0000] {processor.py:161} INFO - Started process (PID=348) to work on /home/airflow/.local/lib/python3.8/site-packages/airflow/example_dags/example_sla_dag.py
[2024-04-02T07:48:00.561+0000] {processor.py:830} INFO - Processing file /home/airflow/.local/lib/python3.8/site-packages/airflow/example_dags/example_sla_dag.py for tasks to queue
[2024-04-02T07:48:00.564+0000] {logging_mixin.py:188} INFO - [2024-04-02T07:48:00.563+0000] {dagbag.py:540} INFO - Filling up the DagBag from /home/airflow/.local/lib/python3.8/site-packages/airflow/example_dags/example_sla_dag.py
[2024-04-02T07:48:00.579+0000] {processor.py:840} INFO - DAG(s) 'example_sla_dag' retrieved from /home/airflow/.local/lib/python3.8/site-packages/airflow/example_dags/example_sla_dag.py
[2024-04-02T07:48:00.611+0000] {logging_mixin.py:188} INFO - [2024-04-02T07:48:00.610+0000] {dag.py:3047} INFO - Sync 1 DAGs
[2024-04-02T07:48:00.655+0000] {logging_mixin.py:188} INFO - [2024-04-02T07:48:00.655+0000] {dag.py:3834} INFO - Setting next_dagrun for example_sla_dag to 2024-04-02 07:46:00+00:00, run_after=2024-04-02 07:48:00+00:00
[2024-04-02T07:48:00.691+0000] {processor.py:183} INFO - Processing /home/airflow/.local/lib/python3.8/site-packages/airflow/example_dags/example_sla_dag.py took 0.138 seconds
[2024-04-02T07:48:30.744+0000] {processor.py:161} INFO - Started process (PID=404) to work on /home/airflow/.local/lib/python3.8/site-packages/airflow/example_dags/example_sla_dag.py
[2024-04-02T07:48:30.746+0000] {processor.py:830} INFO - Processing file /home/airflow/.local/lib/python3.8/site-packages/airflow/example_dags/example_sla_dag.py for tasks to queue
[2024-04-02T07:48:30.749+0000] {logging_mixin.py:188} INFO - [2024-04-02T07:48:30.748+0000] {dagbag.py:540} INFO - Filling up the DagBag from /home/airflow/.local/lib/python3.8/site-packages/airflow/example_dags/example_sla_dag.py
[2024-04-02T07:48:30.766+0000] {processor.py:840} INFO - DAG(s) 'example_sla_dag' retrieved from /home/airflow/.local/lib/python3.8/site-packages/airflow/example_dags/example_sla_dag.py
[2024-04-02T07:48:30.799+0000] {logging_mixin.py:188} INFO - [2024-04-02T07:48:30.798+0000] {dag.py:3047} INFO - Sync 1 DAGs
[2024-04-02T07:48:30.839+0000] {logging_mixin.py:188} INFO - [2024-04-02T07:48:30.838+0000] {dag.py:3834} INFO - Setting next_dagrun for example_sla_dag to 2024-04-02 07:46:00+00:00, run_after=2024-04-02 07:48:00+00:00
[2024-04-02T07:48:30.884+0000] {processor.py:183} INFO - Processing /home/airflow/.local/lib/python3.8/site-packages/airflow/example_dags/example_sla_dag.py took 0.145 seconds
[2024-04-02T07:49:01.270+0000] {processor.py:161} INFO - Started process (PID=460) to work on /home/airflow/.local/lib/python3.8/site-packages/airflow/example_dags/example_sla_dag.py
[2024-04-02T07:49:01.273+0000] {processor.py:830} INFO - Processing file /home/airflow/.local/lib/python3.8/site-packages/airflow/example_dags/example_sla_dag.py for tasks to queue
[2024-04-02T07:49:01.276+0000] {logging_mixin.py:188} INFO - [2024-04-02T07:49:01.275+0000] {dagbag.py:540} INFO - Filling up the DagBag from /home/airflow/.local/lib/python3.8/site-packages/airflow/example_dags/example_sla_dag.py
[2024-04-02T07:49:01.296+0000] {processor.py:840} INFO - DAG(s) 'example_sla_dag' retrieved from /home/airflow/.local/lib/python3.8/site-packages/airflow/example_dags/example_sla_dag.py
[2024-04-02T07:49:01.333+0000] {logging_mixin.py:188} INFO - [2024-04-02T07:49:01.332+0000] {dag.py:3047} INFO - Sync 1 DAGs
[2024-04-02T07:49:01.378+0000] {logging_mixin.py:188} INFO - [2024-04-02T07:49:01.378+0000] {dag.py:3834} INFO - Setting next_dagrun for example_sla_dag to 2024-04-02 07:46:00+00:00, run_after=2024-04-02 07:48:00+00:00
[2024-04-02T07:49:01.421+0000] {processor.py:183} INFO - Processing /home/airflow/.local/lib/python3.8/site-packages/airflow/example_dags/example_sla_dag.py took 0.157 seconds
[2024-04-02T07:49:31.497+0000] {processor.py:161} INFO - Started process (PID=516) to work on /home/airflow/.local/lib/python3.8/site-packages/airflow/example_dags/example_sla_dag.py
[2024-04-02T07:49:31.499+0000] {processor.py:830} INFO - Processing file /home/airflow/.local/lib/python3.8/site-packages/airflow/example_dags/example_sla_dag.py for tasks to queue
[2024-04-02T07:49:31.503+0000] {logging_mixin.py:188} INFO - [2024-04-02T07:49:31.502+0000] {dagbag.py:540} INFO - Filling up the DagBag from /home/airflow/.local/lib/python3.8/site-packages/airflow/example_dags/example_sla_dag.py
[2024-04-02T07:49:31.523+0000] {processor.py:840} INFO - DAG(s) 'example_sla_dag' retrieved from /home/airflow/.local/lib/python3.8/site-packages/airflow/example_dags/example_sla_dag.py
[2024-04-02T07:49:31.583+0000] {logging_mixin.py:188} INFO - [2024-04-02T07:49:31.582+0000] {dag.py:3047} INFO - Sync 1 DAGs
[2024-04-02T07:49:31.636+0000] {logging_mixin.py:188} INFO - [2024-04-02T07:49:31.635+0000] {dag.py:3834} INFO - Setting next_dagrun for example_sla_dag to 2024-04-02 07:46:00+00:00, run_after=2024-04-02 07:48:00+00:00
[2024-04-02T07:49:31.688+0000] {processor.py:183} INFO - Processing /home/airflow/.local/lib/python3.8/site-packages/airflow/example_dags/example_sla_dag.py took 0.196 seconds
[2024-04-02T07:50:01.893+0000] {processor.py:161} INFO - Started process (PID=572) to work on /home/airflow/.local/lib/python3.8/site-packages/airflow/example_dags/example_sla_dag.py
[2024-04-02T07:50:01.895+0000] {processor.py:830} INFO - Processing file /home/airflow/.local/lib/python3.8/site-packages/airflow/example_dags/example_sla_dag.py for tasks to queue
[2024-04-02T07:50:01.897+0000] {logging_mixin.py:188} INFO - [2024-04-02T07:50:01.896+0000] {dagbag.py:540} INFO - Filling up the DagBag from /home/airflow/.local/lib/python3.8/site-packages/airflow/example_dags/example_sla_dag.py
[2024-04-02T07:50:01.912+0000] {processor.py:840} INFO - DAG(s) 'example_sla_dag' retrieved from /home/airflow/.local/lib/python3.8/site-packages/airflow/example_dags/example_sla_dag.py
[2024-04-02T07:50:01.943+0000] {logging_mixin.py:188} INFO - [2024-04-02T07:50:01.942+0000] {dag.py:3047} INFO - Sync 1 DAGs
[2024-04-02T07:50:01.982+0000] {logging_mixin.py:188} INFO - [2024-04-02T07:50:01.982+0000] {dag.py:3834} INFO - Setting next_dagrun for example_sla_dag to 2024-04-02 07:48:00+00:00, run_after=2024-04-02 07:50:00+00:00
[2024-04-02T07:50:02.027+0000] {processor.py:183} INFO - Processing /home/airflow/.local/lib/python3.8/site-packages/airflow/example_dags/example_sla_dag.py took 0.137 seconds
[2024-04-02T07:50:32.310+0000] {processor.py:161} INFO - Started process (PID=628) to work on /home/airflow/.local/lib/python3.8/site-packages/airflow/example_dags/example_sla_dag.py
[2024-04-02T07:50:32.312+0000] {processor.py:830} INFO - Processing file /home/airflow/.local/lib/python3.8/site-packages/airflow/example_dags/example_sla_dag.py for tasks to queue
[2024-04-02T07:50:32.316+0000] {logging_mixin.py:188} INFO - [2024-04-02T07:50:32.315+0000] {dagbag.py:540} INFO - Filling up the DagBag from /home/airflow/.local/lib/python3.8/site-packages/airflow/example_dags/example_sla_dag.py
[2024-04-02T07:50:32.334+0000] {processor.py:840} INFO - DAG(s) 'example_sla_dag' retrieved from /home/airflow/.local/lib/python3.8/site-packages/airflow/example_dags/example_sla_dag.py
[2024-04-02T07:50:32.376+0000] {logging_mixin.py:188} INFO - [2024-04-02T07:50:32.376+0000] {dag.py:3047} INFO - Sync 1 DAGs
[2024-04-02T07:50:32.436+0000] {logging_mixin.py:188} INFO - [2024-04-02T07:50:32.436+0000] {dag.py:3834} INFO - Setting next_dagrun for example_sla_dag to 2024-04-02 07:48:00+00:00, run_after=2024-04-02 07:50:00+00:00
[2024-04-02T07:50:32.561+0000] {processor.py:183} INFO - Processing /home/airflow/.local/lib/python3.8/site-packages/airflow/example_dags/example_sla_dag.py took 0.257 seconds
[2024-04-02T07:51:03.347+0000] {processor.py:161} INFO - Started process (PID=684) to work on /home/airflow/.local/lib/python3.8/site-packages/airflow/example_dags/example_sla_dag.py
[2024-04-02T07:51:03.349+0000] {processor.py:830} INFO - Processing file /home/airflow/.local/lib/python3.8/site-packages/airflow/example_dags/example_sla_dag.py for tasks to queue
[2024-04-02T07:51:03.351+0000] {logging_mixin.py:188} INFO - [2024-04-02T07:51:03.350+0000] {dagbag.py:540} INFO - Filling up the DagBag from /home/airflow/.local/lib/python3.8/site-packages/airflow/example_dags/example_sla_dag.py
[2024-04-02T07:51:03.364+0000] {processor.py:840} INFO - DAG(s) 'example_sla_dag' retrieved from /home/airflow/.local/lib/python3.8/site-packages/airflow/example_dags/example_sla_dag.py
[2024-04-02T07:51:03.392+0000] {logging_mixin.py:188} INFO - [2024-04-02T07:51:03.391+0000] {dag.py:3047} INFO - Sync 1 DAGs
[2024-04-02T07:51:03.431+0000] {logging_mixin.py:188} INFO - [2024-04-02T07:51:03.430+0000] {dag.py:3834} INFO - Setting next_dagrun for example_sla_dag to 2024-04-02 07:48:00+00:00, run_after=2024-04-02 07:50:00+00:00
[2024-04-02T07:51:03.471+0000] {processor.py:183} INFO - Processing /home/airflow/.local/lib/python3.8/site-packages/airflow/example_dags/example_sla_dag.py took 0.127 seconds
[2024-04-02T07:51:34.185+0000] {processor.py:161} INFO - Started process (PID=740) to work on /home/airflow/.local/lib/python3.8/site-packages/airflow/example_dags/example_sla_dag.py
[2024-04-02T07:51:34.188+0000] {processor.py:830} INFO - Processing file /home/airflow/.local/lib/python3.8/site-packages/airflow/example_dags/example_sla_dag.py for tasks to queue
[2024-04-02T07:51:34.194+0000] {logging_mixin.py:188} INFO - [2024-04-02T07:51:34.193+0000] {dagbag.py:540} INFO - Filling up the DagBag from /home/airflow/.local/lib/python3.8/site-packages/airflow/example_dags/example_sla_dag.py
[2024-04-02T07:51:34.218+0000] {processor.py:840} INFO - DAG(s) 'example_sla_dag' retrieved from /home/airflow/.local/lib/python3.8/site-packages/airflow/example_dags/example_sla_dag.py
[2024-04-02T07:51:34.277+0000] {logging_mixin.py:188} INFO - [2024-04-02T07:51:34.277+0000] {dag.py:3047} INFO - Sync 1 DAGs
[2024-04-02T07:51:34.377+0000] {logging_mixin.py:188} INFO - [2024-04-02T07:51:34.377+0000] {dag.py:3834} INFO - Setting next_dagrun for example_sla_dag to 2024-04-02 07:48:00+00:00, run_after=2024-04-02 07:50:00+00:00
[2024-04-02T07:51:34.468+0000] {processor.py:183} INFO - Processing /home/airflow/.local/lib/python3.8/site-packages/airflow/example_dags/example_sla_dag.py took 0.292 seconds
[2024-04-02T07:52:05.054+0000] {processor.py:161} INFO - Started process (PID=796) to work on /home/airflow/.local/lib/python3.8/site-packages/airflow/example_dags/example_sla_dag.py
[2024-04-02T07:52:05.055+0000] {processor.py:830} INFO - Processing file /home/airflow/.local/lib/python3.8/site-packages/airflow/example_dags/example_sla_dag.py for tasks to queue
[2024-04-02T07:52:05.058+0000] {logging_mixin.py:188} INFO - [2024-04-02T07:52:05.058+0000] {dagbag.py:540} INFO - Filling up the DagBag from /home/airflow/.local/lib/python3.8/site-packages/airflow/example_dags/example_sla_dag.py
[2024-04-02T07:52:05.079+0000] {processor.py:840} INFO - DAG(s) 'example_sla_dag' retrieved from /home/airflow/.local/lib/python3.8/site-packages/airflow/example_dags/example_sla_dag.py
[2024-04-02T07:52:05.119+0000] {logging_mixin.py:188} INFO - [2024-04-02T07:52:05.118+0000] {dag.py:3047} INFO - Sync 1 DAGs
[2024-04-02T07:52:05.164+0000] {logging_mixin.py:188} INFO - [2024-04-02T07:52:05.163+0000] {dag.py:3834} INFO - Setting next_dagrun for example_sla_dag to 2024-04-02 07:50:00+00:00, run_after=2024-04-02 07:52:00+00:00
[2024-04-02T07:52:05.210+0000] {processor.py:183} INFO - Processing /home/airflow/.local/lib/python3.8/site-packages/airflow/example_dags/example_sla_dag.py took 0.159 seconds
[2024-04-02T07:52:35.430+0000] {processor.py:161} INFO - Started process (PID=852) to work on /home/airflow/.local/lib/python3.8/site-packages/airflow/example_dags/example_sla_dag.py
[2024-04-02T07:52:35.432+0000] {processor.py:830} INFO - Processing file /home/airflow/.local/lib/python3.8/site-packages/airflow/example_dags/example_sla_dag.py for tasks to queue
[2024-04-02T07:52:35.434+0000] {logging_mixin.py:188} INFO - [2024-04-02T07:52:35.434+0000] {dagbag.py:540} INFO - Filling up the DagBag from /home/airflow/.local/lib/python3.8/site-packages/airflow/example_dags/example_sla_dag.py
[2024-04-02T07:52:35.446+0000] {processor.py:840} INFO - DAG(s) 'example_sla_dag' retrieved from /home/airflow/.local/lib/python3.8/site-packages/airflow/example_dags/example_sla_dag.py
[2024-04-02T07:52:35.473+0000] {logging_mixin.py:188} INFO - [2024-04-02T07:52:35.473+0000] {dag.py:3047} INFO - Sync 1 DAGs
[2024-04-02T07:52:35.515+0000] {logging_mixin.py:188} INFO - [2024-04-02T07:52:35.515+0000] {dag.py:3834} INFO - Setting next_dagrun for example_sla_dag to 2024-04-02 07:50:00+00:00, run_after=2024-04-02 07:52:00+00:00
[2024-04-02T07:52:35.551+0000] {processor.py:183} INFO - Processing /home/airflow/.local/lib/python3.8/site-packages/airflow/example_dags/example_sla_dag.py took 0.124 seconds
[2024-04-02T07:53:06.259+0000] {processor.py:161} INFO - Started process (PID=908) to work on /home/airflow/.local/lib/python3.8/site-packages/airflow/example_dags/example_sla_dag.py
[2024-04-02T07:53:06.261+0000] {processor.py:830} INFO - Processing file /home/airflow/.local/lib/python3.8/site-packages/airflow/example_dags/example_sla_dag.py for tasks to queue
[2024-04-02T07:53:06.264+0000] {logging_mixin.py:188} INFO - [2024-04-02T07:53:06.263+0000] {dagbag.py:540} INFO - Filling up the DagBag from /home/airflow/.local/lib/python3.8/site-packages/airflow/example_dags/example_sla_dag.py
[2024-04-02T07:53:06.281+0000] {processor.py:840} INFO - DAG(s) 'example_sla_dag' retrieved from /home/airflow/.local/lib/python3.8/site-packages/airflow/example_dags/example_sla_dag.py
[2024-04-02T07:53:06.318+0000] {logging_mixin.py:188} INFO - [2024-04-02T07:53:06.317+0000] {dag.py:3047} INFO - Sync 1 DAGs
[2024-04-02T07:53:06.397+0000] {logging_mixin.py:188} INFO - [2024-04-02T07:53:06.396+0000] {dag.py:3834} INFO - Setting next_dagrun for example_sla_dag to 2024-04-02 07:50:00+00:00, run_after=2024-04-02 07:52:00+00:00
[2024-04-02T07:53:06.460+0000] {processor.py:183} INFO - Processing /home/airflow/.local/lib/python3.8/site-packages/airflow/example_dags/example_sla_dag.py took 0.204 seconds
[2024-04-02T07:53:36.606+0000] {processor.py:161} INFO - Started process (PID=964) to work on /home/airflow/.local/lib/python3.8/site-packages/airflow/example_dags/example_sla_dag.py
[2024-04-02T07:53:36.608+0000] {processor.py:830} INFO - Processing file /home/airflow/.local/lib/python3.8/site-packages/airflow/example_dags/example_sla_dag.py for tasks to queue
[2024-04-02T07:53:36.610+0000] {logging_mixin.py:188} INFO - [2024-04-02T07:53:36.610+0000] {dagbag.py:540} INFO - Filling up the DagBag from /home/airflow/.local/lib/python3.8/site-packages/airflow/example_dags/example_sla_dag.py
[2024-04-02T07:53:36.624+0000] {processor.py:840} INFO - DAG(s) 'example_sla_dag' retrieved from /home/airflow/.local/lib/python3.8/site-packages/airflow/example_dags/example_sla_dag.py
[2024-04-02T07:53:36.657+0000] {logging_mixin.py:188} INFO - [2024-04-02T07:53:36.656+0000] {dag.py:3047} INFO - Sync 1 DAGs
[2024-04-02T07:53:36.709+0000] {logging_mixin.py:188} INFO - [2024-04-02T07:53:36.708+0000] {dag.py:3834} INFO - Setting next_dagrun for example_sla_dag to 2024-04-02 07:50:00+00:00, run_after=2024-04-02 07:52:00+00:00
[2024-04-02T07:53:36.746+0000] {processor.py:183} INFO - Processing /home/airflow/.local/lib/python3.8/site-packages/airflow/example_dags/example_sla_dag.py took 0.144 seconds
[2024-04-02T07:54:06.888+0000] {processor.py:161} INFO - Started process (PID=1020) to work on /home/airflow/.local/lib/python3.8/site-packages/airflow/example_dags/example_sla_dag.py
[2024-04-02T07:54:06.890+0000] {processor.py:830} INFO - Processing file /home/airflow/.local/lib/python3.8/site-packages/airflow/example_dags/example_sla_dag.py for tasks to queue
[2024-04-02T07:54:06.893+0000] {logging_mixin.py:188} INFO - [2024-04-02T07:54:06.892+0000] {dagbag.py:540} INFO - Filling up the DagBag from /home/airflow/.local/lib/python3.8/site-packages/airflow/example_dags/example_sla_dag.py
[2024-04-02T07:54:06.905+0000] {processor.py:840} INFO - DAG(s) 'example_sla_dag' retrieved from /home/airflow/.local/lib/python3.8/site-packages/airflow/example_dags/example_sla_dag.py
[2024-04-02T07:54:06.936+0000] {logging_mixin.py:188} INFO - [2024-04-02T07:54:06.935+0000] {dag.py:3047} INFO - Sync 1 DAGs
[2024-04-02T07:54:06.976+0000] {logging_mixin.py:188} INFO - [2024-04-02T07:54:06.975+0000] {dag.py:3834} INFO - Setting next_dagrun for example_sla_dag to 2024-04-02 07:52:00+00:00, run_after=2024-04-02 07:54:00+00:00
[2024-04-02T07:54:07.012+0000] {processor.py:183} INFO - Processing /home/airflow/.local/lib/python3.8/site-packages/airflow/example_dags/example_sla_dag.py took 0.127 seconds
[2024-04-02T07:54:37.558+0000] {processor.py:161} INFO - Started process (PID=1076) to work on /home/airflow/.local/lib/python3.8/site-packages/airflow/example_dags/example_sla_dag.py
[2024-04-02T07:54:37.559+0000] {processor.py:830} INFO - Processing file /home/airflow/.local/lib/python3.8/site-packages/airflow/example_dags/example_sla_dag.py for tasks to queue
[2024-04-02T07:54:37.563+0000] {logging_mixin.py:188} INFO - [2024-04-02T07:54:37.562+0000] {dagbag.py:540} INFO - Filling up the DagBag from /home/airflow/.local/lib/python3.8/site-packages/airflow/example_dags/example_sla_dag.py
[2024-04-02T07:54:37.578+0000] {processor.py:840} INFO - DAG(s) 'example_sla_dag' retrieved from /home/airflow/.local/lib/python3.8/site-packages/airflow/example_dags/example_sla_dag.py
[2024-04-02T07:54:37.615+0000] {logging_mixin.py:188} INFO - [2024-04-02T07:54:37.614+0000] {dag.py:3047} INFO - Sync 1 DAGs
[2024-04-02T07:54:37.660+0000] {logging_mixin.py:188} INFO - [2024-04-02T07:54:37.659+0000] {dag.py:3834} INFO - Setting next_dagrun for example_sla_dag to 2024-04-02 07:52:00+00:00, run_after=2024-04-02 07:54:00+00:00
[2024-04-02T07:54:37.694+0000] {processor.py:183} INFO - Processing /home/airflow/.local/lib/python3.8/site-packages/airflow/example_dags/example_sla_dag.py took 0.140 seconds
[2024-04-02T07:55:08.275+0000] {processor.py:161} INFO - Started process (PID=1138) to work on /home/airflow/.local/lib/python3.8/site-packages/airflow/example_dags/example_sla_dag.py
[2024-04-02T07:55:08.277+0000] {processor.py:830} INFO - Processing file /home/airflow/.local/lib/python3.8/site-packages/airflow/example_dags/example_sla_dag.py for tasks to queue
[2024-04-02T07:55:08.280+0000] {logging_mixin.py:188} INFO - [2024-04-02T07:55:08.280+0000] {dagbag.py:540} INFO - Filling up the DagBag from /home/airflow/.local/lib/python3.8/site-packages/airflow/example_dags/example_sla_dag.py
[2024-04-02T07:55:08.294+0000] {processor.py:840} INFO - DAG(s) 'example_sla_dag' retrieved from /home/airflow/.local/lib/python3.8/site-packages/airflow/example_dags/example_sla_dag.py
[2024-04-02T07:55:08.327+0000] {logging_mixin.py:188} INFO - [2024-04-02T07:55:08.326+0000] {dag.py:3047} INFO - Sync 1 DAGs
[2024-04-02T07:55:08.371+0000] {logging_mixin.py:188} INFO - [2024-04-02T07:55:08.370+0000] {dag.py:3834} INFO - Setting next_dagrun for example_sla_dag to 2024-04-02 07:52:00+00:00, run_after=2024-04-02 07:54:00+00:00
[2024-04-02T07:55:08.414+0000] {processor.py:183} INFO - Processing /home/airflow/.local/lib/python3.8/site-packages/airflow/example_dags/example_sla_dag.py took 0.144 seconds
[2024-04-02T07:55:39.087+0000] {processor.py:161} INFO - Started process (PID=1194) to work on /home/airflow/.local/lib/python3.8/site-packages/airflow/example_dags/example_sla_dag.py
[2024-04-02T07:55:39.089+0000] {processor.py:830} INFO - Processing file /home/airflow/.local/lib/python3.8/site-packages/airflow/example_dags/example_sla_dag.py for tasks to queue
[2024-04-02T07:55:39.091+0000] {logging_mixin.py:188} INFO - [2024-04-02T07:55:39.091+0000] {dagbag.py:540} INFO - Filling up the DagBag from /home/airflow/.local/lib/python3.8/site-packages/airflow/example_dags/example_sla_dag.py
[2024-04-02T07:55:39.108+0000] {processor.py:840} INFO - DAG(s) 'example_sla_dag' retrieved from /home/airflow/.local/lib/python3.8/site-packages/airflow/example_dags/example_sla_dag.py
[2024-04-02T07:55:39.154+0000] {logging_mixin.py:188} INFO - [2024-04-02T07:55:39.154+0000] {dag.py:3047} INFO - Sync 1 DAGs
[2024-04-02T07:55:39.217+0000] {logging_mixin.py:188} INFO - [2024-04-02T07:55:39.216+0000] {dag.py:3834} INFO - Setting next_dagrun for example_sla_dag to 2024-04-02 07:52:00+00:00, run_after=2024-04-02 07:54:00+00:00
[2024-04-02T07:55:39.266+0000] {processor.py:183} INFO - Processing /home/airflow/.local/lib/python3.8/site-packages/airflow/example_dags/example_sla_dag.py took 0.183 seconds
[2024-04-02T07:56:10.097+0000] {processor.py:161} INFO - Started process (PID=1250) to work on /home/airflow/.local/lib/python3.8/site-packages/airflow/example_dags/example_sla_dag.py
[2024-04-02T07:56:10.098+0000] {processor.py:830} INFO - Processing file /home/airflow/.local/lib/python3.8/site-packages/airflow/example_dags/example_sla_dag.py for tasks to queue
[2024-04-02T07:56:10.100+0000] {logging_mixin.py:188} INFO - [2024-04-02T07:56:10.100+0000] {dagbag.py:540} INFO - Filling up the DagBag from /home/airflow/.local/lib/python3.8/site-packages/airflow/example_dags/example_sla_dag.py
[2024-04-02T07:56:10.114+0000] {processor.py:840} INFO - DAG(s) 'example_sla_dag' retrieved from /home/airflow/.local/lib/python3.8/site-packages/airflow/example_dags/example_sla_dag.py
[2024-04-02T07:56:10.144+0000] {logging_mixin.py:188} INFO - [2024-04-02T07:56:10.144+0000] {dag.py:3047} INFO - Sync 1 DAGs
[2024-04-02T07:56:10.188+0000] {logging_mixin.py:188} INFO - [2024-04-02T07:56:10.187+0000] {dag.py:3834} INFO - Setting next_dagrun for example_sla_dag to 2024-04-02 07:54:00+00:00, run_after=2024-04-02 07:56:00+00:00
[2024-04-02T07:56:10.222+0000] {processor.py:183} INFO - Processing /home/airflow/.local/lib/python3.8/site-packages/airflow/example_dags/example_sla_dag.py took 0.129 seconds
[2024-04-02T07:56:40.794+0000] {processor.py:161} INFO - Started process (PID=1306) to work on /home/airflow/.local/lib/python3.8/site-packages/airflow/example_dags/example_sla_dag.py
[2024-04-02T07:56:40.796+0000] {processor.py:830} INFO - Processing file /home/airflow/.local/lib/python3.8/site-packages/airflow/example_dags/example_sla_dag.py for tasks to queue
[2024-04-02T07:56:40.801+0000] {logging_mixin.py:188} INFO - [2024-04-02T07:56:40.800+0000] {dagbag.py:540} INFO - Filling up the DagBag from /home/airflow/.local/lib/python3.8/site-packages/airflow/example_dags/example_sla_dag.py
[2024-04-02T07:56:40.814+0000] {processor.py:840} INFO - DAG(s) 'example_sla_dag' retrieved from /home/airflow/.local/lib/python3.8/site-packages/airflow/example_dags/example_sla_dag.py
[2024-04-02T07:56:40.840+0000] {logging_mixin.py:188} INFO - [2024-04-02T07:56:40.840+0000] {dag.py:3047} INFO - Sync 1 DAGs
[2024-04-02T07:56:40.887+0000] {logging_mixin.py:188} INFO - [2024-04-02T07:56:40.887+0000] {dag.py:3834} INFO - Setting next_dagrun for example_sla_dag to 2024-04-02 07:54:00+00:00, run_after=2024-04-02 07:56:00+00:00
[2024-04-02T07:56:40.924+0000] {processor.py:183} INFO - Processing /home/airflow/.local/lib/python3.8/site-packages/airflow/example_dags/example_sla_dag.py took 0.135 seconds
[2024-04-02T07:57:11.103+0000] {processor.py:161} INFO - Started process (PID=1362) to work on /home/airflow/.local/lib/python3.8/site-packages/airflow/example_dags/example_sla_dag.py
[2024-04-02T07:57:11.104+0000] {processor.py:830} INFO - Processing file /home/airflow/.local/lib/python3.8/site-packages/airflow/example_dags/example_sla_dag.py for tasks to queue
[2024-04-02T07:57:11.107+0000] {logging_mixin.py:188} INFO - [2024-04-02T07:57:11.107+0000] {dagbag.py:540} INFO - Filling up the DagBag from /home/airflow/.local/lib/python3.8/site-packages/airflow/example_dags/example_sla_dag.py
[2024-04-02T07:57:11.122+0000] {processor.py:840} INFO - DAG(s) 'example_sla_dag' retrieved from /home/airflow/.local/lib/python3.8/site-packages/airflow/example_dags/example_sla_dag.py
[2024-04-02T07:57:11.151+0000] {logging_mixin.py:188} INFO - [2024-04-02T07:57:11.151+0000] {dag.py:3047} INFO - Sync 1 DAGs
[2024-04-02T07:57:11.192+0000] {logging_mixin.py:188} INFO - [2024-04-02T07:57:11.191+0000] {dag.py:3834} INFO - Setting next_dagrun for example_sla_dag to 2024-04-02 07:54:00+00:00, run_after=2024-04-02 07:56:00+00:00
[2024-04-02T07:57:11.227+0000] {processor.py:183} INFO - Processing /home/airflow/.local/lib/python3.8/site-packages/airflow/example_dags/example_sla_dag.py took 0.132 seconds
[2024-04-02T07:57:41.691+0000] {processor.py:161} INFO - Started process (PID=1418) to work on /home/airflow/.local/lib/python3.8/site-packages/airflow/example_dags/example_sla_dag.py
[2024-04-02T07:57:41.693+0000] {processor.py:830} INFO - Processing file /home/airflow/.local/lib/python3.8/site-packages/airflow/example_dags/example_sla_dag.py for tasks to queue
[2024-04-02T07:57:41.696+0000] {logging_mixin.py:188} INFO - [2024-04-02T07:57:41.695+0000] {dagbag.py:540} INFO - Filling up the DagBag from /home/airflow/.local/lib/python3.8/site-packages/airflow/example_dags/example_sla_dag.py
[2024-04-02T07:57:41.709+0000] {processor.py:840} INFO - DAG(s) 'example_sla_dag' retrieved from /home/airflow/.local/lib/python3.8/site-packages/airflow/example_dags/example_sla_dag.py
[2024-04-02T07:57:41.741+0000] {logging_mixin.py:188} INFO - [2024-04-02T07:57:41.741+0000] {dag.py:3047} INFO - Sync 1 DAGs
[2024-04-02T07:57:41.782+0000] {logging_mixin.py:188} INFO - [2024-04-02T07:57:41.781+0000] {dag.py:3834} INFO - Setting next_dagrun for example_sla_dag to 2024-04-02 07:54:00+00:00, run_after=2024-04-02 07:56:00+00:00
[2024-04-02T07:57:41.822+0000] {processor.py:183} INFO - Processing /home/airflow/.local/lib/python3.8/site-packages/airflow/example_dags/example_sla_dag.py took 0.135 seconds
[2024-04-02T07:58:12.471+0000] {processor.py:161} INFO - Started process (PID=1474) to work on /home/airflow/.local/lib/python3.8/site-packages/airflow/example_dags/example_sla_dag.py
[2024-04-02T07:58:12.473+0000] {processor.py:830} INFO - Processing file /home/airflow/.local/lib/python3.8/site-packages/airflow/example_dags/example_sla_dag.py for tasks to queue
[2024-04-02T07:58:12.476+0000] {logging_mixin.py:188} INFO - [2024-04-02T07:58:12.475+0000] {dagbag.py:540} INFO - Filling up the DagBag from /home/airflow/.local/lib/python3.8/site-packages/airflow/example_dags/example_sla_dag.py
[2024-04-02T07:58:12.489+0000] {processor.py:840} INFO - DAG(s) 'example_sla_dag' retrieved from /home/airflow/.local/lib/python3.8/site-packages/airflow/example_dags/example_sla_dag.py
[2024-04-02T07:58:12.521+0000] {logging_mixin.py:188} INFO - [2024-04-02T07:58:12.520+0000] {dag.py:3047} INFO - Sync 1 DAGs
[2024-04-02T07:58:12.565+0000] {logging_mixin.py:188} INFO - [2024-04-02T07:58:12.565+0000] {dag.py:3834} INFO - Setting next_dagrun for example_sla_dag to 2024-04-02 07:56:00+00:00, run_after=2024-04-02 07:58:00+00:00
[2024-04-02T07:58:12.600+0000] {processor.py:183} INFO - Processing /home/airflow/.local/lib/python3.8/site-packages/airflow/example_dags/example_sla_dag.py took 0.133 seconds
[2024-04-02T08:03:29.107+0000] {processor.py:161} INFO - Started process (PID=74) to work on /home/airflow/.local/lib/python3.8/site-packages/airflow/example_dags/example_sla_dag.py
[2024-04-02T08:03:29.117+0000] {processor.py:830} INFO - Processing file /home/airflow/.local/lib/python3.8/site-packages/airflow/example_dags/example_sla_dag.py for tasks to queue
[2024-04-02T08:03:29.120+0000] {logging_mixin.py:188} INFO - [2024-04-02T08:03:29.119+0000] {dagbag.py:540} INFO - Filling up the DagBag from /home/airflow/.local/lib/python3.8/site-packages/airflow/example_dags/example_sla_dag.py
[2024-04-02T08:03:29.138+0000] {processor.py:840} INFO - DAG(s) 'example_sla_dag' retrieved from /home/airflow/.local/lib/python3.8/site-packages/airflow/example_dags/example_sla_dag.py
[2024-04-02T08:03:29.358+0000] {logging_mixin.py:188} INFO - [2024-04-02T08:03:29.358+0000] {dag.py:3047} INFO - Sync 1 DAGs
[2024-04-02T08:03:29.411+0000] {logging_mixin.py:188} INFO - [2024-04-02T08:03:29.410+0000] {dag.py:3834} INFO - Setting next_dagrun for example_sla_dag to 2024-04-02 08:00:00+00:00, run_after=2024-04-02 08:02:00+00:00
[2024-04-02T08:03:29.452+0000] {processor.py:183} INFO - Processing /home/airflow/.local/lib/python3.8/site-packages/airflow/example_dags/example_sla_dag.py took 0.351 seconds
[2024-04-02T08:04:00.039+0000] {processor.py:161} INFO - Started process (PID=130) to work on /home/airflow/.local/lib/python3.8/site-packages/airflow/example_dags/example_sla_dag.py
[2024-04-02T08:04:00.040+0000] {processor.py:830} INFO - Processing file /home/airflow/.local/lib/python3.8/site-packages/airflow/example_dags/example_sla_dag.py for tasks to queue
[2024-04-02T08:04:00.043+0000] {logging_mixin.py:188} INFO - [2024-04-02T08:04:00.042+0000] {dagbag.py:540} INFO - Filling up the DagBag from /home/airflow/.local/lib/python3.8/site-packages/airflow/example_dags/example_sla_dag.py
[2024-04-02T08:04:00.055+0000] {processor.py:840} INFO - DAG(s) 'example_sla_dag' retrieved from /home/airflow/.local/lib/python3.8/site-packages/airflow/example_dags/example_sla_dag.py
[2024-04-02T08:04:00.085+0000] {logging_mixin.py:188} INFO - [2024-04-02T08:04:00.084+0000] {dag.py:3047} INFO - Sync 1 DAGs
[2024-04-02T08:04:00.125+0000] {logging_mixin.py:188} INFO - [2024-04-02T08:04:00.124+0000] {dag.py:3834} INFO - Setting next_dagrun for example_sla_dag to 2024-04-02 08:02:00+00:00, run_after=2024-04-02 08:04:00+00:00
[2024-04-02T08:04:00.160+0000] {processor.py:183} INFO - Processing /home/airflow/.local/lib/python3.8/site-packages/airflow/example_dags/example_sla_dag.py took 0.126 seconds
[2024-04-02T08:04:30.578+0000] {processor.py:161} INFO - Started process (PID=186) to work on /home/airflow/.local/lib/python3.8/site-packages/airflow/example_dags/example_sla_dag.py
[2024-04-02T08:04:30.580+0000] {processor.py:830} INFO - Processing file /home/airflow/.local/lib/python3.8/site-packages/airflow/example_dags/example_sla_dag.py for tasks to queue
[2024-04-02T08:04:30.583+0000] {logging_mixin.py:188} INFO - [2024-04-02T08:04:30.582+0000] {dagbag.py:540} INFO - Filling up the DagBag from /home/airflow/.local/lib/python3.8/site-packages/airflow/example_dags/example_sla_dag.py
[2024-04-02T08:04:30.601+0000] {processor.py:840} INFO - DAG(s) 'example_sla_dag' retrieved from /home/airflow/.local/lib/python3.8/site-packages/airflow/example_dags/example_sla_dag.py
[2024-04-02T08:04:30.641+0000] {logging_mixin.py:188} INFO - [2024-04-02T08:04:30.641+0000] {dag.py:3047} INFO - Sync 1 DAGs
[2024-04-02T08:04:30.690+0000] {logging_mixin.py:188} INFO - [2024-04-02T08:04:30.689+0000] {dag.py:3834} INFO - Setting next_dagrun for example_sla_dag to 2024-04-02 08:02:00+00:00, run_after=2024-04-02 08:04:00+00:00
[2024-04-02T08:04:30.736+0000] {processor.py:183} INFO - Processing /home/airflow/.local/lib/python3.8/site-packages/airflow/example_dags/example_sla_dag.py took 0.163 seconds
[2024-04-02T08:05:01.145+0000] {processor.py:161} INFO - Started process (PID=242) to work on /home/airflow/.local/lib/python3.8/site-packages/airflow/example_dags/example_sla_dag.py
[2024-04-02T08:05:01.147+0000] {processor.py:830} INFO - Processing file /home/airflow/.local/lib/python3.8/site-packages/airflow/example_dags/example_sla_dag.py for tasks to queue
[2024-04-02T08:05:01.150+0000] {logging_mixin.py:188} INFO - [2024-04-02T08:05:01.149+0000] {dagbag.py:540} INFO - Filling up the DagBag from /home/airflow/.local/lib/python3.8/site-packages/airflow/example_dags/example_sla_dag.py
[2024-04-02T08:05:01.162+0000] {processor.py:840} INFO - DAG(s) 'example_sla_dag' retrieved from /home/airflow/.local/lib/python3.8/site-packages/airflow/example_dags/example_sla_dag.py
[2024-04-02T08:05:01.191+0000] {logging_mixin.py:188} INFO - [2024-04-02T08:05:01.190+0000] {dag.py:3047} INFO - Sync 1 DAGs
[2024-04-02T08:05:01.233+0000] {logging_mixin.py:188} INFO - [2024-04-02T08:05:01.233+0000] {dag.py:3834} INFO - Setting next_dagrun for example_sla_dag to 2024-04-02 08:02:00+00:00, run_after=2024-04-02 08:04:00+00:00
[2024-04-02T08:05:01.272+0000] {processor.py:183} INFO - Processing /home/airflow/.local/lib/python3.8/site-packages/airflow/example_dags/example_sla_dag.py took 0.131 seconds
[2024-04-02T08:05:31.526+0000] {processor.py:161} INFO - Started process (PID=298) to work on /home/airflow/.local/lib/python3.8/site-packages/airflow/example_dags/example_sla_dag.py
[2024-04-02T08:05:31.527+0000] {processor.py:830} INFO - Processing file /home/airflow/.local/lib/python3.8/site-packages/airflow/example_dags/example_sla_dag.py for tasks to queue
[2024-04-02T08:05:31.530+0000] {logging_mixin.py:188} INFO - [2024-04-02T08:05:31.530+0000] {dagbag.py:540} INFO - Filling up the DagBag from /home/airflow/.local/lib/python3.8/site-packages/airflow/example_dags/example_sla_dag.py
[2024-04-02T08:05:31.553+0000] {processor.py:840} INFO - DAG(s) 'example_sla_dag' retrieved from /home/airflow/.local/lib/python3.8/site-packages/airflow/example_dags/example_sla_dag.py
[2024-04-02T08:05:31.595+0000] {logging_mixin.py:188} INFO - [2024-04-02T08:05:31.594+0000] {dag.py:3047} INFO - Sync 1 DAGs
[2024-04-02T08:05:31.655+0000] {logging_mixin.py:188} INFO - [2024-04-02T08:05:31.655+0000] {dag.py:3834} INFO - Setting next_dagrun for example_sla_dag to 2024-04-02 08:02:00+00:00, run_after=2024-04-02 08:04:00+00:00
[2024-04-02T08:05:31.711+0000] {processor.py:183} INFO - Processing /home/airflow/.local/lib/python3.8/site-packages/airflow/example_dags/example_sla_dag.py took 0.190 seconds
[2024-04-02T08:06:01.869+0000] {processor.py:161} INFO - Started process (PID=354) to work on /home/airflow/.local/lib/python3.8/site-packages/airflow/example_dags/example_sla_dag.py
[2024-04-02T08:06:01.872+0000] {processor.py:830} INFO - Processing file /home/airflow/.local/lib/python3.8/site-packages/airflow/example_dags/example_sla_dag.py for tasks to queue
[2024-04-02T08:06:01.875+0000] {logging_mixin.py:188} INFO - [2024-04-02T08:06:01.874+0000] {dagbag.py:540} INFO - Filling up the DagBag from /home/airflow/.local/lib/python3.8/site-packages/airflow/example_dags/example_sla_dag.py
[2024-04-02T08:06:01.891+0000] {processor.py:840} INFO - DAG(s) 'example_sla_dag' retrieved from /home/airflow/.local/lib/python3.8/site-packages/airflow/example_dags/example_sla_dag.py
[2024-04-02T08:06:01.939+0000] {logging_mixin.py:188} INFO - [2024-04-02T08:06:01.938+0000] {dag.py:3047} INFO - Sync 1 DAGs
[2024-04-02T08:06:01.998+0000] {logging_mixin.py:188} INFO - [2024-04-02T08:06:01.998+0000] {dag.py:3834} INFO - Setting next_dagrun for example_sla_dag to 2024-04-02 08:04:00+00:00, run_after=2024-04-02 08:06:00+00:00
[2024-04-02T08:06:02.044+0000] {processor.py:183} INFO - Processing /home/airflow/.local/lib/python3.8/site-packages/airflow/example_dags/example_sla_dag.py took 0.180 seconds
[2024-04-02T08:06:32.224+0000] {processor.py:161} INFO - Started process (PID=410) to work on /home/airflow/.local/lib/python3.8/site-packages/airflow/example_dags/example_sla_dag.py
[2024-04-02T08:06:32.226+0000] {processor.py:830} INFO - Processing file /home/airflow/.local/lib/python3.8/site-packages/airflow/example_dags/example_sla_dag.py for tasks to queue
[2024-04-02T08:06:32.229+0000] {logging_mixin.py:188} INFO - [2024-04-02T08:06:32.228+0000] {dagbag.py:540} INFO - Filling up the DagBag from /home/airflow/.local/lib/python3.8/site-packages/airflow/example_dags/example_sla_dag.py
[2024-04-02T08:06:32.241+0000] {processor.py:840} INFO - DAG(s) 'example_sla_dag' retrieved from /home/airflow/.local/lib/python3.8/site-packages/airflow/example_dags/example_sla_dag.py
[2024-04-02T08:06:32.272+0000] {logging_mixin.py:188} INFO - [2024-04-02T08:06:32.272+0000] {dag.py:3047} INFO - Sync 1 DAGs
[2024-04-02T08:06:32.312+0000] {logging_mixin.py:188} INFO - [2024-04-02T08:06:32.312+0000] {dag.py:3834} INFO - Setting next_dagrun for example_sla_dag to 2024-04-02 08:04:00+00:00, run_after=2024-04-02 08:06:00+00:00
[2024-04-02T08:06:32.349+0000] {processor.py:183} INFO - Processing /home/airflow/.local/lib/python3.8/site-packages/airflow/example_dags/example_sla_dag.py took 0.129 seconds
[2024-04-02T08:07:02.620+0000] {processor.py:161} INFO - Started process (PID=466) to work on /home/airflow/.local/lib/python3.8/site-packages/airflow/example_dags/example_sla_dag.py
[2024-04-02T08:07:02.622+0000] {processor.py:830} INFO - Processing file /home/airflow/.local/lib/python3.8/site-packages/airflow/example_dags/example_sla_dag.py for tasks to queue
[2024-04-02T08:07:02.624+0000] {logging_mixin.py:188} INFO - [2024-04-02T08:07:02.623+0000] {dagbag.py:540} INFO - Filling up the DagBag from /home/airflow/.local/lib/python3.8/site-packages/airflow/example_dags/example_sla_dag.py
[2024-04-02T08:07:02.634+0000] {processor.py:840} INFO - DAG(s) 'example_sla_dag' retrieved from /home/airflow/.local/lib/python3.8/site-packages/airflow/example_dags/example_sla_dag.py
[2024-04-02T08:07:02.665+0000] {logging_mixin.py:188} INFO - [2024-04-02T08:07:02.665+0000] {dag.py:3047} INFO - Sync 1 DAGs
[2024-04-02T08:07:02.705+0000] {logging_mixin.py:188} INFO - [2024-04-02T08:07:02.705+0000] {dag.py:3834} INFO - Setting next_dagrun for example_sla_dag to 2024-04-02 08:04:00+00:00, run_after=2024-04-02 08:06:00+00:00
[2024-04-02T08:07:02.743+0000] {processor.py:183} INFO - Processing /home/airflow/.local/lib/python3.8/site-packages/airflow/example_dags/example_sla_dag.py took 0.128 seconds
[2024-04-02T08:07:33.646+0000] {processor.py:161} INFO - Started process (PID=522) to work on /home/airflow/.local/lib/python3.8/site-packages/airflow/example_dags/example_sla_dag.py
[2024-04-02T08:07:33.648+0000] {processor.py:830} INFO - Processing file /home/airflow/.local/lib/python3.8/site-packages/airflow/example_dags/example_sla_dag.py for tasks to queue
[2024-04-02T08:07:33.650+0000] {logging_mixin.py:188} INFO - [2024-04-02T08:07:33.650+0000] {dagbag.py:540} INFO - Filling up the DagBag from /home/airflow/.local/lib/python3.8/site-packages/airflow/example_dags/example_sla_dag.py
[2024-04-02T08:07:33.663+0000] {processor.py:840} INFO - DAG(s) 'example_sla_dag' retrieved from /home/airflow/.local/lib/python3.8/site-packages/airflow/example_dags/example_sla_dag.py
[2024-04-02T08:07:33.689+0000] {logging_mixin.py:188} INFO - [2024-04-02T08:07:33.689+0000] {dag.py:3047} INFO - Sync 1 DAGs
[2024-04-02T08:07:33.729+0000] {logging_mixin.py:188} INFO - [2024-04-02T08:07:33.729+0000] {dag.py:3834} INFO - Setting next_dagrun for example_sla_dag to 2024-04-02 08:04:00+00:00, run_after=2024-04-02 08:06:00+00:00
[2024-04-02T08:07:33.762+0000] {processor.py:183} INFO - Processing /home/airflow/.local/lib/python3.8/site-packages/airflow/example_dags/example_sla_dag.py took 0.119 seconds
[2024-04-02T08:08:04.454+0000] {processor.py:161} INFO - Started process (PID=578) to work on /home/airflow/.local/lib/python3.8/site-packages/airflow/example_dags/example_sla_dag.py
[2024-04-02T08:08:04.456+0000] {processor.py:830} INFO - Processing file /home/airflow/.local/lib/python3.8/site-packages/airflow/example_dags/example_sla_dag.py for tasks to queue
[2024-04-02T08:08:04.459+0000] {logging_mixin.py:188} INFO - [2024-04-02T08:08:04.459+0000] {dagbag.py:540} INFO - Filling up the DagBag from /home/airflow/.local/lib/python3.8/site-packages/airflow/example_dags/example_sla_dag.py
[2024-04-02T08:08:04.473+0000] {processor.py:840} INFO - DAG(s) 'example_sla_dag' retrieved from /home/airflow/.local/lib/python3.8/site-packages/airflow/example_dags/example_sla_dag.py
[2024-04-02T08:08:04.503+0000] {logging_mixin.py:188} INFO - [2024-04-02T08:08:04.502+0000] {dag.py:3047} INFO - Sync 1 DAGs
[2024-04-02T08:08:04.543+0000] {logging_mixin.py:188} INFO - [2024-04-02T08:08:04.543+0000] {dag.py:3834} INFO - Setting next_dagrun for example_sla_dag to 2024-04-02 08:06:00+00:00, run_after=2024-04-02 08:08:00+00:00
[2024-04-02T08:08:04.576+0000] {processor.py:183} INFO - Processing /home/airflow/.local/lib/python3.8/site-packages/airflow/example_dags/example_sla_dag.py took 0.126 seconds
[2024-04-02T08:08:34.734+0000] {processor.py:161} INFO - Started process (PID=634) to work on /home/airflow/.local/lib/python3.8/site-packages/airflow/example_dags/example_sla_dag.py
[2024-04-02T08:08:34.735+0000] {processor.py:830} INFO - Processing file /home/airflow/.local/lib/python3.8/site-packages/airflow/example_dags/example_sla_dag.py for tasks to queue
[2024-04-02T08:08:34.739+0000] {logging_mixin.py:188} INFO - [2024-04-02T08:08:34.738+0000] {dagbag.py:540} INFO - Filling up the DagBag from /home/airflow/.local/lib/python3.8/site-packages/airflow/example_dags/example_sla_dag.py
[2024-04-02T08:08:34.751+0000] {processor.py:840} INFO - DAG(s) 'example_sla_dag' retrieved from /home/airflow/.local/lib/python3.8/site-packages/airflow/example_dags/example_sla_dag.py
[2024-04-02T08:08:34.794+0000] {logging_mixin.py:188} INFO - [2024-04-02T08:08:34.793+0000] {dag.py:3047} INFO - Sync 1 DAGs
[2024-04-02T08:08:34.837+0000] {logging_mixin.py:188} INFO - [2024-04-02T08:08:34.836+0000] {dag.py:3834} INFO - Setting next_dagrun for example_sla_dag to 2024-04-02 08:06:00+00:00, run_after=2024-04-02 08:08:00+00:00
[2024-04-02T08:08:34.877+0000] {processor.py:183} INFO - Processing /home/airflow/.local/lib/python3.8/site-packages/airflow/example_dags/example_sla_dag.py took 0.146 seconds
[2024-04-02T08:09:05.116+0000] {processor.py:161} INFO - Started process (PID=690) to work on /home/airflow/.local/lib/python3.8/site-packages/airflow/example_dags/example_sla_dag.py
[2024-04-02T08:09:05.117+0000] {processor.py:830} INFO - Processing file /home/airflow/.local/lib/python3.8/site-packages/airflow/example_dags/example_sla_dag.py for tasks to queue
[2024-04-02T08:09:05.119+0000] {logging_mixin.py:188} INFO - [2024-04-02T08:09:05.119+0000] {dagbag.py:540} INFO - Filling up the DagBag from /home/airflow/.local/lib/python3.8/site-packages/airflow/example_dags/example_sla_dag.py
[2024-04-02T08:09:05.131+0000] {processor.py:840} INFO - DAG(s) 'example_sla_dag' retrieved from /home/airflow/.local/lib/python3.8/site-packages/airflow/example_dags/example_sla_dag.py
[2024-04-02T08:09:05.160+0000] {logging_mixin.py:188} INFO - [2024-04-02T08:09:05.160+0000] {dag.py:3047} INFO - Sync 1 DAGs
[2024-04-02T08:09:05.198+0000] {logging_mixin.py:188} INFO - [2024-04-02T08:09:05.198+0000] {dag.py:3834} INFO - Setting next_dagrun for example_sla_dag to 2024-04-02 08:06:00+00:00, run_after=2024-04-02 08:08:00+00:00
[2024-04-02T08:09:05.232+0000] {processor.py:183} INFO - Processing /home/airflow/.local/lib/python3.8/site-packages/airflow/example_dags/example_sla_dag.py took 0.120 seconds
[2024-04-02T08:09:35.711+0000] {processor.py:161} INFO - Started process (PID=746) to work on /home/airflow/.local/lib/python3.8/site-packages/airflow/example_dags/example_sla_dag.py
[2024-04-02T08:09:35.713+0000] {processor.py:830} INFO - Processing file /home/airflow/.local/lib/python3.8/site-packages/airflow/example_dags/example_sla_dag.py for tasks to queue
[2024-04-02T08:09:35.716+0000] {logging_mixin.py:188} INFO - [2024-04-02T08:09:35.715+0000] {dagbag.py:540} INFO - Filling up the DagBag from /home/airflow/.local/lib/python3.8/site-packages/airflow/example_dags/example_sla_dag.py
[2024-04-02T08:09:35.732+0000] {processor.py:840} INFO - DAG(s) 'example_sla_dag' retrieved from /home/airflow/.local/lib/python3.8/site-packages/airflow/example_dags/example_sla_dag.py
[2024-04-02T08:09:35.766+0000] {logging_mixin.py:188} INFO - [2024-04-02T08:09:35.766+0000] {dag.py:3047} INFO - Sync 1 DAGs
[2024-04-02T08:09:35.806+0000] {logging_mixin.py:188} INFO - [2024-04-02T08:09:35.806+0000] {dag.py:3834} INFO - Setting next_dagrun for example_sla_dag to 2024-04-02 08:06:00+00:00, run_after=2024-04-02 08:08:00+00:00
[2024-04-02T08:09:35.840+0000] {processor.py:183} INFO - Processing /home/airflow/.local/lib/python3.8/site-packages/airflow/example_dags/example_sla_dag.py took 0.133 seconds
[2024-04-02T08:10:06.052+0000] {processor.py:161} INFO - Started process (PID=802) to work on /home/airflow/.local/lib/python3.8/site-packages/airflow/example_dags/example_sla_dag.py
[2024-04-02T08:10:06.054+0000] {processor.py:830} INFO - Processing file /home/airflow/.local/lib/python3.8/site-packages/airflow/example_dags/example_sla_dag.py for tasks to queue
[2024-04-02T08:10:06.060+0000] {logging_mixin.py:188} INFO - [2024-04-02T08:10:06.059+0000] {dagbag.py:540} INFO - Filling up the DagBag from /home/airflow/.local/lib/python3.8/site-packages/airflow/example_dags/example_sla_dag.py
[2024-04-02T08:10:06.082+0000] {processor.py:840} INFO - DAG(s) 'example_sla_dag' retrieved from /home/airflow/.local/lib/python3.8/site-packages/airflow/example_dags/example_sla_dag.py
[2024-04-02T08:10:06.117+0000] {logging_mixin.py:188} INFO - [2024-04-02T08:10:06.116+0000] {dag.py:3047} INFO - Sync 1 DAGs
[2024-04-02T08:10:06.159+0000] {logging_mixin.py:188} INFO - [2024-04-02T08:10:06.159+0000] {dag.py:3834} INFO - Setting next_dagrun for example_sla_dag to 2024-04-02 08:08:00+00:00, run_after=2024-04-02 08:10:00+00:00
[2024-04-02T08:10:06.197+0000] {processor.py:183} INFO - Processing /home/airflow/.local/lib/python3.8/site-packages/airflow/example_dags/example_sla_dag.py took 0.151 seconds
[2024-04-02T08:10:36.749+0000] {processor.py:161} INFO - Started process (PID=858) to work on /home/airflow/.local/lib/python3.8/site-packages/airflow/example_dags/example_sla_dag.py
[2024-04-02T08:10:36.751+0000] {processor.py:830} INFO - Processing file /home/airflow/.local/lib/python3.8/site-packages/airflow/example_dags/example_sla_dag.py for tasks to queue
[2024-04-02T08:10:36.753+0000] {logging_mixin.py:188} INFO - [2024-04-02T08:10:36.753+0000] {dagbag.py:540} INFO - Filling up the DagBag from /home/airflow/.local/lib/python3.8/site-packages/airflow/example_dags/example_sla_dag.py
[2024-04-02T08:10:36.765+0000] {processor.py:840} INFO - DAG(s) 'example_sla_dag' retrieved from /home/airflow/.local/lib/python3.8/site-packages/airflow/example_dags/example_sla_dag.py
[2024-04-02T08:10:36.793+0000] {logging_mixin.py:188} INFO - [2024-04-02T08:10:36.793+0000] {dag.py:3047} INFO - Sync 1 DAGs
[2024-04-02T08:10:36.833+0000] {logging_mixin.py:188} INFO - [2024-04-02T08:10:36.833+0000] {dag.py:3834} INFO - Setting next_dagrun for example_sla_dag to 2024-04-02 08:08:00+00:00, run_after=2024-04-02 08:10:00+00:00
[2024-04-02T08:10:36.866+0000] {processor.py:183} INFO - Processing /home/airflow/.local/lib/python3.8/site-packages/airflow/example_dags/example_sla_dag.py took 0.120 seconds
[2024-04-02T08:11:07.185+0000] {processor.py:161} INFO - Started process (PID=914) to work on /home/airflow/.local/lib/python3.8/site-packages/airflow/example_dags/example_sla_dag.py
[2024-04-02T08:11:07.187+0000] {processor.py:830} INFO - Processing file /home/airflow/.local/lib/python3.8/site-packages/airflow/example_dags/example_sla_dag.py for tasks to queue
[2024-04-02T08:11:07.189+0000] {logging_mixin.py:188} INFO - [2024-04-02T08:11:07.189+0000] {dagbag.py:540} INFO - Filling up the DagBag from /home/airflow/.local/lib/python3.8/site-packages/airflow/example_dags/example_sla_dag.py
[2024-04-02T08:11:07.202+0000] {processor.py:840} INFO - DAG(s) 'example_sla_dag' retrieved from /home/airflow/.local/lib/python3.8/site-packages/airflow/example_dags/example_sla_dag.py
[2024-04-02T08:11:07.231+0000] {logging_mixin.py:188} INFO - [2024-04-02T08:11:07.230+0000] {dag.py:3047} INFO - Sync 1 DAGs
[2024-04-02T08:11:07.277+0000] {logging_mixin.py:188} INFO - [2024-04-02T08:11:07.277+0000] {dag.py:3834} INFO - Setting next_dagrun for example_sla_dag to 2024-04-02 08:08:00+00:00, run_after=2024-04-02 08:10:00+00:00
[2024-04-02T08:11:07.312+0000] {processor.py:183} INFO - Processing /home/airflow/.local/lib/python3.8/site-packages/airflow/example_dags/example_sla_dag.py took 0.131 seconds
[2024-04-02T08:11:37.867+0000] {processor.py:161} INFO - Started process (PID=970) to work on /home/airflow/.local/lib/python3.8/site-packages/airflow/example_dags/example_sla_dag.py
[2024-04-02T08:11:37.869+0000] {processor.py:830} INFO - Processing file /home/airflow/.local/lib/python3.8/site-packages/airflow/example_dags/example_sla_dag.py for tasks to queue
[2024-04-02T08:11:37.872+0000] {logging_mixin.py:188} INFO - [2024-04-02T08:11:37.872+0000] {dagbag.py:540} INFO - Filling up the DagBag from /home/airflow/.local/lib/python3.8/site-packages/airflow/example_dags/example_sla_dag.py
[2024-04-02T08:11:37.889+0000] {processor.py:840} INFO - DAG(s) 'example_sla_dag' retrieved from /home/airflow/.local/lib/python3.8/site-packages/airflow/example_dags/example_sla_dag.py
[2024-04-02T08:11:37.923+0000] {logging_mixin.py:188} INFO - [2024-04-02T08:11:37.923+0000] {dag.py:3047} INFO - Sync 1 DAGs
[2024-04-02T08:11:37.964+0000] {logging_mixin.py:188} INFO - [2024-04-02T08:11:37.964+0000] {dag.py:3834} INFO - Setting next_dagrun for example_sla_dag to 2024-04-02 08:08:00+00:00, run_after=2024-04-02 08:10:00+00:00
[2024-04-02T08:11:37.997+0000] {processor.py:183} INFO - Processing /home/airflow/.local/lib/python3.8/site-packages/airflow/example_dags/example_sla_dag.py took 0.136 seconds
[2024-04-02T08:12:08.366+0000] {processor.py:161} INFO - Started process (PID=1026) to work on /home/airflow/.local/lib/python3.8/site-packages/airflow/example_dags/example_sla_dag.py
[2024-04-02T08:12:08.368+0000] {processor.py:830} INFO - Processing file /home/airflow/.local/lib/python3.8/site-packages/airflow/example_dags/example_sla_dag.py for tasks to queue
[2024-04-02T08:12:08.371+0000] {logging_mixin.py:188} INFO - [2024-04-02T08:12:08.371+0000] {dagbag.py:540} INFO - Filling up the DagBag from /home/airflow/.local/lib/python3.8/site-packages/airflow/example_dags/example_sla_dag.py
[2024-04-02T08:12:08.389+0000] {processor.py:840} INFO - DAG(s) 'example_sla_dag' retrieved from /home/airflow/.local/lib/python3.8/site-packages/airflow/example_dags/example_sla_dag.py
[2024-04-02T08:12:08.416+0000] {logging_mixin.py:188} INFO - [2024-04-02T08:12:08.415+0000] {dag.py:3047} INFO - Sync 1 DAGs
[2024-04-02T08:12:08.452+0000] {logging_mixin.py:188} INFO - [2024-04-02T08:12:08.451+0000] {dag.py:3834} INFO - Setting next_dagrun for example_sla_dag to 2024-04-02 08:10:00+00:00, run_after=2024-04-02 08:12:00+00:00
[2024-04-02T08:12:08.487+0000] {processor.py:183} INFO - Processing /home/airflow/.local/lib/python3.8/site-packages/airflow/example_dags/example_sla_dag.py took 0.128 seconds
[2024-04-02T08:12:39.829+0000] {processor.py:161} INFO - Started process (PID=1082) to work on /home/airflow/.local/lib/python3.8/site-packages/airflow/example_dags/example_sla_dag.py
[2024-04-02T08:12:39.831+0000] {processor.py:830} INFO - Processing file /home/airflow/.local/lib/python3.8/site-packages/airflow/example_dags/example_sla_dag.py for tasks to queue
[2024-04-02T08:12:39.834+0000] {logging_mixin.py:188} INFO - [2024-04-02T08:12:39.834+0000] {dagbag.py:540} INFO - Filling up the DagBag from /home/airflow/.local/lib/python3.8/site-packages/airflow/example_dags/example_sla_dag.py
[2024-04-02T08:12:39.849+0000] {processor.py:840} INFO - DAG(s) 'example_sla_dag' retrieved from /home/airflow/.local/lib/python3.8/site-packages/airflow/example_dags/example_sla_dag.py
[2024-04-02T08:12:39.886+0000] {logging_mixin.py:188} INFO - [2024-04-02T08:12:39.885+0000] {dag.py:3047} INFO - Sync 1 DAGs
[2024-04-02T08:12:39.931+0000] {logging_mixin.py:188} INFO - [2024-04-02T08:12:39.931+0000] {dag.py:3834} INFO - Setting next_dagrun for example_sla_dag to 2024-04-02 08:10:00+00:00, run_after=2024-04-02 08:12:00+00:00
[2024-04-02T08:12:39.983+0000] {processor.py:183} INFO - Processing /home/airflow/.local/lib/python3.8/site-packages/airflow/example_dags/example_sla_dag.py took 0.159 seconds
[2024-04-02T08:13:10.782+0000] {processor.py:161} INFO - Started process (PID=1138) to work on /home/airflow/.local/lib/python3.8/site-packages/airflow/example_dags/example_sla_dag.py
[2024-04-02T08:13:10.783+0000] {processor.py:830} INFO - Processing file /home/airflow/.local/lib/python3.8/site-packages/airflow/example_dags/example_sla_dag.py for tasks to queue
[2024-04-02T08:13:10.785+0000] {logging_mixin.py:188} INFO - [2024-04-02T08:13:10.785+0000] {dagbag.py:540} INFO - Filling up the DagBag from /home/airflow/.local/lib/python3.8/site-packages/airflow/example_dags/example_sla_dag.py
[2024-04-02T08:13:10.797+0000] {processor.py:840} INFO - DAG(s) 'example_sla_dag' retrieved from /home/airflow/.local/lib/python3.8/site-packages/airflow/example_dags/example_sla_dag.py
[2024-04-02T08:13:10.832+0000] {logging_mixin.py:188} INFO - [2024-04-02T08:13:10.831+0000] {dag.py:3047} INFO - Sync 1 DAGs
[2024-04-02T08:13:10.881+0000] {logging_mixin.py:188} INFO - [2024-04-02T08:13:10.880+0000] {dag.py:3834} INFO - Setting next_dagrun for example_sla_dag to 2024-04-02 08:10:00+00:00, run_after=2024-04-02 08:12:00+00:00
[2024-04-02T08:13:10.923+0000] {processor.py:183} INFO - Processing /home/airflow/.local/lib/python3.8/site-packages/airflow/example_dags/example_sla_dag.py took 0.144 seconds
[2024-04-02T08:13:41.135+0000] {processor.py:161} INFO - Started process (PID=1194) to work on /home/airflow/.local/lib/python3.8/site-packages/airflow/example_dags/example_sla_dag.py
[2024-04-02T08:13:41.136+0000] {processor.py:830} INFO - Processing file /home/airflow/.local/lib/python3.8/site-packages/airflow/example_dags/example_sla_dag.py for tasks to queue
[2024-04-02T08:13:41.139+0000] {logging_mixin.py:188} INFO - [2024-04-02T08:13:41.138+0000] {dagbag.py:540} INFO - Filling up the DagBag from /home/airflow/.local/lib/python3.8/site-packages/airflow/example_dags/example_sla_dag.py
[2024-04-02T08:13:41.151+0000] {processor.py:840} INFO - DAG(s) 'example_sla_dag' retrieved from /home/airflow/.local/lib/python3.8/site-packages/airflow/example_dags/example_sla_dag.py
[2024-04-02T08:13:41.178+0000] {logging_mixin.py:188} INFO - [2024-04-02T08:13:41.177+0000] {dag.py:3047} INFO - Sync 1 DAGs
[2024-04-02T08:13:41.221+0000] {logging_mixin.py:188} INFO - [2024-04-02T08:13:41.221+0000] {dag.py:3834} INFO - Setting next_dagrun for example_sla_dag to 2024-04-02 08:10:00+00:00, run_after=2024-04-02 08:12:00+00:00
[2024-04-02T08:13:41.256+0000] {processor.py:183} INFO - Processing /home/airflow/.local/lib/python3.8/site-packages/airflow/example_dags/example_sla_dag.py took 0.126 seconds
[2024-04-02T08:16:55.121+0000] {processor.py:161} INFO - Started process (PID=68) to work on /home/airflow/.local/lib/python3.8/site-packages/airflow/example_dags/example_sla_dag.py
[2024-04-02T08:16:55.161+0000] {processor.py:830} INFO - Processing file /home/airflow/.local/lib/python3.8/site-packages/airflow/example_dags/example_sla_dag.py for tasks to queue
[2024-04-02T08:16:55.165+0000] {logging_mixin.py:188} INFO - [2024-04-02T08:16:55.164+0000] {dagbag.py:540} INFO - Filling up the DagBag from /home/airflow/.local/lib/python3.8/site-packages/airflow/example_dags/example_sla_dag.py
[2024-04-02T08:16:55.198+0000] {processor.py:840} INFO - DAG(s) 'example_sla_dag' retrieved from /home/airflow/.local/lib/python3.8/site-packages/airflow/example_dags/example_sla_dag.py
[2024-04-02T08:16:55.470+0000] {logging_mixin.py:188} INFO - [2024-04-02T08:16:55.469+0000] {dag.py:3047} INFO - Sync 1 DAGs
[2024-04-02T08:16:55.574+0000] {logging_mixin.py:188} INFO - [2024-04-02T08:16:55.573+0000] {dag.py:3834} INFO - Setting next_dagrun for example_sla_dag to 2024-04-02 08:14:00+00:00, run_after=2024-04-02 08:16:00+00:00
[2024-04-02T08:16:55.667+0000] {processor.py:183} INFO - Processing /home/airflow/.local/lib/python3.8/site-packages/airflow/example_dags/example_sla_dag.py took 0.556 seconds
[2024-04-02T08:17:26.397+0000] {processor.py:161} INFO - Started process (PID=124) to work on /home/airflow/.local/lib/python3.8/site-packages/airflow/example_dags/example_sla_dag.py
[2024-04-02T08:17:26.399+0000] {processor.py:830} INFO - Processing file /home/airflow/.local/lib/python3.8/site-packages/airflow/example_dags/example_sla_dag.py for tasks to queue
[2024-04-02T08:17:26.404+0000] {logging_mixin.py:188} INFO - [2024-04-02T08:17:26.402+0000] {dagbag.py:540} INFO - Filling up the DagBag from /home/airflow/.local/lib/python3.8/site-packages/airflow/example_dags/example_sla_dag.py
[2024-04-02T08:17:26.431+0000] {processor.py:840} INFO - DAG(s) 'example_sla_dag' retrieved from /home/airflow/.local/lib/python3.8/site-packages/airflow/example_dags/example_sla_dag.py
[2024-04-02T08:17:26.504+0000] {logging_mixin.py:188} INFO - [2024-04-02T08:17:26.504+0000] {dag.py:3047} INFO - Sync 1 DAGs
[2024-04-02T08:17:26.614+0000] {logging_mixin.py:188} INFO - [2024-04-02T08:17:26.612+0000] {dag.py:3834} INFO - Setting next_dagrun for example_sla_dag to 2024-04-02 08:14:00+00:00, run_after=2024-04-02 08:16:00+00:00
[2024-04-02T08:17:26.709+0000] {processor.py:183} INFO - Processing /home/airflow/.local/lib/python3.8/site-packages/airflow/example_dags/example_sla_dag.py took 0.319 seconds
[2024-04-02T08:17:57.294+0000] {processor.py:161} INFO - Started process (PID=180) to work on /home/airflow/.local/lib/python3.8/site-packages/airflow/example_dags/example_sla_dag.py
[2024-04-02T08:17:57.296+0000] {processor.py:830} INFO - Processing file /home/airflow/.local/lib/python3.8/site-packages/airflow/example_dags/example_sla_dag.py for tasks to queue
[2024-04-02T08:17:57.298+0000] {logging_mixin.py:188} INFO - [2024-04-02T08:17:57.298+0000] {dagbag.py:540} INFO - Filling up the DagBag from /home/airflow/.local/lib/python3.8/site-packages/airflow/example_dags/example_sla_dag.py
[2024-04-02T08:17:57.309+0000] {processor.py:840} INFO - DAG(s) 'example_sla_dag' retrieved from /home/airflow/.local/lib/python3.8/site-packages/airflow/example_dags/example_sla_dag.py
[2024-04-02T08:17:57.339+0000] {logging_mixin.py:188} INFO - [2024-04-02T08:17:57.339+0000] {dag.py:3047} INFO - Sync 1 DAGs
[2024-04-02T08:17:57.383+0000] {logging_mixin.py:188} INFO - [2024-04-02T08:17:57.382+0000] {dag.py:3834} INFO - Setting next_dagrun for example_sla_dag to 2024-04-02 08:14:00+00:00, run_after=2024-04-02 08:16:00+00:00
[2024-04-02T08:17:57.422+0000] {processor.py:183} INFO - Processing /home/airflow/.local/lib/python3.8/site-packages/airflow/example_dags/example_sla_dag.py took 0.131 seconds
[2024-04-02T08:18:27.655+0000] {processor.py:161} INFO - Started process (PID=236) to work on /home/airflow/.local/lib/python3.8/site-packages/airflow/example_dags/example_sla_dag.py
[2024-04-02T08:18:27.657+0000] {processor.py:830} INFO - Processing file /home/airflow/.local/lib/python3.8/site-packages/airflow/example_dags/example_sla_dag.py for tasks to queue
[2024-04-02T08:18:27.659+0000] {logging_mixin.py:188} INFO - [2024-04-02T08:18:27.659+0000] {dagbag.py:540} INFO - Filling up the DagBag from /home/airflow/.local/lib/python3.8/site-packages/airflow/example_dags/example_sla_dag.py
[2024-04-02T08:18:27.671+0000] {processor.py:840} INFO - DAG(s) 'example_sla_dag' retrieved from /home/airflow/.local/lib/python3.8/site-packages/airflow/example_dags/example_sla_dag.py
[2024-04-02T08:18:27.699+0000] {logging_mixin.py:188} INFO - [2024-04-02T08:18:27.698+0000] {dag.py:3047} INFO - Sync 1 DAGs
[2024-04-02T08:18:27.736+0000] {logging_mixin.py:188} INFO - [2024-04-02T08:18:27.735+0000] {dag.py:3834} INFO - Setting next_dagrun for example_sla_dag to 2024-04-02 08:16:00+00:00, run_after=2024-04-02 08:18:00+00:00
[2024-04-02T08:18:27.772+0000] {processor.py:183} INFO - Processing /home/airflow/.local/lib/python3.8/site-packages/airflow/example_dags/example_sla_dag.py took 0.120 seconds
[2024-04-02T08:18:57.946+0000] {processor.py:161} INFO - Started process (PID=292) to work on /home/airflow/.local/lib/python3.8/site-packages/airflow/example_dags/example_sla_dag.py
[2024-04-02T08:18:57.957+0000] {processor.py:830} INFO - Processing file /home/airflow/.local/lib/python3.8/site-packages/airflow/example_dags/example_sla_dag.py for tasks to queue
[2024-04-02T08:18:57.961+0000] {logging_mixin.py:188} INFO - [2024-04-02T08:18:57.960+0000] {dagbag.py:540} INFO - Filling up the DagBag from /home/airflow/.local/lib/python3.8/site-packages/airflow/example_dags/example_sla_dag.py
[2024-04-02T08:18:57.979+0000] {processor.py:840} INFO - DAG(s) 'example_sla_dag' retrieved from /home/airflow/.local/lib/python3.8/site-packages/airflow/example_dags/example_sla_dag.py
[2024-04-02T08:18:58.015+0000] {logging_mixin.py:188} INFO - [2024-04-02T08:18:58.014+0000] {dag.py:3047} INFO - Sync 1 DAGs
[2024-04-02T08:18:58.066+0000] {logging_mixin.py:188} INFO - [2024-04-02T08:18:58.065+0000] {dag.py:3834} INFO - Setting next_dagrun for example_sla_dag to 2024-04-02 08:16:00+00:00, run_after=2024-04-02 08:18:00+00:00
[2024-04-02T08:18:58.171+0000] {processor.py:183} INFO - Processing /home/airflow/.local/lib/python3.8/site-packages/airflow/example_dags/example_sla_dag.py took 0.231 seconds
[2024-04-02T08:19:28.235+0000] {processor.py:161} INFO - Started process (PID=348) to work on /home/airflow/.local/lib/python3.8/site-packages/airflow/example_dags/example_sla_dag.py
[2024-04-02T08:19:28.236+0000] {processor.py:830} INFO - Processing file /home/airflow/.local/lib/python3.8/site-packages/airflow/example_dags/example_sla_dag.py for tasks to queue
[2024-04-02T08:19:28.240+0000] {logging_mixin.py:188} INFO - [2024-04-02T08:19:28.239+0000] {dagbag.py:540} INFO - Filling up the DagBag from /home/airflow/.local/lib/python3.8/site-packages/airflow/example_dags/example_sla_dag.py
[2024-04-02T08:19:28.252+0000] {processor.py:840} INFO - DAG(s) 'example_sla_dag' retrieved from /home/airflow/.local/lib/python3.8/site-packages/airflow/example_dags/example_sla_dag.py
[2024-04-02T08:19:28.280+0000] {logging_mixin.py:188} INFO - [2024-04-02T08:19:28.280+0000] {dag.py:3047} INFO - Sync 1 DAGs
[2024-04-02T08:19:28.322+0000] {logging_mixin.py:188} INFO - [2024-04-02T08:19:28.321+0000] {dag.py:3834} INFO - Setting next_dagrun for example_sla_dag to 2024-04-02 08:16:00+00:00, run_after=2024-04-02 08:18:00+00:00
[2024-04-02T08:19:28.364+0000] {processor.py:183} INFO - Processing /home/airflow/.local/lib/python3.8/site-packages/airflow/example_dags/example_sla_dag.py took 0.133 seconds
[2024-04-02T08:19:58.563+0000] {processor.py:161} INFO - Started process (PID=404) to work on /home/airflow/.local/lib/python3.8/site-packages/airflow/example_dags/example_sla_dag.py
[2024-04-02T08:19:58.565+0000] {processor.py:830} INFO - Processing file /home/airflow/.local/lib/python3.8/site-packages/airflow/example_dags/example_sla_dag.py for tasks to queue
[2024-04-02T08:19:58.568+0000] {logging_mixin.py:188} INFO - [2024-04-02T08:19:58.568+0000] {dagbag.py:540} INFO - Filling up the DagBag from /home/airflow/.local/lib/python3.8/site-packages/airflow/example_dags/example_sla_dag.py
[2024-04-02T08:19:58.579+0000] {processor.py:840} INFO - DAG(s) 'example_sla_dag' retrieved from /home/airflow/.local/lib/python3.8/site-packages/airflow/example_dags/example_sla_dag.py
[2024-04-02T08:19:58.608+0000] {logging_mixin.py:188} INFO - [2024-04-02T08:19:58.608+0000] {dag.py:3047} INFO - Sync 1 DAGs
[2024-04-02T08:19:58.652+0000] {logging_mixin.py:188} INFO - [2024-04-02T08:19:58.651+0000] {dag.py:3834} INFO - Setting next_dagrun for example_sla_dag to 2024-04-02 08:16:00+00:00, run_after=2024-04-02 08:18:00+00:00
[2024-04-02T08:19:58.691+0000] {processor.py:183} INFO - Processing /home/airflow/.local/lib/python3.8/site-packages/airflow/example_dags/example_sla_dag.py took 0.132 seconds
[2024-04-02T08:20:28.895+0000] {processor.py:161} INFO - Started process (PID=460) to work on /home/airflow/.local/lib/python3.8/site-packages/airflow/example_dags/example_sla_dag.py
[2024-04-02T08:20:28.897+0000] {processor.py:830} INFO - Processing file /home/airflow/.local/lib/python3.8/site-packages/airflow/example_dags/example_sla_dag.py for tasks to queue
[2024-04-02T08:20:28.900+0000] {logging_mixin.py:188} INFO - [2024-04-02T08:20:28.900+0000] {dagbag.py:540} INFO - Filling up the DagBag from /home/airflow/.local/lib/python3.8/site-packages/airflow/example_dags/example_sla_dag.py
[2024-04-02T08:20:28.914+0000] {processor.py:840} INFO - DAG(s) 'example_sla_dag' retrieved from /home/airflow/.local/lib/python3.8/site-packages/airflow/example_dags/example_sla_dag.py
[2024-04-02T08:20:28.948+0000] {logging_mixin.py:188} INFO - [2024-04-02T08:20:28.947+0000] {dag.py:3047} INFO - Sync 1 DAGs
[2024-04-02T08:20:28.999+0000] {logging_mixin.py:188} INFO - [2024-04-02T08:20:28.998+0000] {dag.py:3834} INFO - Setting next_dagrun for example_sla_dag to 2024-04-02 08:18:00+00:00, run_after=2024-04-02 08:20:00+00:00
[2024-04-02T08:20:29.038+0000] {processor.py:183} INFO - Processing /home/airflow/.local/lib/python3.8/site-packages/airflow/example_dags/example_sla_dag.py took 0.146 seconds
[2024-04-02T08:20:59.097+0000] {processor.py:161} INFO - Started process (PID=516) to work on /home/airflow/.local/lib/python3.8/site-packages/airflow/example_dags/example_sla_dag.py
[2024-04-02T08:20:59.098+0000] {processor.py:830} INFO - Processing file /home/airflow/.local/lib/python3.8/site-packages/airflow/example_dags/example_sla_dag.py for tasks to queue
[2024-04-02T08:20:59.101+0000] {logging_mixin.py:188} INFO - [2024-04-02T08:20:59.100+0000] {dagbag.py:540} INFO - Filling up the DagBag from /home/airflow/.local/lib/python3.8/site-packages/airflow/example_dags/example_sla_dag.py
[2024-04-02T08:20:59.114+0000] {processor.py:840} INFO - DAG(s) 'example_sla_dag' retrieved from /home/airflow/.local/lib/python3.8/site-packages/airflow/example_dags/example_sla_dag.py
[2024-04-02T08:20:59.148+0000] {logging_mixin.py:188} INFO - [2024-04-02T08:20:59.147+0000] {dag.py:3047} INFO - Sync 1 DAGs
[2024-04-02T08:20:59.186+0000] {logging_mixin.py:188} INFO - [2024-04-02T08:20:59.185+0000] {dag.py:3834} INFO - Setting next_dagrun for example_sla_dag to 2024-04-02 08:18:00+00:00, run_after=2024-04-02 08:20:00+00:00
[2024-04-02T08:20:59.225+0000] {processor.py:183} INFO - Processing /home/airflow/.local/lib/python3.8/site-packages/airflow/example_dags/example_sla_dag.py took 0.133 seconds
[2024-04-02T08:21:29.412+0000] {processor.py:161} INFO - Started process (PID=572) to work on /home/airflow/.local/lib/python3.8/site-packages/airflow/example_dags/example_sla_dag.py
[2024-04-02T08:21:29.414+0000] {processor.py:830} INFO - Processing file /home/airflow/.local/lib/python3.8/site-packages/airflow/example_dags/example_sla_dag.py for tasks to queue
[2024-04-02T08:21:29.416+0000] {logging_mixin.py:188} INFO - [2024-04-02T08:21:29.416+0000] {dagbag.py:540} INFO - Filling up the DagBag from /home/airflow/.local/lib/python3.8/site-packages/airflow/example_dags/example_sla_dag.py
[2024-04-02T08:21:29.428+0000] {processor.py:840} INFO - DAG(s) 'example_sla_dag' retrieved from /home/airflow/.local/lib/python3.8/site-packages/airflow/example_dags/example_sla_dag.py
[2024-04-02T08:21:29.465+0000] {logging_mixin.py:188} INFO - [2024-04-02T08:21:29.465+0000] {dag.py:3047} INFO - Sync 1 DAGs
[2024-04-02T08:21:29.512+0000] {logging_mixin.py:188} INFO - [2024-04-02T08:21:29.511+0000] {dag.py:3834} INFO - Setting next_dagrun for example_sla_dag to 2024-04-02 08:18:00+00:00, run_after=2024-04-02 08:20:00+00:00
[2024-04-02T08:21:29.546+0000] {processor.py:183} INFO - Processing /home/airflow/.local/lib/python3.8/site-packages/airflow/example_dags/example_sla_dag.py took 0.139 seconds
[2024-04-02T08:21:59.942+0000] {processor.py:161} INFO - Started process (PID=628) to work on /home/airflow/.local/lib/python3.8/site-packages/airflow/example_dags/example_sla_dag.py
[2024-04-02T08:21:59.944+0000] {processor.py:830} INFO - Processing file /home/airflow/.local/lib/python3.8/site-packages/airflow/example_dags/example_sla_dag.py for tasks to queue
[2024-04-02T08:21:59.948+0000] {logging_mixin.py:188} INFO - [2024-04-02T08:21:59.947+0000] {dagbag.py:540} INFO - Filling up the DagBag from /home/airflow/.local/lib/python3.8/site-packages/airflow/example_dags/example_sla_dag.py
[2024-04-02T08:21:59.969+0000] {processor.py:840} INFO - DAG(s) 'example_sla_dag' retrieved from /home/airflow/.local/lib/python3.8/site-packages/airflow/example_dags/example_sla_dag.py
[2024-04-02T08:22:00.004+0000] {logging_mixin.py:188} INFO - [2024-04-02T08:22:00.004+0000] {dag.py:3047} INFO - Sync 1 DAGs
[2024-04-02T08:22:00.077+0000] {logging_mixin.py:188} INFO - [2024-04-02T08:22:00.076+0000] {dag.py:3834} INFO - Setting next_dagrun for example_sla_dag to 2024-04-02 08:20:00+00:00, run_after=2024-04-02 08:22:00+00:00
[2024-04-02T08:22:00.126+0000] {processor.py:183} INFO - Processing /home/airflow/.local/lib/python3.8/site-packages/airflow/example_dags/example_sla_dag.py took 0.189 seconds
[2024-04-02T08:22:30.791+0000] {processor.py:161} INFO - Started process (PID=684) to work on /home/airflow/.local/lib/python3.8/site-packages/airflow/example_dags/example_sla_dag.py
[2024-04-02T08:22:30.793+0000] {processor.py:830} INFO - Processing file /home/airflow/.local/lib/python3.8/site-packages/airflow/example_dags/example_sla_dag.py for tasks to queue
[2024-04-02T08:22:30.795+0000] {logging_mixin.py:188} INFO - [2024-04-02T08:22:30.795+0000] {dagbag.py:540} INFO - Filling up the DagBag from /home/airflow/.local/lib/python3.8/site-packages/airflow/example_dags/example_sla_dag.py
[2024-04-02T08:22:30.807+0000] {processor.py:840} INFO - DAG(s) 'example_sla_dag' retrieved from /home/airflow/.local/lib/python3.8/site-packages/airflow/example_dags/example_sla_dag.py
[2024-04-02T08:22:30.835+0000] {logging_mixin.py:188} INFO - [2024-04-02T08:22:30.835+0000] {dag.py:3047} INFO - Sync 1 DAGs
[2024-04-02T08:22:30.879+0000] {logging_mixin.py:188} INFO - [2024-04-02T08:22:30.878+0000] {dag.py:3834} INFO - Setting next_dagrun for example_sla_dag to 2024-04-02 08:20:00+00:00, run_after=2024-04-02 08:22:00+00:00
[2024-04-02T08:22:30.928+0000] {processor.py:183} INFO - Processing /home/airflow/.local/lib/python3.8/site-packages/airflow/example_dags/example_sla_dag.py took 0.141 seconds
[2024-04-02T08:23:01.116+0000] {processor.py:161} INFO - Started process (PID=740) to work on /home/airflow/.local/lib/python3.8/site-packages/airflow/example_dags/example_sla_dag.py
[2024-04-02T08:23:01.118+0000] {processor.py:830} INFO - Processing file /home/airflow/.local/lib/python3.8/site-packages/airflow/example_dags/example_sla_dag.py for tasks to queue
[2024-04-02T08:23:01.121+0000] {logging_mixin.py:188} INFO - [2024-04-02T08:23:01.120+0000] {dagbag.py:540} INFO - Filling up the DagBag from /home/airflow/.local/lib/python3.8/site-packages/airflow/example_dags/example_sla_dag.py
[2024-04-02T08:23:01.135+0000] {processor.py:840} INFO - DAG(s) 'example_sla_dag' retrieved from /home/airflow/.local/lib/python3.8/site-packages/airflow/example_dags/example_sla_dag.py
[2024-04-02T08:23:01.165+0000] {logging_mixin.py:188} INFO - [2024-04-02T08:23:01.164+0000] {dag.py:3047} INFO - Sync 1 DAGs
[2024-04-02T08:23:01.200+0000] {logging_mixin.py:188} INFO - [2024-04-02T08:23:01.200+0000] {dag.py:3834} INFO - Setting next_dagrun for example_sla_dag to 2024-04-02 08:20:00+00:00, run_after=2024-04-02 08:22:00+00:00
[2024-04-02T08:23:01.233+0000] {processor.py:183} INFO - Processing /home/airflow/.local/lib/python3.8/site-packages/airflow/example_dags/example_sla_dag.py took 0.120 seconds
[2024-04-02T08:23:31.586+0000] {processor.py:161} INFO - Started process (PID=796) to work on /home/airflow/.local/lib/python3.8/site-packages/airflow/example_dags/example_sla_dag.py
[2024-04-02T08:23:31.588+0000] {processor.py:830} INFO - Processing file /home/airflow/.local/lib/python3.8/site-packages/airflow/example_dags/example_sla_dag.py for tasks to queue
[2024-04-02T08:23:31.592+0000] {logging_mixin.py:188} INFO - [2024-04-02T08:23:31.591+0000] {dagbag.py:540} INFO - Filling up the DagBag from /home/airflow/.local/lib/python3.8/site-packages/airflow/example_dags/example_sla_dag.py
[2024-04-02T08:23:31.607+0000] {processor.py:840} INFO - DAG(s) 'example_sla_dag' retrieved from /home/airflow/.local/lib/python3.8/site-packages/airflow/example_dags/example_sla_dag.py
[2024-04-02T08:23:31.640+0000] {logging_mixin.py:188} INFO - [2024-04-02T08:23:31.638+0000] {dag.py:3047} INFO - Sync 1 DAGs
[2024-04-02T08:23:31.692+0000] {logging_mixin.py:188} INFO - [2024-04-02T08:23:31.691+0000] {dag.py:3834} INFO - Setting next_dagrun for example_sla_dag to 2024-04-02 08:20:00+00:00, run_after=2024-04-02 08:22:00+00:00
[2024-04-02T08:23:31.731+0000] {processor.py:183} INFO - Processing /home/airflow/.local/lib/python3.8/site-packages/airflow/example_dags/example_sla_dag.py took 0.151 seconds
[2024-04-02T08:24:02.252+0000] {processor.py:161} INFO - Started process (PID=852) to work on /home/airflow/.local/lib/python3.8/site-packages/airflow/example_dags/example_sla_dag.py
[2024-04-02T08:24:02.254+0000] {processor.py:830} INFO - Processing file /home/airflow/.local/lib/python3.8/site-packages/airflow/example_dags/example_sla_dag.py for tasks to queue
[2024-04-02T08:24:02.257+0000] {logging_mixin.py:188} INFO - [2024-04-02T08:24:02.256+0000] {dagbag.py:540} INFO - Filling up the DagBag from /home/airflow/.local/lib/python3.8/site-packages/airflow/example_dags/example_sla_dag.py
[2024-04-02T08:24:02.270+0000] {processor.py:840} INFO - DAG(s) 'example_sla_dag' retrieved from /home/airflow/.local/lib/python3.8/site-packages/airflow/example_dags/example_sla_dag.py
[2024-04-02T08:24:02.304+0000] {logging_mixin.py:188} INFO - [2024-04-02T08:24:02.303+0000] {dag.py:3047} INFO - Sync 1 DAGs
[2024-04-02T08:24:02.342+0000] {logging_mixin.py:188} INFO - [2024-04-02T08:24:02.342+0000] {dag.py:3834} INFO - Setting next_dagrun for example_sla_dag to 2024-04-02 08:22:00+00:00, run_after=2024-04-02 08:24:00+00:00
[2024-04-02T08:24:02.385+0000] {processor.py:183} INFO - Processing /home/airflow/.local/lib/python3.8/site-packages/airflow/example_dags/example_sla_dag.py took 0.137 seconds
[2024-04-02T08:24:32.662+0000] {processor.py:161} INFO - Started process (PID=908) to work on /home/airflow/.local/lib/python3.8/site-packages/airflow/example_dags/example_sla_dag.py
[2024-04-02T08:24:32.664+0000] {processor.py:830} INFO - Processing file /home/airflow/.local/lib/python3.8/site-packages/airflow/example_dags/example_sla_dag.py for tasks to queue
[2024-04-02T08:24:32.667+0000] {logging_mixin.py:188} INFO - [2024-04-02T08:24:32.666+0000] {dagbag.py:540} INFO - Filling up the DagBag from /home/airflow/.local/lib/python3.8/site-packages/airflow/example_dags/example_sla_dag.py
[2024-04-02T08:24:32.685+0000] {processor.py:840} INFO - DAG(s) 'example_sla_dag' retrieved from /home/airflow/.local/lib/python3.8/site-packages/airflow/example_dags/example_sla_dag.py
[2024-04-02T08:24:32.719+0000] {logging_mixin.py:188} INFO - [2024-04-02T08:24:32.718+0000] {dag.py:3047} INFO - Sync 1 DAGs
[2024-04-02T08:24:32.786+0000] {logging_mixin.py:188} INFO - [2024-04-02T08:24:32.785+0000] {dag.py:3834} INFO - Setting next_dagrun for example_sla_dag to 2024-04-02 08:22:00+00:00, run_after=2024-04-02 08:24:00+00:00
[2024-04-02T08:24:32.834+0000] {processor.py:183} INFO - Processing /home/airflow/.local/lib/python3.8/site-packages/airflow/example_dags/example_sla_dag.py took 0.177 seconds
[2024-04-02T08:25:02.950+0000] {processor.py:161} INFO - Started process (PID=964) to work on /home/airflow/.local/lib/python3.8/site-packages/airflow/example_dags/example_sla_dag.py
[2024-04-02T08:25:02.951+0000] {processor.py:830} INFO - Processing file /home/airflow/.local/lib/python3.8/site-packages/airflow/example_dags/example_sla_dag.py for tasks to queue
[2024-04-02T08:25:02.954+0000] {logging_mixin.py:188} INFO - [2024-04-02T08:25:02.953+0000] {dagbag.py:540} INFO - Filling up the DagBag from /home/airflow/.local/lib/python3.8/site-packages/airflow/example_dags/example_sla_dag.py
[2024-04-02T08:25:02.966+0000] {processor.py:840} INFO - DAG(s) 'example_sla_dag' retrieved from /home/airflow/.local/lib/python3.8/site-packages/airflow/example_dags/example_sla_dag.py
[2024-04-02T08:25:03.000+0000] {logging_mixin.py:188} INFO - [2024-04-02T08:25:03.000+0000] {dag.py:3047} INFO - Sync 1 DAGs
[2024-04-02T08:25:03.042+0000] {logging_mixin.py:188} INFO - [2024-04-02T08:25:03.042+0000] {dag.py:3834} INFO - Setting next_dagrun for example_sla_dag to 2024-04-02 08:22:00+00:00, run_after=2024-04-02 08:24:00+00:00
[2024-04-02T08:25:03.075+0000] {processor.py:183} INFO - Processing /home/airflow/.local/lib/python3.8/site-packages/airflow/example_dags/example_sla_dag.py took 0.129 seconds
[2024-04-02T08:25:33.653+0000] {processor.py:161} INFO - Started process (PID=1020) to work on /home/airflow/.local/lib/python3.8/site-packages/airflow/example_dags/example_sla_dag.py
[2024-04-02T08:25:33.654+0000] {processor.py:830} INFO - Processing file /home/airflow/.local/lib/python3.8/site-packages/airflow/example_dags/example_sla_dag.py for tasks to queue
[2024-04-02T08:25:33.657+0000] {logging_mixin.py:188} INFO - [2024-04-02T08:25:33.656+0000] {dagbag.py:540} INFO - Filling up the DagBag from /home/airflow/.local/lib/python3.8/site-packages/airflow/example_dags/example_sla_dag.py
[2024-04-02T08:25:33.668+0000] {processor.py:840} INFO - DAG(s) 'example_sla_dag' retrieved from /home/airflow/.local/lib/python3.8/site-packages/airflow/example_dags/example_sla_dag.py
[2024-04-02T08:25:33.702+0000] {logging_mixin.py:188} INFO - [2024-04-02T08:25:33.700+0000] {dag.py:3047} INFO - Sync 1 DAGs
[2024-04-02T08:25:33.752+0000] {logging_mixin.py:188} INFO - [2024-04-02T08:25:33.751+0000] {dag.py:3834} INFO - Setting next_dagrun for example_sla_dag to 2024-04-02 08:22:00+00:00, run_after=2024-04-02 08:24:00+00:00
[2024-04-02T08:25:33.796+0000] {processor.py:183} INFO - Processing /home/airflow/.local/lib/python3.8/site-packages/airflow/example_dags/example_sla_dag.py took 0.148 seconds
[2024-04-02T08:26:03.853+0000] {processor.py:161} INFO - Started process (PID=1076) to work on /home/airflow/.local/lib/python3.8/site-packages/airflow/example_dags/example_sla_dag.py
[2024-04-02T08:26:03.854+0000] {processor.py:830} INFO - Processing file /home/airflow/.local/lib/python3.8/site-packages/airflow/example_dags/example_sla_dag.py for tasks to queue
[2024-04-02T08:26:03.858+0000] {logging_mixin.py:188} INFO - [2024-04-02T08:26:03.857+0000] {dagbag.py:540} INFO - Filling up the DagBag from /home/airflow/.local/lib/python3.8/site-packages/airflow/example_dags/example_sla_dag.py
[2024-04-02T08:26:03.873+0000] {processor.py:840} INFO - DAG(s) 'example_sla_dag' retrieved from /home/airflow/.local/lib/python3.8/site-packages/airflow/example_dags/example_sla_dag.py
[2024-04-02T08:26:03.915+0000] {logging_mixin.py:188} INFO - [2024-04-02T08:26:03.915+0000] {dag.py:3047} INFO - Sync 1 DAGs
[2024-04-02T08:26:03.974+0000] {logging_mixin.py:188} INFO - [2024-04-02T08:26:03.974+0000] {dag.py:3834} INFO - Setting next_dagrun for example_sla_dag to 2024-04-02 08:24:00+00:00, run_after=2024-04-02 08:26:00+00:00
[2024-04-02T08:26:04.015+0000] {processor.py:183} INFO - Processing /home/airflow/.local/lib/python3.8/site-packages/airflow/example_dags/example_sla_dag.py took 0.167 seconds
[2024-04-02T08:26:34.614+0000] {processor.py:161} INFO - Started process (PID=1132) to work on /home/airflow/.local/lib/python3.8/site-packages/airflow/example_dags/example_sla_dag.py
[2024-04-02T08:26:34.616+0000] {processor.py:830} INFO - Processing file /home/airflow/.local/lib/python3.8/site-packages/airflow/example_dags/example_sla_dag.py for tasks to queue
[2024-04-02T08:26:34.618+0000] {logging_mixin.py:188} INFO - [2024-04-02T08:26:34.618+0000] {dagbag.py:540} INFO - Filling up the DagBag from /home/airflow/.local/lib/python3.8/site-packages/airflow/example_dags/example_sla_dag.py
[2024-04-02T08:26:34.631+0000] {processor.py:840} INFO - DAG(s) 'example_sla_dag' retrieved from /home/airflow/.local/lib/python3.8/site-packages/airflow/example_dags/example_sla_dag.py
[2024-04-02T08:26:34.662+0000] {logging_mixin.py:188} INFO - [2024-04-02T08:26:34.662+0000] {dag.py:3047} INFO - Sync 1 DAGs
[2024-04-02T08:26:34.704+0000] {logging_mixin.py:188} INFO - [2024-04-02T08:26:34.703+0000] {dag.py:3834} INFO - Setting next_dagrun for example_sla_dag to 2024-04-02 08:24:00+00:00, run_after=2024-04-02 08:26:00+00:00
[2024-04-02T08:26:34.738+0000] {processor.py:183} INFO - Processing /home/airflow/.local/lib/python3.8/site-packages/airflow/example_dags/example_sla_dag.py took 0.128 seconds
[2024-04-02T08:27:04.784+0000] {processor.py:161} INFO - Started process (PID=1187) to work on /home/airflow/.local/lib/python3.8/site-packages/airflow/example_dags/example_sla_dag.py
[2024-04-02T08:27:04.785+0000] {processor.py:830} INFO - Processing file /home/airflow/.local/lib/python3.8/site-packages/airflow/example_dags/example_sla_dag.py for tasks to queue
[2024-04-02T08:27:04.790+0000] {logging_mixin.py:188} INFO - [2024-04-02T08:27:04.789+0000] {dagbag.py:540} INFO - Filling up the DagBag from /home/airflow/.local/lib/python3.8/site-packages/airflow/example_dags/example_sla_dag.py
[2024-04-02T08:27:04.804+0000] {processor.py:840} INFO - DAG(s) 'example_sla_dag' retrieved from /home/airflow/.local/lib/python3.8/site-packages/airflow/example_dags/example_sla_dag.py
[2024-04-02T08:27:04.833+0000] {logging_mixin.py:188} INFO - [2024-04-02T08:27:04.832+0000] {dag.py:3047} INFO - Sync 1 DAGs
[2024-04-02T08:27:04.885+0000] {logging_mixin.py:188} INFO - [2024-04-02T08:27:04.882+0000] {dag.py:3834} INFO - Setting next_dagrun for example_sla_dag to 2024-04-02 08:24:00+00:00, run_after=2024-04-02 08:26:00+00:00
[2024-04-02T08:27:04.930+0000] {processor.py:183} INFO - Processing /home/airflow/.local/lib/python3.8/site-packages/airflow/example_dags/example_sla_dag.py took 0.151 seconds
[2024-04-02T08:27:35.217+0000] {processor.py:161} INFO - Started process (PID=1242) to work on /home/airflow/.local/lib/python3.8/site-packages/airflow/example_dags/example_sla_dag.py
[2024-04-02T08:27:35.218+0000] {processor.py:830} INFO - Processing file /home/airflow/.local/lib/python3.8/site-packages/airflow/example_dags/example_sla_dag.py for tasks to queue
[2024-04-02T08:27:35.221+0000] {logging_mixin.py:188} INFO - [2024-04-02T08:27:35.220+0000] {dagbag.py:540} INFO - Filling up the DagBag from /home/airflow/.local/lib/python3.8/site-packages/airflow/example_dags/example_sla_dag.py
[2024-04-02T08:27:35.233+0000] {processor.py:840} INFO - DAG(s) 'example_sla_dag' retrieved from /home/airflow/.local/lib/python3.8/site-packages/airflow/example_dags/example_sla_dag.py
[2024-04-02T08:27:35.264+0000] {logging_mixin.py:188} INFO - [2024-04-02T08:27:35.263+0000] {dag.py:3047} INFO - Sync 1 DAGs
[2024-04-02T08:27:35.299+0000] {logging_mixin.py:188} INFO - [2024-04-02T08:27:35.299+0000] {dag.py:3834} INFO - Setting next_dagrun for example_sla_dag to 2024-04-02 08:24:00+00:00, run_after=2024-04-02 08:26:00+00:00
[2024-04-02T08:27:35.340+0000] {processor.py:183} INFO - Processing /home/airflow/.local/lib/python3.8/site-packages/airflow/example_dags/example_sla_dag.py took 0.127 seconds
[2024-04-02T08:28:05.876+0000] {processor.py:161} INFO - Started process (PID=1298) to work on /home/airflow/.local/lib/python3.8/site-packages/airflow/example_dags/example_sla_dag.py
[2024-04-02T08:28:05.877+0000] {processor.py:830} INFO - Processing file /home/airflow/.local/lib/python3.8/site-packages/airflow/example_dags/example_sla_dag.py for tasks to queue
[2024-04-02T08:28:05.880+0000] {logging_mixin.py:188} INFO - [2024-04-02T08:28:05.880+0000] {dagbag.py:540} INFO - Filling up the DagBag from /home/airflow/.local/lib/python3.8/site-packages/airflow/example_dags/example_sla_dag.py
[2024-04-02T08:28:05.896+0000] {processor.py:840} INFO - DAG(s) 'example_sla_dag' retrieved from /home/airflow/.local/lib/python3.8/site-packages/airflow/example_dags/example_sla_dag.py
[2024-04-02T08:28:05.930+0000] {logging_mixin.py:188} INFO - [2024-04-02T08:28:05.930+0000] {dag.py:3047} INFO - Sync 1 DAGs
[2024-04-02T08:28:05.976+0000] {logging_mixin.py:188} INFO - [2024-04-02T08:28:05.976+0000] {dag.py:3834} INFO - Setting next_dagrun for example_sla_dag to 2024-04-02 08:26:00+00:00, run_after=2024-04-02 08:28:00+00:00
[2024-04-02T08:28:06.016+0000] {processor.py:183} INFO - Processing /home/airflow/.local/lib/python3.8/site-packages/airflow/example_dags/example_sla_dag.py took 0.144 seconds
[2024-04-02T08:28:36.174+0000] {processor.py:161} INFO - Started process (PID=1354) to work on /home/airflow/.local/lib/python3.8/site-packages/airflow/example_dags/example_sla_dag.py
[2024-04-02T08:28:36.175+0000] {processor.py:830} INFO - Processing file /home/airflow/.local/lib/python3.8/site-packages/airflow/example_dags/example_sla_dag.py for tasks to queue
[2024-04-02T08:28:36.178+0000] {logging_mixin.py:188} INFO - [2024-04-02T08:28:36.178+0000] {dagbag.py:540} INFO - Filling up the DagBag from /home/airflow/.local/lib/python3.8/site-packages/airflow/example_dags/example_sla_dag.py
[2024-04-02T08:28:36.195+0000] {processor.py:840} INFO - DAG(s) 'example_sla_dag' retrieved from /home/airflow/.local/lib/python3.8/site-packages/airflow/example_dags/example_sla_dag.py
[2024-04-02T08:28:36.228+0000] {logging_mixin.py:188} INFO - [2024-04-02T08:28:36.228+0000] {dag.py:3047} INFO - Sync 1 DAGs
[2024-04-02T08:28:36.270+0000] {logging_mixin.py:188} INFO - [2024-04-02T08:28:36.269+0000] {dag.py:3834} INFO - Setting next_dagrun for example_sla_dag to 2024-04-02 08:26:00+00:00, run_after=2024-04-02 08:28:00+00:00
[2024-04-02T08:28:36.305+0000] {processor.py:183} INFO - Processing /home/airflow/.local/lib/python3.8/site-packages/airflow/example_dags/example_sla_dag.py took 0.135 seconds
[2024-04-02T08:29:06.378+0000] {processor.py:161} INFO - Started process (PID=1410) to work on /home/airflow/.local/lib/python3.8/site-packages/airflow/example_dags/example_sla_dag.py
[2024-04-02T08:29:06.379+0000] {processor.py:830} INFO - Processing file /home/airflow/.local/lib/python3.8/site-packages/airflow/example_dags/example_sla_dag.py for tasks to queue
[2024-04-02T08:29:06.382+0000] {logging_mixin.py:188} INFO - [2024-04-02T08:29:06.381+0000] {dagbag.py:540} INFO - Filling up the DagBag from /home/airflow/.local/lib/python3.8/site-packages/airflow/example_dags/example_sla_dag.py
[2024-04-02T08:29:06.397+0000] {processor.py:840} INFO - DAG(s) 'example_sla_dag' retrieved from /home/airflow/.local/lib/python3.8/site-packages/airflow/example_dags/example_sla_dag.py
[2024-04-02T08:29:06.428+0000] {logging_mixin.py:188} INFO - [2024-04-02T08:29:06.428+0000] {dag.py:3047} INFO - Sync 1 DAGs
[2024-04-02T08:29:06.470+0000] {logging_mixin.py:188} INFO - [2024-04-02T08:29:06.470+0000] {dag.py:3834} INFO - Setting next_dagrun for example_sla_dag to 2024-04-02 08:26:00+00:00, run_after=2024-04-02 08:28:00+00:00
[2024-04-02T08:29:06.505+0000] {processor.py:183} INFO - Processing /home/airflow/.local/lib/python3.8/site-packages/airflow/example_dags/example_sla_dag.py took 0.132 seconds
[2024-04-02T08:29:36.851+0000] {processor.py:161} INFO - Started process (PID=1464) to work on /home/airflow/.local/lib/python3.8/site-packages/airflow/example_dags/example_sla_dag.py
[2024-04-02T08:29:36.854+0000] {processor.py:830} INFO - Processing file /home/airflow/.local/lib/python3.8/site-packages/airflow/example_dags/example_sla_dag.py for tasks to queue
[2024-04-02T08:29:36.857+0000] {logging_mixin.py:188} INFO - [2024-04-02T08:29:36.856+0000] {dagbag.py:540} INFO - Filling up the DagBag from /home/airflow/.local/lib/python3.8/site-packages/airflow/example_dags/example_sla_dag.py
[2024-04-02T08:29:36.871+0000] {processor.py:840} INFO - DAG(s) 'example_sla_dag' retrieved from /home/airflow/.local/lib/python3.8/site-packages/airflow/example_dags/example_sla_dag.py
[2024-04-02T08:29:36.904+0000] {logging_mixin.py:188} INFO - [2024-04-02T08:29:36.904+0000] {dag.py:3047} INFO - Sync 1 DAGs
[2024-04-02T08:29:36.946+0000] {logging_mixin.py:188} INFO - [2024-04-02T08:29:36.946+0000] {dag.py:3834} INFO - Setting next_dagrun for example_sla_dag to 2024-04-02 08:26:00+00:00, run_after=2024-04-02 08:28:00+00:00
[2024-04-02T08:29:36.983+0000] {processor.py:183} INFO - Processing /home/airflow/.local/lib/python3.8/site-packages/airflow/example_dags/example_sla_dag.py took 0.137 seconds
[2024-04-02T08:30:07.699+0000] {processor.py:161} INFO - Started process (PID=1520) to work on /home/airflow/.local/lib/python3.8/site-packages/airflow/example_dags/example_sla_dag.py
[2024-04-02T08:30:07.702+0000] {processor.py:830} INFO - Processing file /home/airflow/.local/lib/python3.8/site-packages/airflow/example_dags/example_sla_dag.py for tasks to queue
[2024-04-02T08:30:07.706+0000] {logging_mixin.py:188} INFO - [2024-04-02T08:30:07.705+0000] {dagbag.py:540} INFO - Filling up the DagBag from /home/airflow/.local/lib/python3.8/site-packages/airflow/example_dags/example_sla_dag.py
[2024-04-02T08:30:07.726+0000] {processor.py:840} INFO - DAG(s) 'example_sla_dag' retrieved from /home/airflow/.local/lib/python3.8/site-packages/airflow/example_dags/example_sla_dag.py
[2024-04-02T08:30:07.765+0000] {logging_mixin.py:188} INFO - [2024-04-02T08:30:07.764+0000] {dag.py:3047} INFO - Sync 1 DAGs
[2024-04-02T08:30:07.806+0000] {logging_mixin.py:188} INFO - [2024-04-02T08:30:07.806+0000] {dag.py:3834} INFO - Setting next_dagrun for example_sla_dag to 2024-04-02 08:28:00+00:00, run_after=2024-04-02 08:30:00+00:00
[2024-04-02T08:30:07.847+0000] {processor.py:183} INFO - Processing /home/airflow/.local/lib/python3.8/site-packages/airflow/example_dags/example_sla_dag.py took 0.154 seconds
[2024-04-02T08:30:38.402+0000] {processor.py:161} INFO - Started process (PID=1576) to work on /home/airflow/.local/lib/python3.8/site-packages/airflow/example_dags/example_sla_dag.py
[2024-04-02T08:30:38.403+0000] {processor.py:830} INFO - Processing file /home/airflow/.local/lib/python3.8/site-packages/airflow/example_dags/example_sla_dag.py for tasks to queue
[2024-04-02T08:30:38.406+0000] {logging_mixin.py:188} INFO - [2024-04-02T08:30:38.405+0000] {dagbag.py:540} INFO - Filling up the DagBag from /home/airflow/.local/lib/python3.8/site-packages/airflow/example_dags/example_sla_dag.py
[2024-04-02T08:30:38.418+0000] {processor.py:840} INFO - DAG(s) 'example_sla_dag' retrieved from /home/airflow/.local/lib/python3.8/site-packages/airflow/example_dags/example_sla_dag.py
[2024-04-02T08:30:38.444+0000] {logging_mixin.py:188} INFO - [2024-04-02T08:30:38.444+0000] {dag.py:3047} INFO - Sync 1 DAGs
[2024-04-02T08:30:38.484+0000] {logging_mixin.py:188} INFO - [2024-04-02T08:30:38.483+0000] {dag.py:3834} INFO - Setting next_dagrun for example_sla_dag to 2024-04-02 08:28:00+00:00, run_after=2024-04-02 08:30:00+00:00
[2024-04-02T08:30:38.516+0000] {processor.py:183} INFO - Processing /home/airflow/.local/lib/python3.8/site-packages/airflow/example_dags/example_sla_dag.py took 0.117 seconds
[2024-04-02T08:31:08.794+0000] {processor.py:161} INFO - Started process (PID=1632) to work on /home/airflow/.local/lib/python3.8/site-packages/airflow/example_dags/example_sla_dag.py
[2024-04-02T08:31:08.796+0000] {processor.py:830} INFO - Processing file /home/airflow/.local/lib/python3.8/site-packages/airflow/example_dags/example_sla_dag.py for tasks to queue
[2024-04-02T08:31:08.800+0000] {logging_mixin.py:188} INFO - [2024-04-02T08:31:08.799+0000] {dagbag.py:540} INFO - Filling up the DagBag from /home/airflow/.local/lib/python3.8/site-packages/airflow/example_dags/example_sla_dag.py
[2024-04-02T08:31:08.817+0000] {processor.py:840} INFO - DAG(s) 'example_sla_dag' retrieved from /home/airflow/.local/lib/python3.8/site-packages/airflow/example_dags/example_sla_dag.py
[2024-04-02T08:31:08.844+0000] {logging_mixin.py:188} INFO - [2024-04-02T08:31:08.844+0000] {dag.py:3047} INFO - Sync 1 DAGs
[2024-04-02T08:31:08.885+0000] {logging_mixin.py:188} INFO - [2024-04-02T08:31:08.884+0000] {dag.py:3834} INFO - Setting next_dagrun for example_sla_dag to 2024-04-02 08:28:00+00:00, run_after=2024-04-02 08:30:00+00:00
[2024-04-02T08:31:08.924+0000] {processor.py:183} INFO - Processing /home/airflow/.local/lib/python3.8/site-packages/airflow/example_dags/example_sla_dag.py took 0.133 seconds
