[2024-04-02T07:45:24.989+0000] {processor.py:161} INFO - Started process (PID=67) to work on /home/airflow/.local/lib/python3.8/site-packages/airflow/example_dags/example_python_operator.py
[2024-04-02T07:45:24.991+0000] {processor.py:830} INFO - Processing file /home/airflow/.local/lib/python3.8/site-packages/airflow/example_dags/example_python_operator.py for tasks to queue
[2024-04-02T07:45:24.998+0000] {logging_mixin.py:188} INFO - [2024-04-02T07:45:24.997+0000] {dagbag.py:540} INFO - Filling up the DagBag from /home/airflow/.local/lib/python3.8/site-packages/airflow/example_dags/example_python_operator.py
[2024-04-02T07:45:25.036+0000] {processor.py:840} INFO - DAG(s) 'example_python_operator' retrieved from /home/airflow/.local/lib/python3.8/site-packages/airflow/example_dags/example_python_operator.py
[2024-04-02T07:45:25.287+0000] {logging_mixin.py:188} INFO - [2024-04-02T07:45:25.287+0000] {dag.py:3047} INFO - Sync 1 DAGs
[2024-04-02T07:45:25.311+0000] {logging_mixin.py:188} INFO - [2024-04-02T07:45:25.310+0000] {dag.py:3834} INFO - Setting next_dagrun for example_python_operator to None, run_after=None
[2024-04-02T07:45:25.364+0000] {processor.py:183} INFO - Processing /home/airflow/.local/lib/python3.8/site-packages/airflow/example_dags/example_python_operator.py took 0.382 seconds
[2024-04-02T07:45:55.454+0000] {processor.py:161} INFO - Started process (PID=123) to work on /home/airflow/.local/lib/python3.8/site-packages/airflow/example_dags/example_python_operator.py
[2024-04-02T07:45:55.461+0000] {processor.py:830} INFO - Processing file /home/airflow/.local/lib/python3.8/site-packages/airflow/example_dags/example_python_operator.py for tasks to queue
[2024-04-02T07:45:55.464+0000] {logging_mixin.py:188} INFO - [2024-04-02T07:45:55.463+0000] {dagbag.py:540} INFO - Filling up the DagBag from /home/airflow/.local/lib/python3.8/site-packages/airflow/example_dags/example_python_operator.py
[2024-04-02T07:45:55.476+0000] {processor.py:840} INFO - DAG(s) 'example_python_operator' retrieved from /home/airflow/.local/lib/python3.8/site-packages/airflow/example_dags/example_python_operator.py
[2024-04-02T07:45:55.505+0000] {logging_mixin.py:188} INFO - [2024-04-02T07:45:55.504+0000] {dag.py:3047} INFO - Sync 1 DAGs
[2024-04-02T07:45:55.520+0000] {logging_mixin.py:188} INFO - [2024-04-02T07:45:55.520+0000] {dag.py:3834} INFO - Setting next_dagrun for example_python_operator to None, run_after=None
[2024-04-02T07:45:55.551+0000] {processor.py:183} INFO - Processing /home/airflow/.local/lib/python3.8/site-packages/airflow/example_dags/example_python_operator.py took 0.100 seconds
[2024-04-02T07:46:25.977+0000] {processor.py:161} INFO - Started process (PID=179) to work on /home/airflow/.local/lib/python3.8/site-packages/airflow/example_dags/example_python_operator.py
[2024-04-02T07:46:25.978+0000] {processor.py:830} INFO - Processing file /home/airflow/.local/lib/python3.8/site-packages/airflow/example_dags/example_python_operator.py for tasks to queue
[2024-04-02T07:46:25.981+0000] {logging_mixin.py:188} INFO - [2024-04-02T07:46:25.980+0000] {dagbag.py:540} INFO - Filling up the DagBag from /home/airflow/.local/lib/python3.8/site-packages/airflow/example_dags/example_python_operator.py
[2024-04-02T07:46:25.998+0000] {processor.py:840} INFO - DAG(s) 'example_python_operator' retrieved from /home/airflow/.local/lib/python3.8/site-packages/airflow/example_dags/example_python_operator.py
[2024-04-02T07:46:26.027+0000] {logging_mixin.py:188} INFO - [2024-04-02T07:46:26.027+0000] {dag.py:3047} INFO - Sync 1 DAGs
[2024-04-02T07:46:26.044+0000] {logging_mixin.py:188} INFO - [2024-04-02T07:46:26.043+0000] {dag.py:3834} INFO - Setting next_dagrun for example_python_operator to None, run_after=None
[2024-04-02T07:46:26.073+0000] {processor.py:183} INFO - Processing /home/airflow/.local/lib/python3.8/site-packages/airflow/example_dags/example_python_operator.py took 0.100 seconds
[2024-04-02T07:46:58.643+0000] {processor.py:161} INFO - Started process (PID=235) to work on /home/airflow/.local/lib/python3.8/site-packages/airflow/example_dags/example_python_operator.py
[2024-04-02T07:46:58.657+0000] {processor.py:830} INFO - Processing file /home/airflow/.local/lib/python3.8/site-packages/airflow/example_dags/example_python_operator.py for tasks to queue
[2024-04-02T07:46:58.661+0000] {logging_mixin.py:188} INFO - [2024-04-02T07:46:58.660+0000] {dagbag.py:540} INFO - Filling up the DagBag from /home/airflow/.local/lib/python3.8/site-packages/airflow/example_dags/example_python_operator.py
[2024-04-02T07:46:58.707+0000] {processor.py:840} INFO - DAG(s) 'example_python_operator' retrieved from /home/airflow/.local/lib/python3.8/site-packages/airflow/example_dags/example_python_operator.py
[2024-04-02T07:46:58.786+0000] {logging_mixin.py:188} INFO - [2024-04-02T07:46:58.785+0000] {dag.py:3047} INFO - Sync 1 DAGs
[2024-04-02T07:46:58.825+0000] {logging_mixin.py:188} INFO - [2024-04-02T07:46:58.824+0000] {dag.py:3834} INFO - Setting next_dagrun for example_python_operator to None, run_after=None
[2024-04-02T07:46:58.932+0000] {processor.py:183} INFO - Processing /home/airflow/.local/lib/python3.8/site-packages/airflow/example_dags/example_python_operator.py took 0.295 seconds
[2024-04-02T07:47:29.692+0000] {processor.py:161} INFO - Started process (PID=291) to work on /home/airflow/.local/lib/python3.8/site-packages/airflow/example_dags/example_python_operator.py
[2024-04-02T07:47:29.695+0000] {processor.py:830} INFO - Processing file /home/airflow/.local/lib/python3.8/site-packages/airflow/example_dags/example_python_operator.py for tasks to queue
[2024-04-02T07:47:29.698+0000] {logging_mixin.py:188} INFO - [2024-04-02T07:47:29.697+0000] {dagbag.py:540} INFO - Filling up the DagBag from /home/airflow/.local/lib/python3.8/site-packages/airflow/example_dags/example_python_operator.py
[2024-04-02T07:47:29.715+0000] {processor.py:840} INFO - DAG(s) 'example_python_operator' retrieved from /home/airflow/.local/lib/python3.8/site-packages/airflow/example_dags/example_python_operator.py
[2024-04-02T07:47:29.748+0000] {logging_mixin.py:188} INFO - [2024-04-02T07:47:29.748+0000] {dag.py:3047} INFO - Sync 1 DAGs
[2024-04-02T07:47:29.766+0000] {logging_mixin.py:188} INFO - [2024-04-02T07:47:29.766+0000] {dag.py:3834} INFO - Setting next_dagrun for example_python_operator to None, run_after=None
[2024-04-02T07:47:29.801+0000] {processor.py:183} INFO - Processing /home/airflow/.local/lib/python3.8/site-packages/airflow/example_dags/example_python_operator.py took 0.113 seconds
[2024-04-02T07:48:00.383+0000] {processor.py:161} INFO - Started process (PID=347) to work on /home/airflow/.local/lib/python3.8/site-packages/airflow/example_dags/example_python_operator.py
[2024-04-02T07:48:00.385+0000] {processor.py:830} INFO - Processing file /home/airflow/.local/lib/python3.8/site-packages/airflow/example_dags/example_python_operator.py for tasks to queue
[2024-04-02T07:48:00.388+0000] {logging_mixin.py:188} INFO - [2024-04-02T07:48:00.387+0000] {dagbag.py:540} INFO - Filling up the DagBag from /home/airflow/.local/lib/python3.8/site-packages/airflow/example_dags/example_python_operator.py
[2024-04-02T07:48:00.409+0000] {processor.py:840} INFO - DAG(s) 'example_python_operator' retrieved from /home/airflow/.local/lib/python3.8/site-packages/airflow/example_dags/example_python_operator.py
[2024-04-02T07:48:00.450+0000] {logging_mixin.py:188} INFO - [2024-04-02T07:48:00.450+0000] {dag.py:3047} INFO - Sync 1 DAGs
[2024-04-02T07:48:00.474+0000] {logging_mixin.py:188} INFO - [2024-04-02T07:48:00.474+0000] {dag.py:3834} INFO - Setting next_dagrun for example_python_operator to None, run_after=None
[2024-04-02T07:48:00.510+0000] {processor.py:183} INFO - Processing /home/airflow/.local/lib/python3.8/site-packages/airflow/example_dags/example_python_operator.py took 0.131 seconds
[2024-04-02T07:48:30.711+0000] {processor.py:161} INFO - Started process (PID=403) to work on /home/airflow/.local/lib/python3.8/site-packages/airflow/example_dags/example_python_operator.py
[2024-04-02T07:48:30.714+0000] {processor.py:830} INFO - Processing file /home/airflow/.local/lib/python3.8/site-packages/airflow/example_dags/example_python_operator.py for tasks to queue
[2024-04-02T07:48:30.718+0000] {logging_mixin.py:188} INFO - [2024-04-02T07:48:30.718+0000] {dagbag.py:540} INFO - Filling up the DagBag from /home/airflow/.local/lib/python3.8/site-packages/airflow/example_dags/example_python_operator.py
[2024-04-02T07:48:30.738+0000] {processor.py:840} INFO - DAG(s) 'example_python_operator' retrieved from /home/airflow/.local/lib/python3.8/site-packages/airflow/example_dags/example_python_operator.py
[2024-04-02T07:48:30.779+0000] {logging_mixin.py:188} INFO - [2024-04-02T07:48:30.779+0000] {dag.py:3047} INFO - Sync 1 DAGs
[2024-04-02T07:48:30.800+0000] {logging_mixin.py:188} INFO - [2024-04-02T07:48:30.799+0000] {dag.py:3834} INFO - Setting next_dagrun for example_python_operator to None, run_after=None
[2024-04-02T07:48:30.835+0000] {processor.py:183} INFO - Processing /home/airflow/.local/lib/python3.8/site-packages/airflow/example_dags/example_python_operator.py took 0.127 seconds
[2024-04-02T07:49:01.271+0000] {processor.py:161} INFO - Started process (PID=459) to work on /home/airflow/.local/lib/python3.8/site-packages/airflow/example_dags/example_python_operator.py
[2024-04-02T07:49:01.273+0000] {processor.py:830} INFO - Processing file /home/airflow/.local/lib/python3.8/site-packages/airflow/example_dags/example_python_operator.py for tasks to queue
[2024-04-02T07:49:01.276+0000] {logging_mixin.py:188} INFO - [2024-04-02T07:49:01.275+0000] {dagbag.py:540} INFO - Filling up the DagBag from /home/airflow/.local/lib/python3.8/site-packages/airflow/example_dags/example_python_operator.py
[2024-04-02T07:49:01.301+0000] {processor.py:840} INFO - DAG(s) 'example_python_operator' retrieved from /home/airflow/.local/lib/python3.8/site-packages/airflow/example_dags/example_python_operator.py
[2024-04-02T07:49:01.347+0000] {logging_mixin.py:188} INFO - [2024-04-02T07:49:01.346+0000] {dag.py:3047} INFO - Sync 1 DAGs
[2024-04-02T07:49:01.367+0000] {logging_mixin.py:188} INFO - [2024-04-02T07:49:01.367+0000] {dag.py:3834} INFO - Setting next_dagrun for example_python_operator to None, run_after=None
[2024-04-02T07:49:01.403+0000] {processor.py:183} INFO - Processing /home/airflow/.local/lib/python3.8/site-packages/airflow/example_dags/example_python_operator.py took 0.139 seconds
[2024-04-02T07:49:31.497+0000] {processor.py:161} INFO - Started process (PID=515) to work on /home/airflow/.local/lib/python3.8/site-packages/airflow/example_dags/example_python_operator.py
[2024-04-02T07:49:31.499+0000] {processor.py:830} INFO - Processing file /home/airflow/.local/lib/python3.8/site-packages/airflow/example_dags/example_python_operator.py for tasks to queue
[2024-04-02T07:49:31.503+0000] {logging_mixin.py:188} INFO - [2024-04-02T07:49:31.502+0000] {dagbag.py:540} INFO - Filling up the DagBag from /home/airflow/.local/lib/python3.8/site-packages/airflow/example_dags/example_python_operator.py
[2024-04-02T07:49:31.527+0000] {processor.py:840} INFO - DAG(s) 'example_python_operator' retrieved from /home/airflow/.local/lib/python3.8/site-packages/airflow/example_dags/example_python_operator.py
[2024-04-02T07:49:31.593+0000] {logging_mixin.py:188} INFO - [2024-04-02T07:49:31.592+0000] {dag.py:3047} INFO - Sync 1 DAGs
[2024-04-02T07:49:31.617+0000] {logging_mixin.py:188} INFO - [2024-04-02T07:49:31.617+0000] {dag.py:3834} INFO - Setting next_dagrun for example_python_operator to None, run_after=None
[2024-04-02T07:49:31.666+0000] {processor.py:183} INFO - Processing /home/airflow/.local/lib/python3.8/site-packages/airflow/example_dags/example_python_operator.py took 0.174 seconds
[2024-04-02T07:50:01.893+0000] {processor.py:161} INFO - Started process (PID=571) to work on /home/airflow/.local/lib/python3.8/site-packages/airflow/example_dags/example_python_operator.py
[2024-04-02T07:50:01.894+0000] {processor.py:830} INFO - Processing file /home/airflow/.local/lib/python3.8/site-packages/airflow/example_dags/example_python_operator.py for tasks to queue
[2024-04-02T07:50:01.897+0000] {logging_mixin.py:188} INFO - [2024-04-02T07:50:01.896+0000] {dagbag.py:540} INFO - Filling up the DagBag from /home/airflow/.local/lib/python3.8/site-packages/airflow/example_dags/example_python_operator.py
[2024-04-02T07:50:01.916+0000] {processor.py:840} INFO - DAG(s) 'example_python_operator' retrieved from /home/airflow/.local/lib/python3.8/site-packages/airflow/example_dags/example_python_operator.py
[2024-04-02T07:50:01.949+0000] {logging_mixin.py:188} INFO - [2024-04-02T07:50:01.948+0000] {dag.py:3047} INFO - Sync 1 DAGs
[2024-04-02T07:50:01.969+0000] {logging_mixin.py:188} INFO - [2024-04-02T07:50:01.969+0000] {dag.py:3834} INFO - Setting next_dagrun for example_python_operator to None, run_after=None
[2024-04-02T07:50:02.005+0000] {processor.py:183} INFO - Processing /home/airflow/.local/lib/python3.8/site-packages/airflow/example_dags/example_python_operator.py took 0.116 seconds
[2024-04-02T07:50:32.308+0000] {processor.py:161} INFO - Started process (PID=627) to work on /home/airflow/.local/lib/python3.8/site-packages/airflow/example_dags/example_python_operator.py
[2024-04-02T07:50:32.310+0000] {processor.py:830} INFO - Processing file /home/airflow/.local/lib/python3.8/site-packages/airflow/example_dags/example_python_operator.py for tasks to queue
[2024-04-02T07:50:32.314+0000] {logging_mixin.py:188} INFO - [2024-04-02T07:50:32.313+0000] {dagbag.py:540} INFO - Filling up the DagBag from /home/airflow/.local/lib/python3.8/site-packages/airflow/example_dags/example_python_operator.py
[2024-04-02T07:50:32.338+0000] {processor.py:840} INFO - DAG(s) 'example_python_operator' retrieved from /home/airflow/.local/lib/python3.8/site-packages/airflow/example_dags/example_python_operator.py
[2024-04-02T07:50:32.389+0000] {logging_mixin.py:188} INFO - [2024-04-02T07:50:32.388+0000] {dag.py:3047} INFO - Sync 1 DAGs
[2024-04-02T07:50:32.412+0000] {logging_mixin.py:188} INFO - [2024-04-02T07:50:32.411+0000] {dag.py:3834} INFO - Setting next_dagrun for example_python_operator to None, run_after=None
[2024-04-02T07:50:32.513+0000] {processor.py:183} INFO - Processing /home/airflow/.local/lib/python3.8/site-packages/airflow/example_dags/example_python_operator.py took 0.211 seconds
[2024-04-02T07:51:03.345+0000] {processor.py:161} INFO - Started process (PID=683) to work on /home/airflow/.local/lib/python3.8/site-packages/airflow/example_dags/example_python_operator.py
[2024-04-02T07:51:03.347+0000] {processor.py:830} INFO - Processing file /home/airflow/.local/lib/python3.8/site-packages/airflow/example_dags/example_python_operator.py for tasks to queue
[2024-04-02T07:51:03.349+0000] {logging_mixin.py:188} INFO - [2024-04-02T07:51:03.349+0000] {dagbag.py:540} INFO - Filling up the DagBag from /home/airflow/.local/lib/python3.8/site-packages/airflow/example_dags/example_python_operator.py
[2024-04-02T07:51:03.365+0000] {processor.py:840} INFO - DAG(s) 'example_python_operator' retrieved from /home/airflow/.local/lib/python3.8/site-packages/airflow/example_dags/example_python_operator.py
[2024-04-02T07:51:03.398+0000] {logging_mixin.py:188} INFO - [2024-04-02T07:51:03.397+0000] {dag.py:3047} INFO - Sync 1 DAGs
[2024-04-02T07:51:03.414+0000] {logging_mixin.py:188} INFO - [2024-04-02T07:51:03.414+0000] {dag.py:3834} INFO - Setting next_dagrun for example_python_operator to None, run_after=None
[2024-04-02T07:51:03.448+0000] {processor.py:183} INFO - Processing /home/airflow/.local/lib/python3.8/site-packages/airflow/example_dags/example_python_operator.py took 0.107 seconds
[2024-04-02T07:51:34.188+0000] {processor.py:161} INFO - Started process (PID=739) to work on /home/airflow/.local/lib/python3.8/site-packages/airflow/example_dags/example_python_operator.py
[2024-04-02T07:51:34.190+0000] {processor.py:830} INFO - Processing file /home/airflow/.local/lib/python3.8/site-packages/airflow/example_dags/example_python_operator.py for tasks to queue
[2024-04-02T07:51:34.194+0000] {logging_mixin.py:188} INFO - [2024-04-02T07:51:34.193+0000] {dagbag.py:540} INFO - Filling up the DagBag from /home/airflow/.local/lib/python3.8/site-packages/airflow/example_dags/example_python_operator.py
[2024-04-02T07:51:34.228+0000] {processor.py:840} INFO - DAG(s) 'example_python_operator' retrieved from /home/airflow/.local/lib/python3.8/site-packages/airflow/example_dags/example_python_operator.py
[2024-04-02T07:51:34.291+0000] {logging_mixin.py:188} INFO - [2024-04-02T07:51:34.290+0000] {dag.py:3047} INFO - Sync 1 DAGs
[2024-04-02T07:51:34.332+0000] {logging_mixin.py:188} INFO - [2024-04-02T07:51:34.331+0000] {dag.py:3834} INFO - Setting next_dagrun for example_python_operator to None, run_after=None
[2024-04-02T07:51:34.405+0000] {processor.py:183} INFO - Processing /home/airflow/.local/lib/python3.8/site-packages/airflow/example_dags/example_python_operator.py took 0.231 seconds
[2024-04-02T07:52:05.054+0000] {processor.py:161} INFO - Started process (PID=795) to work on /home/airflow/.local/lib/python3.8/site-packages/airflow/example_dags/example_python_operator.py
[2024-04-02T07:52:05.055+0000] {processor.py:830} INFO - Processing file /home/airflow/.local/lib/python3.8/site-packages/airflow/example_dags/example_python_operator.py for tasks to queue
[2024-04-02T07:52:05.058+0000] {logging_mixin.py:188} INFO - [2024-04-02T07:52:05.058+0000] {dagbag.py:540} INFO - Filling up the DagBag from /home/airflow/.local/lib/python3.8/site-packages/airflow/example_dags/example_python_operator.py
[2024-04-02T07:52:05.076+0000] {processor.py:840} INFO - DAG(s) 'example_python_operator' retrieved from /home/airflow/.local/lib/python3.8/site-packages/airflow/example_dags/example_python_operator.py
[2024-04-02T07:52:05.124+0000] {logging_mixin.py:188} INFO - [2024-04-02T07:52:05.124+0000] {dag.py:3047} INFO - Sync 1 DAGs
[2024-04-02T07:52:05.149+0000] {logging_mixin.py:188} INFO - [2024-04-02T07:52:05.149+0000] {dag.py:3834} INFO - Setting next_dagrun for example_python_operator to None, run_after=None
[2024-04-02T07:52:05.190+0000] {processor.py:183} INFO - Processing /home/airflow/.local/lib/python3.8/site-packages/airflow/example_dags/example_python_operator.py took 0.140 seconds
[2024-04-02T07:52:35.263+0000] {processor.py:161} INFO - Started process (PID=851) to work on /home/airflow/.local/lib/python3.8/site-packages/airflow/example_dags/example_python_operator.py
[2024-04-02T07:52:35.265+0000] {processor.py:830} INFO - Processing file /home/airflow/.local/lib/python3.8/site-packages/airflow/example_dags/example_python_operator.py for tasks to queue
[2024-04-02T07:52:35.272+0000] {logging_mixin.py:188} INFO - [2024-04-02T07:52:35.271+0000] {dagbag.py:540} INFO - Filling up the DagBag from /home/airflow/.local/lib/python3.8/site-packages/airflow/example_dags/example_python_operator.py
[2024-04-02T07:52:35.296+0000] {processor.py:840} INFO - DAG(s) 'example_python_operator' retrieved from /home/airflow/.local/lib/python3.8/site-packages/airflow/example_dags/example_python_operator.py
[2024-04-02T07:52:35.331+0000] {logging_mixin.py:188} INFO - [2024-04-02T07:52:35.331+0000] {dag.py:3047} INFO - Sync 1 DAGs
[2024-04-02T07:52:35.351+0000] {logging_mixin.py:188} INFO - [2024-04-02T07:52:35.351+0000] {dag.py:3834} INFO - Setting next_dagrun for example_python_operator to None, run_after=None
[2024-04-02T07:52:35.384+0000] {processor.py:183} INFO - Processing /home/airflow/.local/lib/python3.8/site-packages/airflow/example_dags/example_python_operator.py took 0.127 seconds
[2024-04-02T07:53:06.021+0000] {processor.py:161} INFO - Started process (PID=907) to work on /home/airflow/.local/lib/python3.8/site-packages/airflow/example_dags/example_python_operator.py
[2024-04-02T07:53:06.023+0000] {processor.py:830} INFO - Processing file /home/airflow/.local/lib/python3.8/site-packages/airflow/example_dags/example_python_operator.py for tasks to queue
[2024-04-02T07:53:06.027+0000] {logging_mixin.py:188} INFO - [2024-04-02T07:53:06.026+0000] {dagbag.py:540} INFO - Filling up the DagBag from /home/airflow/.local/lib/python3.8/site-packages/airflow/example_dags/example_python_operator.py
[2024-04-02T07:53:06.063+0000] {processor.py:840} INFO - DAG(s) 'example_python_operator' retrieved from /home/airflow/.local/lib/python3.8/site-packages/airflow/example_dags/example_python_operator.py
[2024-04-02T07:53:06.114+0000] {logging_mixin.py:188} INFO - [2024-04-02T07:53:06.113+0000] {dag.py:3047} INFO - Sync 1 DAGs
[2024-04-02T07:53:06.144+0000] {logging_mixin.py:188} INFO - [2024-04-02T07:53:06.143+0000] {dag.py:3834} INFO - Setting next_dagrun for example_python_operator to None, run_after=None
[2024-04-02T07:53:06.193+0000] {processor.py:183} INFO - Processing /home/airflow/.local/lib/python3.8/site-packages/airflow/example_dags/example_python_operator.py took 0.181 seconds
[2024-04-02T07:53:36.574+0000] {processor.py:161} INFO - Started process (PID=963) to work on /home/airflow/.local/lib/python3.8/site-packages/airflow/example_dags/example_python_operator.py
[2024-04-02T07:53:36.576+0000] {processor.py:830} INFO - Processing file /home/airflow/.local/lib/python3.8/site-packages/airflow/example_dags/example_python_operator.py for tasks to queue
[2024-04-02T07:53:36.579+0000] {logging_mixin.py:188} INFO - [2024-04-02T07:53:36.578+0000] {dagbag.py:540} INFO - Filling up the DagBag from /home/airflow/.local/lib/python3.8/site-packages/airflow/example_dags/example_python_operator.py
[2024-04-02T07:53:36.596+0000] {processor.py:840} INFO - DAG(s) 'example_python_operator' retrieved from /home/airflow/.local/lib/python3.8/site-packages/airflow/example_dags/example_python_operator.py
[2024-04-02T07:53:36.632+0000] {logging_mixin.py:188} INFO - [2024-04-02T07:53:36.632+0000] {dag.py:3047} INFO - Sync 1 DAGs
[2024-04-02T07:53:36.655+0000] {logging_mixin.py:188} INFO - [2024-04-02T07:53:36.654+0000] {dag.py:3834} INFO - Setting next_dagrun for example_python_operator to None, run_after=None
[2024-04-02T07:53:36.692+0000] {processor.py:183} INFO - Processing /home/airflow/.local/lib/python3.8/site-packages/airflow/example_dags/example_python_operator.py took 0.123 seconds
[2024-04-02T07:54:06.876+0000] {processor.py:161} INFO - Started process (PID=1019) to work on /home/airflow/.local/lib/python3.8/site-packages/airflow/example_dags/example_python_operator.py
[2024-04-02T07:54:06.878+0000] {processor.py:830} INFO - Processing file /home/airflow/.local/lib/python3.8/site-packages/airflow/example_dags/example_python_operator.py for tasks to queue
[2024-04-02T07:54:06.881+0000] {logging_mixin.py:188} INFO - [2024-04-02T07:54:06.880+0000] {dagbag.py:540} INFO - Filling up the DagBag from /home/airflow/.local/lib/python3.8/site-packages/airflow/example_dags/example_python_operator.py
[2024-04-02T07:54:06.898+0000] {processor.py:840} INFO - DAG(s) 'example_python_operator' retrieved from /home/airflow/.local/lib/python3.8/site-packages/airflow/example_dags/example_python_operator.py
[2024-04-02T07:54:06.932+0000] {logging_mixin.py:188} INFO - [2024-04-02T07:54:06.932+0000] {dag.py:3047} INFO - Sync 1 DAGs
[2024-04-02T07:54:06.952+0000] {logging_mixin.py:188} INFO - [2024-04-02T07:54:06.952+0000] {dag.py:3834} INFO - Setting next_dagrun for example_python_operator to None, run_after=None
[2024-04-02T07:54:06.985+0000] {processor.py:183} INFO - Processing /home/airflow/.local/lib/python3.8/site-packages/airflow/example_dags/example_python_operator.py took 0.116 seconds
[2024-04-02T07:54:37.371+0000] {processor.py:161} INFO - Started process (PID=1075) to work on /home/airflow/.local/lib/python3.8/site-packages/airflow/example_dags/example_python_operator.py
[2024-04-02T07:54:37.373+0000] {processor.py:830} INFO - Processing file /home/airflow/.local/lib/python3.8/site-packages/airflow/example_dags/example_python_operator.py for tasks to queue
[2024-04-02T07:54:37.375+0000] {logging_mixin.py:188} INFO - [2024-04-02T07:54:37.375+0000] {dagbag.py:540} INFO - Filling up the DagBag from /home/airflow/.local/lib/python3.8/site-packages/airflow/example_dags/example_python_operator.py
[2024-04-02T07:54:37.395+0000] {processor.py:840} INFO - DAG(s) 'example_python_operator' retrieved from /home/airflow/.local/lib/python3.8/site-packages/airflow/example_dags/example_python_operator.py
[2024-04-02T07:54:37.437+0000] {logging_mixin.py:188} INFO - [2024-04-02T07:54:37.436+0000] {dag.py:3047} INFO - Sync 1 DAGs
[2024-04-02T07:54:37.461+0000] {logging_mixin.py:188} INFO - [2024-04-02T07:54:37.460+0000] {dag.py:3834} INFO - Setting next_dagrun for example_python_operator to None, run_after=None
[2024-04-02T07:54:37.497+0000] {processor.py:183} INFO - Processing /home/airflow/.local/lib/python3.8/site-packages/airflow/example_dags/example_python_operator.py took 0.132 seconds
[2024-04-02T07:55:08.092+0000] {processor.py:161} INFO - Started process (PID=1137) to work on /home/airflow/.local/lib/python3.8/site-packages/airflow/example_dags/example_python_operator.py
[2024-04-02T07:55:08.095+0000] {processor.py:830} INFO - Processing file /home/airflow/.local/lib/python3.8/site-packages/airflow/example_dags/example_python_operator.py for tasks to queue
[2024-04-02T07:55:08.098+0000] {logging_mixin.py:188} INFO - [2024-04-02T07:55:08.097+0000] {dagbag.py:540} INFO - Filling up the DagBag from /home/airflow/.local/lib/python3.8/site-packages/airflow/example_dags/example_python_operator.py
[2024-04-02T07:55:08.115+0000] {processor.py:840} INFO - DAG(s) 'example_python_operator' retrieved from /home/airflow/.local/lib/python3.8/site-packages/airflow/example_dags/example_python_operator.py
[2024-04-02T07:55:08.161+0000] {logging_mixin.py:188} INFO - [2024-04-02T07:55:08.160+0000] {dag.py:3047} INFO - Sync 1 DAGs
[2024-04-02T07:55:08.185+0000] {logging_mixin.py:188} INFO - [2024-04-02T07:55:08.184+0000] {dag.py:3834} INFO - Setting next_dagrun for example_python_operator to None, run_after=None
[2024-04-02T07:55:08.231+0000] {processor.py:183} INFO - Processing /home/airflow/.local/lib/python3.8/site-packages/airflow/example_dags/example_python_operator.py took 0.144 seconds
[2024-04-02T07:55:38.810+0000] {processor.py:161} INFO - Started process (PID=1193) to work on /home/airflow/.local/lib/python3.8/site-packages/airflow/example_dags/example_python_operator.py
[2024-04-02T07:55:38.812+0000] {processor.py:830} INFO - Processing file /home/airflow/.local/lib/python3.8/site-packages/airflow/example_dags/example_python_operator.py for tasks to queue
[2024-04-02T07:55:38.816+0000] {logging_mixin.py:188} INFO - [2024-04-02T07:55:38.816+0000] {dagbag.py:540} INFO - Filling up the DagBag from /home/airflow/.local/lib/python3.8/site-packages/airflow/example_dags/example_python_operator.py
[2024-04-02T07:55:38.833+0000] {processor.py:840} INFO - DAG(s) 'example_python_operator' retrieved from /home/airflow/.local/lib/python3.8/site-packages/airflow/example_dags/example_python_operator.py
[2024-04-02T07:55:38.888+0000] {logging_mixin.py:188} INFO - [2024-04-02T07:55:38.887+0000] {dag.py:3047} INFO - Sync 1 DAGs
[2024-04-02T07:55:38.941+0000] {logging_mixin.py:188} INFO - [2024-04-02T07:55:38.941+0000] {dag.py:3834} INFO - Setting next_dagrun for example_python_operator to None, run_after=None
[2024-04-02T07:55:39.023+0000] {processor.py:183} INFO - Processing /home/airflow/.local/lib/python3.8/site-packages/airflow/example_dags/example_python_operator.py took 0.217 seconds
[2024-04-02T07:56:09.926+0000] {processor.py:161} INFO - Started process (PID=1249) to work on /home/airflow/.local/lib/python3.8/site-packages/airflow/example_dags/example_python_operator.py
[2024-04-02T07:56:09.927+0000] {processor.py:830} INFO - Processing file /home/airflow/.local/lib/python3.8/site-packages/airflow/example_dags/example_python_operator.py for tasks to queue
[2024-04-02T07:56:09.930+0000] {logging_mixin.py:188} INFO - [2024-04-02T07:56:09.930+0000] {dagbag.py:540} INFO - Filling up the DagBag from /home/airflow/.local/lib/python3.8/site-packages/airflow/example_dags/example_python_operator.py
[2024-04-02T07:56:09.951+0000] {processor.py:840} INFO - DAG(s) 'example_python_operator' retrieved from /home/airflow/.local/lib/python3.8/site-packages/airflow/example_dags/example_python_operator.py
[2024-04-02T07:56:09.987+0000] {logging_mixin.py:188} INFO - [2024-04-02T07:56:09.986+0000] {dag.py:3047} INFO - Sync 1 DAGs
[2024-04-02T07:56:10.012+0000] {logging_mixin.py:188} INFO - [2024-04-02T07:56:10.012+0000] {dag.py:3834} INFO - Setting next_dagrun for example_python_operator to None, run_after=None
[2024-04-02T07:56:10.049+0000] {processor.py:183} INFO - Processing /home/airflow/.local/lib/python3.8/site-packages/airflow/example_dags/example_python_operator.py took 0.130 seconds
[2024-04-02T07:56:40.607+0000] {processor.py:161} INFO - Started process (PID=1305) to work on /home/airflow/.local/lib/python3.8/site-packages/airflow/example_dags/example_python_operator.py
[2024-04-02T07:56:40.610+0000] {processor.py:830} INFO - Processing file /home/airflow/.local/lib/python3.8/site-packages/airflow/example_dags/example_python_operator.py for tasks to queue
[2024-04-02T07:56:40.615+0000] {logging_mixin.py:188} INFO - [2024-04-02T07:56:40.614+0000] {dagbag.py:540} INFO - Filling up the DagBag from /home/airflow/.local/lib/python3.8/site-packages/airflow/example_dags/example_python_operator.py
[2024-04-02T07:56:40.641+0000] {processor.py:840} INFO - DAG(s) 'example_python_operator' retrieved from /home/airflow/.local/lib/python3.8/site-packages/airflow/example_dags/example_python_operator.py
[2024-04-02T07:56:40.682+0000] {logging_mixin.py:188} INFO - [2024-04-02T07:56:40.682+0000] {dag.py:3047} INFO - Sync 1 DAGs
[2024-04-02T07:56:40.710+0000] {logging_mixin.py:188} INFO - [2024-04-02T07:56:40.710+0000] {dag.py:3834} INFO - Setting next_dagrun for example_python_operator to None, run_after=None
[2024-04-02T07:56:40.746+0000] {processor.py:183} INFO - Processing /home/airflow/.local/lib/python3.8/site-packages/airflow/example_dags/example_python_operator.py took 0.145 seconds
[2024-04-02T07:57:10.942+0000] {processor.py:161} INFO - Started process (PID=1361) to work on /home/airflow/.local/lib/python3.8/site-packages/airflow/example_dags/example_python_operator.py
[2024-04-02T07:57:10.944+0000] {processor.py:830} INFO - Processing file /home/airflow/.local/lib/python3.8/site-packages/airflow/example_dags/example_python_operator.py for tasks to queue
[2024-04-02T07:57:10.948+0000] {logging_mixin.py:188} INFO - [2024-04-02T07:57:10.946+0000] {dagbag.py:540} INFO - Filling up the DagBag from /home/airflow/.local/lib/python3.8/site-packages/airflow/example_dags/example_python_operator.py
[2024-04-02T07:57:10.965+0000] {processor.py:840} INFO - DAG(s) 'example_python_operator' retrieved from /home/airflow/.local/lib/python3.8/site-packages/airflow/example_dags/example_python_operator.py
[2024-04-02T07:57:10.998+0000] {logging_mixin.py:188} INFO - [2024-04-02T07:57:10.997+0000] {dag.py:3047} INFO - Sync 1 DAGs
[2024-04-02T07:57:11.018+0000] {logging_mixin.py:188} INFO - [2024-04-02T07:57:11.017+0000] {dag.py:3834} INFO - Setting next_dagrun for example_python_operator to None, run_after=None
[2024-04-02T07:57:11.062+0000] {processor.py:183} INFO - Processing /home/airflow/.local/lib/python3.8/site-packages/airflow/example_dags/example_python_operator.py took 0.123 seconds
[2024-04-02T07:57:41.497+0000] {processor.py:161} INFO - Started process (PID=1417) to work on /home/airflow/.local/lib/python3.8/site-packages/airflow/example_dags/example_python_operator.py
[2024-04-02T07:57:41.499+0000] {processor.py:830} INFO - Processing file /home/airflow/.local/lib/python3.8/site-packages/airflow/example_dags/example_python_operator.py for tasks to queue
[2024-04-02T07:57:41.504+0000] {logging_mixin.py:188} INFO - [2024-04-02T07:57:41.503+0000] {dagbag.py:540} INFO - Filling up the DagBag from /home/airflow/.local/lib/python3.8/site-packages/airflow/example_dags/example_python_operator.py
[2024-04-02T07:57:41.525+0000] {processor.py:840} INFO - DAG(s) 'example_python_operator' retrieved from /home/airflow/.local/lib/python3.8/site-packages/airflow/example_dags/example_python_operator.py
[2024-04-02T07:57:41.573+0000] {logging_mixin.py:188} INFO - [2024-04-02T07:57:41.573+0000] {dag.py:3047} INFO - Sync 1 DAGs
[2024-04-02T07:57:41.597+0000] {logging_mixin.py:188} INFO - [2024-04-02T07:57:41.596+0000] {dag.py:3834} INFO - Setting next_dagrun for example_python_operator to None, run_after=None
[2024-04-02T07:57:41.639+0000] {processor.py:183} INFO - Processing /home/airflow/.local/lib/python3.8/site-packages/airflow/example_dags/example_python_operator.py took 0.150 seconds
[2024-04-02T07:58:12.298+0000] {processor.py:161} INFO - Started process (PID=1473) to work on /home/airflow/.local/lib/python3.8/site-packages/airflow/example_dags/example_python_operator.py
[2024-04-02T07:58:12.300+0000] {processor.py:830} INFO - Processing file /home/airflow/.local/lib/python3.8/site-packages/airflow/example_dags/example_python_operator.py for tasks to queue
[2024-04-02T07:58:12.303+0000] {logging_mixin.py:188} INFO - [2024-04-02T07:58:12.302+0000] {dagbag.py:540} INFO - Filling up the DagBag from /home/airflow/.local/lib/python3.8/site-packages/airflow/example_dags/example_python_operator.py
[2024-04-02T07:58:12.317+0000] {processor.py:840} INFO - DAG(s) 'example_python_operator' retrieved from /home/airflow/.local/lib/python3.8/site-packages/airflow/example_dags/example_python_operator.py
[2024-04-02T07:58:12.363+0000] {logging_mixin.py:188} INFO - [2024-04-02T07:58:12.363+0000] {dag.py:3047} INFO - Sync 1 DAGs
[2024-04-02T07:58:12.386+0000] {logging_mixin.py:188} INFO - [2024-04-02T07:58:12.385+0000] {dag.py:3834} INFO - Setting next_dagrun for example_python_operator to None, run_after=None
[2024-04-02T07:58:12.426+0000] {processor.py:183} INFO - Processing /home/airflow/.local/lib/python3.8/site-packages/airflow/example_dags/example_python_operator.py took 0.133 seconds
[2024-04-02T08:03:28.773+0000] {processor.py:161} INFO - Started process (PID=73) to work on /home/airflow/.local/lib/python3.8/site-packages/airflow/example_dags/example_python_operator.py
[2024-04-02T08:03:28.782+0000] {processor.py:830} INFO - Processing file /home/airflow/.local/lib/python3.8/site-packages/airflow/example_dags/example_python_operator.py for tasks to queue
[2024-04-02T08:03:28.785+0000] {logging_mixin.py:188} INFO - [2024-04-02T08:03:28.784+0000] {dagbag.py:540} INFO - Filling up the DagBag from /home/airflow/.local/lib/python3.8/site-packages/airflow/example_dags/example_python_operator.py
[2024-04-02T08:03:28.809+0000] {processor.py:840} INFO - DAG(s) 'example_python_operator' retrieved from /home/airflow/.local/lib/python3.8/site-packages/airflow/example_dags/example_python_operator.py
[2024-04-02T08:03:29.145+0000] {logging_mixin.py:188} INFO - [2024-04-02T08:03:29.145+0000] {dag.py:3047} INFO - Sync 1 DAGs
[2024-04-02T08:03:29.195+0000] {logging_mixin.py:188} INFO - [2024-04-02T08:03:29.195+0000] {dag.py:3834} INFO - Setting next_dagrun for example_python_operator to None, run_after=None
[2024-04-02T08:03:29.245+0000] {processor.py:183} INFO - Processing /home/airflow/.local/lib/python3.8/site-packages/airflow/example_dags/example_python_operator.py took 0.478 seconds
[2024-04-02T08:03:59.860+0000] {processor.py:161} INFO - Started process (PID=129) to work on /home/airflow/.local/lib/python3.8/site-packages/airflow/example_dags/example_python_operator.py
[2024-04-02T08:03:59.862+0000] {processor.py:830} INFO - Processing file /home/airflow/.local/lib/python3.8/site-packages/airflow/example_dags/example_python_operator.py for tasks to queue
[2024-04-02T08:03:59.864+0000] {logging_mixin.py:188} INFO - [2024-04-02T08:03:59.864+0000] {dagbag.py:540} INFO - Filling up the DagBag from /home/airflow/.local/lib/python3.8/site-packages/airflow/example_dags/example_python_operator.py
[2024-04-02T08:03:59.880+0000] {processor.py:840} INFO - DAG(s) 'example_python_operator' retrieved from /home/airflow/.local/lib/python3.8/site-packages/airflow/example_dags/example_python_operator.py
[2024-04-02T08:03:59.920+0000] {logging_mixin.py:188} INFO - [2024-04-02T08:03:59.920+0000] {dag.py:3047} INFO - Sync 1 DAGs
[2024-04-02T08:03:59.942+0000] {logging_mixin.py:188} INFO - [2024-04-02T08:03:59.942+0000] {dag.py:3834} INFO - Setting next_dagrun for example_python_operator to None, run_after=None
[2024-04-02T08:03:59.980+0000] {processor.py:183} INFO - Processing /home/airflow/.local/lib/python3.8/site-packages/airflow/example_dags/example_python_operator.py took 0.124 seconds
[2024-04-02T08:04:30.411+0000] {processor.py:161} INFO - Started process (PID=185) to work on /home/airflow/.local/lib/python3.8/site-packages/airflow/example_dags/example_python_operator.py
[2024-04-02T08:04:30.413+0000] {processor.py:830} INFO - Processing file /home/airflow/.local/lib/python3.8/site-packages/airflow/example_dags/example_python_operator.py for tasks to queue
[2024-04-02T08:04:30.415+0000] {logging_mixin.py:188} INFO - [2024-04-02T08:04:30.415+0000] {dagbag.py:540} INFO - Filling up the DagBag from /home/airflow/.local/lib/python3.8/site-packages/airflow/example_dags/example_python_operator.py
[2024-04-02T08:04:30.431+0000] {processor.py:840} INFO - DAG(s) 'example_python_operator' retrieved from /home/airflow/.local/lib/python3.8/site-packages/airflow/example_dags/example_python_operator.py
[2024-04-02T08:04:30.468+0000] {logging_mixin.py:188} INFO - [2024-04-02T08:04:30.468+0000] {dag.py:3047} INFO - Sync 1 DAGs
[2024-04-02T08:04:30.491+0000] {logging_mixin.py:188} INFO - [2024-04-02T08:04:30.491+0000] {dag.py:3834} INFO - Setting next_dagrun for example_python_operator to None, run_after=None
[2024-04-02T08:04:30.531+0000] {processor.py:183} INFO - Processing /home/airflow/.local/lib/python3.8/site-packages/airflow/example_dags/example_python_operator.py took 0.125 seconds
[2024-04-02T08:05:00.924+0000] {processor.py:161} INFO - Started process (PID=241) to work on /home/airflow/.local/lib/python3.8/site-packages/airflow/example_dags/example_python_operator.py
[2024-04-02T08:05:00.926+0000] {processor.py:830} INFO - Processing file /home/airflow/.local/lib/python3.8/site-packages/airflow/example_dags/example_python_operator.py for tasks to queue
[2024-04-02T08:05:00.929+0000] {logging_mixin.py:188} INFO - [2024-04-02T08:05:00.929+0000] {dagbag.py:540} INFO - Filling up the DagBag from /home/airflow/.local/lib/python3.8/site-packages/airflow/example_dags/example_python_operator.py
[2024-04-02T08:05:00.960+0000] {processor.py:840} INFO - DAG(s) 'example_python_operator' retrieved from /home/airflow/.local/lib/python3.8/site-packages/airflow/example_dags/example_python_operator.py
[2024-04-02T08:05:01.015+0000] {logging_mixin.py:188} INFO - [2024-04-02T08:05:01.014+0000] {dag.py:3047} INFO - Sync 1 DAGs
[2024-04-02T08:05:01.043+0000] {logging_mixin.py:188} INFO - [2024-04-02T08:05:01.043+0000] {dag.py:3834} INFO - Setting next_dagrun for example_python_operator to None, run_after=None
[2024-04-02T08:05:01.093+0000] {processor.py:183} INFO - Processing /home/airflow/.local/lib/python3.8/site-packages/airflow/example_dags/example_python_operator.py took 0.173 seconds
[2024-04-02T08:05:31.247+0000] {processor.py:161} INFO - Started process (PID=297) to work on /home/airflow/.local/lib/python3.8/site-packages/airflow/example_dags/example_python_operator.py
[2024-04-02T08:05:31.250+0000] {processor.py:830} INFO - Processing file /home/airflow/.local/lib/python3.8/site-packages/airflow/example_dags/example_python_operator.py for tasks to queue
[2024-04-02T08:05:31.254+0000] {logging_mixin.py:188} INFO - [2024-04-02T08:05:31.253+0000] {dagbag.py:540} INFO - Filling up the DagBag from /home/airflow/.local/lib/python3.8/site-packages/airflow/example_dags/example_python_operator.py
[2024-04-02T08:05:31.314+0000] {processor.py:840} INFO - DAG(s) 'example_python_operator' retrieved from /home/airflow/.local/lib/python3.8/site-packages/airflow/example_dags/example_python_operator.py
[2024-04-02T08:05:31.367+0000] {logging_mixin.py:188} INFO - [2024-04-02T08:05:31.366+0000] {dag.py:3047} INFO - Sync 1 DAGs
[2024-04-02T08:05:31.392+0000] {logging_mixin.py:188} INFO - [2024-04-02T08:05:31.392+0000] {dag.py:3834} INFO - Setting next_dagrun for example_python_operator to None, run_after=None
[2024-04-02T08:05:31.449+0000] {processor.py:183} INFO - Processing /home/airflow/.local/lib/python3.8/site-packages/airflow/example_dags/example_python_operator.py took 0.208 seconds
[2024-04-02T08:06:01.656+0000] {processor.py:161} INFO - Started process (PID=353) to work on /home/airflow/.local/lib/python3.8/site-packages/airflow/example_dags/example_python_operator.py
[2024-04-02T08:06:01.657+0000] {processor.py:830} INFO - Processing file /home/airflow/.local/lib/python3.8/site-packages/airflow/example_dags/example_python_operator.py for tasks to queue
[2024-04-02T08:06:01.660+0000] {logging_mixin.py:188} INFO - [2024-04-02T08:06:01.659+0000] {dagbag.py:540} INFO - Filling up the DagBag from /home/airflow/.local/lib/python3.8/site-packages/airflow/example_dags/example_python_operator.py
[2024-04-02T08:06:01.681+0000] {processor.py:840} INFO - DAG(s) 'example_python_operator' retrieved from /home/airflow/.local/lib/python3.8/site-packages/airflow/example_dags/example_python_operator.py
[2024-04-02T08:06:01.725+0000] {logging_mixin.py:188} INFO - [2024-04-02T08:06:01.725+0000] {dag.py:3047} INFO - Sync 1 DAGs
[2024-04-02T08:06:01.755+0000] {logging_mixin.py:188} INFO - [2024-04-02T08:06:01.754+0000] {dag.py:3834} INFO - Setting next_dagrun for example_python_operator to None, run_after=None
[2024-04-02T08:06:01.808+0000] {processor.py:183} INFO - Processing /home/airflow/.local/lib/python3.8/site-packages/airflow/example_dags/example_python_operator.py took 0.158 seconds
[2024-04-02T08:06:32.049+0000] {processor.py:161} INFO - Started process (PID=409) to work on /home/airflow/.local/lib/python3.8/site-packages/airflow/example_dags/example_python_operator.py
[2024-04-02T08:06:32.051+0000] {processor.py:830} INFO - Processing file /home/airflow/.local/lib/python3.8/site-packages/airflow/example_dags/example_python_operator.py for tasks to queue
[2024-04-02T08:06:32.054+0000] {logging_mixin.py:188} INFO - [2024-04-02T08:06:32.054+0000] {dagbag.py:540} INFO - Filling up the DagBag from /home/airflow/.local/lib/python3.8/site-packages/airflow/example_dags/example_python_operator.py
[2024-04-02T08:06:32.070+0000] {processor.py:840} INFO - DAG(s) 'example_python_operator' retrieved from /home/airflow/.local/lib/python3.8/site-packages/airflow/example_dags/example_python_operator.py
[2024-04-02T08:06:32.107+0000] {logging_mixin.py:188} INFO - [2024-04-02T08:06:32.106+0000] {dag.py:3047} INFO - Sync 1 DAGs
[2024-04-02T08:06:32.128+0000] {logging_mixin.py:188} INFO - [2024-04-02T08:06:32.128+0000] {dag.py:3834} INFO - Setting next_dagrun for example_python_operator to None, run_after=None
[2024-04-02T08:06:32.171+0000] {processor.py:183} INFO - Processing /home/airflow/.local/lib/python3.8/site-packages/airflow/example_dags/example_python_operator.py took 0.134 seconds
[2024-04-02T08:07:02.463+0000] {processor.py:161} INFO - Started process (PID=465) to work on /home/airflow/.local/lib/python3.8/site-packages/airflow/example_dags/example_python_operator.py
[2024-04-02T08:07:02.465+0000] {processor.py:830} INFO - Processing file /home/airflow/.local/lib/python3.8/site-packages/airflow/example_dags/example_python_operator.py for tasks to queue
[2024-04-02T08:07:02.467+0000] {logging_mixin.py:188} INFO - [2024-04-02T08:07:02.467+0000] {dagbag.py:540} INFO - Filling up the DagBag from /home/airflow/.local/lib/python3.8/site-packages/airflow/example_dags/example_python_operator.py
[2024-04-02T08:07:02.482+0000] {processor.py:840} INFO - DAG(s) 'example_python_operator' retrieved from /home/airflow/.local/lib/python3.8/site-packages/airflow/example_dags/example_python_operator.py
[2024-04-02T08:07:02.518+0000] {logging_mixin.py:188} INFO - [2024-04-02T08:07:02.517+0000] {dag.py:3047} INFO - Sync 1 DAGs
[2024-04-02T08:07:02.536+0000] {logging_mixin.py:188} INFO - [2024-04-02T08:07:02.535+0000] {dag.py:3834} INFO - Setting next_dagrun for example_python_operator to None, run_after=None
[2024-04-02T08:07:02.571+0000] {processor.py:183} INFO - Processing /home/airflow/.local/lib/python3.8/site-packages/airflow/example_dags/example_python_operator.py took 0.112 seconds
[2024-04-02T08:07:33.496+0000] {processor.py:161} INFO - Started process (PID=521) to work on /home/airflow/.local/lib/python3.8/site-packages/airflow/example_dags/example_python_operator.py
[2024-04-02T08:07:33.498+0000] {processor.py:830} INFO - Processing file /home/airflow/.local/lib/python3.8/site-packages/airflow/example_dags/example_python_operator.py for tasks to queue
[2024-04-02T08:07:33.500+0000] {logging_mixin.py:188} INFO - [2024-04-02T08:07:33.500+0000] {dagbag.py:540} INFO - Filling up the DagBag from /home/airflow/.local/lib/python3.8/site-packages/airflow/example_dags/example_python_operator.py
[2024-04-02T08:07:33.515+0000] {processor.py:840} INFO - DAG(s) 'example_python_operator' retrieved from /home/airflow/.local/lib/python3.8/site-packages/airflow/example_dags/example_python_operator.py
[2024-04-02T08:07:33.551+0000] {logging_mixin.py:188} INFO - [2024-04-02T08:07:33.550+0000] {dag.py:3047} INFO - Sync 1 DAGs
[2024-04-02T08:07:33.568+0000] {logging_mixin.py:188} INFO - [2024-04-02T08:07:33.568+0000] {dag.py:3834} INFO - Setting next_dagrun for example_python_operator to None, run_after=None
[2024-04-02T08:07:33.605+0000] {processor.py:183} INFO - Processing /home/airflow/.local/lib/python3.8/site-packages/airflow/example_dags/example_python_operator.py took 0.112 seconds
[2024-04-02T08:08:04.302+0000] {processor.py:161} INFO - Started process (PID=577) to work on /home/airflow/.local/lib/python3.8/site-packages/airflow/example_dags/example_python_operator.py
[2024-04-02T08:08:04.303+0000] {processor.py:830} INFO - Processing file /home/airflow/.local/lib/python3.8/site-packages/airflow/example_dags/example_python_operator.py for tasks to queue
[2024-04-02T08:08:04.307+0000] {logging_mixin.py:188} INFO - [2024-04-02T08:08:04.306+0000] {dagbag.py:540} INFO - Filling up the DagBag from /home/airflow/.local/lib/python3.8/site-packages/airflow/example_dags/example_python_operator.py
[2024-04-02T08:08:04.322+0000] {processor.py:840} INFO - DAG(s) 'example_python_operator' retrieved from /home/airflow/.local/lib/python3.8/site-packages/airflow/example_dags/example_python_operator.py
[2024-04-02T08:08:04.357+0000] {logging_mixin.py:188} INFO - [2024-04-02T08:08:04.357+0000] {dag.py:3047} INFO - Sync 1 DAGs
[2024-04-02T08:08:04.374+0000] {logging_mixin.py:188} INFO - [2024-04-02T08:08:04.374+0000] {dag.py:3834} INFO - Setting next_dagrun for example_python_operator to None, run_after=None
[2024-04-02T08:08:04.410+0000] {processor.py:183} INFO - Processing /home/airflow/.local/lib/python3.8/site-packages/airflow/example_dags/example_python_operator.py took 0.114 seconds
[2024-04-02T08:08:34.533+0000] {processor.py:161} INFO - Started process (PID=633) to work on /home/airflow/.local/lib/python3.8/site-packages/airflow/example_dags/example_python_operator.py
[2024-04-02T08:08:34.534+0000] {processor.py:830} INFO - Processing file /home/airflow/.local/lib/python3.8/site-packages/airflow/example_dags/example_python_operator.py for tasks to queue
[2024-04-02T08:08:34.538+0000] {logging_mixin.py:188} INFO - [2024-04-02T08:08:34.537+0000] {dagbag.py:540} INFO - Filling up the DagBag from /home/airflow/.local/lib/python3.8/site-packages/airflow/example_dags/example_python_operator.py
[2024-04-02T08:08:34.559+0000] {processor.py:840} INFO - DAG(s) 'example_python_operator' retrieved from /home/airflow/.local/lib/python3.8/site-packages/airflow/example_dags/example_python_operator.py
[2024-04-02T08:08:34.607+0000] {logging_mixin.py:188} INFO - [2024-04-02T08:08:34.607+0000] {dag.py:3047} INFO - Sync 1 DAGs
[2024-04-02T08:08:34.639+0000] {logging_mixin.py:188} INFO - [2024-04-02T08:08:34.638+0000] {dag.py:3834} INFO - Setting next_dagrun for example_python_operator to None, run_after=None
[2024-04-02T08:08:34.680+0000] {processor.py:183} INFO - Processing /home/airflow/.local/lib/python3.8/site-packages/airflow/example_dags/example_python_operator.py took 0.153 seconds
[2024-04-02T08:09:04.951+0000] {processor.py:161} INFO - Started process (PID=689) to work on /home/airflow/.local/lib/python3.8/site-packages/airflow/example_dags/example_python_operator.py
[2024-04-02T08:09:04.953+0000] {processor.py:830} INFO - Processing file /home/airflow/.local/lib/python3.8/site-packages/airflow/example_dags/example_python_operator.py for tasks to queue
[2024-04-02T08:09:04.956+0000] {logging_mixin.py:188} INFO - [2024-04-02T08:09:04.955+0000] {dagbag.py:540} INFO - Filling up the DagBag from /home/airflow/.local/lib/python3.8/site-packages/airflow/example_dags/example_python_operator.py
[2024-04-02T08:09:04.972+0000] {processor.py:840} INFO - DAG(s) 'example_python_operator' retrieved from /home/airflow/.local/lib/python3.8/site-packages/airflow/example_dags/example_python_operator.py
[2024-04-02T08:09:05.006+0000] {logging_mixin.py:188} INFO - [2024-04-02T08:09:05.005+0000] {dag.py:3047} INFO - Sync 1 DAGs
[2024-04-02T08:09:05.031+0000] {logging_mixin.py:188} INFO - [2024-04-02T08:09:05.031+0000] {dag.py:3834} INFO - Setting next_dagrun for example_python_operator to None, run_after=None
[2024-04-02T08:09:05.068+0000] {processor.py:183} INFO - Processing /home/airflow/.local/lib/python3.8/site-packages/airflow/example_dags/example_python_operator.py took 0.121 seconds
[2024-04-02T08:09:35.540+0000] {processor.py:161} INFO - Started process (PID=745) to work on /home/airflow/.local/lib/python3.8/site-packages/airflow/example_dags/example_python_operator.py
[2024-04-02T08:09:35.541+0000] {processor.py:830} INFO - Processing file /home/airflow/.local/lib/python3.8/site-packages/airflow/example_dags/example_python_operator.py for tasks to queue
[2024-04-02T08:09:35.544+0000] {logging_mixin.py:188} INFO - [2024-04-02T08:09:35.543+0000] {dagbag.py:540} INFO - Filling up the DagBag from /home/airflow/.local/lib/python3.8/site-packages/airflow/example_dags/example_python_operator.py
[2024-04-02T08:09:35.559+0000] {processor.py:840} INFO - DAG(s) 'example_python_operator' retrieved from /home/airflow/.local/lib/python3.8/site-packages/airflow/example_dags/example_python_operator.py
[2024-04-02T08:09:35.593+0000] {logging_mixin.py:188} INFO - [2024-04-02T08:09:35.593+0000] {dag.py:3047} INFO - Sync 1 DAGs
[2024-04-02T08:09:35.617+0000] {logging_mixin.py:188} INFO - [2024-04-02T08:09:35.617+0000] {dag.py:3834} INFO - Setting next_dagrun for example_python_operator to None, run_after=None
[2024-04-02T08:09:35.667+0000] {processor.py:183} INFO - Processing /home/airflow/.local/lib/python3.8/site-packages/airflow/example_dags/example_python_operator.py took 0.131 seconds
[2024-04-02T08:10:05.845+0000] {processor.py:161} INFO - Started process (PID=801) to work on /home/airflow/.local/lib/python3.8/site-packages/airflow/example_dags/example_python_operator.py
[2024-04-02T08:10:05.847+0000] {processor.py:830} INFO - Processing file /home/airflow/.local/lib/python3.8/site-packages/airflow/example_dags/example_python_operator.py for tasks to queue
[2024-04-02T08:10:05.850+0000] {logging_mixin.py:188} INFO - [2024-04-02T08:10:05.850+0000] {dagbag.py:540} INFO - Filling up the DagBag from /home/airflow/.local/lib/python3.8/site-packages/airflow/example_dags/example_python_operator.py
[2024-04-02T08:10:05.870+0000] {processor.py:840} INFO - DAG(s) 'example_python_operator' retrieved from /home/airflow/.local/lib/python3.8/site-packages/airflow/example_dags/example_python_operator.py
[2024-04-02T08:10:05.910+0000] {logging_mixin.py:188} INFO - [2024-04-02T08:10:05.909+0000] {dag.py:3047} INFO - Sync 1 DAGs
[2024-04-02T08:10:05.932+0000] {logging_mixin.py:188} INFO - [2024-04-02T08:10:05.932+0000] {dag.py:3834} INFO - Setting next_dagrun for example_python_operator to None, run_after=None
[2024-04-02T08:10:05.979+0000] {processor.py:183} INFO - Processing /home/airflow/.local/lib/python3.8/site-packages/airflow/example_dags/example_python_operator.py took 0.138 seconds
[2024-04-02T08:10:36.588+0000] {processor.py:161} INFO - Started process (PID=857) to work on /home/airflow/.local/lib/python3.8/site-packages/airflow/example_dags/example_python_operator.py
[2024-04-02T08:10:36.590+0000] {processor.py:830} INFO - Processing file /home/airflow/.local/lib/python3.8/site-packages/airflow/example_dags/example_python_operator.py for tasks to queue
[2024-04-02T08:10:36.593+0000] {logging_mixin.py:188} INFO - [2024-04-02T08:10:36.592+0000] {dagbag.py:540} INFO - Filling up the DagBag from /home/airflow/.local/lib/python3.8/site-packages/airflow/example_dags/example_python_operator.py
[2024-04-02T08:10:36.611+0000] {processor.py:840} INFO - DAG(s) 'example_python_operator' retrieved from /home/airflow/.local/lib/python3.8/site-packages/airflow/example_dags/example_python_operator.py
[2024-04-02T08:10:36.647+0000] {logging_mixin.py:188} INFO - [2024-04-02T08:10:36.647+0000] {dag.py:3047} INFO - Sync 1 DAGs
[2024-04-02T08:10:36.671+0000] {logging_mixin.py:188} INFO - [2024-04-02T08:10:36.671+0000] {dag.py:3834} INFO - Setting next_dagrun for example_python_operator to None, run_after=None
[2024-04-02T08:10:36.705+0000] {processor.py:183} INFO - Processing /home/airflow/.local/lib/python3.8/site-packages/airflow/example_dags/example_python_operator.py took 0.121 seconds
[2024-04-02T08:11:07.005+0000] {processor.py:161} INFO - Started process (PID=913) to work on /home/airflow/.local/lib/python3.8/site-packages/airflow/example_dags/example_python_operator.py
[2024-04-02T08:11:07.007+0000] {processor.py:830} INFO - Processing file /home/airflow/.local/lib/python3.8/site-packages/airflow/example_dags/example_python_operator.py for tasks to queue
[2024-04-02T08:11:07.010+0000] {logging_mixin.py:188} INFO - [2024-04-02T08:11:07.009+0000] {dagbag.py:540} INFO - Filling up the DagBag from /home/airflow/.local/lib/python3.8/site-packages/airflow/example_dags/example_python_operator.py
[2024-04-02T08:11:07.030+0000] {processor.py:840} INFO - DAG(s) 'example_python_operator' retrieved from /home/airflow/.local/lib/python3.8/site-packages/airflow/example_dags/example_python_operator.py
[2024-04-02T08:11:07.072+0000] {logging_mixin.py:188} INFO - [2024-04-02T08:11:07.072+0000] {dag.py:3047} INFO - Sync 1 DAGs
[2024-04-02T08:11:07.100+0000] {logging_mixin.py:188} INFO - [2024-04-02T08:11:07.100+0000] {dag.py:3834} INFO - Setting next_dagrun for example_python_operator to None, run_after=None
[2024-04-02T08:11:07.142+0000] {processor.py:183} INFO - Processing /home/airflow/.local/lib/python3.8/site-packages/airflow/example_dags/example_python_operator.py took 0.141 seconds
[2024-04-02T08:11:37.725+0000] {processor.py:161} INFO - Started process (PID=969) to work on /home/airflow/.local/lib/python3.8/site-packages/airflow/example_dags/example_python_operator.py
[2024-04-02T08:11:37.727+0000] {processor.py:830} INFO - Processing file /home/airflow/.local/lib/python3.8/site-packages/airflow/example_dags/example_python_operator.py for tasks to queue
[2024-04-02T08:11:37.730+0000] {logging_mixin.py:188} INFO - [2024-04-02T08:11:37.729+0000] {dagbag.py:540} INFO - Filling up the DagBag from /home/airflow/.local/lib/python3.8/site-packages/airflow/example_dags/example_python_operator.py
[2024-04-02T08:11:37.746+0000] {processor.py:840} INFO - DAG(s) 'example_python_operator' retrieved from /home/airflow/.local/lib/python3.8/site-packages/airflow/example_dags/example_python_operator.py
[2024-04-02T08:11:37.789+0000] {logging_mixin.py:188} INFO - [2024-04-02T08:11:37.788+0000] {dag.py:3047} INFO - Sync 1 DAGs
[2024-04-02T08:11:37.820+0000] {logging_mixin.py:188} INFO - [2024-04-02T08:11:37.820+0000] {dag.py:3834} INFO - Setting next_dagrun for example_python_operator to None, run_after=None
[2024-04-02T08:11:37.868+0000] {processor.py:183} INFO - Processing /home/airflow/.local/lib/python3.8/site-packages/airflow/example_dags/example_python_operator.py took 0.148 seconds
[2024-04-02T08:12:08.244+0000] {processor.py:161} INFO - Started process (PID=1025) to work on /home/airflow/.local/lib/python3.8/site-packages/airflow/example_dags/example_python_operator.py
[2024-04-02T08:12:08.246+0000] {processor.py:830} INFO - Processing file /home/airflow/.local/lib/python3.8/site-packages/airflow/example_dags/example_python_operator.py for tasks to queue
[2024-04-02T08:12:08.249+0000] {logging_mixin.py:188} INFO - [2024-04-02T08:12:08.248+0000] {dagbag.py:540} INFO - Filling up the DagBag from /home/airflow/.local/lib/python3.8/site-packages/airflow/example_dags/example_python_operator.py
[2024-04-02T08:12:08.262+0000] {processor.py:840} INFO - DAG(s) 'example_python_operator' retrieved from /home/airflow/.local/lib/python3.8/site-packages/airflow/example_dags/example_python_operator.py
[2024-04-02T08:12:08.297+0000] {logging_mixin.py:188} INFO - [2024-04-02T08:12:08.297+0000] {dag.py:3047} INFO - Sync 1 DAGs
[2024-04-02T08:12:08.316+0000] {logging_mixin.py:188} INFO - [2024-04-02T08:12:08.315+0000] {dag.py:3834} INFO - Setting next_dagrun for example_python_operator to None, run_after=None
[2024-04-02T08:12:08.362+0000] {processor.py:183} INFO - Processing /home/airflow/.local/lib/python3.8/site-packages/airflow/example_dags/example_python_operator.py took 0.122 seconds
[2024-04-02T08:12:39.664+0000] {processor.py:161} INFO - Started process (PID=1081) to work on /home/airflow/.local/lib/python3.8/site-packages/airflow/example_dags/example_python_operator.py
[2024-04-02T08:12:39.665+0000] {processor.py:830} INFO - Processing file /home/airflow/.local/lib/python3.8/site-packages/airflow/example_dags/example_python_operator.py for tasks to queue
[2024-04-02T08:12:39.669+0000] {logging_mixin.py:188} INFO - [2024-04-02T08:12:39.668+0000] {dagbag.py:540} INFO - Filling up the DagBag from /home/airflow/.local/lib/python3.8/site-packages/airflow/example_dags/example_python_operator.py
[2024-04-02T08:12:39.684+0000] {processor.py:840} INFO - DAG(s) 'example_python_operator' retrieved from /home/airflow/.local/lib/python3.8/site-packages/airflow/example_dags/example_python_operator.py
[2024-04-02T08:12:39.721+0000] {logging_mixin.py:188} INFO - [2024-04-02T08:12:39.720+0000] {dag.py:3047} INFO - Sync 1 DAGs
[2024-04-02T08:12:39.739+0000] {logging_mixin.py:188} INFO - [2024-04-02T08:12:39.739+0000] {dag.py:3834} INFO - Setting next_dagrun for example_python_operator to None, run_after=None
[2024-04-02T08:12:39.778+0000] {processor.py:183} INFO - Processing /home/airflow/.local/lib/python3.8/site-packages/airflow/example_dags/example_python_operator.py took 0.119 seconds
[2024-04-02T08:13:10.636+0000] {processor.py:161} INFO - Started process (PID=1137) to work on /home/airflow/.local/lib/python3.8/site-packages/airflow/example_dags/example_python_operator.py
[2024-04-02T08:13:10.638+0000] {processor.py:830} INFO - Processing file /home/airflow/.local/lib/python3.8/site-packages/airflow/example_dags/example_python_operator.py for tasks to queue
[2024-04-02T08:13:10.640+0000] {logging_mixin.py:188} INFO - [2024-04-02T08:13:10.640+0000] {dagbag.py:540} INFO - Filling up the DagBag from /home/airflow/.local/lib/python3.8/site-packages/airflow/example_dags/example_python_operator.py
[2024-04-02T08:13:10.654+0000] {processor.py:840} INFO - DAG(s) 'example_python_operator' retrieved from /home/airflow/.local/lib/python3.8/site-packages/airflow/example_dags/example_python_operator.py
[2024-04-02T08:13:10.689+0000] {logging_mixin.py:188} INFO - [2024-04-02T08:13:10.688+0000] {dag.py:3047} INFO - Sync 1 DAGs
[2024-04-02T08:13:10.707+0000] {logging_mixin.py:188} INFO - [2024-04-02T08:13:10.707+0000] {dag.py:3834} INFO - Setting next_dagrun for example_python_operator to None, run_after=None
[2024-04-02T08:13:10.744+0000] {processor.py:183} INFO - Processing /home/airflow/.local/lib/python3.8/site-packages/airflow/example_dags/example_python_operator.py took 0.112 seconds
[2024-04-02T08:13:40.961+0000] {processor.py:161} INFO - Started process (PID=1191) to work on /home/airflow/.local/lib/python3.8/site-packages/airflow/example_dags/example_python_operator.py
[2024-04-02T08:13:40.963+0000] {processor.py:830} INFO - Processing file /home/airflow/.local/lib/python3.8/site-packages/airflow/example_dags/example_python_operator.py for tasks to queue
[2024-04-02T08:13:40.969+0000] {logging_mixin.py:188} INFO - [2024-04-02T08:13:40.968+0000] {dagbag.py:540} INFO - Filling up the DagBag from /home/airflow/.local/lib/python3.8/site-packages/airflow/example_dags/example_python_operator.py
[2024-04-02T08:13:40.997+0000] {processor.py:840} INFO - DAG(s) 'example_python_operator' retrieved from /home/airflow/.local/lib/python3.8/site-packages/airflow/example_dags/example_python_operator.py
[2024-04-02T08:13:41.035+0000] {logging_mixin.py:188} INFO - [2024-04-02T08:13:41.034+0000] {dag.py:3047} INFO - Sync 1 DAGs
[2024-04-02T08:13:41.056+0000] {logging_mixin.py:188} INFO - [2024-04-02T08:13:41.055+0000] {dag.py:3834} INFO - Setting next_dagrun for example_python_operator to None, run_after=None
[2024-04-02T08:13:41.094+0000] {processor.py:183} INFO - Processing /home/airflow/.local/lib/python3.8/site-packages/airflow/example_dags/example_python_operator.py took 0.139 seconds
[2024-04-02T08:16:55.055+0000] {processor.py:161} INFO - Started process (PID=67) to work on /home/airflow/.local/lib/python3.8/site-packages/airflow/example_dags/example_python_operator.py
[2024-04-02T08:16:55.059+0000] {processor.py:830} INFO - Processing file /home/airflow/.local/lib/python3.8/site-packages/airflow/example_dags/example_python_operator.py for tasks to queue
[2024-04-02T08:16:55.068+0000] {logging_mixin.py:188} INFO - [2024-04-02T08:16:55.066+0000] {dagbag.py:540} INFO - Filling up the DagBag from /home/airflow/.local/lib/python3.8/site-packages/airflow/example_dags/example_python_operator.py
[2024-04-02T08:16:55.111+0000] {processor.py:840} INFO - DAG(s) 'example_python_operator' retrieved from /home/airflow/.local/lib/python3.8/site-packages/airflow/example_dags/example_python_operator.py
[2024-04-02T08:16:55.425+0000] {logging_mixin.py:188} INFO - [2024-04-02T08:16:55.425+0000] {dag.py:3047} INFO - Sync 1 DAGs
[2024-04-02T08:16:55.449+0000] {logging_mixin.py:188} INFO - [2024-04-02T08:16:55.448+0000] {dag.py:3834} INFO - Setting next_dagrun for example_python_operator to None, run_after=None
[2024-04-02T08:16:55.513+0000] {processor.py:183} INFO - Processing /home/airflow/.local/lib/python3.8/site-packages/airflow/example_dags/example_python_operator.py took 0.465 seconds
[2024-04-02T08:17:26.036+0000] {processor.py:161} INFO - Started process (PID=123) to work on /home/airflow/.local/lib/python3.8/site-packages/airflow/example_dags/example_python_operator.py
[2024-04-02T08:17:26.038+0000] {processor.py:830} INFO - Processing file /home/airflow/.local/lib/python3.8/site-packages/airflow/example_dags/example_python_operator.py for tasks to queue
[2024-04-02T08:17:26.047+0000] {logging_mixin.py:188} INFO - [2024-04-02T08:17:26.046+0000] {dagbag.py:540} INFO - Filling up the DagBag from /home/airflow/.local/lib/python3.8/site-packages/airflow/example_dags/example_python_operator.py
[2024-04-02T08:17:26.094+0000] {processor.py:840} INFO - DAG(s) 'example_python_operator' retrieved from /home/airflow/.local/lib/python3.8/site-packages/airflow/example_dags/example_python_operator.py
[2024-04-02T08:17:26.188+0000] {logging_mixin.py:188} INFO - [2024-04-02T08:17:26.187+0000] {dag.py:3047} INFO - Sync 1 DAGs
[2024-04-02T08:17:26.244+0000] {logging_mixin.py:188} INFO - [2024-04-02T08:17:26.244+0000] {dag.py:3834} INFO - Setting next_dagrun for example_python_operator to None, run_after=None
[2024-04-02T08:17:26.311+0000] {processor.py:183} INFO - Processing /home/airflow/.local/lib/python3.8/site-packages/airflow/example_dags/example_python_operator.py took 0.282 seconds
[2024-04-02T08:17:57.294+0000] {processor.py:161} INFO - Started process (PID=179) to work on /home/airflow/.local/lib/python3.8/site-packages/airflow/example_dags/example_python_operator.py
[2024-04-02T08:17:57.296+0000] {processor.py:830} INFO - Processing file /home/airflow/.local/lib/python3.8/site-packages/airflow/example_dags/example_python_operator.py for tasks to queue
[2024-04-02T08:17:57.298+0000] {logging_mixin.py:188} INFO - [2024-04-02T08:17:57.298+0000] {dagbag.py:540} INFO - Filling up the DagBag from /home/airflow/.local/lib/python3.8/site-packages/airflow/example_dags/example_python_operator.py
[2024-04-02T08:17:57.311+0000] {processor.py:840} INFO - DAG(s) 'example_python_operator' retrieved from /home/airflow/.local/lib/python3.8/site-packages/airflow/example_dags/example_python_operator.py
[2024-04-02T08:17:57.343+0000] {logging_mixin.py:188} INFO - [2024-04-02T08:17:57.343+0000] {dag.py:3047} INFO - Sync 1 DAGs
[2024-04-02T08:17:57.368+0000] {logging_mixin.py:188} INFO - [2024-04-02T08:17:57.367+0000] {dag.py:3834} INFO - Setting next_dagrun for example_python_operator to None, run_after=None
[2024-04-02T08:17:57.403+0000] {processor.py:183} INFO - Processing /home/airflow/.local/lib/python3.8/site-packages/airflow/example_dags/example_python_operator.py took 0.112 seconds
[2024-04-02T08:18:27.655+0000] {processor.py:161} INFO - Started process (PID=235) to work on /home/airflow/.local/lib/python3.8/site-packages/airflow/example_dags/example_python_operator.py
[2024-04-02T08:18:27.657+0000] {processor.py:830} INFO - Processing file /home/airflow/.local/lib/python3.8/site-packages/airflow/example_dags/example_python_operator.py for tasks to queue
[2024-04-02T08:18:27.659+0000] {logging_mixin.py:188} INFO - [2024-04-02T08:18:27.659+0000] {dagbag.py:540} INFO - Filling up the DagBag from /home/airflow/.local/lib/python3.8/site-packages/airflow/example_dags/example_python_operator.py
[2024-04-02T08:18:27.674+0000] {processor.py:840} INFO - DAG(s) 'example_python_operator' retrieved from /home/airflow/.local/lib/python3.8/site-packages/airflow/example_dags/example_python_operator.py
[2024-04-02T08:18:27.704+0000] {logging_mixin.py:188} INFO - [2024-04-02T08:18:27.704+0000] {dag.py:3047} INFO - Sync 1 DAGs
[2024-04-02T08:18:27.722+0000] {logging_mixin.py:188} INFO - [2024-04-02T08:18:27.721+0000] {dag.py:3834} INFO - Setting next_dagrun for example_python_operator to None, run_after=None
[2024-04-02T08:18:27.754+0000] {processor.py:183} INFO - Processing /home/airflow/.local/lib/python3.8/site-packages/airflow/example_dags/example_python_operator.py took 0.102 seconds
[2024-04-02T08:18:57.945+0000] {processor.py:161} INFO - Started process (PID=291) to work on /home/airflow/.local/lib/python3.8/site-packages/airflow/example_dags/example_python_operator.py
[2024-04-02T08:18:57.948+0000] {processor.py:830} INFO - Processing file /home/airflow/.local/lib/python3.8/site-packages/airflow/example_dags/example_python_operator.py for tasks to queue
[2024-04-02T08:18:57.952+0000] {logging_mixin.py:188} INFO - [2024-04-02T08:18:57.951+0000] {dagbag.py:540} INFO - Filling up the DagBag from /home/airflow/.local/lib/python3.8/site-packages/airflow/example_dags/example_python_operator.py
[2024-04-02T08:18:57.974+0000] {processor.py:840} INFO - DAG(s) 'example_python_operator' retrieved from /home/airflow/.local/lib/python3.8/site-packages/airflow/example_dags/example_python_operator.py
[2024-04-02T08:18:58.015+0000] {logging_mixin.py:188} INFO - [2024-04-02T08:18:58.014+0000] {dag.py:3047} INFO - Sync 1 DAGs
[2024-04-02T08:18:58.038+0000] {logging_mixin.py:188} INFO - [2024-04-02T08:18:58.037+0000] {dag.py:3834} INFO - Setting next_dagrun for example_python_operator to None, run_after=None
[2024-04-02T08:18:58.107+0000] {processor.py:183} INFO - Processing /home/airflow/.local/lib/python3.8/site-packages/airflow/example_dags/example_python_operator.py took 0.169 seconds
[2024-04-02T08:19:28.234+0000] {processor.py:161} INFO - Started process (PID=347) to work on /home/airflow/.local/lib/python3.8/site-packages/airflow/example_dags/example_python_operator.py
[2024-04-02T08:19:28.235+0000] {processor.py:830} INFO - Processing file /home/airflow/.local/lib/python3.8/site-packages/airflow/example_dags/example_python_operator.py for tasks to queue
[2024-04-02T08:19:28.238+0000] {logging_mixin.py:188} INFO - [2024-04-02T08:19:28.238+0000] {dagbag.py:540} INFO - Filling up the DagBag from /home/airflow/.local/lib/python3.8/site-packages/airflow/example_dags/example_python_operator.py
[2024-04-02T08:19:28.253+0000] {processor.py:840} INFO - DAG(s) 'example_python_operator' retrieved from /home/airflow/.local/lib/python3.8/site-packages/airflow/example_dags/example_python_operator.py
[2024-04-02T08:19:28.286+0000] {logging_mixin.py:188} INFO - [2024-04-02T08:19:28.285+0000] {dag.py:3047} INFO - Sync 1 DAGs
[2024-04-02T08:19:28.308+0000] {logging_mixin.py:188} INFO - [2024-04-02T08:19:28.307+0000] {dag.py:3834} INFO - Setting next_dagrun for example_python_operator to None, run_after=None
[2024-04-02T08:19:28.342+0000] {processor.py:183} INFO - Processing /home/airflow/.local/lib/python3.8/site-packages/airflow/example_dags/example_python_operator.py took 0.112 seconds
[2024-04-02T08:19:58.563+0000] {processor.py:161} INFO - Started process (PID=403) to work on /home/airflow/.local/lib/python3.8/site-packages/airflow/example_dags/example_python_operator.py
[2024-04-02T08:19:58.564+0000] {processor.py:830} INFO - Processing file /home/airflow/.local/lib/python3.8/site-packages/airflow/example_dags/example_python_operator.py for tasks to queue
[2024-04-02T08:19:58.567+0000] {logging_mixin.py:188} INFO - [2024-04-02T08:19:58.567+0000] {dagbag.py:540} INFO - Filling up the DagBag from /home/airflow/.local/lib/python3.8/site-packages/airflow/example_dags/example_python_operator.py
[2024-04-02T08:19:58.582+0000] {processor.py:840} INFO - DAG(s) 'example_python_operator' retrieved from /home/airflow/.local/lib/python3.8/site-packages/airflow/example_dags/example_python_operator.py
[2024-04-02T08:19:58.618+0000] {logging_mixin.py:188} INFO - [2024-04-02T08:19:58.618+0000] {dag.py:3047} INFO - Sync 1 DAGs
[2024-04-02T08:19:58.637+0000] {logging_mixin.py:188} INFO - [2024-04-02T08:19:58.637+0000] {dag.py:3834} INFO - Setting next_dagrun for example_python_operator to None, run_after=None
[2024-04-02T08:19:58.673+0000] {processor.py:183} INFO - Processing /home/airflow/.local/lib/python3.8/site-packages/airflow/example_dags/example_python_operator.py took 0.115 seconds
[2024-04-02T08:20:28.895+0000] {processor.py:161} INFO - Started process (PID=459) to work on /home/airflow/.local/lib/python3.8/site-packages/airflow/example_dags/example_python_operator.py
[2024-04-02T08:20:28.896+0000] {processor.py:830} INFO - Processing file /home/airflow/.local/lib/python3.8/site-packages/airflow/example_dags/example_python_operator.py for tasks to queue
[2024-04-02T08:20:28.900+0000] {logging_mixin.py:188} INFO - [2024-04-02T08:20:28.899+0000] {dagbag.py:540} INFO - Filling up the DagBag from /home/airflow/.local/lib/python3.8/site-packages/airflow/example_dags/example_python_operator.py
[2024-04-02T08:20:28.917+0000] {processor.py:840} INFO - DAG(s) 'example_python_operator' retrieved from /home/airflow/.local/lib/python3.8/site-packages/airflow/example_dags/example_python_operator.py
[2024-04-02T08:20:28.955+0000] {logging_mixin.py:188} INFO - [2024-04-02T08:20:28.955+0000] {dag.py:3047} INFO - Sync 1 DAGs
[2024-04-02T08:20:28.979+0000] {logging_mixin.py:188} INFO - [2024-04-02T08:20:28.978+0000] {dag.py:3834} INFO - Setting next_dagrun for example_python_operator to None, run_after=None
[2024-04-02T08:20:29.016+0000] {processor.py:183} INFO - Processing /home/airflow/.local/lib/python3.8/site-packages/airflow/example_dags/example_python_operator.py took 0.125 seconds
[2024-04-02T08:20:59.095+0000] {processor.py:161} INFO - Started process (PID=515) to work on /home/airflow/.local/lib/python3.8/site-packages/airflow/example_dags/example_python_operator.py
[2024-04-02T08:20:59.097+0000] {processor.py:830} INFO - Processing file /home/airflow/.local/lib/python3.8/site-packages/airflow/example_dags/example_python_operator.py for tasks to queue
[2024-04-02T08:20:59.099+0000] {logging_mixin.py:188} INFO - [2024-04-02T08:20:59.099+0000] {dagbag.py:540} INFO - Filling up the DagBag from /home/airflow/.local/lib/python3.8/site-packages/airflow/example_dags/example_python_operator.py
[2024-04-02T08:20:59.116+0000] {processor.py:840} INFO - DAG(s) 'example_python_operator' retrieved from /home/airflow/.local/lib/python3.8/site-packages/airflow/example_dags/example_python_operator.py
[2024-04-02T08:20:59.154+0000] {logging_mixin.py:188} INFO - [2024-04-02T08:20:59.154+0000] {dag.py:3047} INFO - Sync 1 DAGs
[2024-04-02T08:20:59.175+0000] {logging_mixin.py:188} INFO - [2024-04-02T08:20:59.174+0000] {dag.py:3834} INFO - Setting next_dagrun for example_python_operator to None, run_after=None
[2024-04-02T08:20:59.211+0000] {processor.py:183} INFO - Processing /home/airflow/.local/lib/python3.8/site-packages/airflow/example_dags/example_python_operator.py took 0.120 seconds
[2024-04-02T08:21:29.414+0000] {processor.py:161} INFO - Started process (PID=571) to work on /home/airflow/.local/lib/python3.8/site-packages/airflow/example_dags/example_python_operator.py
[2024-04-02T08:21:29.416+0000] {processor.py:830} INFO - Processing file /home/airflow/.local/lib/python3.8/site-packages/airflow/example_dags/example_python_operator.py for tasks to queue
[2024-04-02T08:21:29.418+0000] {logging_mixin.py:188} INFO - [2024-04-02T08:21:29.418+0000] {dagbag.py:540} INFO - Filling up the DagBag from /home/airflow/.local/lib/python3.8/site-packages/airflow/example_dags/example_python_operator.py
[2024-04-02T08:21:29.434+0000] {processor.py:840} INFO - DAG(s) 'example_python_operator' retrieved from /home/airflow/.local/lib/python3.8/site-packages/airflow/example_dags/example_python_operator.py
[2024-04-02T08:21:29.482+0000] {logging_mixin.py:188} INFO - [2024-04-02T08:21:29.482+0000] {dag.py:3047} INFO - Sync 1 DAGs
[2024-04-02T08:21:29.505+0000] {logging_mixin.py:188} INFO - [2024-04-02T08:21:29.505+0000] {dag.py:3834} INFO - Setting next_dagrun for example_python_operator to None, run_after=None
[2024-04-02T08:21:29.541+0000] {processor.py:183} INFO - Processing /home/airflow/.local/lib/python3.8/site-packages/airflow/example_dags/example_python_operator.py took 0.134 seconds
[2024-04-02T08:21:59.942+0000] {processor.py:161} INFO - Started process (PID=627) to work on /home/airflow/.local/lib/python3.8/site-packages/airflow/example_dags/example_python_operator.py
[2024-04-02T08:21:59.943+0000] {processor.py:830} INFO - Processing file /home/airflow/.local/lib/python3.8/site-packages/airflow/example_dags/example_python_operator.py for tasks to queue
[2024-04-02T08:21:59.946+0000] {logging_mixin.py:188} INFO - [2024-04-02T08:21:59.946+0000] {dagbag.py:540} INFO - Filling up the DagBag from /home/airflow/.local/lib/python3.8/site-packages/airflow/example_dags/example_python_operator.py
[2024-04-02T08:21:59.970+0000] {processor.py:840} INFO - DAG(s) 'example_python_operator' retrieved from /home/airflow/.local/lib/python3.8/site-packages/airflow/example_dags/example_python_operator.py
[2024-04-02T08:22:00.022+0000] {logging_mixin.py:188} INFO - [2024-04-02T08:22:00.021+0000] {dag.py:3047} INFO - Sync 1 DAGs
[2024-04-02T08:22:00.054+0000] {logging_mixin.py:188} INFO - [2024-04-02T08:22:00.054+0000] {dag.py:3834} INFO - Setting next_dagrun for example_python_operator to None, run_after=None
[2024-04-02T08:22:00.113+0000] {processor.py:183} INFO - Processing /home/airflow/.local/lib/python3.8/site-packages/airflow/example_dags/example_python_operator.py took 0.180 seconds
[2024-04-02T08:22:30.791+0000] {processor.py:161} INFO - Started process (PID=683) to work on /home/airflow/.local/lib/python3.8/site-packages/airflow/example_dags/example_python_operator.py
[2024-04-02T08:22:30.793+0000] {processor.py:830} INFO - Processing file /home/airflow/.local/lib/python3.8/site-packages/airflow/example_dags/example_python_operator.py for tasks to queue
[2024-04-02T08:22:30.795+0000] {logging_mixin.py:188} INFO - [2024-04-02T08:22:30.795+0000] {dagbag.py:540} INFO - Filling up the DagBag from /home/airflow/.local/lib/python3.8/site-packages/airflow/example_dags/example_python_operator.py
[2024-04-02T08:22:30.810+0000] {processor.py:840} INFO - DAG(s) 'example_python_operator' retrieved from /home/airflow/.local/lib/python3.8/site-packages/airflow/example_dags/example_python_operator.py
[2024-04-02T08:22:30.842+0000] {logging_mixin.py:188} INFO - [2024-04-02T08:22:30.842+0000] {dag.py:3047} INFO - Sync 1 DAGs
[2024-04-02T08:22:30.860+0000] {logging_mixin.py:188} INFO - [2024-04-02T08:22:30.860+0000] {dag.py:3834} INFO - Setting next_dagrun for example_python_operator to None, run_after=None
[2024-04-02T08:22:30.906+0000] {processor.py:183} INFO - Processing /home/airflow/.local/lib/python3.8/site-packages/airflow/example_dags/example_python_operator.py took 0.118 seconds
[2024-04-02T08:23:00.975+0000] {processor.py:161} INFO - Started process (PID=739) to work on /home/airflow/.local/lib/python3.8/site-packages/airflow/example_dags/example_python_operator.py
[2024-04-02T08:23:00.977+0000] {processor.py:830} INFO - Processing file /home/airflow/.local/lib/python3.8/site-packages/airflow/example_dags/example_python_operator.py for tasks to queue
[2024-04-02T08:23:00.980+0000] {logging_mixin.py:188} INFO - [2024-04-02T08:23:00.980+0000] {dagbag.py:540} INFO - Filling up the DagBag from /home/airflow/.local/lib/python3.8/site-packages/airflow/example_dags/example_python_operator.py
[2024-04-02T08:23:00.997+0000] {processor.py:840} INFO - DAG(s) 'example_python_operator' retrieved from /home/airflow/.local/lib/python3.8/site-packages/airflow/example_dags/example_python_operator.py
[2024-04-02T08:23:01.033+0000] {logging_mixin.py:188} INFO - [2024-04-02T08:23:01.033+0000] {dag.py:3047} INFO - Sync 1 DAGs
[2024-04-02T08:23:01.056+0000] {logging_mixin.py:188} INFO - [2024-04-02T08:23:01.056+0000] {dag.py:3834} INFO - Setting next_dagrun for example_python_operator to None, run_after=None
[2024-04-02T08:23:01.095+0000] {processor.py:183} INFO - Processing /home/airflow/.local/lib/python3.8/site-packages/airflow/example_dags/example_python_operator.py took 0.125 seconds
[2024-04-02T08:23:31.584+0000] {processor.py:161} INFO - Started process (PID=795) to work on /home/airflow/.local/lib/python3.8/site-packages/airflow/example_dags/example_python_operator.py
[2024-04-02T08:23:31.587+0000] {processor.py:830} INFO - Processing file /home/airflow/.local/lib/python3.8/site-packages/airflow/example_dags/example_python_operator.py for tasks to queue
[2024-04-02T08:23:31.591+0000] {logging_mixin.py:188} INFO - [2024-04-02T08:23:31.590+0000] {dagbag.py:540} INFO - Filling up the DagBag from /home/airflow/.local/lib/python3.8/site-packages/airflow/example_dags/example_python_operator.py
[2024-04-02T08:23:31.610+0000] {processor.py:840} INFO - DAG(s) 'example_python_operator' retrieved from /home/airflow/.local/lib/python3.8/site-packages/airflow/example_dags/example_python_operator.py
[2024-04-02T08:23:31.648+0000] {logging_mixin.py:188} INFO - [2024-04-02T08:23:31.648+0000] {dag.py:3047} INFO - Sync 1 DAGs
[2024-04-02T08:23:31.671+0000] {logging_mixin.py:188} INFO - [2024-04-02T08:23:31.671+0000] {dag.py:3834} INFO - Setting next_dagrun for example_python_operator to None, run_after=None
[2024-04-02T08:23:31.712+0000] {processor.py:183} INFO - Processing /home/airflow/.local/lib/python3.8/site-packages/airflow/example_dags/example_python_operator.py took 0.132 seconds
[2024-04-02T08:24:02.251+0000] {processor.py:161} INFO - Started process (PID=851) to work on /home/airflow/.local/lib/python3.8/site-packages/airflow/example_dags/example_python_operator.py
[2024-04-02T08:24:02.253+0000] {processor.py:830} INFO - Processing file /home/airflow/.local/lib/python3.8/site-packages/airflow/example_dags/example_python_operator.py for tasks to queue
[2024-04-02T08:24:02.257+0000] {logging_mixin.py:188} INFO - [2024-04-02T08:24:02.256+0000] {dagbag.py:540} INFO - Filling up the DagBag from /home/airflow/.local/lib/python3.8/site-packages/airflow/example_dags/example_python_operator.py
[2024-04-02T08:24:02.274+0000] {processor.py:840} INFO - DAG(s) 'example_python_operator' retrieved from /home/airflow/.local/lib/python3.8/site-packages/airflow/example_dags/example_python_operator.py
[2024-04-02T08:24:02.314+0000] {logging_mixin.py:188} INFO - [2024-04-02T08:24:02.314+0000] {dag.py:3047} INFO - Sync 1 DAGs
[2024-04-02T08:24:02.332+0000] {logging_mixin.py:188} INFO - [2024-04-02T08:24:02.332+0000] {dag.py:3834} INFO - Setting next_dagrun for example_python_operator to None, run_after=None
[2024-04-02T08:24:02.379+0000] {processor.py:183} INFO - Processing /home/airflow/.local/lib/python3.8/site-packages/airflow/example_dags/example_python_operator.py took 0.133 seconds
[2024-04-02T08:24:32.660+0000] {processor.py:161} INFO - Started process (PID=907) to work on /home/airflow/.local/lib/python3.8/site-packages/airflow/example_dags/example_python_operator.py
[2024-04-02T08:24:32.662+0000] {processor.py:830} INFO - Processing file /home/airflow/.local/lib/python3.8/site-packages/airflow/example_dags/example_python_operator.py for tasks to queue
[2024-04-02T08:24:32.665+0000] {logging_mixin.py:188} INFO - [2024-04-02T08:24:32.664+0000] {dagbag.py:540} INFO - Filling up the DagBag from /home/airflow/.local/lib/python3.8/site-packages/airflow/example_dags/example_python_operator.py
[2024-04-02T08:24:32.685+0000] {processor.py:840} INFO - DAG(s) 'example_python_operator' retrieved from /home/airflow/.local/lib/python3.8/site-packages/airflow/example_dags/example_python_operator.py
[2024-04-02T08:24:32.727+0000] {logging_mixin.py:188} INFO - [2024-04-02T08:24:32.726+0000] {dag.py:3047} INFO - Sync 1 DAGs
[2024-04-02T08:24:32.759+0000] {logging_mixin.py:188} INFO - [2024-04-02T08:24:32.758+0000] {dag.py:3834} INFO - Setting next_dagrun for example_python_operator to None, run_after=None
[2024-04-02T08:24:32.806+0000] {processor.py:183} INFO - Processing /home/airflow/.local/lib/python3.8/site-packages/airflow/example_dags/example_python_operator.py took 0.151 seconds
[2024-04-02T08:25:02.950+0000] {processor.py:161} INFO - Started process (PID=963) to work on /home/airflow/.local/lib/python3.8/site-packages/airflow/example_dags/example_python_operator.py
[2024-04-02T08:25:02.951+0000] {processor.py:830} INFO - Processing file /home/airflow/.local/lib/python3.8/site-packages/airflow/example_dags/example_python_operator.py for tasks to queue
[2024-04-02T08:25:02.954+0000] {logging_mixin.py:188} INFO - [2024-04-02T08:25:02.953+0000] {dagbag.py:540} INFO - Filling up the DagBag from /home/airflow/.local/lib/python3.8/site-packages/airflow/example_dags/example_python_operator.py
[2024-04-02T08:25:02.969+0000] {processor.py:840} INFO - DAG(s) 'example_python_operator' retrieved from /home/airflow/.local/lib/python3.8/site-packages/airflow/example_dags/example_python_operator.py
[2024-04-02T08:25:03.019+0000] {logging_mixin.py:188} INFO - [2024-04-02T08:25:03.018+0000] {dag.py:3047} INFO - Sync 1 DAGs
[2024-04-02T08:25:03.044+0000] {logging_mixin.py:188} INFO - [2024-04-02T08:25:03.043+0000] {dag.py:3834} INFO - Setting next_dagrun for example_python_operator to None, run_after=None
[2024-04-02T08:25:03.082+0000] {processor.py:183} INFO - Processing /home/airflow/.local/lib/python3.8/site-packages/airflow/example_dags/example_python_operator.py took 0.136 seconds
[2024-04-02T08:25:33.653+0000] {processor.py:161} INFO - Started process (PID=1019) to work on /home/airflow/.local/lib/python3.8/site-packages/airflow/example_dags/example_python_operator.py
[2024-04-02T08:25:33.654+0000] {processor.py:830} INFO - Processing file /home/airflow/.local/lib/python3.8/site-packages/airflow/example_dags/example_python_operator.py for tasks to queue
[2024-04-02T08:25:33.657+0000] {logging_mixin.py:188} INFO - [2024-04-02T08:25:33.656+0000] {dagbag.py:540} INFO - Filling up the DagBag from /home/airflow/.local/lib/python3.8/site-packages/airflow/example_dags/example_python_operator.py
[2024-04-02T08:25:33.672+0000] {processor.py:840} INFO - DAG(s) 'example_python_operator' retrieved from /home/airflow/.local/lib/python3.8/site-packages/airflow/example_dags/example_python_operator.py
[2024-04-02T08:25:33.710+0000] {logging_mixin.py:188} INFO - [2024-04-02T08:25:33.710+0000] {dag.py:3047} INFO - Sync 1 DAGs
[2024-04-02T08:25:33.730+0000] {logging_mixin.py:188} INFO - [2024-04-02T08:25:33.730+0000] {dag.py:3834} INFO - Setting next_dagrun for example_python_operator to None, run_after=None
[2024-04-02T08:25:33.773+0000] {processor.py:183} INFO - Processing /home/airflow/.local/lib/python3.8/site-packages/airflow/example_dags/example_python_operator.py took 0.125 seconds
[2024-04-02T08:26:03.853+0000] {processor.py:161} INFO - Started process (PID=1075) to work on /home/airflow/.local/lib/python3.8/site-packages/airflow/example_dags/example_python_operator.py
[2024-04-02T08:26:03.855+0000] {processor.py:830} INFO - Processing file /home/airflow/.local/lib/python3.8/site-packages/airflow/example_dags/example_python_operator.py for tasks to queue
[2024-04-02T08:26:03.859+0000] {logging_mixin.py:188} INFO - [2024-04-02T08:26:03.859+0000] {dagbag.py:540} INFO - Filling up the DagBag from /home/airflow/.local/lib/python3.8/site-packages/airflow/example_dags/example_python_operator.py
[2024-04-02T08:26:03.884+0000] {processor.py:840} INFO - DAG(s) 'example_python_operator' retrieved from /home/airflow/.local/lib/python3.8/site-packages/airflow/example_dags/example_python_operator.py
[2024-04-02T08:26:03.930+0000] {logging_mixin.py:188} INFO - [2024-04-02T08:26:03.929+0000] {dag.py:3047} INFO - Sync 1 DAGs
[2024-04-02T08:26:03.956+0000] {logging_mixin.py:188} INFO - [2024-04-02T08:26:03.955+0000] {dag.py:3834} INFO - Setting next_dagrun for example_python_operator to None, run_after=None
[2024-04-02T08:26:04.002+0000] {processor.py:183} INFO - Processing /home/airflow/.local/lib/python3.8/site-packages/airflow/example_dags/example_python_operator.py took 0.155 seconds
[2024-04-02T08:26:34.460+0000] {processor.py:161} INFO - Started process (PID=1131) to work on /home/airflow/.local/lib/python3.8/site-packages/airflow/example_dags/example_python_operator.py
[2024-04-02T08:26:34.464+0000] {processor.py:830} INFO - Processing file /home/airflow/.local/lib/python3.8/site-packages/airflow/example_dags/example_python_operator.py for tasks to queue
[2024-04-02T08:26:34.468+0000] {logging_mixin.py:188} INFO - [2024-04-02T08:26:34.467+0000] {dagbag.py:540} INFO - Filling up the DagBag from /home/airflow/.local/lib/python3.8/site-packages/airflow/example_dags/example_python_operator.py
[2024-04-02T08:26:34.486+0000] {processor.py:840} INFO - DAG(s) 'example_python_operator' retrieved from /home/airflow/.local/lib/python3.8/site-packages/airflow/example_dags/example_python_operator.py
[2024-04-02T08:26:34.519+0000] {logging_mixin.py:188} INFO - [2024-04-02T08:26:34.518+0000] {dag.py:3047} INFO - Sync 1 DAGs
[2024-04-02T08:26:34.541+0000] {logging_mixin.py:188} INFO - [2024-04-02T08:26:34.541+0000] {dag.py:3834} INFO - Setting next_dagrun for example_python_operator to None, run_after=None
[2024-04-02T08:26:34.575+0000] {processor.py:183} INFO - Processing /home/airflow/.local/lib/python3.8/site-packages/airflow/example_dags/example_python_operator.py took 0.120 seconds
[2024-04-02T08:27:04.632+0000] {processor.py:161} INFO - Started process (PID=1185) to work on /home/airflow/.local/lib/python3.8/site-packages/airflow/example_dags/example_python_operator.py
[2024-04-02T08:27:04.634+0000] {processor.py:830} INFO - Processing file /home/airflow/.local/lib/python3.8/site-packages/airflow/example_dags/example_python_operator.py for tasks to queue
[2024-04-02T08:27:04.636+0000] {logging_mixin.py:188} INFO - [2024-04-02T08:27:04.635+0000] {dagbag.py:540} INFO - Filling up the DagBag from /home/airflow/.local/lib/python3.8/site-packages/airflow/example_dags/example_python_operator.py
[2024-04-02T08:27:04.650+0000] {processor.py:840} INFO - DAG(s) 'example_python_operator' retrieved from /home/airflow/.local/lib/python3.8/site-packages/airflow/example_dags/example_python_operator.py
[2024-04-02T08:27:04.681+0000] {logging_mixin.py:188} INFO - [2024-04-02T08:27:04.681+0000] {dag.py:3047} INFO - Sync 1 DAGs
[2024-04-02T08:27:04.700+0000] {logging_mixin.py:188} INFO - [2024-04-02T08:27:04.699+0000] {dag.py:3834} INFO - Setting next_dagrun for example_python_operator to None, run_after=None
[2024-04-02T08:27:04.734+0000] {processor.py:183} INFO - Processing /home/airflow/.local/lib/python3.8/site-packages/airflow/example_dags/example_python_operator.py took 0.106 seconds
[2024-04-02T08:27:35.045+0000] {processor.py:161} INFO - Started process (PID=1241) to work on /home/airflow/.local/lib/python3.8/site-packages/airflow/example_dags/example_python_operator.py
[2024-04-02T08:27:35.047+0000] {processor.py:830} INFO - Processing file /home/airflow/.local/lib/python3.8/site-packages/airflow/example_dags/example_python_operator.py for tasks to queue
[2024-04-02T08:27:35.049+0000] {logging_mixin.py:188} INFO - [2024-04-02T08:27:35.049+0000] {dagbag.py:540} INFO - Filling up the DagBag from /home/airflow/.local/lib/python3.8/site-packages/airflow/example_dags/example_python_operator.py
[2024-04-02T08:27:35.066+0000] {processor.py:840} INFO - DAG(s) 'example_python_operator' retrieved from /home/airflow/.local/lib/python3.8/site-packages/airflow/example_dags/example_python_operator.py
[2024-04-02T08:27:35.106+0000] {logging_mixin.py:188} INFO - [2024-04-02T08:27:35.105+0000] {dag.py:3047} INFO - Sync 1 DAGs
[2024-04-02T08:27:35.129+0000] {logging_mixin.py:188} INFO - [2024-04-02T08:27:35.128+0000] {dag.py:3834} INFO - Setting next_dagrun for example_python_operator to None, run_after=None
[2024-04-02T08:27:35.175+0000] {processor.py:183} INFO - Processing /home/airflow/.local/lib/python3.8/site-packages/airflow/example_dags/example_python_operator.py took 0.134 seconds
[2024-04-02T08:28:05.722+0000] {processor.py:161} INFO - Started process (PID=1297) to work on /home/airflow/.local/lib/python3.8/site-packages/airflow/example_dags/example_python_operator.py
[2024-04-02T08:28:05.724+0000] {processor.py:830} INFO - Processing file /home/airflow/.local/lib/python3.8/site-packages/airflow/example_dags/example_python_operator.py for tasks to queue
[2024-04-02T08:28:05.727+0000] {logging_mixin.py:188} INFO - [2024-04-02T08:28:05.726+0000] {dagbag.py:540} INFO - Filling up the DagBag from /home/airflow/.local/lib/python3.8/site-packages/airflow/example_dags/example_python_operator.py
[2024-04-02T08:28:05.742+0000] {processor.py:840} INFO - DAG(s) 'example_python_operator' retrieved from /home/airflow/.local/lib/python3.8/site-packages/airflow/example_dags/example_python_operator.py
[2024-04-02T08:28:05.781+0000] {logging_mixin.py:188} INFO - [2024-04-02T08:28:05.780+0000] {dag.py:3047} INFO - Sync 1 DAGs
[2024-04-02T08:28:05.806+0000] {logging_mixin.py:188} INFO - [2024-04-02T08:28:05.805+0000] {dag.py:3834} INFO - Setting next_dagrun for example_python_operator to None, run_after=None
[2024-04-02T08:28:05.841+0000] {processor.py:183} INFO - Processing /home/airflow/.local/lib/python3.8/site-packages/airflow/example_dags/example_python_operator.py took 0.124 seconds
[2024-04-02T08:28:35.928+0000] {processor.py:161} INFO - Started process (PID=1353) to work on /home/airflow/.local/lib/python3.8/site-packages/airflow/example_dags/example_python_operator.py
[2024-04-02T08:28:35.930+0000] {processor.py:830} INFO - Processing file /home/airflow/.local/lib/python3.8/site-packages/airflow/example_dags/example_python_operator.py for tasks to queue
[2024-04-02T08:28:35.934+0000] {logging_mixin.py:188} INFO - [2024-04-02T08:28:35.933+0000] {dagbag.py:540} INFO - Filling up the DagBag from /home/airflow/.local/lib/python3.8/site-packages/airflow/example_dags/example_python_operator.py
[2024-04-02T08:28:35.957+0000] {processor.py:840} INFO - DAG(s) 'example_python_operator' retrieved from /home/airflow/.local/lib/python3.8/site-packages/airflow/example_dags/example_python_operator.py
[2024-04-02T08:28:36.010+0000] {logging_mixin.py:188} INFO - [2024-04-02T08:28:36.010+0000] {dag.py:3047} INFO - Sync 1 DAGs
[2024-04-02T08:28:36.043+0000] {logging_mixin.py:188} INFO - [2024-04-02T08:28:36.043+0000] {dag.py:3834} INFO - Setting next_dagrun for example_python_operator to None, run_after=None
[2024-04-02T08:28:36.098+0000] {processor.py:183} INFO - Processing /home/airflow/.local/lib/python3.8/site-packages/airflow/example_dags/example_python_operator.py took 0.176 seconds
[2024-04-02T08:29:06.202+0000] {processor.py:161} INFO - Started process (PID=1409) to work on /home/airflow/.local/lib/python3.8/site-packages/airflow/example_dags/example_python_operator.py
[2024-04-02T08:29:06.204+0000] {processor.py:830} INFO - Processing file /home/airflow/.local/lib/python3.8/site-packages/airflow/example_dags/example_python_operator.py for tasks to queue
[2024-04-02T08:29:06.206+0000] {logging_mixin.py:188} INFO - [2024-04-02T08:29:06.206+0000] {dagbag.py:540} INFO - Filling up the DagBag from /home/airflow/.local/lib/python3.8/site-packages/airflow/example_dags/example_python_operator.py
[2024-04-02T08:29:06.222+0000] {processor.py:840} INFO - DAG(s) 'example_python_operator' retrieved from /home/airflow/.local/lib/python3.8/site-packages/airflow/example_dags/example_python_operator.py
[2024-04-02T08:29:06.261+0000] {logging_mixin.py:188} INFO - [2024-04-02T08:29:06.260+0000] {dag.py:3047} INFO - Sync 1 DAGs
[2024-04-02T08:29:06.287+0000] {logging_mixin.py:188} INFO - [2024-04-02T08:29:06.286+0000] {dag.py:3834} INFO - Setting next_dagrun for example_python_operator to None, run_after=None
[2024-04-02T08:29:06.328+0000] {processor.py:183} INFO - Processing /home/airflow/.local/lib/python3.8/site-packages/airflow/example_dags/example_python_operator.py took 0.130 seconds
[2024-04-02T08:29:36.667+0000] {processor.py:161} INFO - Started process (PID=1463) to work on /home/airflow/.local/lib/python3.8/site-packages/airflow/example_dags/example_python_operator.py
[2024-04-02T08:29:36.669+0000] {processor.py:830} INFO - Processing file /home/airflow/.local/lib/python3.8/site-packages/airflow/example_dags/example_python_operator.py for tasks to queue
[2024-04-02T08:29:36.674+0000] {logging_mixin.py:188} INFO - [2024-04-02T08:29:36.673+0000] {dagbag.py:540} INFO - Filling up the DagBag from /home/airflow/.local/lib/python3.8/site-packages/airflow/example_dags/example_python_operator.py
[2024-04-02T08:29:36.691+0000] {processor.py:840} INFO - DAG(s) 'example_python_operator' retrieved from /home/airflow/.local/lib/python3.8/site-packages/airflow/example_dags/example_python_operator.py
[2024-04-02T08:29:36.735+0000] {logging_mixin.py:188} INFO - [2024-04-02T08:29:36.735+0000] {dag.py:3047} INFO - Sync 1 DAGs
[2024-04-02T08:29:36.762+0000] {logging_mixin.py:188} INFO - [2024-04-02T08:29:36.761+0000] {dag.py:3834} INFO - Setting next_dagrun for example_python_operator to None, run_after=None
[2024-04-02T08:29:36.802+0000] {processor.py:183} INFO - Processing /home/airflow/.local/lib/python3.8/site-packages/airflow/example_dags/example_python_operator.py took 0.138 seconds
[2024-04-02T08:30:07.534+0000] {processor.py:161} INFO - Started process (PID=1519) to work on /home/airflow/.local/lib/python3.8/site-packages/airflow/example_dags/example_python_operator.py
[2024-04-02T08:30:07.536+0000] {processor.py:830} INFO - Processing file /home/airflow/.local/lib/python3.8/site-packages/airflow/example_dags/example_python_operator.py for tasks to queue
[2024-04-02T08:30:07.539+0000] {logging_mixin.py:188} INFO - [2024-04-02T08:30:07.538+0000] {dagbag.py:540} INFO - Filling up the DagBag from /home/airflow/.local/lib/python3.8/site-packages/airflow/example_dags/example_python_operator.py
[2024-04-02T08:30:07.558+0000] {processor.py:840} INFO - DAG(s) 'example_python_operator' retrieved from /home/airflow/.local/lib/python3.8/site-packages/airflow/example_dags/example_python_operator.py
[2024-04-02T08:30:07.603+0000] {logging_mixin.py:188} INFO - [2024-04-02T08:30:07.603+0000] {dag.py:3047} INFO - Sync 1 DAGs
[2024-04-02T08:30:07.634+0000] {logging_mixin.py:188} INFO - [2024-04-02T08:30:07.633+0000] {dag.py:3834} INFO - Setting next_dagrun for example_python_operator to None, run_after=None
[2024-04-02T08:30:07.687+0000] {processor.py:183} INFO - Processing /home/airflow/.local/lib/python3.8/site-packages/airflow/example_dags/example_python_operator.py took 0.158 seconds
[2024-04-02T08:30:38.248+0000] {processor.py:161} INFO - Started process (PID=1575) to work on /home/airflow/.local/lib/python3.8/site-packages/airflow/example_dags/example_python_operator.py
[2024-04-02T08:30:38.249+0000] {processor.py:830} INFO - Processing file /home/airflow/.local/lib/python3.8/site-packages/airflow/example_dags/example_python_operator.py for tasks to queue
[2024-04-02T08:30:38.253+0000] {logging_mixin.py:188} INFO - [2024-04-02T08:30:38.252+0000] {dagbag.py:540} INFO - Filling up the DagBag from /home/airflow/.local/lib/python3.8/site-packages/airflow/example_dags/example_python_operator.py
[2024-04-02T08:30:38.273+0000] {processor.py:840} INFO - DAG(s) 'example_python_operator' retrieved from /home/airflow/.local/lib/python3.8/site-packages/airflow/example_dags/example_python_operator.py
[2024-04-02T08:30:38.311+0000] {logging_mixin.py:188} INFO - [2024-04-02T08:30:38.311+0000] {dag.py:3047} INFO - Sync 1 DAGs
[2024-04-02T08:30:38.331+0000] {logging_mixin.py:188} INFO - [2024-04-02T08:30:38.331+0000] {dag.py:3834} INFO - Setting next_dagrun for example_python_operator to None, run_after=None
[2024-04-02T08:30:38.367+0000] {processor.py:183} INFO - Processing /home/airflow/.local/lib/python3.8/site-packages/airflow/example_dags/example_python_operator.py took 0.123 seconds
[2024-04-02T08:31:08.621+0000] {processor.py:161} INFO - Started process (PID=1631) to work on /home/airflow/.local/lib/python3.8/site-packages/airflow/example_dags/example_python_operator.py
[2024-04-02T08:31:08.623+0000] {processor.py:830} INFO - Processing file /home/airflow/.local/lib/python3.8/site-packages/airflow/example_dags/example_python_operator.py for tasks to queue
[2024-04-02T08:31:08.626+0000] {logging_mixin.py:188} INFO - [2024-04-02T08:31:08.625+0000] {dagbag.py:540} INFO - Filling up the DagBag from /home/airflow/.local/lib/python3.8/site-packages/airflow/example_dags/example_python_operator.py
[2024-04-02T08:31:08.644+0000] {processor.py:840} INFO - DAG(s) 'example_python_operator' retrieved from /home/airflow/.local/lib/python3.8/site-packages/airflow/example_dags/example_python_operator.py
[2024-04-02T08:31:08.680+0000] {logging_mixin.py:188} INFO - [2024-04-02T08:31:08.680+0000] {dag.py:3047} INFO - Sync 1 DAGs
[2024-04-02T08:31:08.702+0000] {logging_mixin.py:188} INFO - [2024-04-02T08:31:08.702+0000] {dag.py:3834} INFO - Setting next_dagrun for example_python_operator to None, run_after=None
[2024-04-02T08:31:08.742+0000] {processor.py:183} INFO - Processing /home/airflow/.local/lib/python3.8/site-packages/airflow/example_dags/example_python_operator.py took 0.126 seconds
