[2024-04-02T07:45:15.323+0000] {processor.py:161} INFO - Started process (PID=55) to work on /home/airflow/.local/lib/python3.8/site-packages/airflow/example_dags/example_skip_dag.py
[2024-04-02T07:45:15.325+0000] {processor.py:830} INFO - Processing file /home/airflow/.local/lib/python3.8/site-packages/airflow/example_dags/example_skip_dag.py for tasks to queue
[2024-04-02T07:45:15.330+0000] {logging_mixin.py:188} INFO - [2024-04-02T07:45:15.329+0000] {dagbag.py:540} INFO - Filling up the DagBag from /home/airflow/.local/lib/python3.8/site-packages/airflow/example_dags/example_skip_dag.py
[2024-04-02T07:45:15.529+0000] {processor.py:840} INFO - DAG(s) 'example_skip_dag' retrieved from /home/airflow/.local/lib/python3.8/site-packages/airflow/example_dags/example_skip_dag.py
[2024-04-02T07:45:16.222+0000] {logging_mixin.py:188} INFO - [2024-04-02T07:45:16.221+0000] {dag.py:3047} INFO - Sync 1 DAGs
[2024-04-02T07:45:16.355+0000] {logging_mixin.py:188} INFO - [2024-04-02T07:45:16.354+0000] {dag.py:3834} INFO - Setting next_dagrun for example_skip_dag to 2024-04-01 00:00:00+00:00, run_after=2024-04-02 00:00:00+00:00
[2024-04-02T07:45:16.446+0000] {processor.py:183} INFO - Processing /home/airflow/.local/lib/python3.8/site-packages/airflow/example_dags/example_skip_dag.py took 1.155 seconds
[2024-04-02T07:45:46.603+0000] {processor.py:161} INFO - Started process (PID=111) to work on /home/airflow/.local/lib/python3.8/site-packages/airflow/example_dags/example_skip_dag.py
[2024-04-02T07:45:46.605+0000] {processor.py:830} INFO - Processing file /home/airflow/.local/lib/python3.8/site-packages/airflow/example_dags/example_skip_dag.py for tasks to queue
[2024-04-02T07:45:46.613+0000] {logging_mixin.py:188} INFO - [2024-04-02T07:45:46.612+0000] {dagbag.py:540} INFO - Filling up the DagBag from /home/airflow/.local/lib/python3.8/site-packages/airflow/example_dags/example_skip_dag.py
[2024-04-02T07:45:46.739+0000] {processor.py:840} INFO - DAG(s) 'example_skip_dag' retrieved from /home/airflow/.local/lib/python3.8/site-packages/airflow/example_dags/example_skip_dag.py
[2024-04-02T07:45:46.880+0000] {logging_mixin.py:188} INFO - [2024-04-02T07:45:46.879+0000] {dag.py:3047} INFO - Sync 1 DAGs
[2024-04-02T07:45:46.938+0000] {logging_mixin.py:188} INFO - [2024-04-02T07:45:46.938+0000] {dag.py:3834} INFO - Setting next_dagrun for example_skip_dag to 2024-04-01 00:00:00+00:00, run_after=2024-04-02 00:00:00+00:00
[2024-04-02T07:45:46.984+0000] {processor.py:183} INFO - Processing /home/airflow/.local/lib/python3.8/site-packages/airflow/example_dags/example_skip_dag.py took 0.385 seconds
[2024-04-02T07:46:17.629+0000] {processor.py:161} INFO - Started process (PID=167) to work on /home/airflow/.local/lib/python3.8/site-packages/airflow/example_dags/example_skip_dag.py
[2024-04-02T07:46:17.631+0000] {processor.py:830} INFO - Processing file /home/airflow/.local/lib/python3.8/site-packages/airflow/example_dags/example_skip_dag.py for tasks to queue
[2024-04-02T07:46:17.635+0000] {logging_mixin.py:188} INFO - [2024-04-02T07:46:17.635+0000] {dagbag.py:540} INFO - Filling up the DagBag from /home/airflow/.local/lib/python3.8/site-packages/airflow/example_dags/example_skip_dag.py
[2024-04-02T07:46:17.645+0000] {processor.py:840} INFO - DAG(s) 'example_skip_dag' retrieved from /home/airflow/.local/lib/python3.8/site-packages/airflow/example_dags/example_skip_dag.py
[2024-04-02T07:46:17.678+0000] {logging_mixin.py:188} INFO - [2024-04-02T07:46:17.677+0000] {dag.py:3047} INFO - Sync 1 DAGs
[2024-04-02T07:46:17.708+0000] {logging_mixin.py:188} INFO - [2024-04-02T07:46:17.707+0000] {dag.py:3834} INFO - Setting next_dagrun for example_skip_dag to 2024-04-01 00:00:00+00:00, run_after=2024-04-02 00:00:00+00:00
[2024-04-02T07:46:17.741+0000] {processor.py:183} INFO - Processing /home/airflow/.local/lib/python3.8/site-packages/airflow/example_dags/example_skip_dag.py took 0.118 seconds
[2024-04-02T07:46:48.297+0000] {processor.py:161} INFO - Started process (PID=223) to work on /home/airflow/.local/lib/python3.8/site-packages/airflow/example_dags/example_skip_dag.py
[2024-04-02T07:46:48.319+0000] {processor.py:830} INFO - Processing file /home/airflow/.local/lib/python3.8/site-packages/airflow/example_dags/example_skip_dag.py for tasks to queue
[2024-04-02T07:46:48.323+0000] {logging_mixin.py:188} INFO - [2024-04-02T07:46:48.322+0000] {dagbag.py:540} INFO - Filling up the DagBag from /home/airflow/.local/lib/python3.8/site-packages/airflow/example_dags/example_skip_dag.py
[2024-04-02T07:46:48.332+0000] {processor.py:840} INFO - DAG(s) 'example_skip_dag' retrieved from /home/airflow/.local/lib/python3.8/site-packages/airflow/example_dags/example_skip_dag.py
[2024-04-02T07:46:48.376+0000] {logging_mixin.py:188} INFO - [2024-04-02T07:46:48.375+0000] {dag.py:3047} INFO - Sync 1 DAGs
[2024-04-02T07:46:48.431+0000] {logging_mixin.py:188} INFO - [2024-04-02T07:46:48.431+0000] {dag.py:3834} INFO - Setting next_dagrun for example_skip_dag to 2024-04-01 00:00:00+00:00, run_after=2024-04-02 00:00:00+00:00
[2024-04-02T07:46:48.501+0000] {processor.py:183} INFO - Processing /home/airflow/.local/lib/python3.8/site-packages/airflow/example_dags/example_skip_dag.py took 0.213 seconds
[2024-04-02T07:47:18.564+0000] {processor.py:161} INFO - Started process (PID=279) to work on /home/airflow/.local/lib/python3.8/site-packages/airflow/example_dags/example_skip_dag.py
[2024-04-02T07:47:18.570+0000] {processor.py:830} INFO - Processing file /home/airflow/.local/lib/python3.8/site-packages/airflow/example_dags/example_skip_dag.py for tasks to queue
[2024-04-02T07:47:18.573+0000] {logging_mixin.py:188} INFO - [2024-04-02T07:47:18.572+0000] {dagbag.py:540} INFO - Filling up the DagBag from /home/airflow/.local/lib/python3.8/site-packages/airflow/example_dags/example_skip_dag.py
[2024-04-02T07:47:18.584+0000] {processor.py:840} INFO - DAG(s) 'example_skip_dag' retrieved from /home/airflow/.local/lib/python3.8/site-packages/airflow/example_dags/example_skip_dag.py
[2024-04-02T07:47:18.619+0000] {logging_mixin.py:188} INFO - [2024-04-02T07:47:18.618+0000] {dag.py:3047} INFO - Sync 1 DAGs
[2024-04-02T07:47:18.653+0000] {logging_mixin.py:188} INFO - [2024-04-02T07:47:18.652+0000] {dag.py:3834} INFO - Setting next_dagrun for example_skip_dag to 2024-04-01 00:00:00+00:00, run_after=2024-04-02 00:00:00+00:00
[2024-04-02T07:47:18.687+0000] {processor.py:183} INFO - Processing /home/airflow/.local/lib/python3.8/site-packages/airflow/example_dags/example_skip_dag.py took 0.129 seconds
[2024-04-02T07:47:49.264+0000] {processor.py:161} INFO - Started process (PID=335) to work on /home/airflow/.local/lib/python3.8/site-packages/airflow/example_dags/example_skip_dag.py
[2024-04-02T07:47:49.267+0000] {processor.py:830} INFO - Processing file /home/airflow/.local/lib/python3.8/site-packages/airflow/example_dags/example_skip_dag.py for tasks to queue
[2024-04-02T07:47:49.272+0000] {logging_mixin.py:188} INFO - [2024-04-02T07:47:49.271+0000] {dagbag.py:540} INFO - Filling up the DagBag from /home/airflow/.local/lib/python3.8/site-packages/airflow/example_dags/example_skip_dag.py
[2024-04-02T07:47:49.286+0000] {processor.py:840} INFO - DAG(s) 'example_skip_dag' retrieved from /home/airflow/.local/lib/python3.8/site-packages/airflow/example_dags/example_skip_dag.py
[2024-04-02T07:47:49.331+0000] {logging_mixin.py:188} INFO - [2024-04-02T07:47:49.330+0000] {dag.py:3047} INFO - Sync 1 DAGs
[2024-04-02T07:47:49.391+0000] {logging_mixin.py:188} INFO - [2024-04-02T07:47:49.390+0000] {dag.py:3834} INFO - Setting next_dagrun for example_skip_dag to 2024-04-01 00:00:00+00:00, run_after=2024-04-02 00:00:00+00:00
[2024-04-02T07:47:49.440+0000] {processor.py:183} INFO - Processing /home/airflow/.local/lib/python3.8/site-packages/airflow/example_dags/example_skip_dag.py took 0.181 seconds
[2024-04-02T07:48:19.617+0000] {processor.py:161} INFO - Started process (PID=391) to work on /home/airflow/.local/lib/python3.8/site-packages/airflow/example_dags/example_skip_dag.py
[2024-04-02T07:48:19.619+0000] {processor.py:830} INFO - Processing file /home/airflow/.local/lib/python3.8/site-packages/airflow/example_dags/example_skip_dag.py for tasks to queue
[2024-04-02T07:48:19.621+0000] {logging_mixin.py:188} INFO - [2024-04-02T07:48:19.621+0000] {dagbag.py:540} INFO - Filling up the DagBag from /home/airflow/.local/lib/python3.8/site-packages/airflow/example_dags/example_skip_dag.py
[2024-04-02T07:48:19.630+0000] {processor.py:840} INFO - DAG(s) 'example_skip_dag' retrieved from /home/airflow/.local/lib/python3.8/site-packages/airflow/example_dags/example_skip_dag.py
[2024-04-02T07:48:19.664+0000] {logging_mixin.py:188} INFO - [2024-04-02T07:48:19.663+0000] {dag.py:3047} INFO - Sync 1 DAGs
[2024-04-02T07:48:19.710+0000] {logging_mixin.py:188} INFO - [2024-04-02T07:48:19.710+0000] {dag.py:3834} INFO - Setting next_dagrun for example_skip_dag to 2024-04-01 00:00:00+00:00, run_after=2024-04-02 00:00:00+00:00
[2024-04-02T07:48:19.746+0000] {processor.py:183} INFO - Processing /home/airflow/.local/lib/python3.8/site-packages/airflow/example_dags/example_skip_dag.py took 0.134 seconds
[2024-04-02T07:48:50.494+0000] {processor.py:161} INFO - Started process (PID=447) to work on /home/airflow/.local/lib/python3.8/site-packages/airflow/example_dags/example_skip_dag.py
[2024-04-02T07:48:50.497+0000] {processor.py:830} INFO - Processing file /home/airflow/.local/lib/python3.8/site-packages/airflow/example_dags/example_skip_dag.py for tasks to queue
[2024-04-02T07:48:50.500+0000] {logging_mixin.py:188} INFO - [2024-04-02T07:48:50.500+0000] {dagbag.py:540} INFO - Filling up the DagBag from /home/airflow/.local/lib/python3.8/site-packages/airflow/example_dags/example_skip_dag.py
[2024-04-02T07:48:50.531+0000] {processor.py:840} INFO - DAG(s) 'example_skip_dag' retrieved from /home/airflow/.local/lib/python3.8/site-packages/airflow/example_dags/example_skip_dag.py
[2024-04-02T07:48:50.618+0000] {logging_mixin.py:188} INFO - [2024-04-02T07:48:50.617+0000] {dag.py:3047} INFO - Sync 1 DAGs
[2024-04-02T07:48:50.705+0000] {logging_mixin.py:188} INFO - [2024-04-02T07:48:50.704+0000] {dag.py:3834} INFO - Setting next_dagrun for example_skip_dag to 2024-04-01 00:00:00+00:00, run_after=2024-04-02 00:00:00+00:00
[2024-04-02T07:48:50.791+0000] {processor.py:183} INFO - Processing /home/airflow/.local/lib/python3.8/site-packages/airflow/example_dags/example_skip_dag.py took 0.301 seconds
[2024-04-02T07:49:21.070+0000] {processor.py:161} INFO - Started process (PID=503) to work on /home/airflow/.local/lib/python3.8/site-packages/airflow/example_dags/example_skip_dag.py
[2024-04-02T07:49:21.072+0000] {processor.py:830} INFO - Processing file /home/airflow/.local/lib/python3.8/site-packages/airflow/example_dags/example_skip_dag.py for tasks to queue
[2024-04-02T07:49:21.076+0000] {logging_mixin.py:188} INFO - [2024-04-02T07:49:21.075+0000] {dagbag.py:540} INFO - Filling up the DagBag from /home/airflow/.local/lib/python3.8/site-packages/airflow/example_dags/example_skip_dag.py
[2024-04-02T07:49:21.099+0000] {processor.py:840} INFO - DAG(s) 'example_skip_dag' retrieved from /home/airflow/.local/lib/python3.8/site-packages/airflow/example_dags/example_skip_dag.py
[2024-04-02T07:49:21.162+0000] {logging_mixin.py:188} INFO - [2024-04-02T07:49:21.161+0000] {dag.py:3047} INFO - Sync 1 DAGs
[2024-04-02T07:49:21.223+0000] {logging_mixin.py:188} INFO - [2024-04-02T07:49:21.223+0000] {dag.py:3834} INFO - Setting next_dagrun for example_skip_dag to 2024-04-01 00:00:00+00:00, run_after=2024-04-02 00:00:00+00:00
[2024-04-02T07:49:21.309+0000] {processor.py:183} INFO - Processing /home/airflow/.local/lib/python3.8/site-packages/airflow/example_dags/example_skip_dag.py took 0.246 seconds
[2024-04-02T07:49:51.402+0000] {processor.py:161} INFO - Started process (PID=559) to work on /home/airflow/.local/lib/python3.8/site-packages/airflow/example_dags/example_skip_dag.py
[2024-04-02T07:49:51.404+0000] {processor.py:830} INFO - Processing file /home/airflow/.local/lib/python3.8/site-packages/airflow/example_dags/example_skip_dag.py for tasks to queue
[2024-04-02T07:49:51.407+0000] {logging_mixin.py:188} INFO - [2024-04-02T07:49:51.406+0000] {dagbag.py:540} INFO - Filling up the DagBag from /home/airflow/.local/lib/python3.8/site-packages/airflow/example_dags/example_skip_dag.py
[2024-04-02T07:49:51.415+0000] {processor.py:840} INFO - DAG(s) 'example_skip_dag' retrieved from /home/airflow/.local/lib/python3.8/site-packages/airflow/example_dags/example_skip_dag.py
[2024-04-02T07:49:51.448+0000] {logging_mixin.py:188} INFO - [2024-04-02T07:49:51.447+0000] {dag.py:3047} INFO - Sync 1 DAGs
[2024-04-02T07:49:51.483+0000] {logging_mixin.py:188} INFO - [2024-04-02T07:49:51.483+0000] {dag.py:3834} INFO - Setting next_dagrun for example_skip_dag to 2024-04-01 00:00:00+00:00, run_after=2024-04-02 00:00:00+00:00
[2024-04-02T07:49:51.529+0000] {processor.py:183} INFO - Processing /home/airflow/.local/lib/python3.8/site-packages/airflow/example_dags/example_skip_dag.py took 0.131 seconds
[2024-04-02T07:50:21.780+0000] {processor.py:161} INFO - Started process (PID=615) to work on /home/airflow/.local/lib/python3.8/site-packages/airflow/example_dags/example_skip_dag.py
[2024-04-02T07:50:21.782+0000] {processor.py:830} INFO - Processing file /home/airflow/.local/lib/python3.8/site-packages/airflow/example_dags/example_skip_dag.py for tasks to queue
[2024-04-02T07:50:21.785+0000] {logging_mixin.py:188} INFO - [2024-04-02T07:50:21.784+0000] {dagbag.py:540} INFO - Filling up the DagBag from /home/airflow/.local/lib/python3.8/site-packages/airflow/example_dags/example_skip_dag.py
[2024-04-02T07:50:21.797+0000] {processor.py:840} INFO - DAG(s) 'example_skip_dag' retrieved from /home/airflow/.local/lib/python3.8/site-packages/airflow/example_dags/example_skip_dag.py
[2024-04-02T07:50:21.838+0000] {logging_mixin.py:188} INFO - [2024-04-02T07:50:21.838+0000] {dag.py:3047} INFO - Sync 1 DAGs
[2024-04-02T07:50:21.873+0000] {logging_mixin.py:188} INFO - [2024-04-02T07:50:21.872+0000] {dag.py:3834} INFO - Setting next_dagrun for example_skip_dag to 2024-04-01 00:00:00+00:00, run_after=2024-04-02 00:00:00+00:00
[2024-04-02T07:50:21.911+0000] {processor.py:183} INFO - Processing /home/airflow/.local/lib/python3.8/site-packages/airflow/example_dags/example_skip_dag.py took 0.135 seconds
[2024-04-02T07:50:52.241+0000] {processor.py:161} INFO - Started process (PID=671) to work on /home/airflow/.local/lib/python3.8/site-packages/airflow/example_dags/example_skip_dag.py
[2024-04-02T07:50:52.244+0000] {processor.py:830} INFO - Processing file /home/airflow/.local/lib/python3.8/site-packages/airflow/example_dags/example_skip_dag.py for tasks to queue
[2024-04-02T07:50:52.248+0000] {logging_mixin.py:188} INFO - [2024-04-02T07:50:52.247+0000] {dagbag.py:540} INFO - Filling up the DagBag from /home/airflow/.local/lib/python3.8/site-packages/airflow/example_dags/example_skip_dag.py
[2024-04-02T07:50:52.266+0000] {processor.py:840} INFO - DAG(s) 'example_skip_dag' retrieved from /home/airflow/.local/lib/python3.8/site-packages/airflow/example_dags/example_skip_dag.py
[2024-04-02T07:50:52.311+0000] {logging_mixin.py:188} INFO - [2024-04-02T07:50:52.310+0000] {dag.py:3047} INFO - Sync 1 DAGs
[2024-04-02T07:50:52.347+0000] {logging_mixin.py:188} INFO - [2024-04-02T07:50:52.347+0000] {dag.py:3834} INFO - Setting next_dagrun for example_skip_dag to 2024-04-01 00:00:00+00:00, run_after=2024-04-02 00:00:00+00:00
[2024-04-02T07:50:52.384+0000] {processor.py:183} INFO - Processing /home/airflow/.local/lib/python3.8/site-packages/airflow/example_dags/example_skip_dag.py took 0.148 seconds
[2024-04-02T07:51:22.947+0000] {processor.py:161} INFO - Started process (PID=727) to work on /home/airflow/.local/lib/python3.8/site-packages/airflow/example_dags/example_skip_dag.py
[2024-04-02T07:51:22.948+0000] {processor.py:830} INFO - Processing file /home/airflow/.local/lib/python3.8/site-packages/airflow/example_dags/example_skip_dag.py for tasks to queue
[2024-04-02T07:51:22.951+0000] {logging_mixin.py:188} INFO - [2024-04-02T07:51:22.951+0000] {dagbag.py:540} INFO - Filling up the DagBag from /home/airflow/.local/lib/python3.8/site-packages/airflow/example_dags/example_skip_dag.py
[2024-04-02T07:51:22.964+0000] {processor.py:840} INFO - DAG(s) 'example_skip_dag' retrieved from /home/airflow/.local/lib/python3.8/site-packages/airflow/example_dags/example_skip_dag.py
[2024-04-02T07:51:23.009+0000] {logging_mixin.py:188} INFO - [2024-04-02T07:51:23.008+0000] {dag.py:3047} INFO - Sync 1 DAGs
[2024-04-02T07:51:23.060+0000] {logging_mixin.py:188} INFO - [2024-04-02T07:51:23.059+0000] {dag.py:3834} INFO - Setting next_dagrun for example_skip_dag to 2024-04-01 00:00:00+00:00, run_after=2024-04-02 00:00:00+00:00
[2024-04-02T07:51:23.104+0000] {processor.py:183} INFO - Processing /home/airflow/.local/lib/python3.8/site-packages/airflow/example_dags/example_skip_dag.py took 0.163 seconds
[2024-04-02T07:51:53.930+0000] {processor.py:161} INFO - Started process (PID=783) to work on /home/airflow/.local/lib/python3.8/site-packages/airflow/example_dags/example_skip_dag.py
[2024-04-02T07:51:53.932+0000] {processor.py:830} INFO - Processing file /home/airflow/.local/lib/python3.8/site-packages/airflow/example_dags/example_skip_dag.py for tasks to queue
[2024-04-02T07:51:53.936+0000] {logging_mixin.py:188} INFO - [2024-04-02T07:51:53.935+0000] {dagbag.py:540} INFO - Filling up the DagBag from /home/airflow/.local/lib/python3.8/site-packages/airflow/example_dags/example_skip_dag.py
[2024-04-02T07:51:53.953+0000] {processor.py:840} INFO - DAG(s) 'example_skip_dag' retrieved from /home/airflow/.local/lib/python3.8/site-packages/airflow/example_dags/example_skip_dag.py
[2024-04-02T07:51:54.001+0000] {logging_mixin.py:188} INFO - [2024-04-02T07:51:54.000+0000] {dag.py:3047} INFO - Sync 1 DAGs
[2024-04-02T07:51:54.043+0000] {logging_mixin.py:188} INFO - [2024-04-02T07:51:54.042+0000] {dag.py:3834} INFO - Setting next_dagrun for example_skip_dag to 2024-04-01 00:00:00+00:00, run_after=2024-04-02 00:00:00+00:00
[2024-04-02T07:51:54.088+0000] {processor.py:183} INFO - Processing /home/airflow/.local/lib/python3.8/site-packages/airflow/example_dags/example_skip_dag.py took 0.165 seconds
[2024-04-02T07:52:24.852+0000] {processor.py:161} INFO - Started process (PID=839) to work on /home/airflow/.local/lib/python3.8/site-packages/airflow/example_dags/example_skip_dag.py
[2024-04-02T07:52:24.854+0000] {processor.py:830} INFO - Processing file /home/airflow/.local/lib/python3.8/site-packages/airflow/example_dags/example_skip_dag.py for tasks to queue
[2024-04-02T07:52:24.856+0000] {logging_mixin.py:188} INFO - [2024-04-02T07:52:24.856+0000] {dagbag.py:540} INFO - Filling up the DagBag from /home/airflow/.local/lib/python3.8/site-packages/airflow/example_dags/example_skip_dag.py
[2024-04-02T07:52:24.867+0000] {processor.py:840} INFO - DAG(s) 'example_skip_dag' retrieved from /home/airflow/.local/lib/python3.8/site-packages/airflow/example_dags/example_skip_dag.py
[2024-04-02T07:52:24.896+0000] {logging_mixin.py:188} INFO - [2024-04-02T07:52:24.896+0000] {dag.py:3047} INFO - Sync 1 DAGs
[2024-04-02T07:52:24.943+0000] {logging_mixin.py:188} INFO - [2024-04-02T07:52:24.942+0000] {dag.py:3834} INFO - Setting next_dagrun for example_skip_dag to 2024-04-01 00:00:00+00:00, run_after=2024-04-02 00:00:00+00:00
[2024-04-02T07:52:25.094+0000] {processor.py:183} INFO - Processing /home/airflow/.local/lib/python3.8/site-packages/airflow/example_dags/example_skip_dag.py took 0.245 seconds
[2024-04-02T07:52:55.509+0000] {processor.py:161} INFO - Started process (PID=895) to work on /home/airflow/.local/lib/python3.8/site-packages/airflow/example_dags/example_skip_dag.py
[2024-04-02T07:52:55.510+0000] {processor.py:830} INFO - Processing file /home/airflow/.local/lib/python3.8/site-packages/airflow/example_dags/example_skip_dag.py for tasks to queue
[2024-04-02T07:52:55.513+0000] {logging_mixin.py:188} INFO - [2024-04-02T07:52:55.513+0000] {dagbag.py:540} INFO - Filling up the DagBag from /home/airflow/.local/lib/python3.8/site-packages/airflow/example_dags/example_skip_dag.py
[2024-04-02T07:52:55.523+0000] {processor.py:840} INFO - DAG(s) 'example_skip_dag' retrieved from /home/airflow/.local/lib/python3.8/site-packages/airflow/example_dags/example_skip_dag.py
[2024-04-02T07:52:55.563+0000] {logging_mixin.py:188} INFO - [2024-04-02T07:52:55.563+0000] {dag.py:3047} INFO - Sync 1 DAGs
[2024-04-02T07:52:55.607+0000] {logging_mixin.py:188} INFO - [2024-04-02T07:52:55.606+0000] {dag.py:3834} INFO - Setting next_dagrun for example_skip_dag to 2024-04-01 00:00:00+00:00, run_after=2024-04-02 00:00:00+00:00
[2024-04-02T07:52:55.652+0000] {processor.py:183} INFO - Processing /home/airflow/.local/lib/python3.8/site-packages/airflow/example_dags/example_skip_dag.py took 0.148 seconds
[2024-04-02T07:53:26.131+0000] {processor.py:161} INFO - Started process (PID=951) to work on /home/airflow/.local/lib/python3.8/site-packages/airflow/example_dags/example_skip_dag.py
[2024-04-02T07:53:26.133+0000] {processor.py:830} INFO - Processing file /home/airflow/.local/lib/python3.8/site-packages/airflow/example_dags/example_skip_dag.py for tasks to queue
[2024-04-02T07:53:26.137+0000] {logging_mixin.py:188} INFO - [2024-04-02T07:53:26.136+0000] {dagbag.py:540} INFO - Filling up the DagBag from /home/airflow/.local/lib/python3.8/site-packages/airflow/example_dags/example_skip_dag.py
[2024-04-02T07:53:26.151+0000] {processor.py:840} INFO - DAG(s) 'example_skip_dag' retrieved from /home/airflow/.local/lib/python3.8/site-packages/airflow/example_dags/example_skip_dag.py
[2024-04-02T07:53:26.229+0000] {logging_mixin.py:188} INFO - [2024-04-02T07:53:26.228+0000] {dag.py:3047} INFO - Sync 1 DAGs
[2024-04-02T07:53:26.343+0000] {logging_mixin.py:188} INFO - [2024-04-02T07:53:26.343+0000] {dag.py:3834} INFO - Setting next_dagrun for example_skip_dag to 2024-04-01 00:00:00+00:00, run_after=2024-04-02 00:00:00+00:00
[2024-04-02T07:53:26.405+0000] {processor.py:183} INFO - Processing /home/airflow/.local/lib/python3.8/site-packages/airflow/example_dags/example_skip_dag.py took 0.279 seconds
[2024-04-02T07:53:56.698+0000] {processor.py:161} INFO - Started process (PID=1007) to work on /home/airflow/.local/lib/python3.8/site-packages/airflow/example_dags/example_skip_dag.py
[2024-04-02T07:53:56.700+0000] {processor.py:830} INFO - Processing file /home/airflow/.local/lib/python3.8/site-packages/airflow/example_dags/example_skip_dag.py for tasks to queue
[2024-04-02T07:53:56.703+0000] {logging_mixin.py:188} INFO - [2024-04-02T07:53:56.703+0000] {dagbag.py:540} INFO - Filling up the DagBag from /home/airflow/.local/lib/python3.8/site-packages/airflow/example_dags/example_skip_dag.py
[2024-04-02T07:53:56.712+0000] {processor.py:840} INFO - DAG(s) 'example_skip_dag' retrieved from /home/airflow/.local/lib/python3.8/site-packages/airflow/example_dags/example_skip_dag.py
[2024-04-02T07:53:56.749+0000] {logging_mixin.py:188} INFO - [2024-04-02T07:53:56.749+0000] {dag.py:3047} INFO - Sync 1 DAGs
[2024-04-02T07:53:56.789+0000] {logging_mixin.py:188} INFO - [2024-04-02T07:53:56.789+0000] {dag.py:3834} INFO - Setting next_dagrun for example_skip_dag to 2024-04-01 00:00:00+00:00, run_after=2024-04-02 00:00:00+00:00
[2024-04-02T07:53:56.826+0000] {processor.py:183} INFO - Processing /home/airflow/.local/lib/python3.8/site-packages/airflow/example_dags/example_skip_dag.py took 0.134 seconds
[2024-04-02T07:54:27.258+0000] {processor.py:161} INFO - Started process (PID=1063) to work on /home/airflow/.local/lib/python3.8/site-packages/airflow/example_dags/example_skip_dag.py
[2024-04-02T07:54:27.260+0000] {processor.py:830} INFO - Processing file /home/airflow/.local/lib/python3.8/site-packages/airflow/example_dags/example_skip_dag.py for tasks to queue
[2024-04-02T07:54:27.266+0000] {logging_mixin.py:188} INFO - [2024-04-02T07:54:27.264+0000] {dagbag.py:540} INFO - Filling up the DagBag from /home/airflow/.local/lib/python3.8/site-packages/airflow/example_dags/example_skip_dag.py
[2024-04-02T07:54:27.282+0000] {processor.py:840} INFO - DAG(s) 'example_skip_dag' retrieved from /home/airflow/.local/lib/python3.8/site-packages/airflow/example_dags/example_skip_dag.py
[2024-04-02T07:54:27.341+0000] {logging_mixin.py:188} INFO - [2024-04-02T07:54:27.341+0000] {dag.py:3047} INFO - Sync 1 DAGs
[2024-04-02T07:54:27.401+0000] {logging_mixin.py:188} INFO - [2024-04-02T07:54:27.399+0000] {dag.py:3834} INFO - Setting next_dagrun for example_skip_dag to 2024-04-01 00:00:00+00:00, run_after=2024-04-02 00:00:00+00:00
[2024-04-02T07:54:27.458+0000] {processor.py:183} INFO - Processing /home/airflow/.local/lib/python3.8/site-packages/airflow/example_dags/example_skip_dag.py took 0.205 seconds
[2024-04-02T07:54:57.823+0000] {processor.py:161} INFO - Started process (PID=1119) to work on /home/airflow/.local/lib/python3.8/site-packages/airflow/example_dags/example_skip_dag.py
[2024-04-02T07:54:57.825+0000] {processor.py:830} INFO - Processing file /home/airflow/.local/lib/python3.8/site-packages/airflow/example_dags/example_skip_dag.py for tasks to queue
[2024-04-02T07:54:57.829+0000] {logging_mixin.py:188} INFO - [2024-04-02T07:54:57.828+0000] {dagbag.py:540} INFO - Filling up the DagBag from /home/airflow/.local/lib/python3.8/site-packages/airflow/example_dags/example_skip_dag.py
[2024-04-02T07:54:57.839+0000] {processor.py:840} INFO - DAG(s) 'example_skip_dag' retrieved from /home/airflow/.local/lib/python3.8/site-packages/airflow/example_dags/example_skip_dag.py
[2024-04-02T07:54:57.888+0000] {logging_mixin.py:188} INFO - [2024-04-02T07:54:57.887+0000] {dag.py:3047} INFO - Sync 1 DAGs
[2024-04-02T07:54:57.937+0000] {logging_mixin.py:188} INFO - [2024-04-02T07:54:57.936+0000] {dag.py:3834} INFO - Setting next_dagrun for example_skip_dag to 2024-04-01 00:00:00+00:00, run_after=2024-04-02 00:00:00+00:00
[2024-04-02T07:54:57.972+0000] {processor.py:183} INFO - Processing /home/airflow/.local/lib/python3.8/site-packages/airflow/example_dags/example_skip_dag.py took 0.154 seconds
[2024-04-02T07:55:28.263+0000] {processor.py:161} INFO - Started process (PID=1173) to work on /home/airflow/.local/lib/python3.8/site-packages/airflow/example_dags/example_skip_dag.py
[2024-04-02T07:55:28.265+0000] {processor.py:830} INFO - Processing file /home/airflow/.local/lib/python3.8/site-packages/airflow/example_dags/example_skip_dag.py for tasks to queue
[2024-04-02T07:55:28.269+0000] {logging_mixin.py:188} INFO - [2024-04-02T07:55:28.269+0000] {dagbag.py:540} INFO - Filling up the DagBag from /home/airflow/.local/lib/python3.8/site-packages/airflow/example_dags/example_skip_dag.py
[2024-04-02T07:55:28.280+0000] {processor.py:840} INFO - DAG(s) 'example_skip_dag' retrieved from /home/airflow/.local/lib/python3.8/site-packages/airflow/example_dags/example_skip_dag.py
[2024-04-02T07:55:28.318+0000] {logging_mixin.py:188} INFO - [2024-04-02T07:55:28.317+0000] {dag.py:3047} INFO - Sync 1 DAGs
[2024-04-02T07:55:28.361+0000] {logging_mixin.py:188} INFO - [2024-04-02T07:55:28.361+0000] {dag.py:3834} INFO - Setting next_dagrun for example_skip_dag to 2024-04-01 00:00:00+00:00, run_after=2024-04-02 00:00:00+00:00
[2024-04-02T07:55:28.405+0000] {processor.py:183} INFO - Processing /home/airflow/.local/lib/python3.8/site-packages/airflow/example_dags/example_skip_dag.py took 0.145 seconds
[2024-04-02T07:55:59.106+0000] {processor.py:161} INFO - Started process (PID=1229) to work on /home/airflow/.local/lib/python3.8/site-packages/airflow/example_dags/example_skip_dag.py
[2024-04-02T07:55:59.107+0000] {processor.py:830} INFO - Processing file /home/airflow/.local/lib/python3.8/site-packages/airflow/example_dags/example_skip_dag.py for tasks to queue
[2024-04-02T07:55:59.110+0000] {logging_mixin.py:188} INFO - [2024-04-02T07:55:59.109+0000] {dagbag.py:540} INFO - Filling up the DagBag from /home/airflow/.local/lib/python3.8/site-packages/airflow/example_dags/example_skip_dag.py
[2024-04-02T07:55:59.121+0000] {processor.py:840} INFO - DAG(s) 'example_skip_dag' retrieved from /home/airflow/.local/lib/python3.8/site-packages/airflow/example_dags/example_skip_dag.py
[2024-04-02T07:55:59.158+0000] {logging_mixin.py:188} INFO - [2024-04-02T07:55:59.158+0000] {dag.py:3047} INFO - Sync 1 DAGs
[2024-04-02T07:55:59.202+0000] {logging_mixin.py:188} INFO - [2024-04-02T07:55:59.201+0000] {dag.py:3834} INFO - Setting next_dagrun for example_skip_dag to 2024-04-01 00:00:00+00:00, run_after=2024-04-02 00:00:00+00:00
[2024-04-02T07:55:59.245+0000] {processor.py:183} INFO - Processing /home/airflow/.local/lib/python3.8/site-packages/airflow/example_dags/example_skip_dag.py took 0.144 seconds
[2024-04-02T07:56:29.420+0000] {processor.py:161} INFO - Started process (PID=1285) to work on /home/airflow/.local/lib/python3.8/site-packages/airflow/example_dags/example_skip_dag.py
[2024-04-02T07:56:29.421+0000] {processor.py:830} INFO - Processing file /home/airflow/.local/lib/python3.8/site-packages/airflow/example_dags/example_skip_dag.py for tasks to queue
[2024-04-02T07:56:29.424+0000] {logging_mixin.py:188} INFO - [2024-04-02T07:56:29.423+0000] {dagbag.py:540} INFO - Filling up the DagBag from /home/airflow/.local/lib/python3.8/site-packages/airflow/example_dags/example_skip_dag.py
[2024-04-02T07:56:29.436+0000] {processor.py:840} INFO - DAG(s) 'example_skip_dag' retrieved from /home/airflow/.local/lib/python3.8/site-packages/airflow/example_dags/example_skip_dag.py
[2024-04-02T07:56:29.481+0000] {logging_mixin.py:188} INFO - [2024-04-02T07:56:29.481+0000] {dag.py:3047} INFO - Sync 1 DAGs
[2024-04-02T07:56:29.539+0000] {logging_mixin.py:188} INFO - [2024-04-02T07:56:29.539+0000] {dag.py:3834} INFO - Setting next_dagrun for example_skip_dag to 2024-04-01 00:00:00+00:00, run_after=2024-04-02 00:00:00+00:00
[2024-04-02T07:56:29.600+0000] {processor.py:183} INFO - Processing /home/airflow/.local/lib/python3.8/site-packages/airflow/example_dags/example_skip_dag.py took 0.184 seconds
[2024-04-02T07:56:59.810+0000] {processor.py:161} INFO - Started process (PID=1341) to work on /home/airflow/.local/lib/python3.8/site-packages/airflow/example_dags/example_skip_dag.py
[2024-04-02T07:56:59.811+0000] {processor.py:830} INFO - Processing file /home/airflow/.local/lib/python3.8/site-packages/airflow/example_dags/example_skip_dag.py for tasks to queue
[2024-04-02T07:56:59.815+0000] {logging_mixin.py:188} INFO - [2024-04-02T07:56:59.814+0000] {dagbag.py:540} INFO - Filling up the DagBag from /home/airflow/.local/lib/python3.8/site-packages/airflow/example_dags/example_skip_dag.py
[2024-04-02T07:56:59.826+0000] {processor.py:840} INFO - DAG(s) 'example_skip_dag' retrieved from /home/airflow/.local/lib/python3.8/site-packages/airflow/example_dags/example_skip_dag.py
[2024-04-02T07:56:59.861+0000] {logging_mixin.py:188} INFO - [2024-04-02T07:56:59.861+0000] {dag.py:3047} INFO - Sync 1 DAGs
[2024-04-02T07:56:59.866+0000] {logging_mixin.py:188} INFO - [2024-04-02T07:56:59.866+0000] {dag.py:3834} INFO - Setting next_dagrun for example_skip_dag to 2024-04-01 00:00:00+00:00, run_after=2024-04-02 00:00:00+00:00
[2024-04-02T07:56:59.909+0000] {processor.py:183} INFO - Processing /home/airflow/.local/lib/python3.8/site-packages/airflow/example_dags/example_skip_dag.py took 0.140 seconds
[2024-04-02T07:57:30.904+0000] {processor.py:161} INFO - Started process (PID=1397) to work on /home/airflow/.local/lib/python3.8/site-packages/airflow/example_dags/example_skip_dag.py
[2024-04-02T07:57:30.905+0000] {processor.py:830} INFO - Processing file /home/airflow/.local/lib/python3.8/site-packages/airflow/example_dags/example_skip_dag.py for tasks to queue
[2024-04-02T07:57:30.908+0000] {logging_mixin.py:188} INFO - [2024-04-02T07:57:30.908+0000] {dagbag.py:540} INFO - Filling up the DagBag from /home/airflow/.local/lib/python3.8/site-packages/airflow/example_dags/example_skip_dag.py
[2024-04-02T07:57:30.922+0000] {processor.py:840} INFO - DAG(s) 'example_skip_dag' retrieved from /home/airflow/.local/lib/python3.8/site-packages/airflow/example_dags/example_skip_dag.py
[2024-04-02T07:57:30.973+0000] {logging_mixin.py:188} INFO - [2024-04-02T07:57:30.973+0000] {dag.py:3047} INFO - Sync 1 DAGs
[2024-04-02T07:57:31.027+0000] {logging_mixin.py:188} INFO - [2024-04-02T07:57:31.027+0000] {dag.py:3834} INFO - Setting next_dagrun for example_skip_dag to 2024-04-01 00:00:00+00:00, run_after=2024-04-02 00:00:00+00:00
[2024-04-02T07:57:31.102+0000] {processor.py:183} INFO - Processing /home/airflow/.local/lib/python3.8/site-packages/airflow/example_dags/example_skip_dag.py took 0.206 seconds
[2024-04-02T07:58:01.284+0000] {processor.py:161} INFO - Started process (PID=1453) to work on /home/airflow/.local/lib/python3.8/site-packages/airflow/example_dags/example_skip_dag.py
[2024-04-02T07:58:01.287+0000] {processor.py:830} INFO - Processing file /home/airflow/.local/lib/python3.8/site-packages/airflow/example_dags/example_skip_dag.py for tasks to queue
[2024-04-02T07:58:01.290+0000] {logging_mixin.py:188} INFO - [2024-04-02T07:58:01.289+0000] {dagbag.py:540} INFO - Filling up the DagBag from /home/airflow/.local/lib/python3.8/site-packages/airflow/example_dags/example_skip_dag.py
[2024-04-02T07:58:01.305+0000] {processor.py:840} INFO - DAG(s) 'example_skip_dag' retrieved from /home/airflow/.local/lib/python3.8/site-packages/airflow/example_dags/example_skip_dag.py
[2024-04-02T07:58:01.358+0000] {logging_mixin.py:188} INFO - [2024-04-02T07:58:01.358+0000] {dag.py:3047} INFO - Sync 1 DAGs
[2024-04-02T07:58:01.420+0000] {logging_mixin.py:188} INFO - [2024-04-02T07:58:01.419+0000] {dag.py:3834} INFO - Setting next_dagrun for example_skip_dag to 2024-04-01 00:00:00+00:00, run_after=2024-04-02 00:00:00+00:00
[2024-04-02T07:58:01.477+0000] {processor.py:183} INFO - Processing /home/airflow/.local/lib/python3.8/site-packages/airflow/example_dags/example_skip_dag.py took 0.198 seconds
[2024-04-02T08:03:25.734+0000] {processor.py:161} INFO - Started process (PID=61) to work on /home/airflow/.local/lib/python3.8/site-packages/airflow/example_dags/example_skip_dag.py
[2024-04-02T08:03:25.737+0000] {processor.py:830} INFO - Processing file /home/airflow/.local/lib/python3.8/site-packages/airflow/example_dags/example_skip_dag.py for tasks to queue
[2024-04-02T08:03:25.740+0000] {logging_mixin.py:188} INFO - [2024-04-02T08:03:25.739+0000] {dagbag.py:540} INFO - Filling up the DagBag from /home/airflow/.local/lib/python3.8/site-packages/airflow/example_dags/example_skip_dag.py
[2024-04-02T08:03:25.762+0000] {processor.py:840} INFO - DAG(s) 'example_skip_dag' retrieved from /home/airflow/.local/lib/python3.8/site-packages/airflow/example_dags/example_skip_dag.py
[2024-04-02T08:03:26.062+0000] {logging_mixin.py:188} INFO - [2024-04-02T08:03:26.061+0000] {dag.py:3047} INFO - Sync 1 DAGs
[2024-04-02T08:03:26.125+0000] {logging_mixin.py:188} INFO - [2024-04-02T08:03:26.124+0000] {dag.py:3834} INFO - Setting next_dagrun for example_skip_dag to 2024-04-01 00:00:00+00:00, run_after=2024-04-02 00:00:00+00:00
[2024-04-02T08:03:26.191+0000] {processor.py:183} INFO - Processing /home/airflow/.local/lib/python3.8/site-packages/airflow/example_dags/example_skip_dag.py took 0.462 seconds
[2024-04-02T08:03:57.602+0000] {processor.py:161} INFO - Started process (PID=117) to work on /home/airflow/.local/lib/python3.8/site-packages/airflow/example_dags/example_skip_dag.py
[2024-04-02T08:03:57.606+0000] {processor.py:830} INFO - Processing file /home/airflow/.local/lib/python3.8/site-packages/airflow/example_dags/example_skip_dag.py for tasks to queue
[2024-04-02T08:03:57.610+0000] {logging_mixin.py:188} INFO - [2024-04-02T08:03:57.609+0000] {dagbag.py:540} INFO - Filling up the DagBag from /home/airflow/.local/lib/python3.8/site-packages/airflow/example_dags/example_skip_dag.py
[2024-04-02T08:03:57.625+0000] {processor.py:840} INFO - DAG(s) 'example_skip_dag' retrieved from /home/airflow/.local/lib/python3.8/site-packages/airflow/example_dags/example_skip_dag.py
[2024-04-02T08:03:57.661+0000] {logging_mixin.py:188} INFO - [2024-04-02T08:03:57.660+0000] {dag.py:3047} INFO - Sync 1 DAGs
[2024-04-02T08:03:57.692+0000] {logging_mixin.py:188} INFO - [2024-04-02T08:03:57.692+0000] {dag.py:3834} INFO - Setting next_dagrun for example_skip_dag to 2024-04-01 00:00:00+00:00, run_after=2024-04-02 00:00:00+00:00
[2024-04-02T08:03:57.883+0000] {processor.py:183} INFO - Processing /home/airflow/.local/lib/python3.8/site-packages/airflow/example_dags/example_skip_dag.py took 0.286 seconds
[2024-04-02T08:04:28.171+0000] {processor.py:161} INFO - Started process (PID=173) to work on /home/airflow/.local/lib/python3.8/site-packages/airflow/example_dags/example_skip_dag.py
[2024-04-02T08:04:28.172+0000] {processor.py:830} INFO - Processing file /home/airflow/.local/lib/python3.8/site-packages/airflow/example_dags/example_skip_dag.py for tasks to queue
[2024-04-02T08:04:28.176+0000] {logging_mixin.py:188} INFO - [2024-04-02T08:04:28.175+0000] {dagbag.py:540} INFO - Filling up the DagBag from /home/airflow/.local/lib/python3.8/site-packages/airflow/example_dags/example_skip_dag.py
[2024-04-02T08:04:28.187+0000] {processor.py:840} INFO - DAG(s) 'example_skip_dag' retrieved from /home/airflow/.local/lib/python3.8/site-packages/airflow/example_dags/example_skip_dag.py
[2024-04-02T08:04:28.220+0000] {logging_mixin.py:188} INFO - [2024-04-02T08:04:28.219+0000] {dag.py:3047} INFO - Sync 1 DAGs
[2024-04-02T08:04:28.259+0000] {logging_mixin.py:188} INFO - [2024-04-02T08:04:28.259+0000] {dag.py:3834} INFO - Setting next_dagrun for example_skip_dag to 2024-04-01 00:00:00+00:00, run_after=2024-04-02 00:00:00+00:00
[2024-04-02T08:04:28.303+0000] {processor.py:183} INFO - Processing /home/airflow/.local/lib/python3.8/site-packages/airflow/example_dags/example_skip_dag.py took 0.136 seconds
[2024-04-02T08:04:58.521+0000] {processor.py:161} INFO - Started process (PID=229) to work on /home/airflow/.local/lib/python3.8/site-packages/airflow/example_dags/example_skip_dag.py
[2024-04-02T08:04:58.528+0000] {processor.py:830} INFO - Processing file /home/airflow/.local/lib/python3.8/site-packages/airflow/example_dags/example_skip_dag.py for tasks to queue
[2024-04-02T08:04:58.531+0000] {logging_mixin.py:188} INFO - [2024-04-02T08:04:58.531+0000] {dagbag.py:540} INFO - Filling up the DagBag from /home/airflow/.local/lib/python3.8/site-packages/airflow/example_dags/example_skip_dag.py
[2024-04-02T08:04:58.546+0000] {processor.py:840} INFO - DAG(s) 'example_skip_dag' retrieved from /home/airflow/.local/lib/python3.8/site-packages/airflow/example_dags/example_skip_dag.py
[2024-04-02T08:04:58.584+0000] {logging_mixin.py:188} INFO - [2024-04-02T08:04:58.584+0000] {dag.py:3047} INFO - Sync 1 DAGs
[2024-04-02T08:04:58.631+0000] {logging_mixin.py:188} INFO - [2024-04-02T08:04:58.630+0000] {dag.py:3834} INFO - Setting next_dagrun for example_skip_dag to 2024-04-01 00:00:00+00:00, run_after=2024-04-02 00:00:00+00:00
[2024-04-02T08:04:58.702+0000] {processor.py:183} INFO - Processing /home/airflow/.local/lib/python3.8/site-packages/airflow/example_dags/example_skip_dag.py took 0.186 seconds
[2024-04-02T08:05:28.902+0000] {processor.py:161} INFO - Started process (PID=285) to work on /home/airflow/.local/lib/python3.8/site-packages/airflow/example_dags/example_skip_dag.py
[2024-04-02T08:05:28.904+0000] {processor.py:830} INFO - Processing file /home/airflow/.local/lib/python3.8/site-packages/airflow/example_dags/example_skip_dag.py for tasks to queue
[2024-04-02T08:05:28.906+0000] {logging_mixin.py:188} INFO - [2024-04-02T08:05:28.906+0000] {dagbag.py:540} INFO - Filling up the DagBag from /home/airflow/.local/lib/python3.8/site-packages/airflow/example_dags/example_skip_dag.py
[2024-04-02T08:05:28.918+0000] {processor.py:840} INFO - DAG(s) 'example_skip_dag' retrieved from /home/airflow/.local/lib/python3.8/site-packages/airflow/example_dags/example_skip_dag.py
[2024-04-02T08:05:28.959+0000] {logging_mixin.py:188} INFO - [2024-04-02T08:05:28.959+0000] {dag.py:3047} INFO - Sync 1 DAGs
[2024-04-02T08:05:28.999+0000] {logging_mixin.py:188} INFO - [2024-04-02T08:05:28.999+0000] {dag.py:3834} INFO - Setting next_dagrun for example_skip_dag to 2024-04-01 00:00:00+00:00, run_after=2024-04-02 00:00:00+00:00
[2024-04-02T08:05:29.038+0000] {processor.py:183} INFO - Processing /home/airflow/.local/lib/python3.8/site-packages/airflow/example_dags/example_skip_dag.py took 0.140 seconds
[2024-04-02T08:05:59.410+0000] {processor.py:161} INFO - Started process (PID=341) to work on /home/airflow/.local/lib/python3.8/site-packages/airflow/example_dags/example_skip_dag.py
[2024-04-02T08:05:59.412+0000] {processor.py:830} INFO - Processing file /home/airflow/.local/lib/python3.8/site-packages/airflow/example_dags/example_skip_dag.py for tasks to queue
[2024-04-02T08:05:59.416+0000] {logging_mixin.py:188} INFO - [2024-04-02T08:05:59.415+0000] {dagbag.py:540} INFO - Filling up the DagBag from /home/airflow/.local/lib/python3.8/site-packages/airflow/example_dags/example_skip_dag.py
[2024-04-02T08:05:59.428+0000] {processor.py:840} INFO - DAG(s) 'example_skip_dag' retrieved from /home/airflow/.local/lib/python3.8/site-packages/airflow/example_dags/example_skip_dag.py
[2024-04-02T08:05:59.499+0000] {logging_mixin.py:188} INFO - [2024-04-02T08:05:59.498+0000] {dag.py:3047} INFO - Sync 1 DAGs
[2024-04-02T08:05:59.599+0000] {logging_mixin.py:188} INFO - [2024-04-02T08:05:59.598+0000] {dag.py:3834} INFO - Setting next_dagrun for example_skip_dag to 2024-04-01 00:00:00+00:00, run_after=2024-04-02 00:00:00+00:00
[2024-04-02T08:05:59.648+0000] {processor.py:183} INFO - Processing /home/airflow/.local/lib/python3.8/site-packages/airflow/example_dags/example_skip_dag.py took 0.244 seconds
[2024-04-02T08:06:29.768+0000] {processor.py:161} INFO - Started process (PID=397) to work on /home/airflow/.local/lib/python3.8/site-packages/airflow/example_dags/example_skip_dag.py
[2024-04-02T08:06:29.770+0000] {processor.py:830} INFO - Processing file /home/airflow/.local/lib/python3.8/site-packages/airflow/example_dags/example_skip_dag.py for tasks to queue
[2024-04-02T08:06:29.773+0000] {logging_mixin.py:188} INFO - [2024-04-02T08:06:29.772+0000] {dagbag.py:540} INFO - Filling up the DagBag from /home/airflow/.local/lib/python3.8/site-packages/airflow/example_dags/example_skip_dag.py
[2024-04-02T08:06:29.782+0000] {processor.py:840} INFO - DAG(s) 'example_skip_dag' retrieved from /home/airflow/.local/lib/python3.8/site-packages/airflow/example_dags/example_skip_dag.py
[2024-04-02T08:06:29.815+0000] {logging_mixin.py:188} INFO - [2024-04-02T08:06:29.814+0000] {dag.py:3047} INFO - Sync 1 DAGs
[2024-04-02T08:06:29.848+0000] {logging_mixin.py:188} INFO - [2024-04-02T08:06:29.848+0000] {dag.py:3834} INFO - Setting next_dagrun for example_skip_dag to 2024-04-01 00:00:00+00:00, run_after=2024-04-02 00:00:00+00:00
[2024-04-02T08:06:29.886+0000] {processor.py:183} INFO - Processing /home/airflow/.local/lib/python3.8/site-packages/airflow/example_dags/example_skip_dag.py took 0.122 seconds
[2024-04-02T08:07:00.067+0000] {processor.py:161} INFO - Started process (PID=452) to work on /home/airflow/.local/lib/python3.8/site-packages/airflow/example_dags/example_skip_dag.py
[2024-04-02T08:07:00.068+0000] {processor.py:830} INFO - Processing file /home/airflow/.local/lib/python3.8/site-packages/airflow/example_dags/example_skip_dag.py for tasks to queue
[2024-04-02T08:07:00.070+0000] {logging_mixin.py:188} INFO - [2024-04-02T08:07:00.070+0000] {dagbag.py:540} INFO - Filling up the DagBag from /home/airflow/.local/lib/python3.8/site-packages/airflow/example_dags/example_skip_dag.py
[2024-04-02T08:07:00.079+0000] {processor.py:840} INFO - DAG(s) 'example_skip_dag' retrieved from /home/airflow/.local/lib/python3.8/site-packages/airflow/example_dags/example_skip_dag.py
[2024-04-02T08:07:00.107+0000] {logging_mixin.py:188} INFO - [2024-04-02T08:07:00.106+0000] {dag.py:3047} INFO - Sync 1 DAGs
[2024-04-02T08:07:00.141+0000] {logging_mixin.py:188} INFO - [2024-04-02T08:07:00.140+0000] {dag.py:3834} INFO - Setting next_dagrun for example_skip_dag to 2024-04-01 00:00:00+00:00, run_after=2024-04-02 00:00:00+00:00
[2024-04-02T08:07:00.174+0000] {processor.py:183} INFO - Processing /home/airflow/.local/lib/python3.8/site-packages/airflow/example_dags/example_skip_dag.py took 0.111 seconds
[2024-04-02T08:07:30.388+0000] {processor.py:161} INFO - Started process (PID=508) to work on /home/airflow/.local/lib/python3.8/site-packages/airflow/example_dags/example_skip_dag.py
[2024-04-02T08:07:30.390+0000] {processor.py:830} INFO - Processing file /home/airflow/.local/lib/python3.8/site-packages/airflow/example_dags/example_skip_dag.py for tasks to queue
[2024-04-02T08:07:30.392+0000] {logging_mixin.py:188} INFO - [2024-04-02T08:07:30.392+0000] {dagbag.py:540} INFO - Filling up the DagBag from /home/airflow/.local/lib/python3.8/site-packages/airflow/example_dags/example_skip_dag.py
[2024-04-02T08:07:30.404+0000] {processor.py:840} INFO - DAG(s) 'example_skip_dag' retrieved from /home/airflow/.local/lib/python3.8/site-packages/airflow/example_dags/example_skip_dag.py
[2024-04-02T08:07:30.448+0000] {logging_mixin.py:188} INFO - [2024-04-02T08:07:30.448+0000] {dag.py:3047} INFO - Sync 1 DAGs
[2024-04-02T08:07:30.489+0000] {logging_mixin.py:188} INFO - [2024-04-02T08:07:30.488+0000] {dag.py:3834} INFO - Setting next_dagrun for example_skip_dag to 2024-04-01 00:00:00+00:00, run_after=2024-04-02 00:00:00+00:00
[2024-04-02T08:07:30.522+0000] {processor.py:183} INFO - Processing /home/airflow/.local/lib/python3.8/site-packages/airflow/example_dags/example_skip_dag.py took 0.139 seconds
[2024-04-02T08:08:00.790+0000] {processor.py:161} INFO - Started process (PID=564) to work on /home/airflow/.local/lib/python3.8/site-packages/airflow/example_dags/example_skip_dag.py
[2024-04-02T08:08:00.792+0000] {processor.py:830} INFO - Processing file /home/airflow/.local/lib/python3.8/site-packages/airflow/example_dags/example_skip_dag.py for tasks to queue
[2024-04-02T08:08:00.795+0000] {logging_mixin.py:188} INFO - [2024-04-02T08:08:00.794+0000] {dagbag.py:540} INFO - Filling up the DagBag from /home/airflow/.local/lib/python3.8/site-packages/airflow/example_dags/example_skip_dag.py
[2024-04-02T08:08:00.804+0000] {processor.py:840} INFO - DAG(s) 'example_skip_dag' retrieved from /home/airflow/.local/lib/python3.8/site-packages/airflow/example_dags/example_skip_dag.py
[2024-04-02T08:08:00.838+0000] {logging_mixin.py:188} INFO - [2024-04-02T08:08:00.838+0000] {dag.py:3047} INFO - Sync 1 DAGs
[2024-04-02T08:08:00.876+0000] {logging_mixin.py:188} INFO - [2024-04-02T08:08:00.876+0000] {dag.py:3834} INFO - Setting next_dagrun for example_skip_dag to 2024-04-01 00:00:00+00:00, run_after=2024-04-02 00:00:00+00:00
[2024-04-02T08:08:00.914+0000] {processor.py:183} INFO - Processing /home/airflow/.local/lib/python3.8/site-packages/airflow/example_dags/example_skip_dag.py took 0.128 seconds
[2024-04-02T08:08:31.104+0000] {processor.py:161} INFO - Started process (PID=620) to work on /home/airflow/.local/lib/python3.8/site-packages/airflow/example_dags/example_skip_dag.py
[2024-04-02T08:08:31.106+0000] {processor.py:830} INFO - Processing file /home/airflow/.local/lib/python3.8/site-packages/airflow/example_dags/example_skip_dag.py for tasks to queue
[2024-04-02T08:08:31.109+0000] {logging_mixin.py:188} INFO - [2024-04-02T08:08:31.109+0000] {dagbag.py:540} INFO - Filling up the DagBag from /home/airflow/.local/lib/python3.8/site-packages/airflow/example_dags/example_skip_dag.py
[2024-04-02T08:08:31.117+0000] {processor.py:840} INFO - DAG(s) 'example_skip_dag' retrieved from /home/airflow/.local/lib/python3.8/site-packages/airflow/example_dags/example_skip_dag.py
[2024-04-02T08:08:31.156+0000] {logging_mixin.py:188} INFO - [2024-04-02T08:08:31.156+0000] {dag.py:3047} INFO - Sync 1 DAGs
[2024-04-02T08:08:31.197+0000] {logging_mixin.py:188} INFO - [2024-04-02T08:08:31.197+0000] {dag.py:3834} INFO - Setting next_dagrun for example_skip_dag to 2024-04-01 00:00:00+00:00, run_after=2024-04-02 00:00:00+00:00
[2024-04-02T08:08:31.237+0000] {processor.py:183} INFO - Processing /home/airflow/.local/lib/python3.8/site-packages/airflow/example_dags/example_skip_dag.py took 0.140 seconds
[2024-04-02T08:09:01.457+0000] {processor.py:161} INFO - Started process (PID=676) to work on /home/airflow/.local/lib/python3.8/site-packages/airflow/example_dags/example_skip_dag.py
[2024-04-02T08:09:01.459+0000] {processor.py:830} INFO - Processing file /home/airflow/.local/lib/python3.8/site-packages/airflow/example_dags/example_skip_dag.py for tasks to queue
[2024-04-02T08:09:01.463+0000] {logging_mixin.py:188} INFO - [2024-04-02T08:09:01.462+0000] {dagbag.py:540} INFO - Filling up the DagBag from /home/airflow/.local/lib/python3.8/site-packages/airflow/example_dags/example_skip_dag.py
[2024-04-02T08:09:01.472+0000] {processor.py:840} INFO - DAG(s) 'example_skip_dag' retrieved from /home/airflow/.local/lib/python3.8/site-packages/airflow/example_dags/example_skip_dag.py
[2024-04-02T08:09:01.512+0000] {logging_mixin.py:188} INFO - [2024-04-02T08:09:01.511+0000] {dag.py:3047} INFO - Sync 1 DAGs
[2024-04-02T08:09:01.555+0000] {logging_mixin.py:188} INFO - [2024-04-02T08:09:01.554+0000] {dag.py:3834} INFO - Setting next_dagrun for example_skip_dag to 2024-04-01 00:00:00+00:00, run_after=2024-04-02 00:00:00+00:00
[2024-04-02T08:09:01.593+0000] {processor.py:183} INFO - Processing /home/airflow/.local/lib/python3.8/site-packages/airflow/example_dags/example_skip_dag.py took 0.143 seconds
[2024-04-02T08:09:31.963+0000] {processor.py:161} INFO - Started process (PID=732) to work on /home/airflow/.local/lib/python3.8/site-packages/airflow/example_dags/example_skip_dag.py
[2024-04-02T08:09:31.966+0000] {processor.py:830} INFO - Processing file /home/airflow/.local/lib/python3.8/site-packages/airflow/example_dags/example_skip_dag.py for tasks to queue
[2024-04-02T08:09:31.970+0000] {logging_mixin.py:188} INFO - [2024-04-02T08:09:31.969+0000] {dagbag.py:540} INFO - Filling up the DagBag from /home/airflow/.local/lib/python3.8/site-packages/airflow/example_dags/example_skip_dag.py
[2024-04-02T08:09:31.991+0000] {processor.py:840} INFO - DAG(s) 'example_skip_dag' retrieved from /home/airflow/.local/lib/python3.8/site-packages/airflow/example_dags/example_skip_dag.py
[2024-04-02T08:09:32.051+0000] {logging_mixin.py:188} INFO - [2024-04-02T08:09:32.050+0000] {dag.py:3047} INFO - Sync 1 DAGs
[2024-04-02T08:09:32.125+0000] {logging_mixin.py:188} INFO - [2024-04-02T08:09:32.124+0000] {dag.py:3834} INFO - Setting next_dagrun for example_skip_dag to 2024-04-01 00:00:00+00:00, run_after=2024-04-02 00:00:00+00:00
[2024-04-02T08:09:32.185+0000] {processor.py:183} INFO - Processing /home/airflow/.local/lib/python3.8/site-packages/airflow/example_dags/example_skip_dag.py took 0.227 seconds
[2024-04-02T08:10:02.315+0000] {processor.py:161} INFO - Started process (PID=788) to work on /home/airflow/.local/lib/python3.8/site-packages/airflow/example_dags/example_skip_dag.py
[2024-04-02T08:10:02.317+0000] {processor.py:830} INFO - Processing file /home/airflow/.local/lib/python3.8/site-packages/airflow/example_dags/example_skip_dag.py for tasks to queue
[2024-04-02T08:10:02.320+0000] {logging_mixin.py:188} INFO - [2024-04-02T08:10:02.320+0000] {dagbag.py:540} INFO - Filling up the DagBag from /home/airflow/.local/lib/python3.8/site-packages/airflow/example_dags/example_skip_dag.py
[2024-04-02T08:10:02.333+0000] {processor.py:840} INFO - DAG(s) 'example_skip_dag' retrieved from /home/airflow/.local/lib/python3.8/site-packages/airflow/example_dags/example_skip_dag.py
[2024-04-02T08:10:02.373+0000] {logging_mixin.py:188} INFO - [2024-04-02T08:10:02.372+0000] {dag.py:3047} INFO - Sync 1 DAGs
[2024-04-02T08:10:02.406+0000] {logging_mixin.py:188} INFO - [2024-04-02T08:10:02.406+0000] {dag.py:3834} INFO - Setting next_dagrun for example_skip_dag to 2024-04-01 00:00:00+00:00, run_after=2024-04-02 00:00:00+00:00
[2024-04-02T08:10:02.442+0000] {processor.py:183} INFO - Processing /home/airflow/.local/lib/python3.8/site-packages/airflow/example_dags/example_skip_dag.py took 0.133 seconds
[2024-04-02T08:10:33.303+0000] {processor.py:161} INFO - Started process (PID=844) to work on /home/airflow/.local/lib/python3.8/site-packages/airflow/example_dags/example_skip_dag.py
[2024-04-02T08:10:33.304+0000] {processor.py:830} INFO - Processing file /home/airflow/.local/lib/python3.8/site-packages/airflow/example_dags/example_skip_dag.py for tasks to queue
[2024-04-02T08:10:33.308+0000] {logging_mixin.py:188} INFO - [2024-04-02T08:10:33.307+0000] {dagbag.py:540} INFO - Filling up the DagBag from /home/airflow/.local/lib/python3.8/site-packages/airflow/example_dags/example_skip_dag.py
[2024-04-02T08:10:33.317+0000] {processor.py:840} INFO - DAG(s) 'example_skip_dag' retrieved from /home/airflow/.local/lib/python3.8/site-packages/airflow/example_dags/example_skip_dag.py
[2024-04-02T08:10:33.355+0000] {logging_mixin.py:188} INFO - [2024-04-02T08:10:33.355+0000] {dag.py:3047} INFO - Sync 1 DAGs
[2024-04-02T08:10:33.404+0000] {logging_mixin.py:188} INFO - [2024-04-02T08:10:33.404+0000] {dag.py:3834} INFO - Setting next_dagrun for example_skip_dag to 2024-04-01 00:00:00+00:00, run_after=2024-04-02 00:00:00+00:00
[2024-04-02T08:10:33.440+0000] {processor.py:183} INFO - Processing /home/airflow/.local/lib/python3.8/site-packages/airflow/example_dags/example_skip_dag.py took 0.142 seconds
[2024-04-02T08:11:03.927+0000] {processor.py:161} INFO - Started process (PID=900) to work on /home/airflow/.local/lib/python3.8/site-packages/airflow/example_dags/example_skip_dag.py
[2024-04-02T08:11:03.929+0000] {processor.py:830} INFO - Processing file /home/airflow/.local/lib/python3.8/site-packages/airflow/example_dags/example_skip_dag.py for tasks to queue
[2024-04-02T08:11:03.933+0000] {logging_mixin.py:188} INFO - [2024-04-02T08:11:03.932+0000] {dagbag.py:540} INFO - Filling up the DagBag from /home/airflow/.local/lib/python3.8/site-packages/airflow/example_dags/example_skip_dag.py
[2024-04-02T08:11:03.952+0000] {processor.py:840} INFO - DAG(s) 'example_skip_dag' retrieved from /home/airflow/.local/lib/python3.8/site-packages/airflow/example_dags/example_skip_dag.py
[2024-04-02T08:11:04.002+0000] {logging_mixin.py:188} INFO - [2024-04-02T08:11:04.002+0000] {dag.py:3047} INFO - Sync 1 DAGs
[2024-04-02T08:11:04.053+0000] {logging_mixin.py:188} INFO - [2024-04-02T08:11:04.052+0000] {dag.py:3834} INFO - Setting next_dagrun for example_skip_dag to 2024-04-01 00:00:00+00:00, run_after=2024-04-02 00:00:00+00:00
[2024-04-02T08:11:04.106+0000] {processor.py:183} INFO - Processing /home/airflow/.local/lib/python3.8/site-packages/airflow/example_dags/example_skip_dag.py took 0.184 seconds
[2024-04-02T08:11:34.165+0000] {processor.py:161} INFO - Started process (PID=956) to work on /home/airflow/.local/lib/python3.8/site-packages/airflow/example_dags/example_skip_dag.py
[2024-04-02T08:11:34.167+0000] {processor.py:830} INFO - Processing file /home/airflow/.local/lib/python3.8/site-packages/airflow/example_dags/example_skip_dag.py for tasks to queue
[2024-04-02T08:11:34.170+0000] {logging_mixin.py:188} INFO - [2024-04-02T08:11:34.169+0000] {dagbag.py:540} INFO - Filling up the DagBag from /home/airflow/.local/lib/python3.8/site-packages/airflow/example_dags/example_skip_dag.py
[2024-04-02T08:11:34.183+0000] {processor.py:840} INFO - DAG(s) 'example_skip_dag' retrieved from /home/airflow/.local/lib/python3.8/site-packages/airflow/example_dags/example_skip_dag.py
[2024-04-02T08:11:34.226+0000] {logging_mixin.py:188} INFO - [2024-04-02T08:11:34.225+0000] {dag.py:3047} INFO - Sync 1 DAGs
[2024-04-02T08:11:34.274+0000] {logging_mixin.py:188} INFO - [2024-04-02T08:11:34.273+0000] {dag.py:3834} INFO - Setting next_dagrun for example_skip_dag to 2024-04-01 00:00:00+00:00, run_after=2024-04-02 00:00:00+00:00
[2024-04-02T08:11:34.370+0000] {processor.py:183} INFO - Processing /home/airflow/.local/lib/python3.8/site-packages/airflow/example_dags/example_skip_dag.py took 0.212 seconds
[2024-04-02T08:12:04.862+0000] {processor.py:161} INFO - Started process (PID=1010) to work on /home/airflow/.local/lib/python3.8/site-packages/airflow/example_dags/example_skip_dag.py
[2024-04-02T08:12:04.864+0000] {processor.py:830} INFO - Processing file /home/airflow/.local/lib/python3.8/site-packages/airflow/example_dags/example_skip_dag.py for tasks to queue
[2024-04-02T08:12:04.868+0000] {logging_mixin.py:188} INFO - [2024-04-02T08:12:04.868+0000] {dagbag.py:540} INFO - Filling up the DagBag from /home/airflow/.local/lib/python3.8/site-packages/airflow/example_dags/example_skip_dag.py
[2024-04-02T08:12:04.880+0000] {processor.py:840} INFO - DAG(s) 'example_skip_dag' retrieved from /home/airflow/.local/lib/python3.8/site-packages/airflow/example_dags/example_skip_dag.py
[2024-04-02T08:12:04.917+0000] {logging_mixin.py:188} INFO - [2024-04-02T08:12:04.916+0000] {dag.py:3047} INFO - Sync 1 DAGs
[2024-04-02T08:12:04.963+0000] {logging_mixin.py:188} INFO - [2024-04-02T08:12:04.962+0000] {dag.py:3834} INFO - Setting next_dagrun for example_skip_dag to 2024-04-01 00:00:00+00:00, run_after=2024-04-02 00:00:00+00:00
[2024-04-02T08:12:05.020+0000] {processor.py:183} INFO - Processing /home/airflow/.local/lib/python3.8/site-packages/airflow/example_dags/example_skip_dag.py took 0.163 seconds
[2024-04-02T08:12:35.138+0000] {processor.py:161} INFO - Started process (PID=1066) to work on /home/airflow/.local/lib/python3.8/site-packages/airflow/example_dags/example_skip_dag.py
[2024-04-02T08:12:35.140+0000] {processor.py:830} INFO - Processing file /home/airflow/.local/lib/python3.8/site-packages/airflow/example_dags/example_skip_dag.py for tasks to queue
[2024-04-02T08:12:35.144+0000] {logging_mixin.py:188} INFO - [2024-04-02T08:12:35.143+0000] {dagbag.py:540} INFO - Filling up the DagBag from /home/airflow/.local/lib/python3.8/site-packages/airflow/example_dags/example_skip_dag.py
[2024-04-02T08:12:35.157+0000] {processor.py:840} INFO - DAG(s) 'example_skip_dag' retrieved from /home/airflow/.local/lib/python3.8/site-packages/airflow/example_dags/example_skip_dag.py
[2024-04-02T08:12:35.195+0000] {logging_mixin.py:188} INFO - [2024-04-02T08:12:35.195+0000] {dag.py:3047} INFO - Sync 1 DAGs
[2024-04-02T08:12:35.231+0000] {logging_mixin.py:188} INFO - [2024-04-02T08:12:35.231+0000] {dag.py:3834} INFO - Setting next_dagrun for example_skip_dag to 2024-04-01 00:00:00+00:00, run_after=2024-04-02 00:00:00+00:00
[2024-04-02T08:12:35.269+0000] {processor.py:183} INFO - Processing /home/airflow/.local/lib/python3.8/site-packages/airflow/example_dags/example_skip_dag.py took 0.138 seconds
[2024-04-02T08:13:05.645+0000] {processor.py:161} INFO - Started process (PID=1122) to work on /home/airflow/.local/lib/python3.8/site-packages/airflow/example_dags/example_skip_dag.py
[2024-04-02T08:13:05.647+0000] {processor.py:830} INFO - Processing file /home/airflow/.local/lib/python3.8/site-packages/airflow/example_dags/example_skip_dag.py for tasks to queue
[2024-04-02T08:13:05.649+0000] {logging_mixin.py:188} INFO - [2024-04-02T08:13:05.649+0000] {dagbag.py:540} INFO - Filling up the DagBag from /home/airflow/.local/lib/python3.8/site-packages/airflow/example_dags/example_skip_dag.py
[2024-04-02T08:13:05.659+0000] {processor.py:840} INFO - DAG(s) 'example_skip_dag' retrieved from /home/airflow/.local/lib/python3.8/site-packages/airflow/example_dags/example_skip_dag.py
[2024-04-02T08:13:05.694+0000] {logging_mixin.py:188} INFO - [2024-04-02T08:13:05.693+0000] {dag.py:3047} INFO - Sync 1 DAGs
[2024-04-02T08:13:05.739+0000] {logging_mixin.py:188} INFO - [2024-04-02T08:13:05.738+0000] {dag.py:3834} INFO - Setting next_dagrun for example_skip_dag to 2024-04-01 00:00:00+00:00, run_after=2024-04-02 00:00:00+00:00
[2024-04-02T08:13:05.781+0000] {processor.py:183} INFO - Processing /home/airflow/.local/lib/python3.8/site-packages/airflow/example_dags/example_skip_dag.py took 0.140 seconds
[2024-04-02T08:13:36.144+0000] {processor.py:161} INFO - Started process (PID=1178) to work on /home/airflow/.local/lib/python3.8/site-packages/airflow/example_dags/example_skip_dag.py
[2024-04-02T08:13:36.146+0000] {processor.py:830} INFO - Processing file /home/airflow/.local/lib/python3.8/site-packages/airflow/example_dags/example_skip_dag.py for tasks to queue
[2024-04-02T08:13:36.154+0000] {logging_mixin.py:188} INFO - [2024-04-02T08:13:36.153+0000] {dagbag.py:540} INFO - Filling up the DagBag from /home/airflow/.local/lib/python3.8/site-packages/airflow/example_dags/example_skip_dag.py
[2024-04-02T08:13:36.172+0000] {processor.py:840} INFO - DAG(s) 'example_skip_dag' retrieved from /home/airflow/.local/lib/python3.8/site-packages/airflow/example_dags/example_skip_dag.py
[2024-04-02T08:13:36.226+0000] {logging_mixin.py:188} INFO - [2024-04-02T08:13:36.226+0000] {dag.py:3047} INFO - Sync 1 DAGs
[2024-04-02T08:13:36.283+0000] {logging_mixin.py:188} INFO - [2024-04-02T08:13:36.281+0000] {dag.py:3834} INFO - Setting next_dagrun for example_skip_dag to 2024-04-01 00:00:00+00:00, run_after=2024-04-02 00:00:00+00:00
[2024-04-02T08:13:36.330+0000] {processor.py:183} INFO - Processing /home/airflow/.local/lib/python3.8/site-packages/airflow/example_dags/example_skip_dag.py took 0.198 seconds
[2024-04-02T08:16:47.995+0000] {processor.py:161} INFO - Started process (PID=55) to work on /home/airflow/.local/lib/python3.8/site-packages/airflow/example_dags/example_skip_dag.py
[2024-04-02T08:16:48.002+0000] {processor.py:830} INFO - Processing file /home/airflow/.local/lib/python3.8/site-packages/airflow/example_dags/example_skip_dag.py for tasks to queue
[2024-04-02T08:16:48.013+0000] {logging_mixin.py:188} INFO - [2024-04-02T08:16:48.012+0000] {dagbag.py:540} INFO - Filling up the DagBag from /home/airflow/.local/lib/python3.8/site-packages/airflow/example_dags/example_skip_dag.py
[2024-04-02T08:16:48.062+0000] {processor.py:840} INFO - DAG(s) 'example_skip_dag' retrieved from /home/airflow/.local/lib/python3.8/site-packages/airflow/example_dags/example_skip_dag.py
[2024-04-02T08:16:48.503+0000] {logging_mixin.py:188} INFO - [2024-04-02T08:16:48.502+0000] {dag.py:3047} INFO - Sync 1 DAGs
[2024-04-02T08:16:48.559+0000] {logging_mixin.py:188} INFO - [2024-04-02T08:16:48.559+0000] {dag.py:3834} INFO - Setting next_dagrun for example_skip_dag to 2024-04-01 00:00:00+00:00, run_after=2024-04-02 00:00:00+00:00
[2024-04-02T08:16:48.622+0000] {processor.py:183} INFO - Processing /home/airflow/.local/lib/python3.8/site-packages/airflow/example_dags/example_skip_dag.py took 0.647 seconds
[2024-04-02T08:17:19.083+0000] {processor.py:161} INFO - Started process (PID=111) to work on /home/airflow/.local/lib/python3.8/site-packages/airflow/example_dags/example_skip_dag.py
[2024-04-02T08:17:19.086+0000] {processor.py:830} INFO - Processing file /home/airflow/.local/lib/python3.8/site-packages/airflow/example_dags/example_skip_dag.py for tasks to queue
[2024-04-02T08:17:19.089+0000] {logging_mixin.py:188} INFO - [2024-04-02T08:17:19.088+0000] {dagbag.py:540} INFO - Filling up the DagBag from /home/airflow/.local/lib/python3.8/site-packages/airflow/example_dags/example_skip_dag.py
[2024-04-02T08:17:19.107+0000] {processor.py:840} INFO - DAG(s) 'example_skip_dag' retrieved from /home/airflow/.local/lib/python3.8/site-packages/airflow/example_dags/example_skip_dag.py
[2024-04-02T08:17:19.150+0000] {logging_mixin.py:188} INFO - [2024-04-02T08:17:19.149+0000] {dag.py:3047} INFO - Sync 1 DAGs
[2024-04-02T08:17:19.197+0000] {logging_mixin.py:188} INFO - [2024-04-02T08:17:19.197+0000] {dag.py:3834} INFO - Setting next_dagrun for example_skip_dag to 2024-04-01 00:00:00+00:00, run_after=2024-04-02 00:00:00+00:00
[2024-04-02T08:17:19.246+0000] {processor.py:183} INFO - Processing /home/airflow/.local/lib/python3.8/site-packages/airflow/example_dags/example_skip_dag.py took 0.168 seconds
[2024-04-02T08:17:49.997+0000] {processor.py:161} INFO - Started process (PID=167) to work on /home/airflow/.local/lib/python3.8/site-packages/airflow/example_dags/example_skip_dag.py
[2024-04-02T08:17:49.998+0000] {processor.py:830} INFO - Processing file /home/airflow/.local/lib/python3.8/site-packages/airflow/example_dags/example_skip_dag.py for tasks to queue
[2024-04-02T08:17:50.001+0000] {logging_mixin.py:188} INFO - [2024-04-02T08:17:50.001+0000] {dagbag.py:540} INFO - Filling up the DagBag from /home/airflow/.local/lib/python3.8/site-packages/airflow/example_dags/example_skip_dag.py
[2024-04-02T08:17:50.012+0000] {processor.py:840} INFO - DAG(s) 'example_skip_dag' retrieved from /home/airflow/.local/lib/python3.8/site-packages/airflow/example_dags/example_skip_dag.py
[2024-04-02T08:17:50.042+0000] {logging_mixin.py:188} INFO - [2024-04-02T08:17:50.041+0000] {dag.py:3047} INFO - Sync 1 DAGs
[2024-04-02T08:17:50.076+0000] {logging_mixin.py:188} INFO - [2024-04-02T08:17:50.076+0000] {dag.py:3834} INFO - Setting next_dagrun for example_skip_dag to 2024-04-01 00:00:00+00:00, run_after=2024-04-02 00:00:00+00:00
[2024-04-02T08:17:50.111+0000] {processor.py:183} INFO - Processing /home/airflow/.local/lib/python3.8/site-packages/airflow/example_dags/example_skip_dag.py took 0.118 seconds
[2024-04-02T08:18:20.872+0000] {processor.py:161} INFO - Started process (PID=223) to work on /home/airflow/.local/lib/python3.8/site-packages/airflow/example_dags/example_skip_dag.py
[2024-04-02T08:18:20.874+0000] {processor.py:830} INFO - Processing file /home/airflow/.local/lib/python3.8/site-packages/airflow/example_dags/example_skip_dag.py for tasks to queue
[2024-04-02T08:18:20.877+0000] {logging_mixin.py:188} INFO - [2024-04-02T08:18:20.876+0000] {dagbag.py:540} INFO - Filling up the DagBag from /home/airflow/.local/lib/python3.8/site-packages/airflow/example_dags/example_skip_dag.py
[2024-04-02T08:18:20.889+0000] {processor.py:840} INFO - DAG(s) 'example_skip_dag' retrieved from /home/airflow/.local/lib/python3.8/site-packages/airflow/example_dags/example_skip_dag.py
[2024-04-02T08:18:20.932+0000] {logging_mixin.py:188} INFO - [2024-04-02T08:18:20.931+0000] {dag.py:3047} INFO - Sync 1 DAGs
[2024-04-02T08:18:20.969+0000] {logging_mixin.py:188} INFO - [2024-04-02T08:18:20.969+0000] {dag.py:3834} INFO - Setting next_dagrun for example_skip_dag to 2024-04-01 00:00:00+00:00, run_after=2024-04-02 00:00:00+00:00
[2024-04-02T08:18:21.006+0000] {processor.py:183} INFO - Processing /home/airflow/.local/lib/python3.8/site-packages/airflow/example_dags/example_skip_dag.py took 0.139 seconds
[2024-04-02T08:18:51.456+0000] {processor.py:161} INFO - Started process (PID=279) to work on /home/airflow/.local/lib/python3.8/site-packages/airflow/example_dags/example_skip_dag.py
[2024-04-02T08:18:51.458+0000] {processor.py:830} INFO - Processing file /home/airflow/.local/lib/python3.8/site-packages/airflow/example_dags/example_skip_dag.py for tasks to queue
[2024-04-02T08:18:51.460+0000] {logging_mixin.py:188} INFO - [2024-04-02T08:18:51.460+0000] {dagbag.py:540} INFO - Filling up the DagBag from /home/airflow/.local/lib/python3.8/site-packages/airflow/example_dags/example_skip_dag.py
[2024-04-02T08:18:51.471+0000] {processor.py:840} INFO - DAG(s) 'example_skip_dag' retrieved from /home/airflow/.local/lib/python3.8/site-packages/airflow/example_dags/example_skip_dag.py
[2024-04-02T08:18:51.520+0000] {logging_mixin.py:188} INFO - [2024-04-02T08:18:51.519+0000] {dag.py:3047} INFO - Sync 1 DAGs
[2024-04-02T08:18:51.558+0000] {logging_mixin.py:188} INFO - [2024-04-02T08:18:51.558+0000] {dag.py:3834} INFO - Setting next_dagrun for example_skip_dag to 2024-04-01 00:00:00+00:00, run_after=2024-04-02 00:00:00+00:00
[2024-04-02T08:18:51.593+0000] {processor.py:183} INFO - Processing /home/airflow/.local/lib/python3.8/site-packages/airflow/example_dags/example_skip_dag.py took 0.141 seconds
[2024-04-02T08:19:21.636+0000] {processor.py:161} INFO - Started process (PID=334) to work on /home/airflow/.local/lib/python3.8/site-packages/airflow/example_dags/example_skip_dag.py
[2024-04-02T08:19:21.637+0000] {processor.py:830} INFO - Processing file /home/airflow/.local/lib/python3.8/site-packages/airflow/example_dags/example_skip_dag.py for tasks to queue
[2024-04-02T08:19:21.640+0000] {logging_mixin.py:188} INFO - [2024-04-02T08:19:21.640+0000] {dagbag.py:540} INFO - Filling up the DagBag from /home/airflow/.local/lib/python3.8/site-packages/airflow/example_dags/example_skip_dag.py
[2024-04-02T08:19:21.653+0000] {processor.py:840} INFO - DAG(s) 'example_skip_dag' retrieved from /home/airflow/.local/lib/python3.8/site-packages/airflow/example_dags/example_skip_dag.py
[2024-04-02T08:19:21.684+0000] {logging_mixin.py:188} INFO - [2024-04-02T08:19:21.683+0000] {dag.py:3047} INFO - Sync 1 DAGs
[2024-04-02T08:19:21.718+0000] {logging_mixin.py:188} INFO - [2024-04-02T08:19:21.718+0000] {dag.py:3834} INFO - Setting next_dagrun for example_skip_dag to 2024-04-01 00:00:00+00:00, run_after=2024-04-02 00:00:00+00:00
[2024-04-02T08:19:21.752+0000] {processor.py:183} INFO - Processing /home/airflow/.local/lib/python3.8/site-packages/airflow/example_dags/example_skip_dag.py took 0.121 seconds
[2024-04-02T08:19:51.854+0000] {processor.py:161} INFO - Started process (PID=390) to work on /home/airflow/.local/lib/python3.8/site-packages/airflow/example_dags/example_skip_dag.py
[2024-04-02T08:19:51.855+0000] {processor.py:830} INFO - Processing file /home/airflow/.local/lib/python3.8/site-packages/airflow/example_dags/example_skip_dag.py for tasks to queue
[2024-04-02T08:19:51.858+0000] {logging_mixin.py:188} INFO - [2024-04-02T08:19:51.858+0000] {dagbag.py:540} INFO - Filling up the DagBag from /home/airflow/.local/lib/python3.8/site-packages/airflow/example_dags/example_skip_dag.py
[2024-04-02T08:19:51.867+0000] {processor.py:840} INFO - DAG(s) 'example_skip_dag' retrieved from /home/airflow/.local/lib/python3.8/site-packages/airflow/example_dags/example_skip_dag.py
[2024-04-02T08:19:51.904+0000] {logging_mixin.py:188} INFO - [2024-04-02T08:19:51.904+0000] {dag.py:3047} INFO - Sync 1 DAGs
[2024-04-02T08:19:51.939+0000] {logging_mixin.py:188} INFO - [2024-04-02T08:19:51.939+0000] {dag.py:3834} INFO - Setting next_dagrun for example_skip_dag to 2024-04-01 00:00:00+00:00, run_after=2024-04-02 00:00:00+00:00
[2024-04-02T08:19:51.982+0000] {processor.py:183} INFO - Processing /home/airflow/.local/lib/python3.8/site-packages/airflow/example_dags/example_skip_dag.py took 0.132 seconds
[2024-04-02T08:20:22.138+0000] {processor.py:161} INFO - Started process (PID=446) to work on /home/airflow/.local/lib/python3.8/site-packages/airflow/example_dags/example_skip_dag.py
[2024-04-02T08:20:22.140+0000] {processor.py:830} INFO - Processing file /home/airflow/.local/lib/python3.8/site-packages/airflow/example_dags/example_skip_dag.py for tasks to queue
[2024-04-02T08:20:22.142+0000] {logging_mixin.py:188} INFO - [2024-04-02T08:20:22.142+0000] {dagbag.py:540} INFO - Filling up the DagBag from /home/airflow/.local/lib/python3.8/site-packages/airflow/example_dags/example_skip_dag.py
[2024-04-02T08:20:22.151+0000] {processor.py:840} INFO - DAG(s) 'example_skip_dag' retrieved from /home/airflow/.local/lib/python3.8/site-packages/airflow/example_dags/example_skip_dag.py
[2024-04-02T08:20:22.189+0000] {logging_mixin.py:188} INFO - [2024-04-02T08:20:22.189+0000] {dag.py:3047} INFO - Sync 1 DAGs
[2024-04-02T08:20:22.229+0000] {logging_mixin.py:188} INFO - [2024-04-02T08:20:22.229+0000] {dag.py:3834} INFO - Setting next_dagrun for example_skip_dag to 2024-04-01 00:00:00+00:00, run_after=2024-04-02 00:00:00+00:00
[2024-04-02T08:20:22.269+0000] {processor.py:183} INFO - Processing /home/airflow/.local/lib/python3.8/site-packages/airflow/example_dags/example_skip_dag.py took 0.135 seconds
[2024-04-02T08:20:52.541+0000] {processor.py:161} INFO - Started process (PID=502) to work on /home/airflow/.local/lib/python3.8/site-packages/airflow/example_dags/example_skip_dag.py
[2024-04-02T08:20:52.549+0000] {processor.py:830} INFO - Processing file /home/airflow/.local/lib/python3.8/site-packages/airflow/example_dags/example_skip_dag.py for tasks to queue
[2024-04-02T08:20:52.572+0000] {logging_mixin.py:188} INFO - [2024-04-02T08:20:52.569+0000] {dagbag.py:540} INFO - Filling up the DagBag from /home/airflow/.local/lib/python3.8/site-packages/airflow/example_dags/example_skip_dag.py
[2024-04-02T08:20:52.631+0000] {processor.py:840} INFO - DAG(s) 'example_skip_dag' retrieved from /home/airflow/.local/lib/python3.8/site-packages/airflow/example_dags/example_skip_dag.py
[2024-04-02T08:20:52.741+0000] {logging_mixin.py:188} INFO - [2024-04-02T08:20:52.741+0000] {dag.py:3047} INFO - Sync 1 DAGs
[2024-04-02T08:20:52.851+0000] {logging_mixin.py:188} INFO - [2024-04-02T08:20:52.850+0000] {dag.py:3834} INFO - Setting next_dagrun for example_skip_dag to 2024-04-01 00:00:00+00:00, run_after=2024-04-02 00:00:00+00:00
[2024-04-02T08:20:52.904+0000] {processor.py:183} INFO - Processing /home/airflow/.local/lib/python3.8/site-packages/airflow/example_dags/example_skip_dag.py took 0.370 seconds
[2024-04-02T08:21:23.802+0000] {processor.py:161} INFO - Started process (PID=558) to work on /home/airflow/.local/lib/python3.8/site-packages/airflow/example_dags/example_skip_dag.py
[2024-04-02T08:21:23.803+0000] {processor.py:830} INFO - Processing file /home/airflow/.local/lib/python3.8/site-packages/airflow/example_dags/example_skip_dag.py for tasks to queue
[2024-04-02T08:21:23.806+0000] {logging_mixin.py:188} INFO - [2024-04-02T08:21:23.806+0000] {dagbag.py:540} INFO - Filling up the DagBag from /home/airflow/.local/lib/python3.8/site-packages/airflow/example_dags/example_skip_dag.py
[2024-04-02T08:21:23.818+0000] {processor.py:840} INFO - DAG(s) 'example_skip_dag' retrieved from /home/airflow/.local/lib/python3.8/site-packages/airflow/example_dags/example_skip_dag.py
[2024-04-02T08:21:23.858+0000] {logging_mixin.py:188} INFO - [2024-04-02T08:21:23.858+0000] {dag.py:3047} INFO - Sync 1 DAGs
[2024-04-02T08:21:23.898+0000] {logging_mixin.py:188} INFO - [2024-04-02T08:21:23.897+0000] {dag.py:3834} INFO - Setting next_dagrun for example_skip_dag to 2024-04-01 00:00:00+00:00, run_after=2024-04-02 00:00:00+00:00
[2024-04-02T08:21:23.935+0000] {processor.py:183} INFO - Processing /home/airflow/.local/lib/python3.8/site-packages/airflow/example_dags/example_skip_dag.py took 0.138 seconds
[2024-04-02T08:21:54.249+0000] {processor.py:161} INFO - Started process (PID=614) to work on /home/airflow/.local/lib/python3.8/site-packages/airflow/example_dags/example_skip_dag.py
[2024-04-02T08:21:54.251+0000] {processor.py:830} INFO - Processing file /home/airflow/.local/lib/python3.8/site-packages/airflow/example_dags/example_skip_dag.py for tasks to queue
[2024-04-02T08:21:54.255+0000] {logging_mixin.py:188} INFO - [2024-04-02T08:21:54.255+0000] {dagbag.py:540} INFO - Filling up the DagBag from /home/airflow/.local/lib/python3.8/site-packages/airflow/example_dags/example_skip_dag.py
[2024-04-02T08:21:54.283+0000] {processor.py:840} INFO - DAG(s) 'example_skip_dag' retrieved from /home/airflow/.local/lib/python3.8/site-packages/airflow/example_dags/example_skip_dag.py
[2024-04-02T08:21:54.416+0000] {logging_mixin.py:188} INFO - [2024-04-02T08:21:54.415+0000] {dag.py:3047} INFO - Sync 1 DAGs
[2024-04-02T08:21:54.527+0000] {logging_mixin.py:188} INFO - [2024-04-02T08:21:54.526+0000] {dag.py:3834} INFO - Setting next_dagrun for example_skip_dag to 2024-04-01 00:00:00+00:00, run_after=2024-04-02 00:00:00+00:00
[2024-04-02T08:21:54.575+0000] {processor.py:183} INFO - Processing /home/airflow/.local/lib/python3.8/site-packages/airflow/example_dags/example_skip_dag.py took 0.334 seconds
[2024-04-02T08:22:25.057+0000] {processor.py:161} INFO - Started process (PID=670) to work on /home/airflow/.local/lib/python3.8/site-packages/airflow/example_dags/example_skip_dag.py
[2024-04-02T08:22:25.059+0000] {processor.py:830} INFO - Processing file /home/airflow/.local/lib/python3.8/site-packages/airflow/example_dags/example_skip_dag.py for tasks to queue
[2024-04-02T08:22:25.064+0000] {logging_mixin.py:188} INFO - [2024-04-02T08:22:25.063+0000] {dagbag.py:540} INFO - Filling up the DagBag from /home/airflow/.local/lib/python3.8/site-packages/airflow/example_dags/example_skip_dag.py
[2024-04-02T08:22:25.086+0000] {processor.py:840} INFO - DAG(s) 'example_skip_dag' retrieved from /home/airflow/.local/lib/python3.8/site-packages/airflow/example_dags/example_skip_dag.py
[2024-04-02T08:22:25.160+0000] {logging_mixin.py:188} INFO - [2024-04-02T08:22:25.160+0000] {dag.py:3047} INFO - Sync 1 DAGs
[2024-04-02T08:22:25.230+0000] {logging_mixin.py:188} INFO - [2024-04-02T08:22:25.230+0000] {dag.py:3834} INFO - Setting next_dagrun for example_skip_dag to 2024-04-01 00:00:00+00:00, run_after=2024-04-02 00:00:00+00:00
[2024-04-02T08:22:25.300+0000] {processor.py:183} INFO - Processing /home/airflow/.local/lib/python3.8/site-packages/airflow/example_dags/example_skip_dag.py took 0.252 seconds
[2024-04-02T08:22:55.738+0000] {processor.py:161} INFO - Started process (PID=726) to work on /home/airflow/.local/lib/python3.8/site-packages/airflow/example_dags/example_skip_dag.py
[2024-04-02T08:22:55.740+0000] {processor.py:830} INFO - Processing file /home/airflow/.local/lib/python3.8/site-packages/airflow/example_dags/example_skip_dag.py for tasks to queue
[2024-04-02T08:22:55.744+0000] {logging_mixin.py:188} INFO - [2024-04-02T08:22:55.743+0000] {dagbag.py:540} INFO - Filling up the DagBag from /home/airflow/.local/lib/python3.8/site-packages/airflow/example_dags/example_skip_dag.py
[2024-04-02T08:22:55.756+0000] {processor.py:840} INFO - DAG(s) 'example_skip_dag' retrieved from /home/airflow/.local/lib/python3.8/site-packages/airflow/example_dags/example_skip_dag.py
[2024-04-02T08:22:55.793+0000] {logging_mixin.py:188} INFO - [2024-04-02T08:22:55.793+0000] {dag.py:3047} INFO - Sync 1 DAGs
[2024-04-02T08:22:55.830+0000] {logging_mixin.py:188} INFO - [2024-04-02T08:22:55.830+0000] {dag.py:3834} INFO - Setting next_dagrun for example_skip_dag to 2024-04-01 00:00:00+00:00, run_after=2024-04-02 00:00:00+00:00
[2024-04-02T08:22:55.868+0000] {processor.py:183} INFO - Processing /home/airflow/.local/lib/python3.8/site-packages/airflow/example_dags/example_skip_dag.py took 0.137 seconds
[2024-04-02T08:23:26.340+0000] {processor.py:161} INFO - Started process (PID=782) to work on /home/airflow/.local/lib/python3.8/site-packages/airflow/example_dags/example_skip_dag.py
[2024-04-02T08:23:26.342+0000] {processor.py:830} INFO - Processing file /home/airflow/.local/lib/python3.8/site-packages/airflow/example_dags/example_skip_dag.py for tasks to queue
[2024-04-02T08:23:26.345+0000] {logging_mixin.py:188} INFO - [2024-04-02T08:23:26.345+0000] {dagbag.py:540} INFO - Filling up the DagBag from /home/airflow/.local/lib/python3.8/site-packages/airflow/example_dags/example_skip_dag.py
[2024-04-02T08:23:26.355+0000] {processor.py:840} INFO - DAG(s) 'example_skip_dag' retrieved from /home/airflow/.local/lib/python3.8/site-packages/airflow/example_dags/example_skip_dag.py
[2024-04-02T08:23:26.400+0000] {logging_mixin.py:188} INFO - [2024-04-02T08:23:26.400+0000] {dag.py:3047} INFO - Sync 1 DAGs
[2024-04-02T08:23:26.435+0000] {logging_mixin.py:188} INFO - [2024-04-02T08:23:26.435+0000] {dag.py:3834} INFO - Setting next_dagrun for example_skip_dag to 2024-04-01 00:00:00+00:00, run_after=2024-04-02 00:00:00+00:00
[2024-04-02T08:23:26.477+0000] {processor.py:183} INFO - Processing /home/airflow/.local/lib/python3.8/site-packages/airflow/example_dags/example_skip_dag.py took 0.142 seconds
[2024-04-02T08:23:56.735+0000] {processor.py:161} INFO - Started process (PID=838) to work on /home/airflow/.local/lib/python3.8/site-packages/airflow/example_dags/example_skip_dag.py
[2024-04-02T08:23:56.737+0000] {processor.py:830} INFO - Processing file /home/airflow/.local/lib/python3.8/site-packages/airflow/example_dags/example_skip_dag.py for tasks to queue
[2024-04-02T08:23:56.740+0000] {logging_mixin.py:188} INFO - [2024-04-02T08:23:56.739+0000] {dagbag.py:540} INFO - Filling up the DagBag from /home/airflow/.local/lib/python3.8/site-packages/airflow/example_dags/example_skip_dag.py
[2024-04-02T08:23:56.752+0000] {processor.py:840} INFO - DAG(s) 'example_skip_dag' retrieved from /home/airflow/.local/lib/python3.8/site-packages/airflow/example_dags/example_skip_dag.py
[2024-04-02T08:23:56.803+0000] {logging_mixin.py:188} INFO - [2024-04-02T08:23:56.803+0000] {dag.py:3047} INFO - Sync 1 DAGs
[2024-04-02T08:23:56.851+0000] {logging_mixin.py:188} INFO - [2024-04-02T08:23:56.851+0000] {dag.py:3834} INFO - Setting next_dagrun for example_skip_dag to 2024-04-01 00:00:00+00:00, run_after=2024-04-02 00:00:00+00:00
[2024-04-02T08:23:56.901+0000] {processor.py:183} INFO - Processing /home/airflow/.local/lib/python3.8/site-packages/airflow/example_dags/example_skip_dag.py took 0.171 seconds
[2024-04-02T08:24:27.282+0000] {processor.py:161} INFO - Started process (PID=894) to work on /home/airflow/.local/lib/python3.8/site-packages/airflow/example_dags/example_skip_dag.py
[2024-04-02T08:24:27.283+0000] {processor.py:830} INFO - Processing file /home/airflow/.local/lib/python3.8/site-packages/airflow/example_dags/example_skip_dag.py for tasks to queue
[2024-04-02T08:24:27.289+0000] {logging_mixin.py:188} INFO - [2024-04-02T08:24:27.287+0000] {dagbag.py:540} INFO - Filling up the DagBag from /home/airflow/.local/lib/python3.8/site-packages/airflow/example_dags/example_skip_dag.py
[2024-04-02T08:24:27.301+0000] {processor.py:840} INFO - DAG(s) 'example_skip_dag' retrieved from /home/airflow/.local/lib/python3.8/site-packages/airflow/example_dags/example_skip_dag.py
[2024-04-02T08:24:27.340+0000] {logging_mixin.py:188} INFO - [2024-04-02T08:24:27.340+0000] {dag.py:3047} INFO - Sync 1 DAGs
[2024-04-02T08:24:27.382+0000] {logging_mixin.py:188} INFO - [2024-04-02T08:24:27.381+0000] {dag.py:3834} INFO - Setting next_dagrun for example_skip_dag to 2024-04-01 00:00:00+00:00, run_after=2024-04-02 00:00:00+00:00
[2024-04-02T08:24:27.423+0000] {processor.py:183} INFO - Processing /home/airflow/.local/lib/python3.8/site-packages/airflow/example_dags/example_skip_dag.py took 0.144 seconds
[2024-04-02T08:24:57.504+0000] {processor.py:161} INFO - Started process (PID=950) to work on /home/airflow/.local/lib/python3.8/site-packages/airflow/example_dags/example_skip_dag.py
[2024-04-02T08:24:57.506+0000] {processor.py:830} INFO - Processing file /home/airflow/.local/lib/python3.8/site-packages/airflow/example_dags/example_skip_dag.py for tasks to queue
[2024-04-02T08:24:57.509+0000] {logging_mixin.py:188} INFO - [2024-04-02T08:24:57.508+0000] {dagbag.py:540} INFO - Filling up the DagBag from /home/airflow/.local/lib/python3.8/site-packages/airflow/example_dags/example_skip_dag.py
[2024-04-02T08:24:57.519+0000] {processor.py:840} INFO - DAG(s) 'example_skip_dag' retrieved from /home/airflow/.local/lib/python3.8/site-packages/airflow/example_dags/example_skip_dag.py
[2024-04-02T08:24:57.555+0000] {logging_mixin.py:188} INFO - [2024-04-02T08:24:57.555+0000] {dag.py:3047} INFO - Sync 1 DAGs
[2024-04-02T08:24:57.590+0000] {logging_mixin.py:188} INFO - [2024-04-02T08:24:57.589+0000] {dag.py:3834} INFO - Setting next_dagrun for example_skip_dag to 2024-04-01 00:00:00+00:00, run_after=2024-04-02 00:00:00+00:00
[2024-04-02T08:24:57.626+0000] {processor.py:183} INFO - Processing /home/airflow/.local/lib/python3.8/site-packages/airflow/example_dags/example_skip_dag.py took 0.128 seconds
[2024-04-02T08:25:27.995+0000] {processor.py:161} INFO - Started process (PID=1006) to work on /home/airflow/.local/lib/python3.8/site-packages/airflow/example_dags/example_skip_dag.py
[2024-04-02T08:25:27.998+0000] {processor.py:830} INFO - Processing file /home/airflow/.local/lib/python3.8/site-packages/airflow/example_dags/example_skip_dag.py for tasks to queue
[2024-04-02T08:25:28.003+0000] {logging_mixin.py:188} INFO - [2024-04-02T08:25:28.002+0000] {dagbag.py:540} INFO - Filling up the DagBag from /home/airflow/.local/lib/python3.8/site-packages/airflow/example_dags/example_skip_dag.py
[2024-04-02T08:25:28.024+0000] {processor.py:840} INFO - DAG(s) 'example_skip_dag' retrieved from /home/airflow/.local/lib/python3.8/site-packages/airflow/example_dags/example_skip_dag.py
[2024-04-02T08:25:28.079+0000] {logging_mixin.py:188} INFO - [2024-04-02T08:25:28.076+0000] {dag.py:3047} INFO - Sync 1 DAGs
[2024-04-02T08:25:28.126+0000] {logging_mixin.py:188} INFO - [2024-04-02T08:25:28.125+0000] {dag.py:3834} INFO - Setting next_dagrun for example_skip_dag to 2024-04-01 00:00:00+00:00, run_after=2024-04-02 00:00:00+00:00
[2024-04-02T08:25:28.172+0000] {processor.py:183} INFO - Processing /home/airflow/.local/lib/python3.8/site-packages/airflow/example_dags/example_skip_dag.py took 0.183 seconds
[2024-04-02T08:25:58.433+0000] {processor.py:161} INFO - Started process (PID=1062) to work on /home/airflow/.local/lib/python3.8/site-packages/airflow/example_dags/example_skip_dag.py
[2024-04-02T08:25:58.435+0000] {processor.py:830} INFO - Processing file /home/airflow/.local/lib/python3.8/site-packages/airflow/example_dags/example_skip_dag.py for tasks to queue
[2024-04-02T08:25:58.438+0000] {logging_mixin.py:188} INFO - [2024-04-02T08:25:58.437+0000] {dagbag.py:540} INFO - Filling up the DagBag from /home/airflow/.local/lib/python3.8/site-packages/airflow/example_dags/example_skip_dag.py
[2024-04-02T08:25:58.448+0000] {processor.py:840} INFO - DAG(s) 'example_skip_dag' retrieved from /home/airflow/.local/lib/python3.8/site-packages/airflow/example_dags/example_skip_dag.py
[2024-04-02T08:25:58.485+0000] {logging_mixin.py:188} INFO - [2024-04-02T08:25:58.484+0000] {dag.py:3047} INFO - Sync 1 DAGs
[2024-04-02T08:25:58.526+0000] {logging_mixin.py:188} INFO - [2024-04-02T08:25:58.525+0000] {dag.py:3834} INFO - Setting next_dagrun for example_skip_dag to 2024-04-01 00:00:00+00:00, run_after=2024-04-02 00:00:00+00:00
[2024-04-02T08:25:58.562+0000] {processor.py:183} INFO - Processing /home/airflow/.local/lib/python3.8/site-packages/airflow/example_dags/example_skip_dag.py took 0.132 seconds
[2024-04-02T08:26:28.878+0000] {processor.py:161} INFO - Started process (PID=1118) to work on /home/airflow/.local/lib/python3.8/site-packages/airflow/example_dags/example_skip_dag.py
[2024-04-02T08:26:28.880+0000] {processor.py:830} INFO - Processing file /home/airflow/.local/lib/python3.8/site-packages/airflow/example_dags/example_skip_dag.py for tasks to queue
[2024-04-02T08:26:28.883+0000] {logging_mixin.py:188} INFO - [2024-04-02T08:26:28.883+0000] {dagbag.py:540} INFO - Filling up the DagBag from /home/airflow/.local/lib/python3.8/site-packages/airflow/example_dags/example_skip_dag.py
[2024-04-02T08:26:28.893+0000] {processor.py:840} INFO - DAG(s) 'example_skip_dag' retrieved from /home/airflow/.local/lib/python3.8/site-packages/airflow/example_dags/example_skip_dag.py
[2024-04-02T08:26:28.928+0000] {logging_mixin.py:188} INFO - [2024-04-02T08:26:28.928+0000] {dag.py:3047} INFO - Sync 1 DAGs
[2024-04-02T08:26:28.977+0000] {logging_mixin.py:188} INFO - [2024-04-02T08:26:28.976+0000] {dag.py:3834} INFO - Setting next_dagrun for example_skip_dag to 2024-04-01 00:00:00+00:00, run_after=2024-04-02 00:00:00+00:00
[2024-04-02T08:26:29.014+0000] {processor.py:183} INFO - Processing /home/airflow/.local/lib/python3.8/site-packages/airflow/example_dags/example_skip_dag.py took 0.140 seconds
[2024-04-02T08:26:59.571+0000] {processor.py:161} INFO - Started process (PID=1171) to work on /home/airflow/.local/lib/python3.8/site-packages/airflow/example_dags/example_skip_dag.py
[2024-04-02T08:26:59.572+0000] {processor.py:830} INFO - Processing file /home/airflow/.local/lib/python3.8/site-packages/airflow/example_dags/example_skip_dag.py for tasks to queue
[2024-04-02T08:26:59.575+0000] {logging_mixin.py:188} INFO - [2024-04-02T08:26:59.574+0000] {dagbag.py:540} INFO - Filling up the DagBag from /home/airflow/.local/lib/python3.8/site-packages/airflow/example_dags/example_skip_dag.py
[2024-04-02T08:26:59.586+0000] {processor.py:840} INFO - DAG(s) 'example_skip_dag' retrieved from /home/airflow/.local/lib/python3.8/site-packages/airflow/example_dags/example_skip_dag.py
[2024-04-02T08:26:59.622+0000] {logging_mixin.py:188} INFO - [2024-04-02T08:26:59.622+0000] {dag.py:3047} INFO - Sync 1 DAGs
[2024-04-02T08:26:59.667+0000] {logging_mixin.py:188} INFO - [2024-04-02T08:26:59.667+0000] {dag.py:3834} INFO - Setting next_dagrun for example_skip_dag to 2024-04-01 00:00:00+00:00, run_after=2024-04-02 00:00:00+00:00
[2024-04-02T08:26:59.656+0000] {processor.py:183} INFO - Processing /home/airflow/.local/lib/python3.8/site-packages/airflow/example_dags/example_skip_dag.py took 0.146 seconds
[2024-04-02T08:27:29.932+0000] {processor.py:161} INFO - Started process (PID=1227) to work on /home/airflow/.local/lib/python3.8/site-packages/airflow/example_dags/example_skip_dag.py
[2024-04-02T08:27:29.935+0000] {processor.py:830} INFO - Processing file /home/airflow/.local/lib/python3.8/site-packages/airflow/example_dags/example_skip_dag.py for tasks to queue
[2024-04-02T08:27:29.938+0000] {logging_mixin.py:188} INFO - [2024-04-02T08:27:29.938+0000] {dagbag.py:540} INFO - Filling up the DagBag from /home/airflow/.local/lib/python3.8/site-packages/airflow/example_dags/example_skip_dag.py
[2024-04-02T08:27:29.955+0000] {processor.py:840} INFO - DAG(s) 'example_skip_dag' retrieved from /home/airflow/.local/lib/python3.8/site-packages/airflow/example_dags/example_skip_dag.py
[2024-04-02T08:27:29.993+0000] {logging_mixin.py:188} INFO - [2024-04-02T08:27:29.993+0000] {dag.py:3047} INFO - Sync 1 DAGs
[2024-04-02T08:27:30.040+0000] {logging_mixin.py:188} INFO - [2024-04-02T08:27:30.040+0000] {dag.py:3834} INFO - Setting next_dagrun for example_skip_dag to 2024-04-01 00:00:00+00:00, run_after=2024-04-02 00:00:00+00:00
[2024-04-02T08:27:30.077+0000] {processor.py:183} INFO - Processing /home/airflow/.local/lib/python3.8/site-packages/airflow/example_dags/example_skip_dag.py took 0.150 seconds
[2024-04-02T08:28:00.209+0000] {processor.py:161} INFO - Started process (PID=1283) to work on /home/airflow/.local/lib/python3.8/site-packages/airflow/example_dags/example_skip_dag.py
[2024-04-02T08:28:00.210+0000] {processor.py:830} INFO - Processing file /home/airflow/.local/lib/python3.8/site-packages/airflow/example_dags/example_skip_dag.py for tasks to queue
[2024-04-02T08:28:00.213+0000] {logging_mixin.py:188} INFO - [2024-04-02T08:28:00.213+0000] {dagbag.py:540} INFO - Filling up the DagBag from /home/airflow/.local/lib/python3.8/site-packages/airflow/example_dags/example_skip_dag.py
[2024-04-02T08:28:00.222+0000] {processor.py:840} INFO - DAG(s) 'example_skip_dag' retrieved from /home/airflow/.local/lib/python3.8/site-packages/airflow/example_dags/example_skip_dag.py
[2024-04-02T08:28:00.255+0000] {logging_mixin.py:188} INFO - [2024-04-02T08:28:00.255+0000] {dag.py:3047} INFO - Sync 1 DAGs
[2024-04-02T08:28:00.298+0000] {logging_mixin.py:188} INFO - [2024-04-02T08:28:00.298+0000] {dag.py:3834} INFO - Setting next_dagrun for example_skip_dag to 2024-04-01 00:00:00+00:00, run_after=2024-04-02 00:00:00+00:00
[2024-04-02T08:28:00.335+0000] {processor.py:183} INFO - Processing /home/airflow/.local/lib/python3.8/site-packages/airflow/example_dags/example_skip_dag.py took 0.131 seconds
[2024-04-02T08:28:30.762+0000] {processor.py:161} INFO - Started process (PID=1339) to work on /home/airflow/.local/lib/python3.8/site-packages/airflow/example_dags/example_skip_dag.py
[2024-04-02T08:28:30.764+0000] {processor.py:830} INFO - Processing file /home/airflow/.local/lib/python3.8/site-packages/airflow/example_dags/example_skip_dag.py for tasks to queue
[2024-04-02T08:28:30.768+0000] {logging_mixin.py:188} INFO - [2024-04-02T08:28:30.767+0000] {dagbag.py:540} INFO - Filling up the DagBag from /home/airflow/.local/lib/python3.8/site-packages/airflow/example_dags/example_skip_dag.py
[2024-04-02T08:28:30.778+0000] {processor.py:840} INFO - DAG(s) 'example_skip_dag' retrieved from /home/airflow/.local/lib/python3.8/site-packages/airflow/example_dags/example_skip_dag.py
[2024-04-02T08:28:30.814+0000] {logging_mixin.py:188} INFO - [2024-04-02T08:28:30.813+0000] {dag.py:3047} INFO - Sync 1 DAGs
[2024-04-02T08:28:30.855+0000] {logging_mixin.py:188} INFO - [2024-04-02T08:28:30.855+0000] {dag.py:3834} INFO - Setting next_dagrun for example_skip_dag to 2024-04-01 00:00:00+00:00, run_after=2024-04-02 00:00:00+00:00
[2024-04-02T08:28:30.892+0000] {processor.py:183} INFO - Processing /home/airflow/.local/lib/python3.8/site-packages/airflow/example_dags/example_skip_dag.py took 0.134 seconds
[2024-04-02T08:29:01.323+0000] {processor.py:161} INFO - Started process (PID=1395) to work on /home/airflow/.local/lib/python3.8/site-packages/airflow/example_dags/example_skip_dag.py
[2024-04-02T08:29:01.325+0000] {processor.py:830} INFO - Processing file /home/airflow/.local/lib/python3.8/site-packages/airflow/example_dags/example_skip_dag.py for tasks to queue
[2024-04-02T08:29:01.329+0000] {logging_mixin.py:188} INFO - [2024-04-02T08:29:01.328+0000] {dagbag.py:540} INFO - Filling up the DagBag from /home/airflow/.local/lib/python3.8/site-packages/airflow/example_dags/example_skip_dag.py
[2024-04-02T08:29:01.339+0000] {processor.py:840} INFO - DAG(s) 'example_skip_dag' retrieved from /home/airflow/.local/lib/python3.8/site-packages/airflow/example_dags/example_skip_dag.py
[2024-04-02T08:29:01.373+0000] {logging_mixin.py:188} INFO - [2024-04-02T08:29:01.372+0000] {dag.py:3047} INFO - Sync 1 DAGs
[2024-04-02T08:29:01.413+0000] {logging_mixin.py:188} INFO - [2024-04-02T08:29:01.412+0000] {dag.py:3834} INFO - Setting next_dagrun for example_skip_dag to 2024-04-01 00:00:00+00:00, run_after=2024-04-02 00:00:00+00:00
[2024-04-02T08:29:01.448+0000] {processor.py:183} INFO - Processing /home/airflow/.local/lib/python3.8/site-packages/airflow/example_dags/example_skip_dag.py took 0.130 seconds
[2024-04-02T08:29:33.027+0000] {processor.py:161} INFO - Started process (PID=1451) to work on /home/airflow/.local/lib/python3.8/site-packages/airflow/example_dags/example_skip_dag.py
[2024-04-02T08:29:33.029+0000] {processor.py:830} INFO - Processing file /home/airflow/.local/lib/python3.8/site-packages/airflow/example_dags/example_skip_dag.py for tasks to queue
[2024-04-02T08:29:33.032+0000] {logging_mixin.py:188} INFO - [2024-04-02T08:29:33.031+0000] {dagbag.py:540} INFO - Filling up the DagBag from /home/airflow/.local/lib/python3.8/site-packages/airflow/example_dags/example_skip_dag.py
[2024-04-02T08:29:33.053+0000] {processor.py:840} INFO - DAG(s) 'example_skip_dag' retrieved from /home/airflow/.local/lib/python3.8/site-packages/airflow/example_dags/example_skip_dag.py
[2024-04-02T08:29:33.263+0000] {logging_mixin.py:188} INFO - [2024-04-02T08:29:33.263+0000] {dag.py:3047} INFO - Sync 1 DAGs
[2024-04-02T08:29:33.491+0000] {logging_mixin.py:188} INFO - [2024-04-02T08:29:33.490+0000] {dag.py:3834} INFO - Setting next_dagrun for example_skip_dag to 2024-04-01 00:00:00+00:00, run_after=2024-04-02 00:00:00+00:00
[2024-04-02T08:29:33.573+0000] {processor.py:183} INFO - Processing /home/airflow/.local/lib/python3.8/site-packages/airflow/example_dags/example_skip_dag.py took 0.550 seconds
[2024-04-02T08:30:04.266+0000] {processor.py:161} INFO - Started process (PID=1507) to work on /home/airflow/.local/lib/python3.8/site-packages/airflow/example_dags/example_skip_dag.py
[2024-04-02T08:30:04.268+0000] {processor.py:830} INFO - Processing file /home/airflow/.local/lib/python3.8/site-packages/airflow/example_dags/example_skip_dag.py for tasks to queue
[2024-04-02T08:30:04.272+0000] {logging_mixin.py:188} INFO - [2024-04-02T08:30:04.270+0000] {dagbag.py:540} INFO - Filling up the DagBag from /home/airflow/.local/lib/python3.8/site-packages/airflow/example_dags/example_skip_dag.py
[2024-04-02T08:30:04.281+0000] {processor.py:840} INFO - DAG(s) 'example_skip_dag' retrieved from /home/airflow/.local/lib/python3.8/site-packages/airflow/example_dags/example_skip_dag.py
[2024-04-02T08:30:04.316+0000] {logging_mixin.py:188} INFO - [2024-04-02T08:30:04.315+0000] {dag.py:3047} INFO - Sync 1 DAGs
[2024-04-02T08:30:04.355+0000] {logging_mixin.py:188} INFO - [2024-04-02T08:30:04.355+0000] {dag.py:3834} INFO - Setting next_dagrun for example_skip_dag to 2024-04-01 00:00:00+00:00, run_after=2024-04-02 00:00:00+00:00
[2024-04-02T08:30:04.393+0000] {processor.py:183} INFO - Processing /home/airflow/.local/lib/python3.8/site-packages/airflow/example_dags/example_skip_dag.py took 0.132 seconds
[2024-04-02T08:30:34.843+0000] {processor.py:161} INFO - Started process (PID=1563) to work on /home/airflow/.local/lib/python3.8/site-packages/airflow/example_dags/example_skip_dag.py
[2024-04-02T08:30:34.847+0000] {processor.py:830} INFO - Processing file /home/airflow/.local/lib/python3.8/site-packages/airflow/example_dags/example_skip_dag.py for tasks to queue
[2024-04-02T08:30:34.851+0000] {logging_mixin.py:188} INFO - [2024-04-02T08:30:34.851+0000] {dagbag.py:540} INFO - Filling up the DagBag from /home/airflow/.local/lib/python3.8/site-packages/airflow/example_dags/example_skip_dag.py
[2024-04-02T08:30:34.866+0000] {processor.py:840} INFO - DAG(s) 'example_skip_dag' retrieved from /home/airflow/.local/lib/python3.8/site-packages/airflow/example_dags/example_skip_dag.py
[2024-04-02T08:30:34.948+0000] {logging_mixin.py:188} INFO - [2024-04-02T08:30:34.938+0000] {dag.py:3047} INFO - Sync 1 DAGs
[2024-04-02T08:30:35.046+0000] {logging_mixin.py:188} INFO - [2024-04-02T08:30:35.045+0000] {dag.py:3834} INFO - Setting next_dagrun for example_skip_dag to 2024-04-01 00:00:00+00:00, run_after=2024-04-02 00:00:00+00:00
[2024-04-02T08:30:35.093+0000] {processor.py:183} INFO - Processing /home/airflow/.local/lib/python3.8/site-packages/airflow/example_dags/example_skip_dag.py took 0.258 seconds
[2024-04-02T08:31:05.318+0000] {processor.py:161} INFO - Started process (PID=1619) to work on /home/airflow/.local/lib/python3.8/site-packages/airflow/example_dags/example_skip_dag.py
[2024-04-02T08:31:05.319+0000] {processor.py:830} INFO - Processing file /home/airflow/.local/lib/python3.8/site-packages/airflow/example_dags/example_skip_dag.py for tasks to queue
[2024-04-02T08:31:05.322+0000] {logging_mixin.py:188} INFO - [2024-04-02T08:31:05.322+0000] {dagbag.py:540} INFO - Filling up the DagBag from /home/airflow/.local/lib/python3.8/site-packages/airflow/example_dags/example_skip_dag.py
[2024-04-02T08:31:05.332+0000] {processor.py:840} INFO - DAG(s) 'example_skip_dag' retrieved from /home/airflow/.local/lib/python3.8/site-packages/airflow/example_dags/example_skip_dag.py
[2024-04-02T08:31:05.375+0000] {logging_mixin.py:188} INFO - [2024-04-02T08:31:05.374+0000] {dag.py:3047} INFO - Sync 1 DAGs
[2024-04-02T08:31:05.415+0000] {logging_mixin.py:188} INFO - [2024-04-02T08:31:05.415+0000] {dag.py:3834} INFO - Setting next_dagrun for example_skip_dag to 2024-04-01 00:00:00+00:00, run_after=2024-04-02 00:00:00+00:00
[2024-04-02T08:31:05.451+0000] {processor.py:183} INFO - Processing /home/airflow/.local/lib/python3.8/site-packages/airflow/example_dags/example_skip_dag.py took 0.139 seconds
