[2024-04-02T07:45:15.759+0000] {processor.py:161} INFO - Started process (PID=56) to work on /home/airflow/.local/lib/python3.8/site-packages/airflow/example_dags/example_sensors.py
[2024-04-02T07:45:15.788+0000] {processor.py:830} INFO - Processing file /home/airflow/.local/lib/python3.8/site-packages/airflow/example_dags/example_sensors.py for tasks to queue
[2024-04-02T07:45:15.806+0000] {logging_mixin.py:188} INFO - [2024-04-02T07:45:15.805+0000] {dagbag.py:540} INFO - Filling up the DagBag from /home/airflow/.local/lib/python3.8/site-packages/airflow/example_dags/example_sensors.py
[2024-04-02T07:45:15.896+0000] {processor.py:840} INFO - DAG(s) 'example_sensors' retrieved from /home/airflow/.local/lib/python3.8/site-packages/airflow/example_dags/example_sensors.py
[2024-04-02T07:45:16.605+0000] {logging_mixin.py:188} INFO - [2024-04-02T07:45:16.605+0000] {dag.py:3047} INFO - Sync 1 DAGs
[2024-04-02T07:45:16.666+0000] {logging_mixin.py:188} INFO - [2024-04-02T07:45:16.665+0000] {dag.py:3834} INFO - Setting next_dagrun for example_sensors to None, run_after=None
[2024-04-02T07:45:16.855+0000] {processor.py:183} INFO - Processing /home/airflow/.local/lib/python3.8/site-packages/airflow/example_dags/example_sensors.py took 1.269 seconds
[2024-04-02T07:45:47.043+0000] {processor.py:161} INFO - Started process (PID=112) to work on /home/airflow/.local/lib/python3.8/site-packages/airflow/example_dags/example_sensors.py
[2024-04-02T07:45:47.045+0000] {processor.py:830} INFO - Processing file /home/airflow/.local/lib/python3.8/site-packages/airflow/example_dags/example_sensors.py for tasks to queue
[2024-04-02T07:45:47.054+0000] {logging_mixin.py:188} INFO - [2024-04-02T07:45:47.054+0000] {dagbag.py:540} INFO - Filling up the DagBag from /home/airflow/.local/lib/python3.8/site-packages/airflow/example_dags/example_sensors.py
[2024-04-02T07:45:47.073+0000] {processor.py:840} INFO - DAG(s) 'example_sensors' retrieved from /home/airflow/.local/lib/python3.8/site-packages/airflow/example_dags/example_sensors.py
[2024-04-02T07:45:47.113+0000] {logging_mixin.py:188} INFO - [2024-04-02T07:45:47.113+0000] {dag.py:3047} INFO - Sync 1 DAGs
[2024-04-02T07:45:47.155+0000] {logging_mixin.py:188} INFO - [2024-04-02T07:45:47.155+0000] {dag.py:3834} INFO - Setting next_dagrun for example_sensors to None, run_after=None
[2024-04-02T07:45:47.338+0000] {processor.py:183} INFO - Processing /home/airflow/.local/lib/python3.8/site-packages/airflow/example_dags/example_sensors.py took 0.300 seconds
[2024-04-02T07:46:17.630+0000] {processor.py:161} INFO - Started process (PID=168) to work on /home/airflow/.local/lib/python3.8/site-packages/airflow/example_dags/example_sensors.py
[2024-04-02T07:46:17.632+0000] {processor.py:830} INFO - Processing file /home/airflow/.local/lib/python3.8/site-packages/airflow/example_dags/example_sensors.py for tasks to queue
[2024-04-02T07:46:17.635+0000] {logging_mixin.py:188} INFO - [2024-04-02T07:46:17.635+0000] {dagbag.py:540} INFO - Filling up the DagBag from /home/airflow/.local/lib/python3.8/site-packages/airflow/example_dags/example_sensors.py
[2024-04-02T07:46:17.649+0000] {processor.py:840} INFO - DAG(s) 'example_sensors' retrieved from /home/airflow/.local/lib/python3.8/site-packages/airflow/example_dags/example_sensors.py
[2024-04-02T07:46:17.682+0000] {logging_mixin.py:188} INFO - [2024-04-02T07:46:17.682+0000] {dag.py:3047} INFO - Sync 1 DAGs
[2024-04-02T07:46:17.698+0000] {logging_mixin.py:188} INFO - [2024-04-02T07:46:17.698+0000] {dag.py:3834} INFO - Setting next_dagrun for example_sensors to None, run_after=None
[2024-04-02T07:46:17.728+0000] {processor.py:183} INFO - Processing /home/airflow/.local/lib/python3.8/site-packages/airflow/example_dags/example_sensors.py took 0.105 seconds
[2024-04-02T07:46:48.296+0000] {processor.py:161} INFO - Started process (PID=224) to work on /home/airflow/.local/lib/python3.8/site-packages/airflow/example_dags/example_sensors.py
[2024-04-02T07:46:48.308+0000] {processor.py:830} INFO - Processing file /home/airflow/.local/lib/python3.8/site-packages/airflow/example_dags/example_sensors.py for tasks to queue
[2024-04-02T07:46:48.311+0000] {logging_mixin.py:188} INFO - [2024-04-02T07:46:48.310+0000] {dagbag.py:540} INFO - Filling up the DagBag from /home/airflow/.local/lib/python3.8/site-packages/airflow/example_dags/example_sensors.py
[2024-04-02T07:46:48.330+0000] {processor.py:840} INFO - DAG(s) 'example_sensors' retrieved from /home/airflow/.local/lib/python3.8/site-packages/airflow/example_dags/example_sensors.py
[2024-04-02T07:46:48.382+0000] {logging_mixin.py:188} INFO - [2024-04-02T07:46:48.381+0000] {dag.py:3047} INFO - Sync 1 DAGs
[2024-04-02T07:46:48.408+0000] {logging_mixin.py:188} INFO - [2024-04-02T07:46:48.407+0000] {dag.py:3834} INFO - Setting next_dagrun for example_sensors to None, run_after=None
[2024-04-02T07:46:48.471+0000] {processor.py:183} INFO - Processing /home/airflow/.local/lib/python3.8/site-packages/airflow/example_dags/example_sensors.py took 0.182 seconds
[2024-04-02T07:47:18.568+0000] {processor.py:161} INFO - Started process (PID=280) to work on /home/airflow/.local/lib/python3.8/site-packages/airflow/example_dags/example_sensors.py
[2024-04-02T07:47:18.570+0000] {processor.py:830} INFO - Processing file /home/airflow/.local/lib/python3.8/site-packages/airflow/example_dags/example_sensors.py for tasks to queue
[2024-04-02T07:47:18.573+0000] {logging_mixin.py:188} INFO - [2024-04-02T07:47:18.572+0000] {dagbag.py:540} INFO - Filling up the DagBag from /home/airflow/.local/lib/python3.8/site-packages/airflow/example_dags/example_sensors.py
[2024-04-02T07:47:18.592+0000] {processor.py:840} INFO - DAG(s) 'example_sensors' retrieved from /home/airflow/.local/lib/python3.8/site-packages/airflow/example_dags/example_sensors.py
[2024-04-02T07:47:18.631+0000] {logging_mixin.py:188} INFO - [2024-04-02T07:47:18.630+0000] {dag.py:3047} INFO - Sync 1 DAGs
[2024-04-02T07:47:18.649+0000] {logging_mixin.py:188} INFO - [2024-04-02T07:47:18.649+0000] {dag.py:3834} INFO - Setting next_dagrun for example_sensors to None, run_after=None
[2024-04-02T07:47:18.682+0000] {processor.py:183} INFO - Processing /home/airflow/.local/lib/python3.8/site-packages/airflow/example_dags/example_sensors.py took 0.118 seconds
[2024-04-02T07:47:49.265+0000] {processor.py:161} INFO - Started process (PID=336) to work on /home/airflow/.local/lib/python3.8/site-packages/airflow/example_dags/example_sensors.py
[2024-04-02T07:47:49.269+0000] {processor.py:830} INFO - Processing file /home/airflow/.local/lib/python3.8/site-packages/airflow/example_dags/example_sensors.py for tasks to queue
[2024-04-02T07:47:49.273+0000] {logging_mixin.py:188} INFO - [2024-04-02T07:47:49.273+0000] {dagbag.py:540} INFO - Filling up the DagBag from /home/airflow/.local/lib/python3.8/site-packages/airflow/example_dags/example_sensors.py
[2024-04-02T07:47:49.300+0000] {processor.py:840} INFO - DAG(s) 'example_sensors' retrieved from /home/airflow/.local/lib/python3.8/site-packages/airflow/example_dags/example_sensors.py
[2024-04-02T07:47:49.357+0000] {logging_mixin.py:188} INFO - [2024-04-02T07:47:49.356+0000] {dag.py:3047} INFO - Sync 1 DAGs
[2024-04-02T07:47:49.391+0000] {logging_mixin.py:188} INFO - [2024-04-02T07:47:49.390+0000] {dag.py:3834} INFO - Setting next_dagrun for example_sensors to None, run_after=None
[2024-04-02T07:47:49.441+0000] {processor.py:183} INFO - Processing /home/airflow/.local/lib/python3.8/site-packages/airflow/example_dags/example_sensors.py took 0.183 seconds
[2024-04-02T07:48:19.617+0000] {processor.py:161} INFO - Started process (PID=392) to work on /home/airflow/.local/lib/python3.8/site-packages/airflow/example_dags/example_sensors.py
[2024-04-02T07:48:19.619+0000] {processor.py:830} INFO - Processing file /home/airflow/.local/lib/python3.8/site-packages/airflow/example_dags/example_sensors.py for tasks to queue
[2024-04-02T07:48:19.621+0000] {logging_mixin.py:188} INFO - [2024-04-02T07:48:19.621+0000] {dagbag.py:540} INFO - Filling up the DagBag from /home/airflow/.local/lib/python3.8/site-packages/airflow/example_dags/example_sensors.py
[2024-04-02T07:48:19.633+0000] {processor.py:840} INFO - DAG(s) 'example_sensors' retrieved from /home/airflow/.local/lib/python3.8/site-packages/airflow/example_dags/example_sensors.py
[2024-04-02T07:48:19.679+0000] {logging_mixin.py:188} INFO - [2024-04-02T07:48:19.678+0000] {dag.py:3047} INFO - Sync 1 DAGs
[2024-04-02T07:48:19.705+0000] {logging_mixin.py:188} INFO - [2024-04-02T07:48:19.704+0000] {dag.py:3834} INFO - Setting next_dagrun for example_sensors to None, run_after=None
[2024-04-02T07:48:19.740+0000] {processor.py:183} INFO - Processing /home/airflow/.local/lib/python3.8/site-packages/airflow/example_dags/example_sensors.py took 0.127 seconds
[2024-04-02T07:48:50.498+0000] {processor.py:161} INFO - Started process (PID=448) to work on /home/airflow/.local/lib/python3.8/site-packages/airflow/example_dags/example_sensors.py
[2024-04-02T07:48:50.499+0000] {processor.py:830} INFO - Processing file /home/airflow/.local/lib/python3.8/site-packages/airflow/example_dags/example_sensors.py for tasks to queue
[2024-04-02T07:48:50.504+0000] {logging_mixin.py:188} INFO - [2024-04-02T07:48:50.503+0000] {dagbag.py:540} INFO - Filling up the DagBag from /home/airflow/.local/lib/python3.8/site-packages/airflow/example_dags/example_sensors.py
[2024-04-02T07:48:50.540+0000] {processor.py:840} INFO - DAG(s) 'example_sensors' retrieved from /home/airflow/.local/lib/python3.8/site-packages/airflow/example_dags/example_sensors.py
[2024-04-02T07:48:50.656+0000] {logging_mixin.py:188} INFO - [2024-04-02T07:48:50.656+0000] {dag.py:3047} INFO - Sync 1 DAGs
[2024-04-02T07:48:50.704+0000] {logging_mixin.py:188} INFO - [2024-04-02T07:48:50.704+0000] {dag.py:3834} INFO - Setting next_dagrun for example_sensors to None, run_after=None
[2024-04-02T07:48:50.788+0000] {processor.py:183} INFO - Processing /home/airflow/.local/lib/python3.8/site-packages/airflow/example_dags/example_sensors.py took 0.296 seconds
[2024-04-02T07:49:21.072+0000] {processor.py:161} INFO - Started process (PID=504) to work on /home/airflow/.local/lib/python3.8/site-packages/airflow/example_dags/example_sensors.py
[2024-04-02T07:49:21.073+0000] {processor.py:830} INFO - Processing file /home/airflow/.local/lib/python3.8/site-packages/airflow/example_dags/example_sensors.py for tasks to queue
[2024-04-02T07:49:21.077+0000] {logging_mixin.py:188} INFO - [2024-04-02T07:49:21.076+0000] {dagbag.py:540} INFO - Filling up the DagBag from /home/airflow/.local/lib/python3.8/site-packages/airflow/example_dags/example_sensors.py
[2024-04-02T07:49:21.116+0000] {processor.py:840} INFO - DAG(s) 'example_sensors' retrieved from /home/airflow/.local/lib/python3.8/site-packages/airflow/example_dags/example_sensors.py
[2024-04-02T07:49:21.184+0000] {logging_mixin.py:188} INFO - [2024-04-02T07:49:21.184+0000] {dag.py:3047} INFO - Sync 1 DAGs
[2024-04-02T07:49:21.220+0000] {logging_mixin.py:188} INFO - [2024-04-02T07:49:21.220+0000] {dag.py:3834} INFO - Setting next_dagrun for example_sensors to None, run_after=None
[2024-04-02T07:49:21.304+0000] {processor.py:183} INFO - Processing /home/airflow/.local/lib/python3.8/site-packages/airflow/example_dags/example_sensors.py took 0.238 seconds
[2024-04-02T07:49:51.402+0000] {processor.py:161} INFO - Started process (PID=560) to work on /home/airflow/.local/lib/python3.8/site-packages/airflow/example_dags/example_sensors.py
[2024-04-02T07:49:51.404+0000] {processor.py:830} INFO - Processing file /home/airflow/.local/lib/python3.8/site-packages/airflow/example_dags/example_sensors.py for tasks to queue
[2024-04-02T07:49:51.407+0000] {logging_mixin.py:188} INFO - [2024-04-02T07:49:51.406+0000] {dagbag.py:540} INFO - Filling up the DagBag from /home/airflow/.local/lib/python3.8/site-packages/airflow/example_dags/example_sensors.py
[2024-04-02T07:49:51.421+0000] {processor.py:840} INFO - DAG(s) 'example_sensors' retrieved from /home/airflow/.local/lib/python3.8/site-packages/airflow/example_dags/example_sensors.py
[2024-04-02T07:49:51.457+0000] {logging_mixin.py:188} INFO - [2024-04-02T07:49:51.457+0000] {dag.py:3047} INFO - Sync 1 DAGs
[2024-04-02T07:49:51.477+0000] {logging_mixin.py:188} INFO - [2024-04-02T07:49:51.476+0000] {dag.py:3834} INFO - Setting next_dagrun for example_sensors to None, run_after=None
[2024-04-02T07:49:51.518+0000] {processor.py:183} INFO - Processing /home/airflow/.local/lib/python3.8/site-packages/airflow/example_dags/example_sensors.py took 0.120 seconds
[2024-04-02T07:50:21.780+0000] {processor.py:161} INFO - Started process (PID=616) to work on /home/airflow/.local/lib/python3.8/site-packages/airflow/example_dags/example_sensors.py
[2024-04-02T07:50:21.782+0000] {processor.py:830} INFO - Processing file /home/airflow/.local/lib/python3.8/site-packages/airflow/example_dags/example_sensors.py for tasks to queue
[2024-04-02T07:50:21.785+0000] {logging_mixin.py:188} INFO - [2024-04-02T07:50:21.784+0000] {dagbag.py:540} INFO - Filling up the DagBag from /home/airflow/.local/lib/python3.8/site-packages/airflow/example_dags/example_sensors.py
[2024-04-02T07:50:21.805+0000] {processor.py:840} INFO - DAG(s) 'example_sensors' retrieved from /home/airflow/.local/lib/python3.8/site-packages/airflow/example_dags/example_sensors.py
[2024-04-02T07:50:21.851+0000] {logging_mixin.py:188} INFO - [2024-04-02T07:50:21.850+0000] {dag.py:3047} INFO - Sync 1 DAGs
[2024-04-02T07:50:21.869+0000] {logging_mixin.py:188} INFO - [2024-04-02T07:50:21.868+0000] {dag.py:3834} INFO - Setting next_dagrun for example_sensors to None, run_after=None
[2024-04-02T07:50:21.905+0000] {processor.py:183} INFO - Processing /home/airflow/.local/lib/python3.8/site-packages/airflow/example_dags/example_sensors.py took 0.128 seconds
[2024-04-02T07:50:52.248+0000] {processor.py:161} INFO - Started process (PID=672) to work on /home/airflow/.local/lib/python3.8/site-packages/airflow/example_dags/example_sensors.py
[2024-04-02T07:50:52.251+0000] {processor.py:830} INFO - Processing file /home/airflow/.local/lib/python3.8/site-packages/airflow/example_dags/example_sensors.py for tasks to queue
[2024-04-02T07:50:52.254+0000] {logging_mixin.py:188} INFO - [2024-04-02T07:50:52.253+0000] {dagbag.py:540} INFO - Filling up the DagBag from /home/airflow/.local/lib/python3.8/site-packages/airflow/example_dags/example_sensors.py
[2024-04-02T07:50:52.279+0000] {processor.py:840} INFO - DAG(s) 'example_sensors' retrieved from /home/airflow/.local/lib/python3.8/site-packages/airflow/example_dags/example_sensors.py
[2024-04-02T07:50:52.325+0000] {logging_mixin.py:188} INFO - [2024-04-02T07:50:52.325+0000] {dag.py:3047} INFO - Sync 1 DAGs
[2024-04-02T07:50:52.344+0000] {logging_mixin.py:188} INFO - [2024-04-02T07:50:52.343+0000] {dag.py:3834} INFO - Setting next_dagrun for example_sensors to None, run_after=None
[2024-04-02T07:50:52.379+0000] {processor.py:183} INFO - Processing /home/airflow/.local/lib/python3.8/site-packages/airflow/example_dags/example_sensors.py took 0.140 seconds
[2024-04-02T07:51:22.948+0000] {processor.py:161} INFO - Started process (PID=728) to work on /home/airflow/.local/lib/python3.8/site-packages/airflow/example_dags/example_sensors.py
[2024-04-02T07:51:22.950+0000] {processor.py:830} INFO - Processing file /home/airflow/.local/lib/python3.8/site-packages/airflow/example_dags/example_sensors.py for tasks to queue
[2024-04-02T07:51:22.954+0000] {logging_mixin.py:188} INFO - [2024-04-02T07:51:22.953+0000] {dagbag.py:540} INFO - Filling up the DagBag from /home/airflow/.local/lib/python3.8/site-packages/airflow/example_dags/example_sensors.py
[2024-04-02T07:51:22.969+0000] {processor.py:840} INFO - DAG(s) 'example_sensors' retrieved from /home/airflow/.local/lib/python3.8/site-packages/airflow/example_dags/example_sensors.py
[2024-04-02T07:51:23.030+0000] {logging_mixin.py:188} INFO - [2024-04-02T07:51:23.029+0000] {dag.py:3047} INFO - Sync 1 DAGs
[2024-04-02T07:51:23.057+0000] {logging_mixin.py:188} INFO - [2024-04-02T07:51:23.057+0000] {dag.py:3834} INFO - Setting next_dagrun for example_sensors to None, run_after=None
[2024-04-02T07:51:23.103+0000] {processor.py:183} INFO - Processing /home/airflow/.local/lib/python3.8/site-packages/airflow/example_dags/example_sensors.py took 0.160 seconds
[2024-04-02T07:51:53.932+0000] {processor.py:161} INFO - Started process (PID=784) to work on /home/airflow/.local/lib/python3.8/site-packages/airflow/example_dags/example_sensors.py
[2024-04-02T07:51:53.934+0000] {processor.py:830} INFO - Processing file /home/airflow/.local/lib/python3.8/site-packages/airflow/example_dags/example_sensors.py for tasks to queue
[2024-04-02T07:51:53.938+0000] {logging_mixin.py:188} INFO - [2024-04-02T07:51:53.937+0000] {dagbag.py:540} INFO - Filling up the DagBag from /home/airflow/.local/lib/python3.8/site-packages/airflow/example_dags/example_sensors.py
[2024-04-02T07:51:53.964+0000] {processor.py:840} INFO - DAG(s) 'example_sensors' retrieved from /home/airflow/.local/lib/python3.8/site-packages/airflow/example_dags/example_sensors.py
[2024-04-02T07:51:54.013+0000] {logging_mixin.py:188} INFO - [2024-04-02T07:51:54.012+0000] {dag.py:3047} INFO - Sync 1 DAGs
[2024-04-02T07:51:54.038+0000] {logging_mixin.py:188} INFO - [2024-04-02T07:51:54.037+0000] {dag.py:3834} INFO - Setting next_dagrun for example_sensors to None, run_after=None
[2024-04-02T07:51:54.081+0000] {processor.py:183} INFO - Processing /home/airflow/.local/lib/python3.8/site-packages/airflow/example_dags/example_sensors.py took 0.156 seconds
[2024-04-02T07:52:24.854+0000] {processor.py:161} INFO - Started process (PID=840) to work on /home/airflow/.local/lib/python3.8/site-packages/airflow/example_dags/example_sensors.py
[2024-04-02T07:52:24.855+0000] {processor.py:830} INFO - Processing file /home/airflow/.local/lib/python3.8/site-packages/airflow/example_dags/example_sensors.py for tasks to queue
[2024-04-02T07:52:24.858+0000] {logging_mixin.py:188} INFO - [2024-04-02T07:52:24.857+0000] {dagbag.py:540} INFO - Filling up the DagBag from /home/airflow/.local/lib/python3.8/site-packages/airflow/example_dags/example_sensors.py
[2024-04-02T07:52:24.873+0000] {processor.py:840} INFO - DAG(s) 'example_sensors' retrieved from /home/airflow/.local/lib/python3.8/site-packages/airflow/example_dags/example_sensors.py
[2024-04-02T07:52:24.917+0000] {logging_mixin.py:188} INFO - [2024-04-02T07:52:24.916+0000] {dag.py:3047} INFO - Sync 1 DAGs
[2024-04-02T07:52:24.943+0000] {logging_mixin.py:188} INFO - [2024-04-02T07:52:24.942+0000] {dag.py:3834} INFO - Setting next_dagrun for example_sensors to None, run_after=None
[2024-04-02T07:52:25.034+0000] {processor.py:183} INFO - Processing /home/airflow/.local/lib/python3.8/site-packages/airflow/example_dags/example_sensors.py took 0.184 seconds
[2024-04-02T07:52:55.509+0000] {processor.py:161} INFO - Started process (PID=896) to work on /home/airflow/.local/lib/python3.8/site-packages/airflow/example_dags/example_sensors.py
[2024-04-02T07:52:55.511+0000] {processor.py:830} INFO - Processing file /home/airflow/.local/lib/python3.8/site-packages/airflow/example_dags/example_sensors.py for tasks to queue
[2024-04-02T07:52:55.513+0000] {logging_mixin.py:188} INFO - [2024-04-02T07:52:55.513+0000] {dagbag.py:540} INFO - Filling up the DagBag from /home/airflow/.local/lib/python3.8/site-packages/airflow/example_dags/example_sensors.py
[2024-04-02T07:52:55.530+0000] {processor.py:840} INFO - DAG(s) 'example_sensors' retrieved from /home/airflow/.local/lib/python3.8/site-packages/airflow/example_dags/example_sensors.py
[2024-04-02T07:52:55.577+0000] {logging_mixin.py:188} INFO - [2024-04-02T07:52:55.577+0000] {dag.py:3047} INFO - Sync 1 DAGs
[2024-04-02T07:52:55.599+0000] {logging_mixin.py:188} INFO - [2024-04-02T07:52:55.598+0000] {dag.py:3834} INFO - Setting next_dagrun for example_sensors to None, run_after=None
[2024-04-02T07:52:55.643+0000] {processor.py:183} INFO - Processing /home/airflow/.local/lib/python3.8/site-packages/airflow/example_dags/example_sensors.py took 0.138 seconds
[2024-04-02T07:53:26.136+0000] {processor.py:161} INFO - Started process (PID=952) to work on /home/airflow/.local/lib/python3.8/site-packages/airflow/example_dags/example_sensors.py
[2024-04-02T07:53:26.137+0000] {processor.py:830} INFO - Processing file /home/airflow/.local/lib/python3.8/site-packages/airflow/example_dags/example_sensors.py for tasks to queue
[2024-04-02T07:53:26.142+0000] {logging_mixin.py:188} INFO - [2024-04-02T07:53:26.141+0000] {dagbag.py:540} INFO - Filling up the DagBag from /home/airflow/.local/lib/python3.8/site-packages/airflow/example_dags/example_sensors.py
[2024-04-02T07:53:26.165+0000] {processor.py:840} INFO - DAG(s) 'example_sensors' retrieved from /home/airflow/.local/lib/python3.8/site-packages/airflow/example_dags/example_sensors.py
[2024-04-02T07:53:26.279+0000] {logging_mixin.py:188} INFO - [2024-04-02T07:53:26.278+0000] {dag.py:3047} INFO - Sync 1 DAGs
[2024-04-02T07:53:26.362+0000] {logging_mixin.py:188} INFO - [2024-04-02T07:53:26.361+0000] {dag.py:3834} INFO - Setting next_dagrun for example_sensors to None, run_after=None
[2024-04-02T07:53:26.438+0000] {processor.py:183} INFO - Processing /home/airflow/.local/lib/python3.8/site-packages/airflow/example_dags/example_sensors.py took 0.307 seconds
[2024-04-02T07:53:56.700+0000] {processor.py:161} INFO - Started process (PID=1008) to work on /home/airflow/.local/lib/python3.8/site-packages/airflow/example_dags/example_sensors.py
[2024-04-02T07:53:56.702+0000] {processor.py:830} INFO - Processing file /home/airflow/.local/lib/python3.8/site-packages/airflow/example_dags/example_sensors.py for tasks to queue
[2024-04-02T07:53:56.706+0000] {logging_mixin.py:188} INFO - [2024-04-02T07:53:56.705+0000] {dagbag.py:540} INFO - Filling up the DagBag from /home/airflow/.local/lib/python3.8/site-packages/airflow/example_dags/example_sensors.py
[2024-04-02T07:53:56.721+0000] {processor.py:840} INFO - DAG(s) 'example_sensors' retrieved from /home/airflow/.local/lib/python3.8/site-packages/airflow/example_dags/example_sensors.py
[2024-04-02T07:53:56.761+0000] {logging_mixin.py:188} INFO - [2024-04-02T07:53:56.760+0000] {dag.py:3047} INFO - Sync 1 DAGs
[2024-04-02T07:53:56.784+0000] {logging_mixin.py:188} INFO - [2024-04-02T07:53:56.784+0000] {dag.py:3834} INFO - Setting next_dagrun for example_sensors to None, run_after=None
[2024-04-02T07:53:56.822+0000] {processor.py:183} INFO - Processing /home/airflow/.local/lib/python3.8/site-packages/airflow/example_dags/example_sensors.py took 0.129 seconds
[2024-04-02T07:54:27.260+0000] {processor.py:161} INFO - Started process (PID=1064) to work on /home/airflow/.local/lib/python3.8/site-packages/airflow/example_dags/example_sensors.py
[2024-04-02T07:54:27.262+0000] {processor.py:830} INFO - Processing file /home/airflow/.local/lib/python3.8/site-packages/airflow/example_dags/example_sensors.py for tasks to queue
[2024-04-02T07:54:27.268+0000] {logging_mixin.py:188} INFO - [2024-04-02T07:54:27.267+0000] {dagbag.py:540} INFO - Filling up the DagBag from /home/airflow/.local/lib/python3.8/site-packages/airflow/example_dags/example_sensors.py
[2024-04-02T07:54:27.295+0000] {processor.py:840} INFO - DAG(s) 'example_sensors' retrieved from /home/airflow/.local/lib/python3.8/site-packages/airflow/example_dags/example_sensors.py
[2024-04-02T07:54:27.366+0000] {logging_mixin.py:188} INFO - [2024-04-02T07:54:27.366+0000] {dag.py:3047} INFO - Sync 1 DAGs
[2024-04-02T07:54:27.395+0000] {logging_mixin.py:188} INFO - [2024-04-02T07:54:27.394+0000] {dag.py:3834} INFO - Setting next_dagrun for example_sensors to None, run_after=None
[2024-04-02T07:54:27.457+0000] {processor.py:183} INFO - Processing /home/airflow/.local/lib/python3.8/site-packages/airflow/example_dags/example_sensors.py took 0.202 seconds
[2024-04-02T07:54:58.007+0000] {processor.py:161} INFO - Started process (PID=1120) to work on /home/airflow/.local/lib/python3.8/site-packages/airflow/example_dags/example_sensors.py
[2024-04-02T07:54:58.009+0000] {processor.py:830} INFO - Processing file /home/airflow/.local/lib/python3.8/site-packages/airflow/example_dags/example_sensors.py for tasks to queue
[2024-04-02T07:54:58.013+0000] {logging_mixin.py:188} INFO - [2024-04-02T07:54:58.013+0000] {dagbag.py:540} INFO - Filling up the DagBag from /home/airflow/.local/lib/python3.8/site-packages/airflow/example_dags/example_sensors.py
[2024-04-02T07:54:58.024+0000] {processor.py:840} INFO - DAG(s) 'example_sensors' retrieved from /home/airflow/.local/lib/python3.8/site-packages/airflow/example_dags/example_sensors.py
[2024-04-02T07:54:58.071+0000] {logging_mixin.py:188} INFO - [2024-04-02T07:54:58.070+0000] {dag.py:3047} INFO - Sync 1 DAGs
[2024-04-02T07:54:58.092+0000] {logging_mixin.py:188} INFO - [2024-04-02T07:54:58.092+0000] {dag.py:3834} INFO - Setting next_dagrun for example_sensors to None, run_after=None
[2024-04-02T07:54:58.135+0000] {processor.py:183} INFO - Processing /home/airflow/.local/lib/python3.8/site-packages/airflow/example_dags/example_sensors.py took 0.131 seconds
[2024-04-02T07:55:28.266+0000] {processor.py:161} INFO - Started process (PID=1174) to work on /home/airflow/.local/lib/python3.8/site-packages/airflow/example_dags/example_sensors.py
[2024-04-02T07:55:28.269+0000] {processor.py:830} INFO - Processing file /home/airflow/.local/lib/python3.8/site-packages/airflow/example_dags/example_sensors.py for tasks to queue
[2024-04-02T07:55:28.271+0000] {logging_mixin.py:188} INFO - [2024-04-02T07:55:28.271+0000] {dagbag.py:540} INFO - Filling up the DagBag from /home/airflow/.local/lib/python3.8/site-packages/airflow/example_dags/example_sensors.py
[2024-04-02T07:55:28.288+0000] {processor.py:840} INFO - DAG(s) 'example_sensors' retrieved from /home/airflow/.local/lib/python3.8/site-packages/airflow/example_dags/example_sensors.py
[2024-04-02T07:55:28.335+0000] {logging_mixin.py:188} INFO - [2024-04-02T07:55:28.335+0000] {dag.py:3047} INFO - Sync 1 DAGs
[2024-04-02T07:55:28.359+0000] {logging_mixin.py:188} INFO - [2024-04-02T07:55:28.358+0000] {dag.py:3834} INFO - Setting next_dagrun for example_sensors to None, run_after=None
[2024-04-02T07:55:28.409+0000] {processor.py:183} INFO - Processing /home/airflow/.local/lib/python3.8/site-packages/airflow/example_dags/example_sensors.py took 0.147 seconds
[2024-04-02T07:55:59.111+0000] {processor.py:161} INFO - Started process (PID=1230) to work on /home/airflow/.local/lib/python3.8/site-packages/airflow/example_dags/example_sensors.py
[2024-04-02T07:55:59.112+0000] {processor.py:830} INFO - Processing file /home/airflow/.local/lib/python3.8/site-packages/airflow/example_dags/example_sensors.py for tasks to queue
[2024-04-02T07:55:59.115+0000] {logging_mixin.py:188} INFO - [2024-04-02T07:55:59.114+0000] {dagbag.py:540} INFO - Filling up the DagBag from /home/airflow/.local/lib/python3.8/site-packages/airflow/example_dags/example_sensors.py
[2024-04-02T07:55:59.131+0000] {processor.py:840} INFO - DAG(s) 'example_sensors' retrieved from /home/airflow/.local/lib/python3.8/site-packages/airflow/example_dags/example_sensors.py
[2024-04-02T07:55:59.175+0000] {logging_mixin.py:188} INFO - [2024-04-02T07:55:59.175+0000] {dag.py:3047} INFO - Sync 1 DAGs
[2024-04-02T07:55:59.200+0000] {logging_mixin.py:188} INFO - [2024-04-02T07:55:59.200+0000] {dag.py:3834} INFO - Setting next_dagrun for example_sensors to None, run_after=None
[2024-04-02T07:55:59.239+0000] {processor.py:183} INFO - Processing /home/airflow/.local/lib/python3.8/site-packages/airflow/example_dags/example_sensors.py took 0.133 seconds
[2024-04-02T07:56:29.421+0000] {processor.py:161} INFO - Started process (PID=1286) to work on /home/airflow/.local/lib/python3.8/site-packages/airflow/example_dags/example_sensors.py
[2024-04-02T07:56:29.423+0000] {processor.py:830} INFO - Processing file /home/airflow/.local/lib/python3.8/site-packages/airflow/example_dags/example_sensors.py for tasks to queue
[2024-04-02T07:56:29.427+0000] {logging_mixin.py:188} INFO - [2024-04-02T07:56:29.426+0000] {dagbag.py:540} INFO - Filling up the DagBag from /home/airflow/.local/lib/python3.8/site-packages/airflow/example_dags/example_sensors.py
[2024-04-02T07:56:29.445+0000] {processor.py:840} INFO - DAG(s) 'example_sensors' retrieved from /home/airflow/.local/lib/python3.8/site-packages/airflow/example_dags/example_sensors.py
[2024-04-02T07:56:29.509+0000] {logging_mixin.py:188} INFO - [2024-04-02T07:56:29.508+0000] {dag.py:3047} INFO - Sync 1 DAGs
[2024-04-02T07:56:29.539+0000] {logging_mixin.py:188} INFO - [2024-04-02T07:56:29.538+0000] {dag.py:3834} INFO - Setting next_dagrun for example_sensors to None, run_after=None
[2024-04-02T07:56:29.606+0000] {processor.py:183} INFO - Processing /home/airflow/.local/lib/python3.8/site-packages/airflow/example_dags/example_sensors.py took 0.189 seconds
[2024-04-02T07:56:59.811+0000] {processor.py:161} INFO - Started process (PID=1342) to work on /home/airflow/.local/lib/python3.8/site-packages/airflow/example_dags/example_sensors.py
[2024-04-02T07:56:59.812+0000] {processor.py:830} INFO - Processing file /home/airflow/.local/lib/python3.8/site-packages/airflow/example_dags/example_sensors.py for tasks to queue
[2024-04-02T07:56:59.816+0000] {logging_mixin.py:188} INFO - [2024-04-02T07:56:59.816+0000] {dagbag.py:540} INFO - Filling up the DagBag from /home/airflow/.local/lib/python3.8/site-packages/airflow/example_dags/example_sensors.py
[2024-04-02T07:56:59.832+0000] {processor.py:840} INFO - DAG(s) 'example_sensors' retrieved from /home/airflow/.local/lib/python3.8/site-packages/airflow/example_dags/example_sensors.py
[2024-04-02T07:56:59.875+0000] {logging_mixin.py:188} INFO - [2024-04-02T07:56:59.874+0000] {dag.py:3047} INFO - Sync 1 DAGs
[2024-04-02T07:56:59.859+0000] {logging_mixin.py:188} INFO - [2024-04-02T07:56:59.859+0000] {dag.py:3834} INFO - Setting next_dagrun for example_sensors to None, run_after=None
[2024-04-02T07:56:59.899+0000] {processor.py:183} INFO - Processing /home/airflow/.local/lib/python3.8/site-packages/airflow/example_dags/example_sensors.py took 0.130 seconds
[2024-04-02T07:57:30.904+0000] {processor.py:161} INFO - Started process (PID=1398) to work on /home/airflow/.local/lib/python3.8/site-packages/airflow/example_dags/example_sensors.py
[2024-04-02T07:57:30.906+0000] {processor.py:830} INFO - Processing file /home/airflow/.local/lib/python3.8/site-packages/airflow/example_dags/example_sensors.py for tasks to queue
[2024-04-02T07:57:30.909+0000] {logging_mixin.py:188} INFO - [2024-04-02T07:57:30.909+0000] {dagbag.py:540} INFO - Filling up the DagBag from /home/airflow/.local/lib/python3.8/site-packages/airflow/example_dags/example_sensors.py
[2024-04-02T07:57:30.929+0000] {processor.py:840} INFO - DAG(s) 'example_sensors' retrieved from /home/airflow/.local/lib/python3.8/site-packages/airflow/example_dags/example_sensors.py
[2024-04-02T07:57:30.994+0000] {logging_mixin.py:188} INFO - [2024-04-02T07:57:30.993+0000] {dag.py:3047} INFO - Sync 1 DAGs
[2024-04-02T07:57:31.027+0000] {logging_mixin.py:188} INFO - [2024-04-02T07:57:31.026+0000] {dag.py:3834} INFO - Setting next_dagrun for example_sensors to None, run_after=None
[2024-04-02T07:57:31.090+0000] {processor.py:183} INFO - Processing /home/airflow/.local/lib/python3.8/site-packages/airflow/example_dags/example_sensors.py took 0.192 seconds
[2024-04-02T07:58:01.287+0000] {processor.py:161} INFO - Started process (PID=1454) to work on /home/airflow/.local/lib/python3.8/site-packages/airflow/example_dags/example_sensors.py
[2024-04-02T07:58:01.289+0000] {processor.py:830} INFO - Processing file /home/airflow/.local/lib/python3.8/site-packages/airflow/example_dags/example_sensors.py for tasks to queue
[2024-04-02T07:58:01.293+0000] {logging_mixin.py:188} INFO - [2024-04-02T07:58:01.292+0000] {dagbag.py:540} INFO - Filling up the DagBag from /home/airflow/.local/lib/python3.8/site-packages/airflow/example_dags/example_sensors.py
[2024-04-02T07:58:01.313+0000] {processor.py:840} INFO - DAG(s) 'example_sensors' retrieved from /home/airflow/.local/lib/python3.8/site-packages/airflow/example_dags/example_sensors.py
[2024-04-02T07:58:01.381+0000] {logging_mixin.py:188} INFO - [2024-04-02T07:58:01.381+0000] {dag.py:3047} INFO - Sync 1 DAGs
[2024-04-02T07:58:01.415+0000] {logging_mixin.py:188} INFO - [2024-04-02T07:58:01.415+0000] {dag.py:3834} INFO - Setting next_dagrun for example_sensors to None, run_after=None
[2024-04-02T07:58:01.471+0000] {processor.py:183} INFO - Processing /home/airflow/.local/lib/python3.8/site-packages/airflow/example_dags/example_sensors.py took 0.189 seconds
[2024-04-02T08:03:25.815+0000] {processor.py:161} INFO - Started process (PID=62) to work on /home/airflow/.local/lib/python3.8/site-packages/airflow/example_dags/example_sensors.py
[2024-04-02T08:03:25.817+0000] {processor.py:830} INFO - Processing file /home/airflow/.local/lib/python3.8/site-packages/airflow/example_dags/example_sensors.py for tasks to queue
[2024-04-02T08:03:25.821+0000] {logging_mixin.py:188} INFO - [2024-04-02T08:03:25.820+0000] {dagbag.py:540} INFO - Filling up the DagBag from /home/airflow/.local/lib/python3.8/site-packages/airflow/example_dags/example_sensors.py
[2024-04-02T08:03:25.850+0000] {processor.py:840} INFO - DAG(s) 'example_sensors' retrieved from /home/airflow/.local/lib/python3.8/site-packages/airflow/example_dags/example_sensors.py
[2024-04-02T08:03:26.162+0000] {logging_mixin.py:188} INFO - [2024-04-02T08:03:26.161+0000] {dag.py:3047} INFO - Sync 1 DAGs
[2024-04-02T08:03:26.204+0000] {logging_mixin.py:188} INFO - [2024-04-02T08:03:26.203+0000] {dag.py:3834} INFO - Setting next_dagrun for example_sensors to None, run_after=None
[2024-04-02T08:03:26.261+0000] {processor.py:183} INFO - Processing /home/airflow/.local/lib/python3.8/site-packages/airflow/example_dags/example_sensors.py took 0.451 seconds
[2024-04-02T08:03:57.907+0000] {processor.py:161} INFO - Started process (PID=118) to work on /home/airflow/.local/lib/python3.8/site-packages/airflow/example_dags/example_sensors.py
[2024-04-02T08:03:57.923+0000] {processor.py:830} INFO - Processing file /home/airflow/.local/lib/python3.8/site-packages/airflow/example_dags/example_sensors.py for tasks to queue
[2024-04-02T08:03:57.926+0000] {logging_mixin.py:188} INFO - [2024-04-02T08:03:57.925+0000] {dagbag.py:540} INFO - Filling up the DagBag from /home/airflow/.local/lib/python3.8/site-packages/airflow/example_dags/example_sensors.py
[2024-04-02T08:03:57.948+0000] {processor.py:840} INFO - DAG(s) 'example_sensors' retrieved from /home/airflow/.local/lib/python3.8/site-packages/airflow/example_dags/example_sensors.py
[2024-04-02T08:03:58.013+0000] {logging_mixin.py:188} INFO - [2024-04-02T08:03:58.012+0000] {dag.py:3047} INFO - Sync 1 DAGs
[2024-04-02T08:03:58.040+0000] {logging_mixin.py:188} INFO - [2024-04-02T08:03:58.039+0000] {dag.py:3834} INFO - Setting next_dagrun for example_sensors to None, run_after=None
[2024-04-02T08:03:58.087+0000] {processor.py:183} INFO - Processing /home/airflow/.local/lib/python3.8/site-packages/airflow/example_dags/example_sensors.py took 0.187 seconds
[2024-04-02T08:04:28.171+0000] {processor.py:161} INFO - Started process (PID=174) to work on /home/airflow/.local/lib/python3.8/site-packages/airflow/example_dags/example_sensors.py
[2024-04-02T08:04:28.173+0000] {processor.py:830} INFO - Processing file /home/airflow/.local/lib/python3.8/site-packages/airflow/example_dags/example_sensors.py for tasks to queue
[2024-04-02T08:04:28.176+0000] {logging_mixin.py:188} INFO - [2024-04-02T08:04:28.175+0000] {dagbag.py:540} INFO - Filling up the DagBag from /home/airflow/.local/lib/python3.8/site-packages/airflow/example_dags/example_sensors.py
[2024-04-02T08:04:28.192+0000] {processor.py:840} INFO - DAG(s) 'example_sensors' retrieved from /home/airflow/.local/lib/python3.8/site-packages/airflow/example_dags/example_sensors.py
[2024-04-02T08:04:28.237+0000] {logging_mixin.py:188} INFO - [2024-04-02T08:04:28.237+0000] {dag.py:3047} INFO - Sync 1 DAGs
[2024-04-02T08:04:28.258+0000] {logging_mixin.py:188} INFO - [2024-04-02T08:04:28.257+0000] {dag.py:3834} INFO - Setting next_dagrun for example_sensors to None, run_after=None
[2024-04-02T08:04:28.300+0000] {processor.py:183} INFO - Processing /home/airflow/.local/lib/python3.8/site-packages/airflow/example_dags/example_sensors.py took 0.132 seconds
[2024-04-02T08:04:58.520+0000] {processor.py:161} INFO - Started process (PID=230) to work on /home/airflow/.local/lib/python3.8/site-packages/airflow/example_dags/example_sensors.py
[2024-04-02T08:04:58.522+0000] {processor.py:830} INFO - Processing file /home/airflow/.local/lib/python3.8/site-packages/airflow/example_dags/example_sensors.py for tasks to queue
[2024-04-02T08:04:58.525+0000] {logging_mixin.py:188} INFO - [2024-04-02T08:04:58.524+0000] {dagbag.py:540} INFO - Filling up the DagBag from /home/airflow/.local/lib/python3.8/site-packages/airflow/example_dags/example_sensors.py
[2024-04-02T08:04:58.541+0000] {processor.py:840} INFO - DAG(s) 'example_sensors' retrieved from /home/airflow/.local/lib/python3.8/site-packages/airflow/example_dags/example_sensors.py
[2024-04-02T08:04:58.594+0000] {logging_mixin.py:188} INFO - [2024-04-02T08:04:58.594+0000] {dag.py:3047} INFO - Sync 1 DAGs
[2024-04-02T08:04:58.620+0000] {logging_mixin.py:188} INFO - [2024-04-02T08:04:58.620+0000] {dag.py:3834} INFO - Setting next_dagrun for example_sensors to None, run_after=None
[2024-04-02T08:04:58.682+0000] {processor.py:183} INFO - Processing /home/airflow/.local/lib/python3.8/site-packages/airflow/example_dags/example_sensors.py took 0.166 seconds
[2024-04-02T08:05:29.052+0000] {processor.py:161} INFO - Started process (PID=286) to work on /home/airflow/.local/lib/python3.8/site-packages/airflow/example_dags/example_sensors.py
[2024-04-02T08:05:29.054+0000] {processor.py:830} INFO - Processing file /home/airflow/.local/lib/python3.8/site-packages/airflow/example_dags/example_sensors.py for tasks to queue
[2024-04-02T08:05:29.056+0000] {logging_mixin.py:188} INFO - [2024-04-02T08:05:29.056+0000] {dagbag.py:540} INFO - Filling up the DagBag from /home/airflow/.local/lib/python3.8/site-packages/airflow/example_dags/example_sensors.py
[2024-04-02T08:05:29.073+0000] {processor.py:840} INFO - DAG(s) 'example_sensors' retrieved from /home/airflow/.local/lib/python3.8/site-packages/airflow/example_dags/example_sensors.py
[2024-04-02T08:05:29.117+0000] {logging_mixin.py:188} INFO - [2024-04-02T08:05:29.116+0000] {dag.py:3047} INFO - Sync 1 DAGs
[2024-04-02T08:05:29.142+0000] {logging_mixin.py:188} INFO - [2024-04-02T08:05:29.141+0000] {dag.py:3834} INFO - Setting next_dagrun for example_sensors to None, run_after=None
[2024-04-02T08:05:29.180+0000] {processor.py:183} INFO - Processing /home/airflow/.local/lib/python3.8/site-packages/airflow/example_dags/example_sensors.py took 0.133 seconds
[2024-04-02T08:05:59.662+0000] {processor.py:161} INFO - Started process (PID=342) to work on /home/airflow/.local/lib/python3.8/site-packages/airflow/example_dags/example_sensors.py
[2024-04-02T08:05:59.664+0000] {processor.py:830} INFO - Processing file /home/airflow/.local/lib/python3.8/site-packages/airflow/example_dags/example_sensors.py for tasks to queue
[2024-04-02T08:05:59.668+0000] {logging_mixin.py:188} INFO - [2024-04-02T08:05:59.667+0000] {dagbag.py:540} INFO - Filling up the DagBag from /home/airflow/.local/lib/python3.8/site-packages/airflow/example_dags/example_sensors.py
[2024-04-02T08:05:59.688+0000] {processor.py:840} INFO - DAG(s) 'example_sensors' retrieved from /home/airflow/.local/lib/python3.8/site-packages/airflow/example_dags/example_sensors.py
[2024-04-02T08:05:59.733+0000] {logging_mixin.py:188} INFO - [2024-04-02T08:05:59.732+0000] {dag.py:3047} INFO - Sync 1 DAGs
[2024-04-02T08:05:59.756+0000] {logging_mixin.py:188} INFO - [2024-04-02T08:05:59.755+0000] {dag.py:3834} INFO - Setting next_dagrun for example_sensors to None, run_after=None
[2024-04-02T08:05:59.802+0000] {processor.py:183} INFO - Processing /home/airflow/.local/lib/python3.8/site-packages/airflow/example_dags/example_sensors.py took 0.147 seconds
[2024-04-02T08:06:29.928+0000] {processor.py:161} INFO - Started process (PID=398) to work on /home/airflow/.local/lib/python3.8/site-packages/airflow/example_dags/example_sensors.py
[2024-04-02T08:06:29.930+0000] {processor.py:830} INFO - Processing file /home/airflow/.local/lib/python3.8/site-packages/airflow/example_dags/example_sensors.py for tasks to queue
[2024-04-02T08:06:29.933+0000] {logging_mixin.py:188} INFO - [2024-04-02T08:06:29.933+0000] {dagbag.py:540} INFO - Filling up the DagBag from /home/airflow/.local/lib/python3.8/site-packages/airflow/example_dags/example_sensors.py
[2024-04-02T08:06:29.951+0000] {processor.py:840} INFO - DAG(s) 'example_sensors' retrieved from /home/airflow/.local/lib/python3.8/site-packages/airflow/example_dags/example_sensors.py
[2024-04-02T08:06:29.993+0000] {logging_mixin.py:188} INFO - [2024-04-02T08:06:29.992+0000] {dag.py:3047} INFO - Sync 1 DAGs
[2024-04-02T08:06:30.015+0000] {logging_mixin.py:188} INFO - [2024-04-02T08:06:30.014+0000] {dag.py:3834} INFO - Setting next_dagrun for example_sensors to None, run_after=None
[2024-04-02T08:06:30.057+0000] {processor.py:183} INFO - Processing /home/airflow/.local/lib/python3.8/site-packages/airflow/example_dags/example_sensors.py took 0.134 seconds
[2024-04-02T08:07:00.219+0000] {processor.py:161} INFO - Started process (PID=453) to work on /home/airflow/.local/lib/python3.8/site-packages/airflow/example_dags/example_sensors.py
[2024-04-02T08:07:00.220+0000] {processor.py:830} INFO - Processing file /home/airflow/.local/lib/python3.8/site-packages/airflow/example_dags/example_sensors.py for tasks to queue
[2024-04-02T08:07:00.223+0000] {logging_mixin.py:188} INFO - [2024-04-02T08:07:00.222+0000] {dagbag.py:540} INFO - Filling up the DagBag from /home/airflow/.local/lib/python3.8/site-packages/airflow/example_dags/example_sensors.py
[2024-04-02T08:07:00.234+0000] {processor.py:840} INFO - DAG(s) 'example_sensors' retrieved from /home/airflow/.local/lib/python3.8/site-packages/airflow/example_dags/example_sensors.py
[2024-04-02T08:07:00.276+0000] {logging_mixin.py:188} INFO - [2024-04-02T08:07:00.275+0000] {dag.py:3047} INFO - Sync 1 DAGs
[2024-04-02T08:07:00.299+0000] {logging_mixin.py:188} INFO - [2024-04-02T08:07:00.299+0000] {dag.py:3834} INFO - Setting next_dagrun for example_sensors to None, run_after=None
[2024-04-02T08:07:00.336+0000] {processor.py:183} INFO - Processing /home/airflow/.local/lib/python3.8/site-packages/airflow/example_dags/example_sensors.py took 0.121 seconds
[2024-04-02T08:07:30.390+0000] {processor.py:161} INFO - Started process (PID=509) to work on /home/airflow/.local/lib/python3.8/site-packages/airflow/example_dags/example_sensors.py
[2024-04-02T08:07:30.392+0000] {processor.py:830} INFO - Processing file /home/airflow/.local/lib/python3.8/site-packages/airflow/example_dags/example_sensors.py for tasks to queue
[2024-04-02T08:07:30.395+0000] {logging_mixin.py:188} INFO - [2024-04-02T08:07:30.395+0000] {dagbag.py:540} INFO - Filling up the DagBag from /home/airflow/.local/lib/python3.8/site-packages/airflow/example_dags/example_sensors.py
[2024-04-02T08:07:30.417+0000] {processor.py:840} INFO - DAG(s) 'example_sensors' retrieved from /home/airflow/.local/lib/python3.8/site-packages/airflow/example_dags/example_sensors.py
[2024-04-02T08:07:30.467+0000] {logging_mixin.py:188} INFO - [2024-04-02T08:07:30.466+0000] {dag.py:3047} INFO - Sync 1 DAGs
[2024-04-02T08:07:30.493+0000] {logging_mixin.py:188} INFO - [2024-04-02T08:07:30.492+0000] {dag.py:3834} INFO - Setting next_dagrun for example_sensors to None, run_after=None
[2024-04-02T08:07:30.526+0000] {processor.py:183} INFO - Processing /home/airflow/.local/lib/python3.8/site-packages/airflow/example_dags/example_sensors.py took 0.143 seconds
[2024-04-02T08:08:00.791+0000] {processor.py:161} INFO - Started process (PID=565) to work on /home/airflow/.local/lib/python3.8/site-packages/airflow/example_dags/example_sensors.py
[2024-04-02T08:08:00.793+0000] {processor.py:830} INFO - Processing file /home/airflow/.local/lib/python3.8/site-packages/airflow/example_dags/example_sensors.py for tasks to queue
[2024-04-02T08:08:00.795+0000] {logging_mixin.py:188} INFO - [2024-04-02T08:08:00.795+0000] {dagbag.py:540} INFO - Filling up the DagBag from /home/airflow/.local/lib/python3.8/site-packages/airflow/example_dags/example_sensors.py
[2024-04-02T08:08:00.809+0000] {processor.py:840} INFO - DAG(s) 'example_sensors' retrieved from /home/airflow/.local/lib/python3.8/site-packages/airflow/example_dags/example_sensors.py
[2024-04-02T08:08:00.849+0000] {logging_mixin.py:188} INFO - [2024-04-02T08:08:00.848+0000] {dag.py:3047} INFO - Sync 1 DAGs
[2024-04-02T08:08:00.868+0000] {logging_mixin.py:188} INFO - [2024-04-02T08:08:00.868+0000] {dag.py:3834} INFO - Setting next_dagrun for example_sensors to None, run_after=None
[2024-04-02T08:08:00.907+0000] {processor.py:183} INFO - Processing /home/airflow/.local/lib/python3.8/site-packages/airflow/example_dags/example_sensors.py took 0.119 seconds
[2024-04-02T08:08:31.106+0000] {processor.py:161} INFO - Started process (PID=621) to work on /home/airflow/.local/lib/python3.8/site-packages/airflow/example_dags/example_sensors.py
[2024-04-02T08:08:31.108+0000] {processor.py:830} INFO - Processing file /home/airflow/.local/lib/python3.8/site-packages/airflow/example_dags/example_sensors.py for tasks to queue
[2024-04-02T08:08:31.110+0000] {logging_mixin.py:188} INFO - [2024-04-02T08:08:31.110+0000] {dagbag.py:540} INFO - Filling up the DagBag from /home/airflow/.local/lib/python3.8/site-packages/airflow/example_dags/example_sensors.py
[2024-04-02T08:08:31.127+0000] {processor.py:840} INFO - DAG(s) 'example_sensors' retrieved from /home/airflow/.local/lib/python3.8/site-packages/airflow/example_dags/example_sensors.py
[2024-04-02T08:08:31.170+0000] {logging_mixin.py:188} INFO - [2024-04-02T08:08:31.170+0000] {dag.py:3047} INFO - Sync 1 DAGs
[2024-04-02T08:08:31.193+0000] {logging_mixin.py:188} INFO - [2024-04-02T08:08:31.193+0000] {dag.py:3834} INFO - Setting next_dagrun for example_sensors to None, run_after=None
[2024-04-02T08:08:31.233+0000] {processor.py:183} INFO - Processing /home/airflow/.local/lib/python3.8/site-packages/airflow/example_dags/example_sensors.py took 0.134 seconds
[2024-04-02T08:09:01.458+0000] {processor.py:161} INFO - Started process (PID=677) to work on /home/airflow/.local/lib/python3.8/site-packages/airflow/example_dags/example_sensors.py
[2024-04-02T08:09:01.460+0000] {processor.py:830} INFO - Processing file /home/airflow/.local/lib/python3.8/site-packages/airflow/example_dags/example_sensors.py for tasks to queue
[2024-04-02T08:09:01.463+0000] {logging_mixin.py:188} INFO - [2024-04-02T08:09:01.462+0000] {dagbag.py:540} INFO - Filling up the DagBag from /home/airflow/.local/lib/python3.8/site-packages/airflow/example_dags/example_sensors.py
[2024-04-02T08:09:01.479+0000] {processor.py:840} INFO - DAG(s) 'example_sensors' retrieved from /home/airflow/.local/lib/python3.8/site-packages/airflow/example_dags/example_sensors.py
[2024-04-02T08:09:01.530+0000] {logging_mixin.py:188} INFO - [2024-04-02T08:09:01.529+0000] {dag.py:3047} INFO - Sync 1 DAGs
[2024-04-02T08:09:01.550+0000] {logging_mixin.py:188} INFO - [2024-04-02T08:09:01.550+0000] {dag.py:3834} INFO - Setting next_dagrun for example_sensors to None, run_after=None
[2024-04-02T08:09:01.587+0000] {processor.py:183} INFO - Processing /home/airflow/.local/lib/python3.8/site-packages/airflow/example_dags/example_sensors.py took 0.133 seconds
[2024-04-02T08:09:32.147+0000] {processor.py:161} INFO - Started process (PID=733) to work on /home/airflow/.local/lib/python3.8/site-packages/airflow/example_dags/example_sensors.py
[2024-04-02T08:09:32.150+0000] {processor.py:830} INFO - Processing file /home/airflow/.local/lib/python3.8/site-packages/airflow/example_dags/example_sensors.py for tasks to queue
[2024-04-02T08:09:32.155+0000] {logging_mixin.py:188} INFO - [2024-04-02T08:09:32.154+0000] {dagbag.py:540} INFO - Filling up the DagBag from /home/airflow/.local/lib/python3.8/site-packages/airflow/example_dags/example_sensors.py
[2024-04-02T08:09:32.183+0000] {processor.py:840} INFO - DAG(s) 'example_sensors' retrieved from /home/airflow/.local/lib/python3.8/site-packages/airflow/example_dags/example_sensors.py
[2024-04-02T08:09:32.264+0000] {logging_mixin.py:188} INFO - [2024-04-02T08:09:32.263+0000] {dag.py:3047} INFO - Sync 1 DAGs
[2024-04-02T08:09:32.343+0000] {logging_mixin.py:188} INFO - [2024-04-02T08:09:32.343+0000] {dag.py:3834} INFO - Setting next_dagrun for example_sensors to None, run_after=None
[2024-04-02T08:09:32.383+0000] {processor.py:183} INFO - Processing /home/airflow/.local/lib/python3.8/site-packages/airflow/example_dags/example_sensors.py took 0.244 seconds
[2024-04-02T08:10:02.500+0000] {processor.py:161} INFO - Started process (PID=789) to work on /home/airflow/.local/lib/python3.8/site-packages/airflow/example_dags/example_sensors.py
[2024-04-02T08:10:02.502+0000] {processor.py:830} INFO - Processing file /home/airflow/.local/lib/python3.8/site-packages/airflow/example_dags/example_sensors.py for tasks to queue
[2024-04-02T08:10:02.505+0000] {logging_mixin.py:188} INFO - [2024-04-02T08:10:02.505+0000] {dagbag.py:540} INFO - Filling up the DagBag from /home/airflow/.local/lib/python3.8/site-packages/airflow/example_dags/example_sensors.py
[2024-04-02T08:10:02.518+0000] {processor.py:840} INFO - DAG(s) 'example_sensors' retrieved from /home/airflow/.local/lib/python3.8/site-packages/airflow/example_dags/example_sensors.py
[2024-04-02T08:10:02.556+0000] {logging_mixin.py:188} INFO - [2024-04-02T08:10:02.555+0000] {dag.py:3047} INFO - Sync 1 DAGs
[2024-04-02T08:10:02.573+0000] {logging_mixin.py:188} INFO - [2024-04-02T08:10:02.573+0000] {dag.py:3834} INFO - Setting next_dagrun for example_sensors to None, run_after=None
[2024-04-02T08:10:02.607+0000] {processor.py:183} INFO - Processing /home/airflow/.local/lib/python3.8/site-packages/airflow/example_dags/example_sensors.py took 0.110 seconds
[2024-04-02T08:10:33.393+0000] {processor.py:161} INFO - Started process (PID=845) to work on /home/airflow/.local/lib/python3.8/site-packages/airflow/example_dags/example_sensors.py
[2024-04-02T08:10:33.394+0000] {processor.py:830} INFO - Processing file /home/airflow/.local/lib/python3.8/site-packages/airflow/example_dags/example_sensors.py for tasks to queue
[2024-04-02T08:10:33.398+0000] {logging_mixin.py:188} INFO - [2024-04-02T08:10:33.398+0000] {dagbag.py:540} INFO - Filling up the DagBag from /home/airflow/.local/lib/python3.8/site-packages/airflow/example_dags/example_sensors.py
[2024-04-02T08:10:33.416+0000] {processor.py:840} INFO - DAG(s) 'example_sensors' retrieved from /home/airflow/.local/lib/python3.8/site-packages/airflow/example_dags/example_sensors.py
[2024-04-02T08:10:33.458+0000] {logging_mixin.py:188} INFO - [2024-04-02T08:10:33.458+0000] {dag.py:3047} INFO - Sync 1 DAGs
[2024-04-02T08:10:33.475+0000] {logging_mixin.py:188} INFO - [2024-04-02T08:10:33.474+0000] {dag.py:3834} INFO - Setting next_dagrun for example_sensors to None, run_after=None
[2024-04-02T08:10:33.507+0000] {processor.py:183} INFO - Processing /home/airflow/.local/lib/python3.8/site-packages/airflow/example_dags/example_sensors.py took 0.118 seconds
[2024-04-02T08:11:04.027+0000] {processor.py:161} INFO - Started process (PID=901) to work on /home/airflow/.local/lib/python3.8/site-packages/airflow/example_dags/example_sensors.py
[2024-04-02T08:11:04.028+0000] {processor.py:830} INFO - Processing file /home/airflow/.local/lib/python3.8/site-packages/airflow/example_dags/example_sensors.py for tasks to queue
[2024-04-02T08:11:04.032+0000] {logging_mixin.py:188} INFO - [2024-04-02T08:11:04.031+0000] {dagbag.py:540} INFO - Filling up the DagBag from /home/airflow/.local/lib/python3.8/site-packages/airflow/example_dags/example_sensors.py
[2024-04-02T08:11:04.052+0000] {processor.py:840} INFO - DAG(s) 'example_sensors' retrieved from /home/airflow/.local/lib/python3.8/site-packages/airflow/example_dags/example_sensors.py
[2024-04-02T08:11:04.118+0000] {logging_mixin.py:188} INFO - [2024-04-02T08:11:04.117+0000] {dag.py:3047} INFO - Sync 1 DAGs
[2024-04-02T08:11:04.153+0000] {logging_mixin.py:188} INFO - [2024-04-02T08:11:04.152+0000] {dag.py:3834} INFO - Setting next_dagrun for example_sensors to None, run_after=None
[2024-04-02T08:11:04.199+0000] {processor.py:183} INFO - Processing /home/airflow/.local/lib/python3.8/site-packages/airflow/example_dags/example_sensors.py took 0.178 seconds
[2024-04-02T08:11:34.471+0000] {processor.py:161} INFO - Started process (PID=957) to work on /home/airflow/.local/lib/python3.8/site-packages/airflow/example_dags/example_sensors.py
[2024-04-02T08:11:34.474+0000] {processor.py:830} INFO - Processing file /home/airflow/.local/lib/python3.8/site-packages/airflow/example_dags/example_sensors.py for tasks to queue
[2024-04-02T08:11:34.479+0000] {logging_mixin.py:188} INFO - [2024-04-02T08:11:34.478+0000] {dagbag.py:540} INFO - Filling up the DagBag from /home/airflow/.local/lib/python3.8/site-packages/airflow/example_dags/example_sensors.py
[2024-04-02T08:11:34.519+0000] {processor.py:840} INFO - DAG(s) 'example_sensors' retrieved from /home/airflow/.local/lib/python3.8/site-packages/airflow/example_dags/example_sensors.py
[2024-04-02T08:11:34.617+0000] {logging_mixin.py:188} INFO - [2024-04-02T08:11:34.616+0000] {dag.py:3047} INFO - Sync 1 DAGs
[2024-04-02T08:11:34.669+0000] {logging_mixin.py:188} INFO - [2024-04-02T08:11:34.669+0000] {dag.py:3834} INFO - Setting next_dagrun for example_sensors to None, run_after=None
[2024-04-02T08:11:34.740+0000] {processor.py:183} INFO - Processing /home/airflow/.local/lib/python3.8/site-packages/airflow/example_dags/example_sensors.py took 0.277 seconds
[2024-04-02T08:12:05.071+0000] {processor.py:161} INFO - Started process (PID=1012) to work on /home/airflow/.local/lib/python3.8/site-packages/airflow/example_dags/example_sensors.py
[2024-04-02T08:12:05.073+0000] {processor.py:830} INFO - Processing file /home/airflow/.local/lib/python3.8/site-packages/airflow/example_dags/example_sensors.py for tasks to queue
[2024-04-02T08:12:05.075+0000] {logging_mixin.py:188} INFO - [2024-04-02T08:12:05.075+0000] {dagbag.py:540} INFO - Filling up the DagBag from /home/airflow/.local/lib/python3.8/site-packages/airflow/example_dags/example_sensors.py
[2024-04-02T08:12:05.092+0000] {processor.py:840} INFO - DAG(s) 'example_sensors' retrieved from /home/airflow/.local/lib/python3.8/site-packages/airflow/example_dags/example_sensors.py
[2024-04-02T08:12:05.132+0000] {logging_mixin.py:188} INFO - [2024-04-02T08:12:05.132+0000] {dag.py:3047} INFO - Sync 1 DAGs
[2024-04-02T08:12:05.151+0000] {logging_mixin.py:188} INFO - [2024-04-02T08:12:05.151+0000] {dag.py:3834} INFO - Setting next_dagrun for example_sensors to None, run_after=None
[2024-04-02T08:12:05.188+0000] {processor.py:183} INFO - Processing /home/airflow/.local/lib/python3.8/site-packages/airflow/example_dags/example_sensors.py took 0.121 seconds
[2024-04-02T08:12:35.310+0000] {processor.py:161} INFO - Started process (PID=1067) to work on /home/airflow/.local/lib/python3.8/site-packages/airflow/example_dags/example_sensors.py
[2024-04-02T08:12:35.312+0000] {processor.py:830} INFO - Processing file /home/airflow/.local/lib/python3.8/site-packages/airflow/example_dags/example_sensors.py for tasks to queue
[2024-04-02T08:12:35.315+0000] {logging_mixin.py:188} INFO - [2024-04-02T08:12:35.314+0000] {dagbag.py:540} INFO - Filling up the DagBag from /home/airflow/.local/lib/python3.8/site-packages/airflow/example_dags/example_sensors.py
[2024-04-02T08:12:35.327+0000] {processor.py:840} INFO - DAG(s) 'example_sensors' retrieved from /home/airflow/.local/lib/python3.8/site-packages/airflow/example_dags/example_sensors.py
[2024-04-02T08:12:35.369+0000] {logging_mixin.py:188} INFO - [2024-04-02T08:12:35.368+0000] {dag.py:3047} INFO - Sync 1 DAGs
[2024-04-02T08:12:35.404+0000] {logging_mixin.py:188} INFO - [2024-04-02T08:12:35.403+0000] {dag.py:3834} INFO - Setting next_dagrun for example_sensors to None, run_after=None
[2024-04-02T08:12:35.446+0000] {processor.py:183} INFO - Processing /home/airflow/.local/lib/python3.8/site-packages/airflow/example_dags/example_sensors.py took 0.140 seconds
[2024-04-02T08:13:05.746+0000] {processor.py:161} INFO - Started process (PID=1123) to work on /home/airflow/.local/lib/python3.8/site-packages/airflow/example_dags/example_sensors.py
[2024-04-02T08:13:05.748+0000] {processor.py:830} INFO - Processing file /home/airflow/.local/lib/python3.8/site-packages/airflow/example_dags/example_sensors.py for tasks to queue
[2024-04-02T08:13:05.752+0000] {logging_mixin.py:188} INFO - [2024-04-02T08:13:05.752+0000] {dagbag.py:540} INFO - Filling up the DagBag from /home/airflow/.local/lib/python3.8/site-packages/airflow/example_dags/example_sensors.py
[2024-04-02T08:13:05.773+0000] {processor.py:840} INFO - DAG(s) 'example_sensors' retrieved from /home/airflow/.local/lib/python3.8/site-packages/airflow/example_dags/example_sensors.py
[2024-04-02T08:13:05.820+0000] {logging_mixin.py:188} INFO - [2024-04-02T08:13:05.820+0000] {dag.py:3047} INFO - Sync 1 DAGs
[2024-04-02T08:13:05.837+0000] {logging_mixin.py:188} INFO - [2024-04-02T08:13:05.836+0000] {dag.py:3834} INFO - Setting next_dagrun for example_sensors to None, run_after=None
[2024-04-02T08:13:05.869+0000] {processor.py:183} INFO - Processing /home/airflow/.local/lib/python3.8/site-packages/airflow/example_dags/example_sensors.py took 0.127 seconds
[2024-04-02T08:13:36.228+0000] {processor.py:161} INFO - Started process (PID=1179) to work on /home/airflow/.local/lib/python3.8/site-packages/airflow/example_dags/example_sensors.py
[2024-04-02T08:13:36.233+0000] {processor.py:830} INFO - Processing file /home/airflow/.local/lib/python3.8/site-packages/airflow/example_dags/example_sensors.py for tasks to queue
[2024-04-02T08:13:36.241+0000] {logging_mixin.py:188} INFO - [2024-04-02T08:13:36.240+0000] {dagbag.py:540} INFO - Filling up the DagBag from /home/airflow/.local/lib/python3.8/site-packages/airflow/example_dags/example_sensors.py
[2024-04-02T08:13:36.270+0000] {processor.py:840} INFO - DAG(s) 'example_sensors' retrieved from /home/airflow/.local/lib/python3.8/site-packages/airflow/example_dags/example_sensors.py
[2024-04-02T08:13:36.335+0000] {logging_mixin.py:188} INFO - [2024-04-02T08:13:36.334+0000] {dag.py:3047} INFO - Sync 1 DAGs
[2024-04-02T08:13:36.366+0000] {logging_mixin.py:188} INFO - [2024-04-02T08:13:36.366+0000] {dag.py:3834} INFO - Setting next_dagrun for example_sensors to None, run_after=None
[2024-04-02T08:13:36.412+0000] {processor.py:183} INFO - Processing /home/airflow/.local/lib/python3.8/site-packages/airflow/example_dags/example_sensors.py took 0.188 seconds
[2024-04-02T08:16:48.333+0000] {processor.py:161} INFO - Started process (PID=56) to work on /home/airflow/.local/lib/python3.8/site-packages/airflow/example_dags/example_sensors.py
[2024-04-02T08:16:48.337+0000] {processor.py:830} INFO - Processing file /home/airflow/.local/lib/python3.8/site-packages/airflow/example_dags/example_sensors.py for tasks to queue
[2024-04-02T08:16:48.346+0000] {logging_mixin.py:188} INFO - [2024-04-02T08:16:48.345+0000] {dagbag.py:540} INFO - Filling up the DagBag from /home/airflow/.local/lib/python3.8/site-packages/airflow/example_dags/example_sensors.py
[2024-04-02T08:16:48.405+0000] {processor.py:840} INFO - DAG(s) 'example_sensors' retrieved from /home/airflow/.local/lib/python3.8/site-packages/airflow/example_dags/example_sensors.py
[2024-04-02T08:16:48.911+0000] {logging_mixin.py:188} INFO - [2024-04-02T08:16:48.910+0000] {dag.py:3047} INFO - Sync 1 DAGs
[2024-04-02T08:16:48.975+0000] {logging_mixin.py:188} INFO - [2024-04-02T08:16:48.975+0000] {dag.py:3834} INFO - Setting next_dagrun for example_sensors to None, run_after=None
[2024-04-02T08:16:49.142+0000] {processor.py:183} INFO - Processing /home/airflow/.local/lib/python3.8/site-packages/airflow/example_dags/example_sensors.py took 0.820 seconds
[2024-04-02T08:17:19.308+0000] {processor.py:161} INFO - Started process (PID=112) to work on /home/airflow/.local/lib/python3.8/site-packages/airflow/example_dags/example_sensors.py
[2024-04-02T08:17:19.310+0000] {processor.py:830} INFO - Processing file /home/airflow/.local/lib/python3.8/site-packages/airflow/example_dags/example_sensors.py for tasks to queue
[2024-04-02T08:17:19.314+0000] {logging_mixin.py:188} INFO - [2024-04-02T08:17:19.313+0000] {dagbag.py:540} INFO - Filling up the DagBag from /home/airflow/.local/lib/python3.8/site-packages/airflow/example_dags/example_sensors.py
[2024-04-02T08:17:19.333+0000] {processor.py:840} INFO - DAG(s) 'example_sensors' retrieved from /home/airflow/.local/lib/python3.8/site-packages/airflow/example_dags/example_sensors.py
[2024-04-02T08:17:19.381+0000] {logging_mixin.py:188} INFO - [2024-04-02T08:17:19.380+0000] {dag.py:3047} INFO - Sync 1 DAGs
[2024-04-02T08:17:19.414+0000] {logging_mixin.py:188} INFO - [2024-04-02T08:17:19.413+0000] {dag.py:3834} INFO - Setting next_dagrun for example_sensors to None, run_after=None
[2024-04-02T08:17:19.457+0000] {processor.py:183} INFO - Processing /home/airflow/.local/lib/python3.8/site-packages/airflow/example_dags/example_sensors.py took 0.154 seconds
[2024-04-02T08:17:50.153+0000] {processor.py:161} INFO - Started process (PID=168) to work on /home/airflow/.local/lib/python3.8/site-packages/airflow/example_dags/example_sensors.py
[2024-04-02T08:17:50.155+0000] {processor.py:830} INFO - Processing file /home/airflow/.local/lib/python3.8/site-packages/airflow/example_dags/example_sensors.py for tasks to queue
[2024-04-02T08:17:50.157+0000] {logging_mixin.py:188} INFO - [2024-04-02T08:17:50.157+0000] {dagbag.py:540} INFO - Filling up the DagBag from /home/airflow/.local/lib/python3.8/site-packages/airflow/example_dags/example_sensors.py
[2024-04-02T08:17:50.170+0000] {processor.py:840} INFO - DAG(s) 'example_sensors' retrieved from /home/airflow/.local/lib/python3.8/site-packages/airflow/example_dags/example_sensors.py
[2024-04-02T08:17:50.206+0000] {logging_mixin.py:188} INFO - [2024-04-02T08:17:50.205+0000] {dag.py:3047} INFO - Sync 1 DAGs
[2024-04-02T08:17:50.226+0000] {logging_mixin.py:188} INFO - [2024-04-02T08:17:50.226+0000] {dag.py:3834} INFO - Setting next_dagrun for example_sensors to None, run_after=None
[2024-04-02T08:17:50.256+0000] {processor.py:183} INFO - Processing /home/airflow/.local/lib/python3.8/site-packages/airflow/example_dags/example_sensors.py took 0.108 seconds
[2024-04-02T08:18:21.047+0000] {processor.py:161} INFO - Started process (PID=224) to work on /home/airflow/.local/lib/python3.8/site-packages/airflow/example_dags/example_sensors.py
[2024-04-02T08:18:21.048+0000] {processor.py:830} INFO - Processing file /home/airflow/.local/lib/python3.8/site-packages/airflow/example_dags/example_sensors.py for tasks to queue
[2024-04-02T08:18:21.051+0000] {logging_mixin.py:188} INFO - [2024-04-02T08:18:21.051+0000] {dagbag.py:540} INFO - Filling up the DagBag from /home/airflow/.local/lib/python3.8/site-packages/airflow/example_dags/example_sensors.py
[2024-04-02T08:18:21.067+0000] {processor.py:840} INFO - DAG(s) 'example_sensors' retrieved from /home/airflow/.local/lib/python3.8/site-packages/airflow/example_dags/example_sensors.py
[2024-04-02T08:18:21.102+0000] {logging_mixin.py:188} INFO - [2024-04-02T08:18:21.102+0000] {dag.py:3047} INFO - Sync 1 DAGs
[2024-04-02T08:18:21.121+0000] {logging_mixin.py:188} INFO - [2024-04-02T08:18:21.121+0000] {dag.py:3834} INFO - Setting next_dagrun for example_sensors to None, run_after=None
[2024-04-02T08:18:21.156+0000] {processor.py:183} INFO - Processing /home/airflow/.local/lib/python3.8/site-packages/airflow/example_dags/example_sensors.py took 0.114 seconds
[2024-04-02T08:18:51.644+0000] {processor.py:161} INFO - Started process (PID=280) to work on /home/airflow/.local/lib/python3.8/site-packages/airflow/example_dags/example_sensors.py
[2024-04-02T08:18:51.663+0000] {processor.py:830} INFO - Processing file /home/airflow/.local/lib/python3.8/site-packages/airflow/example_dags/example_sensors.py for tasks to queue
[2024-04-02T08:18:51.668+0000] {logging_mixin.py:188} INFO - [2024-04-02T08:18:51.667+0000] {dagbag.py:540} INFO - Filling up the DagBag from /home/airflow/.local/lib/python3.8/site-packages/airflow/example_dags/example_sensors.py
[2024-04-02T08:18:51.697+0000] {processor.py:840} INFO - DAG(s) 'example_sensors' retrieved from /home/airflow/.local/lib/python3.8/site-packages/airflow/example_dags/example_sensors.py
[2024-04-02T08:18:51.788+0000] {logging_mixin.py:188} INFO - [2024-04-02T08:18:51.788+0000] {dag.py:3047} INFO - Sync 1 DAGs
[2024-04-02T08:18:51.811+0000] {logging_mixin.py:188} INFO - [2024-04-02T08:18:51.811+0000] {dag.py:3834} INFO - Setting next_dagrun for example_sensors to None, run_after=None
[2024-04-02T08:18:51.844+0000] {processor.py:183} INFO - Processing /home/airflow/.local/lib/python3.8/site-packages/airflow/example_dags/example_sensors.py took 0.209 seconds
[2024-04-02T08:19:22.699+0000] {processor.py:161} INFO - Started process (PID=336) to work on /home/airflow/.local/lib/python3.8/site-packages/airflow/example_dags/example_sensors.py
[2024-04-02T08:19:22.701+0000] {processor.py:830} INFO - Processing file /home/airflow/.local/lib/python3.8/site-packages/airflow/example_dags/example_sensors.py for tasks to queue
[2024-04-02T08:19:22.704+0000] {logging_mixin.py:188} INFO - [2024-04-02T08:19:22.703+0000] {dagbag.py:540} INFO - Filling up the DagBag from /home/airflow/.local/lib/python3.8/site-packages/airflow/example_dags/example_sensors.py
[2024-04-02T08:19:22.717+0000] {processor.py:840} INFO - DAG(s) 'example_sensors' retrieved from /home/airflow/.local/lib/python3.8/site-packages/airflow/example_dags/example_sensors.py
[2024-04-02T08:19:22.756+0000] {logging_mixin.py:188} INFO - [2024-04-02T08:19:22.755+0000] {dag.py:3047} INFO - Sync 1 DAGs
[2024-04-02T08:19:22.775+0000] {logging_mixin.py:188} INFO - [2024-04-02T08:19:22.774+0000] {dag.py:3834} INFO - Setting next_dagrun for example_sensors to None, run_after=None
[2024-04-02T08:19:22.813+0000] {processor.py:183} INFO - Processing /home/airflow/.local/lib/python3.8/site-packages/airflow/example_dags/example_sensors.py took 0.119 seconds
[2024-04-02T08:19:52.995+0000] {processor.py:161} INFO - Started process (PID=391) to work on /home/airflow/.local/lib/python3.8/site-packages/airflow/example_dags/example_sensors.py
[2024-04-02T08:19:52.997+0000] {processor.py:830} INFO - Processing file /home/airflow/.local/lib/python3.8/site-packages/airflow/example_dags/example_sensors.py for tasks to queue
[2024-04-02T08:19:53.000+0000] {logging_mixin.py:188} INFO - [2024-04-02T08:19:52.999+0000] {dagbag.py:540} INFO - Filling up the DagBag from /home/airflow/.local/lib/python3.8/site-packages/airflow/example_dags/example_sensors.py
[2024-04-02T08:19:53.029+0000] {processor.py:840} INFO - DAG(s) 'example_sensors' retrieved from /home/airflow/.local/lib/python3.8/site-packages/airflow/example_dags/example_sensors.py
[2024-04-02T08:19:53.084+0000] {logging_mixin.py:188} INFO - [2024-04-02T08:19:53.084+0000] {dag.py:3047} INFO - Sync 1 DAGs
[2024-04-02T08:19:53.106+0000] {logging_mixin.py:188} INFO - [2024-04-02T08:19:53.105+0000] {dag.py:3834} INFO - Setting next_dagrun for example_sensors to None, run_after=None
[2024-04-02T08:19:53.147+0000] {processor.py:183} INFO - Processing /home/airflow/.local/lib/python3.8/site-packages/airflow/example_dags/example_sensors.py took 0.156 seconds
[2024-04-02T08:20:23.337+0000] {processor.py:161} INFO - Started process (PID=447) to work on /home/airflow/.local/lib/python3.8/site-packages/airflow/example_dags/example_sensors.py
[2024-04-02T08:20:23.339+0000] {processor.py:830} INFO - Processing file /home/airflow/.local/lib/python3.8/site-packages/airflow/example_dags/example_sensors.py for tasks to queue
[2024-04-02T08:20:23.342+0000] {logging_mixin.py:188} INFO - [2024-04-02T08:20:23.342+0000] {dagbag.py:540} INFO - Filling up the DagBag from /home/airflow/.local/lib/python3.8/site-packages/airflow/example_dags/example_sensors.py
[2024-04-02T08:20:23.354+0000] {processor.py:840} INFO - DAG(s) 'example_sensors' retrieved from /home/airflow/.local/lib/python3.8/site-packages/airflow/example_dags/example_sensors.py
[2024-04-02T08:20:23.395+0000] {logging_mixin.py:188} INFO - [2024-04-02T08:20:23.395+0000] {dag.py:3047} INFO - Sync 1 DAGs
[2024-04-02T08:20:23.417+0000] {logging_mixin.py:188} INFO - [2024-04-02T08:20:23.416+0000] {dag.py:3834} INFO - Setting next_dagrun for example_sensors to None, run_after=None
[2024-04-02T08:20:23.452+0000] {processor.py:183} INFO - Processing /home/airflow/.local/lib/python3.8/site-packages/airflow/example_dags/example_sensors.py took 0.125 seconds
[2024-04-02T08:20:53.624+0000] {processor.py:161} INFO - Started process (PID=503) to work on /home/airflow/.local/lib/python3.8/site-packages/airflow/example_dags/example_sensors.py
[2024-04-02T08:20:53.625+0000] {processor.py:830} INFO - Processing file /home/airflow/.local/lib/python3.8/site-packages/airflow/example_dags/example_sensors.py for tasks to queue
[2024-04-02T08:20:53.628+0000] {logging_mixin.py:188} INFO - [2024-04-02T08:20:53.627+0000] {dagbag.py:540} INFO - Filling up the DagBag from /home/airflow/.local/lib/python3.8/site-packages/airflow/example_dags/example_sensors.py
[2024-04-02T08:20:53.645+0000] {processor.py:840} INFO - DAG(s) 'example_sensors' retrieved from /home/airflow/.local/lib/python3.8/site-packages/airflow/example_dags/example_sensors.py
[2024-04-02T08:20:53.686+0000] {logging_mixin.py:188} INFO - [2024-04-02T08:20:53.685+0000] {dag.py:3047} INFO - Sync 1 DAGs
[2024-04-02T08:20:53.720+0000] {logging_mixin.py:188} INFO - [2024-04-02T08:20:53.720+0000] {dag.py:3834} INFO - Setting next_dagrun for example_sensors to None, run_after=None
[2024-04-02T08:20:53.757+0000] {processor.py:183} INFO - Processing /home/airflow/.local/lib/python3.8/site-packages/airflow/example_dags/example_sensors.py took 0.137 seconds
[2024-04-02T08:21:23.983+0000] {processor.py:161} INFO - Started process (PID=559) to work on /home/airflow/.local/lib/python3.8/site-packages/airflow/example_dags/example_sensors.py
[2024-04-02T08:21:23.984+0000] {processor.py:830} INFO - Processing file /home/airflow/.local/lib/python3.8/site-packages/airflow/example_dags/example_sensors.py for tasks to queue
[2024-04-02T08:21:23.987+0000] {logging_mixin.py:188} INFO - [2024-04-02T08:21:23.987+0000] {dagbag.py:540} INFO - Filling up the DagBag from /home/airflow/.local/lib/python3.8/site-packages/airflow/example_dags/example_sensors.py
[2024-04-02T08:21:24.001+0000] {processor.py:840} INFO - DAG(s) 'example_sensors' retrieved from /home/airflow/.local/lib/python3.8/site-packages/airflow/example_dags/example_sensors.py
[2024-04-02T08:21:24.042+0000] {logging_mixin.py:188} INFO - [2024-04-02T08:21:24.042+0000] {dag.py:3047} INFO - Sync 1 DAGs
[2024-04-02T08:21:24.067+0000] {logging_mixin.py:188} INFO - [2024-04-02T08:21:24.067+0000] {dag.py:3834} INFO - Setting next_dagrun for example_sensors to None, run_after=None
[2024-04-02T08:21:24.106+0000] {processor.py:183} INFO - Processing /home/airflow/.local/lib/python3.8/site-packages/airflow/example_dags/example_sensors.py took 0.127 seconds
[2024-04-02T08:21:54.622+0000] {processor.py:161} INFO - Started process (PID=615) to work on /home/airflow/.local/lib/python3.8/site-packages/airflow/example_dags/example_sensors.py
[2024-04-02T08:21:54.624+0000] {processor.py:830} INFO - Processing file /home/airflow/.local/lib/python3.8/site-packages/airflow/example_dags/example_sensors.py for tasks to queue
[2024-04-02T08:21:54.627+0000] {logging_mixin.py:188} INFO - [2024-04-02T08:21:54.626+0000] {dagbag.py:540} INFO - Filling up the DagBag from /home/airflow/.local/lib/python3.8/site-packages/airflow/example_dags/example_sensors.py
[2024-04-02T08:21:54.646+0000] {processor.py:840} INFO - DAG(s) 'example_sensors' retrieved from /home/airflow/.local/lib/python3.8/site-packages/airflow/example_dags/example_sensors.py
[2024-04-02T08:21:54.689+0000] {logging_mixin.py:188} INFO - [2024-04-02T08:21:54.689+0000] {dag.py:3047} INFO - Sync 1 DAGs
[2024-04-02T08:21:54.710+0000] {logging_mixin.py:188} INFO - [2024-04-02T08:21:54.709+0000] {dag.py:3834} INFO - Setting next_dagrun for example_sensors to None, run_after=None
[2024-04-02T08:21:54.751+0000] {processor.py:183} INFO - Processing /home/airflow/.local/lib/python3.8/site-packages/airflow/example_dags/example_sensors.py took 0.135 seconds
[2024-04-02T08:22:25.442+0000] {processor.py:161} INFO - Started process (PID=671) to work on /home/airflow/.local/lib/python3.8/site-packages/airflow/example_dags/example_sensors.py
[2024-04-02T08:22:25.446+0000] {processor.py:830} INFO - Processing file /home/airflow/.local/lib/python3.8/site-packages/airflow/example_dags/example_sensors.py for tasks to queue
[2024-04-02T08:22:25.457+0000] {logging_mixin.py:188} INFO - [2024-04-02T08:22:25.456+0000] {dagbag.py:540} INFO - Filling up the DagBag from /home/airflow/.local/lib/python3.8/site-packages/airflow/example_dags/example_sensors.py
[2024-04-02T08:22:25.480+0000] {processor.py:840} INFO - DAG(s) 'example_sensors' retrieved from /home/airflow/.local/lib/python3.8/site-packages/airflow/example_dags/example_sensors.py
[2024-04-02T08:22:25.532+0000] {logging_mixin.py:188} INFO - [2024-04-02T08:22:25.532+0000] {dag.py:3047} INFO - Sync 1 DAGs
[2024-04-02T08:22:25.557+0000] {logging_mixin.py:188} INFO - [2024-04-02T08:22:25.556+0000] {dag.py:3834} INFO - Setting next_dagrun for example_sensors to None, run_after=None
[2024-04-02T08:22:25.614+0000] {processor.py:183} INFO - Processing /home/airflow/.local/lib/python3.8/site-packages/airflow/example_dags/example_sensors.py took 0.177 seconds
[2024-04-02T08:22:55.918+0000] {processor.py:161} INFO - Started process (PID=727) to work on /home/airflow/.local/lib/python3.8/site-packages/airflow/example_dags/example_sensors.py
[2024-04-02T08:22:55.920+0000] {processor.py:830} INFO - Processing file /home/airflow/.local/lib/python3.8/site-packages/airflow/example_dags/example_sensors.py for tasks to queue
[2024-04-02T08:22:55.922+0000] {logging_mixin.py:188} INFO - [2024-04-02T08:22:55.922+0000] {dagbag.py:540} INFO - Filling up the DagBag from /home/airflow/.local/lib/python3.8/site-packages/airflow/example_dags/example_sensors.py
[2024-04-02T08:22:55.936+0000] {processor.py:840} INFO - DAG(s) 'example_sensors' retrieved from /home/airflow/.local/lib/python3.8/site-packages/airflow/example_dags/example_sensors.py
[2024-04-02T08:22:55.978+0000] {logging_mixin.py:188} INFO - [2024-04-02T08:22:55.977+0000] {dag.py:3047} INFO - Sync 1 DAGs
[2024-04-02T08:22:55.998+0000] {logging_mixin.py:188} INFO - [2024-04-02T08:22:55.998+0000] {dag.py:3834} INFO - Setting next_dagrun for example_sensors to None, run_after=None
[2024-04-02T08:22:56.031+0000] {processor.py:183} INFO - Processing /home/airflow/.local/lib/python3.8/site-packages/airflow/example_dags/example_sensors.py took 0.116 seconds
[2024-04-02T08:23:26.521+0000] {processor.py:161} INFO - Started process (PID=783) to work on /home/airflow/.local/lib/python3.8/site-packages/airflow/example_dags/example_sensors.py
[2024-04-02T08:23:26.522+0000] {processor.py:830} INFO - Processing file /home/airflow/.local/lib/python3.8/site-packages/airflow/example_dags/example_sensors.py for tasks to queue
[2024-04-02T08:23:26.525+0000] {logging_mixin.py:188} INFO - [2024-04-02T08:23:26.524+0000] {dagbag.py:540} INFO - Filling up the DagBag from /home/airflow/.local/lib/python3.8/site-packages/airflow/example_dags/example_sensors.py
[2024-04-02T08:23:26.538+0000] {processor.py:840} INFO - DAG(s) 'example_sensors' retrieved from /home/airflow/.local/lib/python3.8/site-packages/airflow/example_dags/example_sensors.py
[2024-04-02T08:23:26.591+0000] {logging_mixin.py:188} INFO - [2024-04-02T08:23:26.590+0000] {dag.py:3047} INFO - Sync 1 DAGs
[2024-04-02T08:23:26.615+0000] {logging_mixin.py:188} INFO - [2024-04-02T08:23:26.615+0000] {dag.py:3834} INFO - Setting next_dagrun for example_sensors to None, run_after=None
[2024-04-02T08:23:26.658+0000] {processor.py:183} INFO - Processing /home/airflow/.local/lib/python3.8/site-packages/airflow/example_dags/example_sensors.py took 0.140 seconds
[2024-04-02T08:23:56.959+0000] {processor.py:161} INFO - Started process (PID=839) to work on /home/airflow/.local/lib/python3.8/site-packages/airflow/example_dags/example_sensors.py
[2024-04-02T08:23:56.960+0000] {processor.py:830} INFO - Processing file /home/airflow/.local/lib/python3.8/site-packages/airflow/example_dags/example_sensors.py for tasks to queue
[2024-04-02T08:23:56.964+0000] {logging_mixin.py:188} INFO - [2024-04-02T08:23:56.963+0000] {dagbag.py:540} INFO - Filling up the DagBag from /home/airflow/.local/lib/python3.8/site-packages/airflow/example_dags/example_sensors.py
[2024-04-02T08:23:56.997+0000] {processor.py:840} INFO - DAG(s) 'example_sensors' retrieved from /home/airflow/.local/lib/python3.8/site-packages/airflow/example_dags/example_sensors.py
[2024-04-02T08:23:57.057+0000] {logging_mixin.py:188} INFO - [2024-04-02T08:23:57.057+0000] {dag.py:3047} INFO - Sync 1 DAGs
[2024-04-02T08:23:57.086+0000] {logging_mixin.py:188} INFO - [2024-04-02T08:23:57.086+0000] {dag.py:3834} INFO - Setting next_dagrun for example_sensors to None, run_after=None
[2024-04-02T08:23:57.147+0000] {processor.py:183} INFO - Processing /home/airflow/.local/lib/python3.8/site-packages/airflow/example_dags/example_sensors.py took 0.193 seconds
[2024-04-02T08:24:27.473+0000] {processor.py:161} INFO - Started process (PID=895) to work on /home/airflow/.local/lib/python3.8/site-packages/airflow/example_dags/example_sensors.py
[2024-04-02T08:24:27.475+0000] {processor.py:830} INFO - Processing file /home/airflow/.local/lib/python3.8/site-packages/airflow/example_dags/example_sensors.py for tasks to queue
[2024-04-02T08:24:27.477+0000] {logging_mixin.py:188} INFO - [2024-04-02T08:24:27.477+0000] {dagbag.py:540} INFO - Filling up the DagBag from /home/airflow/.local/lib/python3.8/site-packages/airflow/example_dags/example_sensors.py
[2024-04-02T08:24:27.490+0000] {processor.py:840} INFO - DAG(s) 'example_sensors' retrieved from /home/airflow/.local/lib/python3.8/site-packages/airflow/example_dags/example_sensors.py
[2024-04-02T08:24:27.526+0000] {logging_mixin.py:188} INFO - [2024-04-02T08:24:27.525+0000] {dag.py:3047} INFO - Sync 1 DAGs
[2024-04-02T08:24:27.544+0000] {logging_mixin.py:188} INFO - [2024-04-02T08:24:27.544+0000] {dag.py:3834} INFO - Setting next_dagrun for example_sensors to None, run_after=None
[2024-04-02T08:24:27.578+0000] {processor.py:183} INFO - Processing /home/airflow/.local/lib/python3.8/site-packages/airflow/example_dags/example_sensors.py took 0.108 seconds
[2024-04-02T08:24:57.680+0000] {processor.py:161} INFO - Started process (PID=951) to work on /home/airflow/.local/lib/python3.8/site-packages/airflow/example_dags/example_sensors.py
[2024-04-02T08:24:57.681+0000] {processor.py:830} INFO - Processing file /home/airflow/.local/lib/python3.8/site-packages/airflow/example_dags/example_sensors.py for tasks to queue
[2024-04-02T08:24:57.684+0000] {logging_mixin.py:188} INFO - [2024-04-02T08:24:57.683+0000] {dagbag.py:540} INFO - Filling up the DagBag from /home/airflow/.local/lib/python3.8/site-packages/airflow/example_dags/example_sensors.py
[2024-04-02T08:24:57.698+0000] {processor.py:840} INFO - DAG(s) 'example_sensors' retrieved from /home/airflow/.local/lib/python3.8/site-packages/airflow/example_dags/example_sensors.py
[2024-04-02T08:24:57.735+0000] {logging_mixin.py:188} INFO - [2024-04-02T08:24:57.735+0000] {dag.py:3047} INFO - Sync 1 DAGs
[2024-04-02T08:24:57.758+0000] {logging_mixin.py:188} INFO - [2024-04-02T08:24:57.758+0000] {dag.py:3834} INFO - Setting next_dagrun for example_sensors to None, run_after=None
[2024-04-02T08:24:57.792+0000] {processor.py:183} INFO - Processing /home/airflow/.local/lib/python3.8/site-packages/airflow/example_dags/example_sensors.py took 0.116 seconds
[2024-04-02T08:25:28.204+0000] {processor.py:161} INFO - Started process (PID=1007) to work on /home/airflow/.local/lib/python3.8/site-packages/airflow/example_dags/example_sensors.py
[2024-04-02T08:25:28.206+0000] {processor.py:830} INFO - Processing file /home/airflow/.local/lib/python3.8/site-packages/airflow/example_dags/example_sensors.py for tasks to queue
[2024-04-02T08:25:28.208+0000] {logging_mixin.py:188} INFO - [2024-04-02T08:25:28.207+0000] {dagbag.py:540} INFO - Filling up the DagBag from /home/airflow/.local/lib/python3.8/site-packages/airflow/example_dags/example_sensors.py
[2024-04-02T08:25:28.223+0000] {processor.py:840} INFO - DAG(s) 'example_sensors' retrieved from /home/airflow/.local/lib/python3.8/site-packages/airflow/example_dags/example_sensors.py
[2024-04-02T08:25:28.270+0000] {logging_mixin.py:188} INFO - [2024-04-02T08:25:28.268+0000] {dag.py:3047} INFO - Sync 1 DAGs
[2024-04-02T08:25:28.313+0000] {logging_mixin.py:188} INFO - [2024-04-02T08:25:28.312+0000] {dag.py:3834} INFO - Setting next_dagrun for example_sensors to None, run_after=None
[2024-04-02T08:25:28.360+0000] {processor.py:183} INFO - Processing /home/airflow/.local/lib/python3.8/site-packages/airflow/example_dags/example_sensors.py took 0.168 seconds
[2024-04-02T08:25:58.514+0000] {processor.py:161} INFO - Started process (PID=1063) to work on /home/airflow/.local/lib/python3.8/site-packages/airflow/example_dags/example_sensors.py
[2024-04-02T08:25:58.515+0000] {processor.py:830} INFO - Processing file /home/airflow/.local/lib/python3.8/site-packages/airflow/example_dags/example_sensors.py for tasks to queue
[2024-04-02T08:25:58.519+0000] {logging_mixin.py:188} INFO - [2024-04-02T08:25:58.518+0000] {dagbag.py:540} INFO - Filling up the DagBag from /home/airflow/.local/lib/python3.8/site-packages/airflow/example_dags/example_sensors.py
[2024-04-02T08:25:58.532+0000] {processor.py:840} INFO - DAG(s) 'example_sensors' retrieved from /home/airflow/.local/lib/python3.8/site-packages/airflow/example_dags/example_sensors.py
[2024-04-02T08:25:58.576+0000] {logging_mixin.py:188} INFO - [2024-04-02T08:25:58.575+0000] {dag.py:3047} INFO - Sync 1 DAGs
[2024-04-02T08:25:58.596+0000] {logging_mixin.py:188} INFO - [2024-04-02T08:25:58.596+0000] {dag.py:3834} INFO - Setting next_dagrun for example_sensors to None, run_after=None
[2024-04-02T08:25:58.631+0000] {processor.py:183} INFO - Processing /home/airflow/.local/lib/python3.8/site-packages/airflow/example_dags/example_sensors.py took 0.121 seconds
[2024-04-02T08:26:29.053+0000] {processor.py:161} INFO - Started process (PID=1119) to work on /home/airflow/.local/lib/python3.8/site-packages/airflow/example_dags/example_sensors.py
[2024-04-02T08:26:29.055+0000] {processor.py:830} INFO - Processing file /home/airflow/.local/lib/python3.8/site-packages/airflow/example_dags/example_sensors.py for tasks to queue
[2024-04-02T08:26:29.057+0000] {logging_mixin.py:188} INFO - [2024-04-02T08:26:29.057+0000] {dagbag.py:540} INFO - Filling up the DagBag from /home/airflow/.local/lib/python3.8/site-packages/airflow/example_dags/example_sensors.py
[2024-04-02T08:26:29.070+0000] {processor.py:840} INFO - DAG(s) 'example_sensors' retrieved from /home/airflow/.local/lib/python3.8/site-packages/airflow/example_dags/example_sensors.py
[2024-04-02T08:26:29.115+0000] {logging_mixin.py:188} INFO - [2024-04-02T08:26:29.114+0000] {dag.py:3047} INFO - Sync 1 DAGs
[2024-04-02T08:26:29.138+0000] {logging_mixin.py:188} INFO - [2024-04-02T08:26:29.138+0000] {dag.py:3834} INFO - Setting next_dagrun for example_sensors to None, run_after=None
[2024-04-02T08:26:29.175+0000] {processor.py:183} INFO - Processing /home/airflow/.local/lib/python3.8/site-packages/airflow/example_dags/example_sensors.py took 0.125 seconds
[2024-04-02T08:26:59.661+0000] {processor.py:161} INFO - Started process (PID=1172) to work on /home/airflow/.local/lib/python3.8/site-packages/airflow/example_dags/example_sensors.py
[2024-04-02T08:26:59.663+0000] {processor.py:830} INFO - Processing file /home/airflow/.local/lib/python3.8/site-packages/airflow/example_dags/example_sensors.py for tasks to queue
[2024-04-02T08:26:59.665+0000] {logging_mixin.py:188} INFO - [2024-04-02T08:26:59.665+0000] {dagbag.py:540} INFO - Filling up the DagBag from /home/airflow/.local/lib/python3.8/site-packages/airflow/example_dags/example_sensors.py
[2024-04-02T08:26:59.627+0000] {processor.py:840} INFO - DAG(s) 'example_sensors' retrieved from /home/airflow/.local/lib/python3.8/site-packages/airflow/example_dags/example_sensors.py
[2024-04-02T08:26:59.680+0000] {logging_mixin.py:188} INFO - [2024-04-02T08:26:59.679+0000] {dag.py:3047} INFO - Sync 1 DAGs
[2024-04-02T08:26:59.710+0000] {logging_mixin.py:188} INFO - [2024-04-02T08:26:59.710+0000] {dag.py:3834} INFO - Setting next_dagrun for example_sensors to None, run_after=None
[2024-04-02T08:26:59.759+0000] {processor.py:183} INFO - Processing /home/airflow/.local/lib/python3.8/site-packages/airflow/example_dags/example_sensors.py took 0.161 seconds
[2024-04-02T08:27:30.022+0000] {processor.py:161} INFO - Started process (PID=1228) to work on /home/airflow/.local/lib/python3.8/site-packages/airflow/example_dags/example_sensors.py
[2024-04-02T08:27:30.024+0000] {processor.py:830} INFO - Processing file /home/airflow/.local/lib/python3.8/site-packages/airflow/example_dags/example_sensors.py for tasks to queue
[2024-04-02T08:27:30.028+0000] {logging_mixin.py:188} INFO - [2024-04-02T08:27:30.027+0000] {dagbag.py:540} INFO - Filling up the DagBag from /home/airflow/.local/lib/python3.8/site-packages/airflow/example_dags/example_sensors.py
[2024-04-02T08:27:30.043+0000] {processor.py:840} INFO - DAG(s) 'example_sensors' retrieved from /home/airflow/.local/lib/python3.8/site-packages/airflow/example_dags/example_sensors.py
[2024-04-02T08:27:30.087+0000] {logging_mixin.py:188} INFO - [2024-04-02T08:27:30.086+0000] {dag.py:3047} INFO - Sync 1 DAGs
[2024-04-02T08:27:30.108+0000] {logging_mixin.py:188} INFO - [2024-04-02T08:27:30.108+0000] {dag.py:3834} INFO - Setting next_dagrun for example_sensors to None, run_after=None
[2024-04-02T08:27:30.145+0000] {processor.py:183} INFO - Processing /home/airflow/.local/lib/python3.8/site-packages/airflow/example_dags/example_sensors.py took 0.129 seconds
[2024-04-02T08:28:00.296+0000] {processor.py:161} INFO - Started process (PID=1284) to work on /home/airflow/.local/lib/python3.8/site-packages/airflow/example_dags/example_sensors.py
[2024-04-02T08:28:00.298+0000] {processor.py:830} INFO - Processing file /home/airflow/.local/lib/python3.8/site-packages/airflow/example_dags/example_sensors.py for tasks to queue
[2024-04-02T08:28:00.301+0000] {logging_mixin.py:188} INFO - [2024-04-02T08:28:00.300+0000] {dagbag.py:540} INFO - Filling up the DagBag from /home/airflow/.local/lib/python3.8/site-packages/airflow/example_dags/example_sensors.py
[2024-04-02T08:28:00.314+0000] {processor.py:840} INFO - DAG(s) 'example_sensors' retrieved from /home/airflow/.local/lib/python3.8/site-packages/airflow/example_dags/example_sensors.py
[2024-04-02T08:28:00.395+0000] {logging_mixin.py:188} INFO - [2024-04-02T08:28:00.394+0000] {dag.py:3047} INFO - Sync 1 DAGs
[2024-04-02T08:28:00.420+0000] {logging_mixin.py:188} INFO - [2024-04-02T08:28:00.419+0000] {dag.py:3834} INFO - Setting next_dagrun for example_sensors to None, run_after=None
[2024-04-02T08:28:00.452+0000] {processor.py:183} INFO - Processing /home/airflow/.local/lib/python3.8/site-packages/airflow/example_dags/example_sensors.py took 0.161 seconds
[2024-04-02T08:28:30.824+0000] {processor.py:161} INFO - Started process (PID=1340) to work on /home/airflow/.local/lib/python3.8/site-packages/airflow/example_dags/example_sensors.py
[2024-04-02T08:28:30.826+0000] {processor.py:830} INFO - Processing file /home/airflow/.local/lib/python3.8/site-packages/airflow/example_dags/example_sensors.py for tasks to queue
[2024-04-02T08:28:30.830+0000] {logging_mixin.py:188} INFO - [2024-04-02T08:28:30.829+0000] {dagbag.py:540} INFO - Filling up the DagBag from /home/airflow/.local/lib/python3.8/site-packages/airflow/example_dags/example_sensors.py
[2024-04-02T08:28:30.847+0000] {processor.py:840} INFO - DAG(s) 'example_sensors' retrieved from /home/airflow/.local/lib/python3.8/site-packages/airflow/example_dags/example_sensors.py
[2024-04-02T08:28:30.886+0000] {logging_mixin.py:188} INFO - [2024-04-02T08:28:30.885+0000] {dag.py:3047} INFO - Sync 1 DAGs
[2024-04-02T08:28:30.911+0000] {logging_mixin.py:188} INFO - [2024-04-02T08:28:30.911+0000] {dag.py:3834} INFO - Setting next_dagrun for example_sensors to None, run_after=None
[2024-04-02T08:28:30.949+0000] {processor.py:183} INFO - Processing /home/airflow/.local/lib/python3.8/site-packages/airflow/example_dags/example_sensors.py took 0.129 seconds
[2024-04-02T08:29:01.405+0000] {processor.py:161} INFO - Started process (PID=1396) to work on /home/airflow/.local/lib/python3.8/site-packages/airflow/example_dags/example_sensors.py
[2024-04-02T08:29:01.407+0000] {processor.py:830} INFO - Processing file /home/airflow/.local/lib/python3.8/site-packages/airflow/example_dags/example_sensors.py for tasks to queue
[2024-04-02T08:29:01.410+0000] {logging_mixin.py:188} INFO - [2024-04-02T08:29:01.409+0000] {dagbag.py:540} INFO - Filling up the DagBag from /home/airflow/.local/lib/python3.8/site-packages/airflow/example_dags/example_sensors.py
[2024-04-02T08:29:01.424+0000] {processor.py:840} INFO - DAG(s) 'example_sensors' retrieved from /home/airflow/.local/lib/python3.8/site-packages/airflow/example_dags/example_sensors.py
[2024-04-02T08:29:01.464+0000] {logging_mixin.py:188} INFO - [2024-04-02T08:29:01.464+0000] {dag.py:3047} INFO - Sync 1 DAGs
[2024-04-02T08:29:01.482+0000] {logging_mixin.py:188} INFO - [2024-04-02T08:29:01.481+0000] {dag.py:3834} INFO - Setting next_dagrun for example_sensors to None, run_after=None
[2024-04-02T08:29:01.518+0000] {processor.py:183} INFO - Processing /home/airflow/.local/lib/python3.8/site-packages/airflow/example_dags/example_sensors.py took 0.117 seconds
[2024-04-02T08:29:33.655+0000] {processor.py:161} INFO - Started process (PID=1452) to work on /home/airflow/.local/lib/python3.8/site-packages/airflow/example_dags/example_sensors.py
[2024-04-02T08:29:33.658+0000] {processor.py:830} INFO - Processing file /home/airflow/.local/lib/python3.8/site-packages/airflow/example_dags/example_sensors.py for tasks to queue
[2024-04-02T08:29:33.662+0000] {logging_mixin.py:188} INFO - [2024-04-02T08:29:33.661+0000] {dagbag.py:540} INFO - Filling up the DagBag from /home/airflow/.local/lib/python3.8/site-packages/airflow/example_dags/example_sensors.py
[2024-04-02T08:29:33.707+0000] {processor.py:840} INFO - DAG(s) 'example_sensors' retrieved from /home/airflow/.local/lib/python3.8/site-packages/airflow/example_dags/example_sensors.py
[2024-04-02T08:29:33.789+0000] {logging_mixin.py:188} INFO - [2024-04-02T08:29:33.789+0000] {dag.py:3047} INFO - Sync 1 DAGs
[2024-04-02T08:29:33.819+0000] {logging_mixin.py:188} INFO - [2024-04-02T08:29:33.819+0000] {dag.py:3834} INFO - Setting next_dagrun for example_sensors to None, run_after=None
[2024-04-02T08:29:33.868+0000] {processor.py:183} INFO - Processing /home/airflow/.local/lib/python3.8/site-packages/airflow/example_dags/example_sensors.py took 0.221 seconds
[2024-04-02T08:30:04.432+0000] {processor.py:161} INFO - Started process (PID=1508) to work on /home/airflow/.local/lib/python3.8/site-packages/airflow/example_dags/example_sensors.py
[2024-04-02T08:30:04.433+0000] {processor.py:830} INFO - Processing file /home/airflow/.local/lib/python3.8/site-packages/airflow/example_dags/example_sensors.py for tasks to queue
[2024-04-02T08:30:04.436+0000] {logging_mixin.py:188} INFO - [2024-04-02T08:30:04.435+0000] {dagbag.py:540} INFO - Filling up the DagBag from /home/airflow/.local/lib/python3.8/site-packages/airflow/example_dags/example_sensors.py
[2024-04-02T08:30:04.450+0000] {processor.py:840} INFO - DAG(s) 'example_sensors' retrieved from /home/airflow/.local/lib/python3.8/site-packages/airflow/example_dags/example_sensors.py
[2024-04-02T08:30:04.491+0000] {logging_mixin.py:188} INFO - [2024-04-02T08:30:04.491+0000] {dag.py:3047} INFO - Sync 1 DAGs
[2024-04-02T08:30:04.518+0000] {logging_mixin.py:188} INFO - [2024-04-02T08:30:04.517+0000] {dag.py:3834} INFO - Setting next_dagrun for example_sensors to None, run_after=None
[2024-04-02T08:30:04.558+0000] {processor.py:183} INFO - Processing /home/airflow/.local/lib/python3.8/site-packages/airflow/example_dags/example_sensors.py took 0.130 seconds
[2024-04-02T08:30:35.134+0000] {processor.py:161} INFO - Started process (PID=1564) to work on /home/airflow/.local/lib/python3.8/site-packages/airflow/example_dags/example_sensors.py
[2024-04-02T08:30:35.136+0000] {processor.py:830} INFO - Processing file /home/airflow/.local/lib/python3.8/site-packages/airflow/example_dags/example_sensors.py for tasks to queue
[2024-04-02T08:30:35.138+0000] {logging_mixin.py:188} INFO - [2024-04-02T08:30:35.138+0000] {dagbag.py:540} INFO - Filling up the DagBag from /home/airflow/.local/lib/python3.8/site-packages/airflow/example_dags/example_sensors.py
[2024-04-02T08:30:35.157+0000] {processor.py:840} INFO - DAG(s) 'example_sensors' retrieved from /home/airflow/.local/lib/python3.8/site-packages/airflow/example_dags/example_sensors.py
[2024-04-02T08:30:35.218+0000] {logging_mixin.py:188} INFO - [2024-04-02T08:30:35.218+0000] {dag.py:3047} INFO - Sync 1 DAGs
[2024-04-02T08:30:35.243+0000] {logging_mixin.py:188} INFO - [2024-04-02T08:30:35.242+0000] {dag.py:3834} INFO - Setting next_dagrun for example_sensors to None, run_after=None
[2024-04-02T08:30:35.297+0000] {processor.py:183} INFO - Processing /home/airflow/.local/lib/python3.8/site-packages/airflow/example_dags/example_sensors.py took 0.168 seconds
[2024-04-02T08:31:05.485+0000] {processor.py:161} INFO - Started process (PID=1620) to work on /home/airflow/.local/lib/python3.8/site-packages/airflow/example_dags/example_sensors.py
[2024-04-02T08:31:05.487+0000] {processor.py:830} INFO - Processing file /home/airflow/.local/lib/python3.8/site-packages/airflow/example_dags/example_sensors.py for tasks to queue
[2024-04-02T08:31:05.490+0000] {logging_mixin.py:188} INFO - [2024-04-02T08:31:05.489+0000] {dagbag.py:540} INFO - Filling up the DagBag from /home/airflow/.local/lib/python3.8/site-packages/airflow/example_dags/example_sensors.py
[2024-04-02T08:31:05.507+0000] {processor.py:840} INFO - DAG(s) 'example_sensors' retrieved from /home/airflow/.local/lib/python3.8/site-packages/airflow/example_dags/example_sensors.py
[2024-04-02T08:31:05.547+0000] {logging_mixin.py:188} INFO - [2024-04-02T08:31:05.546+0000] {dag.py:3047} INFO - Sync 1 DAGs
[2024-04-02T08:31:05.569+0000] {logging_mixin.py:188} INFO - [2024-04-02T08:31:05.569+0000] {dag.py:3834} INFO - Setting next_dagrun for example_sensors to None, run_after=None
[2024-04-02T08:31:05.616+0000] {processor.py:183} INFO - Processing /home/airflow/.local/lib/python3.8/site-packages/airflow/example_dags/example_sensors.py took 0.136 seconds
