[2024-04-02T07:45:11.782+0000] {processor.py:161} INFO - Started process (PID=54) to work on /home/airflow/.local/lib/python3.8/site-packages/airflow/example_dags/example_complex.py
[2024-04-02T07:45:11.799+0000] {processor.py:830} INFO - Processing file /home/airflow/.local/lib/python3.8/site-packages/airflow/example_dags/example_complex.py for tasks to queue
[2024-04-02T07:45:11.838+0000] {logging_mixin.py:188} INFO - [2024-04-02T07:45:11.835+0000] {dagbag.py:540} INFO - Filling up the DagBag from /home/airflow/.local/lib/python3.8/site-packages/airflow/example_dags/example_complex.py
[2024-04-02T07:45:12.195+0000] {processor.py:840} INFO - DAG(s) 'example_complex' retrieved from /home/airflow/.local/lib/python3.8/site-packages/airflow/example_dags/example_complex.py
[2024-04-02T07:45:14.646+0000] {logging_mixin.py:188} INFO - [2024-04-02T07:45:14.645+0000] {dag.py:3047} INFO - Sync 1 DAGs
[2024-04-02T07:45:15.016+0000] {logging_mixin.py:188} INFO - [2024-04-02T07:45:15.015+0000] {dag.py:3834} INFO - Setting next_dagrun for example_complex to None, run_after=None
[2024-04-02T07:45:15.143+0000] {processor.py:183} INFO - Processing /home/airflow/.local/lib/python3.8/site-packages/airflow/example_dags/example_complex.py took 3.390 seconds
[2024-04-02T07:45:45.614+0000] {processor.py:161} INFO - Started process (PID=109) to work on /home/airflow/.local/lib/python3.8/site-packages/airflow/example_dags/example_complex.py
[2024-04-02T07:45:45.631+0000] {processor.py:830} INFO - Processing file /home/airflow/.local/lib/python3.8/site-packages/airflow/example_dags/example_complex.py for tasks to queue
[2024-04-02T07:45:45.644+0000] {logging_mixin.py:188} INFO - [2024-04-02T07:45:45.643+0000] {dagbag.py:540} INFO - Filling up the DagBag from /home/airflow/.local/lib/python3.8/site-packages/airflow/example_dags/example_complex.py
[2024-04-02T07:45:45.752+0000] {processor.py:840} INFO - DAG(s) 'example_complex' retrieved from /home/airflow/.local/lib/python3.8/site-packages/airflow/example_dags/example_complex.py
[2024-04-02T07:45:46.012+0000] {logging_mixin.py:188} INFO - [2024-04-02T07:45:46.012+0000] {dag.py:3047} INFO - Sync 1 DAGs
[2024-04-02T07:45:46.281+0000] {logging_mixin.py:188} INFO - [2024-04-02T07:45:46.280+0000] {dag.py:3834} INFO - Setting next_dagrun for example_complex to None, run_after=None
[2024-04-02T07:45:46.380+0000] {processor.py:183} INFO - Processing /home/airflow/.local/lib/python3.8/site-packages/airflow/example_dags/example_complex.py took 0.811 seconds
[2024-04-02T07:46:16.455+0000] {processor.py:161} INFO - Started process (PID=165) to work on /home/airflow/.local/lib/python3.8/site-packages/airflow/example_dags/example_complex.py
[2024-04-02T07:46:16.457+0000] {processor.py:830} INFO - Processing file /home/airflow/.local/lib/python3.8/site-packages/airflow/example_dags/example_complex.py for tasks to queue
[2024-04-02T07:46:16.459+0000] {logging_mixin.py:188} INFO - [2024-04-02T07:46:16.459+0000] {dagbag.py:540} INFO - Filling up the DagBag from /home/airflow/.local/lib/python3.8/site-packages/airflow/example_dags/example_complex.py
[2024-04-02T07:46:16.473+0000] {processor.py:840} INFO - DAG(s) 'example_complex' retrieved from /home/airflow/.local/lib/python3.8/site-packages/airflow/example_dags/example_complex.py
[2024-04-02T07:46:16.517+0000] {logging_mixin.py:188} INFO - [2024-04-02T07:46:16.516+0000] {dag.py:3047} INFO - Sync 1 DAGs
[2024-04-02T07:46:16.533+0000] {logging_mixin.py:188} INFO - [2024-04-02T07:46:16.533+0000] {dag.py:3834} INFO - Setting next_dagrun for example_complex to None, run_after=None
[2024-04-02T07:46:16.563+0000] {processor.py:183} INFO - Processing /home/airflow/.local/lib/python3.8/site-packages/airflow/example_dags/example_complex.py took 0.111 seconds
[2024-04-02T07:46:46.906+0000] {processor.py:161} INFO - Started process (PID=222) to work on /home/airflow/.local/lib/python3.8/site-packages/airflow/example_dags/example_complex.py
[2024-04-02T07:46:46.947+0000] {processor.py:830} INFO - Processing file /home/airflow/.local/lib/python3.8/site-packages/airflow/example_dags/example_complex.py for tasks to queue
[2024-04-02T07:46:46.962+0000] {logging_mixin.py:188} INFO - [2024-04-02T07:46:46.961+0000] {dagbag.py:540} INFO - Filling up the DagBag from /home/airflow/.local/lib/python3.8/site-packages/airflow/example_dags/example_complex.py
[2024-04-02T07:46:47.003+0000] {processor.py:840} INFO - DAG(s) 'example_complex' retrieved from /home/airflow/.local/lib/python3.8/site-packages/airflow/example_dags/example_complex.py
[2024-04-02T07:46:47.056+0000] {logging_mixin.py:188} INFO - [2024-04-02T07:46:47.056+0000] {dag.py:3047} INFO - Sync 1 DAGs
[2024-04-02T07:46:47.079+0000] {logging_mixin.py:188} INFO - [2024-04-02T07:46:47.078+0000] {dag.py:3834} INFO - Setting next_dagrun for example_complex to None, run_after=None
[2024-04-02T07:46:47.206+0000] {processor.py:183} INFO - Processing /home/airflow/.local/lib/python3.8/site-packages/airflow/example_dags/example_complex.py took 0.309 seconds
[2024-04-02T07:47:17.369+0000] {processor.py:161} INFO - Started process (PID=277) to work on /home/airflow/.local/lib/python3.8/site-packages/airflow/example_dags/example_complex.py
[2024-04-02T07:47:17.371+0000] {processor.py:830} INFO - Processing file /home/airflow/.local/lib/python3.8/site-packages/airflow/example_dags/example_complex.py for tasks to queue
[2024-04-02T07:47:17.373+0000] {logging_mixin.py:188} INFO - [2024-04-02T07:47:17.373+0000] {dagbag.py:540} INFO - Filling up the DagBag from /home/airflow/.local/lib/python3.8/site-packages/airflow/example_dags/example_complex.py
[2024-04-02T07:47:17.389+0000] {processor.py:840} INFO - DAG(s) 'example_complex' retrieved from /home/airflow/.local/lib/python3.8/site-packages/airflow/example_dags/example_complex.py
[2024-04-02T07:47:17.433+0000] {logging_mixin.py:188} INFO - [2024-04-02T07:47:17.433+0000] {dag.py:3047} INFO - Sync 1 DAGs
[2024-04-02T07:47:17.452+0000] {logging_mixin.py:188} INFO - [2024-04-02T07:47:17.452+0000] {dag.py:3834} INFO - Setting next_dagrun for example_complex to None, run_after=None
[2024-04-02T07:47:17.488+0000] {processor.py:183} INFO - Processing /home/airflow/.local/lib/python3.8/site-packages/airflow/example_dags/example_complex.py took 0.123 seconds
[2024-04-02T07:47:48.008+0000] {processor.py:161} INFO - Started process (PID=334) to work on /home/airflow/.local/lib/python3.8/site-packages/airflow/example_dags/example_complex.py
[2024-04-02T07:47:48.018+0000] {processor.py:830} INFO - Processing file /home/airflow/.local/lib/python3.8/site-packages/airflow/example_dags/example_complex.py for tasks to queue
[2024-04-02T07:47:48.022+0000] {logging_mixin.py:188} INFO - [2024-04-02T07:47:48.022+0000] {dagbag.py:540} INFO - Filling up the DagBag from /home/airflow/.local/lib/python3.8/site-packages/airflow/example_dags/example_complex.py
[2024-04-02T07:47:48.046+0000] {processor.py:840} INFO - DAG(s) 'example_complex' retrieved from /home/airflow/.local/lib/python3.8/site-packages/airflow/example_dags/example_complex.py
[2024-04-02T07:47:48.104+0000] {logging_mixin.py:188} INFO - [2024-04-02T07:47:48.103+0000] {dag.py:3047} INFO - Sync 1 DAGs
[2024-04-02T07:47:48.131+0000] {logging_mixin.py:188} INFO - [2024-04-02T07:47:48.130+0000] {dag.py:3834} INFO - Setting next_dagrun for example_complex to None, run_after=None
[2024-04-02T07:47:48.175+0000] {processor.py:183} INFO - Processing /home/airflow/.local/lib/python3.8/site-packages/airflow/example_dags/example_complex.py took 0.172 seconds
[2024-04-02T07:48:18.408+0000] {processor.py:161} INFO - Started process (PID=390) to work on /home/airflow/.local/lib/python3.8/site-packages/airflow/example_dags/example_complex.py
[2024-04-02T07:48:18.426+0000] {processor.py:830} INFO - Processing file /home/airflow/.local/lib/python3.8/site-packages/airflow/example_dags/example_complex.py for tasks to queue
[2024-04-02T07:48:18.429+0000] {logging_mixin.py:188} INFO - [2024-04-02T07:48:18.429+0000] {dagbag.py:540} INFO - Filling up the DagBag from /home/airflow/.local/lib/python3.8/site-packages/airflow/example_dags/example_complex.py
[2024-04-02T07:48:18.452+0000] {processor.py:840} INFO - DAG(s) 'example_complex' retrieved from /home/airflow/.local/lib/python3.8/site-packages/airflow/example_dags/example_complex.py
[2024-04-02T07:48:18.508+0000] {logging_mixin.py:188} INFO - [2024-04-02T07:48:18.508+0000] {dag.py:3047} INFO - Sync 1 DAGs
[2024-04-02T07:48:18.526+0000] {logging_mixin.py:188} INFO - [2024-04-02T07:48:18.526+0000] {dag.py:3834} INFO - Setting next_dagrun for example_complex to None, run_after=None
[2024-04-02T07:48:18.562+0000] {processor.py:183} INFO - Processing /home/airflow/.local/lib/python3.8/site-packages/airflow/example_dags/example_complex.py took 0.158 seconds
[2024-04-02T07:48:48.989+0000] {processor.py:161} INFO - Started process (PID=446) to work on /home/airflow/.local/lib/python3.8/site-packages/airflow/example_dags/example_complex.py
[2024-04-02T07:48:48.996+0000] {processor.py:830} INFO - Processing file /home/airflow/.local/lib/python3.8/site-packages/airflow/example_dags/example_complex.py for tasks to queue
[2024-04-02T07:48:49.022+0000] {logging_mixin.py:188} INFO - [2024-04-02T07:48:49.001+0000] {dagbag.py:540} INFO - Filling up the DagBag from /home/airflow/.local/lib/python3.8/site-packages/airflow/example_dags/example_complex.py
[2024-04-02T07:48:49.098+0000] {processor.py:840} INFO - DAG(s) 'example_complex' retrieved from /home/airflow/.local/lib/python3.8/site-packages/airflow/example_dags/example_complex.py
[2024-04-02T07:48:49.230+0000] {logging_mixin.py:188} INFO - [2024-04-02T07:48:49.230+0000] {dag.py:3047} INFO - Sync 1 DAGs
[2024-04-02T07:48:49.299+0000] {logging_mixin.py:188} INFO - [2024-04-02T07:48:49.298+0000] {dag.py:3834} INFO - Setting next_dagrun for example_complex to None, run_after=None
[2024-04-02T07:48:49.399+0000] {processor.py:183} INFO - Processing /home/airflow/.local/lib/python3.8/site-packages/airflow/example_dags/example_complex.py took 0.424 seconds
[2024-04-02T07:49:19.858+0000] {processor.py:161} INFO - Started process (PID=502) to work on /home/airflow/.local/lib/python3.8/site-packages/airflow/example_dags/example_complex.py
[2024-04-02T07:49:19.859+0000] {processor.py:830} INFO - Processing file /home/airflow/.local/lib/python3.8/site-packages/airflow/example_dags/example_complex.py for tasks to queue
[2024-04-02T07:49:19.862+0000] {logging_mixin.py:188} INFO - [2024-04-02T07:49:19.861+0000] {dagbag.py:540} INFO - Filling up the DagBag from /home/airflow/.local/lib/python3.8/site-packages/airflow/example_dags/example_complex.py
[2024-04-02T07:49:19.883+0000] {processor.py:840} INFO - DAG(s) 'example_complex' retrieved from /home/airflow/.local/lib/python3.8/site-packages/airflow/example_dags/example_complex.py
[2024-04-02T07:49:19.934+0000] {logging_mixin.py:188} INFO - [2024-04-02T07:49:19.934+0000] {dag.py:3047} INFO - Sync 1 DAGs
[2024-04-02T07:49:19.954+0000] {logging_mixin.py:188} INFO - [2024-04-02T07:49:19.953+0000] {dag.py:3834} INFO - Setting next_dagrun for example_complex to None, run_after=None
[2024-04-02T07:49:19.990+0000] {processor.py:183} INFO - Processing /home/airflow/.local/lib/python3.8/site-packages/airflow/example_dags/example_complex.py took 0.136 seconds
[2024-04-02T07:49:50.131+0000] {processor.py:161} INFO - Started process (PID=558) to work on /home/airflow/.local/lib/python3.8/site-packages/airflow/example_dags/example_complex.py
[2024-04-02T07:49:50.132+0000] {processor.py:830} INFO - Processing file /home/airflow/.local/lib/python3.8/site-packages/airflow/example_dags/example_complex.py for tasks to queue
[2024-04-02T07:49:50.134+0000] {logging_mixin.py:188} INFO - [2024-04-02T07:49:50.134+0000] {dagbag.py:540} INFO - Filling up the DagBag from /home/airflow/.local/lib/python3.8/site-packages/airflow/example_dags/example_complex.py
[2024-04-02T07:49:50.151+0000] {processor.py:840} INFO - DAG(s) 'example_complex' retrieved from /home/airflow/.local/lib/python3.8/site-packages/airflow/example_dags/example_complex.py
[2024-04-02T07:49:50.200+0000] {logging_mixin.py:188} INFO - [2024-04-02T07:49:50.200+0000] {dag.py:3047} INFO - Sync 1 DAGs
[2024-04-02T07:49:50.225+0000] {logging_mixin.py:188} INFO - [2024-04-02T07:49:50.224+0000] {dag.py:3834} INFO - Setting next_dagrun for example_complex to None, run_after=None
[2024-04-02T07:49:50.265+0000] {processor.py:183} INFO - Processing /home/airflow/.local/lib/python3.8/site-packages/airflow/example_dags/example_complex.py took 0.138 seconds
[2024-04-02T07:50:20.345+0000] {processor.py:161} INFO - Started process (PID=613) to work on /home/airflow/.local/lib/python3.8/site-packages/airflow/example_dags/example_complex.py
[2024-04-02T07:50:20.347+0000] {processor.py:830} INFO - Processing file /home/airflow/.local/lib/python3.8/site-packages/airflow/example_dags/example_complex.py for tasks to queue
[2024-04-02T07:50:20.349+0000] {logging_mixin.py:188} INFO - [2024-04-02T07:50:20.349+0000] {dagbag.py:540} INFO - Filling up the DagBag from /home/airflow/.local/lib/python3.8/site-packages/airflow/example_dags/example_complex.py
[2024-04-02T07:50:20.365+0000] {processor.py:840} INFO - DAG(s) 'example_complex' retrieved from /home/airflow/.local/lib/python3.8/site-packages/airflow/example_dags/example_complex.py
[2024-04-02T07:50:20.411+0000] {logging_mixin.py:188} INFO - [2024-04-02T07:50:20.411+0000] {dag.py:3047} INFO - Sync 1 DAGs
[2024-04-02T07:50:20.428+0000] {logging_mixin.py:188} INFO - [2024-04-02T07:50:20.428+0000] {dag.py:3834} INFO - Setting next_dagrun for example_complex to None, run_after=None
[2024-04-02T07:50:20.461+0000] {processor.py:183} INFO - Processing /home/airflow/.local/lib/python3.8/site-packages/airflow/example_dags/example_complex.py took 0.119 seconds
[2024-04-02T07:50:50.987+0000] {processor.py:161} INFO - Started process (PID=670) to work on /home/airflow/.local/lib/python3.8/site-packages/airflow/example_dags/example_complex.py
[2024-04-02T07:50:50.989+0000] {processor.py:830} INFO - Processing file /home/airflow/.local/lib/python3.8/site-packages/airflow/example_dags/example_complex.py for tasks to queue
[2024-04-02T07:50:50.993+0000] {logging_mixin.py:188} INFO - [2024-04-02T07:50:50.992+0000] {dagbag.py:540} INFO - Filling up the DagBag from /home/airflow/.local/lib/python3.8/site-packages/airflow/example_dags/example_complex.py
[2024-04-02T07:50:51.026+0000] {processor.py:840} INFO - DAG(s) 'example_complex' retrieved from /home/airflow/.local/lib/python3.8/site-packages/airflow/example_dags/example_complex.py
[2024-04-02T07:50:51.089+0000] {logging_mixin.py:188} INFO - [2024-04-02T07:50:51.089+0000] {dag.py:3047} INFO - Sync 1 DAGs
[2024-04-02T07:50:51.117+0000] {logging_mixin.py:188} INFO - [2024-04-02T07:50:51.116+0000] {dag.py:3834} INFO - Setting next_dagrun for example_complex to None, run_after=None
[2024-04-02T07:50:51.164+0000] {processor.py:183} INFO - Processing /home/airflow/.local/lib/python3.8/site-packages/airflow/example_dags/example_complex.py took 0.185 seconds
[2024-04-02T07:51:21.602+0000] {processor.py:161} INFO - Started process (PID=726) to work on /home/airflow/.local/lib/python3.8/site-packages/airflow/example_dags/example_complex.py
[2024-04-02T07:51:21.605+0000] {processor.py:830} INFO - Processing file /home/airflow/.local/lib/python3.8/site-packages/airflow/example_dags/example_complex.py for tasks to queue
[2024-04-02T07:51:21.611+0000] {logging_mixin.py:188} INFO - [2024-04-02T07:51:21.610+0000] {dagbag.py:540} INFO - Filling up the DagBag from /home/airflow/.local/lib/python3.8/site-packages/airflow/example_dags/example_complex.py
[2024-04-02T07:51:21.643+0000] {processor.py:840} INFO - DAG(s) 'example_complex' retrieved from /home/airflow/.local/lib/python3.8/site-packages/airflow/example_dags/example_complex.py
[2024-04-02T07:51:21.745+0000] {logging_mixin.py:188} INFO - [2024-04-02T07:51:21.745+0000] {dag.py:3047} INFO - Sync 1 DAGs
[2024-04-02T07:51:21.790+0000] {logging_mixin.py:188} INFO - [2024-04-02T07:51:21.790+0000] {dag.py:3834} INFO - Setting next_dagrun for example_complex to None, run_after=None
[2024-04-02T07:51:21.861+0000] {processor.py:183} INFO - Processing /home/airflow/.local/lib/python3.8/site-packages/airflow/example_dags/example_complex.py took 0.266 seconds
[2024-04-02T07:51:52.723+0000] {processor.py:161} INFO - Started process (PID=782) to work on /home/airflow/.local/lib/python3.8/site-packages/airflow/example_dags/example_complex.py
[2024-04-02T07:51:52.726+0000] {processor.py:830} INFO - Processing file /home/airflow/.local/lib/python3.8/site-packages/airflow/example_dags/example_complex.py for tasks to queue
[2024-04-02T07:51:52.728+0000] {logging_mixin.py:188} INFO - [2024-04-02T07:51:52.728+0000] {dagbag.py:540} INFO - Filling up the DagBag from /home/airflow/.local/lib/python3.8/site-packages/airflow/example_dags/example_complex.py
[2024-04-02T07:51:52.746+0000] {processor.py:840} INFO - DAG(s) 'example_complex' retrieved from /home/airflow/.local/lib/python3.8/site-packages/airflow/example_dags/example_complex.py
[2024-04-02T07:51:52.794+0000] {logging_mixin.py:188} INFO - [2024-04-02T07:51:52.793+0000] {dag.py:3047} INFO - Sync 1 DAGs
[2024-04-02T07:51:52.814+0000] {logging_mixin.py:188} INFO - [2024-04-02T07:51:52.814+0000] {dag.py:3834} INFO - Setting next_dagrun for example_complex to None, run_after=None
[2024-04-02T07:51:52.852+0000] {processor.py:183} INFO - Processing /home/airflow/.local/lib/python3.8/site-packages/airflow/example_dags/example_complex.py took 0.133 seconds
[2024-04-02T07:52:23.666+0000] {processor.py:161} INFO - Started process (PID=838) to work on /home/airflow/.local/lib/python3.8/site-packages/airflow/example_dags/example_complex.py
[2024-04-02T07:52:23.668+0000] {processor.py:830} INFO - Processing file /home/airflow/.local/lib/python3.8/site-packages/airflow/example_dags/example_complex.py for tasks to queue
[2024-04-02T07:52:23.671+0000] {logging_mixin.py:188} INFO - [2024-04-02T07:52:23.670+0000] {dagbag.py:540} INFO - Filling up the DagBag from /home/airflow/.local/lib/python3.8/site-packages/airflow/example_dags/example_complex.py
[2024-04-02T07:52:23.689+0000] {processor.py:840} INFO - DAG(s) 'example_complex' retrieved from /home/airflow/.local/lib/python3.8/site-packages/airflow/example_dags/example_complex.py
[2024-04-02T07:52:23.745+0000] {logging_mixin.py:188} INFO - [2024-04-02T07:52:23.745+0000] {dag.py:3047} INFO - Sync 1 DAGs
[2024-04-02T07:52:23.763+0000] {logging_mixin.py:188} INFO - [2024-04-02T07:52:23.763+0000] {dag.py:3834} INFO - Setting next_dagrun for example_complex to None, run_after=None
[2024-04-02T07:52:23.797+0000] {processor.py:183} INFO - Processing /home/airflow/.local/lib/python3.8/site-packages/airflow/example_dags/example_complex.py took 0.138 seconds
[2024-04-02T07:52:54.187+0000] {processor.py:161} INFO - Started process (PID=894) to work on /home/airflow/.local/lib/python3.8/site-packages/airflow/example_dags/example_complex.py
[2024-04-02T07:52:54.189+0000] {processor.py:830} INFO - Processing file /home/airflow/.local/lib/python3.8/site-packages/airflow/example_dags/example_complex.py for tasks to queue
[2024-04-02T07:52:54.192+0000] {logging_mixin.py:188} INFO - [2024-04-02T07:52:54.192+0000] {dagbag.py:540} INFO - Filling up the DagBag from /home/airflow/.local/lib/python3.8/site-packages/airflow/example_dags/example_complex.py
[2024-04-02T07:52:54.231+0000] {processor.py:840} INFO - DAG(s) 'example_complex' retrieved from /home/airflow/.local/lib/python3.8/site-packages/airflow/example_dags/example_complex.py
[2024-04-02T07:52:54.324+0000] {logging_mixin.py:188} INFO - [2024-04-02T07:52:54.323+0000] {dag.py:3047} INFO - Sync 1 DAGs
[2024-04-02T07:52:54.362+0000] {logging_mixin.py:188} INFO - [2024-04-02T07:52:54.361+0000] {dag.py:3834} INFO - Setting next_dagrun for example_complex to None, run_after=None
[2024-04-02T07:52:54.432+0000] {processor.py:183} INFO - Processing /home/airflow/.local/lib/python3.8/site-packages/airflow/example_dags/example_complex.py took 0.250 seconds
[2024-04-02T07:53:25.039+0000] {processor.py:161} INFO - Started process (PID=950) to work on /home/airflow/.local/lib/python3.8/site-packages/airflow/example_dags/example_complex.py
[2024-04-02T07:53:25.046+0000] {processor.py:830} INFO - Processing file /home/airflow/.local/lib/python3.8/site-packages/airflow/example_dags/example_complex.py for tasks to queue
[2024-04-02T07:53:25.050+0000] {logging_mixin.py:188} INFO - [2024-04-02T07:53:25.049+0000] {dagbag.py:540} INFO - Filling up the DagBag from /home/airflow/.local/lib/python3.8/site-packages/airflow/example_dags/example_complex.py
[2024-04-02T07:53:25.080+0000] {processor.py:840} INFO - DAG(s) 'example_complex' retrieved from /home/airflow/.local/lib/python3.8/site-packages/airflow/example_dags/example_complex.py
[2024-04-02T07:53:25.190+0000] {logging_mixin.py:188} INFO - [2024-04-02T07:53:25.189+0000] {dag.py:3047} INFO - Sync 1 DAGs
[2024-04-02T07:53:25.220+0000] {logging_mixin.py:188} INFO - [2024-04-02T07:53:25.219+0000] {dag.py:3834} INFO - Setting next_dagrun for example_complex to None, run_after=None
[2024-04-02T07:53:25.268+0000] {processor.py:183} INFO - Processing /home/airflow/.local/lib/python3.8/site-packages/airflow/example_dags/example_complex.py took 0.236 seconds
[2024-04-02T07:53:55.491+0000] {processor.py:161} INFO - Started process (PID=1006) to work on /home/airflow/.local/lib/python3.8/site-packages/airflow/example_dags/example_complex.py
[2024-04-02T07:53:55.493+0000] {processor.py:830} INFO - Processing file /home/airflow/.local/lib/python3.8/site-packages/airflow/example_dags/example_complex.py for tasks to queue
[2024-04-02T07:53:55.496+0000] {logging_mixin.py:188} INFO - [2024-04-02T07:53:55.495+0000] {dagbag.py:540} INFO - Filling up the DagBag from /home/airflow/.local/lib/python3.8/site-packages/airflow/example_dags/example_complex.py
[2024-04-02T07:53:55.513+0000] {processor.py:840} INFO - DAG(s) 'example_complex' retrieved from /home/airflow/.local/lib/python3.8/site-packages/airflow/example_dags/example_complex.py
[2024-04-02T07:53:55.565+0000] {logging_mixin.py:188} INFO - [2024-04-02T07:53:55.565+0000] {dag.py:3047} INFO - Sync 1 DAGs
[2024-04-02T07:53:55.587+0000] {logging_mixin.py:188} INFO - [2024-04-02T07:53:55.586+0000] {dag.py:3834} INFO - Setting next_dagrun for example_complex to None, run_after=None
[2024-04-02T07:53:55.626+0000] {processor.py:183} INFO - Processing /home/airflow/.local/lib/python3.8/site-packages/airflow/example_dags/example_complex.py took 0.139 seconds
[2024-04-02T07:54:25.969+0000] {processor.py:161} INFO - Started process (PID=1060) to work on /home/airflow/.local/lib/python3.8/site-packages/airflow/example_dags/example_complex.py
[2024-04-02T07:54:25.970+0000] {processor.py:830} INFO - Processing file /home/airflow/.local/lib/python3.8/site-packages/airflow/example_dags/example_complex.py for tasks to queue
[2024-04-02T07:54:25.973+0000] {logging_mixin.py:188} INFO - [2024-04-02T07:54:25.972+0000] {dagbag.py:540} INFO - Filling up the DagBag from /home/airflow/.local/lib/python3.8/site-packages/airflow/example_dags/example_complex.py
[2024-04-02T07:54:26.002+0000] {processor.py:840} INFO - DAG(s) 'example_complex' retrieved from /home/airflow/.local/lib/python3.8/site-packages/airflow/example_dags/example_complex.py
[2024-04-02T07:54:26.061+0000] {logging_mixin.py:188} INFO - [2024-04-02T07:54:26.061+0000] {dag.py:3047} INFO - Sync 1 DAGs
[2024-04-02T07:54:26.090+0000] {logging_mixin.py:188} INFO - [2024-04-02T07:54:26.089+0000] {dag.py:3834} INFO - Setting next_dagrun for example_complex to None, run_after=None
[2024-04-02T07:54:26.139+0000] {processor.py:183} INFO - Processing /home/airflow/.local/lib/python3.8/site-packages/airflow/example_dags/example_complex.py took 0.174 seconds
[2024-04-02T07:54:56.210+0000] {processor.py:161} INFO - Started process (PID=1115) to work on /home/airflow/.local/lib/python3.8/site-packages/airflow/example_dags/example_complex.py
[2024-04-02T07:54:56.213+0000] {processor.py:830} INFO - Processing file /home/airflow/.local/lib/python3.8/site-packages/airflow/example_dags/example_complex.py for tasks to queue
[2024-04-02T07:54:56.216+0000] {logging_mixin.py:188} INFO - [2024-04-02T07:54:56.216+0000] {dagbag.py:540} INFO - Filling up the DagBag from /home/airflow/.local/lib/python3.8/site-packages/airflow/example_dags/example_complex.py
[2024-04-02T07:54:56.236+0000] {processor.py:840} INFO - DAG(s) 'example_complex' retrieved from /home/airflow/.local/lib/python3.8/site-packages/airflow/example_dags/example_complex.py
[2024-04-02T07:54:56.292+0000] {logging_mixin.py:188} INFO - [2024-04-02T07:54:56.292+0000] {dag.py:3047} INFO - Sync 1 DAGs
[2024-04-02T07:54:56.314+0000] {logging_mixin.py:188} INFO - [2024-04-02T07:54:56.313+0000] {dag.py:3834} INFO - Setting next_dagrun for example_complex to None, run_after=None
[2024-04-02T07:54:56.350+0000] {processor.py:183} INFO - Processing /home/airflow/.local/lib/python3.8/site-packages/airflow/example_dags/example_complex.py took 0.145 seconds
[2024-04-02T07:55:27.225+0000] {processor.py:161} INFO - Started process (PID=1172) to work on /home/airflow/.local/lib/python3.8/site-packages/airflow/example_dags/example_complex.py
[2024-04-02T07:55:27.226+0000] {processor.py:830} INFO - Processing file /home/airflow/.local/lib/python3.8/site-packages/airflow/example_dags/example_complex.py for tasks to queue
[2024-04-02T07:55:27.229+0000] {logging_mixin.py:188} INFO - [2024-04-02T07:55:27.228+0000] {dagbag.py:540} INFO - Filling up the DagBag from /home/airflow/.local/lib/python3.8/site-packages/airflow/example_dags/example_complex.py
[2024-04-02T07:55:27.247+0000] {processor.py:840} INFO - DAG(s) 'example_complex' retrieved from /home/airflow/.local/lib/python3.8/site-packages/airflow/example_dags/example_complex.py
[2024-04-02T07:55:27.298+0000] {logging_mixin.py:188} INFO - [2024-04-02T07:55:27.297+0000] {dag.py:3047} INFO - Sync 1 DAGs
[2024-04-02T07:55:27.319+0000] {logging_mixin.py:188} INFO - [2024-04-02T07:55:27.318+0000] {dag.py:3834} INFO - Setting next_dagrun for example_complex to None, run_after=None
[2024-04-02T07:55:27.361+0000] {processor.py:183} INFO - Processing /home/airflow/.local/lib/python3.8/site-packages/airflow/example_dags/example_complex.py took 0.140 seconds
[2024-04-02T07:55:57.894+0000] {processor.py:161} INFO - Started process (PID=1228) to work on /home/airflow/.local/lib/python3.8/site-packages/airflow/example_dags/example_complex.py
[2024-04-02T07:55:57.896+0000] {processor.py:830} INFO - Processing file /home/airflow/.local/lib/python3.8/site-packages/airflow/example_dags/example_complex.py for tasks to queue
[2024-04-02T07:55:57.900+0000] {logging_mixin.py:188} INFO - [2024-04-02T07:55:57.898+0000] {dagbag.py:540} INFO - Filling up the DagBag from /home/airflow/.local/lib/python3.8/site-packages/airflow/example_dags/example_complex.py
[2024-04-02T07:55:57.917+0000] {processor.py:840} INFO - DAG(s) 'example_complex' retrieved from /home/airflow/.local/lib/python3.8/site-packages/airflow/example_dags/example_complex.py
[2024-04-02T07:55:57.971+0000] {logging_mixin.py:188} INFO - [2024-04-02T07:55:57.971+0000] {dag.py:3047} INFO - Sync 1 DAGs
[2024-04-02T07:55:57.994+0000] {logging_mixin.py:188} INFO - [2024-04-02T07:55:57.993+0000] {dag.py:3834} INFO - Setting next_dagrun for example_complex to None, run_after=None
[2024-04-02T07:55:58.027+0000] {processor.py:183} INFO - Processing /home/airflow/.local/lib/python3.8/site-packages/airflow/example_dags/example_complex.py took 0.137 seconds
[2024-04-02T07:56:28.200+0000] {processor.py:161} INFO - Started process (PID=1284) to work on /home/airflow/.local/lib/python3.8/site-packages/airflow/example_dags/example_complex.py
[2024-04-02T07:56:28.201+0000] {processor.py:830} INFO - Processing file /home/airflow/.local/lib/python3.8/site-packages/airflow/example_dags/example_complex.py for tasks to queue
[2024-04-02T07:56:28.204+0000] {logging_mixin.py:188} INFO - [2024-04-02T07:56:28.203+0000] {dagbag.py:540} INFO - Filling up the DagBag from /home/airflow/.local/lib/python3.8/site-packages/airflow/example_dags/example_complex.py
[2024-04-02T07:56:28.228+0000] {processor.py:840} INFO - DAG(s) 'example_complex' retrieved from /home/airflow/.local/lib/python3.8/site-packages/airflow/example_dags/example_complex.py
[2024-04-02T07:56:28.282+0000] {logging_mixin.py:188} INFO - [2024-04-02T07:56:28.281+0000] {dag.py:3047} INFO - Sync 1 DAGs
[2024-04-02T07:56:28.304+0000] {logging_mixin.py:188} INFO - [2024-04-02T07:56:28.304+0000] {dag.py:3834} INFO - Setting next_dagrun for example_complex to None, run_after=None
[2024-04-02T07:56:28.345+0000] {processor.py:183} INFO - Processing /home/airflow/.local/lib/python3.8/site-packages/airflow/example_dags/example_complex.py took 0.149 seconds
[2024-04-02T07:56:58.610+0000] {processor.py:161} INFO - Started process (PID=1339) to work on /home/airflow/.local/lib/python3.8/site-packages/airflow/example_dags/example_complex.py
[2024-04-02T07:56:58.611+0000] {processor.py:830} INFO - Processing file /home/airflow/.local/lib/python3.8/site-packages/airflow/example_dags/example_complex.py for tasks to queue
[2024-04-02T07:56:58.614+0000] {logging_mixin.py:188} INFO - [2024-04-02T07:56:58.613+0000] {dagbag.py:540} INFO - Filling up the DagBag from /home/airflow/.local/lib/python3.8/site-packages/airflow/example_dags/example_complex.py
[2024-04-02T07:56:58.630+0000] {processor.py:840} INFO - DAG(s) 'example_complex' retrieved from /home/airflow/.local/lib/python3.8/site-packages/airflow/example_dags/example_complex.py
[2024-04-02T07:56:58.674+0000] {logging_mixin.py:188} INFO - [2024-04-02T07:56:58.674+0000] {dag.py:3047} INFO - Sync 1 DAGs
[2024-04-02T07:56:58.697+0000] {logging_mixin.py:188} INFO - [2024-04-02T07:56:58.696+0000] {dag.py:3834} INFO - Setting next_dagrun for example_complex to None, run_after=None
[2024-04-02T07:56:58.728+0000] {processor.py:183} INFO - Processing /home/airflow/.local/lib/python3.8/site-packages/airflow/example_dags/example_complex.py took 0.122 seconds
[2024-04-02T07:57:29.690+0000] {processor.py:161} INFO - Started process (PID=1396) to work on /home/airflow/.local/lib/python3.8/site-packages/airflow/example_dags/example_complex.py
[2024-04-02T07:57:29.692+0000] {processor.py:830} INFO - Processing file /home/airflow/.local/lib/python3.8/site-packages/airflow/example_dags/example_complex.py for tasks to queue
[2024-04-02T07:57:29.696+0000] {logging_mixin.py:188} INFO - [2024-04-02T07:57:29.695+0000] {dagbag.py:540} INFO - Filling up the DagBag from /home/airflow/.local/lib/python3.8/site-packages/airflow/example_dags/example_complex.py
[2024-04-02T07:57:29.719+0000] {processor.py:840} INFO - DAG(s) 'example_complex' retrieved from /home/airflow/.local/lib/python3.8/site-packages/airflow/example_dags/example_complex.py
[2024-04-02T07:57:29.781+0000] {logging_mixin.py:188} INFO - [2024-04-02T07:57:29.780+0000] {dag.py:3047} INFO - Sync 1 DAGs
[2024-04-02T07:57:29.810+0000] {logging_mixin.py:188} INFO - [2024-04-02T07:57:29.810+0000] {dag.py:3834} INFO - Setting next_dagrun for example_complex to None, run_after=None
[2024-04-02T07:57:29.850+0000] {processor.py:183} INFO - Processing /home/airflow/.local/lib/python3.8/site-packages/airflow/example_dags/example_complex.py took 0.166 seconds
[2024-04-02T07:58:00.055+0000] {processor.py:161} INFO - Started process (PID=1452) to work on /home/airflow/.local/lib/python3.8/site-packages/airflow/example_dags/example_complex.py
[2024-04-02T07:58:00.056+0000] {processor.py:830} INFO - Processing file /home/airflow/.local/lib/python3.8/site-packages/airflow/example_dags/example_complex.py for tasks to queue
[2024-04-02T07:58:00.059+0000] {logging_mixin.py:188} INFO - [2024-04-02T07:58:00.058+0000] {dagbag.py:540} INFO - Filling up the DagBag from /home/airflow/.local/lib/python3.8/site-packages/airflow/example_dags/example_complex.py
[2024-04-02T07:58:00.079+0000] {processor.py:840} INFO - DAG(s) 'example_complex' retrieved from /home/airflow/.local/lib/python3.8/site-packages/airflow/example_dags/example_complex.py
[2024-04-02T07:58:00.135+0000] {logging_mixin.py:188} INFO - [2024-04-02T07:58:00.134+0000] {dag.py:3047} INFO - Sync 1 DAGs
[2024-04-02T07:58:00.163+0000] {logging_mixin.py:188} INFO - [2024-04-02T07:58:00.162+0000] {dag.py:3834} INFO - Setting next_dagrun for example_complex to None, run_after=None
[2024-04-02T07:58:00.201+0000] {processor.py:183} INFO - Processing /home/airflow/.local/lib/python3.8/site-packages/airflow/example_dags/example_complex.py took 0.153 seconds
[2024-04-02T08:03:25.006+0000] {processor.py:161} INFO - Started process (PID=54) to work on /home/airflow/.local/lib/python3.8/site-packages/airflow/example_dags/example_complex.py
[2024-04-02T08:03:25.008+0000] {processor.py:830} INFO - Processing file /home/airflow/.local/lib/python3.8/site-packages/airflow/example_dags/example_complex.py for tasks to queue
[2024-04-02T08:03:25.011+0000] {logging_mixin.py:188} INFO - [2024-04-02T08:03:25.010+0000] {dagbag.py:540} INFO - Filling up the DagBag from /home/airflow/.local/lib/python3.8/site-packages/airflow/example_dags/example_complex.py
[2024-04-02T08:03:25.053+0000] {processor.py:840} INFO - DAG(s) 'example_complex' retrieved from /home/airflow/.local/lib/python3.8/site-packages/airflow/example_dags/example_complex.py
[2024-04-02T08:03:25.631+0000] {logging_mixin.py:188} INFO - [2024-04-02T08:03:25.631+0000] {dag.py:3047} INFO - Sync 1 DAGs
[2024-04-02T08:03:25.684+0000] {logging_mixin.py:188} INFO - [2024-04-02T08:03:25.684+0000] {dag.py:3834} INFO - Setting next_dagrun for example_complex to None, run_after=None
[2024-04-02T08:03:25.743+0000] {processor.py:183} INFO - Processing /home/airflow/.local/lib/python3.8/site-packages/airflow/example_dags/example_complex.py took 0.743 seconds
[2024-04-02T08:03:56.151+0000] {processor.py:161} INFO - Started process (PID=110) to work on /home/airflow/.local/lib/python3.8/site-packages/airflow/example_dags/example_complex.py
[2024-04-02T08:03:56.152+0000] {processor.py:830} INFO - Processing file /home/airflow/.local/lib/python3.8/site-packages/airflow/example_dags/example_complex.py for tasks to queue
[2024-04-02T08:03:56.155+0000] {logging_mixin.py:188} INFO - [2024-04-02T08:03:56.155+0000] {dagbag.py:540} INFO - Filling up the DagBag from /home/airflow/.local/lib/python3.8/site-packages/airflow/example_dags/example_complex.py
[2024-04-02T08:03:56.170+0000] {processor.py:840} INFO - DAG(s) 'example_complex' retrieved from /home/airflow/.local/lib/python3.8/site-packages/airflow/example_dags/example_complex.py
[2024-04-02T08:03:56.536+0000] {logging_mixin.py:188} INFO - [2024-04-02T08:03:56.535+0000] {dag.py:3047} INFO - Sync 1 DAGs
[2024-04-02T08:03:56.560+0000] {logging_mixin.py:188} INFO - [2024-04-02T08:03:56.559+0000] {dag.py:3834} INFO - Setting next_dagrun for example_complex to None, run_after=None
[2024-04-02T08:03:57.561+0000] {processor.py:183} INFO - Processing /home/airflow/.local/lib/python3.8/site-packages/airflow/example_dags/example_complex.py took 1.414 seconds
[2024-04-02T08:04:27.713+0000] {processor.py:161} INFO - Started process (PID=171) to work on /home/airflow/.local/lib/python3.8/site-packages/airflow/example_dags/example_complex.py
[2024-04-02T08:04:27.715+0000] {processor.py:830} INFO - Processing file /home/airflow/.local/lib/python3.8/site-packages/airflow/example_dags/example_complex.py for tasks to queue
[2024-04-02T08:04:27.718+0000] {logging_mixin.py:188} INFO - [2024-04-02T08:04:27.717+0000] {dagbag.py:540} INFO - Filling up the DagBag from /home/airflow/.local/lib/python3.8/site-packages/airflow/example_dags/example_complex.py
[2024-04-02T08:04:27.749+0000] {processor.py:840} INFO - DAG(s) 'example_complex' retrieved from /home/airflow/.local/lib/python3.8/site-packages/airflow/example_dags/example_complex.py
[2024-04-02T08:04:27.804+0000] {logging_mixin.py:188} INFO - [2024-04-02T08:04:27.803+0000] {dag.py:3047} INFO - Sync 1 DAGs
[2024-04-02T08:04:27.835+0000] {logging_mixin.py:188} INFO - [2024-04-02T08:04:27.835+0000] {dag.py:3834} INFO - Setting next_dagrun for example_complex to None, run_after=None
[2024-04-02T08:04:27.881+0000] {processor.py:183} INFO - Processing /home/airflow/.local/lib/python3.8/site-packages/airflow/example_dags/example_complex.py took 0.174 seconds
[2024-04-02T08:04:58.082+0000] {processor.py:161} INFO - Started process (PID=227) to work on /home/airflow/.local/lib/python3.8/site-packages/airflow/example_dags/example_complex.py
[2024-04-02T08:04:58.086+0000] {processor.py:830} INFO - Processing file /home/airflow/.local/lib/python3.8/site-packages/airflow/example_dags/example_complex.py for tasks to queue
[2024-04-02T08:04:58.089+0000] {logging_mixin.py:188} INFO - [2024-04-02T08:04:58.089+0000] {dagbag.py:540} INFO - Filling up the DagBag from /home/airflow/.local/lib/python3.8/site-packages/airflow/example_dags/example_complex.py
[2024-04-02T08:04:58.125+0000] {processor.py:840} INFO - DAG(s) 'example_complex' retrieved from /home/airflow/.local/lib/python3.8/site-packages/airflow/example_dags/example_complex.py
[2024-04-02T08:04:58.204+0000] {logging_mixin.py:188} INFO - [2024-04-02T08:04:58.203+0000] {dag.py:3047} INFO - Sync 1 DAGs
[2024-04-02T08:04:58.236+0000] {logging_mixin.py:188} INFO - [2024-04-02T08:04:58.236+0000] {dag.py:3834} INFO - Setting next_dagrun for example_complex to None, run_after=None
[2024-04-02T08:04:58.278+0000] {processor.py:183} INFO - Processing /home/airflow/.local/lib/python3.8/site-packages/airflow/example_dags/example_complex.py took 0.202 seconds
[2024-04-02T08:05:28.586+0000] {processor.py:161} INFO - Started process (PID=283) to work on /home/airflow/.local/lib/python3.8/site-packages/airflow/example_dags/example_complex.py
[2024-04-02T08:05:28.588+0000] {processor.py:830} INFO - Processing file /home/airflow/.local/lib/python3.8/site-packages/airflow/example_dags/example_complex.py for tasks to queue
[2024-04-02T08:05:28.591+0000] {logging_mixin.py:188} INFO - [2024-04-02T08:05:28.590+0000] {dagbag.py:540} INFO - Filling up the DagBag from /home/airflow/.local/lib/python3.8/site-packages/airflow/example_dags/example_complex.py
[2024-04-02T08:05:28.620+0000] {processor.py:840} INFO - DAG(s) 'example_complex' retrieved from /home/airflow/.local/lib/python3.8/site-packages/airflow/example_dags/example_complex.py
[2024-04-02T08:05:28.682+0000] {logging_mixin.py:188} INFO - [2024-04-02T08:05:28.681+0000] {dag.py:3047} INFO - Sync 1 DAGs
[2024-04-02T08:05:28.706+0000] {logging_mixin.py:188} INFO - [2024-04-02T08:05:28.706+0000] {dag.py:3834} INFO - Setting next_dagrun for example_complex to None, run_after=None
[2024-04-02T08:05:28.745+0000] {processor.py:183} INFO - Processing /home/airflow/.local/lib/python3.8/site-packages/airflow/example_dags/example_complex.py took 0.166 seconds
[2024-04-02T08:05:58.874+0000] {processor.py:161} INFO - Started process (PID=338) to work on /home/airflow/.local/lib/python3.8/site-packages/airflow/example_dags/example_complex.py
[2024-04-02T08:05:58.876+0000] {processor.py:830} INFO - Processing file /home/airflow/.local/lib/python3.8/site-packages/airflow/example_dags/example_complex.py for tasks to queue
[2024-04-02T08:05:58.880+0000] {logging_mixin.py:188} INFO - [2024-04-02T08:05:58.879+0000] {dagbag.py:540} INFO - Filling up the DagBag from /home/airflow/.local/lib/python3.8/site-packages/airflow/example_dags/example_complex.py
[2024-04-02T08:05:58.902+0000] {processor.py:840} INFO - DAG(s) 'example_complex' retrieved from /home/airflow/.local/lib/python3.8/site-packages/airflow/example_dags/example_complex.py
[2024-04-02T08:05:58.992+0000] {logging_mixin.py:188} INFO - [2024-04-02T08:05:58.991+0000] {dag.py:3047} INFO - Sync 1 DAGs
[2024-04-02T08:05:59.017+0000] {logging_mixin.py:188} INFO - [2024-04-02T08:05:59.017+0000] {dag.py:3834} INFO - Setting next_dagrun for example_complex to None, run_after=None
[2024-04-02T08:05:59.072+0000] {processor.py:183} INFO - Processing /home/airflow/.local/lib/python3.8/site-packages/airflow/example_dags/example_complex.py took 0.204 seconds
[2024-04-02T08:06:29.379+0000] {processor.py:161} INFO - Started process (PID=394) to work on /home/airflow/.local/lib/python3.8/site-packages/airflow/example_dags/example_complex.py
[2024-04-02T08:06:29.380+0000] {processor.py:830} INFO - Processing file /home/airflow/.local/lib/python3.8/site-packages/airflow/example_dags/example_complex.py for tasks to queue
[2024-04-02T08:06:29.384+0000] {logging_mixin.py:188} INFO - [2024-04-02T08:06:29.383+0000] {dagbag.py:540} INFO - Filling up the DagBag from /home/airflow/.local/lib/python3.8/site-packages/airflow/example_dags/example_complex.py
[2024-04-02T08:06:29.404+0000] {processor.py:840} INFO - DAG(s) 'example_complex' retrieved from /home/airflow/.local/lib/python3.8/site-packages/airflow/example_dags/example_complex.py
[2024-04-02T08:06:29.459+0000] {logging_mixin.py:188} INFO - [2024-04-02T08:06:29.459+0000] {dag.py:3047} INFO - Sync 1 DAGs
[2024-04-02T08:06:29.480+0000] {logging_mixin.py:188} INFO - [2024-04-02T08:06:29.479+0000] {dag.py:3834} INFO - Setting next_dagrun for example_complex to None, run_after=None
[2024-04-02T08:06:29.521+0000] {processor.py:183} INFO - Processing /home/airflow/.local/lib/python3.8/site-packages/airflow/example_dags/example_complex.py took 0.146 seconds
[2024-04-02T08:06:59.656+0000] {processor.py:161} INFO - Started process (PID=450) to work on /home/airflow/.local/lib/python3.8/site-packages/airflow/example_dags/example_complex.py
[2024-04-02T08:06:59.659+0000] {processor.py:830} INFO - Processing file /home/airflow/.local/lib/python3.8/site-packages/airflow/example_dags/example_complex.py for tasks to queue
[2024-04-02T08:06:59.662+0000] {logging_mixin.py:188} INFO - [2024-04-02T08:06:59.661+0000] {dagbag.py:540} INFO - Filling up the DagBag from /home/airflow/.local/lib/python3.8/site-packages/airflow/example_dags/example_complex.py
[2024-04-02T08:06:59.679+0000] {processor.py:840} INFO - DAG(s) 'example_complex' retrieved from /home/airflow/.local/lib/python3.8/site-packages/airflow/example_dags/example_complex.py
[2024-04-02T08:06:59.727+0000] {logging_mixin.py:188} INFO - [2024-04-02T08:06:59.727+0000] {dag.py:3047} INFO - Sync 1 DAGs
[2024-04-02T08:06:59.749+0000] {logging_mixin.py:188} INFO - [2024-04-02T08:06:59.748+0000] {dag.py:3834} INFO - Setting next_dagrun for example_complex to None, run_after=None
[2024-04-02T08:06:59.785+0000] {processor.py:183} INFO - Processing /home/airflow/.local/lib/python3.8/site-packages/airflow/example_dags/example_complex.py took 0.135 seconds
[2024-04-02T08:07:29.942+0000] {processor.py:161} INFO - Started process (PID=506) to work on /home/airflow/.local/lib/python3.8/site-packages/airflow/example_dags/example_complex.py
[2024-04-02T08:07:29.944+0000] {processor.py:830} INFO - Processing file /home/airflow/.local/lib/python3.8/site-packages/airflow/example_dags/example_complex.py for tasks to queue
[2024-04-02T08:07:29.947+0000] {logging_mixin.py:188} INFO - [2024-04-02T08:07:29.946+0000] {dagbag.py:540} INFO - Filling up the DagBag from /home/airflow/.local/lib/python3.8/site-packages/airflow/example_dags/example_complex.py
[2024-04-02T08:07:29.968+0000] {processor.py:840} INFO - DAG(s) 'example_complex' retrieved from /home/airflow/.local/lib/python3.8/site-packages/airflow/example_dags/example_complex.py
[2024-04-02T08:07:30.023+0000] {logging_mixin.py:188} INFO - [2024-04-02T08:07:30.023+0000] {dag.py:3047} INFO - Sync 1 DAGs
[2024-04-02T08:07:30.043+0000] {logging_mixin.py:188} INFO - [2024-04-02T08:07:30.043+0000] {dag.py:3834} INFO - Setting next_dagrun for example_complex to None, run_after=None
[2024-04-02T08:07:30.079+0000] {processor.py:183} INFO - Processing /home/airflow/.local/lib/python3.8/site-packages/airflow/example_dags/example_complex.py took 0.144 seconds
[2024-04-02T08:08:00.292+0000] {processor.py:161} INFO - Started process (PID=562) to work on /home/airflow/.local/lib/python3.8/site-packages/airflow/example_dags/example_complex.py
[2024-04-02T08:08:00.294+0000] {processor.py:830} INFO - Processing file /home/airflow/.local/lib/python3.8/site-packages/airflow/example_dags/example_complex.py for tasks to queue
[2024-04-02T08:08:00.297+0000] {logging_mixin.py:188} INFO - [2024-04-02T08:08:00.296+0000] {dagbag.py:540} INFO - Filling up the DagBag from /home/airflow/.local/lib/python3.8/site-packages/airflow/example_dags/example_complex.py
[2024-04-02T08:08:00.317+0000] {processor.py:840} INFO - DAG(s) 'example_complex' retrieved from /home/airflow/.local/lib/python3.8/site-packages/airflow/example_dags/example_complex.py
[2024-04-02T08:08:00.390+0000] {logging_mixin.py:188} INFO - [2024-04-02T08:08:00.387+0000] {dag.py:3047} INFO - Sync 1 DAGs
[2024-04-02T08:08:00.439+0000] {logging_mixin.py:188} INFO - [2024-04-02T08:08:00.438+0000] {dag.py:3834} INFO - Setting next_dagrun for example_complex to None, run_after=None
[2024-04-02T08:08:00.475+0000] {processor.py:183} INFO - Processing /home/airflow/.local/lib/python3.8/site-packages/airflow/example_dags/example_complex.py took 0.187 seconds
[2024-04-02T08:08:30.642+0000] {processor.py:161} INFO - Started process (PID=618) to work on /home/airflow/.local/lib/python3.8/site-packages/airflow/example_dags/example_complex.py
[2024-04-02T08:08:30.644+0000] {processor.py:830} INFO - Processing file /home/airflow/.local/lib/python3.8/site-packages/airflow/example_dags/example_complex.py for tasks to queue
[2024-04-02T08:08:30.647+0000] {logging_mixin.py:188} INFO - [2024-04-02T08:08:30.646+0000] {dagbag.py:540} INFO - Filling up the DagBag from /home/airflow/.local/lib/python3.8/site-packages/airflow/example_dags/example_complex.py
[2024-04-02T08:08:30.698+0000] {processor.py:840} INFO - DAG(s) 'example_complex' retrieved from /home/airflow/.local/lib/python3.8/site-packages/airflow/example_dags/example_complex.py
[2024-04-02T08:08:30.778+0000] {logging_mixin.py:188} INFO - [2024-04-02T08:08:30.777+0000] {dag.py:3047} INFO - Sync 1 DAGs
[2024-04-02T08:08:30.798+0000] {logging_mixin.py:188} INFO - [2024-04-02T08:08:30.797+0000] {dag.py:3834} INFO - Setting next_dagrun for example_complex to None, run_after=None
[2024-04-02T08:08:30.834+0000] {processor.py:183} INFO - Processing /home/airflow/.local/lib/python3.8/site-packages/airflow/example_dags/example_complex.py took 0.196 seconds
[2024-04-02T08:09:00.980+0000] {processor.py:161} INFO - Started process (PID=674) to work on /home/airflow/.local/lib/python3.8/site-packages/airflow/example_dags/example_complex.py
[2024-04-02T08:09:00.981+0000] {processor.py:830} INFO - Processing file /home/airflow/.local/lib/python3.8/site-packages/airflow/example_dags/example_complex.py for tasks to queue
[2024-04-02T08:09:00.984+0000] {logging_mixin.py:188} INFO - [2024-04-02T08:09:00.983+0000] {dagbag.py:540} INFO - Filling up the DagBag from /home/airflow/.local/lib/python3.8/site-packages/airflow/example_dags/example_complex.py
[2024-04-02T08:09:01.002+0000] {processor.py:840} INFO - DAG(s) 'example_complex' retrieved from /home/airflow/.local/lib/python3.8/site-packages/airflow/example_dags/example_complex.py
[2024-04-02T08:09:01.063+0000] {logging_mixin.py:188} INFO - [2024-04-02T08:09:01.063+0000] {dag.py:3047} INFO - Sync 1 DAGs
[2024-04-02T08:09:01.091+0000] {logging_mixin.py:188} INFO - [2024-04-02T08:09:01.091+0000] {dag.py:3834} INFO - Setting next_dagrun for example_complex to None, run_after=None
[2024-04-02T08:09:01.141+0000] {processor.py:183} INFO - Processing /home/airflow/.local/lib/python3.8/site-packages/airflow/example_dags/example_complex.py took 0.166 seconds
[2024-04-02T08:09:31.823+0000] {processor.py:161} INFO - Started process (PID=731) to work on /home/airflow/.local/lib/python3.8/site-packages/airflow/example_dags/example_complex.py
[2024-04-02T08:09:31.825+0000] {processor.py:830} INFO - Processing file /home/airflow/.local/lib/python3.8/site-packages/airflow/example_dags/example_complex.py for tasks to queue
[2024-04-02T08:09:31.829+0000] {logging_mixin.py:188} INFO - [2024-04-02T08:09:31.828+0000] {dagbag.py:540} INFO - Filling up the DagBag from /home/airflow/.local/lib/python3.8/site-packages/airflow/example_dags/example_complex.py
[2024-04-02T08:09:31.873+0000] {processor.py:840} INFO - DAG(s) 'example_complex' retrieved from /home/airflow/.local/lib/python3.8/site-packages/airflow/example_dags/example_complex.py
[2024-04-02T08:09:31.988+0000] {logging_mixin.py:188} INFO - [2024-04-02T08:09:31.988+0000] {dag.py:3047} INFO - Sync 1 DAGs
[2024-04-02T08:09:32.032+0000] {logging_mixin.py:188} INFO - [2024-04-02T08:09:32.030+0000] {dag.py:3834} INFO - Setting next_dagrun for example_complex to None, run_after=None
[2024-04-02T08:09:32.089+0000] {processor.py:183} INFO - Processing /home/airflow/.local/lib/python3.8/site-packages/airflow/example_dags/example_complex.py took 0.271 seconds
[2024-04-02T08:10:02.315+0000] {processor.py:161} INFO - Started process (PID=787) to work on /home/airflow/.local/lib/python3.8/site-packages/airflow/example_dags/example_complex.py
[2024-04-02T08:10:02.318+0000] {processor.py:830} INFO - Processing file /home/airflow/.local/lib/python3.8/site-packages/airflow/example_dags/example_complex.py for tasks to queue
[2024-04-02T08:10:02.322+0000] {logging_mixin.py:188} INFO - [2024-04-02T08:10:02.321+0000] {dagbag.py:540} INFO - Filling up the DagBag from /home/airflow/.local/lib/python3.8/site-packages/airflow/example_dags/example_complex.py
[2024-04-02T08:10:02.346+0000] {processor.py:840} INFO - DAG(s) 'example_complex' retrieved from /home/airflow/.local/lib/python3.8/site-packages/airflow/example_dags/example_complex.py
[2024-04-02T08:10:02.400+0000] {logging_mixin.py:188} INFO - [2024-04-02T08:10:02.399+0000] {dag.py:3047} INFO - Sync 1 DAGs
[2024-04-02T08:10:02.422+0000] {logging_mixin.py:188} INFO - [2024-04-02T08:10:02.421+0000] {dag.py:3834} INFO - Setting next_dagrun for example_complex to None, run_after=None
[2024-04-02T08:10:02.456+0000] {processor.py:183} INFO - Processing /home/airflow/.local/lib/python3.8/site-packages/airflow/example_dags/example_complex.py took 0.147 seconds
[2024-04-02T08:10:33.128+0000] {processor.py:161} INFO - Started process (PID=843) to work on /home/airflow/.local/lib/python3.8/site-packages/airflow/example_dags/example_complex.py
[2024-04-02T08:10:33.131+0000] {processor.py:830} INFO - Processing file /home/airflow/.local/lib/python3.8/site-packages/airflow/example_dags/example_complex.py for tasks to queue
[2024-04-02T08:10:33.134+0000] {logging_mixin.py:188} INFO - [2024-04-02T08:10:33.133+0000] {dagbag.py:540} INFO - Filling up the DagBag from /home/airflow/.local/lib/python3.8/site-packages/airflow/example_dags/example_complex.py
[2024-04-02T08:10:33.160+0000] {processor.py:840} INFO - DAG(s) 'example_complex' retrieved from /home/airflow/.local/lib/python3.8/site-packages/airflow/example_dags/example_complex.py
[2024-04-02T08:10:33.210+0000] {logging_mixin.py:188} INFO - [2024-04-02T08:10:33.210+0000] {dag.py:3047} INFO - Sync 1 DAGs
[2024-04-02T08:10:33.228+0000] {logging_mixin.py:188} INFO - [2024-04-02T08:10:33.228+0000] {dag.py:3834} INFO - Setting next_dagrun for example_complex to None, run_after=None
[2024-04-02T08:10:33.265+0000] {processor.py:183} INFO - Processing /home/airflow/.local/lib/python3.8/site-packages/airflow/example_dags/example_complex.py took 0.142 seconds
[2024-04-02T08:11:03.677+0000] {processor.py:161} INFO - Started process (PID=899) to work on /home/airflow/.local/lib/python3.8/site-packages/airflow/example_dags/example_complex.py
[2024-04-02T08:11:03.679+0000] {processor.py:830} INFO - Processing file /home/airflow/.local/lib/python3.8/site-packages/airflow/example_dags/example_complex.py for tasks to queue
[2024-04-02T08:11:03.686+0000] {logging_mixin.py:188} INFO - [2024-04-02T08:11:03.685+0000] {dagbag.py:540} INFO - Filling up the DagBag from /home/airflow/.local/lib/python3.8/site-packages/airflow/example_dags/example_complex.py
[2024-04-02T08:11:03.725+0000] {processor.py:840} INFO - DAG(s) 'example_complex' retrieved from /home/airflow/.local/lib/python3.8/site-packages/airflow/example_dags/example_complex.py
[2024-04-02T08:11:03.812+0000] {logging_mixin.py:188} INFO - [2024-04-02T08:11:03.812+0000] {dag.py:3047} INFO - Sync 1 DAGs
[2024-04-02T08:11:03.839+0000] {logging_mixin.py:188} INFO - [2024-04-02T08:11:03.838+0000] {dag.py:3834} INFO - Setting next_dagrun for example_complex to None, run_after=None
[2024-04-02T08:11:03.884+0000] {processor.py:183} INFO - Processing /home/airflow/.local/lib/python3.8/site-packages/airflow/example_dags/example_complex.py took 0.217 seconds
[2024-04-02T08:11:33.986+0000] {processor.py:161} INFO - Started process (PID=954) to work on /home/airflow/.local/lib/python3.8/site-packages/airflow/example_dags/example_complex.py
[2024-04-02T08:11:33.988+0000] {processor.py:830} INFO - Processing file /home/airflow/.local/lib/python3.8/site-packages/airflow/example_dags/example_complex.py for tasks to queue
[2024-04-02T08:11:33.991+0000] {logging_mixin.py:188} INFO - [2024-04-02T08:11:33.990+0000] {dagbag.py:540} INFO - Filling up the DagBag from /home/airflow/.local/lib/python3.8/site-packages/airflow/example_dags/example_complex.py
[2024-04-02T08:11:34.008+0000] {processor.py:840} INFO - DAG(s) 'example_complex' retrieved from /home/airflow/.local/lib/python3.8/site-packages/airflow/example_dags/example_complex.py
[2024-04-02T08:11:34.052+0000] {logging_mixin.py:188} INFO - [2024-04-02T08:11:34.051+0000] {dag.py:3047} INFO - Sync 1 DAGs
[2024-04-02T08:11:34.070+0000] {logging_mixin.py:188} INFO - [2024-04-02T08:11:34.069+0000] {dag.py:3834} INFO - Setting next_dagrun for example_complex to None, run_after=None
[2024-04-02T08:11:34.108+0000] {processor.py:183} INFO - Processing /home/airflow/.local/lib/python3.8/site-packages/airflow/example_dags/example_complex.py took 0.125 seconds
[2024-04-02T08:12:04.666+0000] {processor.py:161} INFO - Started process (PID=1009) to work on /home/airflow/.local/lib/python3.8/site-packages/airflow/example_dags/example_complex.py
[2024-04-02T08:12:04.668+0000] {processor.py:830} INFO - Processing file /home/airflow/.local/lib/python3.8/site-packages/airflow/example_dags/example_complex.py for tasks to queue
[2024-04-02T08:12:04.671+0000] {logging_mixin.py:188} INFO - [2024-04-02T08:12:04.670+0000] {dagbag.py:540} INFO - Filling up the DagBag from /home/airflow/.local/lib/python3.8/site-packages/airflow/example_dags/example_complex.py
[2024-04-02T08:12:04.690+0000] {processor.py:840} INFO - DAG(s) 'example_complex' retrieved from /home/airflow/.local/lib/python3.8/site-packages/airflow/example_dags/example_complex.py
[2024-04-02T08:12:04.742+0000] {logging_mixin.py:188} INFO - [2024-04-02T08:12:04.741+0000] {dag.py:3047} INFO - Sync 1 DAGs
[2024-04-02T08:12:04.766+0000] {logging_mixin.py:188} INFO - [2024-04-02T08:12:04.766+0000] {dag.py:3834} INFO - Setting next_dagrun for example_complex to None, run_after=None
[2024-04-02T08:12:04.813+0000] {processor.py:183} INFO - Processing /home/airflow/.local/lib/python3.8/site-packages/airflow/example_dags/example_complex.py took 0.151 seconds
[2024-04-02T08:12:34.931+0000] {processor.py:161} INFO - Started process (PID=1064) to work on /home/airflow/.local/lib/python3.8/site-packages/airflow/example_dags/example_complex.py
[2024-04-02T08:12:34.932+0000] {processor.py:830} INFO - Processing file /home/airflow/.local/lib/python3.8/site-packages/airflow/example_dags/example_complex.py for tasks to queue
[2024-04-02T08:12:34.935+0000] {logging_mixin.py:188} INFO - [2024-04-02T08:12:34.935+0000] {dagbag.py:540} INFO - Filling up the DagBag from /home/airflow/.local/lib/python3.8/site-packages/airflow/example_dags/example_complex.py
[2024-04-02T08:12:34.952+0000] {processor.py:840} INFO - DAG(s) 'example_complex' retrieved from /home/airflow/.local/lib/python3.8/site-packages/airflow/example_dags/example_complex.py
[2024-04-02T08:12:35.010+0000] {logging_mixin.py:188} INFO - [2024-04-02T08:12:35.010+0000] {dag.py:3047} INFO - Sync 1 DAGs
[2024-04-02T08:12:35.042+0000] {logging_mixin.py:188} INFO - [2024-04-02T08:12:35.041+0000] {dag.py:3834} INFO - Setting next_dagrun for example_complex to None, run_after=None
[2024-04-02T08:12:35.091+0000] {processor.py:183} INFO - Processing /home/airflow/.local/lib/python3.8/site-packages/airflow/example_dags/example_complex.py took 0.165 seconds
[2024-04-02T08:13:05.413+0000] {processor.py:161} INFO - Started process (PID=1121) to work on /home/airflow/.local/lib/python3.8/site-packages/airflow/example_dags/example_complex.py
[2024-04-02T08:13:05.415+0000] {processor.py:830} INFO - Processing file /home/airflow/.local/lib/python3.8/site-packages/airflow/example_dags/example_complex.py for tasks to queue
[2024-04-02T08:13:05.419+0000] {logging_mixin.py:188} INFO - [2024-04-02T08:13:05.419+0000] {dagbag.py:540} INFO - Filling up the DagBag from /home/airflow/.local/lib/python3.8/site-packages/airflow/example_dags/example_complex.py
[2024-04-02T08:13:05.454+0000] {processor.py:840} INFO - DAG(s) 'example_complex' retrieved from /home/airflow/.local/lib/python3.8/site-packages/airflow/example_dags/example_complex.py
[2024-04-02T08:13:05.516+0000] {logging_mixin.py:188} INFO - [2024-04-02T08:13:05.516+0000] {dag.py:3047} INFO - Sync 1 DAGs
[2024-04-02T08:13:05.546+0000] {logging_mixin.py:188} INFO - [2024-04-02T08:13:05.544+0000] {dag.py:3834} INFO - Setting next_dagrun for example_complex to None, run_after=None
[2024-04-02T08:13:05.599+0000] {processor.py:183} INFO - Processing /home/airflow/.local/lib/python3.8/site-packages/airflow/example_dags/example_complex.py took 0.191 seconds
[2024-04-02T08:13:35.925+0000] {processor.py:161} INFO - Started process (PID=1177) to work on /home/airflow/.local/lib/python3.8/site-packages/airflow/example_dags/example_complex.py
[2024-04-02T08:13:35.926+0000] {processor.py:830} INFO - Processing file /home/airflow/.local/lib/python3.8/site-packages/airflow/example_dags/example_complex.py for tasks to queue
[2024-04-02T08:13:35.930+0000] {logging_mixin.py:188} INFO - [2024-04-02T08:13:35.929+0000] {dagbag.py:540} INFO - Filling up the DagBag from /home/airflow/.local/lib/python3.8/site-packages/airflow/example_dags/example_complex.py
[2024-04-02T08:13:35.951+0000] {processor.py:840} INFO - DAG(s) 'example_complex' retrieved from /home/airflow/.local/lib/python3.8/site-packages/airflow/example_dags/example_complex.py
[2024-04-02T08:13:36.014+0000] {logging_mixin.py:188} INFO - [2024-04-02T08:13:36.014+0000] {dag.py:3047} INFO - Sync 1 DAGs
[2024-04-02T08:13:36.041+0000] {logging_mixin.py:188} INFO - [2024-04-02T08:13:36.040+0000] {dag.py:3834} INFO - Setting next_dagrun for example_complex to None, run_after=None
[2024-04-02T08:13:36.087+0000] {processor.py:183} INFO - Processing /home/airflow/.local/lib/python3.8/site-packages/airflow/example_dags/example_complex.py took 0.168 seconds
[2024-04-02T08:16:47.492+0000] {processor.py:161} INFO - Started process (PID=54) to work on /home/airflow/.local/lib/python3.8/site-packages/airflow/example_dags/example_complex.py
[2024-04-02T08:16:47.496+0000] {processor.py:830} INFO - Processing file /home/airflow/.local/lib/python3.8/site-packages/airflow/example_dags/example_complex.py for tasks to queue
[2024-04-02T08:16:47.500+0000] {logging_mixin.py:188} INFO - [2024-04-02T08:16:47.499+0000] {dagbag.py:540} INFO - Filling up the DagBag from /home/airflow/.local/lib/python3.8/site-packages/airflow/example_dags/example_complex.py
[2024-04-02T08:16:47.623+0000] {processor.py:840} INFO - DAG(s) 'example_complex' retrieved from /home/airflow/.local/lib/python3.8/site-packages/airflow/example_dags/example_complex.py
[2024-04-02T08:16:48.103+0000] {logging_mixin.py:188} INFO - [2024-04-02T08:16:48.101+0000] {dag.py:3047} INFO - Sync 1 DAGs
[2024-04-02T08:16:48.140+0000] {logging_mixin.py:188} INFO - [2024-04-02T08:16:48.139+0000] {dag.py:3834} INFO - Setting next_dagrun for example_complex to None, run_after=None
[2024-04-02T08:16:48.233+0000] {processor.py:183} INFO - Processing /home/airflow/.local/lib/python3.8/site-packages/airflow/example_dags/example_complex.py took 0.750 seconds
[2024-04-02T08:17:18.741+0000] {processor.py:161} INFO - Started process (PID=110) to work on /home/airflow/.local/lib/python3.8/site-packages/airflow/example_dags/example_complex.py
[2024-04-02T08:17:18.743+0000] {processor.py:830} INFO - Processing file /home/airflow/.local/lib/python3.8/site-packages/airflow/example_dags/example_complex.py for tasks to queue
[2024-04-02T08:17:18.746+0000] {logging_mixin.py:188} INFO - [2024-04-02T08:17:18.745+0000] {dagbag.py:540} INFO - Filling up the DagBag from /home/airflow/.local/lib/python3.8/site-packages/airflow/example_dags/example_complex.py
[2024-04-02T08:17:18.773+0000] {processor.py:840} INFO - DAG(s) 'example_complex' retrieved from /home/airflow/.local/lib/python3.8/site-packages/airflow/example_dags/example_complex.py
[2024-04-02T08:17:18.839+0000] {logging_mixin.py:188} INFO - [2024-04-02T08:17:18.839+0000] {dag.py:3047} INFO - Sync 1 DAGs
[2024-04-02T08:17:18.867+0000] {logging_mixin.py:188} INFO - [2024-04-02T08:17:18.866+0000] {dag.py:3834} INFO - Setting next_dagrun for example_complex to None, run_after=None
[2024-04-02T08:17:19.040+0000] {processor.py:183} INFO - Processing /home/airflow/.local/lib/python3.8/site-packages/airflow/example_dags/example_complex.py took 0.304 seconds
[2024-04-02T08:17:49.834+0000] {processor.py:161} INFO - Started process (PID=166) to work on /home/airflow/.local/lib/python3.8/site-packages/airflow/example_dags/example_complex.py
[2024-04-02T08:17:49.835+0000] {processor.py:830} INFO - Processing file /home/airflow/.local/lib/python3.8/site-packages/airflow/example_dags/example_complex.py for tasks to queue
[2024-04-02T08:17:49.838+0000] {logging_mixin.py:188} INFO - [2024-04-02T08:17:49.837+0000] {dagbag.py:540} INFO - Filling up the DagBag from /home/airflow/.local/lib/python3.8/site-packages/airflow/example_dags/example_complex.py
[2024-04-02T08:17:49.855+0000] {processor.py:840} INFO - DAG(s) 'example_complex' retrieved from /home/airflow/.local/lib/python3.8/site-packages/airflow/example_dags/example_complex.py
[2024-04-02T08:17:49.902+0000] {logging_mixin.py:188} INFO - [2024-04-02T08:17:49.902+0000] {dag.py:3047} INFO - Sync 1 DAGs
[2024-04-02T08:17:49.921+0000] {logging_mixin.py:188} INFO - [2024-04-02T08:17:49.920+0000] {dag.py:3834} INFO - Setting next_dagrun for example_complex to None, run_after=None
[2024-04-02T08:17:49.959+0000] {processor.py:183} INFO - Processing /home/airflow/.local/lib/python3.8/site-packages/airflow/example_dags/example_complex.py took 0.129 seconds
[2024-04-02T08:18:20.692+0000] {processor.py:161} INFO - Started process (PID=222) to work on /home/airflow/.local/lib/python3.8/site-packages/airflow/example_dags/example_complex.py
[2024-04-02T08:18:20.693+0000] {processor.py:830} INFO - Processing file /home/airflow/.local/lib/python3.8/site-packages/airflow/example_dags/example_complex.py for tasks to queue
[2024-04-02T08:18:20.697+0000] {logging_mixin.py:188} INFO - [2024-04-02T08:18:20.696+0000] {dagbag.py:540} INFO - Filling up the DagBag from /home/airflow/.local/lib/python3.8/site-packages/airflow/example_dags/example_complex.py
[2024-04-02T08:18:20.714+0000] {processor.py:840} INFO - DAG(s) 'example_complex' retrieved from /home/airflow/.local/lib/python3.8/site-packages/airflow/example_dags/example_complex.py
[2024-04-02T08:18:20.768+0000] {logging_mixin.py:188} INFO - [2024-04-02T08:18:20.768+0000] {dag.py:3047} INFO - Sync 1 DAGs
[2024-04-02T08:18:20.795+0000] {logging_mixin.py:188} INFO - [2024-04-02T08:18:20.795+0000] {dag.py:3834} INFO - Setting next_dagrun for example_complex to None, run_after=None
[2024-04-02T08:18:20.834+0000] {processor.py:183} INFO - Processing /home/airflow/.local/lib/python3.8/site-packages/airflow/example_dags/example_complex.py took 0.146 seconds
[2024-04-02T08:18:51.262+0000] {processor.py:161} INFO - Started process (PID=278) to work on /home/airflow/.local/lib/python3.8/site-packages/airflow/example_dags/example_complex.py
[2024-04-02T08:18:51.264+0000] {processor.py:830} INFO - Processing file /home/airflow/.local/lib/python3.8/site-packages/airflow/example_dags/example_complex.py for tasks to queue
[2024-04-02T08:18:51.267+0000] {logging_mixin.py:188} INFO - [2024-04-02T08:18:51.266+0000] {dagbag.py:540} INFO - Filling up the DagBag from /home/airflow/.local/lib/python3.8/site-packages/airflow/example_dags/example_complex.py
[2024-04-02T08:18:51.285+0000] {processor.py:840} INFO - DAG(s) 'example_complex' retrieved from /home/airflow/.local/lib/python3.8/site-packages/airflow/example_dags/example_complex.py
[2024-04-02T08:18:51.339+0000] {logging_mixin.py:188} INFO - [2024-04-02T08:18:51.339+0000] {dag.py:3047} INFO - Sync 1 DAGs
[2024-04-02T08:18:51.366+0000] {logging_mixin.py:188} INFO - [2024-04-02T08:18:51.365+0000] {dag.py:3834} INFO - Setting next_dagrun for example_complex to None, run_after=None
[2024-04-02T08:18:51.415+0000] {processor.py:183} INFO - Processing /home/airflow/.local/lib/python3.8/site-packages/airflow/example_dags/example_complex.py took 0.159 seconds
[2024-04-02T08:19:21.518+0000] {processor.py:161} INFO - Started process (PID=333) to work on /home/airflow/.local/lib/python3.8/site-packages/airflow/example_dags/example_complex.py
[2024-04-02T08:19:21.520+0000] {processor.py:830} INFO - Processing file /home/airflow/.local/lib/python3.8/site-packages/airflow/example_dags/example_complex.py for tasks to queue
[2024-04-02T08:19:21.522+0000] {logging_mixin.py:188} INFO - [2024-04-02T08:19:21.522+0000] {dagbag.py:540} INFO - Filling up the DagBag from /home/airflow/.local/lib/python3.8/site-packages/airflow/example_dags/example_complex.py
[2024-04-02T08:19:21.537+0000] {processor.py:840} INFO - DAG(s) 'example_complex' retrieved from /home/airflow/.local/lib/python3.8/site-packages/airflow/example_dags/example_complex.py
[2024-04-02T08:19:21.583+0000] {logging_mixin.py:188} INFO - [2024-04-02T08:19:21.582+0000] {dag.py:3047} INFO - Sync 1 DAGs
[2024-04-02T08:19:21.601+0000] {logging_mixin.py:188} INFO - [2024-04-02T08:19:21.601+0000] {dag.py:3834} INFO - Setting next_dagrun for example_complex to None, run_after=None
[2024-04-02T08:19:21.640+0000] {processor.py:183} INFO - Processing /home/airflow/.local/lib/python3.8/site-packages/airflow/example_dags/example_complex.py took 0.125 seconds
[2024-04-02T08:19:51.854+0000] {processor.py:161} INFO - Started process (PID=389) to work on /home/airflow/.local/lib/python3.8/site-packages/airflow/example_dags/example_complex.py
[2024-04-02T08:19:51.855+0000] {processor.py:830} INFO - Processing file /home/airflow/.local/lib/python3.8/site-packages/airflow/example_dags/example_complex.py for tasks to queue
[2024-04-02T08:19:51.858+0000] {logging_mixin.py:188} INFO - [2024-04-02T08:19:51.858+0000] {dagbag.py:540} INFO - Filling up the DagBag from /home/airflow/.local/lib/python3.8/site-packages/airflow/example_dags/example_complex.py
[2024-04-02T08:19:51.874+0000] {processor.py:840} INFO - DAG(s) 'example_complex' retrieved from /home/airflow/.local/lib/python3.8/site-packages/airflow/example_dags/example_complex.py
[2024-04-02T08:19:51.928+0000] {logging_mixin.py:188} INFO - [2024-04-02T08:19:51.927+0000] {dag.py:3047} INFO - Sync 1 DAGs
[2024-04-02T08:19:51.949+0000] {logging_mixin.py:188} INFO - [2024-04-02T08:19:51.949+0000] {dag.py:3834} INFO - Setting next_dagrun for example_complex to None, run_after=None
[2024-04-02T08:19:51.985+0000] {processor.py:183} INFO - Processing /home/airflow/.local/lib/python3.8/site-packages/airflow/example_dags/example_complex.py took 0.135 seconds
[2024-04-02T08:20:22.137+0000] {processor.py:161} INFO - Started process (PID=445) to work on /home/airflow/.local/lib/python3.8/site-packages/airflow/example_dags/example_complex.py
[2024-04-02T08:20:22.138+0000] {processor.py:830} INFO - Processing file /home/airflow/.local/lib/python3.8/site-packages/airflow/example_dags/example_complex.py for tasks to queue
[2024-04-02T08:20:22.142+0000] {logging_mixin.py:188} INFO - [2024-04-02T08:20:22.141+0000] {dagbag.py:540} INFO - Filling up the DagBag from /home/airflow/.local/lib/python3.8/site-packages/airflow/example_dags/example_complex.py
[2024-04-02T08:20:22.159+0000] {processor.py:840} INFO - DAG(s) 'example_complex' retrieved from /home/airflow/.local/lib/python3.8/site-packages/airflow/example_dags/example_complex.py
[2024-04-02T08:20:22.215+0000] {logging_mixin.py:188} INFO - [2024-04-02T08:20:22.215+0000] {dag.py:3047} INFO - Sync 1 DAGs
[2024-04-02T08:20:22.239+0000] {logging_mixin.py:188} INFO - [2024-04-02T08:20:22.239+0000] {dag.py:3834} INFO - Setting next_dagrun for example_complex to None, run_after=None
[2024-04-02T08:20:22.278+0000] {processor.py:183} INFO - Processing /home/airflow/.local/lib/python3.8/site-packages/airflow/example_dags/example_complex.py took 0.144 seconds
[2024-04-02T08:20:52.542+0000] {processor.py:161} INFO - Started process (PID=501) to work on /home/airflow/.local/lib/python3.8/site-packages/airflow/example_dags/example_complex.py
[2024-04-02T08:20:52.553+0000] {processor.py:830} INFO - Processing file /home/airflow/.local/lib/python3.8/site-packages/airflow/example_dags/example_complex.py for tasks to queue
[2024-04-02T08:20:52.572+0000] {logging_mixin.py:188} INFO - [2024-04-02T08:20:52.560+0000] {dagbag.py:540} INFO - Filling up the DagBag from /home/airflow/.local/lib/python3.8/site-packages/airflow/example_dags/example_complex.py
[2024-04-02T08:20:52.669+0000] {processor.py:840} INFO - DAG(s) 'example_complex' retrieved from /home/airflow/.local/lib/python3.8/site-packages/airflow/example_dags/example_complex.py
[2024-04-02T08:20:52.782+0000] {logging_mixin.py:188} INFO - [2024-04-02T08:20:52.781+0000] {dag.py:3047} INFO - Sync 1 DAGs
[2024-04-02T08:20:52.846+0000] {logging_mixin.py:188} INFO - [2024-04-02T08:20:52.845+0000] {dag.py:3834} INFO - Setting next_dagrun for example_complex to None, run_after=None
[2024-04-02T08:20:52.895+0000] {processor.py:183} INFO - Processing /home/airflow/.local/lib/python3.8/site-packages/airflow/example_dags/example_complex.py took 0.363 seconds
[2024-04-02T08:21:23.800+0000] {processor.py:161} INFO - Started process (PID=557) to work on /home/airflow/.local/lib/python3.8/site-packages/airflow/example_dags/example_complex.py
[2024-04-02T08:21:23.802+0000] {processor.py:830} INFO - Processing file /home/airflow/.local/lib/python3.8/site-packages/airflow/example_dags/example_complex.py for tasks to queue
[2024-04-02T08:21:23.804+0000] {logging_mixin.py:188} INFO - [2024-04-02T08:21:23.804+0000] {dagbag.py:540} INFO - Filling up the DagBag from /home/airflow/.local/lib/python3.8/site-packages/airflow/example_dags/example_complex.py
[2024-04-02T08:21:23.821+0000] {processor.py:840} INFO - DAG(s) 'example_complex' retrieved from /home/airflow/.local/lib/python3.8/site-packages/airflow/example_dags/example_complex.py
[2024-04-02T08:21:23.883+0000] {logging_mixin.py:188} INFO - [2024-04-02T08:21:23.883+0000] {dag.py:3047} INFO - Sync 1 DAGs
[2024-04-02T08:21:23.907+0000] {logging_mixin.py:188} INFO - [2024-04-02T08:21:23.906+0000] {dag.py:3834} INFO - Setting next_dagrun for example_complex to None, run_after=None
[2024-04-02T08:21:23.944+0000] {processor.py:183} INFO - Processing /home/airflow/.local/lib/python3.8/site-packages/airflow/example_dags/example_complex.py took 0.149 seconds
[2024-04-02T08:21:54.247+0000] {processor.py:161} INFO - Started process (PID=613) to work on /home/airflow/.local/lib/python3.8/site-packages/airflow/example_dags/example_complex.py
[2024-04-02T08:21:54.249+0000] {processor.py:830} INFO - Processing file /home/airflow/.local/lib/python3.8/site-packages/airflow/example_dags/example_complex.py for tasks to queue
[2024-04-02T08:21:54.257+0000] {logging_mixin.py:188} INFO - [2024-04-02T08:21:54.255+0000] {dagbag.py:540} INFO - Filling up the DagBag from /home/airflow/.local/lib/python3.8/site-packages/airflow/example_dags/example_complex.py
[2024-04-02T08:21:54.301+0000] {processor.py:840} INFO - DAG(s) 'example_complex' retrieved from /home/airflow/.local/lib/python3.8/site-packages/airflow/example_dags/example_complex.py
[2024-04-02T08:21:54.528+0000] {logging_mixin.py:188} INFO - [2024-04-02T08:21:54.528+0000] {dag.py:3047} INFO - Sync 1 DAGs
[2024-04-02T08:21:54.562+0000] {logging_mixin.py:188} INFO - [2024-04-02T08:21:54.562+0000] {dag.py:3834} INFO - Setting next_dagrun for example_complex to None, run_after=None
[2024-04-02T08:21:54.615+0000] {processor.py:183} INFO - Processing /home/airflow/.local/lib/python3.8/site-packages/airflow/example_dags/example_complex.py took 0.374 seconds
[2024-04-02T08:22:25.058+0000] {processor.py:161} INFO - Started process (PID=669) to work on /home/airflow/.local/lib/python3.8/site-packages/airflow/example_dags/example_complex.py
[2024-04-02T08:22:25.060+0000] {processor.py:830} INFO - Processing file /home/airflow/.local/lib/python3.8/site-packages/airflow/example_dags/example_complex.py for tasks to queue
[2024-04-02T08:22:25.064+0000] {logging_mixin.py:188} INFO - [2024-04-02T08:22:25.064+0000] {dagbag.py:540} INFO - Filling up the DagBag from /home/airflow/.local/lib/python3.8/site-packages/airflow/example_dags/example_complex.py
[2024-04-02T08:22:25.121+0000] {processor.py:840} INFO - DAG(s) 'example_complex' retrieved from /home/airflow/.local/lib/python3.8/site-packages/airflow/example_dags/example_complex.py
[2024-04-02T08:22:25.237+0000] {logging_mixin.py:188} INFO - [2024-04-02T08:22:25.237+0000] {dag.py:3047} INFO - Sync 1 DAGs
[2024-04-02T08:22:25.278+0000] {logging_mixin.py:188} INFO - [2024-04-02T08:22:25.277+0000] {dag.py:3834} INFO - Setting next_dagrun for example_complex to None, run_after=None
[2024-04-02T08:22:25.412+0000] {processor.py:183} INFO - Processing /home/airflow/.local/lib/python3.8/site-packages/airflow/example_dags/example_complex.py took 0.364 seconds
[2024-04-02T08:22:55.735+0000] {processor.py:161} INFO - Started process (PID=725) to work on /home/airflow/.local/lib/python3.8/site-packages/airflow/example_dags/example_complex.py
[2024-04-02T08:22:55.737+0000] {processor.py:830} INFO - Processing file /home/airflow/.local/lib/python3.8/site-packages/airflow/example_dags/example_complex.py for tasks to queue
[2024-04-02T08:22:55.741+0000] {logging_mixin.py:188} INFO - [2024-04-02T08:22:55.740+0000] {dagbag.py:540} INFO - Filling up the DagBag from /home/airflow/.local/lib/python3.8/site-packages/airflow/example_dags/example_complex.py
[2024-04-02T08:22:55.761+0000] {processor.py:840} INFO - DAG(s) 'example_complex' retrieved from /home/airflow/.local/lib/python3.8/site-packages/airflow/example_dags/example_complex.py
[2024-04-02T08:22:55.812+0000] {logging_mixin.py:188} INFO - [2024-04-02T08:22:55.812+0000] {dag.py:3047} INFO - Sync 1 DAGs
[2024-04-02T08:22:55.834+0000] {logging_mixin.py:188} INFO - [2024-04-02T08:22:55.834+0000] {dag.py:3834} INFO - Setting next_dagrun for example_complex to None, run_after=None
[2024-04-02T08:22:55.876+0000] {processor.py:183} INFO - Processing /home/airflow/.local/lib/python3.8/site-packages/airflow/example_dags/example_complex.py took 0.147 seconds
[2024-04-02T08:23:26.336+0000] {processor.py:161} INFO - Started process (PID=781) to work on /home/airflow/.local/lib/python3.8/site-packages/airflow/example_dags/example_complex.py
[2024-04-02T08:23:26.338+0000] {processor.py:830} INFO - Processing file /home/airflow/.local/lib/python3.8/site-packages/airflow/example_dags/example_complex.py for tasks to queue
[2024-04-02T08:23:26.342+0000] {logging_mixin.py:188} INFO - [2024-04-02T08:23:26.341+0000] {dagbag.py:540} INFO - Filling up the DagBag from /home/airflow/.local/lib/python3.8/site-packages/airflow/example_dags/example_complex.py
[2024-04-02T08:23:26.361+0000] {processor.py:840} INFO - DAG(s) 'example_complex' retrieved from /home/airflow/.local/lib/python3.8/site-packages/airflow/example_dags/example_complex.py
[2024-04-02T08:23:26.420+0000] {logging_mixin.py:188} INFO - [2024-04-02T08:23:26.420+0000] {dag.py:3047} INFO - Sync 1 DAGs
[2024-04-02T08:23:26.442+0000] {logging_mixin.py:188} INFO - [2024-04-02T08:23:26.442+0000] {dag.py:3834} INFO - Setting next_dagrun for example_complex to None, run_after=None
[2024-04-02T08:23:26.483+0000] {processor.py:183} INFO - Processing /home/airflow/.local/lib/python3.8/site-packages/airflow/example_dags/example_complex.py took 0.153 seconds
[2024-04-02T08:23:56.732+0000] {processor.py:161} INFO - Started process (PID=837) to work on /home/airflow/.local/lib/python3.8/site-packages/airflow/example_dags/example_complex.py
[2024-04-02T08:23:56.734+0000] {processor.py:830} INFO - Processing file /home/airflow/.local/lib/python3.8/site-packages/airflow/example_dags/example_complex.py for tasks to queue
[2024-04-02T08:23:56.737+0000] {logging_mixin.py:188} INFO - [2024-04-02T08:23:56.737+0000] {dagbag.py:540} INFO - Filling up the DagBag from /home/airflow/.local/lib/python3.8/site-packages/airflow/example_dags/example_complex.py
[2024-04-02T08:23:56.759+0000] {processor.py:840} INFO - DAG(s) 'example_complex' retrieved from /home/airflow/.local/lib/python3.8/site-packages/airflow/example_dags/example_complex.py
[2024-04-02T08:23:56.833+0000] {logging_mixin.py:188} INFO - [2024-04-02T08:23:56.832+0000] {dag.py:3047} INFO - Sync 1 DAGs
[2024-04-02T08:23:56.858+0000] {logging_mixin.py:188} INFO - [2024-04-02T08:23:56.858+0000] {dag.py:3834} INFO - Setting next_dagrun for example_complex to None, run_after=None
[2024-04-02T08:23:56.907+0000] {processor.py:183} INFO - Processing /home/airflow/.local/lib/python3.8/site-packages/airflow/example_dags/example_complex.py took 0.180 seconds
[2024-04-02T08:24:27.282+0000] {processor.py:161} INFO - Started process (PID=893) to work on /home/airflow/.local/lib/python3.8/site-packages/airflow/example_dags/example_complex.py
[2024-04-02T08:24:27.283+0000] {processor.py:830} INFO - Processing file /home/airflow/.local/lib/python3.8/site-packages/airflow/example_dags/example_complex.py for tasks to queue
[2024-04-02T08:24:27.290+0000] {logging_mixin.py:188} INFO - [2024-04-02T08:24:27.288+0000] {dagbag.py:540} INFO - Filling up the DagBag from /home/airflow/.local/lib/python3.8/site-packages/airflow/example_dags/example_complex.py
[2024-04-02T08:24:27.312+0000] {processor.py:840} INFO - DAG(s) 'example_complex' retrieved from /home/airflow/.local/lib/python3.8/site-packages/airflow/example_dags/example_complex.py
[2024-04-02T08:24:27.371+0000] {logging_mixin.py:188} INFO - [2024-04-02T08:24:27.370+0000] {dag.py:3047} INFO - Sync 1 DAGs
[2024-04-02T08:24:27.392+0000] {logging_mixin.py:188} INFO - [2024-04-02T08:24:27.392+0000] {dag.py:3834} INFO - Setting next_dagrun for example_complex to None, run_after=None
[2024-04-02T08:24:27.434+0000] {processor.py:183} INFO - Processing /home/airflow/.local/lib/python3.8/site-packages/airflow/example_dags/example_complex.py took 0.156 seconds
[2024-04-02T08:24:57.502+0000] {processor.py:161} INFO - Started process (PID=949) to work on /home/airflow/.local/lib/python3.8/site-packages/airflow/example_dags/example_complex.py
[2024-04-02T08:24:57.503+0000] {processor.py:830} INFO - Processing file /home/airflow/.local/lib/python3.8/site-packages/airflow/example_dags/example_complex.py for tasks to queue
[2024-04-02T08:24:57.506+0000] {logging_mixin.py:188} INFO - [2024-04-02T08:24:57.506+0000] {dagbag.py:540} INFO - Filling up the DagBag from /home/airflow/.local/lib/python3.8/site-packages/airflow/example_dags/example_complex.py
[2024-04-02T08:24:57.525+0000] {processor.py:840} INFO - DAG(s) 'example_complex' retrieved from /home/airflow/.local/lib/python3.8/site-packages/airflow/example_dags/example_complex.py
[2024-04-02T08:24:57.577+0000] {logging_mixin.py:188} INFO - [2024-04-02T08:24:57.577+0000] {dag.py:3047} INFO - Sync 1 DAGs
[2024-04-02T08:24:57.598+0000] {logging_mixin.py:188} INFO - [2024-04-02T08:24:57.597+0000] {dag.py:3834} INFO - Setting next_dagrun for example_complex to None, run_after=None
[2024-04-02T08:24:57.635+0000] {processor.py:183} INFO - Processing /home/airflow/.local/lib/python3.8/site-packages/airflow/example_dags/example_complex.py took 0.139 seconds
[2024-04-02T08:25:27.935+0000] {processor.py:161} INFO - Started process (PID=1005) to work on /home/airflow/.local/lib/python3.8/site-packages/airflow/example_dags/example_complex.py
[2024-04-02T08:25:27.937+0000] {processor.py:830} INFO - Processing file /home/airflow/.local/lib/python3.8/site-packages/airflow/example_dags/example_complex.py for tasks to queue
[2024-04-02T08:25:27.942+0000] {logging_mixin.py:188} INFO - [2024-04-02T08:25:27.942+0000] {dagbag.py:540} INFO - Filling up the DagBag from /home/airflow/.local/lib/python3.8/site-packages/airflow/example_dags/example_complex.py
[2024-04-02T08:25:27.990+0000] {processor.py:840} INFO - DAG(s) 'example_complex' retrieved from /home/airflow/.local/lib/python3.8/site-packages/airflow/example_dags/example_complex.py
[2024-04-02T08:25:28.070+0000] {logging_mixin.py:188} INFO - [2024-04-02T08:25:28.070+0000] {dag.py:3047} INFO - Sync 1 DAGs
[2024-04-02T08:25:28.101+0000] {logging_mixin.py:188} INFO - [2024-04-02T08:25:28.101+0000] {dag.py:3834} INFO - Setting next_dagrun for example_complex to None, run_after=None
[2024-04-02T08:25:28.148+0000] {processor.py:183} INFO - Processing /home/airflow/.local/lib/python3.8/site-packages/airflow/example_dags/example_complex.py took 0.220 seconds
[2024-04-02T08:25:58.256+0000] {processor.py:161} INFO - Started process (PID=1061) to work on /home/airflow/.local/lib/python3.8/site-packages/airflow/example_dags/example_complex.py
[2024-04-02T08:25:58.258+0000] {processor.py:830} INFO - Processing file /home/airflow/.local/lib/python3.8/site-packages/airflow/example_dags/example_complex.py for tasks to queue
[2024-04-02T08:25:58.261+0000] {logging_mixin.py:188} INFO - [2024-04-02T08:25:58.260+0000] {dagbag.py:540} INFO - Filling up the DagBag from /home/airflow/.local/lib/python3.8/site-packages/airflow/example_dags/example_complex.py
[2024-04-02T08:25:58.286+0000] {processor.py:840} INFO - DAG(s) 'example_complex' retrieved from /home/airflow/.local/lib/python3.8/site-packages/airflow/example_dags/example_complex.py
[2024-04-02T08:25:58.334+0000] {logging_mixin.py:188} INFO - [2024-04-02T08:25:58.334+0000] {dag.py:3047} INFO - Sync 1 DAGs
[2024-04-02T08:25:58.357+0000] {logging_mixin.py:188} INFO - [2024-04-02T08:25:58.356+0000] {dag.py:3834} INFO - Setting next_dagrun for example_complex to None, run_after=None
[2024-04-02T08:25:58.395+0000] {processor.py:183} INFO - Processing /home/airflow/.local/lib/python3.8/site-packages/airflow/example_dags/example_complex.py took 0.145 seconds
[2024-04-02T08:26:28.447+0000] {processor.py:161} INFO - Started process (PID=1114) to work on /home/airflow/.local/lib/python3.8/site-packages/airflow/example_dags/example_complex.py
[2024-04-02T08:26:28.449+0000] {processor.py:830} INFO - Processing file /home/airflow/.local/lib/python3.8/site-packages/airflow/example_dags/example_complex.py for tasks to queue
[2024-04-02T08:26:28.452+0000] {logging_mixin.py:188} INFO - [2024-04-02T08:26:28.452+0000] {dagbag.py:540} INFO - Filling up the DagBag from /home/airflow/.local/lib/python3.8/site-packages/airflow/example_dags/example_complex.py
[2024-04-02T08:26:28.469+0000] {processor.py:840} INFO - DAG(s) 'example_complex' retrieved from /home/airflow/.local/lib/python3.8/site-packages/airflow/example_dags/example_complex.py
[2024-04-02T08:26:28.520+0000] {logging_mixin.py:188} INFO - [2024-04-02T08:26:28.520+0000] {dag.py:3047} INFO - Sync 1 DAGs
[2024-04-02T08:26:28.542+0000] {logging_mixin.py:188} INFO - [2024-04-02T08:26:28.542+0000] {dag.py:3834} INFO - Setting next_dagrun for example_complex to None, run_after=None
[2024-04-02T08:26:28.579+0000] {processor.py:183} INFO - Processing /home/airflow/.local/lib/python3.8/site-packages/airflow/example_dags/example_complex.py took 0.138 seconds
[2024-04-02T08:26:59.386+0000] {processor.py:161} INFO - Started process (PID=1170) to work on /home/airflow/.local/lib/python3.8/site-packages/airflow/example_dags/example_complex.py
[2024-04-02T08:26:59.387+0000] {processor.py:830} INFO - Processing file /home/airflow/.local/lib/python3.8/site-packages/airflow/example_dags/example_complex.py for tasks to queue
[2024-04-02T08:26:59.390+0000] {logging_mixin.py:188} INFO - [2024-04-02T08:26:59.389+0000] {dagbag.py:540} INFO - Filling up the DagBag from /home/airflow/.local/lib/python3.8/site-packages/airflow/example_dags/example_complex.py
[2024-04-02T08:26:59.411+0000] {processor.py:840} INFO - DAG(s) 'example_complex' retrieved from /home/airflow/.local/lib/python3.8/site-packages/airflow/example_dags/example_complex.py
[2024-04-02T08:26:59.462+0000] {logging_mixin.py:188} INFO - [2024-04-02T08:26:59.462+0000] {dag.py:3047} INFO - Sync 1 DAGs
[2024-04-02T08:26:59.489+0000] {logging_mixin.py:188} INFO - [2024-04-02T08:26:59.488+0000] {dag.py:3834} INFO - Setting next_dagrun for example_complex to None, run_after=None
[2024-04-02T08:26:59.533+0000] {processor.py:183} INFO - Processing /home/airflow/.local/lib/python3.8/site-packages/airflow/example_dags/example_complex.py took 0.153 seconds
[2024-04-02T08:27:29.746+0000] {processor.py:161} INFO - Started process (PID=1226) to work on /home/airflow/.local/lib/python3.8/site-packages/airflow/example_dags/example_complex.py
[2024-04-02T08:27:29.748+0000] {processor.py:830} INFO - Processing file /home/airflow/.local/lib/python3.8/site-packages/airflow/example_dags/example_complex.py for tasks to queue
[2024-04-02T08:27:29.751+0000] {logging_mixin.py:188} INFO - [2024-04-02T08:27:29.750+0000] {dagbag.py:540} INFO - Filling up the DagBag from /home/airflow/.local/lib/python3.8/site-packages/airflow/example_dags/example_complex.py
[2024-04-02T08:27:29.769+0000] {processor.py:840} INFO - DAG(s) 'example_complex' retrieved from /home/airflow/.local/lib/python3.8/site-packages/airflow/example_dags/example_complex.py
[2024-04-02T08:27:29.826+0000] {logging_mixin.py:188} INFO - [2024-04-02T08:27:29.825+0000] {dag.py:3047} INFO - Sync 1 DAGs
[2024-04-02T08:27:29.846+0000] {logging_mixin.py:188} INFO - [2024-04-02T08:27:29.846+0000] {dag.py:3834} INFO - Setting next_dagrun for example_complex to None, run_after=None
[2024-04-02T08:27:29.889+0000] {processor.py:183} INFO - Processing /home/airflow/.local/lib/python3.8/site-packages/airflow/example_dags/example_complex.py took 0.147 seconds
[2024-04-02T08:28:00.032+0000] {processor.py:161} INFO - Started process (PID=1282) to work on /home/airflow/.local/lib/python3.8/site-packages/airflow/example_dags/example_complex.py
[2024-04-02T08:28:00.034+0000] {processor.py:830} INFO - Processing file /home/airflow/.local/lib/python3.8/site-packages/airflow/example_dags/example_complex.py for tasks to queue
[2024-04-02T08:28:00.037+0000] {logging_mixin.py:188} INFO - [2024-04-02T08:28:00.036+0000] {dagbag.py:540} INFO - Filling up the DagBag from /home/airflow/.local/lib/python3.8/site-packages/airflow/example_dags/example_complex.py
[2024-04-02T08:28:00.058+0000] {processor.py:840} INFO - DAG(s) 'example_complex' retrieved from /home/airflow/.local/lib/python3.8/site-packages/airflow/example_dags/example_complex.py
[2024-04-02T08:28:00.113+0000] {logging_mixin.py:188} INFO - [2024-04-02T08:28:00.113+0000] {dag.py:3047} INFO - Sync 1 DAGs
[2024-04-02T08:28:00.137+0000] {logging_mixin.py:188} INFO - [2024-04-02T08:28:00.137+0000] {dag.py:3834} INFO - Setting next_dagrun for example_complex to None, run_after=None
[2024-04-02T08:28:00.173+0000] {processor.py:183} INFO - Processing /home/airflow/.local/lib/python3.8/site-packages/airflow/example_dags/example_complex.py took 0.145 seconds
[2024-04-02T08:28:30.573+0000] {processor.py:161} INFO - Started process (PID=1338) to work on /home/airflow/.local/lib/python3.8/site-packages/airflow/example_dags/example_complex.py
[2024-04-02T08:28:30.575+0000] {processor.py:830} INFO - Processing file /home/airflow/.local/lib/python3.8/site-packages/airflow/example_dags/example_complex.py for tasks to queue
[2024-04-02T08:28:30.578+0000] {logging_mixin.py:188} INFO - [2024-04-02T08:28:30.577+0000] {dagbag.py:540} INFO - Filling up the DagBag from /home/airflow/.local/lib/python3.8/site-packages/airflow/example_dags/example_complex.py
[2024-04-02T08:28:30.600+0000] {processor.py:840} INFO - DAG(s) 'example_complex' retrieved from /home/airflow/.local/lib/python3.8/site-packages/airflow/example_dags/example_complex.py
[2024-04-02T08:28:30.666+0000] {logging_mixin.py:188} INFO - [2024-04-02T08:28:30.665+0000] {dag.py:3047} INFO - Sync 1 DAGs
[2024-04-02T08:28:30.685+0000] {logging_mixin.py:188} INFO - [2024-04-02T08:28:30.685+0000] {dag.py:3834} INFO - Setting next_dagrun for example_complex to None, run_after=None
[2024-04-02T08:28:30.727+0000] {processor.py:183} INFO - Processing /home/airflow/.local/lib/python3.8/site-packages/airflow/example_dags/example_complex.py took 0.159 seconds
[2024-04-02T08:29:01.147+0000] {processor.py:161} INFO - Started process (PID=1394) to work on /home/airflow/.local/lib/python3.8/site-packages/airflow/example_dags/example_complex.py
[2024-04-02T08:29:01.148+0000] {processor.py:830} INFO - Processing file /home/airflow/.local/lib/python3.8/site-packages/airflow/example_dags/example_complex.py for tasks to queue
[2024-04-02T08:29:01.151+0000] {logging_mixin.py:188} INFO - [2024-04-02T08:29:01.150+0000] {dagbag.py:540} INFO - Filling up the DagBag from /home/airflow/.local/lib/python3.8/site-packages/airflow/example_dags/example_complex.py
[2024-04-02T08:29:01.168+0000] {processor.py:840} INFO - DAG(s) 'example_complex' retrieved from /home/airflow/.local/lib/python3.8/site-packages/airflow/example_dags/example_complex.py
[2024-04-02T08:29:01.223+0000] {logging_mixin.py:188} INFO - [2024-04-02T08:29:01.222+0000] {dag.py:3047} INFO - Sync 1 DAGs
[2024-04-02T08:29:01.246+0000] {logging_mixin.py:188} INFO - [2024-04-02T08:29:01.246+0000] {dag.py:3834} INFO - Setting next_dagrun for example_complex to None, run_after=None
[2024-04-02T08:29:01.284+0000] {processor.py:183} INFO - Processing /home/airflow/.local/lib/python3.8/site-packages/airflow/example_dags/example_complex.py took 0.143 seconds
[2024-04-02T08:29:32.333+0000] {processor.py:161} INFO - Started process (PID=1450) to work on /home/airflow/.local/lib/python3.8/site-packages/airflow/example_dags/example_complex.py
[2024-04-02T08:29:32.338+0000] {processor.py:830} INFO - Processing file /home/airflow/.local/lib/python3.8/site-packages/airflow/example_dags/example_complex.py for tasks to queue
[2024-04-02T08:29:32.345+0000] {logging_mixin.py:188} INFO - [2024-04-02T08:29:32.344+0000] {dagbag.py:540} INFO - Filling up the DagBag from /home/airflow/.local/lib/python3.8/site-packages/airflow/example_dags/example_complex.py
[2024-04-02T08:29:32.402+0000] {processor.py:840} INFO - DAG(s) 'example_complex' retrieved from /home/airflow/.local/lib/python3.8/site-packages/airflow/example_dags/example_complex.py
[2024-04-02T08:29:32.666+0000] {logging_mixin.py:188} INFO - [2024-04-02T08:29:32.665+0000] {dag.py:3047} INFO - Sync 1 DAGs
[2024-04-02T08:29:32.799+0000] {logging_mixin.py:188} INFO - [2024-04-02T08:29:32.797+0000] {dag.py:3834} INFO - Setting next_dagrun for example_complex to None, run_after=None
[2024-04-02T08:29:32.945+0000] {processor.py:183} INFO - Processing /home/airflow/.local/lib/python3.8/site-packages/airflow/example_dags/example_complex.py took 0.627 seconds
[2024-04-02T08:30:03.128+0000] {processor.py:161} INFO - Started process (PID=1505) to work on /home/airflow/.local/lib/python3.8/site-packages/airflow/example_dags/example_complex.py
[2024-04-02T08:30:03.130+0000] {processor.py:830} INFO - Processing file /home/airflow/.local/lib/python3.8/site-packages/airflow/example_dags/example_complex.py for tasks to queue
[2024-04-02T08:30:03.133+0000] {logging_mixin.py:188} INFO - [2024-04-02T08:30:03.133+0000] {dagbag.py:540} INFO - Filling up the DagBag from /home/airflow/.local/lib/python3.8/site-packages/airflow/example_dags/example_complex.py
[2024-04-02T08:30:03.148+0000] {processor.py:840} INFO - DAG(s) 'example_complex' retrieved from /home/airflow/.local/lib/python3.8/site-packages/airflow/example_dags/example_complex.py
[2024-04-02T08:30:03.191+0000] {logging_mixin.py:188} INFO - [2024-04-02T08:30:03.190+0000] {dag.py:3047} INFO - Sync 1 DAGs
[2024-04-02T08:30:03.208+0000] {logging_mixin.py:188} INFO - [2024-04-02T08:30:03.207+0000] {dag.py:3834} INFO - Setting next_dagrun for example_complex to None, run_after=None
[2024-04-02T08:30:03.240+0000] {processor.py:183} INFO - Processing /home/airflow/.local/lib/python3.8/site-packages/airflow/example_dags/example_complex.py took 0.115 seconds
[2024-04-02T08:30:33.735+0000] {processor.py:161} INFO - Started process (PID=1561) to work on /home/airflow/.local/lib/python3.8/site-packages/airflow/example_dags/example_complex.py
[2024-04-02T08:30:33.736+0000] {processor.py:830} INFO - Processing file /home/airflow/.local/lib/python3.8/site-packages/airflow/example_dags/example_complex.py for tasks to queue
[2024-04-02T08:30:33.742+0000] {logging_mixin.py:188} INFO - [2024-04-02T08:30:33.742+0000] {dagbag.py:540} INFO - Filling up the DagBag from /home/airflow/.local/lib/python3.8/site-packages/airflow/example_dags/example_complex.py
[2024-04-02T08:30:33.760+0000] {processor.py:840} INFO - DAG(s) 'example_complex' retrieved from /home/airflow/.local/lib/python3.8/site-packages/airflow/example_dags/example_complex.py
[2024-04-02T08:30:33.836+0000] {logging_mixin.py:188} INFO - [2024-04-02T08:30:33.835+0000] {dag.py:3047} INFO - Sync 1 DAGs
[2024-04-02T08:30:33.858+0000] {logging_mixin.py:188} INFO - [2024-04-02T08:30:33.858+0000] {dag.py:3834} INFO - Setting next_dagrun for example_complex to None, run_after=None
[2024-04-02T08:30:33.896+0000] {processor.py:183} INFO - Processing /home/airflow/.local/lib/python3.8/site-packages/airflow/example_dags/example_complex.py took 0.164 seconds
[2024-04-02T08:31:04.178+0000] {processor.py:161} INFO - Started process (PID=1617) to work on /home/airflow/.local/lib/python3.8/site-packages/airflow/example_dags/example_complex.py
[2024-04-02T08:31:04.179+0000] {processor.py:830} INFO - Processing file /home/airflow/.local/lib/python3.8/site-packages/airflow/example_dags/example_complex.py for tasks to queue
[2024-04-02T08:31:04.181+0000] {logging_mixin.py:188} INFO - [2024-04-02T08:31:04.181+0000] {dagbag.py:540} INFO - Filling up the DagBag from /home/airflow/.local/lib/python3.8/site-packages/airflow/example_dags/example_complex.py
[2024-04-02T08:31:04.201+0000] {processor.py:840} INFO - DAG(s) 'example_complex' retrieved from /home/airflow/.local/lib/python3.8/site-packages/airflow/example_dags/example_complex.py
[2024-04-02T08:31:04.253+0000] {logging_mixin.py:188} INFO - [2024-04-02T08:31:04.252+0000] {dag.py:3047} INFO - Sync 1 DAGs
[2024-04-02T08:31:04.281+0000] {logging_mixin.py:188} INFO - [2024-04-02T08:31:04.280+0000] {dag.py:3834} INFO - Setting next_dagrun for example_complex to None, run_after=None
[2024-04-02T08:31:04.318+0000] {processor.py:183} INFO - Processing /home/airflow/.local/lib/python3.8/site-packages/airflow/example_dags/example_complex.py took 0.144 seconds
