[2024-04-02T07:45:08.923+0000] {processor.py:161} INFO - Started process (PID=51) to work on /home/airflow/.local/lib/python3.8/site-packages/airflow/example_dags/example_dag_decorator.py
[2024-04-02T07:45:08.931+0000] {processor.py:830} INFO - Processing file /home/airflow/.local/lib/python3.8/site-packages/airflow/example_dags/example_dag_decorator.py for tasks to queue
[2024-04-02T07:45:08.944+0000] {logging_mixin.py:188} INFO - [2024-04-02T07:45:08.943+0000] {dagbag.py:540} INFO - Filling up the DagBag from /home/airflow/.local/lib/python3.8/site-packages/airflow/example_dags/example_dag_decorator.py
[2024-04-02T07:45:10.608+0000] {processor.py:840} INFO - DAG(s) 'example_dag_decorator' retrieved from /home/airflow/.local/lib/python3.8/site-packages/airflow/example_dags/example_dag_decorator.py
[2024-04-02T07:45:11.242+0000] {logging_mixin.py:188} INFO - [2024-04-02T07:45:11.240+0000] {dag.py:3047} INFO - Sync 1 DAGs
[2024-04-02T07:45:11.339+0000] {logging_mixin.py:188} INFO - [2024-04-02T07:45:11.339+0000] {dag.py:3834} INFO - Setting next_dagrun for example_dag_decorator to None, run_after=None
[2024-04-02T07:45:11.438+0000] {processor.py:183} INFO - Processing /home/airflow/.local/lib/python3.8/site-packages/airflow/example_dags/example_dag_decorator.py took 2.521 seconds
[2024-04-02T07:45:41.894+0000] {processor.py:161} INFO - Started process (PID=107) to work on /home/airflow/.local/lib/python3.8/site-packages/airflow/example_dags/example_dag_decorator.py
[2024-04-02T07:45:41.903+0000] {processor.py:830} INFO - Processing file /home/airflow/.local/lib/python3.8/site-packages/airflow/example_dags/example_dag_decorator.py for tasks to queue
[2024-04-02T07:45:41.918+0000] {logging_mixin.py:188} INFO - [2024-04-02T07:45:41.917+0000] {dagbag.py:540} INFO - Filling up the DagBag from /home/airflow/.local/lib/python3.8/site-packages/airflow/example_dags/example_dag_decorator.py
[2024-04-02T07:45:42.226+0000] {processor.py:840} INFO - DAG(s) 'example_dag_decorator' retrieved from /home/airflow/.local/lib/python3.8/site-packages/airflow/example_dags/example_dag_decorator.py
[2024-04-02T07:45:42.468+0000] {logging_mixin.py:188} INFO - [2024-04-02T07:45:42.468+0000] {dag.py:3047} INFO - Sync 1 DAGs
[2024-04-02T07:45:42.508+0000] {logging_mixin.py:188} INFO - [2024-04-02T07:45:42.507+0000] {dag.py:3834} INFO - Setting next_dagrun for example_dag_decorator to None, run_after=None
[2024-04-02T07:45:42.567+0000] {processor.py:183} INFO - Processing /home/airflow/.local/lib/python3.8/site-packages/airflow/example_dags/example_dag_decorator.py took 0.739 seconds
[2024-04-02T07:46:13.279+0000] {processor.py:161} INFO - Started process (PID=164) to work on /home/airflow/.local/lib/python3.8/site-packages/airflow/example_dags/example_dag_decorator.py
[2024-04-02T07:46:13.281+0000] {processor.py:830} INFO - Processing file /home/airflow/.local/lib/python3.8/site-packages/airflow/example_dags/example_dag_decorator.py for tasks to queue
[2024-04-02T07:46:13.284+0000] {logging_mixin.py:188} INFO - [2024-04-02T07:46:13.284+0000] {dagbag.py:540} INFO - Filling up the DagBag from /home/airflow/.local/lib/python3.8/site-packages/airflow/example_dags/example_dag_decorator.py
[2024-04-02T07:46:13.404+0000] {processor.py:840} INFO - DAG(s) 'example_dag_decorator' retrieved from /home/airflow/.local/lib/python3.8/site-packages/airflow/example_dags/example_dag_decorator.py
[2024-04-02T07:46:13.554+0000] {logging_mixin.py:188} INFO - [2024-04-02T07:46:13.554+0000] {dag.py:3047} INFO - Sync 1 DAGs
[2024-04-02T07:46:13.570+0000] {logging_mixin.py:188} INFO - [2024-04-02T07:46:13.569+0000] {dag.py:3834} INFO - Setting next_dagrun for example_dag_decorator to None, run_after=None
[2024-04-02T07:46:13.604+0000] {processor.py:183} INFO - Processing /home/airflow/.local/lib/python3.8/site-packages/airflow/example_dags/example_dag_decorator.py took 0.330 seconds
[2024-04-02T07:46:43.744+0000] {processor.py:161} INFO - Started process (PID=220) to work on /home/airflow/.local/lib/python3.8/site-packages/airflow/example_dags/example_dag_decorator.py
[2024-04-02T07:46:43.745+0000] {processor.py:830} INFO - Processing file /home/airflow/.local/lib/python3.8/site-packages/airflow/example_dags/example_dag_decorator.py for tasks to queue
[2024-04-02T07:46:43.747+0000] {logging_mixin.py:188} INFO - [2024-04-02T07:46:43.747+0000] {dagbag.py:540} INFO - Filling up the DagBag from /home/airflow/.local/lib/python3.8/site-packages/airflow/example_dags/example_dag_decorator.py
[2024-04-02T07:46:43.895+0000] {processor.py:840} INFO - DAG(s) 'example_dag_decorator' retrieved from /home/airflow/.local/lib/python3.8/site-packages/airflow/example_dags/example_dag_decorator.py
[2024-04-02T07:46:44.091+0000] {logging_mixin.py:188} INFO - [2024-04-02T07:46:44.090+0000] {dag.py:3047} INFO - Sync 1 DAGs
[2024-04-02T07:46:44.107+0000] {logging_mixin.py:188} INFO - [2024-04-02T07:46:44.106+0000] {dag.py:3834} INFO - Setting next_dagrun for example_dag_decorator to None, run_after=None
[2024-04-02T07:46:44.139+0000] {processor.py:183} INFO - Processing /home/airflow/.local/lib/python3.8/site-packages/airflow/example_dags/example_dag_decorator.py took 0.399 seconds
[2024-04-02T07:47:14.872+0000] {processor.py:161} INFO - Started process (PID=276) to work on /home/airflow/.local/lib/python3.8/site-packages/airflow/example_dags/example_dag_decorator.py
[2024-04-02T07:47:14.874+0000] {processor.py:830} INFO - Processing file /home/airflow/.local/lib/python3.8/site-packages/airflow/example_dags/example_dag_decorator.py for tasks to queue
[2024-04-02T07:47:14.877+0000] {logging_mixin.py:188} INFO - [2024-04-02T07:47:14.876+0000] {dagbag.py:540} INFO - Filling up the DagBag from /home/airflow/.local/lib/python3.8/site-packages/airflow/example_dags/example_dag_decorator.py
[2024-04-02T07:47:15.032+0000] {processor.py:840} INFO - DAG(s) 'example_dag_decorator' retrieved from /home/airflow/.local/lib/python3.8/site-packages/airflow/example_dags/example_dag_decorator.py
[2024-04-02T07:47:15.216+0000] {logging_mixin.py:188} INFO - [2024-04-02T07:47:15.216+0000] {dag.py:3047} INFO - Sync 1 DAGs
[2024-04-02T07:47:15.236+0000] {logging_mixin.py:188} INFO - [2024-04-02T07:47:15.236+0000] {dag.py:3834} INFO - Setting next_dagrun for example_dag_decorator to None, run_after=None
[2024-04-02T07:47:15.280+0000] {processor.py:183} INFO - Processing /home/airflow/.local/lib/python3.8/site-packages/airflow/example_dags/example_dag_decorator.py took 0.412 seconds
[2024-04-02T07:47:45.911+0000] {processor.py:161} INFO - Started process (PID=332) to work on /home/airflow/.local/lib/python3.8/site-packages/airflow/example_dags/example_dag_decorator.py
[2024-04-02T07:47:45.913+0000] {processor.py:830} INFO - Processing file /home/airflow/.local/lib/python3.8/site-packages/airflow/example_dags/example_dag_decorator.py for tasks to queue
[2024-04-02T07:47:45.916+0000] {logging_mixin.py:188} INFO - [2024-04-02T07:47:45.915+0000] {dagbag.py:540} INFO - Filling up the DagBag from /home/airflow/.local/lib/python3.8/site-packages/airflow/example_dags/example_dag_decorator.py
[2024-04-02T07:47:46.056+0000] {processor.py:840} INFO - DAG(s) 'example_dag_decorator' retrieved from /home/airflow/.local/lib/python3.8/site-packages/airflow/example_dags/example_dag_decorator.py
[2024-04-02T07:47:46.223+0000] {logging_mixin.py:188} INFO - [2024-04-02T07:47:46.222+0000] {dag.py:3047} INFO - Sync 1 DAGs
[2024-04-02T07:47:46.249+0000] {logging_mixin.py:188} INFO - [2024-04-02T07:47:46.249+0000] {dag.py:3834} INFO - Setting next_dagrun for example_dag_decorator to None, run_after=None
[2024-04-02T07:47:46.293+0000] {processor.py:183} INFO - Processing /home/airflow/.local/lib/python3.8/site-packages/airflow/example_dags/example_dag_decorator.py took 0.385 seconds
[2024-04-02T07:48:16.377+0000] {processor.py:161} INFO - Started process (PID=388) to work on /home/airflow/.local/lib/python3.8/site-packages/airflow/example_dags/example_dag_decorator.py
[2024-04-02T07:48:16.390+0000] {processor.py:830} INFO - Processing file /home/airflow/.local/lib/python3.8/site-packages/airflow/example_dags/example_dag_decorator.py for tasks to queue
[2024-04-02T07:48:16.392+0000] {logging_mixin.py:188} INFO - [2024-04-02T07:48:16.392+0000] {dagbag.py:540} INFO - Filling up the DagBag from /home/airflow/.local/lib/python3.8/site-packages/airflow/example_dags/example_dag_decorator.py
[2024-04-02T07:48:16.560+0000] {processor.py:840} INFO - DAG(s) 'example_dag_decorator' retrieved from /home/airflow/.local/lib/python3.8/site-packages/airflow/example_dags/example_dag_decorator.py
[2024-04-02T07:48:16.736+0000] {logging_mixin.py:188} INFO - [2024-04-02T07:48:16.736+0000] {dag.py:3047} INFO - Sync 1 DAGs
[2024-04-02T07:48:16.751+0000] {logging_mixin.py:188} INFO - [2024-04-02T07:48:16.751+0000] {dag.py:3834} INFO - Setting next_dagrun for example_dag_decorator to None, run_after=None
[2024-04-02T07:48:16.790+0000] {processor.py:183} INFO - Processing /home/airflow/.local/lib/python3.8/site-packages/airflow/example_dags/example_dag_decorator.py took 0.417 seconds
[2024-04-02T07:48:46.898+0000] {processor.py:161} INFO - Started process (PID=444) to work on /home/airflow/.local/lib/python3.8/site-packages/airflow/example_dags/example_dag_decorator.py
[2024-04-02T07:48:46.946+0000] {processor.py:830} INFO - Processing file /home/airflow/.local/lib/python3.8/site-packages/airflow/example_dags/example_dag_decorator.py for tasks to queue
[2024-04-02T07:48:46.949+0000] {logging_mixin.py:188} INFO - [2024-04-02T07:48:46.949+0000] {dagbag.py:540} INFO - Filling up the DagBag from /home/airflow/.local/lib/python3.8/site-packages/airflow/example_dags/example_dag_decorator.py
[2024-04-02T07:48:47.197+0000] {processor.py:840} INFO - DAG(s) 'example_dag_decorator' retrieved from /home/airflow/.local/lib/python3.8/site-packages/airflow/example_dags/example_dag_decorator.py
[2024-04-02T07:48:47.267+0000] {logging_mixin.py:188} INFO - [2024-04-02T07:48:47.267+0000] {dag.py:3047} INFO - Sync 1 DAGs
[2024-04-02T07:48:47.292+0000] {logging_mixin.py:188} INFO - [2024-04-02T07:48:47.292+0000] {dag.py:3834} INFO - Setting next_dagrun for example_dag_decorator to None, run_after=None
[2024-04-02T07:48:47.345+0000] {processor.py:183} INFO - Processing /home/airflow/.local/lib/python3.8/site-packages/airflow/example_dags/example_dag_decorator.py took 0.453 seconds
[2024-04-02T07:49:17.802+0000] {processor.py:161} INFO - Started process (PID=500) to work on /home/airflow/.local/lib/python3.8/site-packages/airflow/example_dags/example_dag_decorator.py
[2024-04-02T07:49:17.804+0000] {processor.py:830} INFO - Processing file /home/airflow/.local/lib/python3.8/site-packages/airflow/example_dags/example_dag_decorator.py for tasks to queue
[2024-04-02T07:49:17.807+0000] {logging_mixin.py:188} INFO - [2024-04-02T07:49:17.806+0000] {dagbag.py:540} INFO - Filling up the DagBag from /home/airflow/.local/lib/python3.8/site-packages/airflow/example_dags/example_dag_decorator.py
[2024-04-02T07:49:17.989+0000] {processor.py:840} INFO - DAG(s) 'example_dag_decorator' retrieved from /home/airflow/.local/lib/python3.8/site-packages/airflow/example_dags/example_dag_decorator.py
[2024-04-02T07:49:18.050+0000] {logging_mixin.py:188} INFO - [2024-04-02T07:49:18.050+0000] {dag.py:3047} INFO - Sync 1 DAGs
[2024-04-02T07:49:18.077+0000] {logging_mixin.py:188} INFO - [2024-04-02T07:49:18.077+0000] {dag.py:3834} INFO - Setting next_dagrun for example_dag_decorator to None, run_after=None
[2024-04-02T07:49:18.118+0000] {processor.py:183} INFO - Processing /home/airflow/.local/lib/python3.8/site-packages/airflow/example_dags/example_dag_decorator.py took 0.321 seconds
[2024-04-02T07:49:48.895+0000] {processor.py:161} INFO - Started process (PID=556) to work on /home/airflow/.local/lib/python3.8/site-packages/airflow/example_dags/example_dag_decorator.py
[2024-04-02T07:49:48.896+0000] {processor.py:830} INFO - Processing file /home/airflow/.local/lib/python3.8/site-packages/airflow/example_dags/example_dag_decorator.py for tasks to queue
[2024-04-02T07:49:48.899+0000] {logging_mixin.py:188} INFO - [2024-04-02T07:49:48.898+0000] {dagbag.py:540} INFO - Filling up the DagBag from /home/airflow/.local/lib/python3.8/site-packages/airflow/example_dags/example_dag_decorator.py
[2024-04-02T07:49:49.040+0000] {processor.py:840} INFO - DAG(s) 'example_dag_decorator' retrieved from /home/airflow/.local/lib/python3.8/site-packages/airflow/example_dags/example_dag_decorator.py
[2024-04-02T07:49:49.200+0000] {logging_mixin.py:188} INFO - [2024-04-02T07:49:49.199+0000] {dag.py:3047} INFO - Sync 1 DAGs
[2024-04-02T07:49:49.217+0000] {logging_mixin.py:188} INFO - [2024-04-02T07:49:49.216+0000] {dag.py:3834} INFO - Setting next_dagrun for example_dag_decorator to None, run_after=None
[2024-04-02T07:49:49.251+0000] {processor.py:183} INFO - Processing /home/airflow/.local/lib/python3.8/site-packages/airflow/example_dags/example_dag_decorator.py took 0.361 seconds
[2024-04-02T07:50:19.317+0000] {processor.py:161} INFO - Started process (PID=612) to work on /home/airflow/.local/lib/python3.8/site-packages/airflow/example_dags/example_dag_decorator.py
[2024-04-02T07:50:19.318+0000] {processor.py:830} INFO - Processing file /home/airflow/.local/lib/python3.8/site-packages/airflow/example_dags/example_dag_decorator.py for tasks to queue
[2024-04-02T07:50:19.321+0000] {logging_mixin.py:188} INFO - [2024-04-02T07:50:19.321+0000] {dagbag.py:540} INFO - Filling up the DagBag from /home/airflow/.local/lib/python3.8/site-packages/airflow/example_dags/example_dag_decorator.py
[2024-04-02T07:50:19.470+0000] {processor.py:840} INFO - DAG(s) 'example_dag_decorator' retrieved from /home/airflow/.local/lib/python3.8/site-packages/airflow/example_dags/example_dag_decorator.py
[2024-04-02T07:50:19.653+0000] {logging_mixin.py:188} INFO - [2024-04-02T07:50:19.652+0000] {dag.py:3047} INFO - Sync 1 DAGs
[2024-04-02T07:50:19.671+0000] {logging_mixin.py:188} INFO - [2024-04-02T07:50:19.670+0000] {dag.py:3834} INFO - Setting next_dagrun for example_dag_decorator to None, run_after=None
[2024-04-02T07:50:19.707+0000] {processor.py:183} INFO - Processing /home/airflow/.local/lib/python3.8/site-packages/airflow/example_dags/example_dag_decorator.py took 0.394 seconds
[2024-04-02T07:50:49.940+0000] {processor.py:161} INFO - Started process (PID=668) to work on /home/airflow/.local/lib/python3.8/site-packages/airflow/example_dags/example_dag_decorator.py
[2024-04-02T07:50:49.941+0000] {processor.py:830} INFO - Processing file /home/airflow/.local/lib/python3.8/site-packages/airflow/example_dags/example_dag_decorator.py for tasks to queue
[2024-04-02T07:50:49.944+0000] {logging_mixin.py:188} INFO - [2024-04-02T07:50:49.943+0000] {dagbag.py:540} INFO - Filling up the DagBag from /home/airflow/.local/lib/python3.8/site-packages/airflow/example_dags/example_dag_decorator.py
[2024-04-02T07:50:50.079+0000] {processor.py:840} INFO - DAG(s) 'example_dag_decorator' retrieved from /home/airflow/.local/lib/python3.8/site-packages/airflow/example_dags/example_dag_decorator.py
[2024-04-02T07:50:50.238+0000] {logging_mixin.py:188} INFO - [2024-04-02T07:50:50.238+0000] {dag.py:3047} INFO - Sync 1 DAGs
[2024-04-02T07:50:50.256+0000] {logging_mixin.py:188} INFO - [2024-04-02T07:50:50.255+0000] {dag.py:3834} INFO - Setting next_dagrun for example_dag_decorator to None, run_after=None
[2024-04-02T07:50:50.291+0000] {processor.py:183} INFO - Processing /home/airflow/.local/lib/python3.8/site-packages/airflow/example_dags/example_dag_decorator.py took 0.354 seconds
[2024-04-02T07:51:20.537+0000] {processor.py:161} INFO - Started process (PID=724) to work on /home/airflow/.local/lib/python3.8/site-packages/airflow/example_dags/example_dag_decorator.py
[2024-04-02T07:51:20.539+0000] {processor.py:830} INFO - Processing file /home/airflow/.local/lib/python3.8/site-packages/airflow/example_dags/example_dag_decorator.py for tasks to queue
[2024-04-02T07:51:20.541+0000] {logging_mixin.py:188} INFO - [2024-04-02T07:51:20.541+0000] {dagbag.py:540} INFO - Filling up the DagBag from /home/airflow/.local/lib/python3.8/site-packages/airflow/example_dags/example_dag_decorator.py
[2024-04-02T07:51:20.684+0000] {processor.py:840} INFO - DAG(s) 'example_dag_decorator' retrieved from /home/airflow/.local/lib/python3.8/site-packages/airflow/example_dags/example_dag_decorator.py
[2024-04-02T07:51:20.826+0000] {logging_mixin.py:188} INFO - [2024-04-02T07:51:20.826+0000] {dag.py:3047} INFO - Sync 1 DAGs
[2024-04-02T07:51:20.841+0000] {logging_mixin.py:188} INFO - [2024-04-02T07:51:20.841+0000] {dag.py:3834} INFO - Setting next_dagrun for example_dag_decorator to None, run_after=None
[2024-04-02T07:51:20.874+0000] {processor.py:183} INFO - Processing /home/airflow/.local/lib/python3.8/site-packages/airflow/example_dags/example_dag_decorator.py took 0.340 seconds
[2024-04-02T07:51:51.083+0000] {processor.py:161} INFO - Started process (PID=780) to work on /home/airflow/.local/lib/python3.8/site-packages/airflow/example_dags/example_dag_decorator.py
[2024-04-02T07:51:51.085+0000] {processor.py:830} INFO - Processing file /home/airflow/.local/lib/python3.8/site-packages/airflow/example_dags/example_dag_decorator.py for tasks to queue
[2024-04-02T07:51:51.089+0000] {logging_mixin.py:188} INFO - [2024-04-02T07:51:51.088+0000] {dagbag.py:540} INFO - Filling up the DagBag from /home/airflow/.local/lib/python3.8/site-packages/airflow/example_dags/example_dag_decorator.py
[2024-04-02T07:51:51.325+0000] {processor.py:840} INFO - DAG(s) 'example_dag_decorator' retrieved from /home/airflow/.local/lib/python3.8/site-packages/airflow/example_dags/example_dag_decorator.py
[2024-04-02T07:51:51.593+0000] {logging_mixin.py:188} INFO - [2024-04-02T07:51:51.593+0000] {dag.py:3047} INFO - Sync 1 DAGs
[2024-04-02T07:51:51.620+0000] {logging_mixin.py:188} INFO - [2024-04-02T07:51:51.619+0000] {dag.py:3834} INFO - Setting next_dagrun for example_dag_decorator to None, run_after=None
[2024-04-02T07:51:51.664+0000] {processor.py:183} INFO - Processing /home/airflow/.local/lib/python3.8/site-packages/airflow/example_dags/example_dag_decorator.py took 0.586 seconds
[2024-04-02T07:52:22.209+0000] {processor.py:161} INFO - Started process (PID=834) to work on /home/airflow/.local/lib/python3.8/site-packages/airflow/example_dags/example_dag_decorator.py
[2024-04-02T07:52:22.211+0000] {processor.py:830} INFO - Processing file /home/airflow/.local/lib/python3.8/site-packages/airflow/example_dags/example_dag_decorator.py for tasks to queue
[2024-04-02T07:52:22.214+0000] {logging_mixin.py:188} INFO - [2024-04-02T07:52:22.214+0000] {dagbag.py:540} INFO - Filling up the DagBag from /home/airflow/.local/lib/python3.8/site-packages/airflow/example_dags/example_dag_decorator.py
[2024-04-02T07:52:22.365+0000] {processor.py:840} INFO - DAG(s) 'example_dag_decorator' retrieved from /home/airflow/.local/lib/python3.8/site-packages/airflow/example_dags/example_dag_decorator.py
[2024-04-02T07:52:22.522+0000] {logging_mixin.py:188} INFO - [2024-04-02T07:52:22.522+0000] {dag.py:3047} INFO - Sync 1 DAGs
[2024-04-02T07:52:22.539+0000] {logging_mixin.py:188} INFO - [2024-04-02T07:52:22.538+0000] {dag.py:3834} INFO - Setting next_dagrun for example_dag_decorator to None, run_after=None
[2024-04-02T07:52:22.590+0000] {processor.py:183} INFO - Processing /home/airflow/.local/lib/python3.8/site-packages/airflow/example_dags/example_dag_decorator.py took 0.385 seconds
[2024-04-02T07:52:52.656+0000] {processor.py:161} INFO - Started process (PID=890) to work on /home/airflow/.local/lib/python3.8/site-packages/airflow/example_dags/example_dag_decorator.py
[2024-04-02T07:52:52.659+0000] {processor.py:830} INFO - Processing file /home/airflow/.local/lib/python3.8/site-packages/airflow/example_dags/example_dag_decorator.py for tasks to queue
[2024-04-02T07:52:52.661+0000] {logging_mixin.py:188} INFO - [2024-04-02T07:52:52.661+0000] {dagbag.py:540} INFO - Filling up the DagBag from /home/airflow/.local/lib/python3.8/site-packages/airflow/example_dags/example_dag_decorator.py
[2024-04-02T07:52:52.940+0000] {processor.py:840} INFO - DAG(s) 'example_dag_decorator' retrieved from /home/airflow/.local/lib/python3.8/site-packages/airflow/example_dags/example_dag_decorator.py
[2024-04-02T07:52:53.134+0000] {logging_mixin.py:188} INFO - [2024-04-02T07:52:53.134+0000] {dag.py:3047} INFO - Sync 1 DAGs
[2024-04-02T07:52:53.148+0000] {logging_mixin.py:188} INFO - [2024-04-02T07:52:53.148+0000] {dag.py:3834} INFO - Setting next_dagrun for example_dag_decorator to None, run_after=None
[2024-04-02T07:52:53.189+0000] {processor.py:183} INFO - Processing /home/airflow/.local/lib/python3.8/site-packages/airflow/example_dags/example_dag_decorator.py took 0.538 seconds
[2024-04-02T07:53:24.108+0000] {processor.py:161} INFO - Started process (PID=946) to work on /home/airflow/.local/lib/python3.8/site-packages/airflow/example_dags/example_dag_decorator.py
[2024-04-02T07:53:24.109+0000] {processor.py:830} INFO - Processing file /home/airflow/.local/lib/python3.8/site-packages/airflow/example_dags/example_dag_decorator.py for tasks to queue
[2024-04-02T07:53:24.112+0000] {logging_mixin.py:188} INFO - [2024-04-02T07:53:24.111+0000] {dagbag.py:540} INFO - Filling up the DagBag from /home/airflow/.local/lib/python3.8/site-packages/airflow/example_dags/example_dag_decorator.py
[2024-04-02T07:53:24.313+0000] {processor.py:840} INFO - DAG(s) 'example_dag_decorator' retrieved from /home/airflow/.local/lib/python3.8/site-packages/airflow/example_dags/example_dag_decorator.py
[2024-04-02T07:53:24.533+0000] {logging_mixin.py:188} INFO - [2024-04-02T07:53:24.532+0000] {dag.py:3047} INFO - Sync 1 DAGs
[2024-04-02T07:53:24.552+0000] {logging_mixin.py:188} INFO - [2024-04-02T07:53:24.552+0000] {dag.py:3834} INFO - Setting next_dagrun for example_dag_decorator to None, run_after=None
[2024-04-02T07:53:24.596+0000] {processor.py:183} INFO - Processing /home/airflow/.local/lib/python3.8/site-packages/airflow/example_dags/example_dag_decorator.py took 0.493 seconds
[2024-04-02T07:53:54.740+0000] {processor.py:161} INFO - Started process (PID=1002) to work on /home/airflow/.local/lib/python3.8/site-packages/airflow/example_dags/example_dag_decorator.py
[2024-04-02T07:53:54.742+0000] {processor.py:830} INFO - Processing file /home/airflow/.local/lib/python3.8/site-packages/airflow/example_dags/example_dag_decorator.py for tasks to queue
[2024-04-02T07:53:54.744+0000] {logging_mixin.py:188} INFO - [2024-04-02T07:53:54.744+0000] {dagbag.py:540} INFO - Filling up the DagBag from /home/airflow/.local/lib/python3.8/site-packages/airflow/example_dags/example_dag_decorator.py
[2024-04-02T07:53:54.888+0000] {processor.py:840} INFO - DAG(s) 'example_dag_decorator' retrieved from /home/airflow/.local/lib/python3.8/site-packages/airflow/example_dags/example_dag_decorator.py
[2024-04-02T07:53:55.066+0000] {logging_mixin.py:188} INFO - [2024-04-02T07:53:55.063+0000] {dag.py:3047} INFO - Sync 1 DAGs
[2024-04-02T07:53:55.096+0000] {logging_mixin.py:188} INFO - [2024-04-02T07:53:55.095+0000] {dag.py:3834} INFO - Setting next_dagrun for example_dag_decorator to None, run_after=None
[2024-04-02T07:53:55.143+0000] {processor.py:183} INFO - Processing /home/airflow/.local/lib/python3.8/site-packages/airflow/example_dags/example_dag_decorator.py took 0.407 seconds
[2024-04-02T07:54:25.697+0000] {processor.py:161} INFO - Started process (PID=1058) to work on /home/airflow/.local/lib/python3.8/site-packages/airflow/example_dags/example_dag_decorator.py
[2024-04-02T07:54:25.699+0000] {processor.py:830} INFO - Processing file /home/airflow/.local/lib/python3.8/site-packages/airflow/example_dags/example_dag_decorator.py for tasks to queue
[2024-04-02T07:54:25.702+0000] {logging_mixin.py:188} INFO - [2024-04-02T07:54:25.701+0000] {dagbag.py:540} INFO - Filling up the DagBag from /home/airflow/.local/lib/python3.8/site-packages/airflow/example_dags/example_dag_decorator.py
[2024-04-02T07:54:25.874+0000] {processor.py:840} INFO - DAG(s) 'example_dag_decorator' retrieved from /home/airflow/.local/lib/python3.8/site-packages/airflow/example_dags/example_dag_decorator.py
[2024-04-02T07:54:26.092+0000] {logging_mixin.py:188} INFO - [2024-04-02T07:54:26.092+0000] {dag.py:3047} INFO - Sync 1 DAGs
[2024-04-02T07:54:26.122+0000] {logging_mixin.py:188} INFO - [2024-04-02T07:54:26.122+0000] {dag.py:3834} INFO - Setting next_dagrun for example_dag_decorator to None, run_after=None
[2024-04-02T07:54:26.177+0000] {processor.py:183} INFO - Processing /home/airflow/.local/lib/python3.8/site-packages/airflow/example_dags/example_dag_decorator.py took 0.485 seconds
[2024-04-02T07:54:56.389+0000] {processor.py:161} INFO - Started process (PID=1116) to work on /home/airflow/.local/lib/python3.8/site-packages/airflow/example_dags/example_dag_decorator.py
[2024-04-02T07:54:56.390+0000] {processor.py:830} INFO - Processing file /home/airflow/.local/lib/python3.8/site-packages/airflow/example_dags/example_dag_decorator.py for tasks to queue
[2024-04-02T07:54:56.394+0000] {logging_mixin.py:188} INFO - [2024-04-02T07:54:56.393+0000] {dagbag.py:540} INFO - Filling up the DagBag from /home/airflow/.local/lib/python3.8/site-packages/airflow/example_dags/example_dag_decorator.py
[2024-04-02T07:54:56.539+0000] {processor.py:840} INFO - DAG(s) 'example_dag_decorator' retrieved from /home/airflow/.local/lib/python3.8/site-packages/airflow/example_dags/example_dag_decorator.py
[2024-04-02T07:54:56.696+0000] {logging_mixin.py:188} INFO - [2024-04-02T07:54:56.696+0000] {dag.py:3047} INFO - Sync 1 DAGs
[2024-04-02T07:54:56.714+0000] {logging_mixin.py:188} INFO - [2024-04-02T07:54:56.714+0000] {dag.py:3834} INFO - Setting next_dagrun for example_dag_decorator to None, run_after=None
[2024-04-02T07:54:56.755+0000] {processor.py:183} INFO - Processing /home/airflow/.local/lib/python3.8/site-packages/airflow/example_dags/example_dag_decorator.py took 0.370 seconds
[2024-04-02T07:55:26.919+0000] {processor.py:161} INFO - Started process (PID=1170) to work on /home/airflow/.local/lib/python3.8/site-packages/airflow/example_dags/example_dag_decorator.py
[2024-04-02T07:55:26.921+0000] {processor.py:830} INFO - Processing file /home/airflow/.local/lib/python3.8/site-packages/airflow/example_dags/example_dag_decorator.py for tasks to queue
[2024-04-02T07:55:26.924+0000] {logging_mixin.py:188} INFO - [2024-04-02T07:55:26.924+0000] {dagbag.py:540} INFO - Filling up the DagBag from /home/airflow/.local/lib/python3.8/site-packages/airflow/example_dags/example_dag_decorator.py
[2024-04-02T07:55:27.120+0000] {processor.py:840} INFO - DAG(s) 'example_dag_decorator' retrieved from /home/airflow/.local/lib/python3.8/site-packages/airflow/example_dags/example_dag_decorator.py
[2024-04-02T07:55:27.302+0000] {logging_mixin.py:188} INFO - [2024-04-02T07:55:27.301+0000] {dag.py:3047} INFO - Sync 1 DAGs
[2024-04-02T07:55:27.322+0000] {logging_mixin.py:188} INFO - [2024-04-02T07:55:27.321+0000] {dag.py:3834} INFO - Setting next_dagrun for example_dag_decorator to None, run_after=None
[2024-04-02T07:55:27.363+0000] {processor.py:183} INFO - Processing /home/airflow/.local/lib/python3.8/site-packages/airflow/example_dags/example_dag_decorator.py took 0.450 seconds
[2024-04-02T07:55:57.595+0000] {processor.py:161} INFO - Started process (PID=1226) to work on /home/airflow/.local/lib/python3.8/site-packages/airflow/example_dags/example_dag_decorator.py
[2024-04-02T07:55:57.597+0000] {processor.py:830} INFO - Processing file /home/airflow/.local/lib/python3.8/site-packages/airflow/example_dags/example_dag_decorator.py for tasks to queue
[2024-04-02T07:55:57.600+0000] {logging_mixin.py:188} INFO - [2024-04-02T07:55:57.599+0000] {dagbag.py:540} INFO - Filling up the DagBag from /home/airflow/.local/lib/python3.8/site-packages/airflow/example_dags/example_dag_decorator.py
[2024-04-02T07:55:57.780+0000] {processor.py:840} INFO - DAG(s) 'example_dag_decorator' retrieved from /home/airflow/.local/lib/python3.8/site-packages/airflow/example_dags/example_dag_decorator.py
[2024-04-02T07:55:57.985+0000] {logging_mixin.py:188} INFO - [2024-04-02T07:55:57.984+0000] {dag.py:3047} INFO - Sync 1 DAGs
[2024-04-02T07:55:58.002+0000] {logging_mixin.py:188} INFO - [2024-04-02T07:55:58.001+0000] {dag.py:3834} INFO - Setting next_dagrun for example_dag_decorator to None, run_after=None
[2024-04-02T07:55:58.037+0000] {processor.py:183} INFO - Processing /home/airflow/.local/lib/python3.8/site-packages/airflow/example_dags/example_dag_decorator.py took 0.446 seconds
[2024-04-02T07:56:28.198+0000] {processor.py:161} INFO - Started process (PID=1283) to work on /home/airflow/.local/lib/python3.8/site-packages/airflow/example_dags/example_dag_decorator.py
[2024-04-02T07:56:28.199+0000] {processor.py:830} INFO - Processing file /home/airflow/.local/lib/python3.8/site-packages/airflow/example_dags/example_dag_decorator.py for tasks to queue
[2024-04-02T07:56:28.202+0000] {logging_mixin.py:188} INFO - [2024-04-02T07:56:28.201+0000] {dagbag.py:540} INFO - Filling up the DagBag from /home/airflow/.local/lib/python3.8/site-packages/airflow/example_dags/example_dag_decorator.py
[2024-04-02T07:56:28.369+0000] {processor.py:840} INFO - DAG(s) 'example_dag_decorator' retrieved from /home/airflow/.local/lib/python3.8/site-packages/airflow/example_dags/example_dag_decorator.py
[2024-04-02T07:56:28.538+0000] {logging_mixin.py:188} INFO - [2024-04-02T07:56:28.537+0000] {dag.py:3047} INFO - Sync 1 DAGs
[2024-04-02T07:56:28.561+0000] {logging_mixin.py:188} INFO - [2024-04-02T07:56:28.560+0000] {dag.py:3834} INFO - Setting next_dagrun for example_dag_decorator to None, run_after=None
[2024-04-02T07:56:28.600+0000] {processor.py:183} INFO - Processing /home/airflow/.local/lib/python3.8/site-packages/airflow/example_dags/example_dag_decorator.py took 0.406 seconds
[2024-04-02T07:56:58.778+0000] {processor.py:161} INFO - Started process (PID=1340) to work on /home/airflow/.local/lib/python3.8/site-packages/airflow/example_dags/example_dag_decorator.py
[2024-04-02T07:56:58.780+0000] {processor.py:830} INFO - Processing file /home/airflow/.local/lib/python3.8/site-packages/airflow/example_dags/example_dag_decorator.py for tasks to queue
[2024-04-02T07:56:58.784+0000] {logging_mixin.py:188} INFO - [2024-04-02T07:56:58.783+0000] {dagbag.py:540} INFO - Filling up the DagBag from /home/airflow/.local/lib/python3.8/site-packages/airflow/example_dags/example_dag_decorator.py
[2024-04-02T07:56:58.924+0000] {processor.py:840} INFO - DAG(s) 'example_dag_decorator' retrieved from /home/airflow/.local/lib/python3.8/site-packages/airflow/example_dags/example_dag_decorator.py
[2024-04-02T07:56:58.959+0000] {logging_mixin.py:188} INFO - [2024-04-02T07:56:58.958+0000] {dag.py:3047} INFO - Sync 1 DAGs
[2024-04-02T07:56:58.989+0000] {logging_mixin.py:188} INFO - [2024-04-02T07:56:58.989+0000] {dag.py:3834} INFO - Setting next_dagrun for example_dag_decorator to None, run_after=None
[2024-04-02T07:56:59.030+0000] {processor.py:183} INFO - Processing /home/airflow/.local/lib/python3.8/site-packages/airflow/example_dags/example_dag_decorator.py took 0.255 seconds
[2024-04-02T07:57:29.346+0000] {processor.py:161} INFO - Started process (PID=1394) to work on /home/airflow/.local/lib/python3.8/site-packages/airflow/example_dags/example_dag_decorator.py
[2024-04-02T07:57:29.348+0000] {processor.py:830} INFO - Processing file /home/airflow/.local/lib/python3.8/site-packages/airflow/example_dags/example_dag_decorator.py for tasks to queue
[2024-04-02T07:57:29.351+0000] {logging_mixin.py:188} INFO - [2024-04-02T07:57:29.350+0000] {dagbag.py:540} INFO - Filling up the DagBag from /home/airflow/.local/lib/python3.8/site-packages/airflow/example_dags/example_dag_decorator.py
[2024-04-02T07:57:29.587+0000] {processor.py:840} INFO - DAG(s) 'example_dag_decorator' retrieved from /home/airflow/.local/lib/python3.8/site-packages/airflow/example_dags/example_dag_decorator.py
[2024-04-02T07:57:29.814+0000] {logging_mixin.py:188} INFO - [2024-04-02T07:57:29.814+0000] {dag.py:3047} INFO - Sync 1 DAGs
[2024-04-02T07:57:29.837+0000] {logging_mixin.py:188} INFO - [2024-04-02T07:57:29.835+0000] {dag.py:3834} INFO - Setting next_dagrun for example_dag_decorator to None, run_after=None
[2024-04-02T07:57:29.846+0000] {processor.py:183} INFO - Processing /home/airflow/.local/lib/python3.8/site-packages/airflow/example_dags/example_dag_decorator.py took 0.541 seconds
[2024-04-02T07:58:00.052+0000] {processor.py:161} INFO - Started process (PID=1451) to work on /home/airflow/.local/lib/python3.8/site-packages/airflow/example_dags/example_dag_decorator.py
[2024-04-02T07:58:00.054+0000] {processor.py:830} INFO - Processing file /home/airflow/.local/lib/python3.8/site-packages/airflow/example_dags/example_dag_decorator.py for tasks to queue
[2024-04-02T07:58:00.057+0000] {logging_mixin.py:188} INFO - [2024-04-02T07:58:00.057+0000] {dagbag.py:540} INFO - Filling up the DagBag from /home/airflow/.local/lib/python3.8/site-packages/airflow/example_dags/example_dag_decorator.py
[2024-04-02T07:58:00.229+0000] {processor.py:840} INFO - DAG(s) 'example_dag_decorator' retrieved from /home/airflow/.local/lib/python3.8/site-packages/airflow/example_dags/example_dag_decorator.py
[2024-04-02T07:58:00.458+0000] {logging_mixin.py:188} INFO - [2024-04-02T07:58:00.458+0000] {dag.py:3047} INFO - Sync 1 DAGs
[2024-04-02T07:58:00.481+0000] {logging_mixin.py:188} INFO - [2024-04-02T07:58:00.480+0000] {dag.py:3834} INFO - Setting next_dagrun for example_dag_decorator to None, run_after=None
[2024-04-02T07:58:00.531+0000] {processor.py:183} INFO - Processing /home/airflow/.local/lib/python3.8/site-packages/airflow/example_dags/example_dag_decorator.py took 0.484 seconds
[2024-04-02T08:03:23.791+0000] {processor.py:161} INFO - Started process (PID=51) to work on /home/airflow/.local/lib/python3.8/site-packages/airflow/example_dags/example_dag_decorator.py
[2024-04-02T08:03:23.864+0000] {processor.py:830} INFO - Processing file /home/airflow/.local/lib/python3.8/site-packages/airflow/example_dags/example_dag_decorator.py for tasks to queue
[2024-04-02T08:03:23.868+0000] {logging_mixin.py:188} INFO - [2024-04-02T08:03:23.867+0000] {dagbag.py:540} INFO - Filling up the DagBag from /home/airflow/.local/lib/python3.8/site-packages/airflow/example_dags/example_dag_decorator.py
[2024-04-02T08:03:24.350+0000] {processor.py:840} INFO - DAG(s) 'example_dag_decorator' retrieved from /home/airflow/.local/lib/python3.8/site-packages/airflow/example_dags/example_dag_decorator.py
[2024-04-02T08:03:24.769+0000] {logging_mixin.py:188} INFO - [2024-04-02T08:03:24.769+0000] {dag.py:3047} INFO - Sync 1 DAGs
[2024-04-02T08:03:24.793+0000] {logging_mixin.py:188} INFO - [2024-04-02T08:03:24.793+0000] {dag.py:3834} INFO - Setting next_dagrun for example_dag_decorator to None, run_after=None
[2024-04-02T08:03:24.932+0000] {processor.py:183} INFO - Processing /home/airflow/.local/lib/python3.8/site-packages/airflow/example_dags/example_dag_decorator.py took 1.146 seconds
[2024-04-02T08:03:55.105+0000] {processor.py:161} INFO - Started process (PID=108) to work on /home/airflow/.local/lib/python3.8/site-packages/airflow/example_dags/example_dag_decorator.py
[2024-04-02T08:03:55.107+0000] {processor.py:830} INFO - Processing file /home/airflow/.local/lib/python3.8/site-packages/airflow/example_dags/example_dag_decorator.py for tasks to queue
[2024-04-02T08:03:55.110+0000] {logging_mixin.py:188} INFO - [2024-04-02T08:03:55.109+0000] {dagbag.py:540} INFO - Filling up the DagBag from /home/airflow/.local/lib/python3.8/site-packages/airflow/example_dags/example_dag_decorator.py
[2024-04-02T08:03:55.426+0000] {processor.py:840} INFO - DAG(s) 'example_dag_decorator' retrieved from /home/airflow/.local/lib/python3.8/site-packages/airflow/example_dags/example_dag_decorator.py
[2024-04-02T08:03:55.756+0000] {logging_mixin.py:188} INFO - [2024-04-02T08:03:55.756+0000] {dag.py:3047} INFO - Sync 1 DAGs
[2024-04-02T08:03:55.793+0000] {logging_mixin.py:188} INFO - [2024-04-02T08:03:55.793+0000] {dag.py:3834} INFO - Setting next_dagrun for example_dag_decorator to None, run_after=None
[2024-04-02T08:03:56.047+0000] {processor.py:183} INFO - Processing /home/airflow/.local/lib/python3.8/site-packages/airflow/example_dags/example_dag_decorator.py took 0.946 seconds
[2024-04-02T08:04:26.132+0000] {processor.py:161} INFO - Started process (PID=164) to work on /home/airflow/.local/lib/python3.8/site-packages/airflow/example_dags/example_dag_decorator.py
[2024-04-02T08:04:26.134+0000] {processor.py:830} INFO - Processing file /home/airflow/.local/lib/python3.8/site-packages/airflow/example_dags/example_dag_decorator.py for tasks to queue
[2024-04-02T08:04:26.138+0000] {logging_mixin.py:188} INFO - [2024-04-02T08:04:26.138+0000] {dagbag.py:540} INFO - Filling up the DagBag from /home/airflow/.local/lib/python3.8/site-packages/airflow/example_dags/example_dag_decorator.py
[2024-04-02T08:04:26.375+0000] {processor.py:840} INFO - DAG(s) 'example_dag_decorator' retrieved from /home/airflow/.local/lib/python3.8/site-packages/airflow/example_dags/example_dag_decorator.py
[2024-04-02T08:04:26.570+0000] {logging_mixin.py:188} INFO - [2024-04-02T08:04:26.569+0000] {dag.py:3047} INFO - Sync 1 DAGs
[2024-04-02T08:04:26.591+0000] {logging_mixin.py:188} INFO - [2024-04-02T08:04:26.590+0000] {dag.py:3834} INFO - Setting next_dagrun for example_dag_decorator to None, run_after=None
[2024-04-02T08:04:26.641+0000] {processor.py:183} INFO - Processing /home/airflow/.local/lib/python3.8/site-packages/airflow/example_dags/example_dag_decorator.py took 0.515 seconds
[2024-04-02T08:04:56.884+0000] {processor.py:161} INFO - Started process (PID=219) to work on /home/airflow/.local/lib/python3.8/site-packages/airflow/example_dags/example_dag_decorator.py
[2024-04-02T08:04:56.898+0000] {processor.py:830} INFO - Processing file /home/airflow/.local/lib/python3.8/site-packages/airflow/example_dags/example_dag_decorator.py for tasks to queue
[2024-04-02T08:04:56.902+0000] {logging_mixin.py:188} INFO - [2024-04-02T08:04:56.902+0000] {dagbag.py:540} INFO - Filling up the DagBag from /home/airflow/.local/lib/python3.8/site-packages/airflow/example_dags/example_dag_decorator.py
[2024-04-02T08:04:57.790+0000] {processor.py:840} INFO - DAG(s) 'example_dag_decorator' retrieved from /home/airflow/.local/lib/python3.8/site-packages/airflow/example_dags/example_dag_decorator.py
[2024-04-02T08:04:58.079+0000] {logging_mixin.py:188} INFO - [2024-04-02T08:04:58.079+0000] {dag.py:3047} INFO - Sync 1 DAGs
[2024-04-02T08:04:58.109+0000] {logging_mixin.py:188} INFO - [2024-04-02T08:04:58.108+0000] {dag.py:3834} INFO - Setting next_dagrun for example_dag_decorator to None, run_after=None
[2024-04-02T08:04:58.164+0000] {processor.py:183} INFO - Processing /home/airflow/.local/lib/python3.8/site-packages/airflow/example_dags/example_dag_decorator.py took 1.329 seconds
[2024-04-02T08:05:28.375+0000] {processor.py:161} INFO - Started process (PID=281) to work on /home/airflow/.local/lib/python3.8/site-packages/airflow/example_dags/example_dag_decorator.py
[2024-04-02T08:05:28.377+0000] {processor.py:830} INFO - Processing file /home/airflow/.local/lib/python3.8/site-packages/airflow/example_dags/example_dag_decorator.py for tasks to queue
[2024-04-02T08:05:28.382+0000] {logging_mixin.py:188} INFO - [2024-04-02T08:05:28.381+0000] {dagbag.py:540} INFO - Filling up the DagBag from /home/airflow/.local/lib/python3.8/site-packages/airflow/example_dags/example_dag_decorator.py
[2024-04-02T08:05:28.595+0000] {processor.py:840} INFO - DAG(s) 'example_dag_decorator' retrieved from /home/airflow/.local/lib/python3.8/site-packages/airflow/example_dags/example_dag_decorator.py
[2024-04-02T08:05:28.798+0000] {logging_mixin.py:188} INFO - [2024-04-02T08:05:28.798+0000] {dag.py:3047} INFO - Sync 1 DAGs
[2024-04-02T08:05:28.822+0000] {logging_mixin.py:188} INFO - [2024-04-02T08:05:28.821+0000] {dag.py:3834} INFO - Setting next_dagrun for example_dag_decorator to None, run_after=None
[2024-04-02T08:05:28.861+0000] {processor.py:183} INFO - Processing /home/airflow/.local/lib/python3.8/site-packages/airflow/example_dags/example_dag_decorator.py took 0.491 seconds
[2024-04-02T08:05:59.103+0000] {processor.py:161} INFO - Started process (PID=339) to work on /home/airflow/.local/lib/python3.8/site-packages/airflow/example_dags/example_dag_decorator.py
[2024-04-02T08:05:59.105+0000] {processor.py:830} INFO - Processing file /home/airflow/.local/lib/python3.8/site-packages/airflow/example_dags/example_dag_decorator.py for tasks to queue
[2024-04-02T08:05:59.108+0000] {logging_mixin.py:188} INFO - [2024-04-02T08:05:59.107+0000] {dagbag.py:540} INFO - Filling up the DagBag from /home/airflow/.local/lib/python3.8/site-packages/airflow/example_dags/example_dag_decorator.py
[2024-04-02T08:05:59.300+0000] {processor.py:840} INFO - DAG(s) 'example_dag_decorator' retrieved from /home/airflow/.local/lib/python3.8/site-packages/airflow/example_dags/example_dag_decorator.py
[2024-04-02T08:05:59.593+0000] {logging_mixin.py:188} INFO - [2024-04-02T08:05:59.593+0000] {dag.py:3047} INFO - Sync 1 DAGs
[2024-04-02T08:05:59.619+0000] {logging_mixin.py:188} INFO - [2024-04-02T08:05:59.619+0000] {dag.py:3834} INFO - Setting next_dagrun for example_dag_decorator to None, run_after=None
[2024-04-02T08:05:59.668+0000] {processor.py:183} INFO - Processing /home/airflow/.local/lib/python3.8/site-packages/airflow/example_dags/example_dag_decorator.py took 0.571 seconds
[2024-04-02T08:06:29.768+0000] {processor.py:161} INFO - Started process (PID=396) to work on /home/airflow/.local/lib/python3.8/site-packages/airflow/example_dags/example_dag_decorator.py
[2024-04-02T08:06:29.770+0000] {processor.py:830} INFO - Processing file /home/airflow/.local/lib/python3.8/site-packages/airflow/example_dags/example_dag_decorator.py for tasks to queue
[2024-04-02T08:06:29.773+0000] {logging_mixin.py:188} INFO - [2024-04-02T08:06:29.772+0000] {dagbag.py:540} INFO - Filling up the DagBag from /home/airflow/.local/lib/python3.8/site-packages/airflow/example_dags/example_dag_decorator.py
[2024-04-02T08:06:29.929+0000] {processor.py:840} INFO - DAG(s) 'example_dag_decorator' retrieved from /home/airflow/.local/lib/python3.8/site-packages/airflow/example_dags/example_dag_decorator.py
[2024-04-02T08:06:30.129+0000] {logging_mixin.py:188} INFO - [2024-04-02T08:06:30.129+0000] {dag.py:3047} INFO - Sync 1 DAGs
[2024-04-02T08:06:30.149+0000] {logging_mixin.py:188} INFO - [2024-04-02T08:06:30.148+0000] {dag.py:3834} INFO - Setting next_dagrun for example_dag_decorator to None, run_after=None
[2024-04-02T08:06:30.185+0000] {processor.py:183} INFO - Processing /home/airflow/.local/lib/python3.8/site-packages/airflow/example_dags/example_dag_decorator.py took 0.421 seconds
[2024-04-02T08:07:00.428+0000] {processor.py:161} INFO - Started process (PID=454) to work on /home/airflow/.local/lib/python3.8/site-packages/airflow/example_dags/example_dag_decorator.py
[2024-04-02T08:07:00.430+0000] {processor.py:830} INFO - Processing file /home/airflow/.local/lib/python3.8/site-packages/airflow/example_dags/example_dag_decorator.py for tasks to queue
[2024-04-02T08:07:00.433+0000] {logging_mixin.py:188} INFO - [2024-04-02T08:07:00.432+0000] {dagbag.py:540} INFO - Filling up the DagBag from /home/airflow/.local/lib/python3.8/site-packages/airflow/example_dags/example_dag_decorator.py
[2024-04-02T08:07:00.587+0000] {processor.py:840} INFO - DAG(s) 'example_dag_decorator' retrieved from /home/airflow/.local/lib/python3.8/site-packages/airflow/example_dags/example_dag_decorator.py
[2024-04-02T08:07:00.626+0000] {logging_mixin.py:188} INFO - [2024-04-02T08:07:00.626+0000] {dag.py:3047} INFO - Sync 1 DAGs
[2024-04-02T08:07:00.666+0000] {logging_mixin.py:188} INFO - [2024-04-02T08:07:00.666+0000] {dag.py:3834} INFO - Setting next_dagrun for example_dag_decorator to None, run_after=None
[2024-04-02T08:07:00.726+0000] {processor.py:183} INFO - Processing /home/airflow/.local/lib/python3.8/site-packages/airflow/example_dags/example_dag_decorator.py took 0.302 seconds
[2024-04-02T08:07:31.422+0000] {processor.py:161} INFO - Started process (PID=510) to work on /home/airflow/.local/lib/python3.8/site-packages/airflow/example_dags/example_dag_decorator.py
[2024-04-02T08:07:31.424+0000] {processor.py:830} INFO - Processing file /home/airflow/.local/lib/python3.8/site-packages/airflow/example_dags/example_dag_decorator.py for tasks to queue
[2024-04-02T08:07:31.429+0000] {logging_mixin.py:188} INFO - [2024-04-02T08:07:31.428+0000] {dagbag.py:540} INFO - Filling up the DagBag from /home/airflow/.local/lib/python3.8/site-packages/airflow/example_dags/example_dag_decorator.py
[2024-04-02T08:07:31.589+0000] {processor.py:840} INFO - DAG(s) 'example_dag_decorator' retrieved from /home/airflow/.local/lib/python3.8/site-packages/airflow/example_dags/example_dag_decorator.py
[2024-04-02T08:07:31.635+0000] {logging_mixin.py:188} INFO - [2024-04-02T08:07:31.635+0000] {dag.py:3047} INFO - Sync 1 DAGs
[2024-04-02T08:07:31.661+0000] {logging_mixin.py:188} INFO - [2024-04-02T08:07:31.660+0000] {dag.py:3834} INFO - Setting next_dagrun for example_dag_decorator to None, run_after=None
[2024-04-02T08:07:31.699+0000] {processor.py:183} INFO - Processing /home/airflow/.local/lib/python3.8/site-packages/airflow/example_dags/example_dag_decorator.py took 0.283 seconds
[2024-04-02T08:08:01.842+0000] {processor.py:161} INFO - Started process (PID=566) to work on /home/airflow/.local/lib/python3.8/site-packages/airflow/example_dags/example_dag_decorator.py
[2024-04-02T08:08:01.843+0000] {processor.py:830} INFO - Processing file /home/airflow/.local/lib/python3.8/site-packages/airflow/example_dags/example_dag_decorator.py for tasks to queue
[2024-04-02T08:08:01.846+0000] {logging_mixin.py:188} INFO - [2024-04-02T08:08:01.845+0000] {dagbag.py:540} INFO - Filling up the DagBag from /home/airflow/.local/lib/python3.8/site-packages/airflow/example_dags/example_dag_decorator.py
[2024-04-02T08:08:02.059+0000] {processor.py:840} INFO - DAG(s) 'example_dag_decorator' retrieved from /home/airflow/.local/lib/python3.8/site-packages/airflow/example_dags/example_dag_decorator.py
[2024-04-02T08:08:02.304+0000] {logging_mixin.py:188} INFO - [2024-04-02T08:08:02.302+0000] {dag.py:3047} INFO - Sync 1 DAGs
[2024-04-02T08:08:02.323+0000] {logging_mixin.py:188} INFO - [2024-04-02T08:08:02.323+0000] {dag.py:3834} INFO - Setting next_dagrun for example_dag_decorator to None, run_after=None
[2024-04-02T08:08:02.364+0000] {processor.py:183} INFO - Processing /home/airflow/.local/lib/python3.8/site-packages/airflow/example_dags/example_dag_decorator.py took 0.527 seconds
[2024-04-02T08:08:32.491+0000] {processor.py:161} INFO - Started process (PID=623) to work on /home/airflow/.local/lib/python3.8/site-packages/airflow/example_dags/example_dag_decorator.py
[2024-04-02T08:08:32.493+0000] {processor.py:830} INFO - Processing file /home/airflow/.local/lib/python3.8/site-packages/airflow/example_dags/example_dag_decorator.py for tasks to queue
[2024-04-02T08:08:32.497+0000] {logging_mixin.py:188} INFO - [2024-04-02T08:08:32.497+0000] {dagbag.py:540} INFO - Filling up the DagBag from /home/airflow/.local/lib/python3.8/site-packages/airflow/example_dags/example_dag_decorator.py
[2024-04-02T08:08:32.703+0000] {processor.py:840} INFO - DAG(s) 'example_dag_decorator' retrieved from /home/airflow/.local/lib/python3.8/site-packages/airflow/example_dags/example_dag_decorator.py
[2024-04-02T08:08:32.871+0000] {logging_mixin.py:188} INFO - [2024-04-02T08:08:32.871+0000] {dag.py:3047} INFO - Sync 1 DAGs
[2024-04-02T08:08:32.889+0000] {logging_mixin.py:188} INFO - [2024-04-02T08:08:32.888+0000] {dag.py:3834} INFO - Setting next_dagrun for example_dag_decorator to None, run_after=None
[2024-04-02T08:08:32.925+0000] {processor.py:183} INFO - Processing /home/airflow/.local/lib/python3.8/site-packages/airflow/example_dags/example_dag_decorator.py took 0.438 seconds
[2024-04-02T08:09:03.047+0000] {processor.py:161} INFO - Started process (PID=681) to work on /home/airflow/.local/lib/python3.8/site-packages/airflow/example_dags/example_dag_decorator.py
[2024-04-02T08:09:03.049+0000] {processor.py:830} INFO - Processing file /home/airflow/.local/lib/python3.8/site-packages/airflow/example_dags/example_dag_decorator.py for tasks to queue
[2024-04-02T08:09:03.052+0000] {logging_mixin.py:188} INFO - [2024-04-02T08:09:03.052+0000] {dagbag.py:540} INFO - Filling up the DagBag from /home/airflow/.local/lib/python3.8/site-packages/airflow/example_dags/example_dag_decorator.py
[2024-04-02T08:09:03.235+0000] {processor.py:840} INFO - DAG(s) 'example_dag_decorator' retrieved from /home/airflow/.local/lib/python3.8/site-packages/airflow/example_dags/example_dag_decorator.py
[2024-04-02T08:09:03.452+0000] {logging_mixin.py:188} INFO - [2024-04-02T08:09:03.452+0000] {dag.py:3047} INFO - Sync 1 DAGs
[2024-04-02T08:09:03.472+0000] {logging_mixin.py:188} INFO - [2024-04-02T08:09:03.471+0000] {dag.py:3834} INFO - Setting next_dagrun for example_dag_decorator to None, run_after=None
[2024-04-02T08:09:03.511+0000] {processor.py:183} INFO - Processing /home/airflow/.local/lib/python3.8/site-packages/airflow/example_dags/example_dag_decorator.py took 0.471 seconds
[2024-04-02T08:09:33.678+0000] {processor.py:161} INFO - Started process (PID=738) to work on /home/airflow/.local/lib/python3.8/site-packages/airflow/example_dags/example_dag_decorator.py
[2024-04-02T08:09:33.681+0000] {processor.py:830} INFO - Processing file /home/airflow/.local/lib/python3.8/site-packages/airflow/example_dags/example_dag_decorator.py for tasks to queue
[2024-04-02T08:09:33.685+0000] {logging_mixin.py:188} INFO - [2024-04-02T08:09:33.684+0000] {dagbag.py:540} INFO - Filling up the DagBag from /home/airflow/.local/lib/python3.8/site-packages/airflow/example_dags/example_dag_decorator.py
[2024-04-02T08:09:33.917+0000] {processor.py:840} INFO - DAG(s) 'example_dag_decorator' retrieved from /home/airflow/.local/lib/python3.8/site-packages/airflow/example_dags/example_dag_decorator.py
[2024-04-02T08:09:34.116+0000] {logging_mixin.py:188} INFO - [2024-04-02T08:09:34.115+0000] {dag.py:3047} INFO - Sync 1 DAGs
[2024-04-02T08:09:34.142+0000] {logging_mixin.py:188} INFO - [2024-04-02T08:09:34.142+0000] {dag.py:3834} INFO - Setting next_dagrun for example_dag_decorator to None, run_after=None
[2024-04-02T08:09:34.190+0000] {processor.py:183} INFO - Processing /home/airflow/.local/lib/python3.8/site-packages/airflow/example_dags/example_dag_decorator.py took 0.518 seconds
[2024-04-02T08:10:04.431+0000] {processor.py:161} INFO - Started process (PID=796) to work on /home/airflow/.local/lib/python3.8/site-packages/airflow/example_dags/example_dag_decorator.py
[2024-04-02T08:10:04.433+0000] {processor.py:830} INFO - Processing file /home/airflow/.local/lib/python3.8/site-packages/airflow/example_dags/example_dag_decorator.py for tasks to queue
[2024-04-02T08:10:04.436+0000] {logging_mixin.py:188} INFO - [2024-04-02T08:10:04.435+0000] {dagbag.py:540} INFO - Filling up the DagBag from /home/airflow/.local/lib/python3.8/site-packages/airflow/example_dags/example_dag_decorator.py
[2024-04-02T08:10:04.608+0000] {processor.py:840} INFO - DAG(s) 'example_dag_decorator' retrieved from /home/airflow/.local/lib/python3.8/site-packages/airflow/example_dags/example_dag_decorator.py
[2024-04-02T08:10:04.800+0000] {logging_mixin.py:188} INFO - [2024-04-02T08:10:04.800+0000] {dag.py:3047} INFO - Sync 1 DAGs
[2024-04-02T08:10:04.819+0000] {logging_mixin.py:188} INFO - [2024-04-02T08:10:04.818+0000] {dag.py:3834} INFO - Setting next_dagrun for example_dag_decorator to None, run_after=None
[2024-04-02T08:10:04.865+0000] {processor.py:183} INFO - Processing /home/airflow/.local/lib/python3.8/site-packages/airflow/example_dags/example_dag_decorator.py took 0.437 seconds
[2024-04-02T08:10:35.136+0000] {processor.py:161} INFO - Started process (PID=852) to work on /home/airflow/.local/lib/python3.8/site-packages/airflow/example_dags/example_dag_decorator.py
[2024-04-02T08:10:35.138+0000] {processor.py:830} INFO - Processing file /home/airflow/.local/lib/python3.8/site-packages/airflow/example_dags/example_dag_decorator.py for tasks to queue
[2024-04-02T08:10:35.141+0000] {logging_mixin.py:188} INFO - [2024-04-02T08:10:35.140+0000] {dagbag.py:540} INFO - Filling up the DagBag from /home/airflow/.local/lib/python3.8/site-packages/airflow/example_dags/example_dag_decorator.py
[2024-04-02T08:10:35.280+0000] {processor.py:840} INFO - DAG(s) 'example_dag_decorator' retrieved from /home/airflow/.local/lib/python3.8/site-packages/airflow/example_dags/example_dag_decorator.py
[2024-04-02T08:10:35.449+0000] {logging_mixin.py:188} INFO - [2024-04-02T08:10:35.448+0000] {dag.py:3047} INFO - Sync 1 DAGs
[2024-04-02T08:10:35.464+0000] {logging_mixin.py:188} INFO - [2024-04-02T08:10:35.464+0000] {dag.py:3834} INFO - Setting next_dagrun for example_dag_decorator to None, run_after=None
[2024-04-02T08:10:35.496+0000] {processor.py:183} INFO - Processing /home/airflow/.local/lib/python3.8/site-packages/airflow/example_dags/example_dag_decorator.py took 0.364 seconds
[2024-04-02T08:11:05.736+0000] {processor.py:161} INFO - Started process (PID=907) to work on /home/airflow/.local/lib/python3.8/site-packages/airflow/example_dags/example_dag_decorator.py
[2024-04-02T08:11:05.737+0000] {processor.py:830} INFO - Processing file /home/airflow/.local/lib/python3.8/site-packages/airflow/example_dags/example_dag_decorator.py for tasks to queue
[2024-04-02T08:11:05.740+0000] {logging_mixin.py:188} INFO - [2024-04-02T08:11:05.740+0000] {dagbag.py:540} INFO - Filling up the DagBag from /home/airflow/.local/lib/python3.8/site-packages/airflow/example_dags/example_dag_decorator.py
[2024-04-02T08:11:05.961+0000] {processor.py:840} INFO - DAG(s) 'example_dag_decorator' retrieved from /home/airflow/.local/lib/python3.8/site-packages/airflow/example_dags/example_dag_decorator.py
[2024-04-02T08:11:06.233+0000] {logging_mixin.py:188} INFO - [2024-04-02T08:11:06.232+0000] {dag.py:3047} INFO - Sync 1 DAGs
[2024-04-02T08:11:06.285+0000] {logging_mixin.py:188} INFO - [2024-04-02T08:11:06.281+0000] {dag.py:3834} INFO - Setting next_dagrun for example_dag_decorator to None, run_after=None
[2024-04-02T08:11:06.354+0000] {processor.py:183} INFO - Processing /home/airflow/.local/lib/python3.8/site-packages/airflow/example_dags/example_dag_decorator.py took 0.623 seconds
[2024-04-02T08:11:37.222+0000] {processor.py:161} INFO - Started process (PID=964) to work on /home/airflow/.local/lib/python3.8/site-packages/airflow/example_dags/example_dag_decorator.py
[2024-04-02T08:11:37.223+0000] {processor.py:830} INFO - Processing file /home/airflow/.local/lib/python3.8/site-packages/airflow/example_dags/example_dag_decorator.py for tasks to queue
[2024-04-02T08:11:37.226+0000] {logging_mixin.py:188} INFO - [2024-04-02T08:11:37.225+0000] {dagbag.py:540} INFO - Filling up the DagBag from /home/airflow/.local/lib/python3.8/site-packages/airflow/example_dags/example_dag_decorator.py
[2024-04-02T08:11:37.397+0000] {processor.py:840} INFO - DAG(s) 'example_dag_decorator' retrieved from /home/airflow/.local/lib/python3.8/site-packages/airflow/example_dags/example_dag_decorator.py
[2024-04-02T08:11:37.578+0000] {logging_mixin.py:188} INFO - [2024-04-02T08:11:37.577+0000] {dag.py:3047} INFO - Sync 1 DAGs
[2024-04-02T08:11:37.604+0000] {logging_mixin.py:188} INFO - [2024-04-02T08:11:37.604+0000] {dag.py:3834} INFO - Setting next_dagrun for example_dag_decorator to None, run_after=None
[2024-04-02T08:11:37.643+0000] {processor.py:183} INFO - Processing /home/airflow/.local/lib/python3.8/site-packages/airflow/example_dags/example_dag_decorator.py took 0.424 seconds
[2024-04-02T08:12:07.744+0000] {processor.py:161} INFO - Started process (PID=1020) to work on /home/airflow/.local/lib/python3.8/site-packages/airflow/example_dags/example_dag_decorator.py
[2024-04-02T08:12:07.745+0000] {processor.py:830} INFO - Processing file /home/airflow/.local/lib/python3.8/site-packages/airflow/example_dags/example_dag_decorator.py for tasks to queue
[2024-04-02T08:12:07.748+0000] {logging_mixin.py:188} INFO - [2024-04-02T08:12:07.747+0000] {dagbag.py:540} INFO - Filling up the DagBag from /home/airflow/.local/lib/python3.8/site-packages/airflow/example_dags/example_dag_decorator.py
[2024-04-02T08:12:07.906+0000] {processor.py:840} INFO - DAG(s) 'example_dag_decorator' retrieved from /home/airflow/.local/lib/python3.8/site-packages/airflow/example_dags/example_dag_decorator.py
[2024-04-02T08:12:08.104+0000] {logging_mixin.py:188} INFO - [2024-04-02T08:12:08.104+0000] {dag.py:3047} INFO - Sync 1 DAGs
[2024-04-02T08:12:08.122+0000] {logging_mixin.py:188} INFO - [2024-04-02T08:12:08.121+0000] {dag.py:3834} INFO - Setting next_dagrun for example_dag_decorator to None, run_after=None
[2024-04-02T08:12:08.159+0000] {processor.py:183} INFO - Processing /home/airflow/.local/lib/python3.8/site-packages/airflow/example_dags/example_dag_decorator.py took 0.420 seconds
[2024-04-02T08:12:38.879+0000] {processor.py:161} INFO - Started process (PID=1076) to work on /home/airflow/.local/lib/python3.8/site-packages/airflow/example_dags/example_dag_decorator.py
[2024-04-02T08:12:38.880+0000] {processor.py:830} INFO - Processing file /home/airflow/.local/lib/python3.8/site-packages/airflow/example_dags/example_dag_decorator.py for tasks to queue
[2024-04-02T08:12:38.885+0000] {logging_mixin.py:188} INFO - [2024-04-02T08:12:38.883+0000] {dagbag.py:540} INFO - Filling up the DagBag from /home/airflow/.local/lib/python3.8/site-packages/airflow/example_dags/example_dag_decorator.py
[2024-04-02T08:12:39.091+0000] {processor.py:840} INFO - DAG(s) 'example_dag_decorator' retrieved from /home/airflow/.local/lib/python3.8/site-packages/airflow/example_dags/example_dag_decorator.py
[2024-04-02T08:12:39.378+0000] {logging_mixin.py:188} INFO - [2024-04-02T08:12:39.377+0000] {dag.py:3047} INFO - Sync 1 DAGs
[2024-04-02T08:12:39.401+0000] {logging_mixin.py:188} INFO - [2024-04-02T08:12:39.401+0000] {dag.py:3834} INFO - Setting next_dagrun for example_dag_decorator to None, run_after=None
[2024-04-02T08:12:39.443+0000] {processor.py:183} INFO - Processing /home/airflow/.local/lib/python3.8/site-packages/airflow/example_dags/example_dag_decorator.py took 0.569 seconds
[2024-04-02T08:13:09.503+0000] {processor.py:161} INFO - Started process (PID=1131) to work on /home/airflow/.local/lib/python3.8/site-packages/airflow/example_dags/example_dag_decorator.py
[2024-04-02T08:13:09.505+0000] {processor.py:830} INFO - Processing file /home/airflow/.local/lib/python3.8/site-packages/airflow/example_dags/example_dag_decorator.py for tasks to queue
[2024-04-02T08:13:09.508+0000] {logging_mixin.py:188} INFO - [2024-04-02T08:13:09.507+0000] {dagbag.py:540} INFO - Filling up the DagBag from /home/airflow/.local/lib/python3.8/site-packages/airflow/example_dags/example_dag_decorator.py
[2024-04-02T08:13:09.667+0000] {processor.py:840} INFO - DAG(s) 'example_dag_decorator' retrieved from /home/airflow/.local/lib/python3.8/site-packages/airflow/example_dags/example_dag_decorator.py
[2024-04-02T08:13:09.892+0000] {logging_mixin.py:188} INFO - [2024-04-02T08:13:09.892+0000] {dag.py:3047} INFO - Sync 1 DAGs
[2024-04-02T08:13:09.909+0000] {logging_mixin.py:188} INFO - [2024-04-02T08:13:09.909+0000] {dag.py:3834} INFO - Setting next_dagrun for example_dag_decorator to None, run_after=None
[2024-04-02T08:13:09.950+0000] {processor.py:183} INFO - Processing /home/airflow/.local/lib/python3.8/site-packages/airflow/example_dags/example_dag_decorator.py took 0.451 seconds
[2024-04-02T08:13:39.994+0000] {processor.py:161} INFO - Started process (PID=1186) to work on /home/airflow/.local/lib/python3.8/site-packages/airflow/example_dags/example_dag_decorator.py
[2024-04-02T08:13:39.995+0000] {processor.py:830} INFO - Processing file /home/airflow/.local/lib/python3.8/site-packages/airflow/example_dags/example_dag_decorator.py for tasks to queue
[2024-04-02T08:13:39.998+0000] {logging_mixin.py:188} INFO - [2024-04-02T08:13:39.997+0000] {dagbag.py:540} INFO - Filling up the DagBag from /home/airflow/.local/lib/python3.8/site-packages/airflow/example_dags/example_dag_decorator.py
[2024-04-02T08:13:40.146+0000] {processor.py:840} INFO - DAG(s) 'example_dag_decorator' retrieved from /home/airflow/.local/lib/python3.8/site-packages/airflow/example_dags/example_dag_decorator.py
[2024-04-02T08:13:40.305+0000] {logging_mixin.py:188} INFO - [2024-04-02T08:13:40.304+0000] {dag.py:3047} INFO - Sync 1 DAGs
[2024-04-02T08:13:40.328+0000] {logging_mixin.py:188} INFO - [2024-04-02T08:13:40.327+0000] {dag.py:3834} INFO - Setting next_dagrun for example_dag_decorator to None, run_after=None
[2024-04-02T08:13:40.364+0000] {processor.py:183} INFO - Processing /home/airflow/.local/lib/python3.8/site-packages/airflow/example_dags/example_dag_decorator.py took 0.375 seconds
[2024-04-02T08:16:45.536+0000] {processor.py:161} INFO - Started process (PID=51) to work on /home/airflow/.local/lib/python3.8/site-packages/airflow/example_dags/example_dag_decorator.py
[2024-04-02T08:16:45.538+0000] {processor.py:830} INFO - Processing file /home/airflow/.local/lib/python3.8/site-packages/airflow/example_dags/example_dag_decorator.py for tasks to queue
[2024-04-02T08:16:45.550+0000] {logging_mixin.py:188} INFO - [2024-04-02T08:16:45.541+0000] {dagbag.py:540} INFO - Filling up the DagBag from /home/airflow/.local/lib/python3.8/site-packages/airflow/example_dags/example_dag_decorator.py
[2024-04-02T08:16:46.461+0000] {processor.py:840} INFO - DAG(s) 'example_dag_decorator' retrieved from /home/airflow/.local/lib/python3.8/site-packages/airflow/example_dags/example_dag_decorator.py
[2024-04-02T08:16:47.265+0000] {logging_mixin.py:188} INFO - [2024-04-02T08:16:47.265+0000] {dag.py:3047} INFO - Sync 1 DAGs
[2024-04-02T08:16:47.317+0000] {logging_mixin.py:188} INFO - [2024-04-02T08:16:47.317+0000] {dag.py:3834} INFO - Setting next_dagrun for example_dag_decorator to None, run_after=None
[2024-04-02T08:16:47.424+0000] {processor.py:183} INFO - Processing /home/airflow/.local/lib/python3.8/site-packages/airflow/example_dags/example_dag_decorator.py took 1.894 seconds
[2024-04-02T08:17:18.175+0000] {processor.py:161} INFO - Started process (PID=108) to work on /home/airflow/.local/lib/python3.8/site-packages/airflow/example_dags/example_dag_decorator.py
[2024-04-02T08:17:18.177+0000] {processor.py:830} INFO - Processing file /home/airflow/.local/lib/python3.8/site-packages/airflow/example_dags/example_dag_decorator.py for tasks to queue
[2024-04-02T08:17:18.180+0000] {logging_mixin.py:188} INFO - [2024-04-02T08:17:18.179+0000] {dagbag.py:540} INFO - Filling up the DagBag from /home/airflow/.local/lib/python3.8/site-packages/airflow/example_dags/example_dag_decorator.py
[2024-04-02T08:17:18.628+0000] {processor.py:840} INFO - DAG(s) 'example_dag_decorator' retrieved from /home/airflow/.local/lib/python3.8/site-packages/airflow/example_dags/example_dag_decorator.py
[2024-04-02T08:17:18.926+0000] {logging_mixin.py:188} INFO - [2024-04-02T08:17:18.926+0000] {dag.py:3047} INFO - Sync 1 DAGs
[2024-04-02T08:17:19.042+0000] {logging_mixin.py:188} INFO - [2024-04-02T08:17:19.041+0000] {dag.py:3834} INFO - Setting next_dagrun for example_dag_decorator to None, run_after=None
[2024-04-02T08:17:19.091+0000] {processor.py:183} INFO - Processing /home/airflow/.local/lib/python3.8/site-packages/airflow/example_dags/example_dag_decorator.py took 0.919 seconds
[2024-04-02T08:17:49.832+0000] {processor.py:161} INFO - Started process (PID=165) to work on /home/airflow/.local/lib/python3.8/site-packages/airflow/example_dags/example_dag_decorator.py
[2024-04-02T08:17:49.833+0000] {processor.py:830} INFO - Processing file /home/airflow/.local/lib/python3.8/site-packages/airflow/example_dags/example_dag_decorator.py for tasks to queue
[2024-04-02T08:17:49.836+0000] {logging_mixin.py:188} INFO - [2024-04-02T08:17:49.835+0000] {dagbag.py:540} INFO - Filling up the DagBag from /home/airflow/.local/lib/python3.8/site-packages/airflow/example_dags/example_dag_decorator.py
[2024-04-02T08:17:49.989+0000] {processor.py:840} INFO - DAG(s) 'example_dag_decorator' retrieved from /home/airflow/.local/lib/python3.8/site-packages/airflow/example_dags/example_dag_decorator.py
[2024-04-02T08:17:50.157+0000] {logging_mixin.py:188} INFO - [2024-04-02T08:17:50.156+0000] {dag.py:3047} INFO - Sync 1 DAGs
[2024-04-02T08:17:50.173+0000] {logging_mixin.py:188} INFO - [2024-04-02T08:17:50.172+0000] {dag.py:3834} INFO - Setting next_dagrun for example_dag_decorator to None, run_after=None
[2024-04-02T08:17:50.210+0000] {processor.py:183} INFO - Processing /home/airflow/.local/lib/python3.8/site-packages/airflow/example_dags/example_dag_decorator.py took 0.383 seconds
[2024-04-02T08:18:20.691+0000] {processor.py:161} INFO - Started process (PID=221) to work on /home/airflow/.local/lib/python3.8/site-packages/airflow/example_dags/example_dag_decorator.py
[2024-04-02T08:18:20.693+0000] {processor.py:830} INFO - Processing file /home/airflow/.local/lib/python3.8/site-packages/airflow/example_dags/example_dag_decorator.py for tasks to queue
[2024-04-02T08:18:20.696+0000] {logging_mixin.py:188} INFO - [2024-04-02T08:18:20.696+0000] {dagbag.py:540} INFO - Filling up the DagBag from /home/airflow/.local/lib/python3.8/site-packages/airflow/example_dags/example_dag_decorator.py
[2024-04-02T08:18:20.867+0000] {processor.py:840} INFO - DAG(s) 'example_dag_decorator' retrieved from /home/airflow/.local/lib/python3.8/site-packages/airflow/example_dags/example_dag_decorator.py
[2024-04-02T08:18:21.063+0000] {logging_mixin.py:188} INFO - [2024-04-02T08:18:21.062+0000] {dag.py:3047} INFO - Sync 1 DAGs
[2024-04-02T08:18:21.080+0000] {logging_mixin.py:188} INFO - [2024-04-02T08:18:21.080+0000] {dag.py:3834} INFO - Setting next_dagrun for example_dag_decorator to None, run_after=None
[2024-04-02T08:18:21.115+0000] {processor.py:183} INFO - Processing /home/airflow/.local/lib/python3.8/site-packages/airflow/example_dags/example_dag_decorator.py took 0.430 seconds
[2024-04-02T08:18:51.257+0000] {processor.py:161} INFO - Started process (PID=277) to work on /home/airflow/.local/lib/python3.8/site-packages/airflow/example_dags/example_dag_decorator.py
[2024-04-02T08:18:51.259+0000] {processor.py:830} INFO - Processing file /home/airflow/.local/lib/python3.8/site-packages/airflow/example_dags/example_dag_decorator.py for tasks to queue
[2024-04-02T08:18:51.262+0000] {logging_mixin.py:188} INFO - [2024-04-02T08:18:51.262+0000] {dagbag.py:540} INFO - Filling up the DagBag from /home/airflow/.local/lib/python3.8/site-packages/airflow/example_dags/example_dag_decorator.py
[2024-04-02T08:18:51.438+0000] {processor.py:840} INFO - DAG(s) 'example_dag_decorator' retrieved from /home/airflow/.local/lib/python3.8/site-packages/airflow/example_dags/example_dag_decorator.py
[2024-04-02T08:18:51.666+0000] {logging_mixin.py:188} INFO - [2024-04-02T08:18:51.666+0000] {dag.py:3047} INFO - Sync 1 DAGs
[2024-04-02T08:18:51.699+0000] {logging_mixin.py:188} INFO - [2024-04-02T08:18:51.698+0000] {dag.py:3834} INFO - Setting next_dagrun for example_dag_decorator to None, run_after=None
[2024-04-02T08:18:51.781+0000] {processor.py:183} INFO - Processing /home/airflow/.local/lib/python3.8/site-packages/airflow/example_dags/example_dag_decorator.py took 0.533 seconds
[2024-04-02T08:19:22.699+0000] {processor.py:161} INFO - Started process (PID=335) to work on /home/airflow/.local/lib/python3.8/site-packages/airflow/example_dags/example_dag_decorator.py
[2024-04-02T08:19:22.701+0000] {processor.py:830} INFO - Processing file /home/airflow/.local/lib/python3.8/site-packages/airflow/example_dags/example_dag_decorator.py for tasks to queue
[2024-04-02T08:19:22.704+0000] {logging_mixin.py:188} INFO - [2024-04-02T08:19:22.703+0000] {dagbag.py:540} INFO - Filling up the DagBag from /home/airflow/.local/lib/python3.8/site-packages/airflow/example_dags/example_dag_decorator.py
[2024-04-02T08:19:22.865+0000] {processor.py:840} INFO - DAG(s) 'example_dag_decorator' retrieved from /home/airflow/.local/lib/python3.8/site-packages/airflow/example_dags/example_dag_decorator.py
[2024-04-02T08:19:23.023+0000] {logging_mixin.py:188} INFO - [2024-04-02T08:19:23.023+0000] {dag.py:3047} INFO - Sync 1 DAGs
[2024-04-02T08:19:23.037+0000] {logging_mixin.py:188} INFO - [2024-04-02T08:19:23.037+0000] {dag.py:3834} INFO - Setting next_dagrun for example_dag_decorator to None, run_after=None
[2024-04-02T08:19:23.070+0000] {processor.py:183} INFO - Processing /home/airflow/.local/lib/python3.8/site-packages/airflow/example_dags/example_dag_decorator.py took 0.376 seconds
[2024-04-02T08:19:53.194+0000] {processor.py:161} INFO - Started process (PID=392) to work on /home/airflow/.local/lib/python3.8/site-packages/airflow/example_dags/example_dag_decorator.py
[2024-04-02T08:19:53.195+0000] {processor.py:830} INFO - Processing file /home/airflow/.local/lib/python3.8/site-packages/airflow/example_dags/example_dag_decorator.py for tasks to queue
[2024-04-02T08:19:53.198+0000] {logging_mixin.py:188} INFO - [2024-04-02T08:19:53.197+0000] {dagbag.py:540} INFO - Filling up the DagBag from /home/airflow/.local/lib/python3.8/site-packages/airflow/example_dags/example_dag_decorator.py
[2024-04-02T08:19:53.329+0000] {processor.py:840} INFO - DAG(s) 'example_dag_decorator' retrieved from /home/airflow/.local/lib/python3.8/site-packages/airflow/example_dags/example_dag_decorator.py
[2024-04-02T08:19:53.479+0000] {logging_mixin.py:188} INFO - [2024-04-02T08:19:53.479+0000] {dag.py:3047} INFO - Sync 1 DAGs
[2024-04-02T08:19:53.494+0000] {logging_mixin.py:188} INFO - [2024-04-02T08:19:53.494+0000] {dag.py:3834} INFO - Setting next_dagrun for example_dag_decorator to None, run_after=None
[2024-04-02T08:19:53.528+0000] {processor.py:183} INFO - Processing /home/airflow/.local/lib/python3.8/site-packages/airflow/example_dags/example_dag_decorator.py took 0.339 seconds
[2024-04-02T08:20:24.399+0000] {processor.py:161} INFO - Started process (PID=448) to work on /home/airflow/.local/lib/python3.8/site-packages/airflow/example_dags/example_dag_decorator.py
[2024-04-02T08:20:24.401+0000] {processor.py:830} INFO - Processing file /home/airflow/.local/lib/python3.8/site-packages/airflow/example_dags/example_dag_decorator.py for tasks to queue
[2024-04-02T08:20:24.405+0000] {logging_mixin.py:188} INFO - [2024-04-02T08:20:24.404+0000] {dagbag.py:540} INFO - Filling up the DagBag from /home/airflow/.local/lib/python3.8/site-packages/airflow/example_dags/example_dag_decorator.py
[2024-04-02T08:20:24.605+0000] {processor.py:840} INFO - DAG(s) 'example_dag_decorator' retrieved from /home/airflow/.local/lib/python3.8/site-packages/airflow/example_dags/example_dag_decorator.py
[2024-04-02T08:20:24.660+0000] {logging_mixin.py:188} INFO - [2024-04-02T08:20:24.659+0000] {dag.py:3047} INFO - Sync 1 DAGs
[2024-04-02T08:20:24.680+0000] {logging_mixin.py:188} INFO - [2024-04-02T08:20:24.680+0000] {dag.py:3834} INFO - Setting next_dagrun for example_dag_decorator to None, run_after=None
[2024-04-02T08:20:24.729+0000] {processor.py:183} INFO - Processing /home/airflow/.local/lib/python3.8/site-packages/airflow/example_dags/example_dag_decorator.py took 0.334 seconds
[2024-04-02T08:20:54.827+0000] {processor.py:161} INFO - Started process (PID=504) to work on /home/airflow/.local/lib/python3.8/site-packages/airflow/example_dags/example_dag_decorator.py
[2024-04-02T08:20:54.828+0000] {processor.py:830} INFO - Processing file /home/airflow/.local/lib/python3.8/site-packages/airflow/example_dags/example_dag_decorator.py for tasks to queue
[2024-04-02T08:20:54.832+0000] {logging_mixin.py:188} INFO - [2024-04-02T08:20:54.831+0000] {dagbag.py:540} INFO - Filling up the DagBag from /home/airflow/.local/lib/python3.8/site-packages/airflow/example_dags/example_dag_decorator.py
[2024-04-02T08:20:55.044+0000] {processor.py:840} INFO - DAG(s) 'example_dag_decorator' retrieved from /home/airflow/.local/lib/python3.8/site-packages/airflow/example_dags/example_dag_decorator.py
[2024-04-02T08:20:55.086+0000] {logging_mixin.py:188} INFO - [2024-04-02T08:20:55.086+0000] {dag.py:3047} INFO - Sync 1 DAGs
[2024-04-02T08:20:55.103+0000] {logging_mixin.py:188} INFO - [2024-04-02T08:20:55.103+0000] {dag.py:3834} INFO - Setting next_dagrun for example_dag_decorator to None, run_after=None
[2024-04-02T08:20:55.136+0000] {processor.py:183} INFO - Processing /home/airflow/.local/lib/python3.8/site-packages/airflow/example_dags/example_dag_decorator.py took 0.313 seconds
[2024-04-02T08:21:26.042+0000] {processor.py:161} INFO - Started process (PID=560) to work on /home/airflow/.local/lib/python3.8/site-packages/airflow/example_dags/example_dag_decorator.py
[2024-04-02T08:21:26.043+0000] {processor.py:830} INFO - Processing file /home/airflow/.local/lib/python3.8/site-packages/airflow/example_dags/example_dag_decorator.py for tasks to queue
[2024-04-02T08:21:26.046+0000] {logging_mixin.py:188} INFO - [2024-04-02T08:21:26.046+0000] {dagbag.py:540} INFO - Filling up the DagBag from /home/airflow/.local/lib/python3.8/site-packages/airflow/example_dags/example_dag_decorator.py
[2024-04-02T08:21:26.201+0000] {processor.py:840} INFO - DAG(s) 'example_dag_decorator' retrieved from /home/airflow/.local/lib/python3.8/site-packages/airflow/example_dags/example_dag_decorator.py
[2024-04-02T08:21:26.374+0000] {logging_mixin.py:188} INFO - [2024-04-02T08:21:26.373+0000] {dag.py:3047} INFO - Sync 1 DAGs
[2024-04-02T08:21:26.393+0000] {logging_mixin.py:188} INFO - [2024-04-02T08:21:26.392+0000] {dag.py:3834} INFO - Setting next_dagrun for example_dag_decorator to None, run_after=None
[2024-04-02T08:21:26.442+0000] {processor.py:183} INFO - Processing /home/airflow/.local/lib/python3.8/site-packages/airflow/example_dags/example_dag_decorator.py took 0.405 seconds
[2024-04-02T08:21:56.718+0000] {processor.py:161} INFO - Started process (PID=616) to work on /home/airflow/.local/lib/python3.8/site-packages/airflow/example_dags/example_dag_decorator.py
[2024-04-02T08:21:56.720+0000] {processor.py:830} INFO - Processing file /home/airflow/.local/lib/python3.8/site-packages/airflow/example_dags/example_dag_decorator.py for tasks to queue
[2024-04-02T08:21:56.725+0000] {logging_mixin.py:188} INFO - [2024-04-02T08:21:56.724+0000] {dagbag.py:540} INFO - Filling up the DagBag from /home/airflow/.local/lib/python3.8/site-packages/airflow/example_dags/example_dag_decorator.py
[2024-04-02T08:21:56.946+0000] {processor.py:840} INFO - DAG(s) 'example_dag_decorator' retrieved from /home/airflow/.local/lib/python3.8/site-packages/airflow/example_dags/example_dag_decorator.py
[2024-04-02T08:21:57.151+0000] {logging_mixin.py:188} INFO - [2024-04-02T08:21:57.150+0000] {dag.py:3047} INFO - Sync 1 DAGs
[2024-04-02T08:21:57.170+0000] {logging_mixin.py:188} INFO - [2024-04-02T08:21:57.170+0000] {dag.py:3834} INFO - Setting next_dagrun for example_dag_decorator to None, run_after=None
[2024-04-02T08:21:57.218+0000] {processor.py:183} INFO - Processing /home/airflow/.local/lib/python3.8/site-packages/airflow/example_dags/example_dag_decorator.py took 0.510 seconds
[2024-04-02T08:22:27.528+0000] {processor.py:161} INFO - Started process (PID=672) to work on /home/airflow/.local/lib/python3.8/site-packages/airflow/example_dags/example_dag_decorator.py
[2024-04-02T08:22:27.530+0000] {processor.py:830} INFO - Processing file /home/airflow/.local/lib/python3.8/site-packages/airflow/example_dags/example_dag_decorator.py for tasks to queue
[2024-04-02T08:22:27.533+0000] {logging_mixin.py:188} INFO - [2024-04-02T08:22:27.533+0000] {dagbag.py:540} INFO - Filling up the DagBag from /home/airflow/.local/lib/python3.8/site-packages/airflow/example_dags/example_dag_decorator.py
[2024-04-02T08:22:27.685+0000] {processor.py:840} INFO - DAG(s) 'example_dag_decorator' retrieved from /home/airflow/.local/lib/python3.8/site-packages/airflow/example_dags/example_dag_decorator.py
[2024-04-02T08:22:27.884+0000] {logging_mixin.py:188} INFO - [2024-04-02T08:22:27.883+0000] {dag.py:3047} INFO - Sync 1 DAGs
[2024-04-02T08:22:27.905+0000] {logging_mixin.py:188} INFO - [2024-04-02T08:22:27.905+0000] {dag.py:3834} INFO - Setting next_dagrun for example_dag_decorator to None, run_after=None
[2024-04-02T08:22:27.949+0000] {processor.py:183} INFO - Processing /home/airflow/.local/lib/python3.8/site-packages/airflow/example_dags/example_dag_decorator.py took 0.427 seconds
[2024-04-02T08:22:58.146+0000] {processor.py:161} INFO - Started process (PID=730) to work on /home/airflow/.local/lib/python3.8/site-packages/airflow/example_dags/example_dag_decorator.py
[2024-04-02T08:22:58.147+0000] {processor.py:830} INFO - Processing file /home/airflow/.local/lib/python3.8/site-packages/airflow/example_dags/example_dag_decorator.py for tasks to queue
[2024-04-02T08:22:58.150+0000] {logging_mixin.py:188} INFO - [2024-04-02T08:22:58.149+0000] {dagbag.py:540} INFO - Filling up the DagBag from /home/airflow/.local/lib/python3.8/site-packages/airflow/example_dags/example_dag_decorator.py
[2024-04-02T08:22:58.296+0000] {processor.py:840} INFO - DAG(s) 'example_dag_decorator' retrieved from /home/airflow/.local/lib/python3.8/site-packages/airflow/example_dags/example_dag_decorator.py
[2024-04-02T08:22:58.480+0000] {logging_mixin.py:188} INFO - [2024-04-02T08:22:58.479+0000] {dag.py:3047} INFO - Sync 1 DAGs
[2024-04-02T08:22:58.504+0000] {logging_mixin.py:188} INFO - [2024-04-02T08:22:58.503+0000] {dag.py:3834} INFO - Setting next_dagrun for example_dag_decorator to None, run_after=None
[2024-04-02T08:22:58.548+0000] {processor.py:183} INFO - Processing /home/airflow/.local/lib/python3.8/site-packages/airflow/example_dags/example_dag_decorator.py took 0.406 seconds
[2024-04-02T08:23:28.912+0000] {processor.py:161} INFO - Started process (PID=788) to work on /home/airflow/.local/lib/python3.8/site-packages/airflow/example_dags/example_dag_decorator.py
[2024-04-02T08:23:28.914+0000] {processor.py:830} INFO - Processing file /home/airflow/.local/lib/python3.8/site-packages/airflow/example_dags/example_dag_decorator.py for tasks to queue
[2024-04-02T08:23:28.916+0000] {logging_mixin.py:188} INFO - [2024-04-02T08:23:28.916+0000] {dagbag.py:540} INFO - Filling up the DagBag from /home/airflow/.local/lib/python3.8/site-packages/airflow/example_dags/example_dag_decorator.py
[2024-04-02T08:23:29.026+0000] {processor.py:840} INFO - DAG(s) 'example_dag_decorator' retrieved from /home/airflow/.local/lib/python3.8/site-packages/airflow/example_dags/example_dag_decorator.py
[2024-04-02T08:23:29.193+0000] {logging_mixin.py:188} INFO - [2024-04-02T08:23:29.193+0000] {dag.py:3047} INFO - Sync 1 DAGs
[2024-04-02T08:23:29.232+0000] {logging_mixin.py:188} INFO - [2024-04-02T08:23:29.231+0000] {dag.py:3834} INFO - Setting next_dagrun for example_dag_decorator to None, run_after=None
[2024-04-02T08:23:29.298+0000] {processor.py:183} INFO - Processing /home/airflow/.local/lib/python3.8/site-packages/airflow/example_dags/example_dag_decorator.py took 0.442 seconds
[2024-04-02T08:23:59.560+0000] {processor.py:161} INFO - Started process (PID=845) to work on /home/airflow/.local/lib/python3.8/site-packages/airflow/example_dags/example_dag_decorator.py
[2024-04-02T08:23:59.562+0000] {processor.py:830} INFO - Processing file /home/airflow/.local/lib/python3.8/site-packages/airflow/example_dags/example_dag_decorator.py for tasks to queue
[2024-04-02T08:23:59.565+0000] {logging_mixin.py:188} INFO - [2024-04-02T08:23:59.565+0000] {dagbag.py:540} INFO - Filling up the DagBag from /home/airflow/.local/lib/python3.8/site-packages/airflow/example_dags/example_dag_decorator.py
[2024-04-02T08:23:59.732+0000] {processor.py:840} INFO - DAG(s) 'example_dag_decorator' retrieved from /home/airflow/.local/lib/python3.8/site-packages/airflow/example_dags/example_dag_decorator.py
[2024-04-02T08:23:59.901+0000] {logging_mixin.py:188} INFO - [2024-04-02T08:23:59.901+0000] {dag.py:3047} INFO - Sync 1 DAGs
[2024-04-02T08:23:59.920+0000] {logging_mixin.py:188} INFO - [2024-04-02T08:23:59.920+0000] {dag.py:3834} INFO - Setting next_dagrun for example_dag_decorator to None, run_after=None
[2024-04-02T08:24:00.062+0000] {processor.py:183} INFO - Processing /home/airflow/.local/lib/python3.8/site-packages/airflow/example_dags/example_dag_decorator.py took 0.506 seconds
[2024-04-02T08:24:30.969+0000] {processor.py:161} INFO - Started process (PID=901) to work on /home/airflow/.local/lib/python3.8/site-packages/airflow/example_dags/example_dag_decorator.py
[2024-04-02T08:24:30.972+0000] {processor.py:830} INFO - Processing file /home/airflow/.local/lib/python3.8/site-packages/airflow/example_dags/example_dag_decorator.py for tasks to queue
[2024-04-02T08:24:30.980+0000] {logging_mixin.py:188} INFO - [2024-04-02T08:24:30.979+0000] {dagbag.py:540} INFO - Filling up the DagBag from /home/airflow/.local/lib/python3.8/site-packages/airflow/example_dags/example_dag_decorator.py
[2024-04-02T08:24:31.159+0000] {processor.py:840} INFO - DAG(s) 'example_dag_decorator' retrieved from /home/airflow/.local/lib/python3.8/site-packages/airflow/example_dags/example_dag_decorator.py
[2024-04-02T08:24:31.347+0000] {logging_mixin.py:188} INFO - [2024-04-02T08:24:31.347+0000] {dag.py:3047} INFO - Sync 1 DAGs
[2024-04-02T08:24:31.365+0000] {logging_mixin.py:188} INFO - [2024-04-02T08:24:31.365+0000] {dag.py:3834} INFO - Setting next_dagrun for example_dag_decorator to None, run_after=None
[2024-04-02T08:24:31.404+0000] {processor.py:183} INFO - Processing /home/airflow/.local/lib/python3.8/site-packages/airflow/example_dags/example_dag_decorator.py took 0.443 seconds
[2024-04-02T08:25:01.576+0000] {processor.py:161} INFO - Started process (PID=959) to work on /home/airflow/.local/lib/python3.8/site-packages/airflow/example_dags/example_dag_decorator.py
[2024-04-02T08:25:01.580+0000] {processor.py:830} INFO - Processing file /home/airflow/.local/lib/python3.8/site-packages/airflow/example_dags/example_dag_decorator.py for tasks to queue
[2024-04-02T08:25:01.583+0000] {logging_mixin.py:188} INFO - [2024-04-02T08:25:01.582+0000] {dagbag.py:540} INFO - Filling up the DagBag from /home/airflow/.local/lib/python3.8/site-packages/airflow/example_dags/example_dag_decorator.py
[2024-04-02T08:25:01.764+0000] {processor.py:840} INFO - DAG(s) 'example_dag_decorator' retrieved from /home/airflow/.local/lib/python3.8/site-packages/airflow/example_dags/example_dag_decorator.py
[2024-04-02T08:25:01.970+0000] {logging_mixin.py:188} INFO - [2024-04-02T08:25:01.970+0000] {dag.py:3047} INFO - Sync 1 DAGs
[2024-04-02T08:25:01.992+0000] {logging_mixin.py:188} INFO - [2024-04-02T08:25:01.992+0000] {dag.py:3834} INFO - Setting next_dagrun for example_dag_decorator to None, run_after=None
[2024-04-02T08:25:02.034+0000] {processor.py:183} INFO - Processing /home/airflow/.local/lib/python3.8/site-packages/airflow/example_dags/example_dag_decorator.py took 0.462 seconds
[2024-04-02T08:25:32.128+0000] {processor.py:161} INFO - Started process (PID=1017) to work on /home/airflow/.local/lib/python3.8/site-packages/airflow/example_dags/example_dag_decorator.py
[2024-04-02T08:25:32.130+0000] {processor.py:830} INFO - Processing file /home/airflow/.local/lib/python3.8/site-packages/airflow/example_dags/example_dag_decorator.py for tasks to queue
[2024-04-02T08:25:32.133+0000] {logging_mixin.py:188} INFO - [2024-04-02T08:25:32.132+0000] {dagbag.py:540} INFO - Filling up the DagBag from /home/airflow/.local/lib/python3.8/site-packages/airflow/example_dags/example_dag_decorator.py
[2024-04-02T08:25:32.275+0000] {processor.py:840} INFO - DAG(s) 'example_dag_decorator' retrieved from /home/airflow/.local/lib/python3.8/site-packages/airflow/example_dags/example_dag_decorator.py
[2024-04-02T08:25:32.484+0000] {logging_mixin.py:188} INFO - [2024-04-02T08:25:32.484+0000] {dag.py:3047} INFO - Sync 1 DAGs
[2024-04-02T08:25:32.502+0000] {logging_mixin.py:188} INFO - [2024-04-02T08:25:32.502+0000] {dag.py:3834} INFO - Setting next_dagrun for example_dag_decorator to None, run_after=None
[2024-04-02T08:25:32.546+0000] {processor.py:183} INFO - Processing /home/airflow/.local/lib/python3.8/site-packages/airflow/example_dags/example_dag_decorator.py took 0.423 seconds
[2024-04-02T08:26:03.216+0000] {processor.py:161} INFO - Started process (PID=1073) to work on /home/airflow/.local/lib/python3.8/site-packages/airflow/example_dags/example_dag_decorator.py
[2024-04-02T08:26:03.222+0000] {processor.py:830} INFO - Processing file /home/airflow/.local/lib/python3.8/site-packages/airflow/example_dags/example_dag_decorator.py for tasks to queue
[2024-04-02T08:26:03.226+0000] {logging_mixin.py:188} INFO - [2024-04-02T08:26:03.225+0000] {dagbag.py:540} INFO - Filling up the DagBag from /home/airflow/.local/lib/python3.8/site-packages/airflow/example_dags/example_dag_decorator.py
[2024-04-02T08:26:03.454+0000] {processor.py:840} INFO - DAG(s) 'example_dag_decorator' retrieved from /home/airflow/.local/lib/python3.8/site-packages/airflow/example_dags/example_dag_decorator.py
[2024-04-02T08:26:03.715+0000] {logging_mixin.py:188} INFO - [2024-04-02T08:26:03.714+0000] {dag.py:3047} INFO - Sync 1 DAGs
[2024-04-02T08:26:03.743+0000] {logging_mixin.py:188} INFO - [2024-04-02T08:26:03.743+0000] {dag.py:3834} INFO - Setting next_dagrun for example_dag_decorator to None, run_after=None
[2024-04-02T08:26:03.791+0000] {processor.py:183} INFO - Processing /home/airflow/.local/lib/python3.8/site-packages/airflow/example_dags/example_dag_decorator.py took 0.582 seconds
[2024-04-02T08:26:34.258+0000] {processor.py:161} INFO - Started process (PID=1129) to work on /home/airflow/.local/lib/python3.8/site-packages/airflow/example_dags/example_dag_decorator.py
[2024-04-02T08:26:34.261+0000] {processor.py:830} INFO - Processing file /home/airflow/.local/lib/python3.8/site-packages/airflow/example_dags/example_dag_decorator.py for tasks to queue
[2024-04-02T08:26:34.265+0000] {logging_mixin.py:188} INFO - [2024-04-02T08:26:34.264+0000] {dagbag.py:540} INFO - Filling up the DagBag from /home/airflow/.local/lib/python3.8/site-packages/airflow/example_dags/example_dag_decorator.py
[2024-04-02T08:26:34.463+0000] {processor.py:840} INFO - DAG(s) 'example_dag_decorator' retrieved from /home/airflow/.local/lib/python3.8/site-packages/airflow/example_dags/example_dag_decorator.py
[2024-04-02T08:26:34.648+0000] {logging_mixin.py:188} INFO - [2024-04-02T08:26:34.647+0000] {dag.py:3047} INFO - Sync 1 DAGs
[2024-04-02T08:26:34.666+0000] {logging_mixin.py:188} INFO - [2024-04-02T08:26:34.665+0000] {dag.py:3834} INFO - Setting next_dagrun for example_dag_decorator to None, run_after=None
[2024-04-02T08:26:34.703+0000] {processor.py:183} INFO - Processing /home/airflow/.local/lib/python3.8/site-packages/airflow/example_dags/example_dag_decorator.py took 0.450 seconds
[2024-04-02T08:27:04.782+0000] {processor.py:161} INFO - Started process (PID=1186) to work on /home/airflow/.local/lib/python3.8/site-packages/airflow/example_dags/example_dag_decorator.py
[2024-04-02T08:27:04.783+0000] {processor.py:830} INFO - Processing file /home/airflow/.local/lib/python3.8/site-packages/airflow/example_dags/example_dag_decorator.py for tasks to queue
[2024-04-02T08:27:04.789+0000] {logging_mixin.py:188} INFO - [2024-04-02T08:27:04.788+0000] {dagbag.py:540} INFO - Filling up the DagBag from /home/airflow/.local/lib/python3.8/site-packages/airflow/example_dags/example_dag_decorator.py
[2024-04-02T08:27:04.972+0000] {processor.py:840} INFO - DAG(s) 'example_dag_decorator' retrieved from /home/airflow/.local/lib/python3.8/site-packages/airflow/example_dags/example_dag_decorator.py
[2024-04-02T08:27:05.162+0000] {logging_mixin.py:188} INFO - [2024-04-02T08:27:05.161+0000] {dag.py:3047} INFO - Sync 1 DAGs
[2024-04-02T08:27:05.186+0000] {logging_mixin.py:188} INFO - [2024-04-02T08:27:05.185+0000] {dag.py:3834} INFO - Setting next_dagrun for example_dag_decorator to None, run_after=None
[2024-04-02T08:27:05.250+0000] {processor.py:183} INFO - Processing /home/airflow/.local/lib/python3.8/site-packages/airflow/example_dags/example_dag_decorator.py took 0.472 seconds
[2024-04-02T08:27:35.389+0000] {processor.py:161} INFO - Started process (PID=1243) to work on /home/airflow/.local/lib/python3.8/site-packages/airflow/example_dags/example_dag_decorator.py
[2024-04-02T08:27:35.391+0000] {processor.py:830} INFO - Processing file /home/airflow/.local/lib/python3.8/site-packages/airflow/example_dags/example_dag_decorator.py for tasks to queue
[2024-04-02T08:27:35.394+0000] {logging_mixin.py:188} INFO - [2024-04-02T08:27:35.394+0000] {dagbag.py:540} INFO - Filling up the DagBag from /home/airflow/.local/lib/python3.8/site-packages/airflow/example_dags/example_dag_decorator.py
[2024-04-02T08:27:35.549+0000] {processor.py:840} INFO - DAG(s) 'example_dag_decorator' retrieved from /home/airflow/.local/lib/python3.8/site-packages/airflow/example_dags/example_dag_decorator.py
[2024-04-02T08:27:35.743+0000] {logging_mixin.py:188} INFO - [2024-04-02T08:27:35.742+0000] {dag.py:3047} INFO - Sync 1 DAGs
[2024-04-02T08:27:35.762+0000] {logging_mixin.py:188} INFO - [2024-04-02T08:27:35.762+0000] {dag.py:3834} INFO - Setting next_dagrun for example_dag_decorator to None, run_after=None
[2024-04-02T08:27:35.799+0000] {processor.py:183} INFO - Processing /home/airflow/.local/lib/python3.8/site-packages/airflow/example_dags/example_dag_decorator.py took 0.415 seconds
[2024-04-02T08:28:05.916+0000] {processor.py:161} INFO - Started process (PID=1299) to work on /home/airflow/.local/lib/python3.8/site-packages/airflow/example_dags/example_dag_decorator.py
[2024-04-02T08:28:05.917+0000] {processor.py:830} INFO - Processing file /home/airflow/.local/lib/python3.8/site-packages/airflow/example_dags/example_dag_decorator.py for tasks to queue
[2024-04-02T08:28:05.920+0000] {logging_mixin.py:188} INFO - [2024-04-02T08:28:05.920+0000] {dagbag.py:540} INFO - Filling up the DagBag from /home/airflow/.local/lib/python3.8/site-packages/airflow/example_dags/example_dag_decorator.py
[2024-04-02T08:28:06.080+0000] {processor.py:840} INFO - DAG(s) 'example_dag_decorator' retrieved from /home/airflow/.local/lib/python3.8/site-packages/airflow/example_dags/example_dag_decorator.py
[2024-04-02T08:28:06.229+0000] {logging_mixin.py:188} INFO - [2024-04-02T08:28:06.228+0000] {dag.py:3047} INFO - Sync 1 DAGs
[2024-04-02T08:28:06.246+0000] {logging_mixin.py:188} INFO - [2024-04-02T08:28:06.245+0000] {dag.py:3834} INFO - Setting next_dagrun for example_dag_decorator to None, run_after=None
[2024-04-02T08:28:06.284+0000] {processor.py:183} INFO - Processing /home/airflow/.local/lib/python3.8/site-packages/airflow/example_dags/example_dag_decorator.py took 0.372 seconds
[2024-04-02T08:28:36.356+0000] {processor.py:161} INFO - Started process (PID=1355) to work on /home/airflow/.local/lib/python3.8/site-packages/airflow/example_dags/example_dag_decorator.py
[2024-04-02T08:28:36.357+0000] {processor.py:830} INFO - Processing file /home/airflow/.local/lib/python3.8/site-packages/airflow/example_dags/example_dag_decorator.py for tasks to queue
[2024-04-02T08:28:36.360+0000] {logging_mixin.py:188} INFO - [2024-04-02T08:28:36.359+0000] {dagbag.py:540} INFO - Filling up the DagBag from /home/airflow/.local/lib/python3.8/site-packages/airflow/example_dags/example_dag_decorator.py
[2024-04-02T08:28:36.512+0000] {processor.py:840} INFO - DAG(s) 'example_dag_decorator' retrieved from /home/airflow/.local/lib/python3.8/site-packages/airflow/example_dags/example_dag_decorator.py
[2024-04-02T08:28:36.668+0000] {logging_mixin.py:188} INFO - [2024-04-02T08:28:36.668+0000] {dag.py:3047} INFO - Sync 1 DAGs
[2024-04-02T08:28:36.685+0000] {logging_mixin.py:188} INFO - [2024-04-02T08:28:36.684+0000] {dag.py:3834} INFO - Setting next_dagrun for example_dag_decorator to None, run_after=None
[2024-04-02T08:28:36.726+0000] {processor.py:183} INFO - Processing /home/airflow/.local/lib/python3.8/site-packages/airflow/example_dags/example_dag_decorator.py took 0.374 seconds
[2024-04-02T08:29:07.402+0000] {processor.py:161} INFO - Started process (PID=1411) to work on /home/airflow/.local/lib/python3.8/site-packages/airflow/example_dags/example_dag_decorator.py
[2024-04-02T08:29:07.404+0000] {processor.py:830} INFO - Processing file /home/airflow/.local/lib/python3.8/site-packages/airflow/example_dags/example_dag_decorator.py for tasks to queue
[2024-04-02T08:29:07.407+0000] {logging_mixin.py:188} INFO - [2024-04-02T08:29:07.406+0000] {dagbag.py:540} INFO - Filling up the DagBag from /home/airflow/.local/lib/python3.8/site-packages/airflow/example_dags/example_dag_decorator.py
[2024-04-02T08:29:07.552+0000] {processor.py:840} INFO - DAG(s) 'example_dag_decorator' retrieved from /home/airflow/.local/lib/python3.8/site-packages/airflow/example_dags/example_dag_decorator.py
[2024-04-02T08:29:07.751+0000] {logging_mixin.py:188} INFO - [2024-04-02T08:29:07.750+0000] {dag.py:3047} INFO - Sync 1 DAGs
[2024-04-02T08:29:07.769+0000] {logging_mixin.py:188} INFO - [2024-04-02T08:29:07.769+0000] {dag.py:3834} INFO - Setting next_dagrun for example_dag_decorator to None, run_after=None
[2024-04-02T08:29:07.833+0000] {processor.py:183} INFO - Processing /home/airflow/.local/lib/python3.8/site-packages/airflow/example_dags/example_dag_decorator.py took 0.436 seconds
[2024-04-02T08:29:37.898+0000] {processor.py:161} INFO - Started process (PID=1467) to work on /home/airflow/.local/lib/python3.8/site-packages/airflow/example_dags/example_dag_decorator.py
[2024-04-02T08:29:37.900+0000] {processor.py:830} INFO - Processing file /home/airflow/.local/lib/python3.8/site-packages/airflow/example_dags/example_dag_decorator.py for tasks to queue
[2024-04-02T08:29:37.904+0000] {logging_mixin.py:188} INFO - [2024-04-02T08:29:37.903+0000] {dagbag.py:540} INFO - Filling up the DagBag from /home/airflow/.local/lib/python3.8/site-packages/airflow/example_dags/example_dag_decorator.py
[2024-04-02T08:29:38.111+0000] {processor.py:840} INFO - DAG(s) 'example_dag_decorator' retrieved from /home/airflow/.local/lib/python3.8/site-packages/airflow/example_dags/example_dag_decorator.py
[2024-04-02T08:29:38.380+0000] {logging_mixin.py:188} INFO - [2024-04-02T08:29:38.380+0000] {dag.py:3047} INFO - Sync 1 DAGs
[2024-04-02T08:29:38.402+0000] {logging_mixin.py:188} INFO - [2024-04-02T08:29:38.401+0000] {dag.py:3834} INFO - Setting next_dagrun for example_dag_decorator to None, run_after=None
[2024-04-02T08:29:38.444+0000] {processor.py:183} INFO - Processing /home/airflow/.local/lib/python3.8/site-packages/airflow/example_dags/example_dag_decorator.py took 0.552 seconds
[2024-04-02T08:30:08.778+0000] {processor.py:161} INFO - Started process (PID=1521) to work on /home/airflow/.local/lib/python3.8/site-packages/airflow/example_dags/example_dag_decorator.py
[2024-04-02T08:30:08.780+0000] {processor.py:830} INFO - Processing file /home/airflow/.local/lib/python3.8/site-packages/airflow/example_dags/example_dag_decorator.py for tasks to queue
[2024-04-02T08:30:08.783+0000] {logging_mixin.py:188} INFO - [2024-04-02T08:30:08.782+0000] {dagbag.py:540} INFO - Filling up the DagBag from /home/airflow/.local/lib/python3.8/site-packages/airflow/example_dags/example_dag_decorator.py
[2024-04-02T08:30:08.975+0000] {processor.py:840} INFO - DAG(s) 'example_dag_decorator' retrieved from /home/airflow/.local/lib/python3.8/site-packages/airflow/example_dags/example_dag_decorator.py
[2024-04-02T08:30:09.471+0000] {logging_mixin.py:188} INFO - [2024-04-02T08:30:09.470+0000] {dag.py:3047} INFO - Sync 1 DAGs
[2024-04-02T08:30:09.502+0000] {logging_mixin.py:188} INFO - [2024-04-02T08:30:09.502+0000] {dag.py:3834} INFO - Setting next_dagrun for example_dag_decorator to None, run_after=None
[2024-04-02T08:30:09.566+0000] {processor.py:183} INFO - Processing /home/airflow/.local/lib/python3.8/site-packages/airflow/example_dags/example_dag_decorator.py took 0.794 seconds
[2024-04-02T08:30:40.463+0000] {processor.py:161} INFO - Started process (PID=1577) to work on /home/airflow/.local/lib/python3.8/site-packages/airflow/example_dags/example_dag_decorator.py
[2024-04-02T08:30:40.464+0000] {processor.py:830} INFO - Processing file /home/airflow/.local/lib/python3.8/site-packages/airflow/example_dags/example_dag_decorator.py for tasks to queue
[2024-04-02T08:30:40.467+0000] {logging_mixin.py:188} INFO - [2024-04-02T08:30:40.467+0000] {dagbag.py:540} INFO - Filling up the DagBag from /home/airflow/.local/lib/python3.8/site-packages/airflow/example_dags/example_dag_decorator.py
[2024-04-02T08:30:40.647+0000] {processor.py:840} INFO - DAG(s) 'example_dag_decorator' retrieved from /home/airflow/.local/lib/python3.8/site-packages/airflow/example_dags/example_dag_decorator.py
[2024-04-02T08:30:40.812+0000] {logging_mixin.py:188} INFO - [2024-04-02T08:30:40.811+0000] {dag.py:3047} INFO - Sync 1 DAGs
[2024-04-02T08:30:40.829+0000] {logging_mixin.py:188} INFO - [2024-04-02T08:30:40.828+0000] {dag.py:3834} INFO - Setting next_dagrun for example_dag_decorator to None, run_after=None
[2024-04-02T08:30:40.863+0000] {processor.py:183} INFO - Processing /home/airflow/.local/lib/python3.8/site-packages/airflow/example_dags/example_dag_decorator.py took 0.405 seconds
[2024-04-02T08:31:11.030+0000] {processor.py:161} INFO - Started process (PID=1634) to work on /home/airflow/.local/lib/python3.8/site-packages/airflow/example_dags/example_dag_decorator.py
[2024-04-02T08:31:11.032+0000] {processor.py:830} INFO - Processing file /home/airflow/.local/lib/python3.8/site-packages/airflow/example_dags/example_dag_decorator.py for tasks to queue
[2024-04-02T08:31:11.034+0000] {logging_mixin.py:188} INFO - [2024-04-02T08:31:11.034+0000] {dagbag.py:540} INFO - Filling up the DagBag from /home/airflow/.local/lib/python3.8/site-packages/airflow/example_dags/example_dag_decorator.py
[2024-04-02T08:31:11.192+0000] {processor.py:840} INFO - DAG(s) 'example_dag_decorator' retrieved from /home/airflow/.local/lib/python3.8/site-packages/airflow/example_dags/example_dag_decorator.py
[2024-04-02T08:31:11.409+0000] {logging_mixin.py:188} INFO - [2024-04-02T08:31:11.409+0000] {dag.py:3047} INFO - Sync 1 DAGs
[2024-04-02T08:31:11.427+0000] {logging_mixin.py:188} INFO - [2024-04-02T08:31:11.427+0000] {dag.py:3834} INFO - Setting next_dagrun for example_dag_decorator to None, run_after=None
[2024-04-02T08:31:11.460+0000] {processor.py:183} INFO - Processing /home/airflow/.local/lib/python3.8/site-packages/airflow/example_dags/example_dag_decorator.py took 0.434 seconds
