[2024-04-02T07:45:24.328+0000] {processor.py:161} INFO - Started process (PID=66) to work on /home/airflow/.local/lib/python3.8/site-packages/airflow/example_dags/example_latest_only.py
[2024-04-02T07:45:24.345+0000] {processor.py:830} INFO - Processing file /home/airflow/.local/lib/python3.8/site-packages/airflow/example_dags/example_latest_only.py for tasks to queue
[2024-04-02T07:45:24.349+0000] {logging_mixin.py:188} INFO - [2024-04-02T07:45:24.348+0000] {dagbag.py:540} INFO - Filling up the DagBag from /home/airflow/.local/lib/python3.8/site-packages/airflow/example_dags/example_latest_only.py
[2024-04-02T07:45:24.363+0000] {processor.py:840} INFO - DAG(s) 'latest_only' retrieved from /home/airflow/.local/lib/python3.8/site-packages/airflow/example_dags/example_latest_only.py
[2024-04-02T07:45:24.905+0000] {logging_mixin.py:188} INFO - [2024-04-02T07:45:24.904+0000] {dag.py:3047} INFO - Sync 1 DAGs
[2024-04-02T07:45:24.985+0000] {logging_mixin.py:188} INFO - [2024-04-02T07:45:24.984+0000] {dag.py:3834} INFO - Setting next_dagrun for latest_only to 2024-04-02 00:00:00+00:00, run_after=2024-04-02 04:00:00+00:00
[2024-04-02T07:45:25.040+0000] {processor.py:183} INFO - Processing /home/airflow/.local/lib/python3.8/site-packages/airflow/example_dags/example_latest_only.py took 0.768 seconds
[2024-04-02T07:45:55.311+0000] {processor.py:161} INFO - Started process (PID=122) to work on /home/airflow/.local/lib/python3.8/site-packages/airflow/example_dags/example_latest_only.py
[2024-04-02T07:45:55.312+0000] {processor.py:830} INFO - Processing file /home/airflow/.local/lib/python3.8/site-packages/airflow/example_dags/example_latest_only.py for tasks to queue
[2024-04-02T07:45:55.315+0000] {logging_mixin.py:188} INFO - [2024-04-02T07:45:55.314+0000] {dagbag.py:540} INFO - Filling up the DagBag from /home/airflow/.local/lib/python3.8/site-packages/airflow/example_dags/example_latest_only.py
[2024-04-02T07:45:55.320+0000] {processor.py:840} INFO - DAG(s) 'latest_only' retrieved from /home/airflow/.local/lib/python3.8/site-packages/airflow/example_dags/example_latest_only.py
[2024-04-02T07:45:55.345+0000] {logging_mixin.py:188} INFO - [2024-04-02T07:45:55.344+0000] {dag.py:3047} INFO - Sync 1 DAGs
[2024-04-02T07:45:55.377+0000] {logging_mixin.py:188} INFO - [2024-04-02T07:45:55.377+0000] {dag.py:3834} INFO - Setting next_dagrun for latest_only to 2024-04-02 00:00:00+00:00, run_after=2024-04-02 04:00:00+00:00
[2024-04-02T07:45:55.412+0000] {processor.py:183} INFO - Processing /home/airflow/.local/lib/python3.8/site-packages/airflow/example_dags/example_latest_only.py took 0.105 seconds
[2024-04-02T07:46:25.844+0000] {processor.py:161} INFO - Started process (PID=178) to work on /home/airflow/.local/lib/python3.8/site-packages/airflow/example_dags/example_latest_only.py
[2024-04-02T07:46:25.846+0000] {processor.py:830} INFO - Processing file /home/airflow/.local/lib/python3.8/site-packages/airflow/example_dags/example_latest_only.py for tasks to queue
[2024-04-02T07:46:25.850+0000] {logging_mixin.py:188} INFO - [2024-04-02T07:46:25.849+0000] {dagbag.py:540} INFO - Filling up the DagBag from /home/airflow/.local/lib/python3.8/site-packages/airflow/example_dags/example_latest_only.py
[2024-04-02T07:46:25.860+0000] {processor.py:840} INFO - DAG(s) 'latest_only' retrieved from /home/airflow/.local/lib/python3.8/site-packages/airflow/example_dags/example_latest_only.py
[2024-04-02T07:46:25.891+0000] {logging_mixin.py:188} INFO - [2024-04-02T07:46:25.891+0000] {dag.py:3047} INFO - Sync 1 DAGs
[2024-04-02T07:46:25.933+0000] {logging_mixin.py:188} INFO - [2024-04-02T07:46:25.933+0000] {dag.py:3834} INFO - Setting next_dagrun for latest_only to 2024-04-02 00:00:00+00:00, run_after=2024-04-02 04:00:00+00:00
[2024-04-02T07:46:25.980+0000] {processor.py:183} INFO - Processing /home/airflow/.local/lib/python3.8/site-packages/airflow/example_dags/example_latest_only.py took 0.141 seconds
[2024-04-02T07:46:58.408+0000] {processor.py:161} INFO - Started process (PID=234) to work on /home/airflow/.local/lib/python3.8/site-packages/airflow/example_dags/example_latest_only.py
[2024-04-02T07:46:58.426+0000] {processor.py:830} INFO - Processing file /home/airflow/.local/lib/python3.8/site-packages/airflow/example_dags/example_latest_only.py for tasks to queue
[2024-04-02T07:46:58.431+0000] {logging_mixin.py:188} INFO - [2024-04-02T07:46:58.430+0000] {dagbag.py:540} INFO - Filling up the DagBag from /home/airflow/.local/lib/python3.8/site-packages/airflow/example_dags/example_latest_only.py
[2024-04-02T07:46:58.447+0000] {processor.py:840} INFO - DAG(s) 'latest_only' retrieved from /home/airflow/.local/lib/python3.8/site-packages/airflow/example_dags/example_latest_only.py
[2024-04-02T07:46:58.507+0000] {logging_mixin.py:188} INFO - [2024-04-02T07:46:58.506+0000] {dag.py:3047} INFO - Sync 1 DAGs
[2024-04-02T07:46:58.592+0000] {logging_mixin.py:188} INFO - [2024-04-02T07:46:58.592+0000] {dag.py:3834} INFO - Setting next_dagrun for latest_only to 2024-04-02 00:00:00+00:00, run_after=2024-04-02 04:00:00+00:00
[2024-04-02T07:46:58.671+0000] {processor.py:183} INFO - Processing /home/airflow/.local/lib/python3.8/site-packages/airflow/example_dags/example_latest_only.py took 0.269 seconds
[2024-04-02T07:47:29.525+0000] {processor.py:161} INFO - Started process (PID=290) to work on /home/airflow/.local/lib/python3.8/site-packages/airflow/example_dags/example_latest_only.py
[2024-04-02T07:47:29.535+0000] {processor.py:830} INFO - Processing file /home/airflow/.local/lib/python3.8/site-packages/airflow/example_dags/example_latest_only.py for tasks to queue
[2024-04-02T07:47:29.537+0000] {logging_mixin.py:188} INFO - [2024-04-02T07:47:29.537+0000] {dagbag.py:540} INFO - Filling up the DagBag from /home/airflow/.local/lib/python3.8/site-packages/airflow/example_dags/example_latest_only.py
[2024-04-02T07:47:29.544+0000] {processor.py:840} INFO - DAG(s) 'latest_only' retrieved from /home/airflow/.local/lib/python3.8/site-packages/airflow/example_dags/example_latest_only.py
[2024-04-02T07:47:29.575+0000] {logging_mixin.py:188} INFO - [2024-04-02T07:47:29.574+0000] {dag.py:3047} INFO - Sync 1 DAGs
[2024-04-02T07:47:29.621+0000] {logging_mixin.py:188} INFO - [2024-04-02T07:47:29.621+0000] {dag.py:3834} INFO - Setting next_dagrun for latest_only to 2024-04-02 00:00:00+00:00, run_after=2024-04-02 04:00:00+00:00
[2024-04-02T07:47:29.670+0000] {processor.py:183} INFO - Processing /home/airflow/.local/lib/python3.8/site-packages/airflow/example_dags/example_latest_only.py took 0.149 seconds
[2024-04-02T07:48:00.168+0000] {processor.py:161} INFO - Started process (PID=346) to work on /home/airflow/.local/lib/python3.8/site-packages/airflow/example_dags/example_latest_only.py
[2024-04-02T07:48:00.180+0000] {processor.py:830} INFO - Processing file /home/airflow/.local/lib/python3.8/site-packages/airflow/example_dags/example_latest_only.py for tasks to queue
[2024-04-02T07:48:00.182+0000] {logging_mixin.py:188} INFO - [2024-04-02T07:48:00.182+0000] {dagbag.py:540} INFO - Filling up the DagBag from /home/airflow/.local/lib/python3.8/site-packages/airflow/example_dags/example_latest_only.py
[2024-04-02T07:48:00.191+0000] {processor.py:840} INFO - DAG(s) 'latest_only' retrieved from /home/airflow/.local/lib/python3.8/site-packages/airflow/example_dags/example_latest_only.py
[2024-04-02T07:48:00.234+0000] {logging_mixin.py:188} INFO - [2024-04-02T07:48:00.234+0000] {dag.py:3047} INFO - Sync 1 DAGs
[2024-04-02T07:48:00.295+0000] {logging_mixin.py:188} INFO - [2024-04-02T07:48:00.294+0000] {dag.py:3834} INFO - Setting next_dagrun for latest_only to 2024-04-02 00:00:00+00:00, run_after=2024-04-02 04:00:00+00:00
[2024-04-02T07:48:00.341+0000] {processor.py:183} INFO - Processing /home/airflow/.local/lib/python3.8/site-packages/airflow/example_dags/example_latest_only.py took 0.176 seconds
[2024-04-02T07:48:30.558+0000] {processor.py:161} INFO - Started process (PID=402) to work on /home/airflow/.local/lib/python3.8/site-packages/airflow/example_dags/example_latest_only.py
[2024-04-02T07:48:30.575+0000] {processor.py:830} INFO - Processing file /home/airflow/.local/lib/python3.8/site-packages/airflow/example_dags/example_latest_only.py for tasks to queue
[2024-04-02T07:48:30.579+0000] {logging_mixin.py:188} INFO - [2024-04-02T07:48:30.578+0000] {dagbag.py:540} INFO - Filling up the DagBag from /home/airflow/.local/lib/python3.8/site-packages/airflow/example_dags/example_latest_only.py
[2024-04-02T07:48:30.588+0000] {processor.py:840} INFO - DAG(s) 'latest_only' retrieved from /home/airflow/.local/lib/python3.8/site-packages/airflow/example_dags/example_latest_only.py
[2024-04-02T07:48:30.618+0000] {logging_mixin.py:188} INFO - [2024-04-02T07:48:30.618+0000] {dag.py:3047} INFO - Sync 1 DAGs
[2024-04-02T07:48:30.656+0000] {logging_mixin.py:188} INFO - [2024-04-02T07:48:30.656+0000] {dag.py:3834} INFO - Setting next_dagrun for latest_only to 2024-04-02 00:00:00+00:00, run_after=2024-04-02 04:00:00+00:00
[2024-04-02T07:48:30.701+0000] {processor.py:183} INFO - Processing /home/airflow/.local/lib/python3.8/site-packages/airflow/example_dags/example_latest_only.py took 0.147 seconds
[2024-04-02T07:49:01.025+0000] {processor.py:161} INFO - Started process (PID=458) to work on /home/airflow/.local/lib/python3.8/site-packages/airflow/example_dags/example_latest_only.py
[2024-04-02T07:49:01.027+0000] {processor.py:830} INFO - Processing file /home/airflow/.local/lib/python3.8/site-packages/airflow/example_dags/example_latest_only.py for tasks to queue
[2024-04-02T07:49:01.032+0000] {logging_mixin.py:188} INFO - [2024-04-02T07:49:01.031+0000] {dagbag.py:540} INFO - Filling up the DagBag from /home/airflow/.local/lib/python3.8/site-packages/airflow/example_dags/example_latest_only.py
[2024-04-02T07:49:01.042+0000] {processor.py:840} INFO - DAG(s) 'latest_only' retrieved from /home/airflow/.local/lib/python3.8/site-packages/airflow/example_dags/example_latest_only.py
[2024-04-02T07:49:01.105+0000] {logging_mixin.py:188} INFO - [2024-04-02T07:49:01.104+0000] {dag.py:3047} INFO - Sync 1 DAGs
[2024-04-02T07:49:01.173+0000] {logging_mixin.py:188} INFO - [2024-04-02T07:49:01.172+0000] {dag.py:3834} INFO - Setting next_dagrun for latest_only to 2024-04-02 00:00:00+00:00, run_after=2024-04-02 04:00:00+00:00
[2024-04-02T07:49:01.214+0000] {processor.py:183} INFO - Processing /home/airflow/.local/lib/python3.8/site-packages/airflow/example_dags/example_latest_only.py took 0.194 seconds
[2024-04-02T07:49:31.322+0000] {processor.py:161} INFO - Started process (PID=514) to work on /home/airflow/.local/lib/python3.8/site-packages/airflow/example_dags/example_latest_only.py
[2024-04-02T07:49:31.323+0000] {processor.py:830} INFO - Processing file /home/airflow/.local/lib/python3.8/site-packages/airflow/example_dags/example_latest_only.py for tasks to queue
[2024-04-02T07:49:31.327+0000] {logging_mixin.py:188} INFO - [2024-04-02T07:49:31.326+0000] {dagbag.py:540} INFO - Filling up the DagBag from /home/airflow/.local/lib/python3.8/site-packages/airflow/example_dags/example_latest_only.py
[2024-04-02T07:49:31.335+0000] {processor.py:840} INFO - DAG(s) 'latest_only' retrieved from /home/airflow/.local/lib/python3.8/site-packages/airflow/example_dags/example_latest_only.py
[2024-04-02T07:49:31.367+0000] {logging_mixin.py:188} INFO - [2024-04-02T07:49:31.367+0000] {dag.py:3047} INFO - Sync 1 DAGs
[2024-04-02T07:49:31.411+0000] {logging_mixin.py:188} INFO - [2024-04-02T07:49:31.410+0000] {dag.py:3834} INFO - Setting next_dagrun for latest_only to 2024-04-02 00:00:00+00:00, run_after=2024-04-02 04:00:00+00:00
[2024-04-02T07:49:31.443+0000] {processor.py:183} INFO - Processing /home/airflow/.local/lib/python3.8/site-packages/airflow/example_dags/example_latest_only.py took 0.126 seconds
[2024-04-02T07:50:01.707+0000] {processor.py:161} INFO - Started process (PID=570) to work on /home/airflow/.local/lib/python3.8/site-packages/airflow/example_dags/example_latest_only.py
[2024-04-02T07:50:01.708+0000] {processor.py:830} INFO - Processing file /home/airflow/.local/lib/python3.8/site-packages/airflow/example_dags/example_latest_only.py for tasks to queue
[2024-04-02T07:50:01.711+0000] {logging_mixin.py:188} INFO - [2024-04-02T07:50:01.711+0000] {dagbag.py:540} INFO - Filling up the DagBag from /home/airflow/.local/lib/python3.8/site-packages/airflow/example_dags/example_latest_only.py
[2024-04-02T07:50:01.719+0000] {processor.py:840} INFO - DAG(s) 'latest_only' retrieved from /home/airflow/.local/lib/python3.8/site-packages/airflow/example_dags/example_latest_only.py
[2024-04-02T07:50:01.747+0000] {logging_mixin.py:188} INFO - [2024-04-02T07:50:01.746+0000] {dag.py:3047} INFO - Sync 1 DAGs
[2024-04-02T07:50:01.797+0000] {logging_mixin.py:188} INFO - [2024-04-02T07:50:01.797+0000] {dag.py:3834} INFO - Setting next_dagrun for latest_only to 2024-04-02 00:00:00+00:00, run_after=2024-04-02 04:00:00+00:00
[2024-04-02T07:50:01.847+0000] {processor.py:183} INFO - Processing /home/airflow/.local/lib/python3.8/site-packages/airflow/example_dags/example_latest_only.py took 0.145 seconds
[2024-04-02T07:50:32.061+0000] {processor.py:161} INFO - Started process (PID=626) to work on /home/airflow/.local/lib/python3.8/site-packages/airflow/example_dags/example_latest_only.py
[2024-04-02T07:50:32.063+0000] {processor.py:830} INFO - Processing file /home/airflow/.local/lib/python3.8/site-packages/airflow/example_dags/example_latest_only.py for tasks to queue
[2024-04-02T07:50:32.067+0000] {logging_mixin.py:188} INFO - [2024-04-02T07:50:32.066+0000] {dagbag.py:540} INFO - Filling up the DagBag from /home/airflow/.local/lib/python3.8/site-packages/airflow/example_dags/example_latest_only.py
[2024-04-02T07:50:32.076+0000] {processor.py:840} INFO - DAG(s) 'latest_only' retrieved from /home/airflow/.local/lib/python3.8/site-packages/airflow/example_dags/example_latest_only.py
[2024-04-02T07:50:32.131+0000] {logging_mixin.py:188} INFO - [2024-04-02T07:50:32.130+0000] {dag.py:3047} INFO - Sync 1 DAGs
[2024-04-02T07:50:32.186+0000] {logging_mixin.py:188} INFO - [2024-04-02T07:50:32.185+0000] {dag.py:3834} INFO - Setting next_dagrun for latest_only to 2024-04-02 00:00:00+00:00, run_after=2024-04-02 04:00:00+00:00
[2024-04-02T07:50:32.238+0000] {processor.py:183} INFO - Processing /home/airflow/.local/lib/python3.8/site-packages/airflow/example_dags/example_latest_only.py took 0.183 seconds
[2024-04-02T07:51:02.331+0000] {processor.py:161} INFO - Started process (PID=682) to work on /home/airflow/.local/lib/python3.8/site-packages/airflow/example_dags/example_latest_only.py
[2024-04-02T07:51:02.336+0000] {processor.py:830} INFO - Processing file /home/airflow/.local/lib/python3.8/site-packages/airflow/example_dags/example_latest_only.py for tasks to queue
[2024-04-02T07:51:02.340+0000] {logging_mixin.py:188} INFO - [2024-04-02T07:51:02.339+0000] {dagbag.py:540} INFO - Filling up the DagBag from /home/airflow/.local/lib/python3.8/site-packages/airflow/example_dags/example_latest_only.py
[2024-04-02T07:51:02.353+0000] {processor.py:840} INFO - DAG(s) 'latest_only' retrieved from /home/airflow/.local/lib/python3.8/site-packages/airflow/example_dags/example_latest_only.py
[2024-04-02T07:51:02.422+0000] {logging_mixin.py:188} INFO - [2024-04-02T07:51:02.422+0000] {dag.py:3047} INFO - Sync 1 DAGs
[2024-04-02T07:51:02.460+0000] {logging_mixin.py:188} INFO - [2024-04-02T07:51:02.459+0000] {dag.py:3834} INFO - Setting next_dagrun for latest_only to 2024-04-02 00:00:00+00:00, run_after=2024-04-02 04:00:00+00:00
[2024-04-02T07:51:02.495+0000] {processor.py:183} INFO - Processing /home/airflow/.local/lib/python3.8/site-packages/airflow/example_dags/example_latest_only.py took 0.168 seconds
[2024-04-02T07:51:32.960+0000] {processor.py:161} INFO - Started process (PID=738) to work on /home/airflow/.local/lib/python3.8/site-packages/airflow/example_dags/example_latest_only.py
[2024-04-02T07:51:32.961+0000] {processor.py:830} INFO - Processing file /home/airflow/.local/lib/python3.8/site-packages/airflow/example_dags/example_latest_only.py for tasks to queue
[2024-04-02T07:51:32.965+0000] {logging_mixin.py:188} INFO - [2024-04-02T07:51:32.964+0000] {dagbag.py:540} INFO - Filling up the DagBag from /home/airflow/.local/lib/python3.8/site-packages/airflow/example_dags/example_latest_only.py
[2024-04-02T07:51:32.974+0000] {processor.py:840} INFO - DAG(s) 'latest_only' retrieved from /home/airflow/.local/lib/python3.8/site-packages/airflow/example_dags/example_latest_only.py
[2024-04-02T07:51:33.011+0000] {logging_mixin.py:188} INFO - [2024-04-02T07:51:33.011+0000] {dag.py:3047} INFO - Sync 1 DAGs
[2024-04-02T07:51:33.047+0000] {logging_mixin.py:188} INFO - [2024-04-02T07:51:33.046+0000] {dag.py:3834} INFO - Setting next_dagrun for latest_only to 2024-04-02 00:00:00+00:00, run_after=2024-04-02 04:00:00+00:00
[2024-04-02T07:51:33.082+0000] {processor.py:183} INFO - Processing /home/airflow/.local/lib/python3.8/site-packages/airflow/example_dags/example_latest_only.py took 0.126 seconds
[2024-04-02T07:52:04.031+0000] {processor.py:161} INFO - Started process (PID=794) to work on /home/airflow/.local/lib/python3.8/site-packages/airflow/example_dags/example_latest_only.py
[2024-04-02T07:52:04.033+0000] {processor.py:830} INFO - Processing file /home/airflow/.local/lib/python3.8/site-packages/airflow/example_dags/example_latest_only.py for tasks to queue
[2024-04-02T07:52:04.036+0000] {logging_mixin.py:188} INFO - [2024-04-02T07:52:04.036+0000] {dagbag.py:540} INFO - Filling up the DagBag from /home/airflow/.local/lib/python3.8/site-packages/airflow/example_dags/example_latest_only.py
[2024-04-02T07:52:04.044+0000] {processor.py:840} INFO - DAG(s) 'latest_only' retrieved from /home/airflow/.local/lib/python3.8/site-packages/airflow/example_dags/example_latest_only.py
[2024-04-02T07:52:04.074+0000] {logging_mixin.py:188} INFO - [2024-04-02T07:52:04.073+0000] {dag.py:3047} INFO - Sync 1 DAGs
[2024-04-02T07:52:04.106+0000] {logging_mixin.py:188} INFO - [2024-04-02T07:52:04.106+0000] {dag.py:3834} INFO - Setting next_dagrun for latest_only to 2024-04-02 00:00:00+00:00, run_after=2024-04-02 04:00:00+00:00
[2024-04-02T07:52:04.139+0000] {processor.py:183} INFO - Processing /home/airflow/.local/lib/python3.8/site-packages/airflow/example_dags/example_latest_only.py took 0.112 seconds
[2024-04-02T07:52:35.071+0000] {processor.py:161} INFO - Started process (PID=850) to work on /home/airflow/.local/lib/python3.8/site-packages/airflow/example_dags/example_latest_only.py
[2024-04-02T07:52:35.072+0000] {processor.py:830} INFO - Processing file /home/airflow/.local/lib/python3.8/site-packages/airflow/example_dags/example_latest_only.py for tasks to queue
[2024-04-02T07:52:35.075+0000] {logging_mixin.py:188} INFO - [2024-04-02T07:52:35.074+0000] {dagbag.py:540} INFO - Filling up the DagBag from /home/airflow/.local/lib/python3.8/site-packages/airflow/example_dags/example_latest_only.py
[2024-04-02T07:52:35.082+0000] {processor.py:840} INFO - DAG(s) 'latest_only' retrieved from /home/airflow/.local/lib/python3.8/site-packages/airflow/example_dags/example_latest_only.py
[2024-04-02T07:52:35.108+0000] {logging_mixin.py:188} INFO - [2024-04-02T07:52:35.108+0000] {dag.py:3047} INFO - Sync 1 DAGs
[2024-04-02T07:52:35.142+0000] {logging_mixin.py:188} INFO - [2024-04-02T07:52:35.141+0000] {dag.py:3834} INFO - Setting next_dagrun for latest_only to 2024-04-02 00:00:00+00:00, run_after=2024-04-02 04:00:00+00:00
[2024-04-02T07:52:35.194+0000] {processor.py:183} INFO - Processing /home/airflow/.local/lib/python3.8/site-packages/airflow/example_dags/example_latest_only.py took 0.127 seconds
[2024-04-02T07:53:06.017+0000] {processor.py:161} INFO - Started process (PID=906) to work on /home/airflow/.local/lib/python3.8/site-packages/airflow/example_dags/example_latest_only.py
[2024-04-02T07:53:06.021+0000] {processor.py:830} INFO - Processing file /home/airflow/.local/lib/python3.8/site-packages/airflow/example_dags/example_latest_only.py for tasks to queue
[2024-04-02T07:53:06.026+0000] {logging_mixin.py:188} INFO - [2024-04-02T07:53:06.025+0000] {dagbag.py:540} INFO - Filling up the DagBag from /home/airflow/.local/lib/python3.8/site-packages/airflow/example_dags/example_latest_only.py
[2024-04-02T07:53:06.039+0000] {processor.py:840} INFO - DAG(s) 'latest_only' retrieved from /home/airflow/.local/lib/python3.8/site-packages/airflow/example_dags/example_latest_only.py
[2024-04-02T07:53:06.082+0000] {logging_mixin.py:188} INFO - [2024-04-02T07:53:06.081+0000] {dag.py:3047} INFO - Sync 1 DAGs
[2024-04-02T07:53:06.133+0000] {logging_mixin.py:188} INFO - [2024-04-02T07:53:06.133+0000] {dag.py:3834} INFO - Setting next_dagrun for latest_only to 2024-04-02 00:00:00+00:00, run_after=2024-04-02 04:00:00+00:00
[2024-04-02T07:53:06.190+0000] {processor.py:183} INFO - Processing /home/airflow/.local/lib/python3.8/site-packages/airflow/example_dags/example_latest_only.py took 0.178 seconds
[2024-04-02T07:53:36.437+0000] {processor.py:161} INFO - Started process (PID=962) to work on /home/airflow/.local/lib/python3.8/site-packages/airflow/example_dags/example_latest_only.py
[2024-04-02T07:53:36.439+0000] {processor.py:830} INFO - Processing file /home/airflow/.local/lib/python3.8/site-packages/airflow/example_dags/example_latest_only.py for tasks to queue
[2024-04-02T07:53:36.443+0000] {logging_mixin.py:188} INFO - [2024-04-02T07:53:36.442+0000] {dagbag.py:540} INFO - Filling up the DagBag from /home/airflow/.local/lib/python3.8/site-packages/airflow/example_dags/example_latest_only.py
[2024-04-02T07:53:36.451+0000] {processor.py:840} INFO - DAG(s) 'latest_only' retrieved from /home/airflow/.local/lib/python3.8/site-packages/airflow/example_dags/example_latest_only.py
[2024-04-02T07:53:36.484+0000] {logging_mixin.py:188} INFO - [2024-04-02T07:53:36.483+0000] {dag.py:3047} INFO - Sync 1 DAGs
[2024-04-02T07:53:36.523+0000] {logging_mixin.py:188} INFO - [2024-04-02T07:53:36.522+0000] {dag.py:3834} INFO - Setting next_dagrun for latest_only to 2024-04-02 00:00:00+00:00, run_after=2024-04-02 04:00:00+00:00
[2024-04-02T07:53:36.562+0000] {processor.py:183} INFO - Processing /home/airflow/.local/lib/python3.8/site-packages/airflow/example_dags/example_latest_only.py took 0.130 seconds
[2024-04-02T07:54:06.720+0000] {processor.py:161} INFO - Started process (PID=1018) to work on /home/airflow/.local/lib/python3.8/site-packages/airflow/example_dags/example_latest_only.py
[2024-04-02T07:54:06.721+0000] {processor.py:830} INFO - Processing file /home/airflow/.local/lib/python3.8/site-packages/airflow/example_dags/example_latest_only.py for tasks to queue
[2024-04-02T07:54:06.726+0000] {logging_mixin.py:188} INFO - [2024-04-02T07:54:06.725+0000] {dagbag.py:540} INFO - Filling up the DagBag from /home/airflow/.local/lib/python3.8/site-packages/airflow/example_dags/example_latest_only.py
[2024-04-02T07:54:06.732+0000] {processor.py:840} INFO - DAG(s) 'latest_only' retrieved from /home/airflow/.local/lib/python3.8/site-packages/airflow/example_dags/example_latest_only.py
[2024-04-02T07:54:06.764+0000] {logging_mixin.py:188} INFO - [2024-04-02T07:54:06.764+0000] {dag.py:3047} INFO - Sync 1 DAGs
[2024-04-02T07:54:06.806+0000] {logging_mixin.py:188} INFO - [2024-04-02T07:54:06.806+0000] {dag.py:3834} INFO - Setting next_dagrun for latest_only to 2024-04-02 00:00:00+00:00, run_after=2024-04-02 04:00:00+00:00
[2024-04-02T07:54:06.847+0000] {processor.py:183} INFO - Processing /home/airflow/.local/lib/python3.8/site-packages/airflow/example_dags/example_latest_only.py took 0.130 seconds
[2024-04-02T07:54:37.368+0000] {processor.py:161} INFO - Started process (PID=1074) to work on /home/airflow/.local/lib/python3.8/site-packages/airflow/example_dags/example_latest_only.py
[2024-04-02T07:54:37.370+0000] {processor.py:830} INFO - Processing file /home/airflow/.local/lib/python3.8/site-packages/airflow/example_dags/example_latest_only.py for tasks to queue
[2024-04-02T07:54:37.373+0000] {logging_mixin.py:188} INFO - [2024-04-02T07:54:37.373+0000] {dagbag.py:540} INFO - Filling up the DagBag from /home/airflow/.local/lib/python3.8/site-packages/airflow/example_dags/example_latest_only.py
[2024-04-02T07:54:37.381+0000] {processor.py:840} INFO - DAG(s) 'latest_only' retrieved from /home/airflow/.local/lib/python3.8/site-packages/airflow/example_dags/example_latest_only.py
[2024-04-02T07:54:37.422+0000] {logging_mixin.py:188} INFO - [2024-04-02T07:54:37.421+0000] {dag.py:3047} INFO - Sync 1 DAGs
[2024-04-02T07:54:37.456+0000] {logging_mixin.py:188} INFO - [2024-04-02T07:54:37.456+0000] {dag.py:3834} INFO - Setting next_dagrun for latest_only to 2024-04-02 00:00:00+00:00, run_after=2024-04-02 04:00:00+00:00
[2024-04-02T07:54:37.494+0000] {processor.py:183} INFO - Processing /home/airflow/.local/lib/python3.8/site-packages/airflow/example_dags/example_latest_only.py took 0.130 seconds
[2024-04-02T07:55:08.090+0000] {processor.py:161} INFO - Started process (PID=1136) to work on /home/airflow/.local/lib/python3.8/site-packages/airflow/example_dags/example_latest_only.py
[2024-04-02T07:55:08.091+0000] {processor.py:830} INFO - Processing file /home/airflow/.local/lib/python3.8/site-packages/airflow/example_dags/example_latest_only.py for tasks to queue
[2024-04-02T07:55:08.096+0000] {logging_mixin.py:188} INFO - [2024-04-02T07:55:08.096+0000] {dagbag.py:540} INFO - Filling up the DagBag from /home/airflow/.local/lib/python3.8/site-packages/airflow/example_dags/example_latest_only.py
[2024-04-02T07:55:08.103+0000] {processor.py:840} INFO - DAG(s) 'latest_only' retrieved from /home/airflow/.local/lib/python3.8/site-packages/airflow/example_dags/example_latest_only.py
[2024-04-02T07:55:08.135+0000] {logging_mixin.py:188} INFO - [2024-04-02T07:55:08.134+0000] {dag.py:3047} INFO - Sync 1 DAGs
[2024-04-02T07:55:08.184+0000] {logging_mixin.py:188} INFO - [2024-04-02T07:55:08.183+0000] {dag.py:3834} INFO - Setting next_dagrun for latest_only to 2024-04-02 00:00:00+00:00, run_after=2024-04-02 04:00:00+00:00
[2024-04-02T07:55:08.222+0000] {processor.py:183} INFO - Processing /home/airflow/.local/lib/python3.8/site-packages/airflow/example_dags/example_latest_only.py took 0.136 seconds
[2024-04-02T07:55:38.808+0000] {processor.py:161} INFO - Started process (PID=1192) to work on /home/airflow/.local/lib/python3.8/site-packages/airflow/example_dags/example_latest_only.py
[2024-04-02T07:55:38.810+0000] {processor.py:830} INFO - Processing file /home/airflow/.local/lib/python3.8/site-packages/airflow/example_dags/example_latest_only.py for tasks to queue
[2024-04-02T07:55:38.815+0000] {logging_mixin.py:188} INFO - [2024-04-02T07:55:38.814+0000] {dagbag.py:540} INFO - Filling up the DagBag from /home/airflow/.local/lib/python3.8/site-packages/airflow/example_dags/example_latest_only.py
[2024-04-02T07:55:38.823+0000] {processor.py:840} INFO - DAG(s) 'latest_only' retrieved from /home/airflow/.local/lib/python3.8/site-packages/airflow/example_dags/example_latest_only.py
[2024-04-02T07:55:38.871+0000] {logging_mixin.py:188} INFO - [2024-04-02T07:55:38.870+0000] {dag.py:3047} INFO - Sync 1 DAGs
[2024-04-02T07:55:38.974+0000] {logging_mixin.py:188} INFO - [2024-04-02T07:55:38.973+0000] {dag.py:3834} INFO - Setting next_dagrun for latest_only to 2024-04-02 00:00:00+00:00, run_after=2024-04-02 04:00:00+00:00
[2024-04-02T07:55:39.045+0000] {processor.py:183} INFO - Processing /home/airflow/.local/lib/python3.8/site-packages/airflow/example_dags/example_latest_only.py took 0.241 seconds
[2024-04-02T07:56:09.924+0000] {processor.py:161} INFO - Started process (PID=1248) to work on /home/airflow/.local/lib/python3.8/site-packages/airflow/example_dags/example_latest_only.py
[2024-04-02T07:56:09.925+0000] {processor.py:830} INFO - Processing file /home/airflow/.local/lib/python3.8/site-packages/airflow/example_dags/example_latest_only.py for tasks to queue
[2024-04-02T07:56:09.929+0000] {logging_mixin.py:188} INFO - [2024-04-02T07:56:09.928+0000] {dagbag.py:540} INFO - Filling up the DagBag from /home/airflow/.local/lib/python3.8/site-packages/airflow/example_dags/example_latest_only.py
[2024-04-02T07:56:09.937+0000] {processor.py:840} INFO - DAG(s) 'latest_only' retrieved from /home/airflow/.local/lib/python3.8/site-packages/airflow/example_dags/example_latest_only.py
[2024-04-02T07:56:09.974+0000] {logging_mixin.py:188} INFO - [2024-04-02T07:56:09.974+0000] {dag.py:3047} INFO - Sync 1 DAGs
[2024-04-02T07:56:10.013+0000] {logging_mixin.py:188} INFO - [2024-04-02T07:56:10.013+0000] {dag.py:3834} INFO - Setting next_dagrun for latest_only to 2024-04-02 00:00:00+00:00, run_after=2024-04-02 04:00:00+00:00
[2024-04-02T07:56:10.053+0000] {processor.py:183} INFO - Processing /home/airflow/.local/lib/python3.8/site-packages/airflow/example_dags/example_latest_only.py took 0.135 seconds
[2024-04-02T07:56:40.604+0000] {processor.py:161} INFO - Started process (PID=1304) to work on /home/airflow/.local/lib/python3.8/site-packages/airflow/example_dags/example_latest_only.py
[2024-04-02T07:56:40.606+0000] {processor.py:830} INFO - Processing file /home/airflow/.local/lib/python3.8/site-packages/airflow/example_dags/example_latest_only.py for tasks to queue
[2024-04-02T07:56:40.615+0000] {logging_mixin.py:188} INFO - [2024-04-02T07:56:40.613+0000] {dagbag.py:540} INFO - Filling up the DagBag from /home/airflow/.local/lib/python3.8/site-packages/airflow/example_dags/example_latest_only.py
[2024-04-02T07:56:40.625+0000] {processor.py:840} INFO - DAG(s) 'latest_only' retrieved from /home/airflow/.local/lib/python3.8/site-packages/airflow/example_dags/example_latest_only.py
[2024-04-02T07:56:40.669+0000] {logging_mixin.py:188} INFO - [2024-04-02T07:56:40.669+0000] {dag.py:3047} INFO - Sync 1 DAGs
[2024-04-02T07:56:40.712+0000] {logging_mixin.py:188} INFO - [2024-04-02T07:56:40.711+0000] {dag.py:3834} INFO - Setting next_dagrun for latest_only to 2024-04-02 00:00:00+00:00, run_after=2024-04-02 04:00:00+00:00
[2024-04-02T07:56:40.746+0000] {processor.py:183} INFO - Processing /home/airflow/.local/lib/python3.8/site-packages/airflow/example_dags/example_latest_only.py took 0.147 seconds
[2024-04-02T07:57:10.940+0000] {processor.py:161} INFO - Started process (PID=1360) to work on /home/airflow/.local/lib/python3.8/site-packages/airflow/example_dags/example_latest_only.py
[2024-04-02T07:57:10.942+0000] {processor.py:830} INFO - Processing file /home/airflow/.local/lib/python3.8/site-packages/airflow/example_dags/example_latest_only.py for tasks to queue
[2024-04-02T07:57:10.945+0000] {logging_mixin.py:188} INFO - [2024-04-02T07:57:10.945+0000] {dagbag.py:540} INFO - Filling up the DagBag from /home/airflow/.local/lib/python3.8/site-packages/airflow/example_dags/example_latest_only.py
[2024-04-02T07:57:10.953+0000] {processor.py:840} INFO - DAG(s) 'latest_only' retrieved from /home/airflow/.local/lib/python3.8/site-packages/airflow/example_dags/example_latest_only.py
[2024-04-02T07:57:10.987+0000] {logging_mixin.py:188} INFO - [2024-04-02T07:57:10.986+0000] {dag.py:3047} INFO - Sync 1 DAGs
[2024-04-02T07:57:11.022+0000] {logging_mixin.py:188} INFO - [2024-04-02T07:57:11.022+0000] {dag.py:3834} INFO - Setting next_dagrun for latest_only to 2024-04-02 00:00:00+00:00, run_after=2024-04-02 04:00:00+00:00
[2024-04-02T07:57:11.086+0000] {processor.py:183} INFO - Processing /home/airflow/.local/lib/python3.8/site-packages/airflow/example_dags/example_latest_only.py took 0.149 seconds
[2024-04-02T07:57:41.491+0000] {processor.py:161} INFO - Started process (PID=1416) to work on /home/airflow/.local/lib/python3.8/site-packages/airflow/example_dags/example_latest_only.py
[2024-04-02T07:57:41.493+0000] {processor.py:830} INFO - Processing file /home/airflow/.local/lib/python3.8/site-packages/airflow/example_dags/example_latest_only.py for tasks to queue
[2024-04-02T07:57:41.498+0000] {logging_mixin.py:188} INFO - [2024-04-02T07:57:41.497+0000] {dagbag.py:540} INFO - Filling up the DagBag from /home/airflow/.local/lib/python3.8/site-packages/airflow/example_dags/example_latest_only.py
[2024-04-02T07:57:41.511+0000] {processor.py:840} INFO - DAG(s) 'latest_only' retrieved from /home/airflow/.local/lib/python3.8/site-packages/airflow/example_dags/example_latest_only.py
[2024-04-02T07:57:41.557+0000] {logging_mixin.py:188} INFO - [2024-04-02T07:57:41.557+0000] {dag.py:3047} INFO - Sync 1 DAGs
[2024-04-02T07:57:41.601+0000] {logging_mixin.py:188} INFO - [2024-04-02T07:57:41.601+0000] {dag.py:3834} INFO - Setting next_dagrun for latest_only to 2024-04-02 00:00:00+00:00, run_after=2024-04-02 04:00:00+00:00
[2024-04-02T07:57:41.650+0000] {processor.py:183} INFO - Processing /home/airflow/.local/lib/python3.8/site-packages/airflow/example_dags/example_latest_only.py took 0.166 seconds
[2024-04-02T07:58:12.297+0000] {processor.py:161} INFO - Started process (PID=1472) to work on /home/airflow/.local/lib/python3.8/site-packages/airflow/example_dags/example_latest_only.py
[2024-04-02T07:58:12.299+0000] {processor.py:830} INFO - Processing file /home/airflow/.local/lib/python3.8/site-packages/airflow/example_dags/example_latest_only.py for tasks to queue
[2024-04-02T07:58:12.302+0000] {logging_mixin.py:188} INFO - [2024-04-02T07:58:12.302+0000] {dagbag.py:540} INFO - Filling up the DagBag from /home/airflow/.local/lib/python3.8/site-packages/airflow/example_dags/example_latest_only.py
[2024-04-02T07:58:12.309+0000] {processor.py:840} INFO - DAG(s) 'latest_only' retrieved from /home/airflow/.local/lib/python3.8/site-packages/airflow/example_dags/example_latest_only.py
[2024-04-02T07:58:12.346+0000] {logging_mixin.py:188} INFO - [2024-04-02T07:58:12.345+0000] {dag.py:3047} INFO - Sync 1 DAGs
[2024-04-02T07:58:12.394+0000] {logging_mixin.py:188} INFO - [2024-04-02T07:58:12.394+0000] {dag.py:3834} INFO - Setting next_dagrun for latest_only to 2024-04-02 00:00:00+00:00, run_after=2024-04-02 04:00:00+00:00
[2024-04-02T07:58:12.434+0000] {processor.py:183} INFO - Processing /home/airflow/.local/lib/python3.8/site-packages/airflow/example_dags/example_latest_only.py took 0.142 seconds
[2024-04-02T08:03:28.570+0000] {processor.py:161} INFO - Started process (PID=72) to work on /home/airflow/.local/lib/python3.8/site-packages/airflow/example_dags/example_latest_only.py
[2024-04-02T08:03:28.584+0000] {processor.py:830} INFO - Processing file /home/airflow/.local/lib/python3.8/site-packages/airflow/example_dags/example_latest_only.py for tasks to queue
[2024-04-02T08:03:28.588+0000] {logging_mixin.py:188} INFO - [2024-04-02T08:03:28.587+0000] {dagbag.py:540} INFO - Filling up the DagBag from /home/airflow/.local/lib/python3.8/site-packages/airflow/example_dags/example_latest_only.py
[2024-04-02T08:03:28.600+0000] {processor.py:840} INFO - DAG(s) 'latest_only' retrieved from /home/airflow/.local/lib/python3.8/site-packages/airflow/example_dags/example_latest_only.py
[2024-04-02T08:03:28.864+0000] {logging_mixin.py:188} INFO - [2024-04-02T08:03:28.864+0000] {dag.py:3047} INFO - Sync 1 DAGs
[2024-04-02T08:03:28.973+0000] {logging_mixin.py:188} INFO - [2024-04-02T08:03:28.972+0000] {dag.py:3834} INFO - Setting next_dagrun for latest_only to 2024-04-02 04:00:00+00:00, run_after=2024-04-02 08:00:00+00:00
[2024-04-02T08:03:29.043+0000] {processor.py:183} INFO - Processing /home/airflow/.local/lib/python3.8/site-packages/airflow/example_dags/example_latest_only.py took 0.477 seconds
[2024-04-02T08:03:59.859+0000] {processor.py:161} INFO - Started process (PID=128) to work on /home/airflow/.local/lib/python3.8/site-packages/airflow/example_dags/example_latest_only.py
[2024-04-02T08:03:59.861+0000] {processor.py:830} INFO - Processing file /home/airflow/.local/lib/python3.8/site-packages/airflow/example_dags/example_latest_only.py for tasks to queue
[2024-04-02T08:03:59.863+0000] {logging_mixin.py:188} INFO - [2024-04-02T08:03:59.863+0000] {dagbag.py:540} INFO - Filling up the DagBag from /home/airflow/.local/lib/python3.8/site-packages/airflow/example_dags/example_latest_only.py
[2024-04-02T08:03:59.871+0000] {processor.py:840} INFO - DAG(s) 'latest_only' retrieved from /home/airflow/.local/lib/python3.8/site-packages/airflow/example_dags/example_latest_only.py
[2024-04-02T08:03:59.904+0000] {logging_mixin.py:188} INFO - [2024-04-02T08:03:59.904+0000] {dag.py:3047} INFO - Sync 1 DAGs
[2024-04-02T08:03:59.946+0000] {logging_mixin.py:188} INFO - [2024-04-02T08:03:59.946+0000] {dag.py:3834} INFO - Setting next_dagrun for latest_only to 2024-04-02 04:00:00+00:00, run_after=2024-04-02 08:00:00+00:00
[2024-04-02T08:03:59.987+0000] {processor.py:183} INFO - Processing /home/airflow/.local/lib/python3.8/site-packages/airflow/example_dags/example_latest_only.py took 0.131 seconds
[2024-04-02T08:04:30.402+0000] {processor.py:161} INFO - Started process (PID=184) to work on /home/airflow/.local/lib/python3.8/site-packages/airflow/example_dags/example_latest_only.py
[2024-04-02T08:04:30.403+0000] {processor.py:830} INFO - Processing file /home/airflow/.local/lib/python3.8/site-packages/airflow/example_dags/example_latest_only.py for tasks to queue
[2024-04-02T08:04:30.406+0000] {logging_mixin.py:188} INFO - [2024-04-02T08:04:30.405+0000] {dagbag.py:540} INFO - Filling up the DagBag from /home/airflow/.local/lib/python3.8/site-packages/airflow/example_dags/example_latest_only.py
[2024-04-02T08:04:30.414+0000] {processor.py:840} INFO - DAG(s) 'latest_only' retrieved from /home/airflow/.local/lib/python3.8/site-packages/airflow/example_dags/example_latest_only.py
[2024-04-02T08:04:30.446+0000] {logging_mixin.py:188} INFO - [2024-04-02T08:04:30.445+0000] {dag.py:3047} INFO - Sync 1 DAGs
[2024-04-02T08:04:30.487+0000] {logging_mixin.py:188} INFO - [2024-04-02T08:04:30.487+0000] {dag.py:3834} INFO - Setting next_dagrun for latest_only to 2024-04-02 04:00:00+00:00, run_after=2024-04-02 08:00:00+00:00
[2024-04-02T08:04:30.529+0000] {processor.py:183} INFO - Processing /home/airflow/.local/lib/python3.8/site-packages/airflow/example_dags/example_latest_only.py took 0.131 seconds
[2024-04-02T08:05:00.923+0000] {processor.py:161} INFO - Started process (PID=240) to work on /home/airflow/.local/lib/python3.8/site-packages/airflow/example_dags/example_latest_only.py
[2024-04-02T08:05:00.926+0000] {processor.py:830} INFO - Processing file /home/airflow/.local/lib/python3.8/site-packages/airflow/example_dags/example_latest_only.py for tasks to queue
[2024-04-02T08:05:00.929+0000] {logging_mixin.py:188} INFO - [2024-04-02T08:05:00.929+0000] {dagbag.py:540} INFO - Filling up the DagBag from /home/airflow/.local/lib/python3.8/site-packages/airflow/example_dags/example_latest_only.py
[2024-04-02T08:05:00.944+0000] {processor.py:840} INFO - DAG(s) 'latest_only' retrieved from /home/airflow/.local/lib/python3.8/site-packages/airflow/example_dags/example_latest_only.py
[2024-04-02T08:05:01.003+0000] {logging_mixin.py:188} INFO - [2024-04-02T08:05:01.002+0000] {dag.py:3047} INFO - Sync 1 DAGs
[2024-04-02T08:05:01.056+0000] {logging_mixin.py:188} INFO - [2024-04-02T08:05:01.055+0000] {dag.py:3834} INFO - Setting next_dagrun for latest_only to 2024-04-02 04:00:00+00:00, run_after=2024-04-02 08:00:00+00:00
[2024-04-02T08:05:01.102+0000] {processor.py:183} INFO - Processing /home/airflow/.local/lib/python3.8/site-packages/airflow/example_dags/example_latest_only.py took 0.185 seconds
[2024-04-02T08:05:31.248+0000] {processor.py:161} INFO - Started process (PID=296) to work on /home/airflow/.local/lib/python3.8/site-packages/airflow/example_dags/example_latest_only.py
[2024-04-02T08:05:31.250+0000] {processor.py:830} INFO - Processing file /home/airflow/.local/lib/python3.8/site-packages/airflow/example_dags/example_latest_only.py for tasks to queue
[2024-04-02T08:05:31.253+0000] {logging_mixin.py:188} INFO - [2024-04-02T08:05:31.252+0000] {dagbag.py:540} INFO - Filling up the DagBag from /home/airflow/.local/lib/python3.8/site-packages/airflow/example_dags/example_latest_only.py
[2024-04-02T08:05:31.264+0000] {processor.py:840} INFO - DAG(s) 'latest_only' retrieved from /home/airflow/.local/lib/python3.8/site-packages/airflow/example_dags/example_latest_only.py
[2024-04-02T08:05:31.345+0000] {logging_mixin.py:188} INFO - [2024-04-02T08:05:31.344+0000] {dag.py:3047} INFO - Sync 1 DAGs
[2024-04-02T08:05:31.393+0000] {logging_mixin.py:188} INFO - [2024-04-02T08:05:31.392+0000] {dag.py:3834} INFO - Setting next_dagrun for latest_only to 2024-04-02 04:00:00+00:00, run_after=2024-04-02 08:00:00+00:00
[2024-04-02T08:05:31.440+0000] {processor.py:183} INFO - Processing /home/airflow/.local/lib/python3.8/site-packages/airflow/example_dags/example_latest_only.py took 0.203 seconds
[2024-04-02T08:06:01.655+0000] {processor.py:161} INFO - Started process (PID=352) to work on /home/airflow/.local/lib/python3.8/site-packages/airflow/example_dags/example_latest_only.py
[2024-04-02T08:06:01.657+0000] {processor.py:830} INFO - Processing file /home/airflow/.local/lib/python3.8/site-packages/airflow/example_dags/example_latest_only.py for tasks to queue
[2024-04-02T08:06:01.660+0000] {logging_mixin.py:188} INFO - [2024-04-02T08:06:01.659+0000] {dagbag.py:540} INFO - Filling up the DagBag from /home/airflow/.local/lib/python3.8/site-packages/airflow/example_dags/example_latest_only.py
[2024-04-02T08:06:01.669+0000] {processor.py:840} INFO - DAG(s) 'latest_only' retrieved from /home/airflow/.local/lib/python3.8/site-packages/airflow/example_dags/example_latest_only.py
[2024-04-02T08:06:01.709+0000] {logging_mixin.py:188} INFO - [2024-04-02T08:06:01.708+0000] {dag.py:3047} INFO - Sync 1 DAGs
[2024-04-02T08:06:01.762+0000] {logging_mixin.py:188} INFO - [2024-04-02T08:06:01.761+0000] {dag.py:3834} INFO - Setting next_dagrun for latest_only to 2024-04-02 04:00:00+00:00, run_after=2024-04-02 08:00:00+00:00
[2024-04-02T08:06:01.814+0000] {processor.py:183} INFO - Processing /home/airflow/.local/lib/python3.8/site-packages/airflow/example_dags/example_latest_only.py took 0.166 seconds
[2024-04-02T08:06:32.043+0000] {processor.py:161} INFO - Started process (PID=408) to work on /home/airflow/.local/lib/python3.8/site-packages/airflow/example_dags/example_latest_only.py
[2024-04-02T08:06:32.049+0000] {processor.py:830} INFO - Processing file /home/airflow/.local/lib/python3.8/site-packages/airflow/example_dags/example_latest_only.py for tasks to queue
[2024-04-02T08:06:32.053+0000] {logging_mixin.py:188} INFO - [2024-04-02T08:06:32.052+0000] {dagbag.py:540} INFO - Filling up the DagBag from /home/airflow/.local/lib/python3.8/site-packages/airflow/example_dags/example_latest_only.py
[2024-04-02T08:06:32.061+0000] {processor.py:840} INFO - DAG(s) 'latest_only' retrieved from /home/airflow/.local/lib/python3.8/site-packages/airflow/example_dags/example_latest_only.py
[2024-04-02T08:06:32.096+0000] {logging_mixin.py:188} INFO - [2024-04-02T08:06:32.095+0000] {dag.py:3047} INFO - Sync 1 DAGs
[2024-04-02T08:06:32.137+0000] {logging_mixin.py:188} INFO - [2024-04-02T08:06:32.136+0000] {dag.py:3834} INFO - Setting next_dagrun for latest_only to 2024-04-02 04:00:00+00:00, run_after=2024-04-02 08:00:00+00:00
[2024-04-02T08:06:32.180+0000] {processor.py:183} INFO - Processing /home/airflow/.local/lib/python3.8/site-packages/airflow/example_dags/example_latest_only.py took 0.143 seconds
[2024-04-02T08:07:02.459+0000] {processor.py:161} INFO - Started process (PID=464) to work on /home/airflow/.local/lib/python3.8/site-packages/airflow/example_dags/example_latest_only.py
[2024-04-02T08:07:02.461+0000] {processor.py:830} INFO - Processing file /home/airflow/.local/lib/python3.8/site-packages/airflow/example_dags/example_latest_only.py for tasks to queue
[2024-04-02T08:07:02.464+0000] {logging_mixin.py:188} INFO - [2024-04-02T08:07:02.463+0000] {dagbag.py:540} INFO - Filling up the DagBag from /home/airflow/.local/lib/python3.8/site-packages/airflow/example_dags/example_latest_only.py
[2024-04-02T08:07:02.471+0000] {processor.py:840} INFO - DAG(s) 'latest_only' retrieved from /home/airflow/.local/lib/python3.8/site-packages/airflow/example_dags/example_latest_only.py
[2024-04-02T08:07:02.503+0000] {logging_mixin.py:188} INFO - [2024-04-02T08:07:02.503+0000] {dag.py:3047} INFO - Sync 1 DAGs
[2024-04-02T08:07:02.537+0000] {logging_mixin.py:188} INFO - [2024-04-02T08:07:02.537+0000] {dag.py:3834} INFO - Setting next_dagrun for latest_only to 2024-04-02 04:00:00+00:00, run_after=2024-04-02 08:00:00+00:00
[2024-04-02T08:07:02.573+0000] {processor.py:183} INFO - Processing /home/airflow/.local/lib/python3.8/site-packages/airflow/example_dags/example_latest_only.py took 0.119 seconds
[2024-04-02T08:07:33.495+0000] {processor.py:161} INFO - Started process (PID=520) to work on /home/airflow/.local/lib/python3.8/site-packages/airflow/example_dags/example_latest_only.py
[2024-04-02T08:07:33.497+0000] {processor.py:830} INFO - Processing file /home/airflow/.local/lib/python3.8/site-packages/airflow/example_dags/example_latest_only.py for tasks to queue
[2024-04-02T08:07:33.500+0000] {logging_mixin.py:188} INFO - [2024-04-02T08:07:33.499+0000] {dagbag.py:540} INFO - Filling up the DagBag from /home/airflow/.local/lib/python3.8/site-packages/airflow/example_dags/example_latest_only.py
[2024-04-02T08:07:33.507+0000] {processor.py:840} INFO - DAG(s) 'latest_only' retrieved from /home/airflow/.local/lib/python3.8/site-packages/airflow/example_dags/example_latest_only.py
[2024-04-02T08:07:33.536+0000] {logging_mixin.py:188} INFO - [2024-04-02T08:07:33.536+0000] {dag.py:3047} INFO - Sync 1 DAGs
[2024-04-02T08:07:33.569+0000] {logging_mixin.py:188} INFO - [2024-04-02T08:07:33.568+0000] {dag.py:3834} INFO - Setting next_dagrun for latest_only to 2024-04-02 04:00:00+00:00, run_after=2024-04-02 08:00:00+00:00
[2024-04-02T08:07:33.607+0000] {processor.py:183} INFO - Processing /home/airflow/.local/lib/python3.8/site-packages/airflow/example_dags/example_latest_only.py took 0.116 seconds
[2024-04-02T08:08:04.300+0000] {processor.py:161} INFO - Started process (PID=576) to work on /home/airflow/.local/lib/python3.8/site-packages/airflow/example_dags/example_latest_only.py
[2024-04-02T08:08:04.302+0000] {processor.py:830} INFO - Processing file /home/airflow/.local/lib/python3.8/site-packages/airflow/example_dags/example_latest_only.py for tasks to queue
[2024-04-02T08:08:04.305+0000] {logging_mixin.py:188} INFO - [2024-04-02T08:08:04.305+0000] {dagbag.py:540} INFO - Filling up the DagBag from /home/airflow/.local/lib/python3.8/site-packages/airflow/example_dags/example_latest_only.py
[2024-04-02T08:08:04.313+0000] {processor.py:840} INFO - DAG(s) 'latest_only' retrieved from /home/airflow/.local/lib/python3.8/site-packages/airflow/example_dags/example_latest_only.py
[2024-04-02T08:08:04.345+0000] {logging_mixin.py:188} INFO - [2024-04-02T08:08:04.345+0000] {dag.py:3047} INFO - Sync 1 DAGs
[2024-04-02T08:08:04.381+0000] {logging_mixin.py:188} INFO - [2024-04-02T08:08:04.381+0000] {dag.py:3834} INFO - Setting next_dagrun for latest_only to 2024-04-02 04:00:00+00:00, run_after=2024-04-02 08:00:00+00:00
[2024-04-02T08:08:04.416+0000] {processor.py:183} INFO - Processing /home/airflow/.local/lib/python3.8/site-packages/airflow/example_dags/example_latest_only.py took 0.122 seconds
[2024-04-02T08:08:34.528+0000] {processor.py:161} INFO - Started process (PID=632) to work on /home/airflow/.local/lib/python3.8/site-packages/airflow/example_dags/example_latest_only.py
[2024-04-02T08:08:34.530+0000] {processor.py:830} INFO - Processing file /home/airflow/.local/lib/python3.8/site-packages/airflow/example_dags/example_latest_only.py for tasks to queue
[2024-04-02T08:08:34.533+0000] {logging_mixin.py:188} INFO - [2024-04-02T08:08:34.532+0000] {dagbag.py:540} INFO - Filling up the DagBag from /home/airflow/.local/lib/python3.8/site-packages/airflow/example_dags/example_latest_only.py
[2024-04-02T08:08:34.542+0000] {processor.py:840} INFO - DAG(s) 'latest_only' retrieved from /home/airflow/.local/lib/python3.8/site-packages/airflow/example_dags/example_latest_only.py
[2024-04-02T08:08:34.588+0000] {logging_mixin.py:188} INFO - [2024-04-02T08:08:34.587+0000] {dag.py:3047} INFO - Sync 1 DAGs
[2024-04-02T08:08:34.644+0000] {logging_mixin.py:188} INFO - [2024-04-02T08:08:34.643+0000] {dag.py:3834} INFO - Setting next_dagrun for latest_only to 2024-04-02 04:00:00+00:00, run_after=2024-04-02 08:00:00+00:00
[2024-04-02T08:08:34.685+0000] {processor.py:183} INFO - Processing /home/airflow/.local/lib/python3.8/site-packages/airflow/example_dags/example_latest_only.py took 0.162 seconds
[2024-04-02T08:09:04.953+0000] {processor.py:161} INFO - Started process (PID=688) to work on /home/airflow/.local/lib/python3.8/site-packages/airflow/example_dags/example_latest_only.py
[2024-04-02T08:09:04.955+0000] {processor.py:830} INFO - Processing file /home/airflow/.local/lib/python3.8/site-packages/airflow/example_dags/example_latest_only.py for tasks to queue
[2024-04-02T08:09:04.957+0000] {logging_mixin.py:188} INFO - [2024-04-02T08:09:04.957+0000] {dagbag.py:540} INFO - Filling up the DagBag from /home/airflow/.local/lib/python3.8/site-packages/airflow/example_dags/example_latest_only.py
[2024-04-02T08:09:04.964+0000] {processor.py:840} INFO - DAG(s) 'latest_only' retrieved from /home/airflow/.local/lib/python3.8/site-packages/airflow/example_dags/example_latest_only.py
[2024-04-02T08:09:04.994+0000] {logging_mixin.py:188} INFO - [2024-04-02T08:09:04.994+0000] {dag.py:3047} INFO - Sync 1 DAGs
[2024-04-02T08:09:05.034+0000] {logging_mixin.py:188} INFO - [2024-04-02T08:09:05.034+0000] {dag.py:3834} INFO - Setting next_dagrun for latest_only to 2024-04-02 04:00:00+00:00, run_after=2024-04-02 08:00:00+00:00
[2024-04-02T08:09:05.070+0000] {processor.py:183} INFO - Processing /home/airflow/.local/lib/python3.8/site-packages/airflow/example_dags/example_latest_only.py took 0.123 seconds
[2024-04-02T08:09:35.536+0000] {processor.py:161} INFO - Started process (PID=744) to work on /home/airflow/.local/lib/python3.8/site-packages/airflow/example_dags/example_latest_only.py
[2024-04-02T08:09:35.538+0000] {processor.py:830} INFO - Processing file /home/airflow/.local/lib/python3.8/site-packages/airflow/example_dags/example_latest_only.py for tasks to queue
[2024-04-02T08:09:35.540+0000] {logging_mixin.py:188} INFO - [2024-04-02T08:09:35.540+0000] {dagbag.py:540} INFO - Filling up the DagBag from /home/airflow/.local/lib/python3.8/site-packages/airflow/example_dags/example_latest_only.py
[2024-04-02T08:09:35.547+0000] {processor.py:840} INFO - DAG(s) 'latest_only' retrieved from /home/airflow/.local/lib/python3.8/site-packages/airflow/example_dags/example_latest_only.py
[2024-04-02T08:09:35.576+0000] {logging_mixin.py:188} INFO - [2024-04-02T08:09:35.576+0000] {dag.py:3047} INFO - Sync 1 DAGs
[2024-04-02T08:09:35.614+0000] {logging_mixin.py:188} INFO - [2024-04-02T08:09:35.613+0000] {dag.py:3834} INFO - Setting next_dagrun for latest_only to 2024-04-02 04:00:00+00:00, run_after=2024-04-02 08:00:00+00:00
[2024-04-02T08:09:35.663+0000] {processor.py:183} INFO - Processing /home/airflow/.local/lib/python3.8/site-packages/airflow/example_dags/example_latest_only.py took 0.130 seconds
[2024-04-02T08:10:05.846+0000] {processor.py:161} INFO - Started process (PID=800) to work on /home/airflow/.local/lib/python3.8/site-packages/airflow/example_dags/example_latest_only.py
[2024-04-02T08:10:05.848+0000] {processor.py:830} INFO - Processing file /home/airflow/.local/lib/python3.8/site-packages/airflow/example_dags/example_latest_only.py for tasks to queue
[2024-04-02T08:10:05.851+0000] {logging_mixin.py:188} INFO - [2024-04-02T08:10:05.851+0000] {dagbag.py:540} INFO - Filling up the DagBag from /home/airflow/.local/lib/python3.8/site-packages/airflow/example_dags/example_latest_only.py
[2024-04-02T08:10:05.859+0000] {processor.py:840} INFO - DAG(s) 'latest_only' retrieved from /home/airflow/.local/lib/python3.8/site-packages/airflow/example_dags/example_latest_only.py
[2024-04-02T08:10:05.897+0000] {logging_mixin.py:188} INFO - [2024-04-02T08:10:05.896+0000] {dag.py:3047} INFO - Sync 1 DAGs
[2024-04-02T08:10:05.936+0000] {logging_mixin.py:188} INFO - [2024-04-02T08:10:05.935+0000] {dag.py:3834} INFO - Setting next_dagrun for latest_only to 2024-04-02 04:00:00+00:00, run_after=2024-04-02 08:00:00+00:00
[2024-04-02T08:10:05.991+0000] {processor.py:183} INFO - Processing /home/airflow/.local/lib/python3.8/site-packages/airflow/example_dags/example_latest_only.py took 0.151 seconds
[2024-04-02T08:10:36.588+0000] {processor.py:161} INFO - Started process (PID=856) to work on /home/airflow/.local/lib/python3.8/site-packages/airflow/example_dags/example_latest_only.py
[2024-04-02T08:10:36.589+0000] {processor.py:830} INFO - Processing file /home/airflow/.local/lib/python3.8/site-packages/airflow/example_dags/example_latest_only.py for tasks to queue
[2024-04-02T08:10:36.592+0000] {logging_mixin.py:188} INFO - [2024-04-02T08:10:36.592+0000] {dagbag.py:540} INFO - Filling up the DagBag from /home/airflow/.local/lib/python3.8/site-packages/airflow/example_dags/example_latest_only.py
[2024-04-02T08:10:36.599+0000] {processor.py:840} INFO - DAG(s) 'latest_only' retrieved from /home/airflow/.local/lib/python3.8/site-packages/airflow/example_dags/example_latest_only.py
[2024-04-02T08:10:36.630+0000] {logging_mixin.py:188} INFO - [2024-04-02T08:10:36.630+0000] {dag.py:3047} INFO - Sync 1 DAGs
[2024-04-02T08:10:36.671+0000] {logging_mixin.py:188} INFO - [2024-04-02T08:10:36.671+0000] {dag.py:3834} INFO - Setting next_dagrun for latest_only to 2024-04-02 04:00:00+00:00, run_after=2024-04-02 08:00:00+00:00
[2024-04-02T08:10:36.705+0000] {processor.py:183} INFO - Processing /home/airflow/.local/lib/python3.8/site-packages/airflow/example_dags/example_latest_only.py took 0.122 seconds
[2024-04-02T08:11:07.004+0000] {processor.py:161} INFO - Started process (PID=912) to work on /home/airflow/.local/lib/python3.8/site-packages/airflow/example_dags/example_latest_only.py
[2024-04-02T08:11:07.006+0000] {processor.py:830} INFO - Processing file /home/airflow/.local/lib/python3.8/site-packages/airflow/example_dags/example_latest_only.py for tasks to queue
[2024-04-02T08:11:07.009+0000] {logging_mixin.py:188} INFO - [2024-04-02T08:11:07.008+0000] {dagbag.py:540} INFO - Filling up the DagBag from /home/airflow/.local/lib/python3.8/site-packages/airflow/example_dags/example_latest_only.py
[2024-04-02T08:11:07.018+0000] {processor.py:840} INFO - DAG(s) 'latest_only' retrieved from /home/airflow/.local/lib/python3.8/site-packages/airflow/example_dags/example_latest_only.py
[2024-04-02T08:11:07.058+0000] {logging_mixin.py:188} INFO - [2024-04-02T08:11:07.057+0000] {dag.py:3047} INFO - Sync 1 DAGs
[2024-04-02T08:11:07.098+0000] {logging_mixin.py:188} INFO - [2024-04-02T08:11:07.097+0000] {dag.py:3834} INFO - Setting next_dagrun for latest_only to 2024-04-02 04:00:00+00:00, run_after=2024-04-02 08:00:00+00:00
[2024-04-02T08:11:07.135+0000] {processor.py:183} INFO - Processing /home/airflow/.local/lib/python3.8/site-packages/airflow/example_dags/example_latest_only.py took 0.135 seconds
[2024-04-02T08:11:37.687+0000] {processor.py:161} INFO - Started process (PID=968) to work on /home/airflow/.local/lib/python3.8/site-packages/airflow/example_dags/example_latest_only.py
[2024-04-02T08:11:37.689+0000] {processor.py:830} INFO - Processing file /home/airflow/.local/lib/python3.8/site-packages/airflow/example_dags/example_latest_only.py for tasks to queue
[2024-04-02T08:11:37.692+0000] {logging_mixin.py:188} INFO - [2024-04-02T08:11:37.691+0000] {dagbag.py:540} INFO - Filling up the DagBag from /home/airflow/.local/lib/python3.8/site-packages/airflow/example_dags/example_latest_only.py
[2024-04-02T08:11:37.702+0000] {processor.py:840} INFO - DAG(s) 'latest_only' retrieved from /home/airflow/.local/lib/python3.8/site-packages/airflow/example_dags/example_latest_only.py
[2024-04-02T08:11:37.734+0000] {logging_mixin.py:188} INFO - [2024-04-02T08:11:37.734+0000] {dag.py:3047} INFO - Sync 1 DAGs
[2024-04-02T08:11:37.775+0000] {logging_mixin.py:188} INFO - [2024-04-02T08:11:37.774+0000] {dag.py:3834} INFO - Setting next_dagrun for latest_only to 2024-04-02 04:00:00+00:00, run_after=2024-04-02 08:00:00+00:00
[2024-04-02T08:11:37.822+0000] {processor.py:183} INFO - Processing /home/airflow/.local/lib/python3.8/site-packages/airflow/example_dags/example_latest_only.py took 0.139 seconds
[2024-04-02T08:12:08.203+0000] {processor.py:161} INFO - Started process (PID=1024) to work on /home/airflow/.local/lib/python3.8/site-packages/airflow/example_dags/example_latest_only.py
[2024-04-02T08:12:08.205+0000] {processor.py:830} INFO - Processing file /home/airflow/.local/lib/python3.8/site-packages/airflow/example_dags/example_latest_only.py for tasks to queue
[2024-04-02T08:12:08.208+0000] {logging_mixin.py:188} INFO - [2024-04-02T08:12:08.208+0000] {dagbag.py:540} INFO - Filling up the DagBag from /home/airflow/.local/lib/python3.8/site-packages/airflow/example_dags/example_latest_only.py
[2024-04-02T08:12:08.216+0000] {processor.py:840} INFO - DAG(s) 'latest_only' retrieved from /home/airflow/.local/lib/python3.8/site-packages/airflow/example_dags/example_latest_only.py
[2024-04-02T08:12:08.246+0000] {logging_mixin.py:188} INFO - [2024-04-02T08:12:08.246+0000] {dag.py:3047} INFO - Sync 1 DAGs
[2024-04-02T08:12:08.283+0000] {logging_mixin.py:188} INFO - [2024-04-02T08:12:08.282+0000] {dag.py:3834} INFO - Setting next_dagrun for latest_only to 2024-04-02 04:00:00+00:00, run_after=2024-04-02 08:00:00+00:00
[2024-04-02T08:12:08.319+0000] {processor.py:183} INFO - Processing /home/airflow/.local/lib/python3.8/site-packages/airflow/example_dags/example_latest_only.py took 0.121 seconds
[2024-04-02T08:12:39.664+0000] {processor.py:161} INFO - Started process (PID=1080) to work on /home/airflow/.local/lib/python3.8/site-packages/airflow/example_dags/example_latest_only.py
[2024-04-02T08:12:39.665+0000] {processor.py:830} INFO - Processing file /home/airflow/.local/lib/python3.8/site-packages/airflow/example_dags/example_latest_only.py for tasks to queue
[2024-04-02T08:12:39.668+0000] {logging_mixin.py:188} INFO - [2024-04-02T08:12:39.668+0000] {dagbag.py:540} INFO - Filling up the DagBag from /home/airflow/.local/lib/python3.8/site-packages/airflow/example_dags/example_latest_only.py
[2024-04-02T08:12:39.675+0000] {processor.py:840} INFO - DAG(s) 'latest_only' retrieved from /home/airflow/.local/lib/python3.8/site-packages/airflow/example_dags/example_latest_only.py
[2024-04-02T08:12:39.708+0000] {logging_mixin.py:188} INFO - [2024-04-02T08:12:39.708+0000] {dag.py:3047} INFO - Sync 1 DAGs
[2024-04-02T08:12:39.748+0000] {logging_mixin.py:188} INFO - [2024-04-02T08:12:39.747+0000] {dag.py:3834} INFO - Setting next_dagrun for latest_only to 2024-04-02 04:00:00+00:00, run_after=2024-04-02 08:00:00+00:00
[2024-04-02T08:12:39.786+0000] {processor.py:183} INFO - Processing /home/airflow/.local/lib/python3.8/site-packages/airflow/example_dags/example_latest_only.py took 0.127 seconds
[2024-04-02T08:13:10.456+0000] {processor.py:161} INFO - Started process (PID=1136) to work on /home/airflow/.local/lib/python3.8/site-packages/airflow/example_dags/example_latest_only.py
[2024-04-02T08:13:10.458+0000] {processor.py:830} INFO - Processing file /home/airflow/.local/lib/python3.8/site-packages/airflow/example_dags/example_latest_only.py for tasks to queue
[2024-04-02T08:13:10.460+0000] {logging_mixin.py:188} INFO - [2024-04-02T08:13:10.460+0000] {dagbag.py:540} INFO - Filling up the DagBag from /home/airflow/.local/lib/python3.8/site-packages/airflow/example_dags/example_latest_only.py
[2024-04-02T08:13:10.468+0000] {processor.py:840} INFO - DAG(s) 'latest_only' retrieved from /home/airflow/.local/lib/python3.8/site-packages/airflow/example_dags/example_latest_only.py
[2024-04-02T08:13:10.500+0000] {logging_mixin.py:188} INFO - [2024-04-02T08:13:10.499+0000] {dag.py:3047} INFO - Sync 1 DAGs
[2024-04-02T08:13:10.543+0000] {logging_mixin.py:188} INFO - [2024-04-02T08:13:10.543+0000] {dag.py:3834} INFO - Setting next_dagrun for latest_only to 2024-04-02 04:00:00+00:00, run_after=2024-04-02 08:00:00+00:00
[2024-04-02T08:13:10.594+0000] {processor.py:183} INFO - Processing /home/airflow/.local/lib/python3.8/site-packages/airflow/example_dags/example_latest_only.py took 0.142 seconds
[2024-04-02T08:13:40.782+0000] {processor.py:161} INFO - Started process (PID=1190) to work on /home/airflow/.local/lib/python3.8/site-packages/airflow/example_dags/example_latest_only.py
[2024-04-02T08:13:40.784+0000] {processor.py:830} INFO - Processing file /home/airflow/.local/lib/python3.8/site-packages/airflow/example_dags/example_latest_only.py for tasks to queue
[2024-04-02T08:13:40.786+0000] {logging_mixin.py:188} INFO - [2024-04-02T08:13:40.786+0000] {dagbag.py:540} INFO - Filling up the DagBag from /home/airflow/.local/lib/python3.8/site-packages/airflow/example_dags/example_latest_only.py
[2024-04-02T08:13:40.794+0000] {processor.py:840} INFO - DAG(s) 'latest_only' retrieved from /home/airflow/.local/lib/python3.8/site-packages/airflow/example_dags/example_latest_only.py
[2024-04-02T08:13:40.822+0000] {logging_mixin.py:188} INFO - [2024-04-02T08:13:40.822+0000] {dag.py:3047} INFO - Sync 1 DAGs
[2024-04-02T08:13:40.857+0000] {logging_mixin.py:188} INFO - [2024-04-02T08:13:40.857+0000] {dag.py:3834} INFO - Setting next_dagrun for latest_only to 2024-04-02 04:00:00+00:00, run_after=2024-04-02 08:00:00+00:00
[2024-04-02T08:13:40.901+0000] {processor.py:183} INFO - Processing /home/airflow/.local/lib/python3.8/site-packages/airflow/example_dags/example_latest_only.py took 0.122 seconds
[2024-04-02T08:16:54.576+0000] {processor.py:161} INFO - Started process (PID=66) to work on /home/airflow/.local/lib/python3.8/site-packages/airflow/example_dags/example_latest_only.py
[2024-04-02T08:16:54.579+0000] {processor.py:830} INFO - Processing file /home/airflow/.local/lib/python3.8/site-packages/airflow/example_dags/example_latest_only.py for tasks to queue
[2024-04-02T08:16:54.586+0000] {logging_mixin.py:188} INFO - [2024-04-02T08:16:54.585+0000] {dagbag.py:540} INFO - Filling up the DagBag from /home/airflow/.local/lib/python3.8/site-packages/airflow/example_dags/example_latest_only.py
[2024-04-02T08:16:54.607+0000] {processor.py:840} INFO - DAG(s) 'latest_only' retrieved from /home/airflow/.local/lib/python3.8/site-packages/airflow/example_dags/example_latest_only.py
[2024-04-02T08:16:54.906+0000] {logging_mixin.py:188} INFO - [2024-04-02T08:16:54.905+0000] {dag.py:3047} INFO - Sync 1 DAGs
[2024-04-02T08:16:54.981+0000] {logging_mixin.py:188} INFO - [2024-04-02T08:16:54.980+0000] {dag.py:3834} INFO - Setting next_dagrun for latest_only to 2024-04-02 04:00:00+00:00, run_after=2024-04-02 08:00:00+00:00
[2024-04-02T08:16:55.038+0000] {processor.py:183} INFO - Processing /home/airflow/.local/lib/python3.8/site-packages/airflow/example_dags/example_latest_only.py took 0.471 seconds
[2024-04-02T08:17:25.521+0000] {processor.py:161} INFO - Started process (PID=122) to work on /home/airflow/.local/lib/python3.8/site-packages/airflow/example_dags/example_latest_only.py
[2024-04-02T08:17:25.532+0000] {processor.py:830} INFO - Processing file /home/airflow/.local/lib/python3.8/site-packages/airflow/example_dags/example_latest_only.py for tasks to queue
[2024-04-02T08:17:25.537+0000] {logging_mixin.py:188} INFO - [2024-04-02T08:17:25.536+0000] {dagbag.py:540} INFO - Filling up the DagBag from /home/airflow/.local/lib/python3.8/site-packages/airflow/example_dags/example_latest_only.py
[2024-04-02T08:17:25.565+0000] {processor.py:840} INFO - DAG(s) 'latest_only' retrieved from /home/airflow/.local/lib/python3.8/site-packages/airflow/example_dags/example_latest_only.py
[2024-04-02T08:17:25.648+0000] {logging_mixin.py:188} INFO - [2024-04-02T08:17:25.647+0000] {dag.py:3047} INFO - Sync 1 DAGs
[2024-04-02T08:17:25.830+0000] {logging_mixin.py:188} INFO - [2024-04-02T08:17:25.829+0000] {dag.py:3834} INFO - Setting next_dagrun for latest_only to 2024-04-02 04:00:00+00:00, run_after=2024-04-02 08:00:00+00:00
[2024-04-02T08:17:25.920+0000] {processor.py:183} INFO - Processing /home/airflow/.local/lib/python3.8/site-packages/airflow/example_dags/example_latest_only.py took 0.405 seconds
[2024-04-02T08:17:56.123+0000] {processor.py:161} INFO - Started process (PID=178) to work on /home/airflow/.local/lib/python3.8/site-packages/airflow/example_dags/example_latest_only.py
[2024-04-02T08:17:56.124+0000] {processor.py:830} INFO - Processing file /home/airflow/.local/lib/python3.8/site-packages/airflow/example_dags/example_latest_only.py for tasks to queue
[2024-04-02T08:17:56.127+0000] {logging_mixin.py:188} INFO - [2024-04-02T08:17:56.126+0000] {dagbag.py:540} INFO - Filling up the DagBag from /home/airflow/.local/lib/python3.8/site-packages/airflow/example_dags/example_latest_only.py
[2024-04-02T08:17:56.137+0000] {processor.py:840} INFO - DAG(s) 'latest_only' retrieved from /home/airflow/.local/lib/python3.8/site-packages/airflow/example_dags/example_latest_only.py
[2024-04-02T08:17:56.172+0000] {logging_mixin.py:188} INFO - [2024-04-02T08:17:56.171+0000] {dag.py:3047} INFO - Sync 1 DAGs
[2024-04-02T08:17:56.216+0000] {logging_mixin.py:188} INFO - [2024-04-02T08:17:56.216+0000] {dag.py:3834} INFO - Setting next_dagrun for latest_only to 2024-04-02 04:00:00+00:00, run_after=2024-04-02 08:00:00+00:00
[2024-04-02T08:17:56.259+0000] {processor.py:183} INFO - Processing /home/airflow/.local/lib/python3.8/site-packages/airflow/example_dags/example_latest_only.py took 0.140 seconds
[2024-04-02T08:18:26.454+0000] {processor.py:161} INFO - Started process (PID=234) to work on /home/airflow/.local/lib/python3.8/site-packages/airflow/example_dags/example_latest_only.py
[2024-04-02T08:18:26.456+0000] {processor.py:830} INFO - Processing file /home/airflow/.local/lib/python3.8/site-packages/airflow/example_dags/example_latest_only.py for tasks to queue
[2024-04-02T08:18:26.462+0000] {logging_mixin.py:188} INFO - [2024-04-02T08:18:26.461+0000] {dagbag.py:540} INFO - Filling up the DagBag from /home/airflow/.local/lib/python3.8/site-packages/airflow/example_dags/example_latest_only.py
[2024-04-02T08:18:26.474+0000] {processor.py:840} INFO - DAG(s) 'latest_only' retrieved from /home/airflow/.local/lib/python3.8/site-packages/airflow/example_dags/example_latest_only.py
[2024-04-02T08:18:26.516+0000] {logging_mixin.py:188} INFO - [2024-04-02T08:18:26.516+0000] {dag.py:3047} INFO - Sync 1 DAGs
[2024-04-02T08:18:26.561+0000] {logging_mixin.py:188} INFO - [2024-04-02T08:18:26.561+0000] {dag.py:3834} INFO - Setting next_dagrun for latest_only to 2024-04-02 04:00:00+00:00, run_after=2024-04-02 08:00:00+00:00
[2024-04-02T08:18:26.597+0000] {processor.py:183} INFO - Processing /home/airflow/.local/lib/python3.8/site-packages/airflow/example_dags/example_latest_only.py took 0.153 seconds
[2024-04-02T08:18:56.868+0000] {processor.py:161} INFO - Started process (PID=290) to work on /home/airflow/.local/lib/python3.8/site-packages/airflow/example_dags/example_latest_only.py
[2024-04-02T08:18:56.873+0000] {processor.py:830} INFO - Processing file /home/airflow/.local/lib/python3.8/site-packages/airflow/example_dags/example_latest_only.py for tasks to queue
[2024-04-02T08:18:56.877+0000] {logging_mixin.py:188} INFO - [2024-04-02T08:18:56.877+0000] {dagbag.py:540} INFO - Filling up the DagBag from /home/airflow/.local/lib/python3.8/site-packages/airflow/example_dags/example_latest_only.py
[2024-04-02T08:18:56.890+0000] {processor.py:840} INFO - DAG(s) 'latest_only' retrieved from /home/airflow/.local/lib/python3.8/site-packages/airflow/example_dags/example_latest_only.py
[2024-04-02T08:18:56.927+0000] {logging_mixin.py:188} INFO - [2024-04-02T08:18:56.927+0000] {dag.py:3047} INFO - Sync 1 DAGs
[2024-04-02T08:18:56.959+0000] {logging_mixin.py:188} INFO - [2024-04-02T08:18:56.958+0000] {dag.py:3834} INFO - Setting next_dagrun for latest_only to 2024-04-02 04:00:00+00:00, run_after=2024-04-02 08:00:00+00:00
[2024-04-02T08:18:57.031+0000] {processor.py:183} INFO - Processing /home/airflow/.local/lib/python3.8/site-packages/airflow/example_dags/example_latest_only.py took 0.167 seconds
[2024-04-02T08:19:27.211+0000] {processor.py:161} INFO - Started process (PID=346) to work on /home/airflow/.local/lib/python3.8/site-packages/airflow/example_dags/example_latest_only.py
[2024-04-02T08:19:27.212+0000] {processor.py:830} INFO - Processing file /home/airflow/.local/lib/python3.8/site-packages/airflow/example_dags/example_latest_only.py for tasks to queue
[2024-04-02T08:19:27.214+0000] {logging_mixin.py:188} INFO - [2024-04-02T08:19:27.214+0000] {dagbag.py:540} INFO - Filling up the DagBag from /home/airflow/.local/lib/python3.8/site-packages/airflow/example_dags/example_latest_only.py
[2024-04-02T08:19:27.221+0000] {processor.py:840} INFO - DAG(s) 'latest_only' retrieved from /home/airflow/.local/lib/python3.8/site-packages/airflow/example_dags/example_latest_only.py
[2024-04-02T08:19:27.249+0000] {logging_mixin.py:188} INFO - [2024-04-02T08:19:27.248+0000] {dag.py:3047} INFO - Sync 1 DAGs
[2024-04-02T08:19:27.288+0000] {logging_mixin.py:188} INFO - [2024-04-02T08:19:27.288+0000] {dag.py:3834} INFO - Setting next_dagrun for latest_only to 2024-04-02 04:00:00+00:00, run_after=2024-04-02 08:00:00+00:00
[2024-04-02T08:19:27.322+0000] {processor.py:183} INFO - Processing /home/airflow/.local/lib/python3.8/site-packages/airflow/example_dags/example_latest_only.py took 0.114 seconds
[2024-04-02T08:19:57.543+0000] {processor.py:161} INFO - Started process (PID=402) to work on /home/airflow/.local/lib/python3.8/site-packages/airflow/example_dags/example_latest_only.py
[2024-04-02T08:19:57.544+0000] {processor.py:830} INFO - Processing file /home/airflow/.local/lib/python3.8/site-packages/airflow/example_dags/example_latest_only.py for tasks to queue
[2024-04-02T08:19:57.547+0000] {logging_mixin.py:188} INFO - [2024-04-02T08:19:57.546+0000] {dagbag.py:540} INFO - Filling up the DagBag from /home/airflow/.local/lib/python3.8/site-packages/airflow/example_dags/example_latest_only.py
[2024-04-02T08:19:57.555+0000] {processor.py:840} INFO - DAG(s) 'latest_only' retrieved from /home/airflow/.local/lib/python3.8/site-packages/airflow/example_dags/example_latest_only.py
[2024-04-02T08:19:57.590+0000] {logging_mixin.py:188} INFO - [2024-04-02T08:19:57.590+0000] {dag.py:3047} INFO - Sync 1 DAGs
[2024-04-02T08:19:57.631+0000] {logging_mixin.py:188} INFO - [2024-04-02T08:19:57.631+0000] {dag.py:3834} INFO - Setting next_dagrun for latest_only to 2024-04-02 04:00:00+00:00, run_after=2024-04-02 08:00:00+00:00
[2024-04-02T08:19:57.663+0000] {processor.py:183} INFO - Processing /home/airflow/.local/lib/python3.8/site-packages/airflow/example_dags/example_latest_only.py took 0.124 seconds
[2024-04-02T08:20:27.857+0000] {processor.py:161} INFO - Started process (PID=458) to work on /home/airflow/.local/lib/python3.8/site-packages/airflow/example_dags/example_latest_only.py
[2024-04-02T08:20:27.859+0000] {processor.py:830} INFO - Processing file /home/airflow/.local/lib/python3.8/site-packages/airflow/example_dags/example_latest_only.py for tasks to queue
[2024-04-02T08:20:27.861+0000] {logging_mixin.py:188} INFO - [2024-04-02T08:20:27.861+0000] {dagbag.py:540} INFO - Filling up the DagBag from /home/airflow/.local/lib/python3.8/site-packages/airflow/example_dags/example_latest_only.py
[2024-04-02T08:20:27.867+0000] {processor.py:840} INFO - DAG(s) 'latest_only' retrieved from /home/airflow/.local/lib/python3.8/site-packages/airflow/example_dags/example_latest_only.py
[2024-04-02T08:20:27.893+0000] {logging_mixin.py:188} INFO - [2024-04-02T08:20:27.893+0000] {dag.py:3047} INFO - Sync 1 DAGs
[2024-04-02T08:20:27.922+0000] {logging_mixin.py:188} INFO - [2024-04-02T08:20:27.921+0000] {dag.py:3834} INFO - Setting next_dagrun for latest_only to 2024-04-02 04:00:00+00:00, run_after=2024-04-02 08:00:00+00:00
[2024-04-02T08:20:27.960+0000] {processor.py:183} INFO - Processing /home/airflow/.local/lib/python3.8/site-packages/airflow/example_dags/example_latest_only.py took 0.105 seconds
[2024-04-02T08:20:58.121+0000] {processor.py:161} INFO - Started process (PID=514) to work on /home/airflow/.local/lib/python3.8/site-packages/airflow/example_dags/example_latest_only.py
[2024-04-02T08:20:58.122+0000] {processor.py:830} INFO - Processing file /home/airflow/.local/lib/python3.8/site-packages/airflow/example_dags/example_latest_only.py for tasks to queue
[2024-04-02T08:20:58.124+0000] {logging_mixin.py:188} INFO - [2024-04-02T08:20:58.124+0000] {dagbag.py:540} INFO - Filling up the DagBag from /home/airflow/.local/lib/python3.8/site-packages/airflow/example_dags/example_latest_only.py
[2024-04-02T08:20:58.130+0000] {processor.py:840} INFO - DAG(s) 'latest_only' retrieved from /home/airflow/.local/lib/python3.8/site-packages/airflow/example_dags/example_latest_only.py
[2024-04-02T08:20:58.157+0000] {logging_mixin.py:188} INFO - [2024-04-02T08:20:58.156+0000] {dag.py:3047} INFO - Sync 1 DAGs
[2024-04-02T08:20:58.197+0000] {logging_mixin.py:188} INFO - [2024-04-02T08:20:58.197+0000] {dag.py:3834} INFO - Setting next_dagrun for latest_only to 2024-04-02 04:00:00+00:00, run_after=2024-04-02 08:00:00+00:00
[2024-04-02T08:20:58.228+0000] {processor.py:183} INFO - Processing /home/airflow/.local/lib/python3.8/site-packages/airflow/example_dags/example_latest_only.py took 0.111 seconds
[2024-04-02T08:21:28.391+0000] {processor.py:161} INFO - Started process (PID=570) to work on /home/airflow/.local/lib/python3.8/site-packages/airflow/example_dags/example_latest_only.py
[2024-04-02T08:21:28.393+0000] {processor.py:830} INFO - Processing file /home/airflow/.local/lib/python3.8/site-packages/airflow/example_dags/example_latest_only.py for tasks to queue
[2024-04-02T08:21:28.396+0000] {logging_mixin.py:188} INFO - [2024-04-02T08:21:28.396+0000] {dagbag.py:540} INFO - Filling up the DagBag from /home/airflow/.local/lib/python3.8/site-packages/airflow/example_dags/example_latest_only.py
[2024-04-02T08:21:28.406+0000] {processor.py:840} INFO - DAG(s) 'latest_only' retrieved from /home/airflow/.local/lib/python3.8/site-packages/airflow/example_dags/example_latest_only.py
[2024-04-02T08:21:28.443+0000] {logging_mixin.py:188} INFO - [2024-04-02T08:21:28.443+0000] {dag.py:3047} INFO - Sync 1 DAGs
[2024-04-02T08:21:28.480+0000] {logging_mixin.py:188} INFO - [2024-04-02T08:21:28.480+0000] {dag.py:3834} INFO - Setting next_dagrun for latest_only to 2024-04-02 04:00:00+00:00, run_after=2024-04-02 08:00:00+00:00
[2024-04-02T08:21:28.520+0000] {processor.py:183} INFO - Processing /home/airflow/.local/lib/python3.8/site-packages/airflow/example_dags/example_latest_only.py took 0.135 seconds
[2024-04-02T08:21:58.911+0000] {processor.py:161} INFO - Started process (PID=626) to work on /home/airflow/.local/lib/python3.8/site-packages/airflow/example_dags/example_latest_only.py
[2024-04-02T08:21:58.913+0000] {processor.py:830} INFO - Processing file /home/airflow/.local/lib/python3.8/site-packages/airflow/example_dags/example_latest_only.py for tasks to queue
[2024-04-02T08:21:58.916+0000] {logging_mixin.py:188} INFO - [2024-04-02T08:21:58.916+0000] {dagbag.py:540} INFO - Filling up the DagBag from /home/airflow/.local/lib/python3.8/site-packages/airflow/example_dags/example_latest_only.py
[2024-04-02T08:21:58.924+0000] {processor.py:840} INFO - DAG(s) 'latest_only' retrieved from /home/airflow/.local/lib/python3.8/site-packages/airflow/example_dags/example_latest_only.py
[2024-04-02T08:21:58.957+0000] {logging_mixin.py:188} INFO - [2024-04-02T08:21:58.957+0000] {dag.py:3047} INFO - Sync 1 DAGs
[2024-04-02T08:21:58.996+0000] {logging_mixin.py:188} INFO - [2024-04-02T08:21:58.996+0000] {dag.py:3834} INFO - Setting next_dagrun for latest_only to 2024-04-02 04:00:00+00:00, run_after=2024-04-02 08:00:00+00:00
[2024-04-02T08:21:58.999+0000] {processor.py:183} INFO - Processing /home/airflow/.local/lib/python3.8/site-packages/airflow/example_dags/example_latest_only.py took 0.136 seconds
[2024-04-02T08:22:29.577+0000] {processor.py:161} INFO - Started process (PID=682) to work on /home/airflow/.local/lib/python3.8/site-packages/airflow/example_dags/example_latest_only.py
[2024-04-02T08:22:29.579+0000] {processor.py:830} INFO - Processing file /home/airflow/.local/lib/python3.8/site-packages/airflow/example_dags/example_latest_only.py for tasks to queue
[2024-04-02T08:22:29.583+0000] {logging_mixin.py:188} INFO - [2024-04-02T08:22:29.582+0000] {dagbag.py:540} INFO - Filling up the DagBag from /home/airflow/.local/lib/python3.8/site-packages/airflow/example_dags/example_latest_only.py
[2024-04-02T08:22:29.595+0000] {processor.py:840} INFO - DAG(s) 'latest_only' retrieved from /home/airflow/.local/lib/python3.8/site-packages/airflow/example_dags/example_latest_only.py
[2024-04-02T08:22:29.642+0000] {logging_mixin.py:188} INFO - [2024-04-02T08:22:29.641+0000] {dag.py:3047} INFO - Sync 1 DAGs
[2024-04-02T08:22:29.685+0000] {logging_mixin.py:188} INFO - [2024-04-02T08:22:29.685+0000] {dag.py:3834} INFO - Setting next_dagrun for latest_only to 2024-04-02 04:00:00+00:00, run_after=2024-04-02 08:00:00+00:00
[2024-04-02T08:22:29.723+0000] {processor.py:183} INFO - Processing /home/airflow/.local/lib/python3.8/site-packages/airflow/example_dags/example_latest_only.py took 0.153 seconds
[2024-04-02T08:22:59.907+0000] {processor.py:161} INFO - Started process (PID=738) to work on /home/airflow/.local/lib/python3.8/site-packages/airflow/example_dags/example_latest_only.py
[2024-04-02T08:22:59.908+0000] {processor.py:830} INFO - Processing file /home/airflow/.local/lib/python3.8/site-packages/airflow/example_dags/example_latest_only.py for tasks to queue
[2024-04-02T08:22:59.912+0000] {logging_mixin.py:188} INFO - [2024-04-02T08:22:59.911+0000] {dagbag.py:540} INFO - Filling up the DagBag from /home/airflow/.local/lib/python3.8/site-packages/airflow/example_dags/example_latest_only.py
[2024-04-02T08:22:59.920+0000] {processor.py:840} INFO - DAG(s) 'latest_only' retrieved from /home/airflow/.local/lib/python3.8/site-packages/airflow/example_dags/example_latest_only.py
[2024-04-02T08:22:59.958+0000] {logging_mixin.py:188} INFO - [2024-04-02T08:22:59.957+0000] {dag.py:3047} INFO - Sync 1 DAGs
[2024-04-02T08:23:00.005+0000] {logging_mixin.py:188} INFO - [2024-04-02T08:23:00.004+0000] {dag.py:3834} INFO - Setting next_dagrun for latest_only to 2024-04-02 04:00:00+00:00, run_after=2024-04-02 08:00:00+00:00
[2024-04-02T08:23:00.041+0000] {processor.py:183} INFO - Processing /home/airflow/.local/lib/python3.8/site-packages/airflow/example_dags/example_latest_only.py took 0.140 seconds
[2024-04-02T08:23:30.550+0000] {processor.py:161} INFO - Started process (PID=794) to work on /home/airflow/.local/lib/python3.8/site-packages/airflow/example_dags/example_latest_only.py
[2024-04-02T08:23:30.555+0000] {processor.py:830} INFO - Processing file /home/airflow/.local/lib/python3.8/site-packages/airflow/example_dags/example_latest_only.py for tasks to queue
[2024-04-02T08:23:30.558+0000] {logging_mixin.py:188} INFO - [2024-04-02T08:23:30.558+0000] {dagbag.py:540} INFO - Filling up the DagBag from /home/airflow/.local/lib/python3.8/site-packages/airflow/example_dags/example_latest_only.py
[2024-04-02T08:23:30.571+0000] {processor.py:840} INFO - DAG(s) 'latest_only' retrieved from /home/airflow/.local/lib/python3.8/site-packages/airflow/example_dags/example_latest_only.py
[2024-04-02T08:23:30.605+0000] {logging_mixin.py:188} INFO - [2024-04-02T08:23:30.604+0000] {dag.py:3047} INFO - Sync 1 DAGs
[2024-04-02T08:23:30.644+0000] {logging_mixin.py:188} INFO - [2024-04-02T08:23:30.644+0000] {dag.py:3834} INFO - Setting next_dagrun for latest_only to 2024-04-02 04:00:00+00:00, run_after=2024-04-02 08:00:00+00:00
[2024-04-02T08:23:30.680+0000] {processor.py:183} INFO - Processing /home/airflow/.local/lib/python3.8/site-packages/airflow/example_dags/example_latest_only.py took 0.135 seconds
[2024-04-02T08:24:01.207+0000] {processor.py:161} INFO - Started process (PID=850) to work on /home/airflow/.local/lib/python3.8/site-packages/airflow/example_dags/example_latest_only.py
[2024-04-02T08:24:01.208+0000] {processor.py:830} INFO - Processing file /home/airflow/.local/lib/python3.8/site-packages/airflow/example_dags/example_latest_only.py for tasks to queue
[2024-04-02T08:24:01.211+0000] {logging_mixin.py:188} INFO - [2024-04-02T08:24:01.210+0000] {dagbag.py:540} INFO - Filling up the DagBag from /home/airflow/.local/lib/python3.8/site-packages/airflow/example_dags/example_latest_only.py
[2024-04-02T08:24:01.219+0000] {processor.py:840} INFO - DAG(s) 'latest_only' retrieved from /home/airflow/.local/lib/python3.8/site-packages/airflow/example_dags/example_latest_only.py
[2024-04-02T08:24:01.252+0000] {logging_mixin.py:188} INFO - [2024-04-02T08:24:01.251+0000] {dag.py:3047} INFO - Sync 1 DAGs
[2024-04-02T08:24:01.285+0000] {logging_mixin.py:188} INFO - [2024-04-02T08:24:01.285+0000] {dag.py:3834} INFO - Setting next_dagrun for latest_only to 2024-04-02 04:00:00+00:00, run_after=2024-04-02 08:00:00+00:00
[2024-04-02T08:24:01.320+0000] {processor.py:183} INFO - Processing /home/airflow/.local/lib/python3.8/site-packages/airflow/example_dags/example_latest_only.py took 0.118 seconds
[2024-04-02T08:24:31.512+0000] {processor.py:161} INFO - Started process (PID=906) to work on /home/airflow/.local/lib/python3.8/site-packages/airflow/example_dags/example_latest_only.py
[2024-04-02T08:24:31.513+0000] {processor.py:830} INFO - Processing file /home/airflow/.local/lib/python3.8/site-packages/airflow/example_dags/example_latest_only.py for tasks to queue
[2024-04-02T08:24:31.516+0000] {logging_mixin.py:188} INFO - [2024-04-02T08:24:31.515+0000] {dagbag.py:540} INFO - Filling up the DagBag from /home/airflow/.local/lib/python3.8/site-packages/airflow/example_dags/example_latest_only.py
[2024-04-02T08:24:31.524+0000] {processor.py:840} INFO - DAG(s) 'latest_only' retrieved from /home/airflow/.local/lib/python3.8/site-packages/airflow/example_dags/example_latest_only.py
[2024-04-02T08:24:31.558+0000] {logging_mixin.py:188} INFO - [2024-04-02T08:24:31.557+0000] {dag.py:3047} INFO - Sync 1 DAGs
[2024-04-02T08:24:31.614+0000] {logging_mixin.py:188} INFO - [2024-04-02T08:24:31.613+0000] {dag.py:3834} INFO - Setting next_dagrun for latest_only to 2024-04-02 04:00:00+00:00, run_after=2024-04-02 08:00:00+00:00
[2024-04-02T08:24:31.646+0000] {processor.py:183} INFO - Processing /home/airflow/.local/lib/python3.8/site-packages/airflow/example_dags/example_latest_only.py took 0.139 seconds
[2024-04-02T08:25:01.902+0000] {processor.py:161} INFO - Started process (PID=962) to work on /home/airflow/.local/lib/python3.8/site-packages/airflow/example_dags/example_latest_only.py
[2024-04-02T08:25:01.904+0000] {processor.py:830} INFO - Processing file /home/airflow/.local/lib/python3.8/site-packages/airflow/example_dags/example_latest_only.py for tasks to queue
[2024-04-02T08:25:01.908+0000] {logging_mixin.py:188} INFO - [2024-04-02T08:25:01.907+0000] {dagbag.py:540} INFO - Filling up the DagBag from /home/airflow/.local/lib/python3.8/site-packages/airflow/example_dags/example_latest_only.py
[2024-04-02T08:25:01.918+0000] {processor.py:840} INFO - DAG(s) 'latest_only' retrieved from /home/airflow/.local/lib/python3.8/site-packages/airflow/example_dags/example_latest_only.py
[2024-04-02T08:25:01.952+0000] {logging_mixin.py:188} INFO - [2024-04-02T08:25:01.952+0000] {dag.py:3047} INFO - Sync 1 DAGs
[2024-04-02T08:25:01.996+0000] {logging_mixin.py:188} INFO - [2024-04-02T08:25:01.996+0000] {dag.py:3834} INFO - Setting next_dagrun for latest_only to 2024-04-02 04:00:00+00:00, run_after=2024-04-02 08:00:00+00:00
[2024-04-02T08:25:02.038+0000] {processor.py:183} INFO - Processing /home/airflow/.local/lib/python3.8/site-packages/airflow/example_dags/example_latest_only.py took 0.143 seconds
[2024-04-02T08:25:32.635+0000] {processor.py:161} INFO - Started process (PID=1018) to work on /home/airflow/.local/lib/python3.8/site-packages/airflow/example_dags/example_latest_only.py
[2024-04-02T08:25:32.637+0000] {processor.py:830} INFO - Processing file /home/airflow/.local/lib/python3.8/site-packages/airflow/example_dags/example_latest_only.py for tasks to queue
[2024-04-02T08:25:32.642+0000] {logging_mixin.py:188} INFO - [2024-04-02T08:25:32.641+0000] {dagbag.py:540} INFO - Filling up the DagBag from /home/airflow/.local/lib/python3.8/site-packages/airflow/example_dags/example_latest_only.py
[2024-04-02T08:25:32.650+0000] {processor.py:840} INFO - DAG(s) 'latest_only' retrieved from /home/airflow/.local/lib/python3.8/site-packages/airflow/example_dags/example_latest_only.py
[2024-04-02T08:25:32.691+0000] {logging_mixin.py:188} INFO - [2024-04-02T08:25:32.690+0000] {dag.py:3047} INFO - Sync 1 DAGs
[2024-04-02T08:25:32.741+0000] {logging_mixin.py:188} INFO - [2024-04-02T08:25:32.741+0000] {dag.py:3834} INFO - Setting next_dagrun for latest_only to 2024-04-02 04:00:00+00:00, run_after=2024-04-02 08:00:00+00:00
[2024-04-02T08:25:32.780+0000] {processor.py:183} INFO - Processing /home/airflow/.local/lib/python3.8/site-packages/airflow/example_dags/example_latest_only.py took 0.150 seconds
[2024-04-02T08:26:03.223+0000] {processor.py:161} INFO - Started process (PID=1074) to work on /home/airflow/.local/lib/python3.8/site-packages/airflow/example_dags/example_latest_only.py
[2024-04-02T08:26:03.226+0000] {processor.py:830} INFO - Processing file /home/airflow/.local/lib/python3.8/site-packages/airflow/example_dags/example_latest_only.py for tasks to queue
[2024-04-02T08:26:03.230+0000] {logging_mixin.py:188} INFO - [2024-04-02T08:26:03.230+0000] {dagbag.py:540} INFO - Filling up the DagBag from /home/airflow/.local/lib/python3.8/site-packages/airflow/example_dags/example_latest_only.py
[2024-04-02T08:26:03.240+0000] {processor.py:840} INFO - DAG(s) 'latest_only' retrieved from /home/airflow/.local/lib/python3.8/site-packages/airflow/example_dags/example_latest_only.py
[2024-04-02T08:26:03.290+0000] {logging_mixin.py:188} INFO - [2024-04-02T08:26:03.286+0000] {dag.py:3047} INFO - Sync 1 DAGs
[2024-04-02T08:26:03.347+0000] {logging_mixin.py:188} INFO - [2024-04-02T08:26:03.346+0000] {dag.py:3834} INFO - Setting next_dagrun for latest_only to 2024-04-02 04:00:00+00:00, run_after=2024-04-02 08:00:00+00:00
[2024-04-02T08:26:03.392+0000] {processor.py:183} INFO - Processing /home/airflow/.local/lib/python3.8/site-packages/airflow/example_dags/example_latest_only.py took 0.178 seconds
[2024-04-02T08:26:34.262+0000] {processor.py:161} INFO - Started process (PID=1130) to work on /home/airflow/.local/lib/python3.8/site-packages/airflow/example_dags/example_latest_only.py
[2024-04-02T08:26:34.264+0000] {processor.py:830} INFO - Processing file /home/airflow/.local/lib/python3.8/site-packages/airflow/example_dags/example_latest_only.py for tasks to queue
[2024-04-02T08:26:34.267+0000] {logging_mixin.py:188} INFO - [2024-04-02T08:26:34.267+0000] {dagbag.py:540} INFO - Filling up the DagBag from /home/airflow/.local/lib/python3.8/site-packages/airflow/example_dags/example_latest_only.py
[2024-04-02T08:26:34.280+0000] {processor.py:840} INFO - DAG(s) 'latest_only' retrieved from /home/airflow/.local/lib/python3.8/site-packages/airflow/example_dags/example_latest_only.py
[2024-04-02T08:26:34.325+0000] {logging_mixin.py:188} INFO - [2024-04-02T08:26:34.325+0000] {dag.py:3047} INFO - Sync 1 DAGs
[2024-04-02T08:26:34.380+0000] {logging_mixin.py:188} INFO - [2024-04-02T08:26:34.379+0000] {dag.py:3834} INFO - Setting next_dagrun for latest_only to 2024-04-02 04:00:00+00:00, run_after=2024-04-02 08:00:00+00:00
[2024-04-02T08:26:34.422+0000] {processor.py:183} INFO - Processing /home/airflow/.local/lib/python3.8/site-packages/airflow/example_dags/example_latest_only.py took 0.169 seconds
[2024-04-02T08:27:04.506+0000] {processor.py:161} INFO - Started process (PID=1184) to work on /home/airflow/.local/lib/python3.8/site-packages/airflow/example_dags/example_latest_only.py
[2024-04-02T08:27:04.508+0000] {processor.py:830} INFO - Processing file /home/airflow/.local/lib/python3.8/site-packages/airflow/example_dags/example_latest_only.py for tasks to queue
[2024-04-02T08:27:04.510+0000] {logging_mixin.py:188} INFO - [2024-04-02T08:27:04.510+0000] {dagbag.py:540} INFO - Filling up the DagBag from /home/airflow/.local/lib/python3.8/site-packages/airflow/example_dags/example_latest_only.py
[2024-04-02T08:27:04.516+0000] {processor.py:840} INFO - DAG(s) 'latest_only' retrieved from /home/airflow/.local/lib/python3.8/site-packages/airflow/example_dags/example_latest_only.py
[2024-04-02T08:27:04.544+0000] {logging_mixin.py:188} INFO - [2024-04-02T08:27:04.543+0000] {dag.py:3047} INFO - Sync 1 DAGs
[2024-04-02T08:27:04.576+0000] {logging_mixin.py:188} INFO - [2024-04-02T08:27:04.576+0000] {dag.py:3834} INFO - Setting next_dagrun for latest_only to 2024-04-02 04:00:00+00:00, run_after=2024-04-02 08:00:00+00:00
[2024-04-02T08:27:04.610+0000] {processor.py:183} INFO - Processing /home/airflow/.local/lib/python3.8/site-packages/airflow/example_dags/example_latest_only.py took 0.107 seconds
[2024-04-02T08:27:35.043+0000] {processor.py:161} INFO - Started process (PID=1240) to work on /home/airflow/.local/lib/python3.8/site-packages/airflow/example_dags/example_latest_only.py
[2024-04-02T08:27:35.045+0000] {processor.py:830} INFO - Processing file /home/airflow/.local/lib/python3.8/site-packages/airflow/example_dags/example_latest_only.py for tasks to queue
[2024-04-02T08:27:35.048+0000] {logging_mixin.py:188} INFO - [2024-04-02T08:27:35.048+0000] {dagbag.py:540} INFO - Filling up the DagBag from /home/airflow/.local/lib/python3.8/site-packages/airflow/example_dags/example_latest_only.py
[2024-04-02T08:27:35.056+0000] {processor.py:840} INFO - DAG(s) 'latest_only' retrieved from /home/airflow/.local/lib/python3.8/site-packages/airflow/example_dags/example_latest_only.py
[2024-04-02T08:27:35.088+0000] {logging_mixin.py:188} INFO - [2024-04-02T08:27:35.088+0000] {dag.py:3047} INFO - Sync 1 DAGs
[2024-04-02T08:27:35.130+0000] {logging_mixin.py:188} INFO - [2024-04-02T08:27:35.130+0000] {dag.py:3834} INFO - Setting next_dagrun for latest_only to 2024-04-02 04:00:00+00:00, run_after=2024-04-02 08:00:00+00:00
[2024-04-02T08:27:35.172+0000] {processor.py:183} INFO - Processing /home/airflow/.local/lib/python3.8/site-packages/airflow/example_dags/example_latest_only.py took 0.133 seconds
[2024-04-02T08:28:05.719+0000] {processor.py:161} INFO - Started process (PID=1296) to work on /home/airflow/.local/lib/python3.8/site-packages/airflow/example_dags/example_latest_only.py
[2024-04-02T08:28:05.721+0000] {processor.py:830} INFO - Processing file /home/airflow/.local/lib/python3.8/site-packages/airflow/example_dags/example_latest_only.py for tasks to queue
[2024-04-02T08:28:05.724+0000] {logging_mixin.py:188} INFO - [2024-04-02T08:28:05.723+0000] {dagbag.py:540} INFO - Filling up the DagBag from /home/airflow/.local/lib/python3.8/site-packages/airflow/example_dags/example_latest_only.py
[2024-04-02T08:28:05.732+0000] {processor.py:840} INFO - DAG(s) 'latest_only' retrieved from /home/airflow/.local/lib/python3.8/site-packages/airflow/example_dags/example_latest_only.py
[2024-04-02T08:28:05.768+0000] {logging_mixin.py:188} INFO - [2024-04-02T08:28:05.768+0000] {dag.py:3047} INFO - Sync 1 DAGs
[2024-04-02T08:28:05.811+0000] {logging_mixin.py:188} INFO - [2024-04-02T08:28:05.811+0000] {dag.py:3834} INFO - Setting next_dagrun for latest_only to 2024-04-02 04:00:00+00:00, run_after=2024-04-02 08:00:00+00:00
[2024-04-02T08:28:05.872+0000] {processor.py:183} INFO - Processing /home/airflow/.local/lib/python3.8/site-packages/airflow/example_dags/example_latest_only.py took 0.157 seconds
[2024-04-02T08:28:35.925+0000] {processor.py:161} INFO - Started process (PID=1352) to work on /home/airflow/.local/lib/python3.8/site-packages/airflow/example_dags/example_latest_only.py
[2024-04-02T08:28:35.927+0000] {processor.py:830} INFO - Processing file /home/airflow/.local/lib/python3.8/site-packages/airflow/example_dags/example_latest_only.py for tasks to queue
[2024-04-02T08:28:35.932+0000] {logging_mixin.py:188} INFO - [2024-04-02T08:28:35.931+0000] {dagbag.py:540} INFO - Filling up the DagBag from /home/airflow/.local/lib/python3.8/site-packages/airflow/example_dags/example_latest_only.py
[2024-04-02T08:28:35.942+0000] {processor.py:840} INFO - DAG(s) 'latest_only' retrieved from /home/airflow/.local/lib/python3.8/site-packages/airflow/example_dags/example_latest_only.py
[2024-04-02T08:28:35.989+0000] {logging_mixin.py:188} INFO - [2024-04-02T08:28:35.988+0000] {dag.py:3047} INFO - Sync 1 DAGs
[2024-04-02T08:28:36.045+0000] {logging_mixin.py:188} INFO - [2024-04-02T08:28:36.044+0000] {dag.py:3834} INFO - Setting next_dagrun for latest_only to 2024-04-02 04:00:00+00:00, run_after=2024-04-02 08:00:00+00:00
[2024-04-02T08:28:36.109+0000] {processor.py:183} INFO - Processing /home/airflow/.local/lib/python3.8/site-packages/airflow/example_dags/example_latest_only.py took 0.191 seconds
[2024-04-02T08:29:06.202+0000] {processor.py:161} INFO - Started process (PID=1408) to work on /home/airflow/.local/lib/python3.8/site-packages/airflow/example_dags/example_latest_only.py
[2024-04-02T08:29:06.204+0000] {processor.py:830} INFO - Processing file /home/airflow/.local/lib/python3.8/site-packages/airflow/example_dags/example_latest_only.py for tasks to queue
[2024-04-02T08:29:06.206+0000] {logging_mixin.py:188} INFO - [2024-04-02T08:29:06.206+0000] {dagbag.py:540} INFO - Filling up the DagBag from /home/airflow/.local/lib/python3.8/site-packages/airflow/example_dags/example_latest_only.py
[2024-04-02T08:29:06.213+0000] {processor.py:840} INFO - DAG(s) 'latest_only' retrieved from /home/airflow/.local/lib/python3.8/site-packages/airflow/example_dags/example_latest_only.py
[2024-04-02T08:29:06.246+0000] {logging_mixin.py:188} INFO - [2024-04-02T08:29:06.246+0000] {dag.py:3047} INFO - Sync 1 DAGs
[2024-04-02T08:29:06.292+0000] {logging_mixin.py:188} INFO - [2024-04-02T08:29:06.291+0000] {dag.py:3834} INFO - Setting next_dagrun for latest_only to 2024-04-02 04:00:00+00:00, run_after=2024-04-02 08:00:00+00:00
[2024-04-02T08:29:06.333+0000] {processor.py:183} INFO - Processing /home/airflow/.local/lib/python3.8/site-packages/airflow/example_dags/example_latest_only.py took 0.136 seconds
[2024-04-02T08:29:36.667+0000] {processor.py:161} INFO - Started process (PID=1462) to work on /home/airflow/.local/lib/python3.8/site-packages/airflow/example_dags/example_latest_only.py
[2024-04-02T08:29:36.669+0000] {processor.py:830} INFO - Processing file /home/airflow/.local/lib/python3.8/site-packages/airflow/example_dags/example_latest_only.py for tasks to queue
[2024-04-02T08:29:36.674+0000] {logging_mixin.py:188} INFO - [2024-04-02T08:29:36.673+0000] {dagbag.py:540} INFO - Filling up the DagBag from /home/airflow/.local/lib/python3.8/site-packages/airflow/example_dags/example_latest_only.py
[2024-04-02T08:29:36.682+0000] {processor.py:840} INFO - DAG(s) 'latest_only' retrieved from /home/airflow/.local/lib/python3.8/site-packages/airflow/example_dags/example_latest_only.py
[2024-04-02T08:29:36.722+0000] {logging_mixin.py:188} INFO - [2024-04-02T08:29:36.720+0000] {dag.py:3047} INFO - Sync 1 DAGs
[2024-04-02T08:29:36.768+0000] {logging_mixin.py:188} INFO - [2024-04-02T08:29:36.768+0000] {dag.py:3834} INFO - Setting next_dagrun for latest_only to 2024-04-02 04:00:00+00:00, run_after=2024-04-02 08:00:00+00:00
[2024-04-02T08:29:36.807+0000] {processor.py:183} INFO - Processing /home/airflow/.local/lib/python3.8/site-packages/airflow/example_dags/example_latest_only.py took 0.145 seconds
[2024-04-02T08:30:07.497+0000] {processor.py:161} INFO - Started process (PID=1518) to work on /home/airflow/.local/lib/python3.8/site-packages/airflow/example_dags/example_latest_only.py
[2024-04-02T08:30:07.498+0000] {processor.py:830} INFO - Processing file /home/airflow/.local/lib/python3.8/site-packages/airflow/example_dags/example_latest_only.py for tasks to queue
[2024-04-02T08:30:07.504+0000] {logging_mixin.py:188} INFO - [2024-04-02T08:30:07.502+0000] {dagbag.py:540} INFO - Filling up the DagBag from /home/airflow/.local/lib/python3.8/site-packages/airflow/example_dags/example_latest_only.py
[2024-04-02T08:30:07.515+0000] {processor.py:840} INFO - DAG(s) 'latest_only' retrieved from /home/airflow/.local/lib/python3.8/site-packages/airflow/example_dags/example_latest_only.py
[2024-04-02T08:30:07.553+0000] {logging_mixin.py:188} INFO - [2024-04-02T08:30:07.552+0000] {dag.py:3047} INFO - Sync 1 DAGs
[2024-04-02T08:30:07.602+0000] {logging_mixin.py:188} INFO - [2024-04-02T08:30:07.602+0000] {dag.py:3834} INFO - Setting next_dagrun for latest_only to 2024-04-02 04:00:00+00:00, run_after=2024-04-02 08:00:00+00:00
[2024-04-02T08:30:07.651+0000] {processor.py:183} INFO - Processing /home/airflow/.local/lib/python3.8/site-packages/airflow/example_dags/example_latest_only.py took 0.158 seconds
[2024-04-02T08:30:38.232+0000] {processor.py:161} INFO - Started process (PID=1574) to work on /home/airflow/.local/lib/python3.8/site-packages/airflow/example_dags/example_latest_only.py
[2024-04-02T08:30:38.233+0000] {processor.py:830} INFO - Processing file /home/airflow/.local/lib/python3.8/site-packages/airflow/example_dags/example_latest_only.py for tasks to queue
[2024-04-02T08:30:38.236+0000] {logging_mixin.py:188} INFO - [2024-04-02T08:30:38.235+0000] {dagbag.py:540} INFO - Filling up the DagBag from /home/airflow/.local/lib/python3.8/site-packages/airflow/example_dags/example_latest_only.py
[2024-04-02T08:30:38.244+0000] {processor.py:840} INFO - DAG(s) 'latest_only' retrieved from /home/airflow/.local/lib/python3.8/site-packages/airflow/example_dags/example_latest_only.py
[2024-04-02T08:30:38.278+0000] {logging_mixin.py:188} INFO - [2024-04-02T08:30:38.277+0000] {dag.py:3047} INFO - Sync 1 DAGs
[2024-04-02T08:30:38.316+0000] {logging_mixin.py:188} INFO - [2024-04-02T08:30:38.316+0000] {dag.py:3834} INFO - Setting next_dagrun for latest_only to 2024-04-02 04:00:00+00:00, run_after=2024-04-02 08:00:00+00:00
[2024-04-02T08:30:38.353+0000] {processor.py:183} INFO - Processing /home/airflow/.local/lib/python3.8/site-packages/airflow/example_dags/example_latest_only.py took 0.126 seconds
[2024-04-02T08:31:08.619+0000] {processor.py:161} INFO - Started process (PID=1630) to work on /home/airflow/.local/lib/python3.8/site-packages/airflow/example_dags/example_latest_only.py
[2024-04-02T08:31:08.621+0000] {processor.py:830} INFO - Processing file /home/airflow/.local/lib/python3.8/site-packages/airflow/example_dags/example_latest_only.py for tasks to queue
[2024-04-02T08:31:08.624+0000] {logging_mixin.py:188} INFO - [2024-04-02T08:31:08.623+0000] {dagbag.py:540} INFO - Filling up the DagBag from /home/airflow/.local/lib/python3.8/site-packages/airflow/example_dags/example_latest_only.py
[2024-04-02T08:31:08.632+0000] {processor.py:840} INFO - DAG(s) 'latest_only' retrieved from /home/airflow/.local/lib/python3.8/site-packages/airflow/example_dags/example_latest_only.py
[2024-04-02T08:31:08.662+0000] {logging_mixin.py:188} INFO - [2024-04-02T08:31:08.662+0000] {dag.py:3047} INFO - Sync 1 DAGs
[2024-04-02T08:31:08.702+0000] {logging_mixin.py:188} INFO - [2024-04-02T08:31:08.701+0000] {dag.py:3834} INFO - Setting next_dagrun for latest_only to 2024-04-02 04:00:00+00:00, run_after=2024-04-02 08:00:00+00:00
[2024-04-02T08:31:08.748+0000] {processor.py:183} INFO - Processing /home/airflow/.local/lib/python3.8/site-packages/airflow/example_dags/example_latest_only.py took 0.133 seconds
