[2024-04-02T07:45:22.069+0000] {processor.py:161} INFO - Started process (PID=61) to work on /home/airflow/.local/lib/python3.8/site-packages/airflow/example_dags/tutorial_dag.py
[2024-04-02T07:45:22.071+0000] {processor.py:830} INFO - Processing file /home/airflow/.local/lib/python3.8/site-packages/airflow/example_dags/tutorial_dag.py for tasks to queue
[2024-04-02T07:45:22.075+0000] {logging_mixin.py:188} INFO - [2024-04-02T07:45:22.074+0000] {dagbag.py:540} INFO - Filling up the DagBag from /home/airflow/.local/lib/python3.8/site-packages/airflow/example_dags/tutorial_dag.py
[2024-04-02T07:45:22.111+0000] {processor.py:840} INFO - DAG(s) 'tutorial_dag' retrieved from /home/airflow/.local/lib/python3.8/site-packages/airflow/example_dags/tutorial_dag.py
[2024-04-02T07:45:22.909+0000] {logging_mixin.py:188} INFO - [2024-04-02T07:45:22.906+0000] {dag.py:3047} INFO - Sync 1 DAGs
[2024-04-02T07:45:22.970+0000] {logging_mixin.py:188} INFO - [2024-04-02T07:45:22.970+0000] {dag.py:3834} INFO - Setting next_dagrun for tutorial_dag to None, run_after=None
[2024-04-02T07:45:23.047+0000] {processor.py:183} INFO - Processing /home/airflow/.local/lib/python3.8/site-packages/airflow/example_dags/tutorial_dag.py took 0.985 seconds
[2024-04-02T07:45:53.833+0000] {processor.py:161} INFO - Started process (PID=117) to work on /home/airflow/.local/lib/python3.8/site-packages/airflow/example_dags/tutorial_dag.py
[2024-04-02T07:45:53.834+0000] {processor.py:830} INFO - Processing file /home/airflow/.local/lib/python3.8/site-packages/airflow/example_dags/tutorial_dag.py for tasks to queue
[2024-04-02T07:45:53.837+0000] {logging_mixin.py:188} INFO - [2024-04-02T07:45:53.837+0000] {dagbag.py:540} INFO - Filling up the DagBag from /home/airflow/.local/lib/python3.8/site-packages/airflow/example_dags/tutorial_dag.py
[2024-04-02T07:45:53.844+0000] {processor.py:840} INFO - DAG(s) 'tutorial_dag' retrieved from /home/airflow/.local/lib/python3.8/site-packages/airflow/example_dags/tutorial_dag.py
[2024-04-02T07:45:53.872+0000] {logging_mixin.py:188} INFO - [2024-04-02T07:45:53.872+0000] {dag.py:3047} INFO - Sync 1 DAGs
[2024-04-02T07:45:53.888+0000] {logging_mixin.py:188} INFO - [2024-04-02T07:45:53.888+0000] {dag.py:3834} INFO - Setting next_dagrun for tutorial_dag to None, run_after=None
[2024-04-02T07:45:53.934+0000] {processor.py:183} INFO - Processing /home/airflow/.local/lib/python3.8/site-packages/airflow/example_dags/tutorial_dag.py took 0.105 seconds
[2024-04-02T07:46:24.464+0000] {processor.py:161} INFO - Started process (PID=173) to work on /home/airflow/.local/lib/python3.8/site-packages/airflow/example_dags/tutorial_dag.py
[2024-04-02T07:46:24.465+0000] {processor.py:830} INFO - Processing file /home/airflow/.local/lib/python3.8/site-packages/airflow/example_dags/tutorial_dag.py for tasks to queue
[2024-04-02T07:46:24.468+0000] {logging_mixin.py:188} INFO - [2024-04-02T07:46:24.467+0000] {dagbag.py:540} INFO - Filling up the DagBag from /home/airflow/.local/lib/python3.8/site-packages/airflow/example_dags/tutorial_dag.py
[2024-04-02T07:46:24.477+0000] {processor.py:840} INFO - DAG(s) 'tutorial_dag' retrieved from /home/airflow/.local/lib/python3.8/site-packages/airflow/example_dags/tutorial_dag.py
[2024-04-02T07:46:24.507+0000] {logging_mixin.py:188} INFO - [2024-04-02T07:46:24.507+0000] {dag.py:3047} INFO - Sync 1 DAGs
[2024-04-02T07:46:24.525+0000] {logging_mixin.py:188} INFO - [2024-04-02T07:46:24.525+0000] {dag.py:3834} INFO - Setting next_dagrun for tutorial_dag to None, run_after=None
[2024-04-02T07:46:24.560+0000] {processor.py:183} INFO - Processing /home/airflow/.local/lib/python3.8/site-packages/airflow/example_dags/tutorial_dag.py took 0.102 seconds
[2024-04-02T07:46:55.243+0000] {processor.py:161} INFO - Started process (PID=229) to work on /home/airflow/.local/lib/python3.8/site-packages/airflow/example_dags/tutorial_dag.py
[2024-04-02T07:46:55.253+0000] {processor.py:830} INFO - Processing file /home/airflow/.local/lib/python3.8/site-packages/airflow/example_dags/tutorial_dag.py for tasks to queue
[2024-04-02T07:46:55.262+0000] {logging_mixin.py:188} INFO - [2024-04-02T07:46:55.261+0000] {dagbag.py:540} INFO - Filling up the DagBag from /home/airflow/.local/lib/python3.8/site-packages/airflow/example_dags/tutorial_dag.py
[2024-04-02T07:46:55.284+0000] {processor.py:840} INFO - DAG(s) 'tutorial_dag' retrieved from /home/airflow/.local/lib/python3.8/site-packages/airflow/example_dags/tutorial_dag.py
[2024-04-02T07:46:55.363+0000] {logging_mixin.py:188} INFO - [2024-04-02T07:46:55.363+0000] {dag.py:3047} INFO - Sync 1 DAGs
[2024-04-02T07:46:55.455+0000] {logging_mixin.py:188} INFO - [2024-04-02T07:46:55.454+0000] {dag.py:3834} INFO - Setting next_dagrun for tutorial_dag to None, run_after=None
[2024-04-02T07:46:55.862+0000] {processor.py:183} INFO - Processing /home/airflow/.local/lib/python3.8/site-packages/airflow/example_dags/tutorial_dag.py took 0.630 seconds
[2024-04-02T07:47:26.128+0000] {processor.py:161} INFO - Started process (PID=285) to work on /home/airflow/.local/lib/python3.8/site-packages/airflow/example_dags/tutorial_dag.py
[2024-04-02T07:47:26.136+0000] {processor.py:830} INFO - Processing file /home/airflow/.local/lib/python3.8/site-packages/airflow/example_dags/tutorial_dag.py for tasks to queue
[2024-04-02T07:47:26.139+0000] {logging_mixin.py:188} INFO - [2024-04-02T07:47:26.138+0000] {dagbag.py:540} INFO - Filling up the DagBag from /home/airflow/.local/lib/python3.8/site-packages/airflow/example_dags/tutorial_dag.py
[2024-04-02T07:47:26.146+0000] {processor.py:840} INFO - DAG(s) 'tutorial_dag' retrieved from /home/airflow/.local/lib/python3.8/site-packages/airflow/example_dags/tutorial_dag.py
[2024-04-02T07:47:26.177+0000] {logging_mixin.py:188} INFO - [2024-04-02T07:47:26.177+0000] {dag.py:3047} INFO - Sync 1 DAGs
[2024-04-02T07:47:26.197+0000] {logging_mixin.py:188} INFO - [2024-04-02T07:47:26.196+0000] {dag.py:3834} INFO - Setting next_dagrun for tutorial_dag to None, run_after=None
[2024-04-02T07:47:26.234+0000] {processor.py:183} INFO - Processing /home/airflow/.local/lib/python3.8/site-packages/airflow/example_dags/tutorial_dag.py took 0.110 seconds
[2024-04-02T07:47:56.806+0000] {processor.py:161} INFO - Started process (PID=341) to work on /home/airflow/.local/lib/python3.8/site-packages/airflow/example_dags/tutorial_dag.py
[2024-04-02T07:47:56.815+0000] {processor.py:830} INFO - Processing file /home/airflow/.local/lib/python3.8/site-packages/airflow/example_dags/tutorial_dag.py for tasks to queue
[2024-04-02T07:47:56.817+0000] {logging_mixin.py:188} INFO - [2024-04-02T07:47:56.817+0000] {dagbag.py:540} INFO - Filling up the DagBag from /home/airflow/.local/lib/python3.8/site-packages/airflow/example_dags/tutorial_dag.py
[2024-04-02T07:47:56.826+0000] {processor.py:840} INFO - DAG(s) 'tutorial_dag' retrieved from /home/airflow/.local/lib/python3.8/site-packages/airflow/example_dags/tutorial_dag.py
[2024-04-02T07:47:56.856+0000] {logging_mixin.py:188} INFO - [2024-04-02T07:47:56.856+0000] {dag.py:3047} INFO - Sync 1 DAGs
[2024-04-02T07:47:56.874+0000] {logging_mixin.py:188} INFO - [2024-04-02T07:47:56.874+0000] {dag.py:3834} INFO - Setting next_dagrun for tutorial_dag to None, run_after=None
[2024-04-02T07:47:56.911+0000] {processor.py:183} INFO - Processing /home/airflow/.local/lib/python3.8/site-packages/airflow/example_dags/tutorial_dag.py took 0.110 seconds
[2024-04-02T07:48:27.126+0000] {processor.py:161} INFO - Started process (PID=397) to work on /home/airflow/.local/lib/python3.8/site-packages/airflow/example_dags/tutorial_dag.py
[2024-04-02T07:48:27.135+0000] {processor.py:830} INFO - Processing file /home/airflow/.local/lib/python3.8/site-packages/airflow/example_dags/tutorial_dag.py for tasks to queue
[2024-04-02T07:48:27.138+0000] {logging_mixin.py:188} INFO - [2024-04-02T07:48:27.137+0000] {dagbag.py:540} INFO - Filling up the DagBag from /home/airflow/.local/lib/python3.8/site-packages/airflow/example_dags/tutorial_dag.py
[2024-04-02T07:48:27.148+0000] {processor.py:840} INFO - DAG(s) 'tutorial_dag' retrieved from /home/airflow/.local/lib/python3.8/site-packages/airflow/example_dags/tutorial_dag.py
[2024-04-02T07:48:27.188+0000] {logging_mixin.py:188} INFO - [2024-04-02T07:48:27.188+0000] {dag.py:3047} INFO - Sync 1 DAGs
[2024-04-02T07:48:27.218+0000] {logging_mixin.py:188} INFO - [2024-04-02T07:48:27.218+0000] {dag.py:3834} INFO - Setting next_dagrun for tutorial_dag to None, run_after=None
[2024-04-02T07:48:27.262+0000] {processor.py:183} INFO - Processing /home/airflow/.local/lib/python3.8/site-packages/airflow/example_dags/tutorial_dag.py took 0.142 seconds
[2024-04-02T07:48:58.245+0000] {processor.py:161} INFO - Started process (PID=453) to work on /home/airflow/.local/lib/python3.8/site-packages/airflow/example_dags/tutorial_dag.py
[2024-04-02T07:48:58.248+0000] {processor.py:830} INFO - Processing file /home/airflow/.local/lib/python3.8/site-packages/airflow/example_dags/tutorial_dag.py for tasks to queue
[2024-04-02T07:48:58.253+0000] {logging_mixin.py:188} INFO - [2024-04-02T07:48:58.253+0000] {dagbag.py:540} INFO - Filling up the DagBag from /home/airflow/.local/lib/python3.8/site-packages/airflow/example_dags/tutorial_dag.py
[2024-04-02T07:48:58.267+0000] {processor.py:840} INFO - DAG(s) 'tutorial_dag' retrieved from /home/airflow/.local/lib/python3.8/site-packages/airflow/example_dags/tutorial_dag.py
[2024-04-02T07:48:58.309+0000] {logging_mixin.py:188} INFO - [2024-04-02T07:48:58.308+0000] {dag.py:3047} INFO - Sync 1 DAGs
[2024-04-02T07:48:58.334+0000] {logging_mixin.py:188} INFO - [2024-04-02T07:48:58.334+0000] {dag.py:3834} INFO - Setting next_dagrun for tutorial_dag to None, run_after=None
[2024-04-02T07:48:58.392+0000] {processor.py:183} INFO - Processing /home/airflow/.local/lib/python3.8/site-packages/airflow/example_dags/tutorial_dag.py took 0.153 seconds
[2024-04-02T07:49:28.691+0000] {processor.py:161} INFO - Started process (PID=509) to work on /home/airflow/.local/lib/python3.8/site-packages/airflow/example_dags/tutorial_dag.py
[2024-04-02T07:49:28.693+0000] {processor.py:830} INFO - Processing file /home/airflow/.local/lib/python3.8/site-packages/airflow/example_dags/tutorial_dag.py for tasks to queue
[2024-04-02T07:49:28.696+0000] {logging_mixin.py:188} INFO - [2024-04-02T07:49:28.696+0000] {dagbag.py:540} INFO - Filling up the DagBag from /home/airflow/.local/lib/python3.8/site-packages/airflow/example_dags/tutorial_dag.py
[2024-04-02T07:49:28.706+0000] {processor.py:840} INFO - DAG(s) 'tutorial_dag' retrieved from /home/airflow/.local/lib/python3.8/site-packages/airflow/example_dags/tutorial_dag.py
[2024-04-02T07:49:28.743+0000] {logging_mixin.py:188} INFO - [2024-04-02T07:49:28.742+0000] {dag.py:3047} INFO - Sync 1 DAGs
[2024-04-02T07:49:28.763+0000] {logging_mixin.py:188} INFO - [2024-04-02T07:49:28.763+0000] {dag.py:3834} INFO - Setting next_dagrun for tutorial_dag to None, run_after=None
[2024-04-02T07:49:28.856+0000] {processor.py:183} INFO - Processing /home/airflow/.local/lib/python3.8/site-packages/airflow/example_dags/tutorial_dag.py took 0.173 seconds
[2024-04-02T07:49:59.162+0000] {processor.py:161} INFO - Started process (PID=565) to work on /home/airflow/.local/lib/python3.8/site-packages/airflow/example_dags/tutorial_dag.py
[2024-04-02T07:49:59.164+0000] {processor.py:830} INFO - Processing file /home/airflow/.local/lib/python3.8/site-packages/airflow/example_dags/tutorial_dag.py for tasks to queue
[2024-04-02T07:49:59.168+0000] {logging_mixin.py:188} INFO - [2024-04-02T07:49:59.167+0000] {dagbag.py:540} INFO - Filling up the DagBag from /home/airflow/.local/lib/python3.8/site-packages/airflow/example_dags/tutorial_dag.py
[2024-04-02T07:49:59.183+0000] {processor.py:840} INFO - DAG(s) 'tutorial_dag' retrieved from /home/airflow/.local/lib/python3.8/site-packages/airflow/example_dags/tutorial_dag.py
[2024-04-02T07:49:59.237+0000] {logging_mixin.py:188} INFO - [2024-04-02T07:49:59.237+0000] {dag.py:3047} INFO - Sync 1 DAGs
[2024-04-02T07:49:59.266+0000] {logging_mixin.py:188} INFO - [2024-04-02T07:49:59.265+0000] {dag.py:3834} INFO - Setting next_dagrun for tutorial_dag to None, run_after=None
[2024-04-02T07:49:59.309+0000] {processor.py:183} INFO - Processing /home/airflow/.local/lib/python3.8/site-packages/airflow/example_dags/tutorial_dag.py took 0.154 seconds
[2024-04-02T07:50:29.434+0000] {processor.py:161} INFO - Started process (PID=621) to work on /home/airflow/.local/lib/python3.8/site-packages/airflow/example_dags/tutorial_dag.py
[2024-04-02T07:50:29.435+0000] {processor.py:830} INFO - Processing file /home/airflow/.local/lib/python3.8/site-packages/airflow/example_dags/tutorial_dag.py for tasks to queue
[2024-04-02T07:50:29.438+0000] {logging_mixin.py:188} INFO - [2024-04-02T07:50:29.437+0000] {dagbag.py:540} INFO - Filling up the DagBag from /home/airflow/.local/lib/python3.8/site-packages/airflow/example_dags/tutorial_dag.py
[2024-04-02T07:50:29.448+0000] {processor.py:840} INFO - DAG(s) 'tutorial_dag' retrieved from /home/airflow/.local/lib/python3.8/site-packages/airflow/example_dags/tutorial_dag.py
[2024-04-02T07:50:29.483+0000] {logging_mixin.py:188} INFO - [2024-04-02T07:50:29.482+0000] {dag.py:3047} INFO - Sync 1 DAGs
[2024-04-02T07:50:29.512+0000] {logging_mixin.py:188} INFO - [2024-04-02T07:50:29.511+0000] {dag.py:3834} INFO - Setting next_dagrun for tutorial_dag to None, run_after=None
[2024-04-02T07:50:29.559+0000] {processor.py:183} INFO - Processing /home/airflow/.local/lib/python3.8/site-packages/airflow/example_dags/tutorial_dag.py took 0.129 seconds
[2024-04-02T07:50:59.799+0000] {processor.py:161} INFO - Started process (PID=677) to work on /home/airflow/.local/lib/python3.8/site-packages/airflow/example_dags/tutorial_dag.py
[2024-04-02T07:50:59.800+0000] {processor.py:830} INFO - Processing file /home/airflow/.local/lib/python3.8/site-packages/airflow/example_dags/tutorial_dag.py for tasks to queue
[2024-04-02T07:50:59.803+0000] {logging_mixin.py:188} INFO - [2024-04-02T07:50:59.802+0000] {dagbag.py:540} INFO - Filling up the DagBag from /home/airflow/.local/lib/python3.8/site-packages/airflow/example_dags/tutorial_dag.py
[2024-04-02T07:50:59.810+0000] {processor.py:840} INFO - DAG(s) 'tutorial_dag' retrieved from /home/airflow/.local/lib/python3.8/site-packages/airflow/example_dags/tutorial_dag.py
[2024-04-02T07:50:59.838+0000] {logging_mixin.py:188} INFO - [2024-04-02T07:50:59.837+0000] {dag.py:3047} INFO - Sync 1 DAGs
[2024-04-02T07:50:59.858+0000] {logging_mixin.py:188} INFO - [2024-04-02T07:50:59.857+0000] {dag.py:3834} INFO - Setting next_dagrun for tutorial_dag to None, run_after=None
[2024-04-02T07:50:59.894+0000] {processor.py:183} INFO - Processing /home/airflow/.local/lib/python3.8/site-packages/airflow/example_dags/tutorial_dag.py took 0.099 seconds
[2024-04-02T07:51:30.571+0000] {processor.py:161} INFO - Started process (PID=733) to work on /home/airflow/.local/lib/python3.8/site-packages/airflow/example_dags/tutorial_dag.py
[2024-04-02T07:51:30.573+0000] {processor.py:830} INFO - Processing file /home/airflow/.local/lib/python3.8/site-packages/airflow/example_dags/tutorial_dag.py for tasks to queue
[2024-04-02T07:51:30.576+0000] {logging_mixin.py:188} INFO - [2024-04-02T07:51:30.575+0000] {dagbag.py:540} INFO - Filling up the DagBag from /home/airflow/.local/lib/python3.8/site-packages/airflow/example_dags/tutorial_dag.py
[2024-04-02T07:51:30.584+0000] {processor.py:840} INFO - DAG(s) 'tutorial_dag' retrieved from /home/airflow/.local/lib/python3.8/site-packages/airflow/example_dags/tutorial_dag.py
[2024-04-02T07:51:30.613+0000] {logging_mixin.py:188} INFO - [2024-04-02T07:51:30.613+0000] {dag.py:3047} INFO - Sync 1 DAGs
[2024-04-02T07:51:30.633+0000] {logging_mixin.py:188} INFO - [2024-04-02T07:51:30.632+0000] {dag.py:3834} INFO - Setting next_dagrun for tutorial_dag to None, run_after=None
[2024-04-02T07:51:30.676+0000] {processor.py:183} INFO - Processing /home/airflow/.local/lib/python3.8/site-packages/airflow/example_dags/tutorial_dag.py took 0.108 seconds
[2024-04-02T07:52:01.454+0000] {processor.py:161} INFO - Started process (PID=789) to work on /home/airflow/.local/lib/python3.8/site-packages/airflow/example_dags/tutorial_dag.py
[2024-04-02T07:52:01.456+0000] {processor.py:830} INFO - Processing file /home/airflow/.local/lib/python3.8/site-packages/airflow/example_dags/tutorial_dag.py for tasks to queue
[2024-04-02T07:52:01.459+0000] {logging_mixin.py:188} INFO - [2024-04-02T07:52:01.458+0000] {dagbag.py:540} INFO - Filling up the DagBag from /home/airflow/.local/lib/python3.8/site-packages/airflow/example_dags/tutorial_dag.py
[2024-04-02T07:52:01.465+0000] {processor.py:840} INFO - DAG(s) 'tutorial_dag' retrieved from /home/airflow/.local/lib/python3.8/site-packages/airflow/example_dags/tutorial_dag.py
[2024-04-02T07:52:01.497+0000] {logging_mixin.py:188} INFO - [2024-04-02T07:52:01.497+0000] {dag.py:3047} INFO - Sync 1 DAGs
[2024-04-02T07:52:01.516+0000] {logging_mixin.py:188} INFO - [2024-04-02T07:52:01.515+0000] {dag.py:3834} INFO - Setting next_dagrun for tutorial_dag to None, run_after=None
[2024-04-02T07:52:01.549+0000] {processor.py:183} INFO - Processing /home/airflow/.local/lib/python3.8/site-packages/airflow/example_dags/tutorial_dag.py took 0.100 seconds
[2024-04-02T07:52:32.563+0000] {processor.py:161} INFO - Started process (PID=845) to work on /home/airflow/.local/lib/python3.8/site-packages/airflow/example_dags/tutorial_dag.py
[2024-04-02T07:52:32.564+0000] {processor.py:830} INFO - Processing file /home/airflow/.local/lib/python3.8/site-packages/airflow/example_dags/tutorial_dag.py for tasks to queue
[2024-04-02T07:52:32.567+0000] {logging_mixin.py:188} INFO - [2024-04-02T07:52:32.566+0000] {dagbag.py:540} INFO - Filling up the DagBag from /home/airflow/.local/lib/python3.8/site-packages/airflow/example_dags/tutorial_dag.py
[2024-04-02T07:52:32.573+0000] {processor.py:840} INFO - DAG(s) 'tutorial_dag' retrieved from /home/airflow/.local/lib/python3.8/site-packages/airflow/example_dags/tutorial_dag.py
[2024-04-02T07:52:32.603+0000] {logging_mixin.py:188} INFO - [2024-04-02T07:52:32.602+0000] {dag.py:3047} INFO - Sync 1 DAGs
[2024-04-02T07:52:32.628+0000] {logging_mixin.py:188} INFO - [2024-04-02T07:52:32.628+0000] {dag.py:3834} INFO - Setting next_dagrun for tutorial_dag to None, run_after=None
[2024-04-02T07:52:32.669+0000] {processor.py:183} INFO - Processing /home/airflow/.local/lib/python3.8/site-packages/airflow/example_dags/tutorial_dag.py took 0.110 seconds
[2024-04-02T07:53:03.257+0000] {processor.py:161} INFO - Started process (PID=901) to work on /home/airflow/.local/lib/python3.8/site-packages/airflow/example_dags/tutorial_dag.py
[2024-04-02T07:53:03.264+0000] {processor.py:830} INFO - Processing file /home/airflow/.local/lib/python3.8/site-packages/airflow/example_dags/tutorial_dag.py for tasks to queue
[2024-04-02T07:53:03.275+0000] {logging_mixin.py:188} INFO - [2024-04-02T07:53:03.274+0000] {dagbag.py:540} INFO - Filling up the DagBag from /home/airflow/.local/lib/python3.8/site-packages/airflow/example_dags/tutorial_dag.py
[2024-04-02T07:53:03.293+0000] {processor.py:840} INFO - DAG(s) 'tutorial_dag' retrieved from /home/airflow/.local/lib/python3.8/site-packages/airflow/example_dags/tutorial_dag.py
[2024-04-02T07:53:03.333+0000] {logging_mixin.py:188} INFO - [2024-04-02T07:53:03.332+0000] {dag.py:3047} INFO - Sync 1 DAGs
[2024-04-02T07:53:03.365+0000] {logging_mixin.py:188} INFO - [2024-04-02T07:53:03.364+0000] {dag.py:3834} INFO - Setting next_dagrun for tutorial_dag to None, run_after=None
[2024-04-02T07:53:03.429+0000] {processor.py:183} INFO - Processing /home/airflow/.local/lib/python3.8/site-packages/airflow/example_dags/tutorial_dag.py took 0.179 seconds
[2024-04-02T07:53:33.926+0000] {processor.py:161} INFO - Started process (PID=957) to work on /home/airflow/.local/lib/python3.8/site-packages/airflow/example_dags/tutorial_dag.py
[2024-04-02T07:53:33.928+0000] {processor.py:830} INFO - Processing file /home/airflow/.local/lib/python3.8/site-packages/airflow/example_dags/tutorial_dag.py for tasks to queue
[2024-04-02T07:53:33.931+0000] {logging_mixin.py:188} INFO - [2024-04-02T07:53:33.930+0000] {dagbag.py:540} INFO - Filling up the DagBag from /home/airflow/.local/lib/python3.8/site-packages/airflow/example_dags/tutorial_dag.py
[2024-04-02T07:53:33.951+0000] {processor.py:840} INFO - DAG(s) 'tutorial_dag' retrieved from /home/airflow/.local/lib/python3.8/site-packages/airflow/example_dags/tutorial_dag.py
[2024-04-02T07:53:34.004+0000] {logging_mixin.py:188} INFO - [2024-04-02T07:53:34.003+0000] {dag.py:3047} INFO - Sync 1 DAGs
[2024-04-02T07:53:34.042+0000] {logging_mixin.py:188} INFO - [2024-04-02T07:53:34.041+0000] {dag.py:3834} INFO - Setting next_dagrun for tutorial_dag to None, run_after=None
[2024-04-02T07:53:34.126+0000] {processor.py:183} INFO - Processing /home/airflow/.local/lib/python3.8/site-packages/airflow/example_dags/tutorial_dag.py took 0.210 seconds
[2024-04-02T07:54:04.300+0000] {processor.py:161} INFO - Started process (PID=1013) to work on /home/airflow/.local/lib/python3.8/site-packages/airflow/example_dags/tutorial_dag.py
[2024-04-02T07:54:04.302+0000] {processor.py:830} INFO - Processing file /home/airflow/.local/lib/python3.8/site-packages/airflow/example_dags/tutorial_dag.py for tasks to queue
[2024-04-02T07:54:04.305+0000] {logging_mixin.py:188} INFO - [2024-04-02T07:54:04.304+0000] {dagbag.py:540} INFO - Filling up the DagBag from /home/airflow/.local/lib/python3.8/site-packages/airflow/example_dags/tutorial_dag.py
[2024-04-02T07:54:04.316+0000] {processor.py:840} INFO - DAG(s) 'tutorial_dag' retrieved from /home/airflow/.local/lib/python3.8/site-packages/airflow/example_dags/tutorial_dag.py
[2024-04-02T07:54:04.357+0000] {logging_mixin.py:188} INFO - [2024-04-02T07:54:04.356+0000] {dag.py:3047} INFO - Sync 1 DAGs
[2024-04-02T07:54:04.387+0000] {logging_mixin.py:188} INFO - [2024-04-02T07:54:04.386+0000] {dag.py:3834} INFO - Setting next_dagrun for tutorial_dag to None, run_after=None
[2024-04-02T07:54:04.438+0000] {processor.py:183} INFO - Processing /home/airflow/.local/lib/python3.8/site-packages/airflow/example_dags/tutorial_dag.py took 0.143 seconds
[2024-04-02T07:54:34.799+0000] {processor.py:161} INFO - Started process (PID=1069) to work on /home/airflow/.local/lib/python3.8/site-packages/airflow/example_dags/tutorial_dag.py
[2024-04-02T07:54:34.801+0000] {processor.py:830} INFO - Processing file /home/airflow/.local/lib/python3.8/site-packages/airflow/example_dags/tutorial_dag.py for tasks to queue
[2024-04-02T07:54:34.805+0000] {logging_mixin.py:188} INFO - [2024-04-02T07:54:34.804+0000] {dagbag.py:540} INFO - Filling up the DagBag from /home/airflow/.local/lib/python3.8/site-packages/airflow/example_dags/tutorial_dag.py
[2024-04-02T07:54:34.817+0000] {processor.py:840} INFO - DAG(s) 'tutorial_dag' retrieved from /home/airflow/.local/lib/python3.8/site-packages/airflow/example_dags/tutorial_dag.py
[2024-04-02T07:54:34.865+0000] {logging_mixin.py:188} INFO - [2024-04-02T07:54:34.865+0000] {dag.py:3047} INFO - Sync 1 DAGs
[2024-04-02T07:54:34.891+0000] {logging_mixin.py:188} INFO - [2024-04-02T07:54:34.891+0000] {dag.py:3834} INFO - Setting next_dagrun for tutorial_dag to None, run_after=None
[2024-04-02T07:54:34.938+0000] {processor.py:183} INFO - Processing /home/airflow/.local/lib/python3.8/site-packages/airflow/example_dags/tutorial_dag.py took 0.145 seconds
[2024-04-02T07:55:05.657+0000] {processor.py:161} INFO - Started process (PID=1125) to work on /home/airflow/.local/lib/python3.8/site-packages/airflow/example_dags/tutorial_dag.py
[2024-04-02T07:55:05.661+0000] {processor.py:830} INFO - Processing file /home/airflow/.local/lib/python3.8/site-packages/airflow/example_dags/tutorial_dag.py for tasks to queue
[2024-04-02T07:55:05.665+0000] {logging_mixin.py:188} INFO - [2024-04-02T07:55:05.665+0000] {dagbag.py:540} INFO - Filling up the DagBag from /home/airflow/.local/lib/python3.8/site-packages/airflow/example_dags/tutorial_dag.py
[2024-04-02T07:55:05.680+0000] {processor.py:840} INFO - DAG(s) 'tutorial_dag' retrieved from /home/airflow/.local/lib/python3.8/site-packages/airflow/example_dags/tutorial_dag.py
[2024-04-02T07:55:05.717+0000] {logging_mixin.py:188} INFO - [2024-04-02T07:55:05.716+0000] {dag.py:3047} INFO - Sync 1 DAGs
[2024-04-02T07:55:05.748+0000] {logging_mixin.py:188} INFO - [2024-04-02T07:55:05.748+0000] {dag.py:3834} INFO - Setting next_dagrun for tutorial_dag to None, run_after=None
[2024-04-02T07:55:05.829+0000] {processor.py:183} INFO - Processing /home/airflow/.local/lib/python3.8/site-packages/airflow/example_dags/tutorial_dag.py took 0.175 seconds
[2024-04-02T07:55:36.070+0000] {processor.py:161} INFO - Started process (PID=1181) to work on /home/airflow/.local/lib/python3.8/site-packages/airflow/example_dags/tutorial_dag.py
[2024-04-02T07:55:36.072+0000] {processor.py:830} INFO - Processing file /home/airflow/.local/lib/python3.8/site-packages/airflow/example_dags/tutorial_dag.py for tasks to queue
[2024-04-02T07:55:36.082+0000] {logging_mixin.py:188} INFO - [2024-04-02T07:55:36.081+0000] {dagbag.py:540} INFO - Filling up the DagBag from /home/airflow/.local/lib/python3.8/site-packages/airflow/example_dags/tutorial_dag.py
[2024-04-02T07:55:36.095+0000] {processor.py:840} INFO - DAG(s) 'tutorial_dag' retrieved from /home/airflow/.local/lib/python3.8/site-packages/airflow/example_dags/tutorial_dag.py
[2024-04-02T07:55:36.149+0000] {logging_mixin.py:188} INFO - [2024-04-02T07:55:36.148+0000] {dag.py:3047} INFO - Sync 1 DAGs
[2024-04-02T07:55:36.174+0000] {logging_mixin.py:188} INFO - [2024-04-02T07:55:36.173+0000] {dag.py:3834} INFO - Setting next_dagrun for tutorial_dag to None, run_after=None
[2024-04-02T07:55:36.216+0000] {processor.py:183} INFO - Processing /home/airflow/.local/lib/python3.8/site-packages/airflow/example_dags/tutorial_dag.py took 0.152 seconds
[2024-04-02T07:56:06.488+0000] {processor.py:161} INFO - Started process (PID=1237) to work on /home/airflow/.local/lib/python3.8/site-packages/airflow/example_dags/tutorial_dag.py
[2024-04-02T07:56:06.489+0000] {processor.py:830} INFO - Processing file /home/airflow/.local/lib/python3.8/site-packages/airflow/example_dags/tutorial_dag.py for tasks to queue
[2024-04-02T07:56:06.493+0000] {logging_mixin.py:188} INFO - [2024-04-02T07:56:06.492+0000] {dagbag.py:540} INFO - Filling up the DagBag from /home/airflow/.local/lib/python3.8/site-packages/airflow/example_dags/tutorial_dag.py
[2024-04-02T07:56:06.505+0000] {processor.py:840} INFO - DAG(s) 'tutorial_dag' retrieved from /home/airflow/.local/lib/python3.8/site-packages/airflow/example_dags/tutorial_dag.py
[2024-04-02T07:56:06.544+0000] {logging_mixin.py:188} INFO - [2024-04-02T07:56:06.544+0000] {dag.py:3047} INFO - Sync 1 DAGs
[2024-04-02T07:56:06.569+0000] {logging_mixin.py:188} INFO - [2024-04-02T07:56:06.568+0000] {dag.py:3834} INFO - Setting next_dagrun for tutorial_dag to None, run_after=None
[2024-04-02T07:56:06.620+0000] {processor.py:183} INFO - Processing /home/airflow/.local/lib/python3.8/site-packages/airflow/example_dags/tutorial_dag.py took 0.137 seconds
[2024-04-02T07:56:37.131+0000] {processor.py:161} INFO - Started process (PID=1293) to work on /home/airflow/.local/lib/python3.8/site-packages/airflow/example_dags/tutorial_dag.py
[2024-04-02T07:56:37.132+0000] {processor.py:830} INFO - Processing file /home/airflow/.local/lib/python3.8/site-packages/airflow/example_dags/tutorial_dag.py for tasks to queue
[2024-04-02T07:56:37.135+0000] {logging_mixin.py:188} INFO - [2024-04-02T07:56:37.134+0000] {dagbag.py:540} INFO - Filling up the DagBag from /home/airflow/.local/lib/python3.8/site-packages/airflow/example_dags/tutorial_dag.py
[2024-04-02T07:56:37.148+0000] {processor.py:840} INFO - DAG(s) 'tutorial_dag' retrieved from /home/airflow/.local/lib/python3.8/site-packages/airflow/example_dags/tutorial_dag.py
[2024-04-02T07:56:37.183+0000] {logging_mixin.py:188} INFO - [2024-04-02T07:56:37.182+0000] {dag.py:3047} INFO - Sync 1 DAGs
[2024-04-02T07:56:37.206+0000] {logging_mixin.py:188} INFO - [2024-04-02T07:56:37.206+0000] {dag.py:3834} INFO - Setting next_dagrun for tutorial_dag to None, run_after=None
[2024-04-02T07:56:37.245+0000] {processor.py:183} INFO - Processing /home/airflow/.local/lib/python3.8/site-packages/airflow/example_dags/tutorial_dag.py took 0.119 seconds
[2024-04-02T07:57:07.536+0000] {processor.py:161} INFO - Started process (PID=1349) to work on /home/airflow/.local/lib/python3.8/site-packages/airflow/example_dags/tutorial_dag.py
[2024-04-02T07:57:07.538+0000] {processor.py:830} INFO - Processing file /home/airflow/.local/lib/python3.8/site-packages/airflow/example_dags/tutorial_dag.py for tasks to queue
[2024-04-02T07:57:07.541+0000] {logging_mixin.py:188} INFO - [2024-04-02T07:57:07.540+0000] {dagbag.py:540} INFO - Filling up the DagBag from /home/airflow/.local/lib/python3.8/site-packages/airflow/example_dags/tutorial_dag.py
[2024-04-02T07:57:07.551+0000] {processor.py:840} INFO - DAG(s) 'tutorial_dag' retrieved from /home/airflow/.local/lib/python3.8/site-packages/airflow/example_dags/tutorial_dag.py
[2024-04-02T07:57:07.583+0000] {logging_mixin.py:188} INFO - [2024-04-02T07:57:07.583+0000] {dag.py:3047} INFO - Sync 1 DAGs
[2024-04-02T07:57:07.605+0000] {logging_mixin.py:188} INFO - [2024-04-02T07:57:07.604+0000] {dag.py:3834} INFO - Setting next_dagrun for tutorial_dag to None, run_after=None
[2024-04-02T07:57:07.641+0000] {processor.py:183} INFO - Processing /home/airflow/.local/lib/python3.8/site-packages/airflow/example_dags/tutorial_dag.py took 0.110 seconds
[2024-04-02T07:57:38.058+0000] {processor.py:161} INFO - Started process (PID=1405) to work on /home/airflow/.local/lib/python3.8/site-packages/airflow/example_dags/tutorial_dag.py
[2024-04-02T07:57:38.060+0000] {processor.py:830} INFO - Processing file /home/airflow/.local/lib/python3.8/site-packages/airflow/example_dags/tutorial_dag.py for tasks to queue
[2024-04-02T07:57:38.064+0000] {logging_mixin.py:188} INFO - [2024-04-02T07:57:38.063+0000] {dagbag.py:540} INFO - Filling up the DagBag from /home/airflow/.local/lib/python3.8/site-packages/airflow/example_dags/tutorial_dag.py
[2024-04-02T07:57:38.074+0000] {processor.py:840} INFO - DAG(s) 'tutorial_dag' retrieved from /home/airflow/.local/lib/python3.8/site-packages/airflow/example_dags/tutorial_dag.py
[2024-04-02T07:57:38.119+0000] {logging_mixin.py:188} INFO - [2024-04-02T07:57:38.118+0000] {dag.py:3047} INFO - Sync 1 DAGs
[2024-04-02T07:57:38.144+0000] {logging_mixin.py:188} INFO - [2024-04-02T07:57:38.144+0000] {dag.py:3834} INFO - Setting next_dagrun for tutorial_dag to None, run_after=None
[2024-04-02T07:57:38.186+0000] {processor.py:183} INFO - Processing /home/airflow/.local/lib/python3.8/site-packages/airflow/example_dags/tutorial_dag.py took 0.135 seconds
[2024-04-02T07:58:08.867+0000] {processor.py:161} INFO - Started process (PID=1467) to work on /home/airflow/.local/lib/python3.8/site-packages/airflow/example_dags/tutorial_dag.py
[2024-04-02T07:58:08.869+0000] {processor.py:830} INFO - Processing file /home/airflow/.local/lib/python3.8/site-packages/airflow/example_dags/tutorial_dag.py for tasks to queue
[2024-04-02T07:58:08.874+0000] {logging_mixin.py:188} INFO - [2024-04-02T07:58:08.873+0000] {dagbag.py:540} INFO - Filling up the DagBag from /home/airflow/.local/lib/python3.8/site-packages/airflow/example_dags/tutorial_dag.py
[2024-04-02T07:58:08.884+0000] {processor.py:840} INFO - DAG(s) 'tutorial_dag' retrieved from /home/airflow/.local/lib/python3.8/site-packages/airflow/example_dags/tutorial_dag.py
[2024-04-02T07:58:08.916+0000] {logging_mixin.py:188} INFO - [2024-04-02T07:58:08.915+0000] {dag.py:3047} INFO - Sync 1 DAGs
[2024-04-02T07:58:08.937+0000] {logging_mixin.py:188} INFO - [2024-04-02T07:58:08.937+0000] {dag.py:3834} INFO - Setting next_dagrun for tutorial_dag to None, run_after=None
[2024-04-02T07:58:08.977+0000] {processor.py:183} INFO - Processing /home/airflow/.local/lib/python3.8/site-packages/airflow/example_dags/tutorial_dag.py took 0.113 seconds
[2024-04-02T08:03:27.367+0000] {processor.py:161} INFO - Started process (PID=67) to work on /home/airflow/.local/lib/python3.8/site-packages/airflow/example_dags/tutorial_dag.py
[2024-04-02T08:03:27.371+0000] {processor.py:830} INFO - Processing file /home/airflow/.local/lib/python3.8/site-packages/airflow/example_dags/tutorial_dag.py for tasks to queue
[2024-04-02T08:03:27.374+0000] {logging_mixin.py:188} INFO - [2024-04-02T08:03:27.373+0000] {dagbag.py:540} INFO - Filling up the DagBag from /home/airflow/.local/lib/python3.8/site-packages/airflow/example_dags/tutorial_dag.py
[2024-04-02T08:03:27.390+0000] {processor.py:840} INFO - DAG(s) 'tutorial_dag' retrieved from /home/airflow/.local/lib/python3.8/site-packages/airflow/example_dags/tutorial_dag.py
[2024-04-02T08:03:27.616+0000] {logging_mixin.py:188} INFO - [2024-04-02T08:03:27.616+0000] {dag.py:3047} INFO - Sync 1 DAGs
[2024-04-02T08:03:27.646+0000] {logging_mixin.py:188} INFO - [2024-04-02T08:03:27.646+0000] {dag.py:3834} INFO - Setting next_dagrun for tutorial_dag to None, run_after=None
[2024-04-02T08:03:27.719+0000] {processor.py:183} INFO - Processing /home/airflow/.local/lib/python3.8/site-packages/airflow/example_dags/tutorial_dag.py took 0.357 seconds
[2024-04-02T08:03:58.375+0000] {processor.py:161} INFO - Started process (PID=123) to work on /home/airflow/.local/lib/python3.8/site-packages/airflow/example_dags/tutorial_dag.py
[2024-04-02T08:03:58.377+0000] {processor.py:830} INFO - Processing file /home/airflow/.local/lib/python3.8/site-packages/airflow/example_dags/tutorial_dag.py for tasks to queue
[2024-04-02T08:03:58.381+0000] {logging_mixin.py:188} INFO - [2024-04-02T08:03:58.380+0000] {dagbag.py:540} INFO - Filling up the DagBag from /home/airflow/.local/lib/python3.8/site-packages/airflow/example_dags/tutorial_dag.py
[2024-04-02T08:03:58.390+0000] {processor.py:840} INFO - DAG(s) 'tutorial_dag' retrieved from /home/airflow/.local/lib/python3.8/site-packages/airflow/example_dags/tutorial_dag.py
[2024-04-02T08:03:58.421+0000] {logging_mixin.py:188} INFO - [2024-04-02T08:03:58.421+0000] {dag.py:3047} INFO - Sync 1 DAGs
[2024-04-02T08:03:58.441+0000] {logging_mixin.py:188} INFO - [2024-04-02T08:03:58.440+0000] {dag.py:3834} INFO - Setting next_dagrun for tutorial_dag to None, run_after=None
[2024-04-02T08:03:58.485+0000] {processor.py:183} INFO - Processing /home/airflow/.local/lib/python3.8/site-packages/airflow/example_dags/tutorial_dag.py took 0.117 seconds
[2024-04-02T08:04:29.031+0000] {processor.py:161} INFO - Started process (PID=179) to work on /home/airflow/.local/lib/python3.8/site-packages/airflow/example_dags/tutorial_dag.py
[2024-04-02T08:04:29.033+0000] {processor.py:830} INFO - Processing file /home/airflow/.local/lib/python3.8/site-packages/airflow/example_dags/tutorial_dag.py for tasks to queue
[2024-04-02T08:04:29.037+0000] {logging_mixin.py:188} INFO - [2024-04-02T08:04:29.036+0000] {dagbag.py:540} INFO - Filling up the DagBag from /home/airflow/.local/lib/python3.8/site-packages/airflow/example_dags/tutorial_dag.py
[2024-04-02T08:04:29.049+0000] {processor.py:840} INFO - DAG(s) 'tutorial_dag' retrieved from /home/airflow/.local/lib/python3.8/site-packages/airflow/example_dags/tutorial_dag.py
[2024-04-02T08:04:29.088+0000] {logging_mixin.py:188} INFO - [2024-04-02T08:04:29.087+0000] {dag.py:3047} INFO - Sync 1 DAGs
[2024-04-02T08:04:29.111+0000] {logging_mixin.py:188} INFO - [2024-04-02T08:04:29.111+0000] {dag.py:3834} INFO - Setting next_dagrun for tutorial_dag to None, run_after=None
[2024-04-02T08:04:29.152+0000] {processor.py:183} INFO - Processing /home/airflow/.local/lib/python3.8/site-packages/airflow/example_dags/tutorial_dag.py took 0.127 seconds
[2024-04-02T08:04:59.426+0000] {processor.py:161} INFO - Started process (PID=235) to work on /home/airflow/.local/lib/python3.8/site-packages/airflow/example_dags/tutorial_dag.py
[2024-04-02T08:04:59.432+0000] {processor.py:830} INFO - Processing file /home/airflow/.local/lib/python3.8/site-packages/airflow/example_dags/tutorial_dag.py for tasks to queue
[2024-04-02T08:04:59.436+0000] {logging_mixin.py:188} INFO - [2024-04-02T08:04:59.435+0000] {dagbag.py:540} INFO - Filling up the DagBag from /home/airflow/.local/lib/python3.8/site-packages/airflow/example_dags/tutorial_dag.py
[2024-04-02T08:04:59.449+0000] {processor.py:840} INFO - DAG(s) 'tutorial_dag' retrieved from /home/airflow/.local/lib/python3.8/site-packages/airflow/example_dags/tutorial_dag.py
[2024-04-02T08:04:59.499+0000] {logging_mixin.py:188} INFO - [2024-04-02T08:04:59.498+0000] {dag.py:3047} INFO - Sync 1 DAGs
[2024-04-02T08:04:59.530+0000] {logging_mixin.py:188} INFO - [2024-04-02T08:04:59.530+0000] {dag.py:3834} INFO - Setting next_dagrun for tutorial_dag to None, run_after=None
[2024-04-02T08:04:59.575+0000] {processor.py:183} INFO - Processing /home/airflow/.local/lib/python3.8/site-packages/airflow/example_dags/tutorial_dag.py took 0.153 seconds
[2024-04-02T08:05:29.652+0000] {processor.py:161} INFO - Started process (PID=291) to work on /home/airflow/.local/lib/python3.8/site-packages/airflow/example_dags/tutorial_dag.py
[2024-04-02T08:05:29.654+0000] {processor.py:830} INFO - Processing file /home/airflow/.local/lib/python3.8/site-packages/airflow/example_dags/tutorial_dag.py for tasks to queue
[2024-04-02T08:05:29.658+0000] {logging_mixin.py:188} INFO - [2024-04-02T08:05:29.658+0000] {dagbag.py:540} INFO - Filling up the DagBag from /home/airflow/.local/lib/python3.8/site-packages/airflow/example_dags/tutorial_dag.py
[2024-04-02T08:05:29.668+0000] {processor.py:840} INFO - DAG(s) 'tutorial_dag' retrieved from /home/airflow/.local/lib/python3.8/site-packages/airflow/example_dags/tutorial_dag.py
[2024-04-02T08:05:29.663+0000] {logging_mixin.py:188} INFO - [2024-04-02T08:05:29.663+0000] {dag.py:3047} INFO - Sync 1 DAGs
[2024-04-02T08:05:29.687+0000] {logging_mixin.py:188} INFO - [2024-04-02T08:05:29.687+0000] {dag.py:3834} INFO - Setting next_dagrun for tutorial_dag to None, run_after=None
[2024-04-02T08:05:29.729+0000] {processor.py:183} INFO - Processing /home/airflow/.local/lib/python3.8/site-packages/airflow/example_dags/tutorial_dag.py took 0.126 seconds
[2024-04-02T08:06:00.079+0000] {processor.py:161} INFO - Started process (PID=347) to work on /home/airflow/.local/lib/python3.8/site-packages/airflow/example_dags/tutorial_dag.py
[2024-04-02T08:06:00.081+0000] {processor.py:830} INFO - Processing file /home/airflow/.local/lib/python3.8/site-packages/airflow/example_dags/tutorial_dag.py for tasks to queue
[2024-04-02T08:06:00.083+0000] {logging_mixin.py:188} INFO - [2024-04-02T08:06:00.083+0000] {dagbag.py:540} INFO - Filling up the DagBag from /home/airflow/.local/lib/python3.8/site-packages/airflow/example_dags/tutorial_dag.py
[2024-04-02T08:06:00.092+0000] {processor.py:840} INFO - DAG(s) 'tutorial_dag' retrieved from /home/airflow/.local/lib/python3.8/site-packages/airflow/example_dags/tutorial_dag.py
[2024-04-02T08:06:00.125+0000] {logging_mixin.py:188} INFO - [2024-04-02T08:06:00.124+0000] {dag.py:3047} INFO - Sync 1 DAGs
[2024-04-02T08:06:00.148+0000] {logging_mixin.py:188} INFO - [2024-04-02T08:06:00.147+0000] {dag.py:3834} INFO - Setting next_dagrun for tutorial_dag to None, run_after=None
[2024-04-02T08:06:00.197+0000] {processor.py:183} INFO - Processing /home/airflow/.local/lib/python3.8/site-packages/airflow/example_dags/tutorial_dag.py took 0.124 seconds
[2024-04-02T08:06:30.462+0000] {processor.py:161} INFO - Started process (PID=403) to work on /home/airflow/.local/lib/python3.8/site-packages/airflow/example_dags/tutorial_dag.py
[2024-04-02T08:06:30.463+0000] {processor.py:830} INFO - Processing file /home/airflow/.local/lib/python3.8/site-packages/airflow/example_dags/tutorial_dag.py for tasks to queue
[2024-04-02T08:06:30.466+0000] {logging_mixin.py:188} INFO - [2024-04-02T08:06:30.465+0000] {dagbag.py:540} INFO - Filling up the DagBag from /home/airflow/.local/lib/python3.8/site-packages/airflow/example_dags/tutorial_dag.py
[2024-04-02T08:06:30.473+0000] {processor.py:840} INFO - DAG(s) 'tutorial_dag' retrieved from /home/airflow/.local/lib/python3.8/site-packages/airflow/example_dags/tutorial_dag.py
[2024-04-02T08:06:30.505+0000] {logging_mixin.py:188} INFO - [2024-04-02T08:06:30.505+0000] {dag.py:3047} INFO - Sync 1 DAGs
[2024-04-02T08:06:30.531+0000] {logging_mixin.py:188} INFO - [2024-04-02T08:06:30.530+0000] {dag.py:3834} INFO - Setting next_dagrun for tutorial_dag to None, run_after=None
[2024-04-02T08:06:30.577+0000] {processor.py:183} INFO - Processing /home/airflow/.local/lib/python3.8/site-packages/airflow/example_dags/tutorial_dag.py took 0.120 seconds
[2024-04-02T08:07:00.932+0000] {processor.py:161} INFO - Started process (PID=459) to work on /home/airflow/.local/lib/python3.8/site-packages/airflow/example_dags/tutorial_dag.py
[2024-04-02T08:07:00.934+0000] {processor.py:830} INFO - Processing file /home/airflow/.local/lib/python3.8/site-packages/airflow/example_dags/tutorial_dag.py for tasks to queue
[2024-04-02T08:07:00.937+0000] {logging_mixin.py:188} INFO - [2024-04-02T08:07:00.937+0000] {dagbag.py:540} INFO - Filling up the DagBag from /home/airflow/.local/lib/python3.8/site-packages/airflow/example_dags/tutorial_dag.py
[2024-04-02T08:07:00.944+0000] {processor.py:840} INFO - DAG(s) 'tutorial_dag' retrieved from /home/airflow/.local/lib/python3.8/site-packages/airflow/example_dags/tutorial_dag.py
[2024-04-02T08:07:00.976+0000] {logging_mixin.py:188} INFO - [2024-04-02T08:07:00.975+0000] {dag.py:3047} INFO - Sync 1 DAGs
[2024-04-02T08:07:00.995+0000] {logging_mixin.py:188} INFO - [2024-04-02T08:07:00.995+0000] {dag.py:3834} INFO - Setting next_dagrun for tutorial_dag to None, run_after=None
[2024-04-02T08:07:01.036+0000] {processor.py:183} INFO - Processing /home/airflow/.local/lib/python3.8/site-packages/airflow/example_dags/tutorial_dag.py took 0.108 seconds
[2024-04-02T08:07:31.964+0000] {processor.py:161} INFO - Started process (PID=515) to work on /home/airflow/.local/lib/python3.8/site-packages/airflow/example_dags/tutorial_dag.py
[2024-04-02T08:07:31.965+0000] {processor.py:830} INFO - Processing file /home/airflow/.local/lib/python3.8/site-packages/airflow/example_dags/tutorial_dag.py for tasks to queue
[2024-04-02T08:07:31.969+0000] {logging_mixin.py:188} INFO - [2024-04-02T08:07:31.968+0000] {dagbag.py:540} INFO - Filling up the DagBag from /home/airflow/.local/lib/python3.8/site-packages/airflow/example_dags/tutorial_dag.py
[2024-04-02T08:07:31.979+0000] {processor.py:840} INFO - DAG(s) 'tutorial_dag' retrieved from /home/airflow/.local/lib/python3.8/site-packages/airflow/example_dags/tutorial_dag.py
[2024-04-02T08:07:32.019+0000] {logging_mixin.py:188} INFO - [2024-04-02T08:07:32.018+0000] {dag.py:3047} INFO - Sync 1 DAGs
[2024-04-02T08:07:32.044+0000] {logging_mixin.py:188} INFO - [2024-04-02T08:07:32.044+0000] {dag.py:3834} INFO - Setting next_dagrun for tutorial_dag to None, run_after=None
[2024-04-02T08:07:32.085+0000] {processor.py:183} INFO - Processing /home/airflow/.local/lib/python3.8/site-packages/airflow/example_dags/tutorial_dag.py took 0.127 seconds
[2024-04-02T08:08:02.793+0000] {processor.py:161} INFO - Started process (PID=571) to work on /home/airflow/.local/lib/python3.8/site-packages/airflow/example_dags/tutorial_dag.py
[2024-04-02T08:08:02.794+0000] {processor.py:830} INFO - Processing file /home/airflow/.local/lib/python3.8/site-packages/airflow/example_dags/tutorial_dag.py for tasks to queue
[2024-04-02T08:08:02.797+0000] {logging_mixin.py:188} INFO - [2024-04-02T08:08:02.797+0000] {dagbag.py:540} INFO - Filling up the DagBag from /home/airflow/.local/lib/python3.8/site-packages/airflow/example_dags/tutorial_dag.py
[2024-04-02T08:08:02.804+0000] {processor.py:840} INFO - DAG(s) 'tutorial_dag' retrieved from /home/airflow/.local/lib/python3.8/site-packages/airflow/example_dags/tutorial_dag.py
[2024-04-02T08:08:02.836+0000] {logging_mixin.py:188} INFO - [2024-04-02T08:08:02.836+0000] {dag.py:3047} INFO - Sync 1 DAGs
[2024-04-02T08:08:02.855+0000] {logging_mixin.py:188} INFO - [2024-04-02T08:08:02.855+0000] {dag.py:3834} INFO - Setting next_dagrun for tutorial_dag to None, run_after=None
[2024-04-02T08:08:02.890+0000] {processor.py:183} INFO - Processing /home/airflow/.local/lib/python3.8/site-packages/airflow/example_dags/tutorial_dag.py took 0.102 seconds
[2024-04-02T08:08:32.962+0000] {processor.py:161} INFO - Started process (PID=627) to work on /home/airflow/.local/lib/python3.8/site-packages/airflow/example_dags/tutorial_dag.py
[2024-04-02T08:08:32.964+0000] {processor.py:830} INFO - Processing file /home/airflow/.local/lib/python3.8/site-packages/airflow/example_dags/tutorial_dag.py for tasks to queue
[2024-04-02T08:08:32.968+0000] {logging_mixin.py:188} INFO - [2024-04-02T08:08:32.967+0000] {dagbag.py:540} INFO - Filling up the DagBag from /home/airflow/.local/lib/python3.8/site-packages/airflow/example_dags/tutorial_dag.py
[2024-04-02T08:08:32.975+0000] {processor.py:840} INFO - DAG(s) 'tutorial_dag' retrieved from /home/airflow/.local/lib/python3.8/site-packages/airflow/example_dags/tutorial_dag.py
[2024-04-02T08:08:33.003+0000] {logging_mixin.py:188} INFO - [2024-04-02T08:08:33.002+0000] {dag.py:3047} INFO - Sync 1 DAGs
[2024-04-02T08:08:33.035+0000] {logging_mixin.py:188} INFO - [2024-04-02T08:08:33.033+0000] {dag.py:3834} INFO - Setting next_dagrun for tutorial_dag to None, run_after=None
[2024-04-02T08:08:33.071+0000] {processor.py:183} INFO - Processing /home/airflow/.local/lib/python3.8/site-packages/airflow/example_dags/tutorial_dag.py took 0.113 seconds
[2024-04-02T08:09:03.226+0000] {processor.py:161} INFO - Started process (PID=683) to work on /home/airflow/.local/lib/python3.8/site-packages/airflow/example_dags/tutorial_dag.py
[2024-04-02T08:09:03.227+0000] {processor.py:830} INFO - Processing file /home/airflow/.local/lib/python3.8/site-packages/airflow/example_dags/tutorial_dag.py for tasks to queue
[2024-04-02T08:09:03.231+0000] {logging_mixin.py:188} INFO - [2024-04-02T08:09:03.230+0000] {dagbag.py:540} INFO - Filling up the DagBag from /home/airflow/.local/lib/python3.8/site-packages/airflow/example_dags/tutorial_dag.py
[2024-04-02T08:09:03.238+0000] {processor.py:840} INFO - DAG(s) 'tutorial_dag' retrieved from /home/airflow/.local/lib/python3.8/site-packages/airflow/example_dags/tutorial_dag.py
[2024-04-02T08:09:03.271+0000] {logging_mixin.py:188} INFO - [2024-04-02T08:09:03.271+0000] {dag.py:3047} INFO - Sync 1 DAGs
[2024-04-02T08:09:03.290+0000] {logging_mixin.py:188} INFO - [2024-04-02T08:09:03.289+0000] {dag.py:3834} INFO - Setting next_dagrun for tutorial_dag to None, run_after=None
[2024-04-02T08:09:03.339+0000] {processor.py:183} INFO - Processing /home/airflow/.local/lib/python3.8/site-packages/airflow/example_dags/tutorial_dag.py took 0.116 seconds
[2024-04-02T08:09:33.809+0000] {processor.py:161} INFO - Started process (PID=739) to work on /home/airflow/.local/lib/python3.8/site-packages/airflow/example_dags/tutorial_dag.py
[2024-04-02T08:09:33.811+0000] {processor.py:830} INFO - Processing file /home/airflow/.local/lib/python3.8/site-packages/airflow/example_dags/tutorial_dag.py for tasks to queue
[2024-04-02T08:09:33.815+0000] {logging_mixin.py:188} INFO - [2024-04-02T08:09:33.815+0000] {dagbag.py:540} INFO - Filling up the DagBag from /home/airflow/.local/lib/python3.8/site-packages/airflow/example_dags/tutorial_dag.py
[2024-04-02T08:09:33.828+0000] {processor.py:840} INFO - DAG(s) 'tutorial_dag' retrieved from /home/airflow/.local/lib/python3.8/site-packages/airflow/example_dags/tutorial_dag.py
[2024-04-02T08:09:33.869+0000] {logging_mixin.py:188} INFO - [2024-04-02T08:09:33.868+0000] {dag.py:3047} INFO - Sync 1 DAGs
[2024-04-02T08:09:33.899+0000] {logging_mixin.py:188} INFO - [2024-04-02T08:09:33.899+0000] {dag.py:3834} INFO - Setting next_dagrun for tutorial_dag to None, run_after=None
[2024-04-02T08:09:33.938+0000] {processor.py:183} INFO - Processing /home/airflow/.local/lib/python3.8/site-packages/airflow/example_dags/tutorial_dag.py took 0.136 seconds
[2024-04-02T08:10:04.030+0000] {processor.py:161} INFO - Started process (PID=794) to work on /home/airflow/.local/lib/python3.8/site-packages/airflow/example_dags/tutorial_dag.py
[2024-04-02T08:10:04.031+0000] {processor.py:830} INFO - Processing file /home/airflow/.local/lib/python3.8/site-packages/airflow/example_dags/tutorial_dag.py for tasks to queue
[2024-04-02T08:10:04.035+0000] {logging_mixin.py:188} INFO - [2024-04-02T08:10:04.034+0000] {dagbag.py:540} INFO - Filling up the DagBag from /home/airflow/.local/lib/python3.8/site-packages/airflow/example_dags/tutorial_dag.py
[2024-04-02T08:10:04.043+0000] {processor.py:840} INFO - DAG(s) 'tutorial_dag' retrieved from /home/airflow/.local/lib/python3.8/site-packages/airflow/example_dags/tutorial_dag.py
[2024-04-02T08:10:04.079+0000] {logging_mixin.py:188} INFO - [2024-04-02T08:10:04.079+0000] {dag.py:3047} INFO - Sync 1 DAGs
[2024-04-02T08:10:04.102+0000] {logging_mixin.py:188} INFO - [2024-04-02T08:10:04.101+0000] {dag.py:3834} INFO - Setting next_dagrun for tutorial_dag to None, run_after=None
[2024-04-02T08:10:04.141+0000] {processor.py:183} INFO - Processing /home/airflow/.local/lib/python3.8/site-packages/airflow/example_dags/tutorial_dag.py took 0.115 seconds
[2024-04-02T08:10:34.958+0000] {processor.py:161} INFO - Started process (PID=850) to work on /home/airflow/.local/lib/python3.8/site-packages/airflow/example_dags/tutorial_dag.py
[2024-04-02T08:10:34.971+0000] {processor.py:830} INFO - Processing file /home/airflow/.local/lib/python3.8/site-packages/airflow/example_dags/tutorial_dag.py for tasks to queue
[2024-04-02T08:10:34.975+0000] {logging_mixin.py:188} INFO - [2024-04-02T08:10:34.974+0000] {dagbag.py:540} INFO - Filling up the DagBag from /home/airflow/.local/lib/python3.8/site-packages/airflow/example_dags/tutorial_dag.py
[2024-04-02T08:10:34.986+0000] {processor.py:840} INFO - DAG(s) 'tutorial_dag' retrieved from /home/airflow/.local/lib/python3.8/site-packages/airflow/example_dags/tutorial_dag.py
[2024-04-02T08:10:35.031+0000] {logging_mixin.py:188} INFO - [2024-04-02T08:10:35.030+0000] {dag.py:3047} INFO - Sync 1 DAGs
[2024-04-02T08:10:35.055+0000] {logging_mixin.py:188} INFO - [2024-04-02T08:10:35.055+0000] {dag.py:3834} INFO - Setting next_dagrun for tutorial_dag to None, run_after=None
[2024-04-02T08:10:35.097+0000] {processor.py:183} INFO - Processing /home/airflow/.local/lib/python3.8/site-packages/airflow/example_dags/tutorial_dag.py took 0.144 seconds
[2024-04-02T08:11:05.632+0000] {processor.py:161} INFO - Started process (PID=906) to work on /home/airflow/.local/lib/python3.8/site-packages/airflow/example_dags/tutorial_dag.py
[2024-04-02T08:11:05.634+0000] {processor.py:830} INFO - Processing file /home/airflow/.local/lib/python3.8/site-packages/airflow/example_dags/tutorial_dag.py for tasks to queue
[2024-04-02T08:11:05.638+0000] {logging_mixin.py:188} INFO - [2024-04-02T08:11:05.637+0000] {dagbag.py:540} INFO - Filling up the DagBag from /home/airflow/.local/lib/python3.8/site-packages/airflow/example_dags/tutorial_dag.py
[2024-04-02T08:11:05.650+0000] {processor.py:840} INFO - DAG(s) 'tutorial_dag' retrieved from /home/airflow/.local/lib/python3.8/site-packages/airflow/example_dags/tutorial_dag.py
[2024-04-02T08:11:05.691+0000] {logging_mixin.py:188} INFO - [2024-04-02T08:11:05.690+0000] {dag.py:3047} INFO - Sync 1 DAGs
[2024-04-02T08:11:05.733+0000] {logging_mixin.py:188} INFO - [2024-04-02T08:11:05.732+0000] {dag.py:3834} INFO - Setting next_dagrun for tutorial_dag to None, run_after=None
[2024-04-02T08:11:05.783+0000] {processor.py:183} INFO - Processing /home/airflow/.local/lib/python3.8/site-packages/airflow/example_dags/tutorial_dag.py took 0.157 seconds
[2024-04-02T08:11:36.044+0000] {processor.py:161} INFO - Started process (PID=962) to work on /home/airflow/.local/lib/python3.8/site-packages/airflow/example_dags/tutorial_dag.py
[2024-04-02T08:11:36.048+0000] {processor.py:830} INFO - Processing file /home/airflow/.local/lib/python3.8/site-packages/airflow/example_dags/tutorial_dag.py for tasks to queue
[2024-04-02T08:11:36.050+0000] {logging_mixin.py:188} INFO - [2024-04-02T08:11:36.049+0000] {dagbag.py:540} INFO - Filling up the DagBag from /home/airflow/.local/lib/python3.8/site-packages/airflow/example_dags/tutorial_dag.py
[2024-04-02T08:11:36.059+0000] {processor.py:840} INFO - DAG(s) 'tutorial_dag' retrieved from /home/airflow/.local/lib/python3.8/site-packages/airflow/example_dags/tutorial_dag.py
[2024-04-02T08:11:36.093+0000] {logging_mixin.py:188} INFO - [2024-04-02T08:11:36.092+0000] {dag.py:3047} INFO - Sync 1 DAGs
[2024-04-02T08:11:36.119+0000] {logging_mixin.py:188} INFO - [2024-04-02T08:11:36.118+0000] {dag.py:3834} INFO - Setting next_dagrun for tutorial_dag to None, run_after=None
[2024-04-02T08:11:36.156+0000] {processor.py:183} INFO - Processing /home/airflow/.local/lib/python3.8/site-packages/airflow/example_dags/tutorial_dag.py took 0.115 seconds
[2024-04-02T08:12:06.563+0000] {processor.py:161} INFO - Started process (PID=1018) to work on /home/airflow/.local/lib/python3.8/site-packages/airflow/example_dags/tutorial_dag.py
[2024-04-02T08:12:06.565+0000] {processor.py:830} INFO - Processing file /home/airflow/.local/lib/python3.8/site-packages/airflow/example_dags/tutorial_dag.py for tasks to queue
[2024-04-02T08:12:06.567+0000] {logging_mixin.py:188} INFO - [2024-04-02T08:12:06.567+0000] {dagbag.py:540} INFO - Filling up the DagBag from /home/airflow/.local/lib/python3.8/site-packages/airflow/example_dags/tutorial_dag.py
[2024-04-02T08:12:06.577+0000] {processor.py:840} INFO - DAG(s) 'tutorial_dag' retrieved from /home/airflow/.local/lib/python3.8/site-packages/airflow/example_dags/tutorial_dag.py
[2024-04-02T08:12:06.620+0000] {logging_mixin.py:188} INFO - [2024-04-02T08:12:06.620+0000] {dag.py:3047} INFO - Sync 1 DAGs
[2024-04-02T08:12:06.644+0000] {logging_mixin.py:188} INFO - [2024-04-02T08:12:06.644+0000] {dag.py:3834} INFO - Setting next_dagrun for tutorial_dag to None, run_after=None
[2024-04-02T08:12:06.685+0000] {processor.py:183} INFO - Processing /home/airflow/.local/lib/python3.8/site-packages/airflow/example_dags/tutorial_dag.py took 0.126 seconds
[2024-04-02T08:12:38.560+0000] {processor.py:161} INFO - Started process (PID=1074) to work on /home/airflow/.local/lib/python3.8/site-packages/airflow/example_dags/tutorial_dag.py
[2024-04-02T08:12:38.562+0000] {processor.py:830} INFO - Processing file /home/airflow/.local/lib/python3.8/site-packages/airflow/example_dags/tutorial_dag.py for tasks to queue
[2024-04-02T08:12:38.565+0000] {logging_mixin.py:188} INFO - [2024-04-02T08:12:38.564+0000] {dagbag.py:540} INFO - Filling up the DagBag from /home/airflow/.local/lib/python3.8/site-packages/airflow/example_dags/tutorial_dag.py
[2024-04-02T08:12:38.574+0000] {processor.py:840} INFO - DAG(s) 'tutorial_dag' retrieved from /home/airflow/.local/lib/python3.8/site-packages/airflow/example_dags/tutorial_dag.py
[2024-04-02T08:12:38.605+0000] {logging_mixin.py:188} INFO - [2024-04-02T08:12:38.605+0000] {dag.py:3047} INFO - Sync 1 DAGs
[2024-04-02T08:12:38.626+0000] {logging_mixin.py:188} INFO - [2024-04-02T08:12:38.626+0000] {dag.py:3834} INFO - Setting next_dagrun for tutorial_dag to None, run_after=None
[2024-04-02T08:12:38.669+0000] {processor.py:183} INFO - Processing /home/airflow/.local/lib/python3.8/site-packages/airflow/example_dags/tutorial_dag.py took 0.113 seconds
[2024-04-02T08:13:09.310+0000] {processor.py:161} INFO - Started process (PID=1128) to work on /home/airflow/.local/lib/python3.8/site-packages/airflow/example_dags/tutorial_dag.py
[2024-04-02T08:13:09.311+0000] {processor.py:830} INFO - Processing file /home/airflow/.local/lib/python3.8/site-packages/airflow/example_dags/tutorial_dag.py for tasks to queue
[2024-04-02T08:13:09.314+0000] {logging_mixin.py:188} INFO - [2024-04-02T08:13:09.314+0000] {dagbag.py:540} INFO - Filling up the DagBag from /home/airflow/.local/lib/python3.8/site-packages/airflow/example_dags/tutorial_dag.py
[2024-04-02T08:13:09.324+0000] {processor.py:840} INFO - DAG(s) 'tutorial_dag' retrieved from /home/airflow/.local/lib/python3.8/site-packages/airflow/example_dags/tutorial_dag.py
[2024-04-02T08:13:09.354+0000] {logging_mixin.py:188} INFO - [2024-04-02T08:13:09.353+0000] {dag.py:3047} INFO - Sync 1 DAGs
[2024-04-02T08:13:09.376+0000] {logging_mixin.py:188} INFO - [2024-04-02T08:13:09.376+0000] {dag.py:3834} INFO - Setting next_dagrun for tutorial_dag to None, run_after=None
[2024-04-02T08:13:09.412+0000] {processor.py:183} INFO - Processing /home/airflow/.local/lib/python3.8/site-packages/airflow/example_dags/tutorial_dag.py took 0.106 seconds
[2024-04-02T08:13:39.836+0000] {processor.py:161} INFO - Started process (PID=1184) to work on /home/airflow/.local/lib/python3.8/site-packages/airflow/example_dags/tutorial_dag.py
[2024-04-02T08:13:39.839+0000] {processor.py:830} INFO - Processing file /home/airflow/.local/lib/python3.8/site-packages/airflow/example_dags/tutorial_dag.py for tasks to queue
[2024-04-02T08:13:39.842+0000] {logging_mixin.py:188} INFO - [2024-04-02T08:13:39.842+0000] {dagbag.py:540} INFO - Filling up the DagBag from /home/airflow/.local/lib/python3.8/site-packages/airflow/example_dags/tutorial_dag.py
[2024-04-02T08:13:39.851+0000] {processor.py:840} INFO - DAG(s) 'tutorial_dag' retrieved from /home/airflow/.local/lib/python3.8/site-packages/airflow/example_dags/tutorial_dag.py
[2024-04-02T08:13:39.886+0000] {logging_mixin.py:188} INFO - [2024-04-02T08:13:39.885+0000] {dag.py:3047} INFO - Sync 1 DAGs
[2024-04-02T08:13:39.908+0000] {logging_mixin.py:188} INFO - [2024-04-02T08:13:39.908+0000] {dag.py:3834} INFO - Setting next_dagrun for tutorial_dag to None, run_after=None
[2024-04-02T08:13:39.948+0000] {processor.py:183} INFO - Processing /home/airflow/.local/lib/python3.8/site-packages/airflow/example_dags/tutorial_dag.py took 0.117 seconds
[2024-04-02T08:16:51.507+0000] {processor.py:161} INFO - Started process (PID=61) to work on /home/airflow/.local/lib/python3.8/site-packages/airflow/example_dags/tutorial_dag.py
[2024-04-02T08:16:51.515+0000] {processor.py:830} INFO - Processing file /home/airflow/.local/lib/python3.8/site-packages/airflow/example_dags/tutorial_dag.py for tasks to queue
[2024-04-02T08:16:51.524+0000] {logging_mixin.py:188} INFO - [2024-04-02T08:16:51.522+0000] {dagbag.py:540} INFO - Filling up the DagBag from /home/airflow/.local/lib/python3.8/site-packages/airflow/example_dags/tutorial_dag.py
[2024-04-02T08:16:51.581+0000] {processor.py:840} INFO - DAG(s) 'tutorial_dag' retrieved from /home/airflow/.local/lib/python3.8/site-packages/airflow/example_dags/tutorial_dag.py
[2024-04-02T08:16:51.975+0000] {logging_mixin.py:188} INFO - [2024-04-02T08:16:51.975+0000] {dag.py:3047} INFO - Sync 1 DAGs
[2024-04-02T08:16:52.002+0000] {logging_mixin.py:188} INFO - [2024-04-02T08:16:52.001+0000] {dag.py:3834} INFO - Setting next_dagrun for tutorial_dag to None, run_after=None
[2024-04-02T08:16:52.229+0000] {processor.py:183} INFO - Processing /home/airflow/.local/lib/python3.8/site-packages/airflow/example_dags/tutorial_dag.py took 0.745 seconds
[2024-04-02T08:17:22.997+0000] {processor.py:161} INFO - Started process (PID=117) to work on /home/airflow/.local/lib/python3.8/site-packages/airflow/example_dags/tutorial_dag.py
[2024-04-02T08:17:23.000+0000] {processor.py:830} INFO - Processing file /home/airflow/.local/lib/python3.8/site-packages/airflow/example_dags/tutorial_dag.py for tasks to queue
[2024-04-02T08:17:23.012+0000] {logging_mixin.py:188} INFO - [2024-04-02T08:17:23.011+0000] {dagbag.py:540} INFO - Filling up the DagBag from /home/airflow/.local/lib/python3.8/site-packages/airflow/example_dags/tutorial_dag.py
[2024-04-02T08:17:23.032+0000] {processor.py:840} INFO - DAG(s) 'tutorial_dag' retrieved from /home/airflow/.local/lib/python3.8/site-packages/airflow/example_dags/tutorial_dag.py
[2024-04-02T08:17:23.076+0000] {logging_mixin.py:188} INFO - [2024-04-02T08:17:23.075+0000] {dag.py:3047} INFO - Sync 1 DAGs
[2024-04-02T08:17:23.100+0000] {logging_mixin.py:188} INFO - [2024-04-02T08:17:23.100+0000] {dag.py:3834} INFO - Setting next_dagrun for tutorial_dag to None, run_after=None
[2024-04-02T08:17:23.209+0000] {processor.py:183} INFO - Processing /home/airflow/.local/lib/python3.8/site-packages/airflow/example_dags/tutorial_dag.py took 0.220 seconds
[2024-04-02T08:17:53.599+0000] {processor.py:161} INFO - Started process (PID=173) to work on /home/airflow/.local/lib/python3.8/site-packages/airflow/example_dags/tutorial_dag.py
[2024-04-02T08:17:53.600+0000] {processor.py:830} INFO - Processing file /home/airflow/.local/lib/python3.8/site-packages/airflow/example_dags/tutorial_dag.py for tasks to queue
[2024-04-02T08:17:53.603+0000] {logging_mixin.py:188} INFO - [2024-04-02T08:17:53.603+0000] {dagbag.py:540} INFO - Filling up the DagBag from /home/airflow/.local/lib/python3.8/site-packages/airflow/example_dags/tutorial_dag.py
[2024-04-02T08:17:53.612+0000] {processor.py:840} INFO - DAG(s) 'tutorial_dag' retrieved from /home/airflow/.local/lib/python3.8/site-packages/airflow/example_dags/tutorial_dag.py
[2024-04-02T08:17:53.647+0000] {logging_mixin.py:188} INFO - [2024-04-02T08:17:53.647+0000] {dag.py:3047} INFO - Sync 1 DAGs
[2024-04-02T08:17:53.666+0000] {logging_mixin.py:188} INFO - [2024-04-02T08:17:53.666+0000] {dag.py:3834} INFO - Setting next_dagrun for tutorial_dag to None, run_after=None
[2024-04-02T08:17:53.703+0000] {processor.py:183} INFO - Processing /home/airflow/.local/lib/python3.8/site-packages/airflow/example_dags/tutorial_dag.py took 0.108 seconds
[2024-04-02T08:18:24.630+0000] {processor.py:161} INFO - Started process (PID=229) to work on /home/airflow/.local/lib/python3.8/site-packages/airflow/example_dags/tutorial_dag.py
[2024-04-02T08:18:24.631+0000] {processor.py:830} INFO - Processing file /home/airflow/.local/lib/python3.8/site-packages/airflow/example_dags/tutorial_dag.py for tasks to queue
[2024-04-02T08:18:24.634+0000] {logging_mixin.py:188} INFO - [2024-04-02T08:18:24.634+0000] {dagbag.py:540} INFO - Filling up the DagBag from /home/airflow/.local/lib/python3.8/site-packages/airflow/example_dags/tutorial_dag.py
[2024-04-02T08:18:24.648+0000] {processor.py:840} INFO - DAG(s) 'tutorial_dag' retrieved from /home/airflow/.local/lib/python3.8/site-packages/airflow/example_dags/tutorial_dag.py
[2024-04-02T08:18:24.714+0000] {logging_mixin.py:188} INFO - [2024-04-02T08:18:24.713+0000] {dag.py:3047} INFO - Sync 1 DAGs
[2024-04-02T08:18:24.754+0000] {logging_mixin.py:188} INFO - [2024-04-02T08:18:24.753+0000] {dag.py:3834} INFO - Setting next_dagrun for tutorial_dag to None, run_after=None
[2024-04-02T08:18:24.869+0000] {processor.py:183} INFO - Processing /home/airflow/.local/lib/python3.8/site-packages/airflow/example_dags/tutorial_dag.py took 0.243 seconds
[2024-04-02T08:18:55.388+0000] {processor.py:161} INFO - Started process (PID=285) to work on /home/airflow/.local/lib/python3.8/site-packages/airflow/example_dags/tutorial_dag.py
[2024-04-02T08:18:55.402+0000] {processor.py:830} INFO - Processing file /home/airflow/.local/lib/python3.8/site-packages/airflow/example_dags/tutorial_dag.py for tasks to queue
[2024-04-02T08:18:55.405+0000] {logging_mixin.py:188} INFO - [2024-04-02T08:18:55.404+0000] {dagbag.py:540} INFO - Filling up the DagBag from /home/airflow/.local/lib/python3.8/site-packages/airflow/example_dags/tutorial_dag.py
[2024-04-02T08:18:55.415+0000] {processor.py:840} INFO - DAG(s) 'tutorial_dag' retrieved from /home/airflow/.local/lib/python3.8/site-packages/airflow/example_dags/tutorial_dag.py
[2024-04-02T08:18:55.453+0000] {logging_mixin.py:188} INFO - [2024-04-02T08:18:55.453+0000] {dag.py:3047} INFO - Sync 1 DAGs
[2024-04-02T08:18:55.475+0000] {logging_mixin.py:188} INFO - [2024-04-02T08:18:55.475+0000] {dag.py:3834} INFO - Setting next_dagrun for tutorial_dag to None, run_after=None
[2024-04-02T08:18:55.508+0000] {processor.py:183} INFO - Processing /home/airflow/.local/lib/python3.8/site-packages/airflow/example_dags/tutorial_dag.py took 0.124 seconds
[2024-04-02T08:19:25.647+0000] {processor.py:161} INFO - Started process (PID=341) to work on /home/airflow/.local/lib/python3.8/site-packages/airflow/example_dags/tutorial_dag.py
[2024-04-02T08:19:25.649+0000] {processor.py:830} INFO - Processing file /home/airflow/.local/lib/python3.8/site-packages/airflow/example_dags/tutorial_dag.py for tasks to queue
[2024-04-02T08:19:25.651+0000] {logging_mixin.py:188} INFO - [2024-04-02T08:19:25.651+0000] {dagbag.py:540} INFO - Filling up the DagBag from /home/airflow/.local/lib/python3.8/site-packages/airflow/example_dags/tutorial_dag.py
[2024-04-02T08:19:25.658+0000] {processor.py:840} INFO - DAG(s) 'tutorial_dag' retrieved from /home/airflow/.local/lib/python3.8/site-packages/airflow/example_dags/tutorial_dag.py
[2024-04-02T08:19:25.684+0000] {logging_mixin.py:188} INFO - [2024-04-02T08:19:25.683+0000] {dag.py:3047} INFO - Sync 1 DAGs
[2024-04-02T08:19:25.701+0000] {logging_mixin.py:188} INFO - [2024-04-02T08:19:25.700+0000] {dag.py:3834} INFO - Setting next_dagrun for tutorial_dag to None, run_after=None
[2024-04-02T08:19:25.736+0000] {processor.py:183} INFO - Processing /home/airflow/.local/lib/python3.8/site-packages/airflow/example_dags/tutorial_dag.py took 0.093 seconds
[2024-04-02T08:19:55.948+0000] {processor.py:161} INFO - Started process (PID=397) to work on /home/airflow/.local/lib/python3.8/site-packages/airflow/example_dags/tutorial_dag.py
[2024-04-02T08:19:55.950+0000] {processor.py:830} INFO - Processing file /home/airflow/.local/lib/python3.8/site-packages/airflow/example_dags/tutorial_dag.py for tasks to queue
[2024-04-02T08:19:55.952+0000] {logging_mixin.py:188} INFO - [2024-04-02T08:19:55.952+0000] {dagbag.py:540} INFO - Filling up the DagBag from /home/airflow/.local/lib/python3.8/site-packages/airflow/example_dags/tutorial_dag.py
[2024-04-02T08:19:55.960+0000] {processor.py:840} INFO - DAG(s) 'tutorial_dag' retrieved from /home/airflow/.local/lib/python3.8/site-packages/airflow/example_dags/tutorial_dag.py
[2024-04-02T08:19:55.991+0000] {logging_mixin.py:188} INFO - [2024-04-02T08:19:55.990+0000] {dag.py:3047} INFO - Sync 1 DAGs
[2024-04-02T08:19:56.010+0000] {logging_mixin.py:188} INFO - [2024-04-02T08:19:56.009+0000] {dag.py:3834} INFO - Setting next_dagrun for tutorial_dag to None, run_after=None
[2024-04-02T08:19:56.043+0000] {processor.py:183} INFO - Processing /home/airflow/.local/lib/python3.8/site-packages/airflow/example_dags/tutorial_dag.py took 0.099 seconds
[2024-04-02T08:20:26.234+0000] {processor.py:161} INFO - Started process (PID=453) to work on /home/airflow/.local/lib/python3.8/site-packages/airflow/example_dags/tutorial_dag.py
[2024-04-02T08:20:26.236+0000] {processor.py:830} INFO - Processing file /home/airflow/.local/lib/python3.8/site-packages/airflow/example_dags/tutorial_dag.py for tasks to queue
[2024-04-02T08:20:26.239+0000] {logging_mixin.py:188} INFO - [2024-04-02T08:20:26.239+0000] {dagbag.py:540} INFO - Filling up the DagBag from /home/airflow/.local/lib/python3.8/site-packages/airflow/example_dags/tutorial_dag.py
[2024-04-02T08:20:26.248+0000] {processor.py:840} INFO - DAG(s) 'tutorial_dag' retrieved from /home/airflow/.local/lib/python3.8/site-packages/airflow/example_dags/tutorial_dag.py
[2024-04-02T08:20:26.280+0000] {logging_mixin.py:188} INFO - [2024-04-02T08:20:26.279+0000] {dag.py:3047} INFO - Sync 1 DAGs
[2024-04-02T08:20:26.299+0000] {logging_mixin.py:188} INFO - [2024-04-02T08:20:26.298+0000] {dag.py:3834} INFO - Setting next_dagrun for tutorial_dag to None, run_after=None
[2024-04-02T08:20:26.337+0000] {processor.py:183} INFO - Processing /home/airflow/.local/lib/python3.8/site-packages/airflow/example_dags/tutorial_dag.py took 0.108 seconds
[2024-04-02T08:20:56.567+0000] {processor.py:161} INFO - Started process (PID=509) to work on /home/airflow/.local/lib/python3.8/site-packages/airflow/example_dags/tutorial_dag.py
[2024-04-02T08:20:56.569+0000] {processor.py:830} INFO - Processing file /home/airflow/.local/lib/python3.8/site-packages/airflow/example_dags/tutorial_dag.py for tasks to queue
[2024-04-02T08:20:56.572+0000] {logging_mixin.py:188} INFO - [2024-04-02T08:20:56.571+0000] {dagbag.py:540} INFO - Filling up the DagBag from /home/airflow/.local/lib/python3.8/site-packages/airflow/example_dags/tutorial_dag.py
[2024-04-02T08:20:56.580+0000] {processor.py:840} INFO - DAG(s) 'tutorial_dag' retrieved from /home/airflow/.local/lib/python3.8/site-packages/airflow/example_dags/tutorial_dag.py
[2024-04-02T08:20:56.612+0000] {logging_mixin.py:188} INFO - [2024-04-02T08:20:56.611+0000] {dag.py:3047} INFO - Sync 1 DAGs
[2024-04-02T08:20:56.631+0000] {logging_mixin.py:188} INFO - [2024-04-02T08:20:56.630+0000] {dag.py:3834} INFO - Setting next_dagrun for tutorial_dag to None, run_after=None
[2024-04-02T08:20:56.669+0000] {processor.py:183} INFO - Processing /home/airflow/.local/lib/python3.8/site-packages/airflow/example_dags/tutorial_dag.py took 0.106 seconds
[2024-04-02T08:21:26.966+0000] {processor.py:161} INFO - Started process (PID=565) to work on /home/airflow/.local/lib/python3.8/site-packages/airflow/example_dags/tutorial_dag.py
[2024-04-02T08:21:26.968+0000] {processor.py:830} INFO - Processing file /home/airflow/.local/lib/python3.8/site-packages/airflow/example_dags/tutorial_dag.py for tasks to queue
[2024-04-02T08:21:26.971+0000] {logging_mixin.py:188} INFO - [2024-04-02T08:21:26.971+0000] {dagbag.py:540} INFO - Filling up the DagBag from /home/airflow/.local/lib/python3.8/site-packages/airflow/example_dags/tutorial_dag.py
[2024-04-02T08:21:26.979+0000] {processor.py:840} INFO - DAG(s) 'tutorial_dag' retrieved from /home/airflow/.local/lib/python3.8/site-packages/airflow/example_dags/tutorial_dag.py
[2024-04-02T08:21:27.013+0000] {logging_mixin.py:188} INFO - [2024-04-02T08:21:27.012+0000] {dag.py:3047} INFO - Sync 1 DAGs
[2024-04-02T08:21:27.037+0000] {logging_mixin.py:188} INFO - [2024-04-02T08:21:27.037+0000] {dag.py:3834} INFO - Setting next_dagrun for tutorial_dag to None, run_after=None
[2024-04-02T08:21:27.074+0000] {processor.py:183} INFO - Processing /home/airflow/.local/lib/python3.8/site-packages/airflow/example_dags/tutorial_dag.py took 0.112 seconds
[2024-04-02T08:21:57.362+0000] {processor.py:161} INFO - Started process (PID=621) to work on /home/airflow/.local/lib/python3.8/site-packages/airflow/example_dags/tutorial_dag.py
[2024-04-02T08:21:57.364+0000] {processor.py:830} INFO - Processing file /home/airflow/.local/lib/python3.8/site-packages/airflow/example_dags/tutorial_dag.py for tasks to queue
[2024-04-02T08:21:57.368+0000] {logging_mixin.py:188} INFO - [2024-04-02T08:21:57.367+0000] {dagbag.py:540} INFO - Filling up the DagBag from /home/airflow/.local/lib/python3.8/site-packages/airflow/example_dags/tutorial_dag.py
[2024-04-02T08:21:57.379+0000] {processor.py:840} INFO - DAG(s) 'tutorial_dag' retrieved from /home/airflow/.local/lib/python3.8/site-packages/airflow/example_dags/tutorial_dag.py
[2024-04-02T08:21:57.420+0000] {logging_mixin.py:188} INFO - [2024-04-02T08:21:57.420+0000] {dag.py:3047} INFO - Sync 1 DAGs
[2024-04-02T08:21:57.461+0000] {logging_mixin.py:188} INFO - [2024-04-02T08:21:57.460+0000] {dag.py:3834} INFO - Setting next_dagrun for tutorial_dag to None, run_after=None
[2024-04-02T08:21:57.505+0000] {processor.py:183} INFO - Processing /home/airflow/.local/lib/python3.8/site-packages/airflow/example_dags/tutorial_dag.py took 0.151 seconds
[2024-04-02T08:22:28.081+0000] {processor.py:161} INFO - Started process (PID=677) to work on /home/airflow/.local/lib/python3.8/site-packages/airflow/example_dags/tutorial_dag.py
[2024-04-02T08:22:28.083+0000] {processor.py:830} INFO - Processing file /home/airflow/.local/lib/python3.8/site-packages/airflow/example_dags/tutorial_dag.py for tasks to queue
[2024-04-02T08:22:28.086+0000] {logging_mixin.py:188} INFO - [2024-04-02T08:22:28.086+0000] {dagbag.py:540} INFO - Filling up the DagBag from /home/airflow/.local/lib/python3.8/site-packages/airflow/example_dags/tutorial_dag.py
[2024-04-02T08:22:28.095+0000] {processor.py:840} INFO - DAG(s) 'tutorial_dag' retrieved from /home/airflow/.local/lib/python3.8/site-packages/airflow/example_dags/tutorial_dag.py
[2024-04-02T08:22:28.126+0000] {logging_mixin.py:188} INFO - [2024-04-02T08:22:28.125+0000] {dag.py:3047} INFO - Sync 1 DAGs
[2024-04-02T08:22:28.152+0000] {logging_mixin.py:188} INFO - [2024-04-02T08:22:28.151+0000] {dag.py:3834} INFO - Setting next_dagrun for tutorial_dag to None, run_after=None
[2024-04-02T08:22:28.190+0000] {processor.py:183} INFO - Processing /home/airflow/.local/lib/python3.8/site-packages/airflow/example_dags/tutorial_dag.py took 0.114 seconds
[2024-04-02T08:22:58.480+0000] {processor.py:161} INFO - Started process (PID=733) to work on /home/airflow/.local/lib/python3.8/site-packages/airflow/example_dags/tutorial_dag.py
[2024-04-02T08:22:58.481+0000] {processor.py:830} INFO - Processing file /home/airflow/.local/lib/python3.8/site-packages/airflow/example_dags/tutorial_dag.py for tasks to queue
[2024-04-02T08:22:58.484+0000] {logging_mixin.py:188} INFO - [2024-04-02T08:22:58.483+0000] {dagbag.py:540} INFO - Filling up the DagBag from /home/airflow/.local/lib/python3.8/site-packages/airflow/example_dags/tutorial_dag.py
[2024-04-02T08:22:58.494+0000] {processor.py:840} INFO - DAG(s) 'tutorial_dag' retrieved from /home/airflow/.local/lib/python3.8/site-packages/airflow/example_dags/tutorial_dag.py
[2024-04-02T08:22:58.532+0000] {logging_mixin.py:188} INFO - [2024-04-02T08:22:58.532+0000] {dag.py:3047} INFO - Sync 1 DAGs
[2024-04-02T08:22:58.558+0000] {logging_mixin.py:188} INFO - [2024-04-02T08:22:58.558+0000] {dag.py:3834} INFO - Setting next_dagrun for tutorial_dag to None, run_after=None
[2024-04-02T08:22:58.596+0000] {processor.py:183} INFO - Processing /home/airflow/.local/lib/python3.8/site-packages/airflow/example_dags/tutorial_dag.py took 0.120 seconds
[2024-04-02T08:23:28.973+0000] {processor.py:161} INFO - Started process (PID=789) to work on /home/airflow/.local/lib/python3.8/site-packages/airflow/example_dags/tutorial_dag.py
[2024-04-02T08:23:28.974+0000] {processor.py:830} INFO - Processing file /home/airflow/.local/lib/python3.8/site-packages/airflow/example_dags/tutorial_dag.py for tasks to queue
[2024-04-02T08:23:28.925+0000] {logging_mixin.py:188} INFO - [2024-04-02T08:23:28.977+0000] {dagbag.py:540} INFO - Filling up the DagBag from /home/airflow/.local/lib/python3.8/site-packages/airflow/example_dags/tutorial_dag.py
[2024-04-02T08:23:28.936+0000] {processor.py:840} INFO - DAG(s) 'tutorial_dag' retrieved from /home/airflow/.local/lib/python3.8/site-packages/airflow/example_dags/tutorial_dag.py
[2024-04-02T08:23:28.973+0000] {logging_mixin.py:188} INFO - [2024-04-02T08:23:28.972+0000] {dag.py:3047} INFO - Sync 1 DAGs
[2024-04-02T08:23:28.996+0000] {logging_mixin.py:188} INFO - [2024-04-02T08:23:28.995+0000] {dag.py:3834} INFO - Setting next_dagrun for tutorial_dag to None, run_after=None
[2024-04-02T08:23:29.036+0000] {processor.py:183} INFO - Processing /home/airflow/.local/lib/python3.8/site-packages/airflow/example_dags/tutorial_dag.py took 0.119 seconds
[2024-04-02T08:23:59.502+0000] {processor.py:161} INFO - Started process (PID=844) to work on /home/airflow/.local/lib/python3.8/site-packages/airflow/example_dags/tutorial_dag.py
[2024-04-02T08:23:59.504+0000] {processor.py:830} INFO - Processing file /home/airflow/.local/lib/python3.8/site-packages/airflow/example_dags/tutorial_dag.py for tasks to queue
[2024-04-02T08:23:59.507+0000] {logging_mixin.py:188} INFO - [2024-04-02T08:23:59.506+0000] {dagbag.py:540} INFO - Filling up the DagBag from /home/airflow/.local/lib/python3.8/site-packages/airflow/example_dags/tutorial_dag.py
[2024-04-02T08:23:59.517+0000] {processor.py:840} INFO - DAG(s) 'tutorial_dag' retrieved from /home/airflow/.local/lib/python3.8/site-packages/airflow/example_dags/tutorial_dag.py
[2024-04-02T08:23:59.557+0000] {logging_mixin.py:188} INFO - [2024-04-02T08:23:59.557+0000] {dag.py:3047} INFO - Sync 1 DAGs
[2024-04-02T08:23:59.583+0000] {logging_mixin.py:188} INFO - [2024-04-02T08:23:59.582+0000] {dag.py:3834} INFO - Setting next_dagrun for tutorial_dag to None, run_after=None
[2024-04-02T08:23:59.664+0000] {processor.py:183} INFO - Processing /home/airflow/.local/lib/python3.8/site-packages/airflow/example_dags/tutorial_dag.py took 0.168 seconds
[2024-04-02T08:24:29.819+0000] {processor.py:161} INFO - Started process (PID=900) to work on /home/airflow/.local/lib/python3.8/site-packages/airflow/example_dags/tutorial_dag.py
[2024-04-02T08:24:29.820+0000] {processor.py:830} INFO - Processing file /home/airflow/.local/lib/python3.8/site-packages/airflow/example_dags/tutorial_dag.py for tasks to queue
[2024-04-02T08:24:29.822+0000] {logging_mixin.py:188} INFO - [2024-04-02T08:24:29.822+0000] {dagbag.py:540} INFO - Filling up the DagBag from /home/airflow/.local/lib/python3.8/site-packages/airflow/example_dags/tutorial_dag.py
[2024-04-02T08:24:29.832+0000] {processor.py:840} INFO - DAG(s) 'tutorial_dag' retrieved from /home/airflow/.local/lib/python3.8/site-packages/airflow/example_dags/tutorial_dag.py
[2024-04-02T08:24:29.868+0000] {logging_mixin.py:188} INFO - [2024-04-02T08:24:29.867+0000] {dag.py:3047} INFO - Sync 1 DAGs
[2024-04-02T08:24:29.887+0000] {logging_mixin.py:188} INFO - [2024-04-02T08:24:29.886+0000] {dag.py:3834} INFO - Setting next_dagrun for tutorial_dag to None, run_after=None
[2024-04-02T08:24:29.919+0000] {processor.py:183} INFO - Processing /home/airflow/.local/lib/python3.8/site-packages/airflow/example_dags/tutorial_dag.py took 0.107 seconds
[2024-04-02T08:25:00.094+0000] {processor.py:161} INFO - Started process (PID=956) to work on /home/airflow/.local/lib/python3.8/site-packages/airflow/example_dags/tutorial_dag.py
[2024-04-02T08:25:00.095+0000] {processor.py:830} INFO - Processing file /home/airflow/.local/lib/python3.8/site-packages/airflow/example_dags/tutorial_dag.py for tasks to queue
[2024-04-02T08:25:00.098+0000] {logging_mixin.py:188} INFO - [2024-04-02T08:25:00.097+0000] {dagbag.py:540} INFO - Filling up the DagBag from /home/airflow/.local/lib/python3.8/site-packages/airflow/example_dags/tutorial_dag.py
[2024-04-02T08:25:00.106+0000] {processor.py:840} INFO - DAG(s) 'tutorial_dag' retrieved from /home/airflow/.local/lib/python3.8/site-packages/airflow/example_dags/tutorial_dag.py
[2024-04-02T08:25:00.138+0000] {logging_mixin.py:188} INFO - [2024-04-02T08:25:00.138+0000] {dag.py:3047} INFO - Sync 1 DAGs
[2024-04-02T08:25:00.165+0000] {logging_mixin.py:188} INFO - [2024-04-02T08:25:00.165+0000] {dag.py:3834} INFO - Setting next_dagrun for tutorial_dag to None, run_after=None
[2024-04-02T08:25:00.200+0000] {processor.py:183} INFO - Processing /home/airflow/.local/lib/python3.8/site-packages/airflow/example_dags/tutorial_dag.py took 0.110 seconds
[2024-04-02T08:25:30.651+0000] {processor.py:161} INFO - Started process (PID=1012) to work on /home/airflow/.local/lib/python3.8/site-packages/airflow/example_dags/tutorial_dag.py
[2024-04-02T08:25:30.653+0000] {processor.py:830} INFO - Processing file /home/airflow/.local/lib/python3.8/site-packages/airflow/example_dags/tutorial_dag.py for tasks to queue
[2024-04-02T08:25:30.656+0000] {logging_mixin.py:188} INFO - [2024-04-02T08:25:30.656+0000] {dagbag.py:540} INFO - Filling up the DagBag from /home/airflow/.local/lib/python3.8/site-packages/airflow/example_dags/tutorial_dag.py
[2024-04-02T08:25:30.667+0000] {processor.py:840} INFO - DAG(s) 'tutorial_dag' retrieved from /home/airflow/.local/lib/python3.8/site-packages/airflow/example_dags/tutorial_dag.py
[2024-04-02T08:25:30.705+0000] {logging_mixin.py:188} INFO - [2024-04-02T08:25:30.705+0000] {dag.py:3047} INFO - Sync 1 DAGs
[2024-04-02T08:25:30.735+0000] {logging_mixin.py:188} INFO - [2024-04-02T08:25:30.734+0000] {dag.py:3834} INFO - Setting next_dagrun for tutorial_dag to None, run_after=None
[2024-04-02T08:25:30.776+0000] {processor.py:183} INFO - Processing /home/airflow/.local/lib/python3.8/site-packages/airflow/example_dags/tutorial_dag.py took 0.130 seconds
[2024-04-02T08:26:01.405+0000] {processor.py:161} INFO - Started process (PID=1068) to work on /home/airflow/.local/lib/python3.8/site-packages/airflow/example_dags/tutorial_dag.py
[2024-04-02T08:26:01.407+0000] {processor.py:830} INFO - Processing file /home/airflow/.local/lib/python3.8/site-packages/airflow/example_dags/tutorial_dag.py for tasks to queue
[2024-04-02T08:26:01.412+0000] {logging_mixin.py:188} INFO - [2024-04-02T08:26:01.411+0000] {dagbag.py:540} INFO - Filling up the DagBag from /home/airflow/.local/lib/python3.8/site-packages/airflow/example_dags/tutorial_dag.py
[2024-04-02T08:26:01.426+0000] {processor.py:840} INFO - DAG(s) 'tutorial_dag' retrieved from /home/airflow/.local/lib/python3.8/site-packages/airflow/example_dags/tutorial_dag.py
[2024-04-02T08:26:01.490+0000] {logging_mixin.py:188} INFO - [2024-04-02T08:26:01.489+0000] {dag.py:3047} INFO - Sync 1 DAGs
[2024-04-02T08:26:01.533+0000] {logging_mixin.py:188} INFO - [2024-04-02T08:26:01.532+0000] {dag.py:3834} INFO - Setting next_dagrun for tutorial_dag to None, run_after=None
[2024-04-02T08:26:01.580+0000] {processor.py:183} INFO - Processing /home/airflow/.local/lib/python3.8/site-packages/airflow/example_dags/tutorial_dag.py took 0.182 seconds
[2024-04-02T08:26:31.690+0000] {processor.py:161} INFO - Started process (PID=1124) to work on /home/airflow/.local/lib/python3.8/site-packages/airflow/example_dags/tutorial_dag.py
[2024-04-02T08:26:31.691+0000] {processor.py:830} INFO - Processing file /home/airflow/.local/lib/python3.8/site-packages/airflow/example_dags/tutorial_dag.py for tasks to queue
[2024-04-02T08:26:31.694+0000] {logging_mixin.py:188} INFO - [2024-04-02T08:26:31.693+0000] {dagbag.py:540} INFO - Filling up the DagBag from /home/airflow/.local/lib/python3.8/site-packages/airflow/example_dags/tutorial_dag.py
[2024-04-02T08:26:31.701+0000] {processor.py:840} INFO - DAG(s) 'tutorial_dag' retrieved from /home/airflow/.local/lib/python3.8/site-packages/airflow/example_dags/tutorial_dag.py
[2024-04-02T08:26:31.730+0000] {logging_mixin.py:188} INFO - [2024-04-02T08:26:31.729+0000] {dag.py:3047} INFO - Sync 1 DAGs
[2024-04-02T08:26:31.747+0000] {logging_mixin.py:188} INFO - [2024-04-02T08:26:31.747+0000] {dag.py:3834} INFO - Setting next_dagrun for tutorial_dag to None, run_after=None
[2024-04-02T08:26:31.780+0000] {processor.py:183} INFO - Processing /home/airflow/.local/lib/python3.8/site-packages/airflow/example_dags/tutorial_dag.py took 0.093 seconds
[2024-04-02T08:27:02.026+0000] {processor.py:161} INFO - Started process (PID=1179) to work on /home/airflow/.local/lib/python3.8/site-packages/airflow/example_dags/tutorial_dag.py
[2024-04-02T08:27:02.028+0000] {processor.py:830} INFO - Processing file /home/airflow/.local/lib/python3.8/site-packages/airflow/example_dags/tutorial_dag.py for tasks to queue
[2024-04-02T08:27:02.031+0000] {logging_mixin.py:188} INFO - [2024-04-02T08:27:02.031+0000] {dagbag.py:540} INFO - Filling up the DagBag from /home/airflow/.local/lib/python3.8/site-packages/airflow/example_dags/tutorial_dag.py
[2024-04-02T08:27:02.039+0000] {processor.py:840} INFO - DAG(s) 'tutorial_dag' retrieved from /home/airflow/.local/lib/python3.8/site-packages/airflow/example_dags/tutorial_dag.py
[2024-04-02T08:27:02.074+0000] {logging_mixin.py:188} INFO - [2024-04-02T08:27:02.074+0000] {dag.py:3047} INFO - Sync 1 DAGs
[2024-04-02T08:27:02.093+0000] {logging_mixin.py:188} INFO - [2024-04-02T08:27:02.092+0000] {dag.py:3834} INFO - Setting next_dagrun for tutorial_dag to None, run_after=None
[2024-04-02T08:27:02.127+0000] {processor.py:183} INFO - Processing /home/airflow/.local/lib/python3.8/site-packages/airflow/example_dags/tutorial_dag.py took 0.105 seconds
[2024-04-02T08:27:32.534+0000] {processor.py:161} INFO - Started process (PID=1235) to work on /home/airflow/.local/lib/python3.8/site-packages/airflow/example_dags/tutorial_dag.py
[2024-04-02T08:27:32.535+0000] {processor.py:830} INFO - Processing file /home/airflow/.local/lib/python3.8/site-packages/airflow/example_dags/tutorial_dag.py for tasks to queue
[2024-04-02T08:27:32.538+0000] {logging_mixin.py:188} INFO - [2024-04-02T08:27:32.538+0000] {dagbag.py:540} INFO - Filling up the DagBag from /home/airflow/.local/lib/python3.8/site-packages/airflow/example_dags/tutorial_dag.py
[2024-04-02T08:27:32.546+0000] {processor.py:840} INFO - DAG(s) 'tutorial_dag' retrieved from /home/airflow/.local/lib/python3.8/site-packages/airflow/example_dags/tutorial_dag.py
[2024-04-02T08:27:32.581+0000] {logging_mixin.py:188} INFO - [2024-04-02T08:27:32.581+0000] {dag.py:3047} INFO - Sync 1 DAGs
[2024-04-02T08:27:32.604+0000] {logging_mixin.py:188} INFO - [2024-04-02T08:27:32.604+0000] {dag.py:3834} INFO - Setting next_dagrun for tutorial_dag to None, run_after=None
[2024-04-02T08:27:32.646+0000] {processor.py:183} INFO - Processing /home/airflow/.local/lib/python3.8/site-packages/airflow/example_dags/tutorial_dag.py took 0.116 seconds
[2024-04-02T08:28:03.172+0000] {processor.py:161} INFO - Started process (PID=1291) to work on /home/airflow/.local/lib/python3.8/site-packages/airflow/example_dags/tutorial_dag.py
[2024-04-02T08:28:03.173+0000] {processor.py:830} INFO - Processing file /home/airflow/.local/lib/python3.8/site-packages/airflow/example_dags/tutorial_dag.py for tasks to queue
[2024-04-02T08:28:03.176+0000] {logging_mixin.py:188} INFO - [2024-04-02T08:28:03.175+0000] {dagbag.py:540} INFO - Filling up the DagBag from /home/airflow/.local/lib/python3.8/site-packages/airflow/example_dags/tutorial_dag.py
[2024-04-02T08:28:03.183+0000] {processor.py:840} INFO - DAG(s) 'tutorial_dag' retrieved from /home/airflow/.local/lib/python3.8/site-packages/airflow/example_dags/tutorial_dag.py
[2024-04-02T08:28:03.227+0000] {logging_mixin.py:188} INFO - [2024-04-02T08:28:03.226+0000] {dag.py:3047} INFO - Sync 1 DAGs
[2024-04-02T08:28:03.253+0000] {logging_mixin.py:188} INFO - [2024-04-02T08:28:03.252+0000] {dag.py:3834} INFO - Setting next_dagrun for tutorial_dag to None, run_after=None
[2024-04-02T08:28:03.298+0000] {processor.py:183} INFO - Processing /home/airflow/.local/lib/python3.8/site-packages/airflow/example_dags/tutorial_dag.py took 0.131 seconds
[2024-04-02T08:28:33.370+0000] {processor.py:161} INFO - Started process (PID=1345) to work on /home/airflow/.local/lib/python3.8/site-packages/airflow/example_dags/tutorial_dag.py
[2024-04-02T08:28:33.371+0000] {processor.py:830} INFO - Processing file /home/airflow/.local/lib/python3.8/site-packages/airflow/example_dags/tutorial_dag.py for tasks to queue
[2024-04-02T08:28:33.374+0000] {logging_mixin.py:188} INFO - [2024-04-02T08:28:33.374+0000] {dagbag.py:540} INFO - Filling up the DagBag from /home/airflow/.local/lib/python3.8/site-packages/airflow/example_dags/tutorial_dag.py
[2024-04-02T08:28:33.383+0000] {processor.py:840} INFO - DAG(s) 'tutorial_dag' retrieved from /home/airflow/.local/lib/python3.8/site-packages/airflow/example_dags/tutorial_dag.py
[2024-04-02T08:28:33.418+0000] {logging_mixin.py:188} INFO - [2024-04-02T08:28:33.418+0000] {dag.py:3047} INFO - Sync 1 DAGs
[2024-04-02T08:28:33.438+0000] {logging_mixin.py:188} INFO - [2024-04-02T08:28:33.438+0000] {dag.py:3834} INFO - Setting next_dagrun for tutorial_dag to None, run_after=None
[2024-04-02T08:28:33.478+0000] {processor.py:183} INFO - Processing /home/airflow/.local/lib/python3.8/site-packages/airflow/example_dags/tutorial_dag.py took 0.114 seconds
[2024-04-02T08:29:03.904+0000] {processor.py:161} INFO - Started process (PID=1401) to work on /home/airflow/.local/lib/python3.8/site-packages/airflow/example_dags/tutorial_dag.py
[2024-04-02T08:29:03.907+0000] {processor.py:830} INFO - Processing file /home/airflow/.local/lib/python3.8/site-packages/airflow/example_dags/tutorial_dag.py for tasks to queue
[2024-04-02T08:29:03.919+0000] {logging_mixin.py:188} INFO - [2024-04-02T08:29:03.912+0000] {dagbag.py:540} INFO - Filling up the DagBag from /home/airflow/.local/lib/python3.8/site-packages/airflow/example_dags/tutorial_dag.py
[2024-04-02T08:29:03.963+0000] {processor.py:840} INFO - DAG(s) 'tutorial_dag' retrieved from /home/airflow/.local/lib/python3.8/site-packages/airflow/example_dags/tutorial_dag.py
[2024-04-02T08:29:04.022+0000] {logging_mixin.py:188} INFO - [2024-04-02T08:29:04.022+0000] {dag.py:3047} INFO - Sync 1 DAGs
[2024-04-02T08:29:04.050+0000] {logging_mixin.py:188} INFO - [2024-04-02T08:29:04.049+0000] {dag.py:3834} INFO - Setting next_dagrun for tutorial_dag to None, run_after=None
[2024-04-02T08:29:04.105+0000] {processor.py:183} INFO - Processing /home/airflow/.local/lib/python3.8/site-packages/airflow/example_dags/tutorial_dag.py took 0.207 seconds
[2024-04-02T08:29:34.805+0000] {processor.py:161} INFO - Started process (PID=1457) to work on /home/airflow/.local/lib/python3.8/site-packages/airflow/example_dags/tutorial_dag.py
[2024-04-02T08:29:34.807+0000] {processor.py:830} INFO - Processing file /home/airflow/.local/lib/python3.8/site-packages/airflow/example_dags/tutorial_dag.py for tasks to queue
[2024-04-02T08:29:34.811+0000] {logging_mixin.py:188} INFO - [2024-04-02T08:29:34.810+0000] {dagbag.py:540} INFO - Filling up the DagBag from /home/airflow/.local/lib/python3.8/site-packages/airflow/example_dags/tutorial_dag.py
[2024-04-02T08:29:34.821+0000] {processor.py:840} INFO - DAG(s) 'tutorial_dag' retrieved from /home/airflow/.local/lib/python3.8/site-packages/airflow/example_dags/tutorial_dag.py
[2024-04-02T08:29:34.875+0000] {logging_mixin.py:188} INFO - [2024-04-02T08:29:34.874+0000] {dag.py:3047} INFO - Sync 1 DAGs
[2024-04-02T08:29:34.925+0000] {logging_mixin.py:188} INFO - [2024-04-02T08:29:34.924+0000] {dag.py:3834} INFO - Setting next_dagrun for tutorial_dag to None, run_after=None
[2024-04-02T08:29:34.987+0000] {processor.py:183} INFO - Processing /home/airflow/.local/lib/python3.8/site-packages/airflow/example_dags/tutorial_dag.py took 0.188 seconds
[2024-04-02T08:30:05.877+0000] {processor.py:161} INFO - Started process (PID=1513) to work on /home/airflow/.local/lib/python3.8/site-packages/airflow/example_dags/tutorial_dag.py
[2024-04-02T08:30:05.879+0000] {processor.py:830} INFO - Processing file /home/airflow/.local/lib/python3.8/site-packages/airflow/example_dags/tutorial_dag.py for tasks to queue
[2024-04-02T08:30:05.889+0000] {logging_mixin.py:188} INFO - [2024-04-02T08:30:05.888+0000] {dagbag.py:540} INFO - Filling up the DagBag from /home/airflow/.local/lib/python3.8/site-packages/airflow/example_dags/tutorial_dag.py
[2024-04-02T08:30:05.899+0000] {processor.py:840} INFO - DAG(s) 'tutorial_dag' retrieved from /home/airflow/.local/lib/python3.8/site-packages/airflow/example_dags/tutorial_dag.py
[2024-04-02T08:30:05.933+0000] {logging_mixin.py:188} INFO - [2024-04-02T08:30:05.933+0000] {dag.py:3047} INFO - Sync 1 DAGs
[2024-04-02T08:30:05.956+0000] {logging_mixin.py:188} INFO - [2024-04-02T08:30:05.956+0000] {dag.py:3834} INFO - Setting next_dagrun for tutorial_dag to None, run_after=None
[2024-04-02T08:30:05.993+0000] {processor.py:183} INFO - Processing /home/airflow/.local/lib/python3.8/site-packages/airflow/example_dags/tutorial_dag.py took 0.121 seconds
[2024-04-02T08:30:36.649+0000] {processor.py:161} INFO - Started process (PID=1569) to work on /home/airflow/.local/lib/python3.8/site-packages/airflow/example_dags/tutorial_dag.py
[2024-04-02T08:30:36.650+0000] {processor.py:830} INFO - Processing file /home/airflow/.local/lib/python3.8/site-packages/airflow/example_dags/tutorial_dag.py for tasks to queue
[2024-04-02T08:30:36.653+0000] {logging_mixin.py:188} INFO - [2024-04-02T08:30:36.652+0000] {dagbag.py:540} INFO - Filling up the DagBag from /home/airflow/.local/lib/python3.8/site-packages/airflow/example_dags/tutorial_dag.py
[2024-04-02T08:30:36.660+0000] {processor.py:840} INFO - DAG(s) 'tutorial_dag' retrieved from /home/airflow/.local/lib/python3.8/site-packages/airflow/example_dags/tutorial_dag.py
[2024-04-02T08:30:36.694+0000] {logging_mixin.py:188} INFO - [2024-04-02T08:30:36.693+0000] {dag.py:3047} INFO - Sync 1 DAGs
[2024-04-02T08:30:36.715+0000] {logging_mixin.py:188} INFO - [2024-04-02T08:30:36.714+0000] {dag.py:3834} INFO - Setting next_dagrun for tutorial_dag to None, run_after=None
[2024-04-02T08:30:36.756+0000] {processor.py:183} INFO - Processing /home/airflow/.local/lib/python3.8/site-packages/airflow/example_dags/tutorial_dag.py took 0.112 seconds
[2024-04-02T08:31:06.976+0000] {processor.py:161} INFO - Started process (PID=1625) to work on /home/airflow/.local/lib/python3.8/site-packages/airflow/example_dags/tutorial_dag.py
[2024-04-02T08:31:06.978+0000] {processor.py:830} INFO - Processing file /home/airflow/.local/lib/python3.8/site-packages/airflow/example_dags/tutorial_dag.py for tasks to queue
[2024-04-02T08:31:06.980+0000] {logging_mixin.py:188} INFO - [2024-04-02T08:31:06.980+0000] {dagbag.py:540} INFO - Filling up the DagBag from /home/airflow/.local/lib/python3.8/site-packages/airflow/example_dags/tutorial_dag.py
[2024-04-02T08:31:06.988+0000] {processor.py:840} INFO - DAG(s) 'tutorial_dag' retrieved from /home/airflow/.local/lib/python3.8/site-packages/airflow/example_dags/tutorial_dag.py
[2024-04-02T08:31:07.023+0000] {logging_mixin.py:188} INFO - [2024-04-02T08:31:07.023+0000] {dag.py:3047} INFO - Sync 1 DAGs
[2024-04-02T08:31:07.041+0000] {logging_mixin.py:188} INFO - [2024-04-02T08:31:07.041+0000] {dag.py:3834} INFO - Setting next_dagrun for tutorial_dag to None, run_after=None
[2024-04-02T08:31:07.076+0000] {processor.py:183} INFO - Processing /home/airflow/.local/lib/python3.8/site-packages/airflow/example_dags/tutorial_dag.py took 0.104 seconds
