[2024-04-02T07:45:19.104+0000] {processor.py:161} INFO - Started process (PID=60) to work on /home/airflow/.local/lib/python3.8/site-packages/airflow/example_dags/tutorial.py
[2024-04-02T07:45:19.116+0000] {processor.py:830} INFO - Processing file /home/airflow/.local/lib/python3.8/site-packages/airflow/example_dags/tutorial.py for tasks to queue
[2024-04-02T07:45:19.119+0000] {logging_mixin.py:188} INFO - [2024-04-02T07:45:19.118+0000] {dagbag.py:540} INFO - Filling up the DagBag from /home/airflow/.local/lib/python3.8/site-packages/airflow/example_dags/tutorial.py
[2024-04-02T07:45:19.190+0000] {processor.py:840} INFO - DAG(s) 'tutorial' retrieved from /home/airflow/.local/lib/python3.8/site-packages/airflow/example_dags/tutorial.py
[2024-04-02T07:45:21.771+0000] {logging_mixin.py:188} INFO - [2024-04-02T07:45:21.770+0000] {dag.py:3047} INFO - Sync 1 DAGs
[2024-04-02T07:45:21.997+0000] {logging_mixin.py:188} INFO - [2024-04-02T07:45:21.996+0000] {dag.py:3834} INFO - Setting next_dagrun for tutorial to 2024-04-01 00:00:00+00:00, run_after=2024-04-02 00:00:00+00:00
[2024-04-02T07:45:22.073+0000] {processor.py:183} INFO - Processing /home/airflow/.local/lib/python3.8/site-packages/airflow/example_dags/tutorial.py took 3.002 seconds
[2024-04-02T07:45:52.664+0000] {processor.py:161} INFO - Started process (PID=116) to work on /home/airflow/.local/lib/python3.8/site-packages/airflow/example_dags/tutorial.py
[2024-04-02T07:45:52.666+0000] {processor.py:830} INFO - Processing file /home/airflow/.local/lib/python3.8/site-packages/airflow/example_dags/tutorial.py for tasks to queue
[2024-04-02T07:45:52.670+0000] {logging_mixin.py:188} INFO - [2024-04-02T07:45:52.669+0000] {dagbag.py:540} INFO - Filling up the DagBag from /home/airflow/.local/lib/python3.8/site-packages/airflow/example_dags/tutorial.py
[2024-04-02T07:45:52.684+0000] {processor.py:840} INFO - DAG(s) 'tutorial' retrieved from /home/airflow/.local/lib/python3.8/site-packages/airflow/example_dags/tutorial.py
[2024-04-02T07:45:52.726+0000] {logging_mixin.py:188} INFO - [2024-04-02T07:45:52.725+0000] {dag.py:3047} INFO - Sync 1 DAGs
[2024-04-02T07:45:52.763+0000] {logging_mixin.py:188} INFO - [2024-04-02T07:45:52.763+0000] {dag.py:3834} INFO - Setting next_dagrun for tutorial to 2024-04-01 00:00:00+00:00, run_after=2024-04-02 00:00:00+00:00
[2024-04-02T07:45:52.795+0000] {processor.py:183} INFO - Processing /home/airflow/.local/lib/python3.8/site-packages/airflow/example_dags/tutorial.py took 0.140 seconds
[2024-04-02T07:46:23.115+0000] {processor.py:161} INFO - Started process (PID=172) to work on /home/airflow/.local/lib/python3.8/site-packages/airflow/example_dags/tutorial.py
[2024-04-02T07:46:23.119+0000] {processor.py:830} INFO - Processing file /home/airflow/.local/lib/python3.8/site-packages/airflow/example_dags/tutorial.py for tasks to queue
[2024-04-02T07:46:23.144+0000] {logging_mixin.py:188} INFO - [2024-04-02T07:46:23.143+0000] {dagbag.py:540} INFO - Filling up the DagBag from /home/airflow/.local/lib/python3.8/site-packages/airflow/example_dags/tutorial.py
[2024-04-02T07:46:23.222+0000] {processor.py:840} INFO - DAG(s) 'tutorial' retrieved from /home/airflow/.local/lib/python3.8/site-packages/airflow/example_dags/tutorial.py
[2024-04-02T07:46:23.304+0000] {logging_mixin.py:188} INFO - [2024-04-02T07:46:23.304+0000] {dag.py:3047} INFO - Sync 1 DAGs
[2024-04-02T07:46:23.382+0000] {logging_mixin.py:188} INFO - [2024-04-02T07:46:23.381+0000] {dag.py:3834} INFO - Setting next_dagrun for tutorial to 2024-04-01 00:00:00+00:00, run_after=2024-04-02 00:00:00+00:00
[2024-04-02T07:46:23.432+0000] {processor.py:183} INFO - Processing /home/airflow/.local/lib/python3.8/site-packages/airflow/example_dags/tutorial.py took 0.325 seconds
[2024-04-02T07:46:53.985+0000] {processor.py:161} INFO - Started process (PID=228) to work on /home/airflow/.local/lib/python3.8/site-packages/airflow/example_dags/tutorial.py
[2024-04-02T07:46:53.989+0000] {processor.py:830} INFO - Processing file /home/airflow/.local/lib/python3.8/site-packages/airflow/example_dags/tutorial.py for tasks to queue
[2024-04-02T07:46:53.992+0000] {logging_mixin.py:188} INFO - [2024-04-02T07:46:53.991+0000] {dagbag.py:540} INFO - Filling up the DagBag from /home/airflow/.local/lib/python3.8/site-packages/airflow/example_dags/tutorial.py
[2024-04-02T07:46:54.003+0000] {processor.py:840} INFO - DAG(s) 'tutorial' retrieved from /home/airflow/.local/lib/python3.8/site-packages/airflow/example_dags/tutorial.py
[2024-04-02T07:46:54.032+0000] {logging_mixin.py:188} INFO - [2024-04-02T07:46:54.032+0000] {dag.py:3047} INFO - Sync 1 DAGs
[2024-04-02T07:46:54.080+0000] {logging_mixin.py:188} INFO - [2024-04-02T07:46:54.080+0000] {dag.py:3834} INFO - Setting next_dagrun for tutorial to 2024-04-01 00:00:00+00:00, run_after=2024-04-02 00:00:00+00:00
[2024-04-02T07:46:54.126+0000] {processor.py:183} INFO - Processing /home/airflow/.local/lib/python3.8/site-packages/airflow/example_dags/tutorial.py took 0.145 seconds
[2024-04-02T07:47:24.959+0000] {processor.py:161} INFO - Started process (PID=284) to work on /home/airflow/.local/lib/python3.8/site-packages/airflow/example_dags/tutorial.py
[2024-04-02T07:47:24.960+0000] {processor.py:830} INFO - Processing file /home/airflow/.local/lib/python3.8/site-packages/airflow/example_dags/tutorial.py for tasks to queue
[2024-04-02T07:47:24.964+0000] {logging_mixin.py:188} INFO - [2024-04-02T07:47:24.963+0000] {dagbag.py:540} INFO - Filling up the DagBag from /home/airflow/.local/lib/python3.8/site-packages/airflow/example_dags/tutorial.py
[2024-04-02T07:47:24.973+0000] {processor.py:840} INFO - DAG(s) 'tutorial' retrieved from /home/airflow/.local/lib/python3.8/site-packages/airflow/example_dags/tutorial.py
[2024-04-02T07:47:25.006+0000] {logging_mixin.py:188} INFO - [2024-04-02T07:47:25.006+0000] {dag.py:3047} INFO - Sync 1 DAGs
[2024-04-02T07:47:25.047+0000] {logging_mixin.py:188} INFO - [2024-04-02T07:47:25.046+0000] {dag.py:3834} INFO - Setting next_dagrun for tutorial to 2024-04-01 00:00:00+00:00, run_after=2024-04-02 00:00:00+00:00
[2024-04-02T07:47:25.091+0000] {processor.py:183} INFO - Processing /home/airflow/.local/lib/python3.8/site-packages/airflow/example_dags/tutorial.py took 0.138 seconds
[2024-04-02T07:47:55.631+0000] {processor.py:161} INFO - Started process (PID=340) to work on /home/airflow/.local/lib/python3.8/site-packages/airflow/example_dags/tutorial.py
[2024-04-02T07:47:55.642+0000] {processor.py:830} INFO - Processing file /home/airflow/.local/lib/python3.8/site-packages/airflow/example_dags/tutorial.py for tasks to queue
[2024-04-02T07:47:55.645+0000] {logging_mixin.py:188} INFO - [2024-04-02T07:47:55.644+0000] {dagbag.py:540} INFO - Filling up the DagBag from /home/airflow/.local/lib/python3.8/site-packages/airflow/example_dags/tutorial.py
[2024-04-02T07:47:55.652+0000] {processor.py:840} INFO - DAG(s) 'tutorial' retrieved from /home/airflow/.local/lib/python3.8/site-packages/airflow/example_dags/tutorial.py
[2024-04-02T07:47:55.681+0000] {logging_mixin.py:188} INFO - [2024-04-02T07:47:55.681+0000] {dag.py:3047} INFO - Sync 1 DAGs
[2024-04-02T07:47:55.714+0000] {logging_mixin.py:188} INFO - [2024-04-02T07:47:55.713+0000] {dag.py:3834} INFO - Setting next_dagrun for tutorial to 2024-04-01 00:00:00+00:00, run_after=2024-04-02 00:00:00+00:00
[2024-04-02T07:47:55.750+0000] {processor.py:183} INFO - Processing /home/airflow/.local/lib/python3.8/site-packages/airflow/example_dags/tutorial.py took 0.123 seconds
[2024-04-02T07:48:26.077+0000] {processor.py:161} INFO - Started process (PID=396) to work on /home/airflow/.local/lib/python3.8/site-packages/airflow/example_dags/tutorial.py
[2024-04-02T07:48:26.082+0000] {processor.py:830} INFO - Processing file /home/airflow/.local/lib/python3.8/site-packages/airflow/example_dags/tutorial.py for tasks to queue
[2024-04-02T07:48:26.085+0000] {logging_mixin.py:188} INFO - [2024-04-02T07:48:26.084+0000] {dagbag.py:540} INFO - Filling up the DagBag from /home/airflow/.local/lib/python3.8/site-packages/airflow/example_dags/tutorial.py
[2024-04-02T07:48:26.094+0000] {processor.py:840} INFO - DAG(s) 'tutorial' retrieved from /home/airflow/.local/lib/python3.8/site-packages/airflow/example_dags/tutorial.py
[2024-04-02T07:48:26.123+0000] {logging_mixin.py:188} INFO - [2024-04-02T07:48:26.122+0000] {dag.py:3047} INFO - Sync 1 DAGs
[2024-04-02T07:48:26.165+0000] {logging_mixin.py:188} INFO - [2024-04-02T07:48:26.164+0000] {dag.py:3834} INFO - Setting next_dagrun for tutorial to 2024-04-01 00:00:00+00:00, run_after=2024-04-02 00:00:00+00:00
[2024-04-02T07:48:26.204+0000] {processor.py:183} INFO - Processing /home/airflow/.local/lib/python3.8/site-packages/airflow/example_dags/tutorial.py took 0.130 seconds
[2024-04-02T07:48:57.072+0000] {processor.py:161} INFO - Started process (PID=452) to work on /home/airflow/.local/lib/python3.8/site-packages/airflow/example_dags/tutorial.py
[2024-04-02T07:48:57.073+0000] {processor.py:830} INFO - Processing file /home/airflow/.local/lib/python3.8/site-packages/airflow/example_dags/tutorial.py for tasks to queue
[2024-04-02T07:48:57.076+0000] {logging_mixin.py:188} INFO - [2024-04-02T07:48:57.075+0000] {dagbag.py:540} INFO - Filling up the DagBag from /home/airflow/.local/lib/python3.8/site-packages/airflow/example_dags/tutorial.py
[2024-04-02T07:48:57.083+0000] {processor.py:840} INFO - DAG(s) 'tutorial' retrieved from /home/airflow/.local/lib/python3.8/site-packages/airflow/example_dags/tutorial.py
[2024-04-02T07:48:57.125+0000] {logging_mixin.py:188} INFO - [2024-04-02T07:48:57.124+0000] {dag.py:3047} INFO - Sync 1 DAGs
[2024-04-02T07:48:57.163+0000] {logging_mixin.py:188} INFO - [2024-04-02T07:48:57.163+0000] {dag.py:3834} INFO - Setting next_dagrun for tutorial to 2024-04-01 00:00:00+00:00, run_after=2024-04-02 00:00:00+00:00
[2024-04-02T07:48:57.199+0000] {processor.py:183} INFO - Processing /home/airflow/.local/lib/python3.8/site-packages/airflow/example_dags/tutorial.py took 0.132 seconds
[2024-04-02T07:49:27.501+0000] {processor.py:161} INFO - Started process (PID=508) to work on /home/airflow/.local/lib/python3.8/site-packages/airflow/example_dags/tutorial.py
[2024-04-02T07:49:27.502+0000] {processor.py:830} INFO - Processing file /home/airflow/.local/lib/python3.8/site-packages/airflow/example_dags/tutorial.py for tasks to queue
[2024-04-02T07:49:27.505+0000] {logging_mixin.py:188} INFO - [2024-04-02T07:49:27.504+0000] {dagbag.py:540} INFO - Filling up the DagBag from /home/airflow/.local/lib/python3.8/site-packages/airflow/example_dags/tutorial.py
[2024-04-02T07:49:27.512+0000] {processor.py:840} INFO - DAG(s) 'tutorial' retrieved from /home/airflow/.local/lib/python3.8/site-packages/airflow/example_dags/tutorial.py
[2024-04-02T07:49:27.548+0000] {logging_mixin.py:188} INFO - [2024-04-02T07:49:27.547+0000] {dag.py:3047} INFO - Sync 1 DAGs
[2024-04-02T07:49:27.597+0000] {logging_mixin.py:188} INFO - [2024-04-02T07:49:27.596+0000] {dag.py:3834} INFO - Setting next_dagrun for tutorial to 2024-04-01 00:00:00+00:00, run_after=2024-04-02 00:00:00+00:00
[2024-04-02T07:49:27.635+0000] {processor.py:183} INFO - Processing /home/airflow/.local/lib/python3.8/site-packages/airflow/example_dags/tutorial.py took 0.140 seconds
[2024-04-02T07:49:57.958+0000] {processor.py:161} INFO - Started process (PID=564) to work on /home/airflow/.local/lib/python3.8/site-packages/airflow/example_dags/tutorial.py
[2024-04-02T07:49:57.960+0000] {processor.py:830} INFO - Processing file /home/airflow/.local/lib/python3.8/site-packages/airflow/example_dags/tutorial.py for tasks to queue
[2024-04-02T07:49:57.963+0000] {logging_mixin.py:188} INFO - [2024-04-02T07:49:57.963+0000] {dagbag.py:540} INFO - Filling up the DagBag from /home/airflow/.local/lib/python3.8/site-packages/airflow/example_dags/tutorial.py
[2024-04-02T07:49:57.976+0000] {processor.py:840} INFO - DAG(s) 'tutorial' retrieved from /home/airflow/.local/lib/python3.8/site-packages/airflow/example_dags/tutorial.py
[2024-04-02T07:49:58.019+0000] {logging_mixin.py:188} INFO - [2024-04-02T07:49:58.018+0000] {dag.py:3047} INFO - Sync 1 DAGs
[2024-04-02T07:49:58.079+0000] {logging_mixin.py:188} INFO - [2024-04-02T07:49:58.079+0000] {dag.py:3834} INFO - Setting next_dagrun for tutorial to 2024-04-01 00:00:00+00:00, run_after=2024-04-02 00:00:00+00:00
[2024-04-02T07:49:58.136+0000] {processor.py:183} INFO - Processing /home/airflow/.local/lib/python3.8/site-packages/airflow/example_dags/tutorial.py took 0.183 seconds
[2024-04-02T07:50:28.256+0000] {processor.py:161} INFO - Started process (PID=620) to work on /home/airflow/.local/lib/python3.8/site-packages/airflow/example_dags/tutorial.py
[2024-04-02T07:50:28.259+0000] {processor.py:830} INFO - Processing file /home/airflow/.local/lib/python3.8/site-packages/airflow/example_dags/tutorial.py for tasks to queue
[2024-04-02T07:50:28.262+0000] {logging_mixin.py:188} INFO - [2024-04-02T07:50:28.262+0000] {dagbag.py:540} INFO - Filling up the DagBag from /home/airflow/.local/lib/python3.8/site-packages/airflow/example_dags/tutorial.py
[2024-04-02T07:50:28.270+0000] {processor.py:840} INFO - DAG(s) 'tutorial' retrieved from /home/airflow/.local/lib/python3.8/site-packages/airflow/example_dags/tutorial.py
[2024-04-02T07:50:28.302+0000] {logging_mixin.py:188} INFO - [2024-04-02T07:50:28.301+0000] {dag.py:3047} INFO - Sync 1 DAGs
[2024-04-02T07:50:28.343+0000] {logging_mixin.py:188} INFO - [2024-04-02T07:50:28.342+0000] {dag.py:3834} INFO - Setting next_dagrun for tutorial to 2024-04-01 00:00:00+00:00, run_after=2024-04-02 00:00:00+00:00
[2024-04-02T07:50:28.384+0000] {processor.py:183} INFO - Processing /home/airflow/.local/lib/python3.8/site-packages/airflow/example_dags/tutorial.py took 0.133 seconds
[2024-04-02T07:50:58.637+0000] {processor.py:161} INFO - Started process (PID=676) to work on /home/airflow/.local/lib/python3.8/site-packages/airflow/example_dags/tutorial.py
[2024-04-02T07:50:58.638+0000] {processor.py:830} INFO - Processing file /home/airflow/.local/lib/python3.8/site-packages/airflow/example_dags/tutorial.py for tasks to queue
[2024-04-02T07:50:58.641+0000] {logging_mixin.py:188} INFO - [2024-04-02T07:50:58.641+0000] {dagbag.py:540} INFO - Filling up the DagBag from /home/airflow/.local/lib/python3.8/site-packages/airflow/example_dags/tutorial.py
[2024-04-02T07:50:58.651+0000] {processor.py:840} INFO - DAG(s) 'tutorial' retrieved from /home/airflow/.local/lib/python3.8/site-packages/airflow/example_dags/tutorial.py
[2024-04-02T07:50:58.689+0000] {logging_mixin.py:188} INFO - [2024-04-02T07:50:58.688+0000] {dag.py:3047} INFO - Sync 1 DAGs
[2024-04-02T07:50:58.726+0000] {logging_mixin.py:188} INFO - [2024-04-02T07:50:58.726+0000] {dag.py:3834} INFO - Setting next_dagrun for tutorial to 2024-04-01 00:00:00+00:00, run_after=2024-04-02 00:00:00+00:00
[2024-04-02T07:50:58.761+0000] {processor.py:183} INFO - Processing /home/airflow/.local/lib/python3.8/site-packages/airflow/example_dags/tutorial.py took 0.130 seconds
[2024-04-02T07:51:29.408+0000] {processor.py:161} INFO - Started process (PID=732) to work on /home/airflow/.local/lib/python3.8/site-packages/airflow/example_dags/tutorial.py
[2024-04-02T07:51:29.410+0000] {processor.py:830} INFO - Processing file /home/airflow/.local/lib/python3.8/site-packages/airflow/example_dags/tutorial.py for tasks to queue
[2024-04-02T07:51:29.415+0000] {logging_mixin.py:188} INFO - [2024-04-02T07:51:29.414+0000] {dagbag.py:540} INFO - Filling up the DagBag from /home/airflow/.local/lib/python3.8/site-packages/airflow/example_dags/tutorial.py
[2024-04-02T07:51:29.429+0000] {processor.py:840} INFO - DAG(s) 'tutorial' retrieved from /home/airflow/.local/lib/python3.8/site-packages/airflow/example_dags/tutorial.py
[2024-04-02T07:51:29.462+0000] {logging_mixin.py:188} INFO - [2024-04-02T07:51:29.461+0000] {dag.py:3047} INFO - Sync 1 DAGs
[2024-04-02T07:51:29.503+0000] {logging_mixin.py:188} INFO - [2024-04-02T07:51:29.502+0000] {dag.py:3834} INFO - Setting next_dagrun for tutorial to 2024-04-01 00:00:00+00:00, run_after=2024-04-02 00:00:00+00:00
[2024-04-02T07:51:29.550+0000] {processor.py:183} INFO - Processing /home/airflow/.local/lib/python3.8/site-packages/airflow/example_dags/tutorial.py took 0.150 seconds
[2024-04-02T07:52:00.292+0000] {processor.py:161} INFO - Started process (PID=788) to work on /home/airflow/.local/lib/python3.8/site-packages/airflow/example_dags/tutorial.py
[2024-04-02T07:52:00.294+0000] {processor.py:830} INFO - Processing file /home/airflow/.local/lib/python3.8/site-packages/airflow/example_dags/tutorial.py for tasks to queue
[2024-04-02T07:52:00.299+0000] {logging_mixin.py:188} INFO - [2024-04-02T07:52:00.298+0000] {dagbag.py:540} INFO - Filling up the DagBag from /home/airflow/.local/lib/python3.8/site-packages/airflow/example_dags/tutorial.py
[2024-04-02T07:52:00.309+0000] {processor.py:840} INFO - DAG(s) 'tutorial' retrieved from /home/airflow/.local/lib/python3.8/site-packages/airflow/example_dags/tutorial.py
[2024-04-02T07:52:00.335+0000] {logging_mixin.py:188} INFO - [2024-04-02T07:52:00.335+0000] {dag.py:3047} INFO - Sync 1 DAGs
[2024-04-02T07:52:00.368+0000] {logging_mixin.py:188} INFO - [2024-04-02T07:52:00.368+0000] {dag.py:3834} INFO - Setting next_dagrun for tutorial to 2024-04-01 00:00:00+00:00, run_after=2024-04-02 00:00:00+00:00
[2024-04-02T07:52:00.407+0000] {processor.py:183} INFO - Processing /home/airflow/.local/lib/python3.8/site-packages/airflow/example_dags/tutorial.py took 0.119 seconds
[2024-04-02T07:52:31.368+0000] {processor.py:161} INFO - Started process (PID=844) to work on /home/airflow/.local/lib/python3.8/site-packages/airflow/example_dags/tutorial.py
[2024-04-02T07:52:31.370+0000] {processor.py:830} INFO - Processing file /home/airflow/.local/lib/python3.8/site-packages/airflow/example_dags/tutorial.py for tasks to queue
[2024-04-02T07:52:31.374+0000] {logging_mixin.py:188} INFO - [2024-04-02T07:52:31.373+0000] {dagbag.py:540} INFO - Filling up the DagBag from /home/airflow/.local/lib/python3.8/site-packages/airflow/example_dags/tutorial.py
[2024-04-02T07:52:31.390+0000] {processor.py:840} INFO - DAG(s) 'tutorial' retrieved from /home/airflow/.local/lib/python3.8/site-packages/airflow/example_dags/tutorial.py
[2024-04-02T07:52:31.438+0000] {logging_mixin.py:188} INFO - [2024-04-02T07:52:31.438+0000] {dag.py:3047} INFO - Sync 1 DAGs
[2024-04-02T07:52:31.479+0000] {logging_mixin.py:188} INFO - [2024-04-02T07:52:31.478+0000] {dag.py:3834} INFO - Setting next_dagrun for tutorial to 2024-04-01 00:00:00+00:00, run_after=2024-04-02 00:00:00+00:00
[2024-04-02T07:52:31.522+0000] {processor.py:183} INFO - Processing /home/airflow/.local/lib/python3.8/site-packages/airflow/example_dags/tutorial.py took 0.162 seconds
[2024-04-02T07:53:01.973+0000] {processor.py:161} INFO - Started process (PID=900) to work on /home/airflow/.local/lib/python3.8/site-packages/airflow/example_dags/tutorial.py
[2024-04-02T07:53:01.975+0000] {processor.py:830} INFO - Processing file /home/airflow/.local/lib/python3.8/site-packages/airflow/example_dags/tutorial.py for tasks to queue
[2024-04-02T07:53:01.978+0000] {logging_mixin.py:188} INFO - [2024-04-02T07:53:01.978+0000] {dagbag.py:540} INFO - Filling up the DagBag from /home/airflow/.local/lib/python3.8/site-packages/airflow/example_dags/tutorial.py
[2024-04-02T07:53:01.988+0000] {processor.py:840} INFO - DAG(s) 'tutorial' retrieved from /home/airflow/.local/lib/python3.8/site-packages/airflow/example_dags/tutorial.py
[2024-04-02T07:53:02.023+0000] {logging_mixin.py:188} INFO - [2024-04-02T07:53:02.023+0000] {dag.py:3047} INFO - Sync 1 DAGs
[2024-04-02T07:53:02.071+0000] {logging_mixin.py:188} INFO - [2024-04-02T07:53:02.071+0000] {dag.py:3834} INFO - Setting next_dagrun for tutorial to 2024-04-01 00:00:00+00:00, run_after=2024-04-02 00:00:00+00:00
[2024-04-02T07:53:02.115+0000] {processor.py:183} INFO - Processing /home/airflow/.local/lib/python3.8/site-packages/airflow/example_dags/tutorial.py took 0.147 seconds
[2024-04-02T07:53:32.746+0000] {processor.py:161} INFO - Started process (PID=956) to work on /home/airflow/.local/lib/python3.8/site-packages/airflow/example_dags/tutorial.py
[2024-04-02T07:53:32.748+0000] {processor.py:830} INFO - Processing file /home/airflow/.local/lib/python3.8/site-packages/airflow/example_dags/tutorial.py for tasks to queue
[2024-04-02T07:53:32.752+0000] {logging_mixin.py:188} INFO - [2024-04-02T07:53:32.752+0000] {dagbag.py:540} INFO - Filling up the DagBag from /home/airflow/.local/lib/python3.8/site-packages/airflow/example_dags/tutorial.py
[2024-04-02T07:53:32.762+0000] {processor.py:840} INFO - DAG(s) 'tutorial' retrieved from /home/airflow/.local/lib/python3.8/site-packages/airflow/example_dags/tutorial.py
[2024-04-02T07:53:32.792+0000] {logging_mixin.py:188} INFO - [2024-04-02T07:53:32.792+0000] {dag.py:3047} INFO - Sync 1 DAGs
[2024-04-02T07:53:32.827+0000] {logging_mixin.py:188} INFO - [2024-04-02T07:53:32.827+0000] {dag.py:3834} INFO - Setting next_dagrun for tutorial to 2024-04-01 00:00:00+00:00, run_after=2024-04-02 00:00:00+00:00
[2024-04-02T07:53:32.869+0000] {processor.py:183} INFO - Processing /home/airflow/.local/lib/python3.8/site-packages/airflow/example_dags/tutorial.py took 0.127 seconds
[2024-04-02T07:54:03.051+0000] {processor.py:161} INFO - Started process (PID=1012) to work on /home/airflow/.local/lib/python3.8/site-packages/airflow/example_dags/tutorial.py
[2024-04-02T07:54:03.053+0000] {processor.py:830} INFO - Processing file /home/airflow/.local/lib/python3.8/site-packages/airflow/example_dags/tutorial.py for tasks to queue
[2024-04-02T07:54:03.060+0000] {logging_mixin.py:188} INFO - [2024-04-02T07:54:03.056+0000] {dagbag.py:540} INFO - Filling up the DagBag from /home/airflow/.local/lib/python3.8/site-packages/airflow/example_dags/tutorial.py
[2024-04-02T07:54:03.076+0000] {processor.py:840} INFO - DAG(s) 'tutorial' retrieved from /home/airflow/.local/lib/python3.8/site-packages/airflow/example_dags/tutorial.py
[2024-04-02T07:54:03.128+0000] {logging_mixin.py:188} INFO - [2024-04-02T07:54:03.128+0000] {dag.py:3047} INFO - Sync 1 DAGs
[2024-04-02T07:54:03.183+0000] {logging_mixin.py:188} INFO - [2024-04-02T07:54:03.183+0000] {dag.py:3834} INFO - Setting next_dagrun for tutorial to 2024-04-01 00:00:00+00:00, run_after=2024-04-02 00:00:00+00:00
[2024-04-02T07:54:03.238+0000] {processor.py:183} INFO - Processing /home/airflow/.local/lib/python3.8/site-packages/airflow/example_dags/tutorial.py took 0.192 seconds
[2024-04-02T07:54:33.602+0000] {processor.py:161} INFO - Started process (PID=1068) to work on /home/airflow/.local/lib/python3.8/site-packages/airflow/example_dags/tutorial.py
[2024-04-02T07:54:33.604+0000] {processor.py:830} INFO - Processing file /home/airflow/.local/lib/python3.8/site-packages/airflow/example_dags/tutorial.py for tasks to queue
[2024-04-02T07:54:33.608+0000] {logging_mixin.py:188} INFO - [2024-04-02T07:54:33.607+0000] {dagbag.py:540} INFO - Filling up the DagBag from /home/airflow/.local/lib/python3.8/site-packages/airflow/example_dags/tutorial.py
[2024-04-02T07:54:33.619+0000] {processor.py:840} INFO - DAG(s) 'tutorial' retrieved from /home/airflow/.local/lib/python3.8/site-packages/airflow/example_dags/tutorial.py
[2024-04-02T07:54:33.657+0000] {logging_mixin.py:188} INFO - [2024-04-02T07:54:33.656+0000] {dag.py:3047} INFO - Sync 1 DAGs
[2024-04-02T07:54:33.697+0000] {logging_mixin.py:188} INFO - [2024-04-02T07:54:33.696+0000] {dag.py:3834} INFO - Setting next_dagrun for tutorial to 2024-04-01 00:00:00+00:00, run_after=2024-04-02 00:00:00+00:00
[2024-04-02T07:54:33.739+0000] {processor.py:183} INFO - Processing /home/airflow/.local/lib/python3.8/site-packages/airflow/example_dags/tutorial.py took 0.143 seconds
[2024-04-02T07:55:04.469+0000] {processor.py:161} INFO - Started process (PID=1124) to work on /home/airflow/.local/lib/python3.8/site-packages/airflow/example_dags/tutorial.py
[2024-04-02T07:55:04.471+0000] {processor.py:830} INFO - Processing file /home/airflow/.local/lib/python3.8/site-packages/airflow/example_dags/tutorial.py for tasks to queue
[2024-04-02T07:55:04.478+0000] {logging_mixin.py:188} INFO - [2024-04-02T07:55:04.477+0000] {dagbag.py:540} INFO - Filling up the DagBag from /home/airflow/.local/lib/python3.8/site-packages/airflow/example_dags/tutorial.py
[2024-04-02T07:55:04.487+0000] {processor.py:840} INFO - DAG(s) 'tutorial' retrieved from /home/airflow/.local/lib/python3.8/site-packages/airflow/example_dags/tutorial.py
[2024-04-02T07:55:04.523+0000] {logging_mixin.py:188} INFO - [2024-04-02T07:55:04.523+0000] {dag.py:3047} INFO - Sync 1 DAGs
[2024-04-02T07:55:04.562+0000] {logging_mixin.py:188} INFO - [2024-04-02T07:55:04.561+0000] {dag.py:3834} INFO - Setting next_dagrun for tutorial to 2024-04-01 00:00:00+00:00, run_after=2024-04-02 00:00:00+00:00
[2024-04-02T07:55:04.600+0000] {processor.py:183} INFO - Processing /home/airflow/.local/lib/python3.8/site-packages/airflow/example_dags/tutorial.py took 0.136 seconds
[2024-04-02T07:55:34.763+0000] {processor.py:161} INFO - Started process (PID=1180) to work on /home/airflow/.local/lib/python3.8/site-packages/airflow/example_dags/tutorial.py
[2024-04-02T07:55:34.767+0000] {processor.py:830} INFO - Processing file /home/airflow/.local/lib/python3.8/site-packages/airflow/example_dags/tutorial.py for tasks to queue
[2024-04-02T07:55:34.771+0000] {logging_mixin.py:188} INFO - [2024-04-02T07:55:34.770+0000] {dagbag.py:540} INFO - Filling up the DagBag from /home/airflow/.local/lib/python3.8/site-packages/airflow/example_dags/tutorial.py
[2024-04-02T07:55:34.785+0000] {processor.py:840} INFO - DAG(s) 'tutorial' retrieved from /home/airflow/.local/lib/python3.8/site-packages/airflow/example_dags/tutorial.py
[2024-04-02T07:55:34.836+0000] {logging_mixin.py:188} INFO - [2024-04-02T07:55:34.835+0000] {dag.py:3047} INFO - Sync 1 DAGs
[2024-04-02T07:55:34.891+0000] {logging_mixin.py:188} INFO - [2024-04-02T07:55:34.890+0000] {dag.py:3834} INFO - Setting next_dagrun for tutorial to 2024-04-01 00:00:00+00:00, run_after=2024-04-02 00:00:00+00:00
[2024-04-02T07:55:35.069+0000] {processor.py:183} INFO - Processing /home/airflow/.local/lib/python3.8/site-packages/airflow/example_dags/tutorial.py took 0.318 seconds
[2024-04-02T07:56:05.234+0000] {processor.py:161} INFO - Started process (PID=1236) to work on /home/airflow/.local/lib/python3.8/site-packages/airflow/example_dags/tutorial.py
[2024-04-02T07:56:05.236+0000] {processor.py:830} INFO - Processing file /home/airflow/.local/lib/python3.8/site-packages/airflow/example_dags/tutorial.py for tasks to queue
[2024-04-02T07:56:05.239+0000] {logging_mixin.py:188} INFO - [2024-04-02T07:56:05.239+0000] {dagbag.py:540} INFO - Filling up the DagBag from /home/airflow/.local/lib/python3.8/site-packages/airflow/example_dags/tutorial.py
[2024-04-02T07:56:05.247+0000] {processor.py:840} INFO - DAG(s) 'tutorial' retrieved from /home/airflow/.local/lib/python3.8/site-packages/airflow/example_dags/tutorial.py
[2024-04-02T07:56:05.278+0000] {logging_mixin.py:188} INFO - [2024-04-02T07:56:05.277+0000] {dag.py:3047} INFO - Sync 1 DAGs
[2024-04-02T07:56:05.310+0000] {logging_mixin.py:188} INFO - [2024-04-02T07:56:05.310+0000] {dag.py:3834} INFO - Setting next_dagrun for tutorial to 2024-04-01 00:00:00+00:00, run_after=2024-04-02 00:00:00+00:00
[2024-04-02T07:56:05.345+0000] {processor.py:183} INFO - Processing /home/airflow/.local/lib/python3.8/site-packages/airflow/example_dags/tutorial.py took 0.116 seconds
[2024-04-02T07:56:35.959+0000] {processor.py:161} INFO - Started process (PID=1292) to work on /home/airflow/.local/lib/python3.8/site-packages/airflow/example_dags/tutorial.py
[2024-04-02T07:56:35.961+0000] {processor.py:830} INFO - Processing file /home/airflow/.local/lib/python3.8/site-packages/airflow/example_dags/tutorial.py for tasks to queue
[2024-04-02T07:56:35.964+0000] {logging_mixin.py:188} INFO - [2024-04-02T07:56:35.964+0000] {dagbag.py:540} INFO - Filling up the DagBag from /home/airflow/.local/lib/python3.8/site-packages/airflow/example_dags/tutorial.py
[2024-04-02T07:56:35.976+0000] {processor.py:840} INFO - DAG(s) 'tutorial' retrieved from /home/airflow/.local/lib/python3.8/site-packages/airflow/example_dags/tutorial.py
[2024-04-02T07:56:36.007+0000] {logging_mixin.py:188} INFO - [2024-04-02T07:56:36.006+0000] {dag.py:3047} INFO - Sync 1 DAGs
[2024-04-02T07:56:36.045+0000] {logging_mixin.py:188} INFO - [2024-04-02T07:56:36.045+0000] {dag.py:3834} INFO - Setting next_dagrun for tutorial to 2024-04-01 00:00:00+00:00, run_after=2024-04-02 00:00:00+00:00
[2024-04-02T07:56:36.094+0000] {processor.py:183} INFO - Processing /home/airflow/.local/lib/python3.8/site-packages/airflow/example_dags/tutorial.py took 0.142 seconds
[2024-04-02T07:57:06.355+0000] {processor.py:161} INFO - Started process (PID=1348) to work on /home/airflow/.local/lib/python3.8/site-packages/airflow/example_dags/tutorial.py
[2024-04-02T07:57:06.357+0000] {processor.py:830} INFO - Processing file /home/airflow/.local/lib/python3.8/site-packages/airflow/example_dags/tutorial.py for tasks to queue
[2024-04-02T07:57:06.359+0000] {logging_mixin.py:188} INFO - [2024-04-02T07:57:06.359+0000] {dagbag.py:540} INFO - Filling up the DagBag from /home/airflow/.local/lib/python3.8/site-packages/airflow/example_dags/tutorial.py
[2024-04-02T07:57:06.370+0000] {processor.py:840} INFO - DAG(s) 'tutorial' retrieved from /home/airflow/.local/lib/python3.8/site-packages/airflow/example_dags/tutorial.py
[2024-04-02T07:57:06.402+0000] {logging_mixin.py:188} INFO - [2024-04-02T07:57:06.402+0000] {dag.py:3047} INFO - Sync 1 DAGs
[2024-04-02T07:57:06.436+0000] {logging_mixin.py:188} INFO - [2024-04-02T07:57:06.436+0000] {dag.py:3834} INFO - Setting next_dagrun for tutorial to 2024-04-01 00:00:00+00:00, run_after=2024-04-02 00:00:00+00:00
[2024-04-02T07:57:06.474+0000] {processor.py:183} INFO - Processing /home/airflow/.local/lib/python3.8/site-packages/airflow/example_dags/tutorial.py took 0.123 seconds
[2024-04-02T07:57:36.849+0000] {processor.py:161} INFO - Started process (PID=1404) to work on /home/airflow/.local/lib/python3.8/site-packages/airflow/example_dags/tutorial.py
[2024-04-02T07:57:36.852+0000] {processor.py:830} INFO - Processing file /home/airflow/.local/lib/python3.8/site-packages/airflow/example_dags/tutorial.py for tasks to queue
[2024-04-02T07:57:36.856+0000] {logging_mixin.py:188} INFO - [2024-04-02T07:57:36.855+0000] {dagbag.py:540} INFO - Filling up the DagBag from /home/airflow/.local/lib/python3.8/site-packages/airflow/example_dags/tutorial.py
[2024-04-02T07:57:36.864+0000] {processor.py:840} INFO - DAG(s) 'tutorial' retrieved from /home/airflow/.local/lib/python3.8/site-packages/airflow/example_dags/tutorial.py
[2024-04-02T07:57:36.902+0000] {logging_mixin.py:188} INFO - [2024-04-02T07:57:36.902+0000] {dag.py:3047} INFO - Sync 1 DAGs
[2024-04-02T07:57:36.942+0000] {logging_mixin.py:188} INFO - [2024-04-02T07:57:36.941+0000] {dag.py:3834} INFO - Setting next_dagrun for tutorial to 2024-04-01 00:00:00+00:00, run_after=2024-04-02 00:00:00+00:00
[2024-04-02T07:57:36.980+0000] {processor.py:183} INFO - Processing /home/airflow/.local/lib/python3.8/site-packages/airflow/example_dags/tutorial.py took 0.135 seconds
[2024-04-02T07:58:07.699+0000] {processor.py:161} INFO - Started process (PID=1460) to work on /home/airflow/.local/lib/python3.8/site-packages/airflow/example_dags/tutorial.py
[2024-04-02T07:58:07.701+0000] {processor.py:830} INFO - Processing file /home/airflow/.local/lib/python3.8/site-packages/airflow/example_dags/tutorial.py for tasks to queue
[2024-04-02T07:58:07.704+0000] {logging_mixin.py:188} INFO - [2024-04-02T07:58:07.704+0000] {dagbag.py:540} INFO - Filling up the DagBag from /home/airflow/.local/lib/python3.8/site-packages/airflow/example_dags/tutorial.py
[2024-04-02T07:58:07.713+0000] {processor.py:840} INFO - DAG(s) 'tutorial' retrieved from /home/airflow/.local/lib/python3.8/site-packages/airflow/example_dags/tutorial.py
[2024-04-02T07:58:07.744+0000] {logging_mixin.py:188} INFO - [2024-04-02T07:58:07.743+0000] {dag.py:3047} INFO - Sync 1 DAGs
[2024-04-02T07:58:07.780+0000] {logging_mixin.py:188} INFO - [2024-04-02T07:58:07.780+0000] {dag.py:3834} INFO - Setting next_dagrun for tutorial to 2024-04-01 00:00:00+00:00, run_after=2024-04-02 00:00:00+00:00
[2024-04-02T07:58:07.824+0000] {processor.py:183} INFO - Processing /home/airflow/.local/lib/python3.8/site-packages/airflow/example_dags/tutorial.py took 0.128 seconds
[2024-04-02T08:03:27.006+0000] {processor.py:161} INFO - Started process (PID=66) to work on /home/airflow/.local/lib/python3.8/site-packages/airflow/example_dags/tutorial.py
[2024-04-02T08:03:27.011+0000] {processor.py:830} INFO - Processing file /home/airflow/.local/lib/python3.8/site-packages/airflow/example_dags/tutorial.py for tasks to queue
[2024-04-02T08:03:27.015+0000] {logging_mixin.py:188} INFO - [2024-04-02T08:03:27.014+0000] {dagbag.py:540} INFO - Filling up the DagBag from /home/airflow/.local/lib/python3.8/site-packages/airflow/example_dags/tutorial.py
[2024-04-02T08:03:27.028+0000] {processor.py:840} INFO - DAG(s) 'tutorial' retrieved from /home/airflow/.local/lib/python3.8/site-packages/airflow/example_dags/tutorial.py
[2024-04-02T08:03:27.322+0000] {logging_mixin.py:188} INFO - [2024-04-02T08:03:27.322+0000] {dag.py:3047} INFO - Sync 1 DAGs
[2024-04-02T08:03:27.374+0000] {logging_mixin.py:188} INFO - [2024-04-02T08:03:27.373+0000] {dag.py:3834} INFO - Setting next_dagrun for tutorial to 2024-04-01 00:00:00+00:00, run_after=2024-04-02 00:00:00+00:00
[2024-04-02T08:03:27.418+0000] {processor.py:183} INFO - Processing /home/airflow/.local/lib/python3.8/site-packages/airflow/example_dags/tutorial.py took 0.418 seconds
[2024-04-02T08:03:58.311+0000] {processor.py:161} INFO - Started process (PID=122) to work on /home/airflow/.local/lib/python3.8/site-packages/airflow/example_dags/tutorial.py
[2024-04-02T08:03:58.323+0000] {processor.py:830} INFO - Processing file /home/airflow/.local/lib/python3.8/site-packages/airflow/example_dags/tutorial.py for tasks to queue
[2024-04-02T08:03:58.326+0000] {logging_mixin.py:188} INFO - [2024-04-02T08:03:58.325+0000] {dagbag.py:540} INFO - Filling up the DagBag from /home/airflow/.local/lib/python3.8/site-packages/airflow/example_dags/tutorial.py
[2024-04-02T08:03:58.337+0000] {processor.py:840} INFO - DAG(s) 'tutorial' retrieved from /home/airflow/.local/lib/python3.8/site-packages/airflow/example_dags/tutorial.py
[2024-04-02T08:03:58.381+0000] {logging_mixin.py:188} INFO - [2024-04-02T08:03:58.380+0000] {dag.py:3047} INFO - Sync 1 DAGs
[2024-04-02T08:03:58.422+0000] {logging_mixin.py:188} INFO - [2024-04-02T08:03:58.422+0000] {dag.py:3834} INFO - Setting next_dagrun for tutorial to 2024-04-01 00:00:00+00:00, run_after=2024-04-02 00:00:00+00:00
[2024-04-02T08:03:58.457+0000] {processor.py:183} INFO - Processing /home/airflow/.local/lib/python3.8/site-packages/airflow/example_dags/tutorial.py took 0.150 seconds
[2024-04-02T08:04:28.798+0000] {processor.py:161} INFO - Started process (PID=178) to work on /home/airflow/.local/lib/python3.8/site-packages/airflow/example_dags/tutorial.py
[2024-04-02T08:04:28.800+0000] {processor.py:830} INFO - Processing file /home/airflow/.local/lib/python3.8/site-packages/airflow/example_dags/tutorial.py for tasks to queue
[2024-04-02T08:04:28.803+0000] {logging_mixin.py:188} INFO - [2024-04-02T08:04:28.802+0000] {dagbag.py:540} INFO - Filling up the DagBag from /home/airflow/.local/lib/python3.8/site-packages/airflow/example_dags/tutorial.py
[2024-04-02T08:04:28.813+0000] {processor.py:840} INFO - DAG(s) 'tutorial' retrieved from /home/airflow/.local/lib/python3.8/site-packages/airflow/example_dags/tutorial.py
[2024-04-02T08:04:28.852+0000] {logging_mixin.py:188} INFO - [2024-04-02T08:04:28.851+0000] {dag.py:3047} INFO - Sync 1 DAGs
[2024-04-02T08:04:28.914+0000] {logging_mixin.py:188} INFO - [2024-04-02T08:04:28.913+0000] {dag.py:3834} INFO - Setting next_dagrun for tutorial to 2024-04-01 00:00:00+00:00, run_after=2024-04-02 00:00:00+00:00
[2024-04-02T08:04:28.997+0000] {processor.py:183} INFO - Processing /home/airflow/.local/lib/python3.8/site-packages/airflow/example_dags/tutorial.py took 0.205 seconds
[2024-04-02T08:04:59.241+0000] {processor.py:161} INFO - Started process (PID=234) to work on /home/airflow/.local/lib/python3.8/site-packages/airflow/example_dags/tutorial.py
[2024-04-02T08:04:59.244+0000] {processor.py:830} INFO - Processing file /home/airflow/.local/lib/python3.8/site-packages/airflow/example_dags/tutorial.py for tasks to queue
[2024-04-02T08:04:59.247+0000] {logging_mixin.py:188} INFO - [2024-04-02T08:04:59.246+0000] {dagbag.py:540} INFO - Filling up the DagBag from /home/airflow/.local/lib/python3.8/site-packages/airflow/example_dags/tutorial.py
[2024-04-02T08:04:59.258+0000] {processor.py:840} INFO - DAG(s) 'tutorial' retrieved from /home/airflow/.local/lib/python3.8/site-packages/airflow/example_dags/tutorial.py
[2024-04-02T08:04:59.300+0000] {logging_mixin.py:188} INFO - [2024-04-02T08:04:59.300+0000] {dag.py:3047} INFO - Sync 1 DAGs
[2024-04-02T08:04:59.346+0000] {logging_mixin.py:188} INFO - [2024-04-02T08:04:59.345+0000] {dag.py:3834} INFO - Setting next_dagrun for tutorial to 2024-04-01 00:00:00+00:00, run_after=2024-04-02 00:00:00+00:00
[2024-04-02T08:04:59.403+0000] {processor.py:183} INFO - Processing /home/airflow/.local/lib/python3.8/site-packages/airflow/example_dags/tutorial.py took 0.166 seconds
[2024-04-02T08:05:29.502+0000] {processor.py:161} INFO - Started process (PID=290) to work on /home/airflow/.local/lib/python3.8/site-packages/airflow/example_dags/tutorial.py
[2024-04-02T08:05:29.504+0000] {processor.py:830} INFO - Processing file /home/airflow/.local/lib/python3.8/site-packages/airflow/example_dags/tutorial.py for tasks to queue
[2024-04-02T08:05:29.507+0000] {logging_mixin.py:188} INFO - [2024-04-02T08:05:29.506+0000] {dagbag.py:540} INFO - Filling up the DagBag from /home/airflow/.local/lib/python3.8/site-packages/airflow/example_dags/tutorial.py
[2024-04-02T08:05:29.519+0000] {processor.py:840} INFO - DAG(s) 'tutorial' retrieved from /home/airflow/.local/lib/python3.8/site-packages/airflow/example_dags/tutorial.py
[2024-04-02T08:05:29.553+0000] {logging_mixin.py:188} INFO - [2024-04-02T08:05:29.553+0000] {dag.py:3047} INFO - Sync 1 DAGs
[2024-04-02T08:05:29.592+0000] {logging_mixin.py:188} INFO - [2024-04-02T08:05:29.591+0000] {dag.py:3834} INFO - Setting next_dagrun for tutorial to 2024-04-01 00:00:00+00:00, run_after=2024-04-02 00:00:00+00:00
[2024-04-02T08:05:29.629+0000] {processor.py:183} INFO - Processing /home/airflow/.local/lib/python3.8/site-packages/airflow/example_dags/tutorial.py took 0.133 seconds
[2024-04-02T08:06:00.020+0000] {processor.py:161} INFO - Started process (PID=346) to work on /home/airflow/.local/lib/python3.8/site-packages/airflow/example_dags/tutorial.py
[2024-04-02T08:06:00.022+0000] {processor.py:830} INFO - Processing file /home/airflow/.local/lib/python3.8/site-packages/airflow/example_dags/tutorial.py for tasks to queue
[2024-04-02T08:06:00.025+0000] {logging_mixin.py:188} INFO - [2024-04-02T08:06:00.024+0000] {dagbag.py:540} INFO - Filling up the DagBag from /home/airflow/.local/lib/python3.8/site-packages/airflow/example_dags/tutorial.py
[2024-04-02T08:06:00.041+0000] {processor.py:840} INFO - DAG(s) 'tutorial' retrieved from /home/airflow/.local/lib/python3.8/site-packages/airflow/example_dags/tutorial.py
[2024-04-02T08:06:00.080+0000] {logging_mixin.py:188} INFO - [2024-04-02T08:06:00.079+0000] {dag.py:3047} INFO - Sync 1 DAGs
[2024-04-02T08:06:00.120+0000] {logging_mixin.py:188} INFO - [2024-04-02T08:06:00.119+0000] {dag.py:3834} INFO - Setting next_dagrun for tutorial to 2024-04-01 00:00:00+00:00, run_after=2024-04-02 00:00:00+00:00
[2024-04-02T08:06:00.164+0000] {processor.py:183} INFO - Processing /home/airflow/.local/lib/python3.8/site-packages/airflow/example_dags/tutorial.py took 0.149 seconds
[2024-04-02T08:06:30.413+0000] {processor.py:161} INFO - Started process (PID=402) to work on /home/airflow/.local/lib/python3.8/site-packages/airflow/example_dags/tutorial.py
[2024-04-02T08:06:30.415+0000] {processor.py:830} INFO - Processing file /home/airflow/.local/lib/python3.8/site-packages/airflow/example_dags/tutorial.py for tasks to queue
[2024-04-02T08:06:30.417+0000] {logging_mixin.py:188} INFO - [2024-04-02T08:06:30.417+0000] {dagbag.py:540} INFO - Filling up the DagBag from /home/airflow/.local/lib/python3.8/site-packages/airflow/example_dags/tutorial.py
[2024-04-02T08:06:30.430+0000] {processor.py:840} INFO - DAG(s) 'tutorial' retrieved from /home/airflow/.local/lib/python3.8/site-packages/airflow/example_dags/tutorial.py
[2024-04-02T08:06:30.463+0000] {logging_mixin.py:188} INFO - [2024-04-02T08:06:30.463+0000] {dag.py:3047} INFO - Sync 1 DAGs
[2024-04-02T08:06:30.505+0000] {logging_mixin.py:188} INFO - [2024-04-02T08:06:30.505+0000] {dag.py:3834} INFO - Setting next_dagrun for tutorial to 2024-04-01 00:00:00+00:00, run_after=2024-04-02 00:00:00+00:00
[2024-04-02T08:06:30.550+0000] {processor.py:183} INFO - Processing /home/airflow/.local/lib/python3.8/site-packages/airflow/example_dags/tutorial.py took 0.144 seconds
[2024-04-02T08:07:00.890+0000] {processor.py:161} INFO - Started process (PID=458) to work on /home/airflow/.local/lib/python3.8/site-packages/airflow/example_dags/tutorial.py
[2024-04-02T08:07:00.892+0000] {processor.py:830} INFO - Processing file /home/airflow/.local/lib/python3.8/site-packages/airflow/example_dags/tutorial.py for tasks to queue
[2024-04-02T08:07:00.895+0000] {logging_mixin.py:188} INFO - [2024-04-02T08:07:00.895+0000] {dagbag.py:540} INFO - Filling up the DagBag from /home/airflow/.local/lib/python3.8/site-packages/airflow/example_dags/tutorial.py
[2024-04-02T08:07:00.904+0000] {processor.py:840} INFO - DAG(s) 'tutorial' retrieved from /home/airflow/.local/lib/python3.8/site-packages/airflow/example_dags/tutorial.py
[2024-04-02T08:07:00.937+0000] {logging_mixin.py:188} INFO - [2024-04-02T08:07:00.936+0000] {dag.py:3047} INFO - Sync 1 DAGs
[2024-04-02T08:07:00.975+0000] {logging_mixin.py:188} INFO - [2024-04-02T08:07:00.974+0000] {dag.py:3834} INFO - Setting next_dagrun for tutorial to 2024-04-01 00:00:00+00:00, run_after=2024-04-02 00:00:00+00:00
[2024-04-02T08:07:01.010+0000] {processor.py:183} INFO - Processing /home/airflow/.local/lib/python3.8/site-packages/airflow/example_dags/tutorial.py took 0.124 seconds
[2024-04-02T08:07:31.891+0000] {processor.py:161} INFO - Started process (PID=514) to work on /home/airflow/.local/lib/python3.8/site-packages/airflow/example_dags/tutorial.py
[2024-04-02T08:07:31.893+0000] {processor.py:830} INFO - Processing file /home/airflow/.local/lib/python3.8/site-packages/airflow/example_dags/tutorial.py for tasks to queue
[2024-04-02T08:07:31.896+0000] {logging_mixin.py:188} INFO - [2024-04-02T08:07:31.896+0000] {dagbag.py:540} INFO - Filling up the DagBag from /home/airflow/.local/lib/python3.8/site-packages/airflow/example_dags/tutorial.py
[2024-04-02T08:07:31.910+0000] {processor.py:840} INFO - DAG(s) 'tutorial' retrieved from /home/airflow/.local/lib/python3.8/site-packages/airflow/example_dags/tutorial.py
[2024-04-02T08:07:31.960+0000] {logging_mixin.py:188} INFO - [2024-04-02T08:07:31.959+0000] {dag.py:3047} INFO - Sync 1 DAGs
[2024-04-02T08:07:32.011+0000] {logging_mixin.py:188} INFO - [2024-04-02T08:07:32.011+0000] {dag.py:3834} INFO - Setting next_dagrun for tutorial to 2024-04-01 00:00:00+00:00, run_after=2024-04-02 00:00:00+00:00
[2024-04-02T08:07:32.054+0000] {processor.py:183} INFO - Processing /home/airflow/.local/lib/python3.8/site-packages/airflow/example_dags/tutorial.py took 0.170 seconds
[2024-04-02T08:08:02.641+0000] {processor.py:161} INFO - Started process (PID=570) to work on /home/airflow/.local/lib/python3.8/site-packages/airflow/example_dags/tutorial.py
[2024-04-02T08:08:02.642+0000] {processor.py:830} INFO - Processing file /home/airflow/.local/lib/python3.8/site-packages/airflow/example_dags/tutorial.py for tasks to queue
[2024-04-02T08:08:02.645+0000] {logging_mixin.py:188} INFO - [2024-04-02T08:08:02.644+0000] {dagbag.py:540} INFO - Filling up the DagBag from /home/airflow/.local/lib/python3.8/site-packages/airflow/example_dags/tutorial.py
[2024-04-02T08:08:02.652+0000] {processor.py:840} INFO - DAG(s) 'tutorial' retrieved from /home/airflow/.local/lib/python3.8/site-packages/airflow/example_dags/tutorial.py
[2024-04-02T08:08:02.686+0000] {logging_mixin.py:188} INFO - [2024-04-02T08:08:02.685+0000] {dag.py:3047} INFO - Sync 1 DAGs
[2024-04-02T08:08:02.719+0000] {logging_mixin.py:188} INFO - [2024-04-02T08:08:02.718+0000] {dag.py:3834} INFO - Setting next_dagrun for tutorial to 2024-04-01 00:00:00+00:00, run_after=2024-04-02 00:00:00+00:00
[2024-04-02T08:08:02.750+0000] {processor.py:183} INFO - Processing /home/airflow/.local/lib/python3.8/site-packages/airflow/example_dags/tutorial.py took 0.113 seconds
[2024-04-02T08:08:32.841+0000] {processor.py:161} INFO - Started process (PID=626) to work on /home/airflow/.local/lib/python3.8/site-packages/airflow/example_dags/tutorial.py
[2024-04-02T08:08:32.843+0000] {processor.py:830} INFO - Processing file /home/airflow/.local/lib/python3.8/site-packages/airflow/example_dags/tutorial.py for tasks to queue
[2024-04-02T08:08:32.846+0000] {logging_mixin.py:188} INFO - [2024-04-02T08:08:32.845+0000] {dagbag.py:540} INFO - Filling up the DagBag from /home/airflow/.local/lib/python3.8/site-packages/airflow/example_dags/tutorial.py
[2024-04-02T08:08:32.853+0000] {processor.py:840} INFO - DAG(s) 'tutorial' retrieved from /home/airflow/.local/lib/python3.8/site-packages/airflow/example_dags/tutorial.py
[2024-04-02T08:08:32.883+0000] {logging_mixin.py:188} INFO - [2024-04-02T08:08:32.883+0000] {dag.py:3047} INFO - Sync 1 DAGs
[2024-04-02T08:08:32.920+0000] {logging_mixin.py:188} INFO - [2024-04-02T08:08:32.920+0000] {dag.py:3834} INFO - Setting next_dagrun for tutorial to 2024-04-01 00:00:00+00:00, run_after=2024-04-02 00:00:00+00:00
[2024-04-02T08:08:32.955+0000] {processor.py:183} INFO - Processing /home/airflow/.local/lib/python3.8/site-packages/airflow/example_dags/tutorial.py took 0.117 seconds
[2024-04-02T08:09:03.052+0000] {processor.py:161} INFO - Started process (PID=682) to work on /home/airflow/.local/lib/python3.8/site-packages/airflow/example_dags/tutorial.py
[2024-04-02T08:09:03.053+0000] {processor.py:830} INFO - Processing file /home/airflow/.local/lib/python3.8/site-packages/airflow/example_dags/tutorial.py for tasks to queue
[2024-04-02T08:09:03.057+0000] {logging_mixin.py:188} INFO - [2024-04-02T08:09:03.056+0000] {dagbag.py:540} INFO - Filling up the DagBag from /home/airflow/.local/lib/python3.8/site-packages/airflow/example_dags/tutorial.py
[2024-04-02T08:09:03.064+0000] {processor.py:840} INFO - DAG(s) 'tutorial' retrieved from /home/airflow/.local/lib/python3.8/site-packages/airflow/example_dags/tutorial.py
[2024-04-02T08:09:03.105+0000] {logging_mixin.py:188} INFO - [2024-04-02T08:09:03.104+0000] {dag.py:3047} INFO - Sync 1 DAGs
[2024-04-02T08:09:03.146+0000] {logging_mixin.py:188} INFO - [2024-04-02T08:09:03.145+0000] {dag.py:3834} INFO - Setting next_dagrun for tutorial to 2024-04-01 00:00:00+00:00, run_after=2024-04-02 00:00:00+00:00
[2024-04-02T08:09:03.185+0000] {processor.py:183} INFO - Processing /home/airflow/.local/lib/python3.8/site-packages/airflow/example_dags/tutorial.py took 0.141 seconds
[2024-04-02T08:09:33.573+0000] {processor.py:161} INFO - Started process (PID=737) to work on /home/airflow/.local/lib/python3.8/site-packages/airflow/example_dags/tutorial.py
[2024-04-02T08:09:33.574+0000] {processor.py:830} INFO - Processing file /home/airflow/.local/lib/python3.8/site-packages/airflow/example_dags/tutorial.py for tasks to queue
[2024-04-02T08:09:33.578+0000] {logging_mixin.py:188} INFO - [2024-04-02T08:09:33.577+0000] {dagbag.py:540} INFO - Filling up the DagBag from /home/airflow/.local/lib/python3.8/site-packages/airflow/example_dags/tutorial.py
[2024-04-02T08:09:33.591+0000] {processor.py:840} INFO - DAG(s) 'tutorial' retrieved from /home/airflow/.local/lib/python3.8/site-packages/airflow/example_dags/tutorial.py
[2024-04-02T08:09:33.632+0000] {logging_mixin.py:188} INFO - [2024-04-02T08:09:33.632+0000] {dag.py:3047} INFO - Sync 1 DAGs
[2024-04-02T08:09:33.692+0000] {logging_mixin.py:188} INFO - [2024-04-02T08:09:33.691+0000] {dag.py:3834} INFO - Setting next_dagrun for tutorial to 2024-04-01 00:00:00+00:00, run_after=2024-04-02 00:00:00+00:00
[2024-04-02T08:09:33.736+0000] {processor.py:183} INFO - Processing /home/airflow/.local/lib/python3.8/site-packages/airflow/example_dags/tutorial.py took 0.169 seconds
[2024-04-02T08:10:03.835+0000] {processor.py:161} INFO - Started process (PID=793) to work on /home/airflow/.local/lib/python3.8/site-packages/airflow/example_dags/tutorial.py
[2024-04-02T08:10:03.837+0000] {processor.py:830} INFO - Processing file /home/airflow/.local/lib/python3.8/site-packages/airflow/example_dags/tutorial.py for tasks to queue
[2024-04-02T08:10:03.840+0000] {logging_mixin.py:188} INFO - [2024-04-02T08:10:03.839+0000] {dagbag.py:540} INFO - Filling up the DagBag from /home/airflow/.local/lib/python3.8/site-packages/airflow/example_dags/tutorial.py
[2024-04-02T08:10:03.847+0000] {processor.py:840} INFO - DAG(s) 'tutorial' retrieved from /home/airflow/.local/lib/python3.8/site-packages/airflow/example_dags/tutorial.py
[2024-04-02T08:10:03.892+0000] {logging_mixin.py:188} INFO - [2024-04-02T08:10:03.891+0000] {dag.py:3047} INFO - Sync 1 DAGs
[2024-04-02T08:10:03.941+0000] {logging_mixin.py:188} INFO - [2024-04-02T08:10:03.940+0000] {dag.py:3834} INFO - Setting next_dagrun for tutorial to 2024-04-01 00:00:00+00:00, run_after=2024-04-02 00:00:00+00:00
[2024-04-02T08:10:03.977+0000] {processor.py:183} INFO - Processing /home/airflow/.local/lib/python3.8/site-packages/airflow/example_dags/tutorial.py took 0.148 seconds
[2024-04-02T08:10:34.814+0000] {processor.py:161} INFO - Started process (PID=849) to work on /home/airflow/.local/lib/python3.8/site-packages/airflow/example_dags/tutorial.py
[2024-04-02T08:10:34.817+0000] {processor.py:830} INFO - Processing file /home/airflow/.local/lib/python3.8/site-packages/airflow/example_dags/tutorial.py for tasks to queue
[2024-04-02T08:10:34.822+0000] {logging_mixin.py:188} INFO - [2024-04-02T08:10:34.821+0000] {dagbag.py:540} INFO - Filling up the DagBag from /home/airflow/.local/lib/python3.8/site-packages/airflow/example_dags/tutorial.py
[2024-04-02T08:10:34.836+0000] {processor.py:840} INFO - DAG(s) 'tutorial' retrieved from /home/airflow/.local/lib/python3.8/site-packages/airflow/example_dags/tutorial.py
[2024-04-02T08:10:34.879+0000] {logging_mixin.py:188} INFO - [2024-04-02T08:10:34.879+0000] {dag.py:3047} INFO - Sync 1 DAGs
[2024-04-02T08:10:34.938+0000] {logging_mixin.py:188} INFO - [2024-04-02T08:10:34.937+0000] {dag.py:3834} INFO - Setting next_dagrun for tutorial to 2024-04-01 00:00:00+00:00, run_after=2024-04-02 00:00:00+00:00
[2024-04-02T08:10:35.001+0000] {processor.py:183} INFO - Processing /home/airflow/.local/lib/python3.8/site-packages/airflow/example_dags/tutorial.py took 0.192 seconds
[2024-04-02T08:11:05.510+0000] {processor.py:161} INFO - Started process (PID=905) to work on /home/airflow/.local/lib/python3.8/site-packages/airflow/example_dags/tutorial.py
[2024-04-02T08:11:05.512+0000] {processor.py:830} INFO - Processing file /home/airflow/.local/lib/python3.8/site-packages/airflow/example_dags/tutorial.py for tasks to queue
[2024-04-02T08:11:05.516+0000] {logging_mixin.py:188} INFO - [2024-04-02T08:11:05.515+0000] {dagbag.py:540} INFO - Filling up the DagBag from /home/airflow/.local/lib/python3.8/site-packages/airflow/example_dags/tutorial.py
[2024-04-02T08:11:05.530+0000] {processor.py:840} INFO - DAG(s) 'tutorial' retrieved from /home/airflow/.local/lib/python3.8/site-packages/airflow/example_dags/tutorial.py
[2024-04-02T08:11:05.576+0000] {logging_mixin.py:188} INFO - [2024-04-02T08:11:05.575+0000] {dag.py:3047} INFO - Sync 1 DAGs
[2024-04-02T08:11:05.633+0000] {logging_mixin.py:188} INFO - [2024-04-02T08:11:05.632+0000] {dag.py:3834} INFO - Setting next_dagrun for tutorial to 2024-04-01 00:00:00+00:00, run_after=2024-04-02 00:00:00+00:00
[2024-04-02T08:11:05.681+0000] {processor.py:183} INFO - Processing /home/airflow/.local/lib/python3.8/site-packages/airflow/example_dags/tutorial.py took 0.176 seconds
[2024-04-02T08:11:35.950+0000] {processor.py:161} INFO - Started process (PID=961) to work on /home/airflow/.local/lib/python3.8/site-packages/airflow/example_dags/tutorial.py
[2024-04-02T08:11:35.952+0000] {processor.py:830} INFO - Processing file /home/airflow/.local/lib/python3.8/site-packages/airflow/example_dags/tutorial.py for tasks to queue
[2024-04-02T08:11:35.955+0000] {logging_mixin.py:188} INFO - [2024-04-02T08:11:35.954+0000] {dagbag.py:540} INFO - Filling up the DagBag from /home/airflow/.local/lib/python3.8/site-packages/airflow/example_dags/tutorial.py
[2024-04-02T08:11:35.965+0000] {processor.py:840} INFO - DAG(s) 'tutorial' retrieved from /home/airflow/.local/lib/python3.8/site-packages/airflow/example_dags/tutorial.py
[2024-04-02T08:11:35.998+0000] {logging_mixin.py:188} INFO - [2024-04-02T08:11:35.998+0000] {dag.py:3047} INFO - Sync 1 DAGs
[2024-04-02T08:11:36.044+0000] {logging_mixin.py:188} INFO - [2024-04-02T08:11:36.043+0000] {dag.py:3834} INFO - Setting next_dagrun for tutorial to 2024-04-01 00:00:00+00:00, run_after=2024-04-02 00:00:00+00:00
[2024-04-02T08:11:36.083+0000] {processor.py:183} INFO - Processing /home/airflow/.local/lib/python3.8/site-packages/airflow/example_dags/tutorial.py took 0.137 seconds
[2024-04-02T08:12:06.461+0000] {processor.py:161} INFO - Started process (PID=1017) to work on /home/airflow/.local/lib/python3.8/site-packages/airflow/example_dags/tutorial.py
[2024-04-02T08:12:06.462+0000] {processor.py:830} INFO - Processing file /home/airflow/.local/lib/python3.8/site-packages/airflow/example_dags/tutorial.py for tasks to queue
[2024-04-02T08:12:06.465+0000] {logging_mixin.py:188} INFO - [2024-04-02T08:12:06.465+0000] {dagbag.py:540} INFO - Filling up the DagBag from /home/airflow/.local/lib/python3.8/site-packages/airflow/example_dags/tutorial.py
[2024-04-02T08:12:06.473+0000] {processor.py:840} INFO - DAG(s) 'tutorial' retrieved from /home/airflow/.local/lib/python3.8/site-packages/airflow/example_dags/tutorial.py
[2024-04-02T08:12:06.508+0000] {logging_mixin.py:188} INFO - [2024-04-02T08:12:06.507+0000] {dag.py:3047} INFO - Sync 1 DAGs
[2024-04-02T08:12:06.546+0000] {logging_mixin.py:188} INFO - [2024-04-02T08:12:06.546+0000] {dag.py:3834} INFO - Setting next_dagrun for tutorial to 2024-04-01 00:00:00+00:00, run_after=2024-04-02 00:00:00+00:00
[2024-04-02T08:12:06.589+0000] {processor.py:183} INFO - Processing /home/airflow/.local/lib/python3.8/site-packages/airflow/example_dags/tutorial.py took 0.133 seconds
[2024-04-02T08:12:38.344+0000] {processor.py:161} INFO - Started process (PID=1073) to work on /home/airflow/.local/lib/python3.8/site-packages/airflow/example_dags/tutorial.py
[2024-04-02T08:12:38.346+0000] {processor.py:830} INFO - Processing file /home/airflow/.local/lib/python3.8/site-packages/airflow/example_dags/tutorial.py for tasks to queue
[2024-04-02T08:12:38.350+0000] {logging_mixin.py:188} INFO - [2024-04-02T08:12:38.349+0000] {dagbag.py:540} INFO - Filling up the DagBag from /home/airflow/.local/lib/python3.8/site-packages/airflow/example_dags/tutorial.py
[2024-04-02T08:12:38.363+0000] {processor.py:840} INFO - DAG(s) 'tutorial' retrieved from /home/airflow/.local/lib/python3.8/site-packages/airflow/example_dags/tutorial.py
[2024-04-02T08:12:38.421+0000] {logging_mixin.py:188} INFO - [2024-04-02T08:12:38.420+0000] {dag.py:3047} INFO - Sync 1 DAGs
[2024-04-02T08:12:38.478+0000] {logging_mixin.py:188} INFO - [2024-04-02T08:12:38.478+0000] {dag.py:3834} INFO - Setting next_dagrun for tutorial to 2024-04-01 00:00:00+00:00, run_after=2024-04-02 00:00:00+00:00
[2024-04-02T08:12:38.522+0000] {processor.py:183} INFO - Processing /home/airflow/.local/lib/python3.8/site-packages/airflow/example_dags/tutorial.py took 0.183 seconds
[2024-04-02T08:13:09.156+0000] {processor.py:161} INFO - Started process (PID=1127) to work on /home/airflow/.local/lib/python3.8/site-packages/airflow/example_dags/tutorial.py
[2024-04-02T08:13:09.158+0000] {processor.py:830} INFO - Processing file /home/airflow/.local/lib/python3.8/site-packages/airflow/example_dags/tutorial.py for tasks to queue
[2024-04-02T08:13:09.163+0000] {logging_mixin.py:188} INFO - [2024-04-02T08:13:09.162+0000] {dagbag.py:540} INFO - Filling up the DagBag from /home/airflow/.local/lib/python3.8/site-packages/airflow/example_dags/tutorial.py
[2024-04-02T08:13:09.175+0000] {processor.py:840} INFO - DAG(s) 'tutorial' retrieved from /home/airflow/.local/lib/python3.8/site-packages/airflow/example_dags/tutorial.py
[2024-04-02T08:13:09.210+0000] {logging_mixin.py:188} INFO - [2024-04-02T08:13:09.210+0000] {dag.py:3047} INFO - Sync 1 DAGs
[2024-04-02T08:13:09.249+0000] {logging_mixin.py:188} INFO - [2024-04-02T08:13:09.249+0000] {dag.py:3834} INFO - Setting next_dagrun for tutorial to 2024-04-01 00:00:00+00:00, run_after=2024-04-02 00:00:00+00:00
[2024-04-02T08:13:09.292+0000] {processor.py:183} INFO - Processing /home/airflow/.local/lib/python3.8/site-packages/airflow/example_dags/tutorial.py took 0.141 seconds
[2024-04-02T08:13:39.694+0000] {processor.py:161} INFO - Started process (PID=1183) to work on /home/airflow/.local/lib/python3.8/site-packages/airflow/example_dags/tutorial.py
[2024-04-02T08:13:39.696+0000] {processor.py:830} INFO - Processing file /home/airflow/.local/lib/python3.8/site-packages/airflow/example_dags/tutorial.py for tasks to queue
[2024-04-02T08:13:39.699+0000] {logging_mixin.py:188} INFO - [2024-04-02T08:13:39.698+0000] {dagbag.py:540} INFO - Filling up the DagBag from /home/airflow/.local/lib/python3.8/site-packages/airflow/example_dags/tutorial.py
[2024-04-02T08:13:39.708+0000] {processor.py:840} INFO - DAG(s) 'tutorial' retrieved from /home/airflow/.local/lib/python3.8/site-packages/airflow/example_dags/tutorial.py
[2024-04-02T08:13:39.741+0000] {logging_mixin.py:188} INFO - [2024-04-02T08:13:39.740+0000] {dag.py:3047} INFO - Sync 1 DAGs
[2024-04-02T08:13:39.775+0000] {logging_mixin.py:188} INFO - [2024-04-02T08:13:39.775+0000] {dag.py:3834} INFO - Setting next_dagrun for tutorial to 2024-04-01 00:00:00+00:00, run_after=2024-04-02 00:00:00+00:00
[2024-04-02T08:13:39.821+0000] {processor.py:183} INFO - Processing /home/airflow/.local/lib/python3.8/site-packages/airflow/example_dags/tutorial.py took 0.131 seconds
[2024-04-02T08:16:51.342+0000] {processor.py:161} INFO - Started process (PID=60) to work on /home/airflow/.local/lib/python3.8/site-packages/airflow/example_dags/tutorial.py
[2024-04-02T08:16:51.350+0000] {processor.py:830} INFO - Processing file /home/airflow/.local/lib/python3.8/site-packages/airflow/example_dags/tutorial.py for tasks to queue
[2024-04-02T08:16:51.352+0000] {logging_mixin.py:188} INFO - [2024-04-02T08:16:51.352+0000] {dagbag.py:540} INFO - Filling up the DagBag from /home/airflow/.local/lib/python3.8/site-packages/airflow/example_dags/tutorial.py
[2024-04-02T08:16:51.390+0000] {processor.py:840} INFO - DAG(s) 'tutorial' retrieved from /home/airflow/.local/lib/python3.8/site-packages/airflow/example_dags/tutorial.py
[2024-04-02T08:16:51.850+0000] {logging_mixin.py:188} INFO - [2024-04-02T08:16:51.849+0000] {dag.py:3047} INFO - Sync 1 DAGs
[2024-04-02T08:16:51.931+0000] {logging_mixin.py:188} INFO - [2024-04-02T08:16:51.930+0000] {dag.py:3834} INFO - Setting next_dagrun for tutorial to 2024-04-01 00:00:00+00:00, run_after=2024-04-02 00:00:00+00:00
[2024-04-02T08:16:52.231+0000] {processor.py:183} INFO - Processing /home/airflow/.local/lib/python3.8/site-packages/airflow/example_dags/tutorial.py took 0.893 seconds
[2024-04-02T08:17:22.591+0000] {processor.py:161} INFO - Started process (PID=116) to work on /home/airflow/.local/lib/python3.8/site-packages/airflow/example_dags/tutorial.py
[2024-04-02T08:17:22.599+0000] {processor.py:830} INFO - Processing file /home/airflow/.local/lib/python3.8/site-packages/airflow/example_dags/tutorial.py for tasks to queue
[2024-04-02T08:17:22.611+0000] {logging_mixin.py:188} INFO - [2024-04-02T08:17:22.610+0000] {dagbag.py:540} INFO - Filling up the DagBag from /home/airflow/.local/lib/python3.8/site-packages/airflow/example_dags/tutorial.py
[2024-04-02T08:17:22.635+0000] {processor.py:840} INFO - DAG(s) 'tutorial' retrieved from /home/airflow/.local/lib/python3.8/site-packages/airflow/example_dags/tutorial.py
[2024-04-02T08:17:22.783+0000] {logging_mixin.py:188} INFO - [2024-04-02T08:17:22.782+0000] {dag.py:3047} INFO - Sync 1 DAGs
[2024-04-02T08:17:22.930+0000] {logging_mixin.py:188} INFO - [2024-04-02T08:17:22.929+0000] {dag.py:3834} INFO - Setting next_dagrun for tutorial to 2024-04-01 00:00:00+00:00, run_after=2024-04-02 00:00:00+00:00
[2024-04-02T08:17:23.042+0000] {processor.py:183} INFO - Processing /home/airflow/.local/lib/python3.8/site-packages/airflow/example_dags/tutorial.py took 0.461 seconds
[2024-04-02T08:17:53.502+0000] {processor.py:161} INFO - Started process (PID=172) to work on /home/airflow/.local/lib/python3.8/site-packages/airflow/example_dags/tutorial.py
[2024-04-02T08:17:53.505+0000] {processor.py:830} INFO - Processing file /home/airflow/.local/lib/python3.8/site-packages/airflow/example_dags/tutorial.py for tasks to queue
[2024-04-02T08:17:53.507+0000] {logging_mixin.py:188} INFO - [2024-04-02T08:17:53.507+0000] {dagbag.py:540} INFO - Filling up the DagBag from /home/airflow/.local/lib/python3.8/site-packages/airflow/example_dags/tutorial.py
[2024-04-02T08:17:53.516+0000] {processor.py:840} INFO - DAG(s) 'tutorial' retrieved from /home/airflow/.local/lib/python3.8/site-packages/airflow/example_dags/tutorial.py
[2024-04-02T08:17:53.549+0000] {logging_mixin.py:188} INFO - [2024-04-02T08:17:53.548+0000] {dag.py:3047} INFO - Sync 1 DAGs
[2024-04-02T08:17:53.588+0000] {logging_mixin.py:188} INFO - [2024-04-02T08:17:53.588+0000] {dag.py:3834} INFO - Setting next_dagrun for tutorial to 2024-04-01 00:00:00+00:00, run_after=2024-04-02 00:00:00+00:00
[2024-04-02T08:17:53.627+0000] {processor.py:183} INFO - Processing /home/airflow/.local/lib/python3.8/site-packages/airflow/example_dags/tutorial.py took 0.128 seconds
[2024-04-02T08:18:24.523+0000] {processor.py:161} INFO - Started process (PID=228) to work on /home/airflow/.local/lib/python3.8/site-packages/airflow/example_dags/tutorial.py
[2024-04-02T08:18:24.527+0000] {processor.py:830} INFO - Processing file /home/airflow/.local/lib/python3.8/site-packages/airflow/example_dags/tutorial.py for tasks to queue
[2024-04-02T08:18:24.534+0000] {logging_mixin.py:188} INFO - [2024-04-02T08:18:24.533+0000] {dagbag.py:540} INFO - Filling up the DagBag from /home/airflow/.local/lib/python3.8/site-packages/airflow/example_dags/tutorial.py
[2024-04-02T08:18:24.544+0000] {processor.py:840} INFO - DAG(s) 'tutorial' retrieved from /home/airflow/.local/lib/python3.8/site-packages/airflow/example_dags/tutorial.py
[2024-04-02T08:18:24.575+0000] {logging_mixin.py:188} INFO - [2024-04-02T08:18:24.574+0000] {dag.py:3047} INFO - Sync 1 DAGs
[2024-04-02T08:18:24.617+0000] {logging_mixin.py:188} INFO - [2024-04-02T08:18:24.616+0000] {dag.py:3834} INFO - Setting next_dagrun for tutorial to 2024-04-01 00:00:00+00:00, run_after=2024-04-02 00:00:00+00:00
[2024-04-02T08:18:24.662+0000] {processor.py:183} INFO - Processing /home/airflow/.local/lib/python3.8/site-packages/airflow/example_dags/tutorial.py took 0.148 seconds
[2024-04-02T08:18:55.182+0000] {processor.py:161} INFO - Started process (PID=284) to work on /home/airflow/.local/lib/python3.8/site-packages/airflow/example_dags/tutorial.py
[2024-04-02T08:18:55.192+0000] {processor.py:830} INFO - Processing file /home/airflow/.local/lib/python3.8/site-packages/airflow/example_dags/tutorial.py for tasks to queue
[2024-04-02T08:18:55.203+0000] {logging_mixin.py:188} INFO - [2024-04-02T08:18:55.202+0000] {dagbag.py:540} INFO - Filling up the DagBag from /home/airflow/.local/lib/python3.8/site-packages/airflow/example_dags/tutorial.py
[2024-04-02T08:18:55.220+0000] {processor.py:840} INFO - DAG(s) 'tutorial' retrieved from /home/airflow/.local/lib/python3.8/site-packages/airflow/example_dags/tutorial.py
[2024-04-02T08:18:55.254+0000] {logging_mixin.py:188} INFO - [2024-04-02T08:18:55.253+0000] {dag.py:3047} INFO - Sync 1 DAGs
[2024-04-02T08:18:55.290+0000] {logging_mixin.py:188} INFO - [2024-04-02T08:18:55.290+0000] {dag.py:3834} INFO - Setting next_dagrun for tutorial to 2024-04-01 00:00:00+00:00, run_after=2024-04-02 00:00:00+00:00
[2024-04-02T08:18:55.426+0000] {processor.py:183} INFO - Processing /home/airflow/.local/lib/python3.8/site-packages/airflow/example_dags/tutorial.py took 0.250 seconds
[2024-04-02T08:19:25.519+0000] {processor.py:161} INFO - Started process (PID=340) to work on /home/airflow/.local/lib/python3.8/site-packages/airflow/example_dags/tutorial.py
[2024-04-02T08:19:25.520+0000] {processor.py:830} INFO - Processing file /home/airflow/.local/lib/python3.8/site-packages/airflow/example_dags/tutorial.py for tasks to queue
[2024-04-02T08:19:25.522+0000] {logging_mixin.py:188} INFO - [2024-04-02T08:19:25.522+0000] {dagbag.py:540} INFO - Filling up the DagBag from /home/airflow/.local/lib/python3.8/site-packages/airflow/example_dags/tutorial.py
[2024-04-02T08:19:25.530+0000] {processor.py:840} INFO - DAG(s) 'tutorial' retrieved from /home/airflow/.local/lib/python3.8/site-packages/airflow/example_dags/tutorial.py
[2024-04-02T08:19:25.561+0000] {logging_mixin.py:188} INFO - [2024-04-02T08:19:25.560+0000] {dag.py:3047} INFO - Sync 1 DAGs
[2024-04-02T08:19:25.590+0000] {logging_mixin.py:188} INFO - [2024-04-02T08:19:25.590+0000] {dag.py:3834} INFO - Setting next_dagrun for tutorial to 2024-04-01 00:00:00+00:00, run_after=2024-04-02 00:00:00+00:00
[2024-04-02T08:19:25.626+0000] {processor.py:183} INFO - Processing /home/airflow/.local/lib/python3.8/site-packages/airflow/example_dags/tutorial.py took 0.111 seconds
[2024-04-02T08:19:55.850+0000] {processor.py:161} INFO - Started process (PID=396) to work on /home/airflow/.local/lib/python3.8/site-packages/airflow/example_dags/tutorial.py
[2024-04-02T08:19:55.852+0000] {processor.py:830} INFO - Processing file /home/airflow/.local/lib/python3.8/site-packages/airflow/example_dags/tutorial.py for tasks to queue
[2024-04-02T08:19:55.854+0000] {logging_mixin.py:188} INFO - [2024-04-02T08:19:55.854+0000] {dagbag.py:540} INFO - Filling up the DagBag from /home/airflow/.local/lib/python3.8/site-packages/airflow/example_dags/tutorial.py
[2024-04-02T08:19:55.863+0000] {processor.py:840} INFO - DAG(s) 'tutorial' retrieved from /home/airflow/.local/lib/python3.8/site-packages/airflow/example_dags/tutorial.py
[2024-04-02T08:19:55.893+0000] {logging_mixin.py:188} INFO - [2024-04-02T08:19:55.893+0000] {dag.py:3047} INFO - Sync 1 DAGs
[2024-04-02T08:19:55.933+0000] {logging_mixin.py:188} INFO - [2024-04-02T08:19:55.932+0000] {dag.py:3834} INFO - Setting next_dagrun for tutorial to 2024-04-01 00:00:00+00:00, run_after=2024-04-02 00:00:00+00:00
[2024-04-02T08:19:55.969+0000] {processor.py:183} INFO - Processing /home/airflow/.local/lib/python3.8/site-packages/airflow/example_dags/tutorial.py took 0.122 seconds
[2024-04-02T08:20:26.146+0000] {processor.py:161} INFO - Started process (PID=452) to work on /home/airflow/.local/lib/python3.8/site-packages/airflow/example_dags/tutorial.py
[2024-04-02T08:20:26.148+0000] {processor.py:830} INFO - Processing file /home/airflow/.local/lib/python3.8/site-packages/airflow/example_dags/tutorial.py for tasks to queue
[2024-04-02T08:20:26.151+0000] {logging_mixin.py:188} INFO - [2024-04-02T08:20:26.151+0000] {dagbag.py:540} INFO - Filling up the DagBag from /home/airflow/.local/lib/python3.8/site-packages/airflow/example_dags/tutorial.py
[2024-04-02T08:20:26.163+0000] {processor.py:840} INFO - DAG(s) 'tutorial' retrieved from /home/airflow/.local/lib/python3.8/site-packages/airflow/example_dags/tutorial.py
[2024-04-02T08:20:26.204+0000] {logging_mixin.py:188} INFO - [2024-04-02T08:20:26.203+0000] {dag.py:3047} INFO - Sync 1 DAGs
[2024-04-02T08:20:26.255+0000] {logging_mixin.py:188} INFO - [2024-04-02T08:20:26.254+0000] {dag.py:3834} INFO - Setting next_dagrun for tutorial to 2024-04-01 00:00:00+00:00, run_after=2024-04-02 00:00:00+00:00
[2024-04-02T08:20:26.291+0000] {processor.py:183} INFO - Processing /home/airflow/.local/lib/python3.8/site-packages/airflow/example_dags/tutorial.py took 0.150 seconds
[2024-04-02T08:20:56.400+0000] {processor.py:161} INFO - Started process (PID=508) to work on /home/airflow/.local/lib/python3.8/site-packages/airflow/example_dags/tutorial.py
[2024-04-02T08:20:56.401+0000] {processor.py:830} INFO - Processing file /home/airflow/.local/lib/python3.8/site-packages/airflow/example_dags/tutorial.py for tasks to queue
[2024-04-02T08:20:56.404+0000] {logging_mixin.py:188} INFO - [2024-04-02T08:20:56.404+0000] {dagbag.py:540} INFO - Filling up the DagBag from /home/airflow/.local/lib/python3.8/site-packages/airflow/example_dags/tutorial.py
[2024-04-02T08:20:56.417+0000] {processor.py:840} INFO - DAG(s) 'tutorial' retrieved from /home/airflow/.local/lib/python3.8/site-packages/airflow/example_dags/tutorial.py
[2024-04-02T08:20:56.450+0000] {logging_mixin.py:188} INFO - [2024-04-02T08:20:56.450+0000] {dag.py:3047} INFO - Sync 1 DAGs
[2024-04-02T08:20:56.488+0000] {logging_mixin.py:188} INFO - [2024-04-02T08:20:56.488+0000] {dag.py:3834} INFO - Setting next_dagrun for tutorial to 2024-04-01 00:00:00+00:00, run_after=2024-04-02 00:00:00+00:00
[2024-04-02T08:20:56.523+0000] {processor.py:183} INFO - Processing /home/airflow/.local/lib/python3.8/site-packages/airflow/example_dags/tutorial.py took 0.127 seconds
[2024-04-02T08:21:26.754+0000] {processor.py:161} INFO - Started process (PID=564) to work on /home/airflow/.local/lib/python3.8/site-packages/airflow/example_dags/tutorial.py
[2024-04-02T08:21:26.756+0000] {processor.py:830} INFO - Processing file /home/airflow/.local/lib/python3.8/site-packages/airflow/example_dags/tutorial.py for tasks to queue
[2024-04-02T08:21:26.759+0000] {logging_mixin.py:188} INFO - [2024-04-02T08:21:26.758+0000] {dagbag.py:540} INFO - Filling up the DagBag from /home/airflow/.local/lib/python3.8/site-packages/airflow/example_dags/tutorial.py
[2024-04-02T08:21:26.767+0000] {processor.py:840} INFO - DAG(s) 'tutorial' retrieved from /home/airflow/.local/lib/python3.8/site-packages/airflow/example_dags/tutorial.py
[2024-04-02T08:21:26.816+0000] {logging_mixin.py:188} INFO - [2024-04-02T08:21:26.816+0000] {dag.py:3047} INFO - Sync 1 DAGs
[2024-04-02T08:21:26.869+0000] {logging_mixin.py:188} INFO - [2024-04-02T08:21:26.868+0000] {dag.py:3834} INFO - Setting next_dagrun for tutorial to 2024-04-01 00:00:00+00:00, run_after=2024-04-02 00:00:00+00:00
[2024-04-02T08:21:26.908+0000] {processor.py:183} INFO - Processing /home/airflow/.local/lib/python3.8/site-packages/airflow/example_dags/tutorial.py took 0.160 seconds
[2024-04-02T08:21:57.263+0000] {processor.py:161} INFO - Started process (PID=620) to work on /home/airflow/.local/lib/python3.8/site-packages/airflow/example_dags/tutorial.py
[2024-04-02T08:21:57.265+0000] {processor.py:830} INFO - Processing file /home/airflow/.local/lib/python3.8/site-packages/airflow/example_dags/tutorial.py for tasks to queue
[2024-04-02T08:21:57.269+0000] {logging_mixin.py:188} INFO - [2024-04-02T08:21:57.268+0000] {dagbag.py:540} INFO - Filling up the DagBag from /home/airflow/.local/lib/python3.8/site-packages/airflow/example_dags/tutorial.py
[2024-04-02T08:21:57.281+0000] {processor.py:840} INFO - DAG(s) 'tutorial' retrieved from /home/airflow/.local/lib/python3.8/site-packages/airflow/example_dags/tutorial.py
[2024-04-02T08:21:57.324+0000] {logging_mixin.py:188} INFO - [2024-04-02T08:21:57.324+0000] {dag.py:3047} INFO - Sync 1 DAGs
[2024-04-02T08:21:57.375+0000] {logging_mixin.py:188} INFO - [2024-04-02T08:21:57.374+0000] {dag.py:3834} INFO - Setting next_dagrun for tutorial to 2024-04-01 00:00:00+00:00, run_after=2024-04-02 00:00:00+00:00
[2024-04-02T08:21:57.424+0000] {processor.py:183} INFO - Processing /home/airflow/.local/lib/python3.8/site-packages/airflow/example_dags/tutorial.py took 0.167 seconds
[2024-04-02T08:22:27.995+0000] {processor.py:161} INFO - Started process (PID=676) to work on /home/airflow/.local/lib/python3.8/site-packages/airflow/example_dags/tutorial.py
[2024-04-02T08:22:27.996+0000] {processor.py:830} INFO - Processing file /home/airflow/.local/lib/python3.8/site-packages/airflow/example_dags/tutorial.py for tasks to queue
[2024-04-02T08:22:27.999+0000] {logging_mixin.py:188} INFO - [2024-04-02T08:22:27.999+0000] {dagbag.py:540} INFO - Filling up the DagBag from /home/airflow/.local/lib/python3.8/site-packages/airflow/example_dags/tutorial.py
[2024-04-02T08:22:28.011+0000] {processor.py:840} INFO - DAG(s) 'tutorial' retrieved from /home/airflow/.local/lib/python3.8/site-packages/airflow/example_dags/tutorial.py
[2024-04-02T08:22:28.045+0000] {logging_mixin.py:188} INFO - [2024-04-02T08:22:28.045+0000] {dag.py:3047} INFO - Sync 1 DAGs
[2024-04-02T08:22:28.092+0000] {logging_mixin.py:188} INFO - [2024-04-02T08:22:28.091+0000] {dag.py:3834} INFO - Setting next_dagrun for tutorial to 2024-04-01 00:00:00+00:00, run_after=2024-04-02 00:00:00+00:00
[2024-04-02T08:22:28.129+0000] {processor.py:183} INFO - Processing /home/airflow/.local/lib/python3.8/site-packages/airflow/example_dags/tutorial.py took 0.138 seconds
[2024-04-02T08:22:58.327+0000] {processor.py:161} INFO - Started process (PID=732) to work on /home/airflow/.local/lib/python3.8/site-packages/airflow/example_dags/tutorial.py
[2024-04-02T08:22:58.329+0000] {processor.py:830} INFO - Processing file /home/airflow/.local/lib/python3.8/site-packages/airflow/example_dags/tutorial.py for tasks to queue
[2024-04-02T08:22:58.334+0000] {logging_mixin.py:188} INFO - [2024-04-02T08:22:58.333+0000] {dagbag.py:540} INFO - Filling up the DagBag from /home/airflow/.local/lib/python3.8/site-packages/airflow/example_dags/tutorial.py
[2024-04-02T08:22:58.341+0000] {processor.py:840} INFO - DAG(s) 'tutorial' retrieved from /home/airflow/.local/lib/python3.8/site-packages/airflow/example_dags/tutorial.py
[2024-04-02T08:22:58.370+0000] {logging_mixin.py:188} INFO - [2024-04-02T08:22:58.370+0000] {dag.py:3047} INFO - Sync 1 DAGs
[2024-04-02T08:22:58.410+0000] {logging_mixin.py:188} INFO - [2024-04-02T08:22:58.409+0000] {dag.py:3834} INFO - Setting next_dagrun for tutorial to 2024-04-01 00:00:00+00:00, run_after=2024-04-02 00:00:00+00:00
[2024-04-02T08:22:58.446+0000] {processor.py:183} INFO - Processing /home/airflow/.local/lib/python3.8/site-packages/airflow/example_dags/tutorial.py took 0.124 seconds
[2024-04-02T08:23:28.806+0000] {processor.py:161} INFO - Started process (PID=787) to work on /home/airflow/.local/lib/python3.8/site-packages/airflow/example_dags/tutorial.py
[2024-04-02T08:23:28.808+0000] {processor.py:830} INFO - Processing file /home/airflow/.local/lib/python3.8/site-packages/airflow/example_dags/tutorial.py for tasks to queue
[2024-04-02T08:23:28.811+0000] {logging_mixin.py:188} INFO - [2024-04-02T08:23:28.810+0000] {dagbag.py:540} INFO - Filling up the DagBag from /home/airflow/.local/lib/python3.8/site-packages/airflow/example_dags/tutorial.py
[2024-04-02T08:23:28.820+0000] {processor.py:840} INFO - DAG(s) 'tutorial' retrieved from /home/airflow/.local/lib/python3.8/site-packages/airflow/example_dags/tutorial.py
[2024-04-02T08:23:28.854+0000] {logging_mixin.py:188} INFO - [2024-04-02T08:23:28.853+0000] {dag.py:3047} INFO - Sync 1 DAGs
[2024-04-02T08:23:28.894+0000] {logging_mixin.py:188} INFO - [2024-04-02T08:23:28.894+0000] {dag.py:3834} INFO - Setting next_dagrun for tutorial to 2024-04-01 00:00:00+00:00, run_after=2024-04-02 00:00:00+00:00
[2024-04-02T08:23:28.931+0000] {processor.py:183} INFO - Processing /home/airflow/.local/lib/python3.8/site-packages/airflow/example_dags/tutorial.py took 0.130 seconds
[2024-04-02T08:23:59.279+0000] {processor.py:161} INFO - Started process (PID=843) to work on /home/airflow/.local/lib/python3.8/site-packages/airflow/example_dags/tutorial.py
[2024-04-02T08:23:59.282+0000] {processor.py:830} INFO - Processing file /home/airflow/.local/lib/python3.8/site-packages/airflow/example_dags/tutorial.py for tasks to queue
[2024-04-02T08:23:59.289+0000] {logging_mixin.py:188} INFO - [2024-04-02T08:23:59.289+0000] {dagbag.py:540} INFO - Filling up the DagBag from /home/airflow/.local/lib/python3.8/site-packages/airflow/example_dags/tutorial.py
[2024-04-02T08:23:59.302+0000] {processor.py:840} INFO - DAG(s) 'tutorial' retrieved from /home/airflow/.local/lib/python3.8/site-packages/airflow/example_dags/tutorial.py
[2024-04-02T08:23:59.346+0000] {logging_mixin.py:188} INFO - [2024-04-02T08:23:59.345+0000] {dag.py:3047} INFO - Sync 1 DAGs
[2024-04-02T08:23:59.388+0000] {logging_mixin.py:188} INFO - [2024-04-02T08:23:59.387+0000] {dag.py:3834} INFO - Setting next_dagrun for tutorial to 2024-04-01 00:00:00+00:00, run_after=2024-04-02 00:00:00+00:00
[2024-04-02T08:23:59.515+0000] {processor.py:183} INFO - Processing /home/airflow/.local/lib/python3.8/site-packages/airflow/example_dags/tutorial.py took 0.242 seconds
[2024-04-02T08:24:29.707+0000] {processor.py:161} INFO - Started process (PID=899) to work on /home/airflow/.local/lib/python3.8/site-packages/airflow/example_dags/tutorial.py
[2024-04-02T08:24:29.709+0000] {processor.py:830} INFO - Processing file /home/airflow/.local/lib/python3.8/site-packages/airflow/example_dags/tutorial.py for tasks to queue
[2024-04-02T08:24:29.712+0000] {logging_mixin.py:188} INFO - [2024-04-02T08:24:29.711+0000] {dagbag.py:540} INFO - Filling up the DagBag from /home/airflow/.local/lib/python3.8/site-packages/airflow/example_dags/tutorial.py
[2024-04-02T08:24:29.722+0000] {processor.py:840} INFO - DAG(s) 'tutorial' retrieved from /home/airflow/.local/lib/python3.8/site-packages/airflow/example_dags/tutorial.py
[2024-04-02T08:24:29.759+0000] {logging_mixin.py:188} INFO - [2024-04-02T08:24:29.759+0000] {dag.py:3047} INFO - Sync 1 DAGs
[2024-04-02T08:24:29.808+0000] {logging_mixin.py:188} INFO - [2024-04-02T08:24:29.808+0000] {dag.py:3834} INFO - Setting next_dagrun for tutorial to 2024-04-01 00:00:00+00:00, run_after=2024-04-02 00:00:00+00:00
[2024-04-02T08:24:29.845+0000] {processor.py:183} INFO - Processing /home/airflow/.local/lib/python3.8/site-packages/airflow/example_dags/tutorial.py took 0.142 seconds
[2024-04-02T08:25:00.000+0000] {processor.py:161} INFO - Started process (PID=955) to work on /home/airflow/.local/lib/python3.8/site-packages/airflow/example_dags/tutorial.py
[2024-04-02T08:25:00.001+0000] {processor.py:830} INFO - Processing file /home/airflow/.local/lib/python3.8/site-packages/airflow/example_dags/tutorial.py for tasks to queue
[2024-04-02T08:25:00.005+0000] {logging_mixin.py:188} INFO - [2024-04-02T08:25:00.004+0000] {dagbag.py:540} INFO - Filling up the DagBag from /home/airflow/.local/lib/python3.8/site-packages/airflow/example_dags/tutorial.py
[2024-04-02T08:25:00.020+0000] {processor.py:840} INFO - DAG(s) 'tutorial' retrieved from /home/airflow/.local/lib/python3.8/site-packages/airflow/example_dags/tutorial.py
[2024-04-02T08:25:00.059+0000] {logging_mixin.py:188} INFO - [2024-04-02T08:25:00.058+0000] {dag.py:3047} INFO - Sync 1 DAGs
[2024-04-02T08:25:00.099+0000] {logging_mixin.py:188} INFO - [2024-04-02T08:25:00.098+0000] {dag.py:3834} INFO - Setting next_dagrun for tutorial to 2024-04-01 00:00:00+00:00, run_after=2024-04-02 00:00:00+00:00
[2024-04-02T08:25:00.136+0000] {processor.py:183} INFO - Processing /home/airflow/.local/lib/python3.8/site-packages/airflow/example_dags/tutorial.py took 0.139 seconds
[2024-04-02T08:25:30.545+0000] {processor.py:161} INFO - Started process (PID=1011) to work on /home/airflow/.local/lib/python3.8/site-packages/airflow/example_dags/tutorial.py
[2024-04-02T08:25:30.547+0000] {processor.py:830} INFO - Processing file /home/airflow/.local/lib/python3.8/site-packages/airflow/example_dags/tutorial.py for tasks to queue
[2024-04-02T08:25:30.551+0000] {logging_mixin.py:188} INFO - [2024-04-02T08:25:30.550+0000] {dagbag.py:540} INFO - Filling up the DagBag from /home/airflow/.local/lib/python3.8/site-packages/airflow/example_dags/tutorial.py
[2024-04-02T08:25:30.563+0000] {processor.py:840} INFO - DAG(s) 'tutorial' retrieved from /home/airflow/.local/lib/python3.8/site-packages/airflow/example_dags/tutorial.py
[2024-04-02T08:25:30.617+0000] {logging_mixin.py:188} INFO - [2024-04-02T08:25:30.616+0000] {dag.py:3047} INFO - Sync 1 DAGs
[2024-04-02T08:25:30.673+0000] {logging_mixin.py:188} INFO - [2024-04-02T08:25:30.672+0000] {dag.py:3834} INFO - Setting next_dagrun for tutorial to 2024-04-01 00:00:00+00:00, run_after=2024-04-02 00:00:00+00:00
[2024-04-02T08:25:30.714+0000] {processor.py:183} INFO - Processing /home/airflow/.local/lib/python3.8/site-packages/airflow/example_dags/tutorial.py took 0.175 seconds
[2024-04-02T08:26:01.250+0000] {processor.py:161} INFO - Started process (PID=1067) to work on /home/airflow/.local/lib/python3.8/site-packages/airflow/example_dags/tutorial.py
[2024-04-02T08:26:01.251+0000] {processor.py:830} INFO - Processing file /home/airflow/.local/lib/python3.8/site-packages/airflow/example_dags/tutorial.py for tasks to queue
[2024-04-02T08:26:01.254+0000] {logging_mixin.py:188} INFO - [2024-04-02T08:26:01.253+0000] {dagbag.py:540} INFO - Filling up the DagBag from /home/airflow/.local/lib/python3.8/site-packages/airflow/example_dags/tutorial.py
[2024-04-02T08:26:01.265+0000] {processor.py:840} INFO - DAG(s) 'tutorial' retrieved from /home/airflow/.local/lib/python3.8/site-packages/airflow/example_dags/tutorial.py
[2024-04-02T08:26:01.321+0000] {logging_mixin.py:188} INFO - [2024-04-02T08:26:01.321+0000] {dag.py:3047} INFO - Sync 1 DAGs
[2024-04-02T08:26:01.387+0000] {logging_mixin.py:188} INFO - [2024-04-02T08:26:01.387+0000] {dag.py:3834} INFO - Setting next_dagrun for tutorial to 2024-04-01 00:00:00+00:00, run_after=2024-04-02 00:00:00+00:00
[2024-04-02T08:26:01.446+0000] {processor.py:183} INFO - Processing /home/airflow/.local/lib/python3.8/site-packages/airflow/example_dags/tutorial.py took 0.201 seconds
[2024-04-02T08:26:31.533+0000] {processor.py:161} INFO - Started process (PID=1123) to work on /home/airflow/.local/lib/python3.8/site-packages/airflow/example_dags/tutorial.py
[2024-04-02T08:26:31.535+0000] {processor.py:830} INFO - Processing file /home/airflow/.local/lib/python3.8/site-packages/airflow/example_dags/tutorial.py for tasks to queue
[2024-04-02T08:26:31.537+0000] {logging_mixin.py:188} INFO - [2024-04-02T08:26:31.537+0000] {dagbag.py:540} INFO - Filling up the DagBag from /home/airflow/.local/lib/python3.8/site-packages/airflow/example_dags/tutorial.py
[2024-04-02T08:26:31.546+0000] {processor.py:840} INFO - DAG(s) 'tutorial' retrieved from /home/airflow/.local/lib/python3.8/site-packages/airflow/example_dags/tutorial.py
[2024-04-02T08:26:31.578+0000] {logging_mixin.py:188} INFO - [2024-04-02T08:26:31.578+0000] {dag.py:3047} INFO - Sync 1 DAGs
[2024-04-02T08:26:31.611+0000] {logging_mixin.py:188} INFO - [2024-04-02T08:26:31.611+0000] {dag.py:3834} INFO - Setting next_dagrun for tutorial to 2024-04-01 00:00:00+00:00, run_after=2024-04-02 00:00:00+00:00
[2024-04-02T08:26:31.645+0000] {processor.py:183} INFO - Processing /home/airflow/.local/lib/python3.8/site-packages/airflow/example_dags/tutorial.py took 0.115 seconds
[2024-04-02T08:27:01.915+0000] {processor.py:161} INFO - Started process (PID=1178) to work on /home/airflow/.local/lib/python3.8/site-packages/airflow/example_dags/tutorial.py
[2024-04-02T08:27:01.916+0000] {processor.py:830} INFO - Processing file /home/airflow/.local/lib/python3.8/site-packages/airflow/example_dags/tutorial.py for tasks to queue
[2024-04-02T08:27:01.919+0000] {logging_mixin.py:188} INFO - [2024-04-02T08:27:01.918+0000] {dagbag.py:540} INFO - Filling up the DagBag from /home/airflow/.local/lib/python3.8/site-packages/airflow/example_dags/tutorial.py
[2024-04-02T08:27:01.928+0000] {processor.py:840} INFO - DAG(s) 'tutorial' retrieved from /home/airflow/.local/lib/python3.8/site-packages/airflow/example_dags/tutorial.py
[2024-04-02T08:27:01.965+0000] {logging_mixin.py:188} INFO - [2024-04-02T08:27:01.965+0000] {dag.py:3047} INFO - Sync 1 DAGs
[2024-04-02T08:27:02.015+0000] {logging_mixin.py:188} INFO - [2024-04-02T08:27:02.014+0000] {dag.py:3834} INFO - Setting next_dagrun for tutorial to 2024-04-01 00:00:00+00:00, run_after=2024-04-02 00:00:00+00:00
[2024-04-02T08:27:02.052+0000] {processor.py:183} INFO - Processing /home/airflow/.local/lib/python3.8/site-packages/airflow/example_dags/tutorial.py took 0.143 seconds
[2024-04-02T08:27:32.444+0000] {processor.py:161} INFO - Started process (PID=1234) to work on /home/airflow/.local/lib/python3.8/site-packages/airflow/example_dags/tutorial.py
[2024-04-02T08:27:32.445+0000] {processor.py:830} INFO - Processing file /home/airflow/.local/lib/python3.8/site-packages/airflow/example_dags/tutorial.py for tasks to queue
[2024-04-02T08:27:32.448+0000] {logging_mixin.py:188} INFO - [2024-04-02T08:27:32.447+0000] {dagbag.py:540} INFO - Filling up the DagBag from /home/airflow/.local/lib/python3.8/site-packages/airflow/example_dags/tutorial.py
[2024-04-02T08:27:32.457+0000] {processor.py:840} INFO - DAG(s) 'tutorial' retrieved from /home/airflow/.local/lib/python3.8/site-packages/airflow/example_dags/tutorial.py
[2024-04-02T08:27:32.489+0000] {logging_mixin.py:188} INFO - [2024-04-02T08:27:32.489+0000] {dag.py:3047} INFO - Sync 1 DAGs
[2024-04-02T08:27:32.532+0000] {logging_mixin.py:188} INFO - [2024-04-02T08:27:32.530+0000] {dag.py:3834} INFO - Setting next_dagrun for tutorial to 2024-04-01 00:00:00+00:00, run_after=2024-04-02 00:00:00+00:00
[2024-04-02T08:27:32.569+0000] {processor.py:183} INFO - Processing /home/airflow/.local/lib/python3.8/site-packages/airflow/example_dags/tutorial.py took 0.129 seconds
[2024-04-02T08:28:02.925+0000] {processor.py:161} INFO - Started process (PID=1290) to work on /home/airflow/.local/lib/python3.8/site-packages/airflow/example_dags/tutorial.py
[2024-04-02T08:28:02.927+0000] {processor.py:830} INFO - Processing file /home/airflow/.local/lib/python3.8/site-packages/airflow/example_dags/tutorial.py for tasks to queue
[2024-04-02T08:28:02.938+0000] {logging_mixin.py:188} INFO - [2024-04-02T08:28:02.937+0000] {dagbag.py:540} INFO - Filling up the DagBag from /home/airflow/.local/lib/python3.8/site-packages/airflow/example_dags/tutorial.py
[2024-04-02T08:28:02.973+0000] {processor.py:840} INFO - DAG(s) 'tutorial' retrieved from /home/airflow/.local/lib/python3.8/site-packages/airflow/example_dags/tutorial.py
[2024-04-02T08:28:03.050+0000] {logging_mixin.py:188} INFO - [2024-04-02T08:28:03.050+0000] {dag.py:3047} INFO - Sync 1 DAGs
[2024-04-02T08:28:03.090+0000] {logging_mixin.py:188} INFO - [2024-04-02T08:28:03.090+0000] {dag.py:3834} INFO - Setting next_dagrun for tutorial to 2024-04-01 00:00:00+00:00, run_after=2024-04-02 00:00:00+00:00
[2024-04-02T08:28:03.129+0000] {processor.py:183} INFO - Processing /home/airflow/.local/lib/python3.8/site-packages/airflow/example_dags/tutorial.py took 0.215 seconds
[2024-04-02T08:28:33.187+0000] {processor.py:161} INFO - Started process (PID=1344) to work on /home/airflow/.local/lib/python3.8/site-packages/airflow/example_dags/tutorial.py
[2024-04-02T08:28:33.189+0000] {processor.py:830} INFO - Processing file /home/airflow/.local/lib/python3.8/site-packages/airflow/example_dags/tutorial.py for tasks to queue
[2024-04-02T08:28:33.194+0000] {logging_mixin.py:188} INFO - [2024-04-02T08:28:33.193+0000] {dagbag.py:540} INFO - Filling up the DagBag from /home/airflow/.local/lib/python3.8/site-packages/airflow/example_dags/tutorial.py
[2024-04-02T08:28:33.203+0000] {processor.py:840} INFO - DAG(s) 'tutorial' retrieved from /home/airflow/.local/lib/python3.8/site-packages/airflow/example_dags/tutorial.py
[2024-04-02T08:28:33.246+0000] {logging_mixin.py:188} INFO - [2024-04-02T08:28:33.245+0000] {dag.py:3047} INFO - Sync 1 DAGs
[2024-04-02T08:28:33.285+0000] {logging_mixin.py:188} INFO - [2024-04-02T08:28:33.285+0000] {dag.py:3834} INFO - Setting next_dagrun for tutorial to 2024-04-01 00:00:00+00:00, run_after=2024-04-02 00:00:00+00:00
[2024-04-02T08:28:33.318+0000] {processor.py:183} INFO - Processing /home/airflow/.local/lib/python3.8/site-packages/airflow/example_dags/tutorial.py took 0.135 seconds
[2024-04-02T08:29:03.804+0000] {processor.py:161} INFO - Started process (PID=1400) to work on /home/airflow/.local/lib/python3.8/site-packages/airflow/example_dags/tutorial.py
[2024-04-02T08:29:03.805+0000] {processor.py:830} INFO - Processing file /home/airflow/.local/lib/python3.8/site-packages/airflow/example_dags/tutorial.py for tasks to queue
[2024-04-02T08:29:03.808+0000] {logging_mixin.py:188} INFO - [2024-04-02T08:29:03.807+0000] {dagbag.py:540} INFO - Filling up the DagBag from /home/airflow/.local/lib/python3.8/site-packages/airflow/example_dags/tutorial.py
[2024-04-02T08:29:03.818+0000] {processor.py:840} INFO - DAG(s) 'tutorial' retrieved from /home/airflow/.local/lib/python3.8/site-packages/airflow/example_dags/tutorial.py
[2024-04-02T08:29:03.854+0000] {logging_mixin.py:188} INFO - [2024-04-02T08:29:03.853+0000] {dag.py:3047} INFO - Sync 1 DAGs
[2024-04-02T08:29:03.943+0000] {logging_mixin.py:188} INFO - [2024-04-02T08:29:03.942+0000] {dag.py:3834} INFO - Setting next_dagrun for tutorial to 2024-04-01 00:00:00+00:00, run_after=2024-04-02 00:00:00+00:00
[2024-04-02T08:29:04.010+0000] {processor.py:183} INFO - Processing /home/airflow/.local/lib/python3.8/site-packages/airflow/example_dags/tutorial.py took 0.212 seconds
[2024-04-02T08:29:34.804+0000] {processor.py:161} INFO - Started process (PID=1456) to work on /home/airflow/.local/lib/python3.8/site-packages/airflow/example_dags/tutorial.py
[2024-04-02T08:29:34.806+0000] {processor.py:830} INFO - Processing file /home/airflow/.local/lib/python3.8/site-packages/airflow/example_dags/tutorial.py for tasks to queue
[2024-04-02T08:29:34.810+0000] {logging_mixin.py:188} INFO - [2024-04-02T08:29:34.809+0000] {dagbag.py:540} INFO - Filling up the DagBag from /home/airflow/.local/lib/python3.8/site-packages/airflow/example_dags/tutorial.py
[2024-04-02T08:29:34.820+0000] {processor.py:840} INFO - DAG(s) 'tutorial' retrieved from /home/airflow/.local/lib/python3.8/site-packages/airflow/example_dags/tutorial.py
[2024-04-02T08:29:34.872+0000] {logging_mixin.py:188} INFO - [2024-04-02T08:29:34.872+0000] {dag.py:3047} INFO - Sync 1 DAGs
[2024-04-02T08:29:34.951+0000] {logging_mixin.py:188} INFO - [2024-04-02T08:29:34.950+0000] {dag.py:3834} INFO - Setting next_dagrun for tutorial to 2024-04-01 00:00:00+00:00, run_after=2024-04-02 00:00:00+00:00
[2024-04-02T08:29:35.009+0000] {processor.py:183} INFO - Processing /home/airflow/.local/lib/python3.8/site-packages/airflow/example_dags/tutorial.py took 0.210 seconds
[2024-04-02T08:30:05.877+0000] {processor.py:161} INFO - Started process (PID=1512) to work on /home/airflow/.local/lib/python3.8/site-packages/airflow/example_dags/tutorial.py
[2024-04-02T08:30:05.879+0000] {processor.py:830} INFO - Processing file /home/airflow/.local/lib/python3.8/site-packages/airflow/example_dags/tutorial.py for tasks to queue
[2024-04-02T08:30:05.886+0000] {logging_mixin.py:188} INFO - [2024-04-02T08:30:05.885+0000] {dagbag.py:540} INFO - Filling up the DagBag from /home/airflow/.local/lib/python3.8/site-packages/airflow/example_dags/tutorial.py
[2024-04-02T08:30:05.898+0000] {processor.py:840} INFO - DAG(s) 'tutorial' retrieved from /home/airflow/.local/lib/python3.8/site-packages/airflow/example_dags/tutorial.py
[2024-04-02T08:30:05.935+0000] {logging_mixin.py:188} INFO - [2024-04-02T08:30:05.934+0000] {dag.py:3047} INFO - Sync 1 DAGs
[2024-04-02T08:30:05.973+0000] {logging_mixin.py:188} INFO - [2024-04-02T08:30:05.972+0000] {dag.py:3834} INFO - Setting next_dagrun for tutorial to 2024-04-01 00:00:00+00:00, run_after=2024-04-02 00:00:00+00:00
[2024-04-02T08:30:06.011+0000] {processor.py:183} INFO - Processing /home/airflow/.local/lib/python3.8/site-packages/airflow/example_dags/tutorial.py took 0.139 seconds
[2024-04-02T08:30:36.649+0000] {processor.py:161} INFO - Started process (PID=1568) to work on /home/airflow/.local/lib/python3.8/site-packages/airflow/example_dags/tutorial.py
[2024-04-02T08:30:36.650+0000] {processor.py:830} INFO - Processing file /home/airflow/.local/lib/python3.8/site-packages/airflow/example_dags/tutorial.py for tasks to queue
[2024-04-02T08:30:36.653+0000] {logging_mixin.py:188} INFO - [2024-04-02T08:30:36.652+0000] {dagbag.py:540} INFO - Filling up the DagBag from /home/airflow/.local/lib/python3.8/site-packages/airflow/example_dags/tutorial.py
[2024-04-02T08:30:36.662+0000] {processor.py:840} INFO - DAG(s) 'tutorial' retrieved from /home/airflow/.local/lib/python3.8/site-packages/airflow/example_dags/tutorial.py
[2024-04-02T08:30:36.693+0000] {logging_mixin.py:188} INFO - [2024-04-02T08:30:36.693+0000] {dag.py:3047} INFO - Sync 1 DAGs
[2024-04-02T08:30:36.732+0000] {logging_mixin.py:188} INFO - [2024-04-02T08:30:36.732+0000] {dag.py:3834} INFO - Setting next_dagrun for tutorial to 2024-04-01 00:00:00+00:00, run_after=2024-04-02 00:00:00+00:00
[2024-04-02T08:30:36.769+0000] {processor.py:183} INFO - Processing /home/airflow/.local/lib/python3.8/site-packages/airflow/example_dags/tutorial.py took 0.125 seconds
[2024-04-02T08:31:06.973+0000] {processor.py:161} INFO - Started process (PID=1624) to work on /home/airflow/.local/lib/python3.8/site-packages/airflow/example_dags/tutorial.py
[2024-04-02T08:31:06.975+0000] {processor.py:830} INFO - Processing file /home/airflow/.local/lib/python3.8/site-packages/airflow/example_dags/tutorial.py for tasks to queue
[2024-04-02T08:31:06.978+0000] {logging_mixin.py:188} INFO - [2024-04-02T08:31:06.977+0000] {dagbag.py:540} INFO - Filling up the DagBag from /home/airflow/.local/lib/python3.8/site-packages/airflow/example_dags/tutorial.py
[2024-04-02T08:31:06.987+0000] {processor.py:840} INFO - DAG(s) 'tutorial' retrieved from /home/airflow/.local/lib/python3.8/site-packages/airflow/example_dags/tutorial.py
[2024-04-02T08:31:07.020+0000] {logging_mixin.py:188} INFO - [2024-04-02T08:31:07.019+0000] {dag.py:3047} INFO - Sync 1 DAGs
[2024-04-02T08:31:07.050+0000] {logging_mixin.py:188} INFO - [2024-04-02T08:31:07.050+0000] {dag.py:3834} INFO - Setting next_dagrun for tutorial to 2024-04-01 00:00:00+00:00, run_after=2024-04-02 00:00:00+00:00
[2024-04-02T08:31:07.085+0000] {processor.py:183} INFO - Processing /home/airflow/.local/lib/python3.8/site-packages/airflow/example_dags/tutorial.py took 0.118 seconds
