[2024-04-02T07:45:24.182+0000] {processor.py:161} INFO - Started process (PID=65) to work on /home/airflow/.local/lib/python3.8/site-packages/airflow/example_dags/tutorial_taskflow_api.py
[2024-04-02T07:45:24.184+0000] {processor.py:830} INFO - Processing file /home/airflow/.local/lib/python3.8/site-packages/airflow/example_dags/tutorial_taskflow_api.py for tasks to queue
[2024-04-02T07:45:24.188+0000] {logging_mixin.py:188} INFO - [2024-04-02T07:45:24.187+0000] {dagbag.py:540} INFO - Filling up the DagBag from /home/airflow/.local/lib/python3.8/site-packages/airflow/example_dags/tutorial_taskflow_api.py
[2024-04-02T07:45:24.218+0000] {processor.py:840} INFO - DAG(s) 'tutorial_taskflow_api' retrieved from /home/airflow/.local/lib/python3.8/site-packages/airflow/example_dags/tutorial_taskflow_api.py
[2024-04-02T07:45:24.658+0000] {logging_mixin.py:188} INFO - [2024-04-02T07:45:24.657+0000] {dag.py:3047} INFO - Sync 1 DAGs
[2024-04-02T07:45:24.772+0000] {logging_mixin.py:188} INFO - [2024-04-02T07:45:24.748+0000] {dag.py:3834} INFO - Setting next_dagrun for tutorial_taskflow_api to None, run_after=None
[2024-04-02T07:45:24.927+0000] {processor.py:183} INFO - Processing /home/airflow/.local/lib/python3.8/site-packages/airflow/example_dags/tutorial_taskflow_api.py took 0.751 seconds
[2024-04-02T07:45:55.173+0000] {processor.py:161} INFO - Started process (PID=121) to work on /home/airflow/.local/lib/python3.8/site-packages/airflow/example_dags/tutorial_taskflow_api.py
[2024-04-02T07:45:55.175+0000] {processor.py:830} INFO - Processing file /home/airflow/.local/lib/python3.8/site-packages/airflow/example_dags/tutorial_taskflow_api.py for tasks to queue
[2024-04-02T07:45:55.179+0000] {logging_mixin.py:188} INFO - [2024-04-02T07:45:55.178+0000] {dagbag.py:540} INFO - Filling up the DagBag from /home/airflow/.local/lib/python3.8/site-packages/airflow/example_dags/tutorial_taskflow_api.py
[2024-04-02T07:45:55.191+0000] {processor.py:840} INFO - DAG(s) 'tutorial_taskflow_api' retrieved from /home/airflow/.local/lib/python3.8/site-packages/airflow/example_dags/tutorial_taskflow_api.py
[2024-04-02T07:45:55.225+0000] {logging_mixin.py:188} INFO - [2024-04-02T07:45:55.224+0000] {dag.py:3047} INFO - Sync 1 DAGs
[2024-04-02T07:45:55.244+0000] {logging_mixin.py:188} INFO - [2024-04-02T07:45:55.243+0000] {dag.py:3834} INFO - Setting next_dagrun for tutorial_taskflow_api to None, run_after=None
[2024-04-02T07:45:55.273+0000] {processor.py:183} INFO - Processing /home/airflow/.local/lib/python3.8/site-packages/airflow/example_dags/tutorial_taskflow_api.py took 0.104 seconds
[2024-04-02T07:46:25.825+0000] {processor.py:161} INFO - Started process (PID=177) to work on /home/airflow/.local/lib/python3.8/site-packages/airflow/example_dags/tutorial_taskflow_api.py
[2024-04-02T07:46:25.827+0000] {processor.py:830} INFO - Processing file /home/airflow/.local/lib/python3.8/site-packages/airflow/example_dags/tutorial_taskflow_api.py for tasks to queue
[2024-04-02T07:46:25.830+0000] {logging_mixin.py:188} INFO - [2024-04-02T07:46:25.830+0000] {dagbag.py:540} INFO - Filling up the DagBag from /home/airflow/.local/lib/python3.8/site-packages/airflow/example_dags/tutorial_taskflow_api.py
[2024-04-02T07:46:25.840+0000] {processor.py:840} INFO - DAG(s) 'tutorial_taskflow_api' retrieved from /home/airflow/.local/lib/python3.8/site-packages/airflow/example_dags/tutorial_taskflow_api.py
[2024-04-02T07:46:25.875+0000] {logging_mixin.py:188} INFO - [2024-04-02T07:46:25.875+0000] {dag.py:3047} INFO - Sync 1 DAGs
[2024-04-02T07:46:25.896+0000] {logging_mixin.py:188} INFO - [2024-04-02T07:46:25.895+0000] {dag.py:3834} INFO - Setting next_dagrun for tutorial_taskflow_api to None, run_after=None
[2024-04-02T07:46:25.934+0000] {processor.py:183} INFO - Processing /home/airflow/.local/lib/python3.8/site-packages/airflow/example_dags/tutorial_taskflow_api.py took 0.113 seconds
[2024-04-02T07:46:58.340+0000] {processor.py:161} INFO - Started process (PID=233) to work on /home/airflow/.local/lib/python3.8/site-packages/airflow/example_dags/tutorial_taskflow_api.py
[2024-04-02T07:46:58.350+0000] {processor.py:830} INFO - Processing file /home/airflow/.local/lib/python3.8/site-packages/airflow/example_dags/tutorial_taskflow_api.py for tasks to queue
[2024-04-02T07:46:58.358+0000] {logging_mixin.py:188} INFO - [2024-04-02T07:46:58.357+0000] {dagbag.py:540} INFO - Filling up the DagBag from /home/airflow/.local/lib/python3.8/site-packages/airflow/example_dags/tutorial_taskflow_api.py
[2024-04-02T07:46:58.381+0000] {processor.py:840} INFO - DAG(s) 'tutorial_taskflow_api' retrieved from /home/airflow/.local/lib/python3.8/site-packages/airflow/example_dags/tutorial_taskflow_api.py
[2024-04-02T07:46:58.461+0000] {logging_mixin.py:188} INFO - [2024-04-02T07:46:58.461+0000] {dag.py:3047} INFO - Sync 1 DAGs
[2024-04-02T07:46:58.509+0000] {logging_mixin.py:188} INFO - [2024-04-02T07:46:58.508+0000] {dag.py:3834} INFO - Setting next_dagrun for tutorial_taskflow_api to None, run_after=None
[2024-04-02T07:46:58.573+0000] {processor.py:183} INFO - Processing /home/airflow/.local/lib/python3.8/site-packages/airflow/example_dags/tutorial_taskflow_api.py took 0.243 seconds
[2024-04-02T07:47:29.525+0000] {processor.py:161} INFO - Started process (PID=289) to work on /home/airflow/.local/lib/python3.8/site-packages/airflow/example_dags/tutorial_taskflow_api.py
[2024-04-02T07:47:29.535+0000] {processor.py:830} INFO - Processing file /home/airflow/.local/lib/python3.8/site-packages/airflow/example_dags/tutorial_taskflow_api.py for tasks to queue
[2024-04-02T07:47:29.537+0000] {logging_mixin.py:188} INFO - [2024-04-02T07:47:29.537+0000] {dagbag.py:540} INFO - Filling up the DagBag from /home/airflow/.local/lib/python3.8/site-packages/airflow/example_dags/tutorial_taskflow_api.py
[2024-04-02T07:47:29.545+0000] {processor.py:840} INFO - DAG(s) 'tutorial_taskflow_api' retrieved from /home/airflow/.local/lib/python3.8/site-packages/airflow/example_dags/tutorial_taskflow_api.py
[2024-04-02T07:47:29.575+0000] {logging_mixin.py:188} INFO - [2024-04-02T07:47:29.574+0000] {dag.py:3047} INFO - Sync 1 DAGs
[2024-04-02T07:47:29.601+0000] {logging_mixin.py:188} INFO - [2024-04-02T07:47:29.600+0000] {dag.py:3834} INFO - Setting next_dagrun for tutorial_taskflow_api to None, run_after=None
[2024-04-02T07:47:29.648+0000] {processor.py:183} INFO - Processing /home/airflow/.local/lib/python3.8/site-packages/airflow/example_dags/tutorial_taskflow_api.py took 0.127 seconds
[2024-04-02T07:48:00.168+0000] {processor.py:161} INFO - Started process (PID=345) to work on /home/airflow/.local/lib/python3.8/site-packages/airflow/example_dags/tutorial_taskflow_api.py
[2024-04-02T07:48:00.191+0000] {processor.py:830} INFO - Processing file /home/airflow/.local/lib/python3.8/site-packages/airflow/example_dags/tutorial_taskflow_api.py for tasks to queue
[2024-04-02T07:48:00.195+0000] {logging_mixin.py:188} INFO - [2024-04-02T07:48:00.194+0000] {dagbag.py:540} INFO - Filling up the DagBag from /home/airflow/.local/lib/python3.8/site-packages/airflow/example_dags/tutorial_taskflow_api.py
[2024-04-02T07:48:00.208+0000] {processor.py:840} INFO - DAG(s) 'tutorial_taskflow_api' retrieved from /home/airflow/.local/lib/python3.8/site-packages/airflow/example_dags/tutorial_taskflow_api.py
[2024-04-02T07:48:00.250+0000] {logging_mixin.py:188} INFO - [2024-04-02T07:48:00.250+0000] {dag.py:3047} INFO - Sync 1 DAGs
[2024-04-02T07:48:00.285+0000] {logging_mixin.py:188} INFO - [2024-04-02T07:48:00.285+0000] {dag.py:3834} INFO - Setting next_dagrun for tutorial_taskflow_api to None, run_after=None
[2024-04-02T07:48:00.330+0000] {processor.py:183} INFO - Processing /home/airflow/.local/lib/python3.8/site-packages/airflow/example_dags/tutorial_taskflow_api.py took 0.166 seconds
[2024-04-02T07:48:30.558+0000] {processor.py:161} INFO - Started process (PID=401) to work on /home/airflow/.local/lib/python3.8/site-packages/airflow/example_dags/tutorial_taskflow_api.py
[2024-04-02T07:48:30.564+0000] {processor.py:830} INFO - Processing file /home/airflow/.local/lib/python3.8/site-packages/airflow/example_dags/tutorial_taskflow_api.py for tasks to queue
[2024-04-02T07:48:30.566+0000] {logging_mixin.py:188} INFO - [2024-04-02T07:48:30.566+0000] {dagbag.py:540} INFO - Filling up the DagBag from /home/airflow/.local/lib/python3.8/site-packages/airflow/example_dags/tutorial_taskflow_api.py
[2024-04-02T07:48:30.575+0000] {processor.py:840} INFO - DAG(s) 'tutorial_taskflow_api' retrieved from /home/airflow/.local/lib/python3.8/site-packages/airflow/example_dags/tutorial_taskflow_api.py
[2024-04-02T07:48:30.610+0000] {logging_mixin.py:188} INFO - [2024-04-02T07:48:30.609+0000] {dag.py:3047} INFO - Sync 1 DAGs
[2024-04-02T07:48:30.632+0000] {logging_mixin.py:188} INFO - [2024-04-02T07:48:30.631+0000] {dag.py:3834} INFO - Setting next_dagrun for tutorial_taskflow_api to None, run_after=None
[2024-04-02T07:48:30.672+0000] {processor.py:183} INFO - Processing /home/airflow/.local/lib/python3.8/site-packages/airflow/example_dags/tutorial_taskflow_api.py took 0.118 seconds
[2024-04-02T07:49:00.807+0000] {processor.py:161} INFO - Started process (PID=457) to work on /home/airflow/.local/lib/python3.8/site-packages/airflow/example_dags/tutorial_taskflow_api.py
[2024-04-02T07:49:00.809+0000] {processor.py:830} INFO - Processing file /home/airflow/.local/lib/python3.8/site-packages/airflow/example_dags/tutorial_taskflow_api.py for tasks to queue
[2024-04-02T07:49:00.814+0000] {logging_mixin.py:188} INFO - [2024-04-02T07:49:00.813+0000] {dagbag.py:540} INFO - Filling up the DagBag from /home/airflow/.local/lib/python3.8/site-packages/airflow/example_dags/tutorial_taskflow_api.py
[2024-04-02T07:49:00.826+0000] {processor.py:840} INFO - DAG(s) 'tutorial_taskflow_api' retrieved from /home/airflow/.local/lib/python3.8/site-packages/airflow/example_dags/tutorial_taskflow_api.py
[2024-04-02T07:49:00.872+0000] {logging_mixin.py:188} INFO - [2024-04-02T07:49:00.872+0000] {dag.py:3047} INFO - Sync 1 DAGs
[2024-04-02T07:49:00.910+0000] {logging_mixin.py:188} INFO - [2024-04-02T07:49:00.909+0000] {dag.py:3834} INFO - Setting next_dagrun for tutorial_taskflow_api to None, run_after=None
[2024-04-02T07:49:00.965+0000] {processor.py:183} INFO - Processing /home/airflow/.local/lib/python3.8/site-packages/airflow/example_dags/tutorial_taskflow_api.py took 0.168 seconds
[2024-04-02T07:49:31.167+0000] {processor.py:161} INFO - Started process (PID=513) to work on /home/airflow/.local/lib/python3.8/site-packages/airflow/example_dags/tutorial_taskflow_api.py
[2024-04-02T07:49:31.168+0000] {processor.py:830} INFO - Processing file /home/airflow/.local/lib/python3.8/site-packages/airflow/example_dags/tutorial_taskflow_api.py for tasks to queue
[2024-04-02T07:49:31.173+0000] {logging_mixin.py:188} INFO - [2024-04-02T07:49:31.173+0000] {dagbag.py:540} INFO - Filling up the DagBag from /home/airflow/.local/lib/python3.8/site-packages/airflow/example_dags/tutorial_taskflow_api.py
[2024-04-02T07:49:31.182+0000] {processor.py:840} INFO - DAG(s) 'tutorial_taskflow_api' retrieved from /home/airflow/.local/lib/python3.8/site-packages/airflow/example_dags/tutorial_taskflow_api.py
[2024-04-02T07:49:31.213+0000] {logging_mixin.py:188} INFO - [2024-04-02T07:49:31.213+0000] {dag.py:3047} INFO - Sync 1 DAGs
[2024-04-02T07:49:31.235+0000] {logging_mixin.py:188} INFO - [2024-04-02T07:49:31.235+0000] {dag.py:3834} INFO - Setting next_dagrun for tutorial_taskflow_api to None, run_after=None
[2024-04-02T07:49:31.268+0000] {processor.py:183} INFO - Processing /home/airflow/.local/lib/python3.8/site-packages/airflow/example_dags/tutorial_taskflow_api.py took 0.105 seconds
[2024-04-02T07:50:01.545+0000] {processor.py:161} INFO - Started process (PID=569) to work on /home/airflow/.local/lib/python3.8/site-packages/airflow/example_dags/tutorial_taskflow_api.py
[2024-04-02T07:50:01.547+0000] {processor.py:830} INFO - Processing file /home/airflow/.local/lib/python3.8/site-packages/airflow/example_dags/tutorial_taskflow_api.py for tasks to queue
[2024-04-02T07:50:01.551+0000] {logging_mixin.py:188} INFO - [2024-04-02T07:50:01.551+0000] {dagbag.py:540} INFO - Filling up the DagBag from /home/airflow/.local/lib/python3.8/site-packages/airflow/example_dags/tutorial_taskflow_api.py
[2024-04-02T07:50:01.559+0000] {processor.py:840} INFO - DAG(s) 'tutorial_taskflow_api' retrieved from /home/airflow/.local/lib/python3.8/site-packages/airflow/example_dags/tutorial_taskflow_api.py
[2024-04-02T07:50:01.589+0000] {logging_mixin.py:188} INFO - [2024-04-02T07:50:01.589+0000] {dag.py:3047} INFO - Sync 1 DAGs
[2024-04-02T07:50:01.610+0000] {logging_mixin.py:188} INFO - [2024-04-02T07:50:01.610+0000] {dag.py:3834} INFO - Setting next_dagrun for tutorial_taskflow_api to None, run_after=None
[2024-04-02T07:50:01.649+0000] {processor.py:183} INFO - Processing /home/airflow/.local/lib/python3.8/site-packages/airflow/example_dags/tutorial_taskflow_api.py took 0.109 seconds
[2024-04-02T07:50:31.877+0000] {processor.py:161} INFO - Started process (PID=625) to work on /home/airflow/.local/lib/python3.8/site-packages/airflow/example_dags/tutorial_taskflow_api.py
[2024-04-02T07:50:31.879+0000] {processor.py:830} INFO - Processing file /home/airflow/.local/lib/python3.8/site-packages/airflow/example_dags/tutorial_taskflow_api.py for tasks to queue
[2024-04-02T07:50:31.883+0000] {logging_mixin.py:188} INFO - [2024-04-02T07:50:31.882+0000] {dagbag.py:540} INFO - Filling up the DagBag from /home/airflow/.local/lib/python3.8/site-packages/airflow/example_dags/tutorial_taskflow_api.py
[2024-04-02T07:50:31.895+0000] {processor.py:840} INFO - DAG(s) 'tutorial_taskflow_api' retrieved from /home/airflow/.local/lib/python3.8/site-packages/airflow/example_dags/tutorial_taskflow_api.py
[2024-04-02T07:50:31.931+0000] {logging_mixin.py:188} INFO - [2024-04-02T07:50:31.930+0000] {dag.py:3047} INFO - Sync 1 DAGs
[2024-04-02T07:50:31.954+0000] {logging_mixin.py:188} INFO - [2024-04-02T07:50:31.953+0000] {dag.py:3834} INFO - Setting next_dagrun for tutorial_taskflow_api to None, run_after=None
[2024-04-02T07:50:31.997+0000] {processor.py:183} INFO - Processing /home/airflow/.local/lib/python3.8/site-packages/airflow/example_dags/tutorial_taskflow_api.py took 0.124 seconds
[2024-04-02T07:51:02.171+0000] {processor.py:161} INFO - Started process (PID=681) to work on /home/airflow/.local/lib/python3.8/site-packages/airflow/example_dags/tutorial_taskflow_api.py
[2024-04-02T07:51:02.172+0000] {processor.py:830} INFO - Processing file /home/airflow/.local/lib/python3.8/site-packages/airflow/example_dags/tutorial_taskflow_api.py for tasks to queue
[2024-04-02T07:51:02.178+0000] {logging_mixin.py:188} INFO - [2024-04-02T07:51:02.176+0000] {dagbag.py:540} INFO - Filling up the DagBag from /home/airflow/.local/lib/python3.8/site-packages/airflow/example_dags/tutorial_taskflow_api.py
[2024-04-02T07:51:02.187+0000] {processor.py:840} INFO - DAG(s) 'tutorial_taskflow_api' retrieved from /home/airflow/.local/lib/python3.8/site-packages/airflow/example_dags/tutorial_taskflow_api.py
[2024-04-02T07:51:02.216+0000] {logging_mixin.py:188} INFO - [2024-04-02T07:51:02.215+0000] {dag.py:3047} INFO - Sync 1 DAGs
[2024-04-02T07:51:02.234+0000] {logging_mixin.py:188} INFO - [2024-04-02T07:51:02.234+0000] {dag.py:3834} INFO - Setting next_dagrun for tutorial_taskflow_api to None, run_after=None
[2024-04-02T07:51:02.273+0000] {processor.py:183} INFO - Processing /home/airflow/.local/lib/python3.8/site-packages/airflow/example_dags/tutorial_taskflow_api.py took 0.106 seconds
[2024-04-02T07:51:32.959+0000] {processor.py:161} INFO - Started process (PID=737) to work on /home/airflow/.local/lib/python3.8/site-packages/airflow/example_dags/tutorial_taskflow_api.py
[2024-04-02T07:51:32.961+0000] {processor.py:830} INFO - Processing file /home/airflow/.local/lib/python3.8/site-packages/airflow/example_dags/tutorial_taskflow_api.py for tasks to queue
[2024-04-02T07:51:32.964+0000] {logging_mixin.py:188} INFO - [2024-04-02T07:51:32.964+0000] {dagbag.py:540} INFO - Filling up the DagBag from /home/airflow/.local/lib/python3.8/site-packages/airflow/example_dags/tutorial_taskflow_api.py
[2024-04-02T07:51:32.974+0000] {processor.py:840} INFO - DAG(s) 'tutorial_taskflow_api' retrieved from /home/airflow/.local/lib/python3.8/site-packages/airflow/example_dags/tutorial_taskflow_api.py
[2024-04-02T07:51:33.013+0000] {logging_mixin.py:188} INFO - [2024-04-02T07:51:33.012+0000] {dag.py:3047} INFO - Sync 1 DAGs
[2024-04-02T07:51:33.033+0000] {logging_mixin.py:188} INFO - [2024-04-02T07:51:33.032+0000] {dag.py:3834} INFO - Setting next_dagrun for tutorial_taskflow_api to None, run_after=None
[2024-04-02T07:51:33.066+0000] {processor.py:183} INFO - Processing /home/airflow/.local/lib/python3.8/site-packages/airflow/example_dags/tutorial_taskflow_api.py took 0.110 seconds
[2024-04-02T07:52:03.854+0000] {processor.py:161} INFO - Started process (PID=793) to work on /home/airflow/.local/lib/python3.8/site-packages/airflow/example_dags/tutorial_taskflow_api.py
[2024-04-02T07:52:03.856+0000] {processor.py:830} INFO - Processing file /home/airflow/.local/lib/python3.8/site-packages/airflow/example_dags/tutorial_taskflow_api.py for tasks to queue
[2024-04-02T07:52:03.860+0000] {logging_mixin.py:188} INFO - [2024-04-02T07:52:03.860+0000] {dagbag.py:540} INFO - Filling up the DagBag from /home/airflow/.local/lib/python3.8/site-packages/airflow/example_dags/tutorial_taskflow_api.py
[2024-04-02T07:52:03.870+0000] {processor.py:840} INFO - DAG(s) 'tutorial_taskflow_api' retrieved from /home/airflow/.local/lib/python3.8/site-packages/airflow/example_dags/tutorial_taskflow_api.py
[2024-04-02T07:52:03.909+0000] {logging_mixin.py:188} INFO - [2024-04-02T07:52:03.908+0000] {dag.py:3047} INFO - Sync 1 DAGs
[2024-04-02T07:52:03.929+0000] {logging_mixin.py:188} INFO - [2024-04-02T07:52:03.928+0000] {dag.py:3834} INFO - Setting next_dagrun for tutorial_taskflow_api to None, run_after=None
[2024-04-02T07:52:03.973+0000] {processor.py:183} INFO - Processing /home/airflow/.local/lib/python3.8/site-packages/airflow/example_dags/tutorial_taskflow_api.py took 0.122 seconds
[2024-04-02T07:52:34.932+0000] {processor.py:161} INFO - Started process (PID=849) to work on /home/airflow/.local/lib/python3.8/site-packages/airflow/example_dags/tutorial_taskflow_api.py
[2024-04-02T07:52:34.934+0000] {processor.py:830} INFO - Processing file /home/airflow/.local/lib/python3.8/site-packages/airflow/example_dags/tutorial_taskflow_api.py for tasks to queue
[2024-04-02T07:52:34.937+0000] {logging_mixin.py:188} INFO - [2024-04-02T07:52:34.937+0000] {dagbag.py:540} INFO - Filling up the DagBag from /home/airflow/.local/lib/python3.8/site-packages/airflow/example_dags/tutorial_taskflow_api.py
[2024-04-02T07:52:34.945+0000] {processor.py:840} INFO - DAG(s) 'tutorial_taskflow_api' retrieved from /home/airflow/.local/lib/python3.8/site-packages/airflow/example_dags/tutorial_taskflow_api.py
[2024-04-02T07:52:34.973+0000] {logging_mixin.py:188} INFO - [2024-04-02T07:52:34.973+0000] {dag.py:3047} INFO - Sync 1 DAGs
[2024-04-02T07:52:34.994+0000] {logging_mixin.py:188} INFO - [2024-04-02T07:52:34.994+0000] {dag.py:3834} INFO - Setting next_dagrun for tutorial_taskflow_api to None, run_after=None
[2024-04-02T07:52:35.029+0000] {processor.py:183} INFO - Processing /home/airflow/.local/lib/python3.8/site-packages/airflow/example_dags/tutorial_taskflow_api.py took 0.101 seconds
[2024-04-02T07:53:05.823+0000] {processor.py:161} INFO - Started process (PID=905) to work on /home/airflow/.local/lib/python3.8/site-packages/airflow/example_dags/tutorial_taskflow_api.py
[2024-04-02T07:53:05.825+0000] {processor.py:830} INFO - Processing file /home/airflow/.local/lib/python3.8/site-packages/airflow/example_dags/tutorial_taskflow_api.py for tasks to queue
[2024-04-02T07:53:05.830+0000] {logging_mixin.py:188} INFO - [2024-04-02T07:53:05.829+0000] {dagbag.py:540} INFO - Filling up the DagBag from /home/airflow/.local/lib/python3.8/site-packages/airflow/example_dags/tutorial_taskflow_api.py
[2024-04-02T07:53:05.840+0000] {processor.py:840} INFO - DAG(s) 'tutorial_taskflow_api' retrieved from /home/airflow/.local/lib/python3.8/site-packages/airflow/example_dags/tutorial_taskflow_api.py
[2024-04-02T07:53:05.880+0000] {logging_mixin.py:188} INFO - [2024-04-02T07:53:05.880+0000] {dag.py:3047} INFO - Sync 1 DAGs
[2024-04-02T07:53:05.908+0000] {logging_mixin.py:188} INFO - [2024-04-02T07:53:05.908+0000] {dag.py:3834} INFO - Setting next_dagrun for tutorial_taskflow_api to None, run_after=None
[2024-04-02T07:53:05.959+0000] {processor.py:183} INFO - Processing /home/airflow/.local/lib/python3.8/site-packages/airflow/example_dags/tutorial_taskflow_api.py took 0.142 seconds
[2024-04-02T07:53:36.425+0000] {processor.py:161} INFO - Started process (PID=961) to work on /home/airflow/.local/lib/python3.8/site-packages/airflow/example_dags/tutorial_taskflow_api.py
[2024-04-02T07:53:36.427+0000] {processor.py:830} INFO - Processing file /home/airflow/.local/lib/python3.8/site-packages/airflow/example_dags/tutorial_taskflow_api.py for tasks to queue
[2024-04-02T07:53:36.430+0000] {logging_mixin.py:188} INFO - [2024-04-02T07:53:36.430+0000] {dagbag.py:540} INFO - Filling up the DagBag from /home/airflow/.local/lib/python3.8/site-packages/airflow/example_dags/tutorial_taskflow_api.py
[2024-04-02T07:53:36.440+0000] {processor.py:840} INFO - DAG(s) 'tutorial_taskflow_api' retrieved from /home/airflow/.local/lib/python3.8/site-packages/airflow/example_dags/tutorial_taskflow_api.py
[2024-04-02T07:53:36.476+0000] {logging_mixin.py:188} INFO - [2024-04-02T07:53:36.476+0000] {dag.py:3047} INFO - Sync 1 DAGs
[2024-04-02T07:53:36.497+0000] {logging_mixin.py:188} INFO - [2024-04-02T07:53:36.496+0000] {dag.py:3834} INFO - Setting next_dagrun for tutorial_taskflow_api to None, run_after=None
[2024-04-02T07:53:36.531+0000] {processor.py:183} INFO - Processing /home/airflow/.local/lib/python3.8/site-packages/airflow/example_dags/tutorial_taskflow_api.py took 0.111 seconds
[2024-04-02T07:54:06.720+0000] {processor.py:161} INFO - Started process (PID=1017) to work on /home/airflow/.local/lib/python3.8/site-packages/airflow/example_dags/tutorial_taskflow_api.py
[2024-04-02T07:54:06.721+0000] {processor.py:830} INFO - Processing file /home/airflow/.local/lib/python3.8/site-packages/airflow/example_dags/tutorial_taskflow_api.py for tasks to queue
[2024-04-02T07:54:06.726+0000] {logging_mixin.py:188} INFO - [2024-04-02T07:54:06.725+0000] {dagbag.py:540} INFO - Filling up the DagBag from /home/airflow/.local/lib/python3.8/site-packages/airflow/example_dags/tutorial_taskflow_api.py
[2024-04-02T07:54:06.734+0000] {processor.py:840} INFO - DAG(s) 'tutorial_taskflow_api' retrieved from /home/airflow/.local/lib/python3.8/site-packages/airflow/example_dags/tutorial_taskflow_api.py
[2024-04-02T07:54:06.764+0000] {logging_mixin.py:188} INFO - [2024-04-02T07:54:06.764+0000] {dag.py:3047} INFO - Sync 1 DAGs
[2024-04-02T07:54:06.787+0000] {logging_mixin.py:188} INFO - [2024-04-02T07:54:06.786+0000] {dag.py:3834} INFO - Setting next_dagrun for tutorial_taskflow_api to None, run_after=None
[2024-04-02T07:54:06.826+0000] {processor.py:183} INFO - Processing /home/airflow/.local/lib/python3.8/site-packages/airflow/example_dags/tutorial_taskflow_api.py took 0.110 seconds
[2024-04-02T07:54:37.221+0000] {processor.py:161} INFO - Started process (PID=1073) to work on /home/airflow/.local/lib/python3.8/site-packages/airflow/example_dags/tutorial_taskflow_api.py
[2024-04-02T07:54:37.223+0000] {processor.py:830} INFO - Processing file /home/airflow/.local/lib/python3.8/site-packages/airflow/example_dags/tutorial_taskflow_api.py for tasks to queue
[2024-04-02T07:54:37.227+0000] {logging_mixin.py:188} INFO - [2024-04-02T07:54:37.226+0000] {dagbag.py:540} INFO - Filling up the DagBag from /home/airflow/.local/lib/python3.8/site-packages/airflow/example_dags/tutorial_taskflow_api.py
[2024-04-02T07:54:37.236+0000] {processor.py:840} INFO - DAG(s) 'tutorial_taskflow_api' retrieved from /home/airflow/.local/lib/python3.8/site-packages/airflow/example_dags/tutorial_taskflow_api.py
[2024-04-02T07:54:37.268+0000] {logging_mixin.py:188} INFO - [2024-04-02T07:54:37.267+0000] {dag.py:3047} INFO - Sync 1 DAGs
[2024-04-02T07:54:37.288+0000] {logging_mixin.py:188} INFO - [2024-04-02T07:54:37.287+0000] {dag.py:3834} INFO - Setting next_dagrun for tutorial_taskflow_api to None, run_after=None
[2024-04-02T07:54:37.323+0000] {processor.py:183} INFO - Processing /home/airflow/.local/lib/python3.8/site-packages/airflow/example_dags/tutorial_taskflow_api.py took 0.107 seconds
[2024-04-02T07:55:07.938+0000] {processor.py:161} INFO - Started process (PID=1135) to work on /home/airflow/.local/lib/python3.8/site-packages/airflow/example_dags/tutorial_taskflow_api.py
[2024-04-02T07:55:07.940+0000] {processor.py:830} INFO - Processing file /home/airflow/.local/lib/python3.8/site-packages/airflow/example_dags/tutorial_taskflow_api.py for tasks to queue
[2024-04-02T07:55:07.945+0000] {logging_mixin.py:188} INFO - [2024-04-02T07:55:07.944+0000] {dagbag.py:540} INFO - Filling up the DagBag from /home/airflow/.local/lib/python3.8/site-packages/airflow/example_dags/tutorial_taskflow_api.py
[2024-04-02T07:55:07.955+0000] {processor.py:840} INFO - DAG(s) 'tutorial_taskflow_api' retrieved from /home/airflow/.local/lib/python3.8/site-packages/airflow/example_dags/tutorial_taskflow_api.py
[2024-04-02T07:55:07.986+0000] {logging_mixin.py:188} INFO - [2024-04-02T07:55:07.986+0000] {dag.py:3047} INFO - Sync 1 DAGs
[2024-04-02T07:55:08.005+0000] {logging_mixin.py:188} INFO - [2024-04-02T07:55:08.004+0000] {dag.py:3834} INFO - Setting next_dagrun for tutorial_taskflow_api to None, run_after=None
[2024-04-02T07:55:08.045+0000] {processor.py:183} INFO - Processing /home/airflow/.local/lib/python3.8/site-packages/airflow/example_dags/tutorial_taskflow_api.py took 0.112 seconds
[2024-04-02T07:55:38.604+0000] {processor.py:161} INFO - Started process (PID=1191) to work on /home/airflow/.local/lib/python3.8/site-packages/airflow/example_dags/tutorial_taskflow_api.py
[2024-04-02T07:55:38.606+0000] {processor.py:830} INFO - Processing file /home/airflow/.local/lib/python3.8/site-packages/airflow/example_dags/tutorial_taskflow_api.py for tasks to queue
[2024-04-02T07:55:38.609+0000] {logging_mixin.py:188} INFO - [2024-04-02T07:55:38.608+0000] {dagbag.py:540} INFO - Filling up the DagBag from /home/airflow/.local/lib/python3.8/site-packages/airflow/example_dags/tutorial_taskflow_api.py
[2024-04-02T07:55:38.619+0000] {processor.py:840} INFO - DAG(s) 'tutorial_taskflow_api' retrieved from /home/airflow/.local/lib/python3.8/site-packages/airflow/example_dags/tutorial_taskflow_api.py
[2024-04-02T07:55:38.655+0000] {logging_mixin.py:188} INFO - [2024-04-02T07:55:38.655+0000] {dag.py:3047} INFO - Sync 1 DAGs
[2024-04-02T07:55:38.678+0000] {logging_mixin.py:188} INFO - [2024-04-02T07:55:38.678+0000] {dag.py:3834} INFO - Setting next_dagrun for tutorial_taskflow_api to None, run_after=None
[2024-04-02T07:55:38.727+0000] {processor.py:183} INFO - Processing /home/airflow/.local/lib/python3.8/site-packages/airflow/example_dags/tutorial_taskflow_api.py took 0.127 seconds
[2024-04-02T07:56:08.899+0000] {processor.py:161} INFO - Started process (PID=1247) to work on /home/airflow/.local/lib/python3.8/site-packages/airflow/example_dags/tutorial_taskflow_api.py
[2024-04-02T07:56:08.900+0000] {processor.py:830} INFO - Processing file /home/airflow/.local/lib/python3.8/site-packages/airflow/example_dags/tutorial_taskflow_api.py for tasks to queue
[2024-04-02T07:56:08.905+0000] {logging_mixin.py:188} INFO - [2024-04-02T07:56:08.905+0000] {dagbag.py:540} INFO - Filling up the DagBag from /home/airflow/.local/lib/python3.8/site-packages/airflow/example_dags/tutorial_taskflow_api.py
[2024-04-02T07:56:08.914+0000] {processor.py:840} INFO - DAG(s) 'tutorial_taskflow_api' retrieved from /home/airflow/.local/lib/python3.8/site-packages/airflow/example_dags/tutorial_taskflow_api.py
[2024-04-02T07:56:08.943+0000] {logging_mixin.py:188} INFO - [2024-04-02T07:56:08.942+0000] {dag.py:3047} INFO - Sync 1 DAGs
[2024-04-02T07:56:08.961+0000] {logging_mixin.py:188} INFO - [2024-04-02T07:56:08.961+0000] {dag.py:3834} INFO - Setting next_dagrun for tutorial_taskflow_api to None, run_after=None
[2024-04-02T07:56:08.996+0000] {processor.py:183} INFO - Processing /home/airflow/.local/lib/python3.8/site-packages/airflow/example_dags/tutorial_taskflow_api.py took 0.101 seconds
[2024-04-02T07:56:39.568+0000] {processor.py:161} INFO - Started process (PID=1303) to work on /home/airflow/.local/lib/python3.8/site-packages/airflow/example_dags/tutorial_taskflow_api.py
[2024-04-02T07:56:39.569+0000] {processor.py:830} INFO - Processing file /home/airflow/.local/lib/python3.8/site-packages/airflow/example_dags/tutorial_taskflow_api.py for tasks to queue
[2024-04-02T07:56:39.573+0000] {logging_mixin.py:188} INFO - [2024-04-02T07:56:39.572+0000] {dagbag.py:540} INFO - Filling up the DagBag from /home/airflow/.local/lib/python3.8/site-packages/airflow/example_dags/tutorial_taskflow_api.py
[2024-04-02T07:56:39.584+0000] {processor.py:840} INFO - DAG(s) 'tutorial_taskflow_api' retrieved from /home/airflow/.local/lib/python3.8/site-packages/airflow/example_dags/tutorial_taskflow_api.py
[2024-04-02T07:56:39.618+0000] {logging_mixin.py:188} INFO - [2024-04-02T07:56:39.618+0000] {dag.py:3047} INFO - Sync 1 DAGs
[2024-04-02T07:56:39.637+0000] {logging_mixin.py:188} INFO - [2024-04-02T07:56:39.636+0000] {dag.py:3834} INFO - Setting next_dagrun for tutorial_taskflow_api to None, run_after=None
[2024-04-02T07:56:39.671+0000] {processor.py:183} INFO - Processing /home/airflow/.local/lib/python3.8/site-packages/airflow/example_dags/tutorial_taskflow_api.py took 0.107 seconds
[2024-04-02T07:57:09.901+0000] {processor.py:161} INFO - Started process (PID=1359) to work on /home/airflow/.local/lib/python3.8/site-packages/airflow/example_dags/tutorial_taskflow_api.py
[2024-04-02T07:57:09.902+0000] {processor.py:830} INFO - Processing file /home/airflow/.local/lib/python3.8/site-packages/airflow/example_dags/tutorial_taskflow_api.py for tasks to queue
[2024-04-02T07:57:09.906+0000] {logging_mixin.py:188} INFO - [2024-04-02T07:57:09.905+0000] {dagbag.py:540} INFO - Filling up the DagBag from /home/airflow/.local/lib/python3.8/site-packages/airflow/example_dags/tutorial_taskflow_api.py
[2024-04-02T07:57:09.917+0000] {processor.py:840} INFO - DAG(s) 'tutorial_taskflow_api' retrieved from /home/airflow/.local/lib/python3.8/site-packages/airflow/example_dags/tutorial_taskflow_api.py
[2024-04-02T07:57:09.945+0000] {logging_mixin.py:188} INFO - [2024-04-02T07:57:09.945+0000] {dag.py:3047} INFO - Sync 1 DAGs
[2024-04-02T07:57:09.966+0000] {logging_mixin.py:188} INFO - [2024-04-02T07:57:09.966+0000] {dag.py:3834} INFO - Setting next_dagrun for tutorial_taskflow_api to None, run_after=None
[2024-04-02T07:57:10.008+0000] {processor.py:183} INFO - Processing /home/airflow/.local/lib/python3.8/site-packages/airflow/example_dags/tutorial_taskflow_api.py took 0.111 seconds
[2024-04-02T07:57:40.463+0000] {processor.py:161} INFO - Started process (PID=1415) to work on /home/airflow/.local/lib/python3.8/site-packages/airflow/example_dags/tutorial_taskflow_api.py
[2024-04-02T07:57:40.464+0000] {processor.py:830} INFO - Processing file /home/airflow/.local/lib/python3.8/site-packages/airflow/example_dags/tutorial_taskflow_api.py for tasks to queue
[2024-04-02T07:57:40.467+0000] {logging_mixin.py:188} INFO - [2024-04-02T07:57:40.467+0000] {dagbag.py:540} INFO - Filling up the DagBag from /home/airflow/.local/lib/python3.8/site-packages/airflow/example_dags/tutorial_taskflow_api.py
[2024-04-02T07:57:40.478+0000] {processor.py:840} INFO - DAG(s) 'tutorial_taskflow_api' retrieved from /home/airflow/.local/lib/python3.8/site-packages/airflow/example_dags/tutorial_taskflow_api.py
[2024-04-02T07:57:40.510+0000] {logging_mixin.py:188} INFO - [2024-04-02T07:57:40.509+0000] {dag.py:3047} INFO - Sync 1 DAGs
[2024-04-02T07:57:40.539+0000] {logging_mixin.py:188} INFO - [2024-04-02T07:57:40.538+0000] {dag.py:3834} INFO - Setting next_dagrun for tutorial_taskflow_api to None, run_after=None
[2024-04-02T07:57:40.585+0000] {processor.py:183} INFO - Processing /home/airflow/.local/lib/python3.8/site-packages/airflow/example_dags/tutorial_taskflow_api.py took 0.126 seconds
[2024-04-02T07:58:11.262+0000] {processor.py:161} INFO - Started process (PID=1471) to work on /home/airflow/.local/lib/python3.8/site-packages/airflow/example_dags/tutorial_taskflow_api.py
[2024-04-02T07:58:11.263+0000] {processor.py:830} INFO - Processing file /home/airflow/.local/lib/python3.8/site-packages/airflow/example_dags/tutorial_taskflow_api.py for tasks to queue
[2024-04-02T07:58:11.267+0000] {logging_mixin.py:188} INFO - [2024-04-02T07:58:11.266+0000] {dagbag.py:540} INFO - Filling up the DagBag from /home/airflow/.local/lib/python3.8/site-packages/airflow/example_dags/tutorial_taskflow_api.py
[2024-04-02T07:58:11.277+0000] {processor.py:840} INFO - DAG(s) 'tutorial_taskflow_api' retrieved from /home/airflow/.local/lib/python3.8/site-packages/airflow/example_dags/tutorial_taskflow_api.py
[2024-04-02T07:58:11.313+0000] {logging_mixin.py:188} INFO - [2024-04-02T07:58:11.313+0000] {dag.py:3047} INFO - Sync 1 DAGs
[2024-04-02T07:58:11.335+0000] {logging_mixin.py:188} INFO - [2024-04-02T07:58:11.334+0000] {dag.py:3834} INFO - Setting next_dagrun for tutorial_taskflow_api to None, run_after=None
[2024-04-02T07:58:11.375+0000] {processor.py:183} INFO - Processing /home/airflow/.local/lib/python3.8/site-packages/airflow/example_dags/tutorial_taskflow_api.py took 0.118 seconds
[2024-04-02T08:03:28.305+0000] {processor.py:161} INFO - Started process (PID=71) to work on /home/airflow/.local/lib/python3.8/site-packages/airflow/example_dags/tutorial_taskflow_api.py
[2024-04-02T08:03:28.308+0000] {processor.py:830} INFO - Processing file /home/airflow/.local/lib/python3.8/site-packages/airflow/example_dags/tutorial_taskflow_api.py for tasks to queue
[2024-04-02T08:03:28.311+0000] {logging_mixin.py:188} INFO - [2024-04-02T08:03:28.310+0000] {dagbag.py:540} INFO - Filling up the DagBag from /home/airflow/.local/lib/python3.8/site-packages/airflow/example_dags/tutorial_taskflow_api.py
[2024-04-02T08:03:28.337+0000] {processor.py:840} INFO - DAG(s) 'tutorial_taskflow_api' retrieved from /home/airflow/.local/lib/python3.8/site-packages/airflow/example_dags/tutorial_taskflow_api.py
[2024-04-02T08:03:28.633+0000] {logging_mixin.py:188} INFO - [2024-04-02T08:03:28.632+0000] {dag.py:3047} INFO - Sync 1 DAGs
[2024-04-02T08:03:28.661+0000] {logging_mixin.py:188} INFO - [2024-04-02T08:03:28.661+0000] {dag.py:3834} INFO - Setting next_dagrun for tutorial_taskflow_api to None, run_after=None
[2024-04-02T08:03:28.719+0000] {processor.py:183} INFO - Processing /home/airflow/.local/lib/python3.8/site-packages/airflow/example_dags/tutorial_taskflow_api.py took 0.419 seconds
[2024-04-02T08:03:58.887+0000] {processor.py:161} INFO - Started process (PID=127) to work on /home/airflow/.local/lib/python3.8/site-packages/airflow/example_dags/tutorial_taskflow_api.py
[2024-04-02T08:03:58.889+0000] {processor.py:830} INFO - Processing file /home/airflow/.local/lib/python3.8/site-packages/airflow/example_dags/tutorial_taskflow_api.py for tasks to queue
[2024-04-02T08:03:58.891+0000] {logging_mixin.py:188} INFO - [2024-04-02T08:03:58.891+0000] {dagbag.py:540} INFO - Filling up the DagBag from /home/airflow/.local/lib/python3.8/site-packages/airflow/example_dags/tutorial_taskflow_api.py
[2024-04-02T08:03:58.901+0000] {processor.py:840} INFO - DAG(s) 'tutorial_taskflow_api' retrieved from /home/airflow/.local/lib/python3.8/site-packages/airflow/example_dags/tutorial_taskflow_api.py
[2024-04-02T08:03:58.937+0000] {logging_mixin.py:188} INFO - [2024-04-02T08:03:58.937+0000] {dag.py:3047} INFO - Sync 1 DAGs
[2024-04-02T08:03:58.964+0000] {logging_mixin.py:188} INFO - [2024-04-02T08:03:58.964+0000] {dag.py:3834} INFO - Setting next_dagrun for tutorial_taskflow_api to None, run_after=None
[2024-04-02T08:03:59.004+0000] {processor.py:183} INFO - Processing /home/airflow/.local/lib/python3.8/site-packages/airflow/example_dags/tutorial_taskflow_api.py took 0.121 seconds
[2024-04-02T08:04:29.373+0000] {processor.py:161} INFO - Started process (PID=183) to work on /home/airflow/.local/lib/python3.8/site-packages/airflow/example_dags/tutorial_taskflow_api.py
[2024-04-02T08:04:29.374+0000] {processor.py:830} INFO - Processing file /home/airflow/.local/lib/python3.8/site-packages/airflow/example_dags/tutorial_taskflow_api.py for tasks to queue
[2024-04-02T08:04:29.377+0000] {logging_mixin.py:188} INFO - [2024-04-02T08:04:29.376+0000] {dagbag.py:540} INFO - Filling up the DagBag from /home/airflow/.local/lib/python3.8/site-packages/airflow/example_dags/tutorial_taskflow_api.py
[2024-04-02T08:04:29.385+0000] {processor.py:840} INFO - DAG(s) 'tutorial_taskflow_api' retrieved from /home/airflow/.local/lib/python3.8/site-packages/airflow/example_dags/tutorial_taskflow_api.py
[2024-04-02T08:04:29.415+0000] {logging_mixin.py:188} INFO - [2024-04-02T08:04:29.415+0000] {dag.py:3047} INFO - Sync 1 DAGs
[2024-04-02T08:04:29.433+0000] {logging_mixin.py:188} INFO - [2024-04-02T08:04:29.433+0000] {dag.py:3834} INFO - Setting next_dagrun for tutorial_taskflow_api to None, run_after=None
[2024-04-02T08:04:29.472+0000] {processor.py:183} INFO - Processing /home/airflow/.local/lib/python3.8/site-packages/airflow/example_dags/tutorial_taskflow_api.py took 0.103 seconds
[2024-04-02T08:04:59.833+0000] {processor.py:161} INFO - Started process (PID=239) to work on /home/airflow/.local/lib/python3.8/site-packages/airflow/example_dags/tutorial_taskflow_api.py
[2024-04-02T08:04:59.840+0000] {processor.py:830} INFO - Processing file /home/airflow/.local/lib/python3.8/site-packages/airflow/example_dags/tutorial_taskflow_api.py for tasks to queue
[2024-04-02T08:04:59.846+0000] {logging_mixin.py:188} INFO - [2024-04-02T08:04:59.844+0000] {dagbag.py:540} INFO - Filling up the DagBag from /home/airflow/.local/lib/python3.8/site-packages/airflow/example_dags/tutorial_taskflow_api.py
[2024-04-02T08:04:59.863+0000] {processor.py:840} INFO - DAG(s) 'tutorial_taskflow_api' retrieved from /home/airflow/.local/lib/python3.8/site-packages/airflow/example_dags/tutorial_taskflow_api.py
[2024-04-02T08:04:59.899+0000] {logging_mixin.py:188} INFO - [2024-04-02T08:04:59.899+0000] {dag.py:3047} INFO - Sync 1 DAGs
[2024-04-02T08:04:59.921+0000] {logging_mixin.py:188} INFO - [2024-04-02T08:04:59.920+0000] {dag.py:3834} INFO - Setting next_dagrun for tutorial_taskflow_api to None, run_after=None
[2024-04-02T08:04:59.963+0000] {processor.py:183} INFO - Processing /home/airflow/.local/lib/python3.8/site-packages/airflow/example_dags/tutorial_taskflow_api.py took 0.134 seconds
[2024-04-02T08:05:31.027+0000] {processor.py:161} INFO - Started process (PID=295) to work on /home/airflow/.local/lib/python3.8/site-packages/airflow/example_dags/tutorial_taskflow_api.py
[2024-04-02T08:05:31.029+0000] {processor.py:830} INFO - Processing file /home/airflow/.local/lib/python3.8/site-packages/airflow/example_dags/tutorial_taskflow_api.py for tasks to queue
[2024-04-02T08:05:31.032+0000] {logging_mixin.py:188} INFO - [2024-04-02T08:05:31.031+0000] {dagbag.py:540} INFO - Filling up the DagBag from /home/airflow/.local/lib/python3.8/site-packages/airflow/example_dags/tutorial_taskflow_api.py
[2024-04-02T08:05:31.047+0000] {processor.py:840} INFO - DAG(s) 'tutorial_taskflow_api' retrieved from /home/airflow/.local/lib/python3.8/site-packages/airflow/example_dags/tutorial_taskflow_api.py
[2024-04-02T08:05:31.083+0000] {logging_mixin.py:188} INFO - [2024-04-02T08:05:31.082+0000] {dag.py:3047} INFO - Sync 1 DAGs
[2024-04-02T08:05:31.116+0000] {logging_mixin.py:188} INFO - [2024-04-02T08:05:31.116+0000] {dag.py:3834} INFO - Setting next_dagrun for tutorial_taskflow_api to None, run_after=None
[2024-04-02T08:05:31.181+0000] {processor.py:183} INFO - Processing /home/airflow/.local/lib/python3.8/site-packages/airflow/example_dags/tutorial_taskflow_api.py took 0.159 seconds
[2024-04-02T08:06:01.485+0000] {processor.py:161} INFO - Started process (PID=351) to work on /home/airflow/.local/lib/python3.8/site-packages/airflow/example_dags/tutorial_taskflow_api.py
[2024-04-02T08:06:01.486+0000] {processor.py:830} INFO - Processing file /home/airflow/.local/lib/python3.8/site-packages/airflow/example_dags/tutorial_taskflow_api.py for tasks to queue
[2024-04-02T08:06:01.491+0000] {logging_mixin.py:188} INFO - [2024-04-02T08:06:01.490+0000] {dagbag.py:540} INFO - Filling up the DagBag from /home/airflow/.local/lib/python3.8/site-packages/airflow/example_dags/tutorial_taskflow_api.py
[2024-04-02T08:06:01.500+0000] {processor.py:840} INFO - DAG(s) 'tutorial_taskflow_api' retrieved from /home/airflow/.local/lib/python3.8/site-packages/airflow/example_dags/tutorial_taskflow_api.py
[2024-04-02T08:06:01.533+0000] {logging_mixin.py:188} INFO - [2024-04-02T08:06:01.532+0000] {dag.py:3047} INFO - Sync 1 DAGs
[2024-04-02T08:06:01.557+0000] {logging_mixin.py:188} INFO - [2024-04-02T08:06:01.557+0000] {dag.py:3834} INFO - Setting next_dagrun for tutorial_taskflow_api to None, run_after=None
[2024-04-02T08:06:01.601+0000] {processor.py:183} INFO - Processing /home/airflow/.local/lib/python3.8/site-packages/airflow/example_dags/tutorial_taskflow_api.py took 0.120 seconds
[2024-04-02T08:06:31.855+0000] {processor.py:161} INFO - Started process (PID=407) to work on /home/airflow/.local/lib/python3.8/site-packages/airflow/example_dags/tutorial_taskflow_api.py
[2024-04-02T08:06:31.857+0000] {processor.py:830} INFO - Processing file /home/airflow/.local/lib/python3.8/site-packages/airflow/example_dags/tutorial_taskflow_api.py for tasks to queue
[2024-04-02T08:06:31.861+0000] {logging_mixin.py:188} INFO - [2024-04-02T08:06:31.860+0000] {dagbag.py:540} INFO - Filling up the DagBag from /home/airflow/.local/lib/python3.8/site-packages/airflow/example_dags/tutorial_taskflow_api.py
[2024-04-02T08:06:31.876+0000] {processor.py:840} INFO - DAG(s) 'tutorial_taskflow_api' retrieved from /home/airflow/.local/lib/python3.8/site-packages/airflow/example_dags/tutorial_taskflow_api.py
[2024-04-02T08:06:31.911+0000] {logging_mixin.py:188} INFO - [2024-04-02T08:06:31.910+0000] {dag.py:3047} INFO - Sync 1 DAGs
[2024-04-02T08:06:31.937+0000] {logging_mixin.py:188} INFO - [2024-04-02T08:06:31.937+0000] {dag.py:3834} INFO - Setting next_dagrun for tutorial_taskflow_api to None, run_after=None
[2024-04-02T08:06:31.982+0000] {processor.py:183} INFO - Processing /home/airflow/.local/lib/python3.8/site-packages/airflow/example_dags/tutorial_taskflow_api.py took 0.134 seconds
[2024-04-02T08:07:02.317+0000] {processor.py:161} INFO - Started process (PID=463) to work on /home/airflow/.local/lib/python3.8/site-packages/airflow/example_dags/tutorial_taskflow_api.py
[2024-04-02T08:07:02.318+0000] {processor.py:830} INFO - Processing file /home/airflow/.local/lib/python3.8/site-packages/airflow/example_dags/tutorial_taskflow_api.py for tasks to queue
[2024-04-02T08:07:02.321+0000] {logging_mixin.py:188} INFO - [2024-04-02T08:07:02.320+0000] {dagbag.py:540} INFO - Filling up the DagBag from /home/airflow/.local/lib/python3.8/site-packages/airflow/example_dags/tutorial_taskflow_api.py
[2024-04-02T08:07:02.330+0000] {processor.py:840} INFO - DAG(s) 'tutorial_taskflow_api' retrieved from /home/airflow/.local/lib/python3.8/site-packages/airflow/example_dags/tutorial_taskflow_api.py
[2024-04-02T08:07:02.360+0000] {logging_mixin.py:188} INFO - [2024-04-02T08:07:02.360+0000] {dag.py:3047} INFO - Sync 1 DAGs
[2024-04-02T08:07:02.381+0000] {logging_mixin.py:188} INFO - [2024-04-02T08:07:02.380+0000] {dag.py:3834} INFO - Setting next_dagrun for tutorial_taskflow_api to None, run_after=None
[2024-04-02T08:07:02.414+0000] {processor.py:183} INFO - Processing /home/airflow/.local/lib/python3.8/site-packages/airflow/example_dags/tutorial_taskflow_api.py took 0.102 seconds
[2024-04-02T08:07:33.348+0000] {processor.py:161} INFO - Started process (PID=519) to work on /home/airflow/.local/lib/python3.8/site-packages/airflow/example_dags/tutorial_taskflow_api.py
[2024-04-02T08:07:33.350+0000] {processor.py:830} INFO - Processing file /home/airflow/.local/lib/python3.8/site-packages/airflow/example_dags/tutorial_taskflow_api.py for tasks to queue
[2024-04-02T08:07:33.352+0000] {logging_mixin.py:188} INFO - [2024-04-02T08:07:33.351+0000] {dagbag.py:540} INFO - Filling up the DagBag from /home/airflow/.local/lib/python3.8/site-packages/airflow/example_dags/tutorial_taskflow_api.py
[2024-04-02T08:07:33.361+0000] {processor.py:840} INFO - DAG(s) 'tutorial_taskflow_api' retrieved from /home/airflow/.local/lib/python3.8/site-packages/airflow/example_dags/tutorial_taskflow_api.py
[2024-04-02T08:07:33.399+0000] {logging_mixin.py:188} INFO - [2024-04-02T08:07:33.399+0000] {dag.py:3047} INFO - Sync 1 DAGs
[2024-04-02T08:07:33.417+0000] {logging_mixin.py:188} INFO - [2024-04-02T08:07:33.417+0000] {dag.py:3834} INFO - Setting next_dagrun for tutorial_taskflow_api to None, run_after=None
[2024-04-02T08:07:33.451+0000] {processor.py:183} INFO - Processing /home/airflow/.local/lib/python3.8/site-packages/airflow/example_dags/tutorial_taskflow_api.py took 0.108 seconds
[2024-04-02T08:08:04.158+0000] {processor.py:161} INFO - Started process (PID=575) to work on /home/airflow/.local/lib/python3.8/site-packages/airflow/example_dags/tutorial_taskflow_api.py
[2024-04-02T08:08:04.159+0000] {processor.py:830} INFO - Processing file /home/airflow/.local/lib/python3.8/site-packages/airflow/example_dags/tutorial_taskflow_api.py for tasks to queue
[2024-04-02T08:08:04.162+0000] {logging_mixin.py:188} INFO - [2024-04-02T08:08:04.161+0000] {dagbag.py:540} INFO - Filling up the DagBag from /home/airflow/.local/lib/python3.8/site-packages/airflow/example_dags/tutorial_taskflow_api.py
[2024-04-02T08:08:04.170+0000] {processor.py:840} INFO - DAG(s) 'tutorial_taskflow_api' retrieved from /home/airflow/.local/lib/python3.8/site-packages/airflow/example_dags/tutorial_taskflow_api.py
[2024-04-02T08:08:04.199+0000] {logging_mixin.py:188} INFO - [2024-04-02T08:08:04.198+0000] {dag.py:3047} INFO - Sync 1 DAGs
[2024-04-02T08:08:04.216+0000] {logging_mixin.py:188} INFO - [2024-04-02T08:08:04.215+0000] {dag.py:3834} INFO - Setting next_dagrun for tutorial_taskflow_api to None, run_after=None
[2024-04-02T08:08:04.249+0000] {processor.py:183} INFO - Processing /home/airflow/.local/lib/python3.8/site-packages/airflow/example_dags/tutorial_taskflow_api.py took 0.095 seconds
[2024-04-02T08:08:34.358+0000] {processor.py:161} INFO - Started process (PID=631) to work on /home/airflow/.local/lib/python3.8/site-packages/airflow/example_dags/tutorial_taskflow_api.py
[2024-04-02T08:08:34.360+0000] {processor.py:830} INFO - Processing file /home/airflow/.local/lib/python3.8/site-packages/airflow/example_dags/tutorial_taskflow_api.py for tasks to queue
[2024-04-02T08:08:34.364+0000] {logging_mixin.py:188} INFO - [2024-04-02T08:08:34.363+0000] {dagbag.py:540} INFO - Filling up the DagBag from /home/airflow/.local/lib/python3.8/site-packages/airflow/example_dags/tutorial_taskflow_api.py
[2024-04-02T08:08:34.378+0000] {processor.py:840} INFO - DAG(s) 'tutorial_taskflow_api' retrieved from /home/airflow/.local/lib/python3.8/site-packages/airflow/example_dags/tutorial_taskflow_api.py
[2024-04-02T08:08:34.412+0000] {logging_mixin.py:188} INFO - [2024-04-02T08:08:34.412+0000] {dag.py:3047} INFO - Sync 1 DAGs
[2024-04-02T08:08:34.431+0000] {logging_mixin.py:188} INFO - [2024-04-02T08:08:34.430+0000] {dag.py:3834} INFO - Setting next_dagrun for tutorial_taskflow_api to None, run_after=None
[2024-04-02T08:08:34.470+0000] {processor.py:183} INFO - Processing /home/airflow/.local/lib/python3.8/site-packages/airflow/example_dags/tutorial_taskflow_api.py took 0.116 seconds
[2024-04-02T08:09:04.773+0000] {processor.py:161} INFO - Started process (PID=687) to work on /home/airflow/.local/lib/python3.8/site-packages/airflow/example_dags/tutorial_taskflow_api.py
[2024-04-02T08:09:04.775+0000] {processor.py:830} INFO - Processing file /home/airflow/.local/lib/python3.8/site-packages/airflow/example_dags/tutorial_taskflow_api.py for tasks to queue
[2024-04-02T08:09:04.778+0000] {logging_mixin.py:188} INFO - [2024-04-02T08:09:04.777+0000] {dagbag.py:540} INFO - Filling up the DagBag from /home/airflow/.local/lib/python3.8/site-packages/airflow/example_dags/tutorial_taskflow_api.py
[2024-04-02T08:09:04.790+0000] {processor.py:840} INFO - DAG(s) 'tutorial_taskflow_api' retrieved from /home/airflow/.local/lib/python3.8/site-packages/airflow/example_dags/tutorial_taskflow_api.py
[2024-04-02T08:09:04.841+0000] {logging_mixin.py:188} INFO - [2024-04-02T08:09:04.841+0000] {dag.py:3047} INFO - Sync 1 DAGs
[2024-04-02T08:09:04.864+0000] {logging_mixin.py:188} INFO - [2024-04-02T08:09:04.864+0000] {dag.py:3834} INFO - Setting next_dagrun for tutorial_taskflow_api to None, run_after=None
[2024-04-02T08:09:04.905+0000] {processor.py:183} INFO - Processing /home/airflow/.local/lib/python3.8/site-packages/airflow/example_dags/tutorial_taskflow_api.py took 0.136 seconds
[2024-04-02T08:09:35.395+0000] {processor.py:161} INFO - Started process (PID=743) to work on /home/airflow/.local/lib/python3.8/site-packages/airflow/example_dags/tutorial_taskflow_api.py
[2024-04-02T08:09:35.397+0000] {processor.py:830} INFO - Processing file /home/airflow/.local/lib/python3.8/site-packages/airflow/example_dags/tutorial_taskflow_api.py for tasks to queue
[2024-04-02T08:09:35.401+0000] {logging_mixin.py:188} INFO - [2024-04-02T08:09:35.399+0000] {dagbag.py:540} INFO - Filling up the DagBag from /home/airflow/.local/lib/python3.8/site-packages/airflow/example_dags/tutorial_taskflow_api.py
[2024-04-02T08:09:35.410+0000] {processor.py:840} INFO - DAG(s) 'tutorial_taskflow_api' retrieved from /home/airflow/.local/lib/python3.8/site-packages/airflow/example_dags/tutorial_taskflow_api.py
[2024-04-02T08:09:35.442+0000] {logging_mixin.py:188} INFO - [2024-04-02T08:09:35.441+0000] {dag.py:3047} INFO - Sync 1 DAGs
[2024-04-02T08:09:35.461+0000] {logging_mixin.py:188} INFO - [2024-04-02T08:09:35.461+0000] {dag.py:3834} INFO - Setting next_dagrun for tutorial_taskflow_api to None, run_after=None
[2024-04-02T08:09:35.494+0000] {processor.py:183} INFO - Processing /home/airflow/.local/lib/python3.8/site-packages/airflow/example_dags/tutorial_taskflow_api.py took 0.102 seconds
[2024-04-02T08:10:05.673+0000] {processor.py:161} INFO - Started process (PID=799) to work on /home/airflow/.local/lib/python3.8/site-packages/airflow/example_dags/tutorial_taskflow_api.py
[2024-04-02T08:10:05.675+0000] {processor.py:830} INFO - Processing file /home/airflow/.local/lib/python3.8/site-packages/airflow/example_dags/tutorial_taskflow_api.py for tasks to queue
[2024-04-02T08:10:05.678+0000] {logging_mixin.py:188} INFO - [2024-04-02T08:10:05.677+0000] {dagbag.py:540} INFO - Filling up the DagBag from /home/airflow/.local/lib/python3.8/site-packages/airflow/example_dags/tutorial_taskflow_api.py
[2024-04-02T08:10:05.689+0000] {processor.py:840} INFO - DAG(s) 'tutorial_taskflow_api' retrieved from /home/airflow/.local/lib/python3.8/site-packages/airflow/example_dags/tutorial_taskflow_api.py
[2024-04-02T08:10:05.724+0000] {logging_mixin.py:188} INFO - [2024-04-02T08:10:05.723+0000] {dag.py:3047} INFO - Sync 1 DAGs
[2024-04-02T08:10:05.750+0000] {logging_mixin.py:188} INFO - [2024-04-02T08:10:05.749+0000] {dag.py:3834} INFO - Setting next_dagrun for tutorial_taskflow_api to None, run_after=None
[2024-04-02T08:10:05.791+0000] {processor.py:183} INFO - Processing /home/airflow/.local/lib/python3.8/site-packages/airflow/example_dags/tutorial_taskflow_api.py took 0.122 seconds
[2024-04-02T08:10:36.452+0000] {processor.py:161} INFO - Started process (PID=855) to work on /home/airflow/.local/lib/python3.8/site-packages/airflow/example_dags/tutorial_taskflow_api.py
[2024-04-02T08:10:36.453+0000] {processor.py:830} INFO - Processing file /home/airflow/.local/lib/python3.8/site-packages/airflow/example_dags/tutorial_taskflow_api.py for tasks to queue
[2024-04-02T08:10:36.456+0000] {logging_mixin.py:188} INFO - [2024-04-02T08:10:36.455+0000] {dagbag.py:540} INFO - Filling up the DagBag from /home/airflow/.local/lib/python3.8/site-packages/airflow/example_dags/tutorial_taskflow_api.py
[2024-04-02T08:10:36.464+0000] {processor.py:840} INFO - DAG(s) 'tutorial_taskflow_api' retrieved from /home/airflow/.local/lib/python3.8/site-packages/airflow/example_dags/tutorial_taskflow_api.py
[2024-04-02T08:10:36.491+0000] {logging_mixin.py:188} INFO - [2024-04-02T08:10:36.491+0000] {dag.py:3047} INFO - Sync 1 DAGs
[2024-04-02T08:10:36.509+0000] {logging_mixin.py:188} INFO - [2024-04-02T08:10:36.509+0000] {dag.py:3834} INFO - Setting next_dagrun for tutorial_taskflow_api to None, run_after=None
[2024-04-02T08:10:36.542+0000] {processor.py:183} INFO - Processing /home/airflow/.local/lib/python3.8/site-packages/airflow/example_dags/tutorial_taskflow_api.py took 0.095 seconds
[2024-04-02T08:11:06.837+0000] {processor.py:161} INFO - Started process (PID=911) to work on /home/airflow/.local/lib/python3.8/site-packages/airflow/example_dags/tutorial_taskflow_api.py
[2024-04-02T08:11:06.841+0000] {processor.py:830} INFO - Processing file /home/airflow/.local/lib/python3.8/site-packages/airflow/example_dags/tutorial_taskflow_api.py for tasks to queue
[2024-04-02T08:11:06.844+0000] {logging_mixin.py:188} INFO - [2024-04-02T08:11:06.844+0000] {dagbag.py:540} INFO - Filling up the DagBag from /home/airflow/.local/lib/python3.8/site-packages/airflow/example_dags/tutorial_taskflow_api.py
[2024-04-02T08:11:06.857+0000] {processor.py:840} INFO - DAG(s) 'tutorial_taskflow_api' retrieved from /home/airflow/.local/lib/python3.8/site-packages/airflow/example_dags/tutorial_taskflow_api.py
[2024-04-02T08:11:06.895+0000] {logging_mixin.py:188} INFO - [2024-04-02T08:11:06.895+0000] {dag.py:3047} INFO - Sync 1 DAGs
[2024-04-02T08:11:06.921+0000] {logging_mixin.py:188} INFO - [2024-04-02T08:11:06.921+0000] {dag.py:3834} INFO - Setting next_dagrun for tutorial_taskflow_api to None, run_after=None
[2024-04-02T08:11:06.960+0000] {processor.py:183} INFO - Processing /home/airflow/.local/lib/python3.8/site-packages/airflow/example_dags/tutorial_taskflow_api.py took 0.129 seconds
[2024-04-02T08:11:37.561+0000] {processor.py:161} INFO - Started process (PID=967) to work on /home/airflow/.local/lib/python3.8/site-packages/airflow/example_dags/tutorial_taskflow_api.py
[2024-04-02T08:11:37.563+0000] {processor.py:830} INFO - Processing file /home/airflow/.local/lib/python3.8/site-packages/airflow/example_dags/tutorial_taskflow_api.py for tasks to queue
[2024-04-02T08:11:37.566+0000] {logging_mixin.py:188} INFO - [2024-04-02T08:11:37.565+0000] {dagbag.py:540} INFO - Filling up the DagBag from /home/airflow/.local/lib/python3.8/site-packages/airflow/example_dags/tutorial_taskflow_api.py
[2024-04-02T08:11:37.581+0000] {processor.py:840} INFO - DAG(s) 'tutorial_taskflow_api' retrieved from /home/airflow/.local/lib/python3.8/site-packages/airflow/example_dags/tutorial_taskflow_api.py
[2024-04-02T08:11:37.617+0000] {logging_mixin.py:188} INFO - [2024-04-02T08:11:37.617+0000] {dag.py:3047} INFO - Sync 1 DAGs
[2024-04-02T08:11:37.638+0000] {logging_mixin.py:188} INFO - [2024-04-02T08:11:37.638+0000] {dag.py:3834} INFO - Setting next_dagrun for tutorial_taskflow_api to None, run_after=None
[2024-04-02T08:11:37.683+0000] {processor.py:183} INFO - Processing /home/airflow/.local/lib/python3.8/site-packages/airflow/example_dags/tutorial_taskflow_api.py took 0.127 seconds
[2024-04-02T08:12:08.098+0000] {processor.py:161} INFO - Started process (PID=1023) to work on /home/airflow/.local/lib/python3.8/site-packages/airflow/example_dags/tutorial_taskflow_api.py
[2024-04-02T08:12:08.100+0000] {processor.py:830} INFO - Processing file /home/airflow/.local/lib/python3.8/site-packages/airflow/example_dags/tutorial_taskflow_api.py for tasks to queue
[2024-04-02T08:12:08.103+0000] {logging_mixin.py:188} INFO - [2024-04-02T08:12:08.102+0000] {dagbag.py:540} INFO - Filling up the DagBag from /home/airflow/.local/lib/python3.8/site-packages/airflow/example_dags/tutorial_taskflow_api.py
[2024-04-02T08:12:08.113+0000] {processor.py:840} INFO - DAG(s) 'tutorial_taskflow_api' retrieved from /home/airflow/.local/lib/python3.8/site-packages/airflow/example_dags/tutorial_taskflow_api.py
[2024-04-02T08:12:08.141+0000] {logging_mixin.py:188} INFO - [2024-04-02T08:12:08.140+0000] {dag.py:3047} INFO - Sync 1 DAGs
[2024-04-02T08:12:08.158+0000] {logging_mixin.py:188} INFO - [2024-04-02T08:12:08.157+0000] {dag.py:3834} INFO - Setting next_dagrun for tutorial_taskflow_api to None, run_after=None
[2024-04-02T08:12:08.202+0000] {processor.py:183} INFO - Processing /home/airflow/.local/lib/python3.8/site-packages/airflow/example_dags/tutorial_taskflow_api.py took 0.108 seconds
[2024-04-02T08:12:39.502+0000] {processor.py:161} INFO - Started process (PID=1079) to work on /home/airflow/.local/lib/python3.8/site-packages/airflow/example_dags/tutorial_taskflow_api.py
[2024-04-02T08:12:39.504+0000] {processor.py:830} INFO - Processing file /home/airflow/.local/lib/python3.8/site-packages/airflow/example_dags/tutorial_taskflow_api.py for tasks to queue
[2024-04-02T08:12:39.507+0000] {logging_mixin.py:188} INFO - [2024-04-02T08:12:39.506+0000] {dagbag.py:540} INFO - Filling up the DagBag from /home/airflow/.local/lib/python3.8/site-packages/airflow/example_dags/tutorial_taskflow_api.py
[2024-04-02T08:12:39.517+0000] {processor.py:840} INFO - DAG(s) 'tutorial_taskflow_api' retrieved from /home/airflow/.local/lib/python3.8/site-packages/airflow/example_dags/tutorial_taskflow_api.py
[2024-04-02T08:12:39.553+0000] {logging_mixin.py:188} INFO - [2024-04-02T08:12:39.551+0000] {dag.py:3047} INFO - Sync 1 DAGs
[2024-04-02T08:12:39.575+0000] {logging_mixin.py:188} INFO - [2024-04-02T08:12:39.575+0000] {dag.py:3834} INFO - Setting next_dagrun for tutorial_taskflow_api to None, run_after=None
[2024-04-02T08:12:39.615+0000] {processor.py:183} INFO - Processing /home/airflow/.local/lib/python3.8/site-packages/airflow/example_dags/tutorial_taskflow_api.py took 0.116 seconds
[2024-04-02T08:13:10.325+0000] {processor.py:161} INFO - Started process (PID=1135) to work on /home/airflow/.local/lib/python3.8/site-packages/airflow/example_dags/tutorial_taskflow_api.py
[2024-04-02T08:13:10.326+0000] {processor.py:830} INFO - Processing file /home/airflow/.local/lib/python3.8/site-packages/airflow/example_dags/tutorial_taskflow_api.py for tasks to queue
[2024-04-02T08:13:10.328+0000] {logging_mixin.py:188} INFO - [2024-04-02T08:13:10.328+0000] {dagbag.py:540} INFO - Filling up the DagBag from /home/airflow/.local/lib/python3.8/site-packages/airflow/example_dags/tutorial_taskflow_api.py
[2024-04-02T08:13:10.336+0000] {processor.py:840} INFO - DAG(s) 'tutorial_taskflow_api' retrieved from /home/airflow/.local/lib/python3.8/site-packages/airflow/example_dags/tutorial_taskflow_api.py
[2024-04-02T08:13:10.365+0000] {logging_mixin.py:188} INFO - [2024-04-02T08:13:10.364+0000] {dag.py:3047} INFO - Sync 1 DAGs
[2024-04-02T08:13:10.384+0000] {logging_mixin.py:188} INFO - [2024-04-02T08:13:10.384+0000] {dag.py:3834} INFO - Setting next_dagrun for tutorial_taskflow_api to None, run_after=None
[2024-04-02T08:13:10.419+0000] {processor.py:183} INFO - Processing /home/airflow/.local/lib/python3.8/site-packages/airflow/example_dags/tutorial_taskflow_api.py took 0.099 seconds
[2024-04-02T08:13:40.646+0000] {processor.py:161} INFO - Started process (PID=1189) to work on /home/airflow/.local/lib/python3.8/site-packages/airflow/example_dags/tutorial_taskflow_api.py
[2024-04-02T08:13:40.647+0000] {processor.py:830} INFO - Processing file /home/airflow/.local/lib/python3.8/site-packages/airflow/example_dags/tutorial_taskflow_api.py for tasks to queue
[2024-04-02T08:13:40.650+0000] {logging_mixin.py:188} INFO - [2024-04-02T08:13:40.649+0000] {dagbag.py:540} INFO - Filling up the DagBag from /home/airflow/.local/lib/python3.8/site-packages/airflow/example_dags/tutorial_taskflow_api.py
[2024-04-02T08:13:40.660+0000] {processor.py:840} INFO - DAG(s) 'tutorial_taskflow_api' retrieved from /home/airflow/.local/lib/python3.8/site-packages/airflow/example_dags/tutorial_taskflow_api.py
[2024-04-02T08:13:40.687+0000] {logging_mixin.py:188} INFO - [2024-04-02T08:13:40.686+0000] {dag.py:3047} INFO - Sync 1 DAGs
[2024-04-02T08:13:40.706+0000] {logging_mixin.py:188} INFO - [2024-04-02T08:13:40.705+0000] {dag.py:3834} INFO - Setting next_dagrun for tutorial_taskflow_api to None, run_after=None
[2024-04-02T08:13:40.740+0000] {processor.py:183} INFO - Processing /home/airflow/.local/lib/python3.8/site-packages/airflow/example_dags/tutorial_taskflow_api.py took 0.098 seconds
[2024-04-02T08:16:54.571+0000] {processor.py:161} INFO - Started process (PID=65) to work on /home/airflow/.local/lib/python3.8/site-packages/airflow/example_dags/tutorial_taskflow_api.py
[2024-04-02T08:16:54.577+0000] {processor.py:830} INFO - Processing file /home/airflow/.local/lib/python3.8/site-packages/airflow/example_dags/tutorial_taskflow_api.py for tasks to queue
[2024-04-02T08:16:54.585+0000] {logging_mixin.py:188} INFO - [2024-04-02T08:16:54.582+0000] {dagbag.py:540} INFO - Filling up the DagBag from /home/airflow/.local/lib/python3.8/site-packages/airflow/example_dags/tutorial_taskflow_api.py
[2024-04-02T08:16:54.606+0000] {processor.py:840} INFO - DAG(s) 'tutorial_taskflow_api' retrieved from /home/airflow/.local/lib/python3.8/site-packages/airflow/example_dags/tutorial_taskflow_api.py
[2024-04-02T08:16:54.918+0000] {logging_mixin.py:188} INFO - [2024-04-02T08:16:54.918+0000] {dag.py:3047} INFO - Sync 1 DAGs
[2024-04-02T08:16:54.943+0000] {logging_mixin.py:188} INFO - [2024-04-02T08:16:54.943+0000] {dag.py:3834} INFO - Setting next_dagrun for tutorial_taskflow_api to None, run_after=None
[2024-04-02T08:16:54.999+0000] {processor.py:183} INFO - Processing /home/airflow/.local/lib/python3.8/site-packages/airflow/example_dags/tutorial_taskflow_api.py took 0.435 seconds
[2024-04-02T08:17:25.386+0000] {processor.py:161} INFO - Started process (PID=121) to work on /home/airflow/.local/lib/python3.8/site-packages/airflow/example_dags/tutorial_taskflow_api.py
[2024-04-02T08:17:25.402+0000] {processor.py:830} INFO - Processing file /home/airflow/.local/lib/python3.8/site-packages/airflow/example_dags/tutorial_taskflow_api.py for tasks to queue
[2024-04-02T08:17:25.412+0000] {logging_mixin.py:188} INFO - [2024-04-02T08:17:25.411+0000] {dagbag.py:540} INFO - Filling up the DagBag from /home/airflow/.local/lib/python3.8/site-packages/airflow/example_dags/tutorial_taskflow_api.py
[2024-04-02T08:17:25.448+0000] {processor.py:840} INFO - DAG(s) 'tutorial_taskflow_api' retrieved from /home/airflow/.local/lib/python3.8/site-packages/airflow/example_dags/tutorial_taskflow_api.py
[2024-04-02T08:17:25.555+0000] {logging_mixin.py:188} INFO - [2024-04-02T08:17:25.554+0000] {dag.py:3047} INFO - Sync 1 DAGs
[2024-04-02T08:17:25.625+0000] {logging_mixin.py:188} INFO - [2024-04-02T08:17:25.624+0000] {dag.py:3834} INFO - Setting next_dagrun for tutorial_taskflow_api to None, run_after=None
[2024-04-02T08:17:25.899+0000] {processor.py:183} INFO - Processing /home/airflow/.local/lib/python3.8/site-packages/airflow/example_dags/tutorial_taskflow_api.py took 0.523 seconds
[2024-04-02T08:17:56.123+0000] {processor.py:161} INFO - Started process (PID=177) to work on /home/airflow/.local/lib/python3.8/site-packages/airflow/example_dags/tutorial_taskflow_api.py
[2024-04-02T08:17:56.124+0000] {processor.py:830} INFO - Processing file /home/airflow/.local/lib/python3.8/site-packages/airflow/example_dags/tutorial_taskflow_api.py for tasks to queue
[2024-04-02T08:17:56.127+0000] {logging_mixin.py:188} INFO - [2024-04-02T08:17:56.126+0000] {dagbag.py:540} INFO - Filling up the DagBag from /home/airflow/.local/lib/python3.8/site-packages/airflow/example_dags/tutorial_taskflow_api.py
[2024-04-02T08:17:56.139+0000] {processor.py:840} INFO - DAG(s) 'tutorial_taskflow_api' retrieved from /home/airflow/.local/lib/python3.8/site-packages/airflow/example_dags/tutorial_taskflow_api.py
[2024-04-02T08:17:56.175+0000] {logging_mixin.py:188} INFO - [2024-04-02T08:17:56.174+0000] {dag.py:3047} INFO - Sync 1 DAGs
[2024-04-02T08:17:56.196+0000] {logging_mixin.py:188} INFO - [2024-04-02T08:17:56.196+0000] {dag.py:3834} INFO - Setting next_dagrun for tutorial_taskflow_api to None, run_after=None
[2024-04-02T08:17:56.241+0000] {processor.py:183} INFO - Processing /home/airflow/.local/lib/python3.8/site-packages/airflow/example_dags/tutorial_taskflow_api.py took 0.123 seconds
[2024-04-02T08:18:26.456+0000] {processor.py:161} INFO - Started process (PID=233) to work on /home/airflow/.local/lib/python3.8/site-packages/airflow/example_dags/tutorial_taskflow_api.py
[2024-04-02T08:18:26.459+0000] {processor.py:830} INFO - Processing file /home/airflow/.local/lib/python3.8/site-packages/airflow/example_dags/tutorial_taskflow_api.py for tasks to queue
[2024-04-02T08:18:26.463+0000] {logging_mixin.py:188} INFO - [2024-04-02T08:18:26.462+0000] {dagbag.py:540} INFO - Filling up the DagBag from /home/airflow/.local/lib/python3.8/site-packages/airflow/example_dags/tutorial_taskflow_api.py
[2024-04-02T08:18:26.478+0000] {processor.py:840} INFO - DAG(s) 'tutorial_taskflow_api' retrieved from /home/airflow/.local/lib/python3.8/site-packages/airflow/example_dags/tutorial_taskflow_api.py
[2024-04-02T08:18:26.520+0000] {logging_mixin.py:188} INFO - [2024-04-02T08:18:26.519+0000] {dag.py:3047} INFO - Sync 1 DAGs
[2024-04-02T08:18:26.543+0000] {logging_mixin.py:188} INFO - [2024-04-02T08:18:26.542+0000] {dag.py:3834} INFO - Setting next_dagrun for tutorial_taskflow_api to None, run_after=None
[2024-04-02T08:18:26.582+0000] {processor.py:183} INFO - Processing /home/airflow/.local/lib/python3.8/site-packages/airflow/example_dags/tutorial_taskflow_api.py took 0.139 seconds
[2024-04-02T08:18:56.680+0000] {processor.py:161} INFO - Started process (PID=289) to work on /home/airflow/.local/lib/python3.8/site-packages/airflow/example_dags/tutorial_taskflow_api.py
[2024-04-02T08:18:56.701+0000] {processor.py:830} INFO - Processing file /home/airflow/.local/lib/python3.8/site-packages/airflow/example_dags/tutorial_taskflow_api.py for tasks to queue
[2024-04-02T08:18:56.704+0000] {logging_mixin.py:188} INFO - [2024-04-02T08:18:56.703+0000] {dagbag.py:540} INFO - Filling up the DagBag from /home/airflow/.local/lib/python3.8/site-packages/airflow/example_dags/tutorial_taskflow_api.py
[2024-04-02T08:18:56.713+0000] {processor.py:840} INFO - DAG(s) 'tutorial_taskflow_api' retrieved from /home/airflow/.local/lib/python3.8/site-packages/airflow/example_dags/tutorial_taskflow_api.py
[2024-04-02T08:18:56.741+0000] {logging_mixin.py:188} INFO - [2024-04-02T08:18:56.741+0000] {dag.py:3047} INFO - Sync 1 DAGs
[2024-04-02T08:18:56.759+0000] {logging_mixin.py:188} INFO - [2024-04-02T08:18:56.759+0000] {dag.py:3834} INFO - Setting next_dagrun for tutorial_taskflow_api to None, run_after=None
[2024-04-02T08:18:56.833+0000] {processor.py:183} INFO - Processing /home/airflow/.local/lib/python3.8/site-packages/airflow/example_dags/tutorial_taskflow_api.py took 0.156 seconds
[2024-04-02T08:19:26.905+0000] {processor.py:161} INFO - Started process (PID=344) to work on /home/airflow/.local/lib/python3.8/site-packages/airflow/example_dags/tutorial_taskflow_api.py
[2024-04-02T08:19:26.906+0000] {processor.py:830} INFO - Processing file /home/airflow/.local/lib/python3.8/site-packages/airflow/example_dags/tutorial_taskflow_api.py for tasks to queue
[2024-04-02T08:19:26.909+0000] {logging_mixin.py:188} INFO - [2024-04-02T08:19:26.908+0000] {dagbag.py:540} INFO - Filling up the DagBag from /home/airflow/.local/lib/python3.8/site-packages/airflow/example_dags/tutorial_taskflow_api.py
[2024-04-02T08:19:26.917+0000] {processor.py:840} INFO - DAG(s) 'tutorial_taskflow_api' retrieved from /home/airflow/.local/lib/python3.8/site-packages/airflow/example_dags/tutorial_taskflow_api.py
[2024-04-02T08:19:26.950+0000] {logging_mixin.py:188} INFO - [2024-04-02T08:19:26.949+0000] {dag.py:3047} INFO - Sync 1 DAGs
[2024-04-02T08:19:26.969+0000] {logging_mixin.py:188} INFO - [2024-04-02T08:19:26.969+0000] {dag.py:3834} INFO - Setting next_dagrun for tutorial_taskflow_api to None, run_after=None
[2024-04-02T08:19:27.002+0000] {processor.py:183} INFO - Processing /home/airflow/.local/lib/python3.8/site-packages/airflow/example_dags/tutorial_taskflow_api.py took 0.101 seconds
[2024-04-02T08:19:57.226+0000] {processor.py:161} INFO - Started process (PID=400) to work on /home/airflow/.local/lib/python3.8/site-packages/airflow/example_dags/tutorial_taskflow_api.py
[2024-04-02T08:19:57.228+0000] {processor.py:830} INFO - Processing file /home/airflow/.local/lib/python3.8/site-packages/airflow/example_dags/tutorial_taskflow_api.py for tasks to queue
[2024-04-02T08:19:57.230+0000] {logging_mixin.py:188} INFO - [2024-04-02T08:19:57.230+0000] {dagbag.py:540} INFO - Filling up the DagBag from /home/airflow/.local/lib/python3.8/site-packages/airflow/example_dags/tutorial_taskflow_api.py
[2024-04-02T08:19:57.240+0000] {processor.py:840} INFO - DAG(s) 'tutorial_taskflow_api' retrieved from /home/airflow/.local/lib/python3.8/site-packages/airflow/example_dags/tutorial_taskflow_api.py
[2024-04-02T08:19:57.267+0000] {logging_mixin.py:188} INFO - [2024-04-02T08:19:57.266+0000] {dag.py:3047} INFO - Sync 1 DAGs
[2024-04-02T08:19:57.285+0000] {logging_mixin.py:188} INFO - [2024-04-02T08:19:57.284+0000] {dag.py:3834} INFO - Setting next_dagrun for tutorial_taskflow_api to None, run_after=None
[2024-04-02T08:19:57.316+0000] {processor.py:183} INFO - Processing /home/airflow/.local/lib/python3.8/site-packages/airflow/example_dags/tutorial_taskflow_api.py took 0.095 seconds
[2024-04-02T08:20:27.538+0000] {processor.py:161} INFO - Started process (PID=456) to work on /home/airflow/.local/lib/python3.8/site-packages/airflow/example_dags/tutorial_taskflow_api.py
[2024-04-02T08:20:27.539+0000] {processor.py:830} INFO - Processing file /home/airflow/.local/lib/python3.8/site-packages/airflow/example_dags/tutorial_taskflow_api.py for tasks to queue
[2024-04-02T08:20:27.542+0000] {logging_mixin.py:188} INFO - [2024-04-02T08:20:27.542+0000] {dagbag.py:540} INFO - Filling up the DagBag from /home/airflow/.local/lib/python3.8/site-packages/airflow/example_dags/tutorial_taskflow_api.py
[2024-04-02T08:20:27.550+0000] {processor.py:840} INFO - DAG(s) 'tutorial_taskflow_api' retrieved from /home/airflow/.local/lib/python3.8/site-packages/airflow/example_dags/tutorial_taskflow_api.py
[2024-04-02T08:20:27.579+0000] {logging_mixin.py:188} INFO - [2024-04-02T08:20:27.578+0000] {dag.py:3047} INFO - Sync 1 DAGs
[2024-04-02T08:20:27.598+0000] {logging_mixin.py:188} INFO - [2024-04-02T08:20:27.597+0000] {dag.py:3834} INFO - Setting next_dagrun for tutorial_taskflow_api to None, run_after=None
[2024-04-02T08:20:27.631+0000] {processor.py:183} INFO - Processing /home/airflow/.local/lib/python3.8/site-packages/airflow/example_dags/tutorial_taskflow_api.py took 0.097 seconds
[2024-04-02T08:20:57.808+0000] {processor.py:161} INFO - Started process (PID=512) to work on /home/airflow/.local/lib/python3.8/site-packages/airflow/example_dags/tutorial_taskflow_api.py
[2024-04-02T08:20:57.809+0000] {processor.py:830} INFO - Processing file /home/airflow/.local/lib/python3.8/site-packages/airflow/example_dags/tutorial_taskflow_api.py for tasks to queue
[2024-04-02T08:20:57.812+0000] {logging_mixin.py:188} INFO - [2024-04-02T08:20:57.811+0000] {dagbag.py:540} INFO - Filling up the DagBag from /home/airflow/.local/lib/python3.8/site-packages/airflow/example_dags/tutorial_taskflow_api.py
[2024-04-02T08:20:57.821+0000] {processor.py:840} INFO - DAG(s) 'tutorial_taskflow_api' retrieved from /home/airflow/.local/lib/python3.8/site-packages/airflow/example_dags/tutorial_taskflow_api.py
[2024-04-02T08:20:57.856+0000] {logging_mixin.py:188} INFO - [2024-04-02T08:20:57.856+0000] {dag.py:3047} INFO - Sync 1 DAGs
[2024-04-02T08:20:57.876+0000] {logging_mixin.py:188} INFO - [2024-04-02T08:20:57.876+0000] {dag.py:3834} INFO - Setting next_dagrun for tutorial_taskflow_api to None, run_after=None
[2024-04-02T08:20:57.909+0000] {processor.py:183} INFO - Processing /home/airflow/.local/lib/python3.8/site-packages/airflow/example_dags/tutorial_taskflow_api.py took 0.105 seconds
[2024-04-02T08:21:28.231+0000] {processor.py:161} INFO - Started process (PID=568) to work on /home/airflow/.local/lib/python3.8/site-packages/airflow/example_dags/tutorial_taskflow_api.py
[2024-04-02T08:21:28.233+0000] {processor.py:830} INFO - Processing file /home/airflow/.local/lib/python3.8/site-packages/airflow/example_dags/tutorial_taskflow_api.py for tasks to queue
[2024-04-02T08:21:28.237+0000] {logging_mixin.py:188} INFO - [2024-04-02T08:21:28.236+0000] {dagbag.py:540} INFO - Filling up the DagBag from /home/airflow/.local/lib/python3.8/site-packages/airflow/example_dags/tutorial_taskflow_api.py
[2024-04-02T08:21:28.250+0000] {processor.py:840} INFO - DAG(s) 'tutorial_taskflow_api' retrieved from /home/airflow/.local/lib/python3.8/site-packages/airflow/example_dags/tutorial_taskflow_api.py
[2024-04-02T08:21:28.280+0000] {logging_mixin.py:188} INFO - [2024-04-02T08:21:28.280+0000] {dag.py:3047} INFO - Sync 1 DAGs
[2024-04-02T08:21:28.304+0000] {logging_mixin.py:188} INFO - [2024-04-02T08:21:28.303+0000] {dag.py:3834} INFO - Setting next_dagrun for tutorial_taskflow_api to None, run_after=None
[2024-04-02T08:21:28.343+0000] {processor.py:183} INFO - Processing /home/airflow/.local/lib/python3.8/site-packages/airflow/example_dags/tutorial_taskflow_api.py took 0.116 seconds
[2024-04-02T08:21:58.740+0000] {processor.py:161} INFO - Started process (PID=625) to work on /home/airflow/.local/lib/python3.8/site-packages/airflow/example_dags/tutorial_taskflow_api.py
[2024-04-02T08:21:58.742+0000] {processor.py:830} INFO - Processing file /home/airflow/.local/lib/python3.8/site-packages/airflow/example_dags/tutorial_taskflow_api.py for tasks to queue
[2024-04-02T08:21:58.746+0000] {logging_mixin.py:188} INFO - [2024-04-02T08:21:58.745+0000] {dagbag.py:540} INFO - Filling up the DagBag from /home/airflow/.local/lib/python3.8/site-packages/airflow/example_dags/tutorial_taskflow_api.py
[2024-04-02T08:21:58.761+0000] {processor.py:840} INFO - DAG(s) 'tutorial_taskflow_api' retrieved from /home/airflow/.local/lib/python3.8/site-packages/airflow/example_dags/tutorial_taskflow_api.py
[2024-04-02T08:21:58.803+0000] {logging_mixin.py:188} INFO - [2024-04-02T08:21:58.803+0000] {dag.py:3047} INFO - Sync 1 DAGs
[2024-04-02T08:21:58.823+0000] {logging_mixin.py:188} INFO - [2024-04-02T08:21:58.823+0000] {dag.py:3834} INFO - Setting next_dagrun for tutorial_taskflow_api to None, run_after=None
[2024-04-02T08:21:58.867+0000] {processor.py:183} INFO - Processing /home/airflow/.local/lib/python3.8/site-packages/airflow/example_dags/tutorial_taskflow_api.py took 0.133 seconds
[2024-04-02T08:22:29.580+0000] {processor.py:161} INFO - Started process (PID=681) to work on /home/airflow/.local/lib/python3.8/site-packages/airflow/example_dags/tutorial_taskflow_api.py
[2024-04-02T08:22:29.582+0000] {processor.py:830} INFO - Processing file /home/airflow/.local/lib/python3.8/site-packages/airflow/example_dags/tutorial_taskflow_api.py for tasks to queue
[2024-04-02T08:22:29.585+0000] {logging_mixin.py:188} INFO - [2024-04-02T08:22:29.584+0000] {dagbag.py:540} INFO - Filling up the DagBag from /home/airflow/.local/lib/python3.8/site-packages/airflow/example_dags/tutorial_taskflow_api.py
[2024-04-02T08:22:29.598+0000] {processor.py:840} INFO - DAG(s) 'tutorial_taskflow_api' retrieved from /home/airflow/.local/lib/python3.8/site-packages/airflow/example_dags/tutorial_taskflow_api.py
[2024-04-02T08:22:29.643+0000] {logging_mixin.py:188} INFO - [2024-04-02T08:22:29.642+0000] {dag.py:3047} INFO - Sync 1 DAGs
[2024-04-02T08:22:29.665+0000] {logging_mixin.py:188} INFO - [2024-04-02T08:22:29.664+0000] {dag.py:3834} INFO - Setting next_dagrun for tutorial_taskflow_api to None, run_after=None
[2024-04-02T08:22:29.705+0000] {processor.py:183} INFO - Processing /home/airflow/.local/lib/python3.8/site-packages/airflow/example_dags/tutorial_taskflow_api.py took 0.135 seconds
[2024-04-02T08:22:59.749+0000] {processor.py:161} INFO - Started process (PID=737) to work on /home/airflow/.local/lib/python3.8/site-packages/airflow/example_dags/tutorial_taskflow_api.py
[2024-04-02T08:22:59.750+0000] {processor.py:830} INFO - Processing file /home/airflow/.local/lib/python3.8/site-packages/airflow/example_dags/tutorial_taskflow_api.py for tasks to queue
[2024-04-02T08:22:59.753+0000] {logging_mixin.py:188} INFO - [2024-04-02T08:22:59.753+0000] {dagbag.py:540} INFO - Filling up the DagBag from /home/airflow/.local/lib/python3.8/site-packages/airflow/example_dags/tutorial_taskflow_api.py
[2024-04-02T08:22:59.763+0000] {processor.py:840} INFO - DAG(s) 'tutorial_taskflow_api' retrieved from /home/airflow/.local/lib/python3.8/site-packages/airflow/example_dags/tutorial_taskflow_api.py
[2024-04-02T08:22:59.796+0000] {logging_mixin.py:188} INFO - [2024-04-02T08:22:59.796+0000] {dag.py:3047} INFO - Sync 1 DAGs
[2024-04-02T08:22:59.816+0000] {logging_mixin.py:188} INFO - [2024-04-02T08:22:59.816+0000] {dag.py:3834} INFO - Setting next_dagrun for tutorial_taskflow_api to None, run_after=None
[2024-04-02T08:22:59.853+0000] {processor.py:183} INFO - Processing /home/airflow/.local/lib/python3.8/site-packages/airflow/example_dags/tutorial_taskflow_api.py took 0.109 seconds
[2024-04-02T08:23:30.336+0000] {processor.py:161} INFO - Started process (PID=793) to work on /home/airflow/.local/lib/python3.8/site-packages/airflow/example_dags/tutorial_taskflow_api.py
[2024-04-02T08:23:30.338+0000] {processor.py:830} INFO - Processing file /home/airflow/.local/lib/python3.8/site-packages/airflow/example_dags/tutorial_taskflow_api.py for tasks to queue
[2024-04-02T08:23:30.343+0000] {logging_mixin.py:188} INFO - [2024-04-02T08:23:30.342+0000] {dagbag.py:540} INFO - Filling up the DagBag from /home/airflow/.local/lib/python3.8/site-packages/airflow/example_dags/tutorial_taskflow_api.py
[2024-04-02T08:23:30.360+0000] {processor.py:840} INFO - DAG(s) 'tutorial_taskflow_api' retrieved from /home/airflow/.local/lib/python3.8/site-packages/airflow/example_dags/tutorial_taskflow_api.py
[2024-04-02T08:23:30.416+0000] {logging_mixin.py:188} INFO - [2024-04-02T08:23:30.415+0000] {dag.py:3047} INFO - Sync 1 DAGs
[2024-04-02T08:23:30.446+0000] {logging_mixin.py:188} INFO - [2024-04-02T08:23:30.445+0000] {dag.py:3834} INFO - Setting next_dagrun for tutorial_taskflow_api to None, run_after=None
[2024-04-02T08:23:30.497+0000] {processor.py:183} INFO - Processing /home/airflow/.local/lib/python3.8/site-packages/airflow/example_dags/tutorial_taskflow_api.py took 0.168 seconds
[2024-04-02T08:24:01.065+0000] {processor.py:161} INFO - Started process (PID=849) to work on /home/airflow/.local/lib/python3.8/site-packages/airflow/example_dags/tutorial_taskflow_api.py
[2024-04-02T08:24:01.066+0000] {processor.py:830} INFO - Processing file /home/airflow/.local/lib/python3.8/site-packages/airflow/example_dags/tutorial_taskflow_api.py for tasks to queue
[2024-04-02T08:24:01.069+0000] {logging_mixin.py:188} INFO - [2024-04-02T08:24:01.068+0000] {dagbag.py:540} INFO - Filling up the DagBag from /home/airflow/.local/lib/python3.8/site-packages/airflow/example_dags/tutorial_taskflow_api.py
[2024-04-02T08:24:01.077+0000] {processor.py:840} INFO - DAG(s) 'tutorial_taskflow_api' retrieved from /home/airflow/.local/lib/python3.8/site-packages/airflow/example_dags/tutorial_taskflow_api.py
[2024-04-02T08:24:01.105+0000] {logging_mixin.py:188} INFO - [2024-04-02T08:24:01.105+0000] {dag.py:3047} INFO - Sync 1 DAGs
[2024-04-02T08:24:01.124+0000] {logging_mixin.py:188} INFO - [2024-04-02T08:24:01.124+0000] {dag.py:3834} INFO - Setting next_dagrun for tutorial_taskflow_api to None, run_after=None
[2024-04-02T08:24:01.159+0000] {processor.py:183} INFO - Processing /home/airflow/.local/lib/python3.8/site-packages/airflow/example_dags/tutorial_taskflow_api.py took 0.099 seconds
[2024-04-02T08:24:31.447+0000] {processor.py:161} INFO - Started process (PID=905) to work on /home/airflow/.local/lib/python3.8/site-packages/airflow/example_dags/tutorial_taskflow_api.py
[2024-04-02T08:24:31.449+0000] {processor.py:830} INFO - Processing file /home/airflow/.local/lib/python3.8/site-packages/airflow/example_dags/tutorial_taskflow_api.py for tasks to queue
[2024-04-02T08:24:31.452+0000] {logging_mixin.py:188} INFO - [2024-04-02T08:24:31.452+0000] {dagbag.py:540} INFO - Filling up the DagBag from /home/airflow/.local/lib/python3.8/site-packages/airflow/example_dags/tutorial_taskflow_api.py
[2024-04-02T08:24:31.463+0000] {processor.py:840} INFO - DAG(s) 'tutorial_taskflow_api' retrieved from /home/airflow/.local/lib/python3.8/site-packages/airflow/example_dags/tutorial_taskflow_api.py
[2024-04-02T08:24:31.499+0000] {logging_mixin.py:188} INFO - [2024-04-02T08:24:31.499+0000] {dag.py:3047} INFO - Sync 1 DAGs
[2024-04-02T08:24:31.521+0000] {logging_mixin.py:188} INFO - [2024-04-02T08:24:31.521+0000] {dag.py:3834} INFO - Setting next_dagrun for tutorial_taskflow_api to None, run_after=None
[2024-04-02T08:24:31.561+0000] {processor.py:183} INFO - Processing /home/airflow/.local/lib/python3.8/site-packages/airflow/example_dags/tutorial_taskflow_api.py took 0.119 seconds
[2024-04-02T08:25:01.754+0000] {processor.py:161} INFO - Started process (PID=961) to work on /home/airflow/.local/lib/python3.8/site-packages/airflow/example_dags/tutorial_taskflow_api.py
[2024-04-02T08:25:01.757+0000] {processor.py:830} INFO - Processing file /home/airflow/.local/lib/python3.8/site-packages/airflow/example_dags/tutorial_taskflow_api.py for tasks to queue
[2024-04-02T08:25:01.760+0000] {logging_mixin.py:188} INFO - [2024-04-02T08:25:01.759+0000] {dagbag.py:540} INFO - Filling up the DagBag from /home/airflow/.local/lib/python3.8/site-packages/airflow/example_dags/tutorial_taskflow_api.py
[2024-04-02T08:25:01.772+0000] {processor.py:840} INFO - DAG(s) 'tutorial_taskflow_api' retrieved from /home/airflow/.local/lib/python3.8/site-packages/airflow/example_dags/tutorial_taskflow_api.py
[2024-04-02T08:25:01.801+0000] {logging_mixin.py:188} INFO - [2024-04-02T08:25:01.800+0000] {dag.py:3047} INFO - Sync 1 DAGs
[2024-04-02T08:25:01.823+0000] {logging_mixin.py:188} INFO - [2024-04-02T08:25:01.822+0000] {dag.py:3834} INFO - Setting next_dagrun for tutorial_taskflow_api to None, run_after=None
[2024-04-02T08:25:01.862+0000] {processor.py:183} INFO - Processing /home/airflow/.local/lib/python3.8/site-packages/airflow/example_dags/tutorial_taskflow_api.py took 0.114 seconds
[2024-04-02T08:25:31.972+0000] {processor.py:161} INFO - Started process (PID=1016) to work on /home/airflow/.local/lib/python3.8/site-packages/airflow/example_dags/tutorial_taskflow_api.py
[2024-04-02T08:25:31.974+0000] {processor.py:830} INFO - Processing file /home/airflow/.local/lib/python3.8/site-packages/airflow/example_dags/tutorial_taskflow_api.py for tasks to queue
[2024-04-02T08:25:31.977+0000] {logging_mixin.py:188} INFO - [2024-04-02T08:25:31.976+0000] {dagbag.py:540} INFO - Filling up the DagBag from /home/airflow/.local/lib/python3.8/site-packages/airflow/example_dags/tutorial_taskflow_api.py
[2024-04-02T08:25:31.987+0000] {processor.py:840} INFO - DAG(s) 'tutorial_taskflow_api' retrieved from /home/airflow/.local/lib/python3.8/site-packages/airflow/example_dags/tutorial_taskflow_api.py
[2024-04-02T08:25:32.019+0000] {logging_mixin.py:188} INFO - [2024-04-02T08:25:32.019+0000] {dag.py:3047} INFO - Sync 1 DAGs
[2024-04-02T08:25:32.037+0000] {logging_mixin.py:188} INFO - [2024-04-02T08:25:32.037+0000] {dag.py:3834} INFO - Setting next_dagrun for tutorial_taskflow_api to None, run_after=None
[2024-04-02T08:25:32.073+0000] {processor.py:183} INFO - Processing /home/airflow/.local/lib/python3.8/site-packages/airflow/example_dags/tutorial_taskflow_api.py took 0.107 seconds
[2024-04-02T08:26:03.005+0000] {processor.py:161} INFO - Started process (PID=1072) to work on /home/airflow/.local/lib/python3.8/site-packages/airflow/example_dags/tutorial_taskflow_api.py
[2024-04-02T08:26:03.007+0000] {processor.py:830} INFO - Processing file /home/airflow/.local/lib/python3.8/site-packages/airflow/example_dags/tutorial_taskflow_api.py for tasks to queue
[2024-04-02T08:26:03.010+0000] {logging_mixin.py:188} INFO - [2024-04-02T08:26:03.010+0000] {dagbag.py:540} INFO - Filling up the DagBag from /home/airflow/.local/lib/python3.8/site-packages/airflow/example_dags/tutorial_taskflow_api.py
[2024-04-02T08:26:03.023+0000] {processor.py:840} INFO - DAG(s) 'tutorial_taskflow_api' retrieved from /home/airflow/.local/lib/python3.8/site-packages/airflow/example_dags/tutorial_taskflow_api.py
[2024-04-02T08:26:03.074+0000] {logging_mixin.py:188} INFO - [2024-04-02T08:26:03.073+0000] {dag.py:3047} INFO - Sync 1 DAGs
[2024-04-02T08:26:03.104+0000] {logging_mixin.py:188} INFO - [2024-04-02T08:26:03.104+0000] {dag.py:3834} INFO - Setting next_dagrun for tutorial_taskflow_api to None, run_after=None
[2024-04-02T08:26:03.152+0000] {processor.py:183} INFO - Processing /home/airflow/.local/lib/python3.8/site-packages/airflow/example_dags/tutorial_taskflow_api.py took 0.152 seconds
[2024-04-02T08:26:33.222+0000] {processor.py:161} INFO - Started process (PID=1128) to work on /home/airflow/.local/lib/python3.8/site-packages/airflow/example_dags/tutorial_taskflow_api.py
[2024-04-02T08:26:33.223+0000] {processor.py:830} INFO - Processing file /home/airflow/.local/lib/python3.8/site-packages/airflow/example_dags/tutorial_taskflow_api.py for tasks to queue
[2024-04-02T08:26:33.226+0000] {logging_mixin.py:188} INFO - [2024-04-02T08:26:33.225+0000] {dagbag.py:540} INFO - Filling up the DagBag from /home/airflow/.local/lib/python3.8/site-packages/airflow/example_dags/tutorial_taskflow_api.py
[2024-04-02T08:26:33.237+0000] {processor.py:840} INFO - DAG(s) 'tutorial_taskflow_api' retrieved from /home/airflow/.local/lib/python3.8/site-packages/airflow/example_dags/tutorial_taskflow_api.py
[2024-04-02T08:26:33.273+0000] {logging_mixin.py:188} INFO - [2024-04-02T08:26:33.273+0000] {dag.py:3047} INFO - Sync 1 DAGs
[2024-04-02T08:26:33.292+0000] {logging_mixin.py:188} INFO - [2024-04-02T08:26:33.292+0000] {dag.py:3834} INFO - Setting next_dagrun for tutorial_taskflow_api to None, run_after=None
[2024-04-02T08:26:33.337+0000] {processor.py:183} INFO - Processing /home/airflow/.local/lib/python3.8/site-packages/airflow/example_dags/tutorial_taskflow_api.py took 0.119 seconds
[2024-04-02T08:27:03.476+0000] {processor.py:161} INFO - Started process (PID=1183) to work on /home/airflow/.local/lib/python3.8/site-packages/airflow/example_dags/tutorial_taskflow_api.py
[2024-04-02T08:27:03.478+0000] {processor.py:830} INFO - Processing file /home/airflow/.local/lib/python3.8/site-packages/airflow/example_dags/tutorial_taskflow_api.py for tasks to queue
[2024-04-02T08:27:03.480+0000] {logging_mixin.py:188} INFO - [2024-04-02T08:27:03.480+0000] {dagbag.py:540} INFO - Filling up the DagBag from /home/airflow/.local/lib/python3.8/site-packages/airflow/example_dags/tutorial_taskflow_api.py
[2024-04-02T08:27:03.491+0000] {processor.py:840} INFO - DAG(s) 'tutorial_taskflow_api' retrieved from /home/airflow/.local/lib/python3.8/site-packages/airflow/example_dags/tutorial_taskflow_api.py
[2024-04-02T08:27:03.521+0000] {logging_mixin.py:188} INFO - [2024-04-02T08:27:03.521+0000] {dag.py:3047} INFO - Sync 1 DAGs
[2024-04-02T08:27:03.539+0000] {logging_mixin.py:188} INFO - [2024-04-02T08:27:03.539+0000] {dag.py:3834} INFO - Setting next_dagrun for tutorial_taskflow_api to None, run_after=None
[2024-04-02T08:27:03.577+0000] {processor.py:183} INFO - Processing /home/airflow/.local/lib/python3.8/site-packages/airflow/example_dags/tutorial_taskflow_api.py took 0.105 seconds
[2024-04-02T08:27:34.003+0000] {processor.py:161} INFO - Started process (PID=1239) to work on /home/airflow/.local/lib/python3.8/site-packages/airflow/example_dags/tutorial_taskflow_api.py
[2024-04-02T08:27:34.004+0000] {processor.py:830} INFO - Processing file /home/airflow/.local/lib/python3.8/site-packages/airflow/example_dags/tutorial_taskflow_api.py for tasks to queue
[2024-04-02T08:27:34.007+0000] {logging_mixin.py:188} INFO - [2024-04-02T08:27:34.006+0000] {dagbag.py:540} INFO - Filling up the DagBag from /home/airflow/.local/lib/python3.8/site-packages/airflow/example_dags/tutorial_taskflow_api.py
[2024-04-02T08:27:34.020+0000] {processor.py:840} INFO - DAG(s) 'tutorial_taskflow_api' retrieved from /home/airflow/.local/lib/python3.8/site-packages/airflow/example_dags/tutorial_taskflow_api.py
[2024-04-02T08:27:34.055+0000] {logging_mixin.py:188} INFO - [2024-04-02T08:27:34.054+0000] {dag.py:3047} INFO - Sync 1 DAGs
[2024-04-02T08:27:34.074+0000] {logging_mixin.py:188} INFO - [2024-04-02T08:27:34.074+0000] {dag.py:3834} INFO - Setting next_dagrun for tutorial_taskflow_api to None, run_after=None
[2024-04-02T08:27:34.112+0000] {processor.py:183} INFO - Processing /home/airflow/.local/lib/python3.8/site-packages/airflow/example_dags/tutorial_taskflow_api.py took 0.114 seconds
[2024-04-02T08:28:04.696+0000] {processor.py:161} INFO - Started process (PID=1295) to work on /home/airflow/.local/lib/python3.8/site-packages/airflow/example_dags/tutorial_taskflow_api.py
[2024-04-02T08:28:04.697+0000] {processor.py:830} INFO - Processing file /home/airflow/.local/lib/python3.8/site-packages/airflow/example_dags/tutorial_taskflow_api.py for tasks to queue
[2024-04-02T08:28:04.701+0000] {logging_mixin.py:188} INFO - [2024-04-02T08:28:04.700+0000] {dagbag.py:540} INFO - Filling up the DagBag from /home/airflow/.local/lib/python3.8/site-packages/airflow/example_dags/tutorial_taskflow_api.py
[2024-04-02T08:28:04.710+0000] {processor.py:840} INFO - DAG(s) 'tutorial_taskflow_api' retrieved from /home/airflow/.local/lib/python3.8/site-packages/airflow/example_dags/tutorial_taskflow_api.py
[2024-04-02T08:28:04.736+0000] {logging_mixin.py:188} INFO - [2024-04-02T08:28:04.735+0000] {dag.py:3047} INFO - Sync 1 DAGs
[2024-04-02T08:28:04.755+0000] {logging_mixin.py:188} INFO - [2024-04-02T08:28:04.754+0000] {dag.py:3834} INFO - Setting next_dagrun for tutorial_taskflow_api to None, run_after=None
[2024-04-02T08:28:04.788+0000] {processor.py:183} INFO - Processing /home/airflow/.local/lib/python3.8/site-packages/airflow/example_dags/tutorial_taskflow_api.py took 0.095 seconds
[2024-04-02T08:28:34.900+0000] {processor.py:161} INFO - Started process (PID=1351) to work on /home/airflow/.local/lib/python3.8/site-packages/airflow/example_dags/tutorial_taskflow_api.py
[2024-04-02T08:28:34.901+0000] {processor.py:830} INFO - Processing file /home/airflow/.local/lib/python3.8/site-packages/airflow/example_dags/tutorial_taskflow_api.py for tasks to queue
[2024-04-02T08:28:34.904+0000] {logging_mixin.py:188} INFO - [2024-04-02T08:28:34.903+0000] {dagbag.py:540} INFO - Filling up the DagBag from /home/airflow/.local/lib/python3.8/site-packages/airflow/example_dags/tutorial_taskflow_api.py
[2024-04-02T08:28:34.915+0000] {processor.py:840} INFO - DAG(s) 'tutorial_taskflow_api' retrieved from /home/airflow/.local/lib/python3.8/site-packages/airflow/example_dags/tutorial_taskflow_api.py
[2024-04-02T08:28:34.954+0000] {logging_mixin.py:188} INFO - [2024-04-02T08:28:34.954+0000] {dag.py:3047} INFO - Sync 1 DAGs
[2024-04-02T08:28:34.980+0000] {logging_mixin.py:188} INFO - [2024-04-02T08:28:34.979+0000] {dag.py:3834} INFO - Setting next_dagrun for tutorial_taskflow_api to None, run_after=None
[2024-04-02T08:28:35.015+0000] {processor.py:183} INFO - Processing /home/airflow/.local/lib/python3.8/site-packages/airflow/example_dags/tutorial_taskflow_api.py took 0.118 seconds
[2024-04-02T08:29:05.430+0000] {processor.py:161} INFO - Started process (PID=1405) to work on /home/airflow/.local/lib/python3.8/site-packages/airflow/example_dags/tutorial_taskflow_api.py
[2024-04-02T08:29:05.431+0000] {processor.py:830} INFO - Processing file /home/airflow/.local/lib/python3.8/site-packages/airflow/example_dags/tutorial_taskflow_api.py for tasks to queue
[2024-04-02T08:29:05.434+0000] {logging_mixin.py:188} INFO - [2024-04-02T08:29:05.434+0000] {dagbag.py:540} INFO - Filling up the DagBag from /home/airflow/.local/lib/python3.8/site-packages/airflow/example_dags/tutorial_taskflow_api.py
[2024-04-02T08:29:05.442+0000] {processor.py:840} INFO - DAG(s) 'tutorial_taskflow_api' retrieved from /home/airflow/.local/lib/python3.8/site-packages/airflow/example_dags/tutorial_taskflow_api.py
[2024-04-02T08:29:05.475+0000] {logging_mixin.py:188} INFO - [2024-04-02T08:29:05.475+0000] {dag.py:3047} INFO - Sync 1 DAGs
[2024-04-02T08:29:05.497+0000] {logging_mixin.py:188} INFO - [2024-04-02T08:29:05.497+0000] {dag.py:3834} INFO - Setting next_dagrun for tutorial_taskflow_api to None, run_after=None
[2024-04-02T08:29:05.535+0000] {processor.py:183} INFO - Processing /home/airflow/.local/lib/python3.8/site-packages/airflow/example_dags/tutorial_taskflow_api.py took 0.110 seconds
[2024-04-02T08:29:36.479+0000] {processor.py:161} INFO - Started process (PID=1461) to work on /home/airflow/.local/lib/python3.8/site-packages/airflow/example_dags/tutorial_taskflow_api.py
[2024-04-02T08:29:36.481+0000] {processor.py:830} INFO - Processing file /home/airflow/.local/lib/python3.8/site-packages/airflow/example_dags/tutorial_taskflow_api.py for tasks to queue
[2024-04-02T08:29:36.484+0000] {logging_mixin.py:188} INFO - [2024-04-02T08:29:36.483+0000] {dagbag.py:540} INFO - Filling up the DagBag from /home/airflow/.local/lib/python3.8/site-packages/airflow/example_dags/tutorial_taskflow_api.py
[2024-04-02T08:29:36.497+0000] {processor.py:840} INFO - DAG(s) 'tutorial_taskflow_api' retrieved from /home/airflow/.local/lib/python3.8/site-packages/airflow/example_dags/tutorial_taskflow_api.py
[2024-04-02T08:29:36.532+0000] {logging_mixin.py:188} INFO - [2024-04-02T08:29:36.532+0000] {dag.py:3047} INFO - Sync 1 DAGs
[2024-04-02T08:29:36.556+0000] {logging_mixin.py:188} INFO - [2024-04-02T08:29:36.555+0000] {dag.py:3834} INFO - Setting next_dagrun for tutorial_taskflow_api to None, run_after=None
[2024-04-02T08:29:36.598+0000] {processor.py:183} INFO - Processing /home/airflow/.local/lib/python3.8/site-packages/airflow/example_dags/tutorial_taskflow_api.py took 0.123 seconds
[2024-04-02T08:30:07.324+0000] {processor.py:161} INFO - Started process (PID=1517) to work on /home/airflow/.local/lib/python3.8/site-packages/airflow/example_dags/tutorial_taskflow_api.py
[2024-04-02T08:30:07.325+0000] {processor.py:830} INFO - Processing file /home/airflow/.local/lib/python3.8/site-packages/airflow/example_dags/tutorial_taskflow_api.py for tasks to queue
[2024-04-02T08:30:07.328+0000] {logging_mixin.py:188} INFO - [2024-04-02T08:30:07.328+0000] {dagbag.py:540} INFO - Filling up the DagBag from /home/airflow/.local/lib/python3.8/site-packages/airflow/example_dags/tutorial_taskflow_api.py
[2024-04-02T08:30:07.343+0000] {processor.py:840} INFO - DAG(s) 'tutorial_taskflow_api' retrieved from /home/airflow/.local/lib/python3.8/site-packages/airflow/example_dags/tutorial_taskflow_api.py
[2024-04-02T08:30:07.381+0000] {logging_mixin.py:188} INFO - [2024-04-02T08:30:07.381+0000] {dag.py:3047} INFO - Sync 1 DAGs
[2024-04-02T08:30:07.404+0000] {logging_mixin.py:188} INFO - [2024-04-02T08:30:07.404+0000] {dag.py:3834} INFO - Setting next_dagrun for tutorial_taskflow_api to None, run_after=None
[2024-04-02T08:30:07.447+0000] {processor.py:183} INFO - Processing /home/airflow/.local/lib/python3.8/site-packages/airflow/example_dags/tutorial_taskflow_api.py took 0.129 seconds
[2024-04-02T08:30:38.055+0000] {processor.py:161} INFO - Started process (PID=1573) to work on /home/airflow/.local/lib/python3.8/site-packages/airflow/example_dags/tutorial_taskflow_api.py
[2024-04-02T08:30:38.056+0000] {processor.py:830} INFO - Processing file /home/airflow/.local/lib/python3.8/site-packages/airflow/example_dags/tutorial_taskflow_api.py for tasks to queue
[2024-04-02T08:30:38.060+0000] {logging_mixin.py:188} INFO - [2024-04-02T08:30:38.059+0000] {dagbag.py:540} INFO - Filling up the DagBag from /home/airflow/.local/lib/python3.8/site-packages/airflow/example_dags/tutorial_taskflow_api.py
[2024-04-02T08:30:38.073+0000] {processor.py:840} INFO - DAG(s) 'tutorial_taskflow_api' retrieved from /home/airflow/.local/lib/python3.8/site-packages/airflow/example_dags/tutorial_taskflow_api.py
[2024-04-02T08:30:38.113+0000] {logging_mixin.py:188} INFO - [2024-04-02T08:30:38.112+0000] {dag.py:3047} INFO - Sync 1 DAGs
[2024-04-02T08:30:38.139+0000] {logging_mixin.py:188} INFO - [2024-04-02T08:30:38.139+0000] {dag.py:3834} INFO - Setting next_dagrun for tutorial_taskflow_api to None, run_after=None
[2024-04-02T08:30:38.186+0000] {processor.py:183} INFO - Processing /home/airflow/.local/lib/python3.8/site-packages/airflow/example_dags/tutorial_taskflow_api.py took 0.140 seconds
[2024-04-02T08:31:08.470+0000] {processor.py:161} INFO - Started process (PID=1629) to work on /home/airflow/.local/lib/python3.8/site-packages/airflow/example_dags/tutorial_taskflow_api.py
[2024-04-02T08:31:08.472+0000] {processor.py:830} INFO - Processing file /home/airflow/.local/lib/python3.8/site-packages/airflow/example_dags/tutorial_taskflow_api.py for tasks to queue
[2024-04-02T08:31:08.475+0000] {logging_mixin.py:188} INFO - [2024-04-02T08:31:08.474+0000] {dagbag.py:540} INFO - Filling up the DagBag from /home/airflow/.local/lib/python3.8/site-packages/airflow/example_dags/tutorial_taskflow_api.py
[2024-04-02T08:31:08.483+0000] {processor.py:840} INFO - DAG(s) 'tutorial_taskflow_api' retrieved from /home/airflow/.local/lib/python3.8/site-packages/airflow/example_dags/tutorial_taskflow_api.py
[2024-04-02T08:31:08.513+0000] {logging_mixin.py:188} INFO - [2024-04-02T08:31:08.513+0000] {dag.py:3047} INFO - Sync 1 DAGs
[2024-04-02T08:31:08.530+0000] {logging_mixin.py:188} INFO - [2024-04-02T08:31:08.530+0000] {dag.py:3834} INFO - Setting next_dagrun for tutorial_taskflow_api to None, run_after=None
[2024-04-02T08:31:08.568+0000] {processor.py:183} INFO - Processing /home/airflow/.local/lib/python3.8/site-packages/airflow/example_dags/tutorial_taskflow_api.py took 0.102 seconds
