[2024-04-02T07:44:55.605+0000] {processor.py:161} INFO - Started process (PID=34) to work on /opt/airflow/dags/airflow_dags.py
[2024-04-02T07:44:55.610+0000] {processor.py:830} INFO - Processing file /opt/airflow/dags/airflow_dags.py for tasks to queue
[2024-04-02T07:44:55.612+0000] {logging_mixin.py:188} INFO - [2024-04-02T07:44:55.612+0000] {dagbag.py:540} INFO - Filling up the DagBag from /opt/airflow/dags/airflow_dags.py
[2024-04-02T07:44:55.679+0000] {processor.py:840} INFO - DAG(s) 'data_ingestion_dag' retrieved from /opt/airflow/dags/airflow_dags.py
[2024-04-02T07:44:56.229+0000] {logging_mixin.py:188} INFO - [2024-04-02T07:44:56.229+0000] {dag.py:3047} INFO - Sync 1 DAGs
[2024-04-02T07:44:56.302+0000] {logging_mixin.py:188} INFO - [2024-04-02T07:44:56.301+0000] {dag.py:3834} INFO - Setting next_dagrun for data_ingestion_dag to 2024-04-01 00:00:00+00:00, run_after=2024-04-02 00:00:00+00:00
[2024-04-02T07:44:56.364+0000] {processor.py:183} INFO - Processing /opt/airflow/dags/airflow_dags.py took 0.765 seconds
[2024-04-02T07:45:31.010+0000] {processor.py:161} INFO - Started process (PID=90) to work on /opt/airflow/dags/airflow_dags.py
[2024-04-02T07:45:31.014+0000] {processor.py:830} INFO - Processing file /opt/airflow/dags/airflow_dags.py for tasks to queue
[2024-04-02T07:45:31.017+0000] {logging_mixin.py:188} INFO - [2024-04-02T07:45:31.016+0000] {dagbag.py:540} INFO - Filling up the DagBag from /opt/airflow/dags/airflow_dags.py
[2024-04-02T07:45:31.040+0000] {processor.py:840} INFO - DAG(s) 'data_ingestion_dag' retrieved from /opt/airflow/dags/airflow_dags.py
[2024-04-02T07:45:31.071+0000] {logging_mixin.py:188} INFO - [2024-04-02T07:45:31.071+0000] {dag.py:3047} INFO - Sync 1 DAGs
[2024-04-02T07:45:31.106+0000] {logging_mixin.py:188} INFO - [2024-04-02T07:45:31.105+0000] {dag.py:3834} INFO - Setting next_dagrun for data_ingestion_dag to 2024-04-02 00:00:00+00:00, run_after=2024-04-03 00:00:00+00:00
[2024-04-02T07:45:31.138+0000] {processor.py:183} INFO - Processing /opt/airflow/dags/airflow_dags.py took 0.133 seconds
[2024-04-02T07:46:01.930+0000] {processor.py:161} INFO - Started process (PID=143) to work on /opt/airflow/dags/airflow_dags.py
[2024-04-02T07:46:01.936+0000] {processor.py:830} INFO - Processing file /opt/airflow/dags/airflow_dags.py for tasks to queue
[2024-04-02T07:46:01.938+0000] {logging_mixin.py:188} INFO - [2024-04-02T07:46:01.938+0000] {dagbag.py:540} INFO - Filling up the DagBag from /opt/airflow/dags/airflow_dags.py
[2024-04-02T07:46:01.962+0000] {processor.py:840} INFO - DAG(s) 'data_ingestion_dag' retrieved from /opt/airflow/dags/airflow_dags.py
[2024-04-02T07:46:01.992+0000] {logging_mixin.py:188} INFO - [2024-04-02T07:46:01.992+0000] {dag.py:3047} INFO - Sync 1 DAGs
[2024-04-02T07:46:02.037+0000] {logging_mixin.py:188} INFO - [2024-04-02T07:46:02.037+0000] {dag.py:3834} INFO - Setting next_dagrun for data_ingestion_dag to 2024-04-02 00:00:00+00:00, run_after=2024-04-03 00:00:00+00:00
[2024-04-02T07:46:02.068+0000] {processor.py:183} INFO - Processing /opt/airflow/dags/airflow_dags.py took 0.142 seconds
[2024-04-02T07:46:32.567+0000] {processor.py:161} INFO - Started process (PID=199) to work on /opt/airflow/dags/airflow_dags.py
[2024-04-02T07:46:32.569+0000] {processor.py:830} INFO - Processing file /opt/airflow/dags/airflow_dags.py for tasks to queue
[2024-04-02T07:46:32.572+0000] {logging_mixin.py:188} INFO - [2024-04-02T07:46:32.571+0000] {dagbag.py:540} INFO - Filling up the DagBag from /opt/airflow/dags/airflow_dags.py
[2024-04-02T07:46:32.600+0000] {processor.py:840} INFO - DAG(s) 'data_ingestion_dag' retrieved from /opt/airflow/dags/airflow_dags.py
[2024-04-02T07:46:32.625+0000] {logging_mixin.py:188} INFO - [2024-04-02T07:46:32.625+0000] {dag.py:3047} INFO - Sync 1 DAGs
[2024-04-02T07:46:32.659+0000] {logging_mixin.py:188} INFO - [2024-04-02T07:46:32.659+0000] {dag.py:3834} INFO - Setting next_dagrun for data_ingestion_dag to 2024-04-02 00:00:00+00:00, run_after=2024-04-03 00:00:00+00:00
[2024-04-02T07:46:32.690+0000] {processor.py:183} INFO - Processing /opt/airflow/dags/airflow_dags.py took 0.128 seconds
[2024-04-02T07:47:04.526+0000] {processor.py:161} INFO - Started process (PID=255) to work on /opt/airflow/dags/airflow_dags.py
[2024-04-02T07:47:04.528+0000] {processor.py:830} INFO - Processing file /opt/airflow/dags/airflow_dags.py for tasks to queue
[2024-04-02T07:47:04.531+0000] {logging_mixin.py:188} INFO - [2024-04-02T07:47:04.530+0000] {dagbag.py:540} INFO - Filling up the DagBag from /opt/airflow/dags/airflow_dags.py
[2024-04-02T07:47:04.554+0000] {processor.py:840} INFO - DAG(s) 'data_ingestion_dag' retrieved from /opt/airflow/dags/airflow_dags.py
[2024-04-02T07:47:04.582+0000] {logging_mixin.py:188} INFO - [2024-04-02T07:47:04.581+0000] {dag.py:3047} INFO - Sync 1 DAGs
[2024-04-02T07:47:04.618+0000] {logging_mixin.py:188} INFO - [2024-04-02T07:47:04.617+0000] {dag.py:3834} INFO - Setting next_dagrun for data_ingestion_dag to 2024-04-02 00:00:00+00:00, run_after=2024-04-03 00:00:00+00:00
[2024-04-02T07:47:04.656+0000] {processor.py:183} INFO - Processing /opt/airflow/dags/airflow_dags.py took 0.133 seconds
[2024-04-02T07:47:34.972+0000] {processor.py:161} INFO - Started process (PID=311) to work on /opt/airflow/dags/airflow_dags.py
[2024-04-02T07:47:34.974+0000] {processor.py:830} INFO - Processing file /opt/airflow/dags/airflow_dags.py for tasks to queue
[2024-04-02T07:47:34.979+0000] {logging_mixin.py:188} INFO - [2024-04-02T07:47:34.978+0000] {dagbag.py:540} INFO - Filling up the DagBag from /opt/airflow/dags/airflow_dags.py
[2024-04-02T07:47:35.022+0000] {processor.py:840} INFO - DAG(s) 'data_ingestion_dag' retrieved from /opt/airflow/dags/airflow_dags.py
[2024-04-02T07:47:35.086+0000] {logging_mixin.py:188} INFO - [2024-04-02T07:47:35.085+0000] {dag.py:3047} INFO - Sync 1 DAGs
[2024-04-02T07:47:35.148+0000] {logging_mixin.py:188} INFO - [2024-04-02T07:47:35.147+0000] {dag.py:3834} INFO - Setting next_dagrun for data_ingestion_dag to 2024-04-02 00:00:00+00:00, run_after=2024-04-03 00:00:00+00:00
[2024-04-02T07:47:35.191+0000] {processor.py:183} INFO - Processing /opt/airflow/dags/airflow_dags.py took 0.225 seconds
[2024-04-02T07:48:05.631+0000] {processor.py:161} INFO - Started process (PID=373) to work on /opt/airflow/dags/airflow_dags.py
[2024-04-02T07:48:05.634+0000] {processor.py:830} INFO - Processing file /opt/airflow/dags/airflow_dags.py for tasks to queue
[2024-04-02T07:48:05.637+0000] {logging_mixin.py:188} INFO - [2024-04-02T07:48:05.636+0000] {dagbag.py:540} INFO - Filling up the DagBag from /opt/airflow/dags/airflow_dags.py
[2024-04-02T07:48:05.677+0000] {processor.py:840} INFO - DAG(s) 'data_ingestion_dag' retrieved from /opt/airflow/dags/airflow_dags.py
[2024-04-02T07:48:05.712+0000] {logging_mixin.py:188} INFO - [2024-04-02T07:48:05.711+0000] {dag.py:3047} INFO - Sync 1 DAGs
[2024-04-02T07:48:05.758+0000] {logging_mixin.py:188} INFO - [2024-04-02T07:48:05.757+0000] {dag.py:3834} INFO - Setting next_dagrun for data_ingestion_dag to 2024-04-02 00:00:00+00:00, run_after=2024-04-03 00:00:00+00:00
[2024-04-02T07:48:05.798+0000] {processor.py:183} INFO - Processing /opt/airflow/dags/airflow_dags.py took 0.171 seconds
[2024-04-02T07:48:35.853+0000] {processor.py:161} INFO - Started process (PID=426) to work on /opt/airflow/dags/airflow_dags.py
[2024-04-02T07:48:35.865+0000] {processor.py:830} INFO - Processing file /opt/airflow/dags/airflow_dags.py for tasks to queue
[2024-04-02T07:48:35.869+0000] {logging_mixin.py:188} INFO - [2024-04-02T07:48:35.868+0000] {dagbag.py:540} INFO - Filling up the DagBag from /opt/airflow/dags/airflow_dags.py
[2024-04-02T07:48:35.908+0000] {processor.py:840} INFO - DAG(s) 'data_ingestion_dag' retrieved from /opt/airflow/dags/airflow_dags.py
[2024-04-02T07:48:35.948+0000] {logging_mixin.py:188} INFO - [2024-04-02T07:48:35.947+0000] {dag.py:3047} INFO - Sync 1 DAGs
[2024-04-02T07:48:36.007+0000] {logging_mixin.py:188} INFO - [2024-04-02T07:48:36.006+0000] {dag.py:3834} INFO - Setting next_dagrun for data_ingestion_dag to 2024-04-02 00:00:00+00:00, run_after=2024-04-03 00:00:00+00:00
[2024-04-02T07:48:36.058+0000] {processor.py:183} INFO - Processing /opt/airflow/dags/airflow_dags.py took 0.210 seconds
[2024-04-02T07:49:06.173+0000] {processor.py:161} INFO - Started process (PID=482) to work on /opt/airflow/dags/airflow_dags.py
[2024-04-02T07:49:06.174+0000] {processor.py:830} INFO - Processing file /opt/airflow/dags/airflow_dags.py for tasks to queue
[2024-04-02T07:49:06.177+0000] {logging_mixin.py:188} INFO - [2024-04-02T07:49:06.177+0000] {dagbag.py:540} INFO - Filling up the DagBag from /opt/airflow/dags/airflow_dags.py
[2024-04-02T07:49:06.205+0000] {processor.py:840} INFO - DAG(s) 'data_ingestion_dag' retrieved from /opt/airflow/dags/airflow_dags.py
[2024-04-02T07:49:06.234+0000] {logging_mixin.py:188} INFO - [2024-04-02T07:49:06.234+0000] {dag.py:3047} INFO - Sync 1 DAGs
[2024-04-02T07:49:06.275+0000] {logging_mixin.py:188} INFO - [2024-04-02T07:49:06.275+0000] {dag.py:3834} INFO - Setting next_dagrun for data_ingestion_dag to 2024-04-02 00:00:00+00:00, run_after=2024-04-03 00:00:00+00:00
[2024-04-02T07:49:06.324+0000] {processor.py:183} INFO - Processing /opt/airflow/dags/airflow_dags.py took 0.155 seconds
[2024-04-02T07:49:36.427+0000] {processor.py:161} INFO - Started process (PID=538) to work on /opt/airflow/dags/airflow_dags.py
[2024-04-02T07:49:36.429+0000] {processor.py:830} INFO - Processing file /opt/airflow/dags/airflow_dags.py for tasks to queue
[2024-04-02T07:49:36.432+0000] {logging_mixin.py:188} INFO - [2024-04-02T07:49:36.431+0000] {dagbag.py:540} INFO - Filling up the DagBag from /opt/airflow/dags/airflow_dags.py
[2024-04-02T07:49:36.460+0000] {processor.py:840} INFO - DAG(s) 'data_ingestion_dag' retrieved from /opt/airflow/dags/airflow_dags.py
[2024-04-02T07:49:36.490+0000] {logging_mixin.py:188} INFO - [2024-04-02T07:49:36.489+0000] {dag.py:3047} INFO - Sync 1 DAGs
[2024-04-02T07:49:36.530+0000] {logging_mixin.py:188} INFO - [2024-04-02T07:49:36.529+0000] {dag.py:3834} INFO - Setting next_dagrun for data_ingestion_dag to 2024-04-02 00:00:00+00:00, run_after=2024-04-03 00:00:00+00:00
[2024-04-02T07:49:36.568+0000] {processor.py:183} INFO - Processing /opt/airflow/dags/airflow_dags.py took 0.145 seconds
[2024-04-02T07:50:06.696+0000] {processor.py:161} INFO - Started process (PID=594) to work on /opt/airflow/dags/airflow_dags.py
[2024-04-02T07:50:06.701+0000] {processor.py:830} INFO - Processing file /opt/airflow/dags/airflow_dags.py for tasks to queue
[2024-04-02T07:50:06.707+0000] {logging_mixin.py:188} INFO - [2024-04-02T07:50:06.705+0000] {dagbag.py:540} INFO - Filling up the DagBag from /opt/airflow/dags/airflow_dags.py
[2024-04-02T07:50:06.764+0000] {processor.py:840} INFO - DAG(s) 'data_ingestion_dag' retrieved from /opt/airflow/dags/airflow_dags.py
[2024-04-02T07:50:06.792+0000] {logging_mixin.py:188} INFO - [2024-04-02T07:50:06.792+0000] {dag.py:3047} INFO - Sync 1 DAGs
[2024-04-02T07:50:06.832+0000] {logging_mixin.py:188} INFO - [2024-04-02T07:50:06.831+0000] {dag.py:3834} INFO - Setting next_dagrun for data_ingestion_dag to 2024-04-02 00:00:00+00:00, run_after=2024-04-03 00:00:00+00:00
[2024-04-02T07:50:06.866+0000] {processor.py:183} INFO - Processing /opt/airflow/dags/airflow_dags.py took 0.177 seconds
[2024-04-02T07:50:37.634+0000] {processor.py:161} INFO - Started process (PID=643) to work on /opt/airflow/dags/airflow_dags.py
[2024-04-02T07:50:37.635+0000] {processor.py:830} INFO - Processing file /opt/airflow/dags/airflow_dags.py for tasks to queue
[2024-04-02T07:50:37.638+0000] {logging_mixin.py:188} INFO - [2024-04-02T07:50:37.638+0000] {dagbag.py:540} INFO - Filling up the DagBag from /opt/airflow/dags/airflow_dags.py
[2024-04-02T07:50:37.662+0000] {processor.py:840} INFO - DAG(s) 'data_ingestion_dag' retrieved from /opt/airflow/dags/airflow_dags.py
[2024-04-02T07:50:37.692+0000] {logging_mixin.py:188} INFO - [2024-04-02T07:50:37.691+0000] {dag.py:3047} INFO - Sync 1 DAGs
[2024-04-02T07:50:37.731+0000] {logging_mixin.py:188} INFO - [2024-04-02T07:50:37.731+0000] {dag.py:3834} INFO - Setting next_dagrun for data_ingestion_dag to 2024-04-02 00:00:00+00:00, run_after=2024-04-03 00:00:00+00:00
[2024-04-02T07:50:37.771+0000] {processor.py:183} INFO - Processing /opt/airflow/dags/airflow_dags.py took 0.142 seconds
[2024-04-02T07:51:08.085+0000] {processor.py:161} INFO - Started process (PID=698) to work on /opt/airflow/dags/airflow_dags.py
[2024-04-02T07:51:08.087+0000] {processor.py:830} INFO - Processing file /opt/airflow/dags/airflow_dags.py for tasks to queue
[2024-04-02T07:51:08.090+0000] {logging_mixin.py:188} INFO - [2024-04-02T07:51:08.089+0000] {dagbag.py:540} INFO - Filling up the DagBag from /opt/airflow/dags/airflow_dags.py
[2024-04-02T07:51:08.119+0000] {processor.py:840} INFO - DAG(s) 'data_ingestion_dag' retrieved from /opt/airflow/dags/airflow_dags.py
[2024-04-02T07:51:08.149+0000] {logging_mixin.py:188} INFO - [2024-04-02T07:51:08.148+0000] {dag.py:3047} INFO - Sync 1 DAGs
[2024-04-02T07:51:08.194+0000] {logging_mixin.py:188} INFO - [2024-04-02T07:51:08.193+0000] {dag.py:3834} INFO - Setting next_dagrun for data_ingestion_dag to 2024-04-02 00:00:00+00:00, run_after=2024-04-03 00:00:00+00:00
[2024-04-02T07:51:08.241+0000] {processor.py:183} INFO - Processing /opt/airflow/dags/airflow_dags.py took 0.161 seconds
[2024-04-02T07:51:38.317+0000] {processor.py:161} INFO - Started process (PID=753) to work on /opt/airflow/dags/airflow_dags.py
[2024-04-02T07:51:38.319+0000] {processor.py:830} INFO - Processing file /opt/airflow/dags/airflow_dags.py for tasks to queue
[2024-04-02T07:51:38.321+0000] {logging_mixin.py:188} INFO - [2024-04-02T07:51:38.321+0000] {dagbag.py:540} INFO - Filling up the DagBag from /opt/airflow/dags/airflow_dags.py
[2024-04-02T07:51:38.348+0000] {processor.py:840} INFO - DAG(s) 'data_ingestion_dag' retrieved from /opt/airflow/dags/airflow_dags.py
[2024-04-02T07:51:38.377+0000] {logging_mixin.py:188} INFO - [2024-04-02T07:51:38.376+0000] {dag.py:3047} INFO - Sync 1 DAGs
[2024-04-02T07:51:38.411+0000] {logging_mixin.py:188} INFO - [2024-04-02T07:51:38.410+0000] {dag.py:3834} INFO - Setting next_dagrun for data_ingestion_dag to 2024-04-02 00:00:00+00:00, run_after=2024-04-03 00:00:00+00:00
[2024-04-02T07:51:38.446+0000] {processor.py:183} INFO - Processing /opt/airflow/dags/airflow_dags.py took 0.133 seconds
[2024-04-02T07:52:08.840+0000] {processor.py:161} INFO - Started process (PID=809) to work on /opt/airflow/dags/airflow_dags.py
[2024-04-02T07:52:08.842+0000] {processor.py:830} INFO - Processing file /opt/airflow/dags/airflow_dags.py for tasks to queue
[2024-04-02T07:52:08.846+0000] {logging_mixin.py:188} INFO - [2024-04-02T07:52:08.846+0000] {dagbag.py:540} INFO - Filling up the DagBag from /opt/airflow/dags/airflow_dags.py
[2024-04-02T07:52:08.882+0000] {processor.py:840} INFO - DAG(s) 'data_ingestion_dag' retrieved from /opt/airflow/dags/airflow_dags.py
[2024-04-02T07:52:08.918+0000] {logging_mixin.py:188} INFO - [2024-04-02T07:52:08.918+0000] {dag.py:3047} INFO - Sync 1 DAGs
[2024-04-02T07:52:08.964+0000] {logging_mixin.py:188} INFO - [2024-04-02T07:52:08.963+0000] {dag.py:3834} INFO - Setting next_dagrun for data_ingestion_dag to 2024-04-02 00:00:00+00:00, run_after=2024-04-03 00:00:00+00:00
[2024-04-02T07:52:08.999+0000] {processor.py:183} INFO - Processing /opt/airflow/dags/airflow_dags.py took 0.165 seconds
[2024-04-02T07:52:39.049+0000] {processor.py:161} INFO - Started process (PID=865) to work on /opt/airflow/dags/airflow_dags.py
[2024-04-02T07:52:39.051+0000] {processor.py:830} INFO - Processing file /opt/airflow/dags/airflow_dags.py for tasks to queue
[2024-04-02T07:52:39.055+0000] {logging_mixin.py:188} INFO - [2024-04-02T07:52:39.054+0000] {dagbag.py:540} INFO - Filling up the DagBag from /opt/airflow/dags/airflow_dags.py
[2024-04-02T07:52:39.081+0000] {processor.py:840} INFO - DAG(s) 'data_ingestion_dag' retrieved from /opt/airflow/dags/airflow_dags.py
[2024-04-02T07:52:39.109+0000] {logging_mixin.py:188} INFO - [2024-04-02T07:52:39.109+0000] {dag.py:3047} INFO - Sync 1 DAGs
[2024-04-02T07:52:39.151+0000] {logging_mixin.py:188} INFO - [2024-04-02T07:52:39.151+0000] {dag.py:3834} INFO - Setting next_dagrun for data_ingestion_dag to 2024-04-02 00:00:00+00:00, run_after=2024-04-03 00:00:00+00:00
[2024-04-02T07:52:39.192+0000] {processor.py:183} INFO - Processing /opt/airflow/dags/airflow_dags.py took 0.148 seconds
[2024-04-02T07:53:09.592+0000] {processor.py:161} INFO - Started process (PID=921) to work on /opt/airflow/dags/airflow_dags.py
[2024-04-02T07:53:09.594+0000] {processor.py:830} INFO - Processing file /opt/airflow/dags/airflow_dags.py for tasks to queue
[2024-04-02T07:53:09.597+0000] {logging_mixin.py:188} INFO - [2024-04-02T07:53:09.596+0000] {dagbag.py:540} INFO - Filling up the DagBag from /opt/airflow/dags/airflow_dags.py
[2024-04-02T07:53:09.633+0000] {processor.py:840} INFO - DAG(s) 'data_ingestion_dag' retrieved from /opt/airflow/dags/airflow_dags.py
[2024-04-02T07:53:09.671+0000] {logging_mixin.py:188} INFO - [2024-04-02T07:53:09.670+0000] {dag.py:3047} INFO - Sync 1 DAGs
[2024-04-02T07:53:09.715+0000] {logging_mixin.py:188} INFO - [2024-04-02T07:53:09.715+0000] {dag.py:3834} INFO - Setting next_dagrun for data_ingestion_dag to 2024-04-02 00:00:00+00:00, run_after=2024-04-03 00:00:00+00:00
[2024-04-02T07:53:09.778+0000] {processor.py:183} INFO - Processing /opt/airflow/dags/airflow_dags.py took 0.192 seconds
[2024-04-02T07:53:40.005+0000] {processor.py:161} INFO - Started process (PID=973) to work on /opt/airflow/dags/airflow_dags.py
[2024-04-02T07:53:40.007+0000] {processor.py:830} INFO - Processing file /opt/airflow/dags/airflow_dags.py for tasks to queue
[2024-04-02T07:53:40.009+0000] {logging_mixin.py:188} INFO - [2024-04-02T07:53:40.009+0000] {dagbag.py:540} INFO - Filling up the DagBag from /opt/airflow/dags/airflow_dags.py
[2024-04-02T07:53:40.038+0000] {processor.py:840} INFO - DAG(s) 'data_ingestion_dag' retrieved from /opt/airflow/dags/airflow_dags.py
[2024-04-02T07:53:40.065+0000] {logging_mixin.py:188} INFO - [2024-04-02T07:53:40.064+0000] {dag.py:3047} INFO - Sync 1 DAGs
[2024-04-02T07:53:40.106+0000] {logging_mixin.py:188} INFO - [2024-04-02T07:53:40.105+0000] {dag.py:3834} INFO - Setting next_dagrun for data_ingestion_dag to 2024-04-02 00:00:00+00:00, run_after=2024-04-03 00:00:00+00:00
[2024-04-02T07:53:40.146+0000] {processor.py:183} INFO - Processing /opt/airflow/dags/airflow_dags.py took 0.146 seconds
[2024-04-02T07:54:10.316+0000] {processor.py:161} INFO - Started process (PID=1029) to work on /opt/airflow/dags/airflow_dags.py
[2024-04-02T07:54:10.318+0000] {processor.py:830} INFO - Processing file /opt/airflow/dags/airflow_dags.py for tasks to queue
[2024-04-02T07:54:10.321+0000] {logging_mixin.py:188} INFO - [2024-04-02T07:54:10.320+0000] {dagbag.py:540} INFO - Filling up the DagBag from /opt/airflow/dags/airflow_dags.py
[2024-04-02T07:54:10.347+0000] {processor.py:840} INFO - DAG(s) 'data_ingestion_dag' retrieved from /opt/airflow/dags/airflow_dags.py
[2024-04-02T07:54:10.376+0000] {logging_mixin.py:188} INFO - [2024-04-02T07:54:10.375+0000] {dag.py:3047} INFO - Sync 1 DAGs
[2024-04-02T07:54:10.415+0000] {logging_mixin.py:188} INFO - [2024-04-02T07:54:10.415+0000] {dag.py:3834} INFO - Setting next_dagrun for data_ingestion_dag to 2024-04-02 00:00:00+00:00, run_after=2024-04-03 00:00:00+00:00
[2024-04-02T07:54:10.458+0000] {processor.py:183} INFO - Processing /opt/airflow/dags/airflow_dags.py took 0.148 seconds
[2024-04-02T07:54:40.987+0000] {processor.py:161} INFO - Started process (PID=1085) to work on /opt/airflow/dags/airflow_dags.py
[2024-04-02T07:54:40.989+0000] {processor.py:830} INFO - Processing file /opt/airflow/dags/airflow_dags.py for tasks to queue
[2024-04-02T07:54:40.992+0000] {logging_mixin.py:188} INFO - [2024-04-02T07:54:40.991+0000] {dagbag.py:540} INFO - Filling up the DagBag from /opt/airflow/dags/airflow_dags.py
[2024-04-02T07:54:41.016+0000] {processor.py:840} INFO - DAG(s) 'data_ingestion_dag' retrieved from /opt/airflow/dags/airflow_dags.py
[2024-04-02T07:54:41.048+0000] {logging_mixin.py:188} INFO - [2024-04-02T07:54:41.048+0000] {dag.py:3047} INFO - Sync 1 DAGs
[2024-04-02T07:54:41.088+0000] {logging_mixin.py:188} INFO - [2024-04-02T07:54:41.088+0000] {dag.py:3834} INFO - Setting next_dagrun for data_ingestion_dag to 2024-04-02 00:00:00+00:00, run_after=2024-04-03 00:00:00+00:00
[2024-04-02T07:54:41.130+0000] {processor.py:183} INFO - Processing /opt/airflow/dags/airflow_dags.py took 0.149 seconds
[2024-04-02T07:55:11.583+0000] {processor.py:161} INFO - Started process (PID=1141) to work on /opt/airflow/dags/airflow_dags.py
[2024-04-02T07:55:11.584+0000] {processor.py:830} INFO - Processing file /opt/airflow/dags/airflow_dags.py for tasks to queue
[2024-04-02T07:55:11.588+0000] {logging_mixin.py:188} INFO - [2024-04-02T07:55:11.587+0000] {dagbag.py:540} INFO - Filling up the DagBag from /opt/airflow/dags/airflow_dags.py
[2024-04-02T07:55:11.615+0000] {processor.py:840} INFO - DAG(s) 'data_ingestion_dag' retrieved from /opt/airflow/dags/airflow_dags.py
[2024-04-02T07:55:11.646+0000] {logging_mixin.py:188} INFO - [2024-04-02T07:55:11.645+0000] {dag.py:3047} INFO - Sync 1 DAGs
[2024-04-02T07:55:11.692+0000] {logging_mixin.py:188} INFO - [2024-04-02T07:55:11.691+0000] {dag.py:3834} INFO - Setting next_dagrun for data_ingestion_dag to 2024-04-02 00:00:00+00:00, run_after=2024-04-03 00:00:00+00:00
[2024-04-02T07:55:11.740+0000] {processor.py:183} INFO - Processing /opt/airflow/dags/airflow_dags.py took 0.164 seconds
[2024-04-02T07:55:42.506+0000] {processor.py:161} INFO - Started process (PID=1197) to work on /opt/airflow/dags/airflow_dags.py
[2024-04-02T07:55:42.507+0000] {processor.py:830} INFO - Processing file /opt/airflow/dags/airflow_dags.py for tasks to queue
[2024-04-02T07:55:42.510+0000] {logging_mixin.py:188} INFO - [2024-04-02T07:55:42.510+0000] {dagbag.py:540} INFO - Filling up the DagBag from /opt/airflow/dags/airflow_dags.py
[2024-04-02T07:55:42.549+0000] {processor.py:840} INFO - DAG(s) 'data_ingestion_dag' retrieved from /opt/airflow/dags/airflow_dags.py
[2024-04-02T07:55:42.588+0000] {logging_mixin.py:188} INFO - [2024-04-02T07:55:42.588+0000] {dag.py:3047} INFO - Sync 1 DAGs
[2024-04-02T07:55:42.640+0000] {logging_mixin.py:188} INFO - [2024-04-02T07:55:42.640+0000] {dag.py:3834} INFO - Setting next_dagrun for data_ingestion_dag to 2024-04-02 00:00:00+00:00, run_after=2024-04-03 00:00:00+00:00
[2024-04-02T07:55:42.698+0000] {processor.py:183} INFO - Processing /opt/airflow/dags/airflow_dags.py took 0.196 seconds
[2024-04-02T07:56:13.398+0000] {processor.py:161} INFO - Started process (PID=1253) to work on /opt/airflow/dags/airflow_dags.py
[2024-04-02T07:56:13.399+0000] {processor.py:830} INFO - Processing file /opt/airflow/dags/airflow_dags.py for tasks to queue
[2024-04-02T07:56:13.402+0000] {logging_mixin.py:188} INFO - [2024-04-02T07:56:13.401+0000] {dagbag.py:540} INFO - Filling up the DagBag from /opt/airflow/dags/airflow_dags.py
[2024-04-02T07:56:13.432+0000] {processor.py:840} INFO - DAG(s) 'data_ingestion_dag' retrieved from /opt/airflow/dags/airflow_dags.py
[2024-04-02T07:56:13.462+0000] {logging_mixin.py:188} INFO - [2024-04-02T07:56:13.462+0000] {dag.py:3047} INFO - Sync 1 DAGs
[2024-04-02T07:56:13.499+0000] {logging_mixin.py:188} INFO - [2024-04-02T07:56:13.498+0000] {dag.py:3834} INFO - Setting next_dagrun for data_ingestion_dag to 2024-04-02 00:00:00+00:00, run_after=2024-04-03 00:00:00+00:00
[2024-04-02T07:56:13.545+0000] {processor.py:183} INFO - Processing /opt/airflow/dags/airflow_dags.py took 0.152 seconds
[2024-04-02T07:56:44.070+0000] {processor.py:161} INFO - Started process (PID=1309) to work on /opt/airflow/dags/airflow_dags.py
[2024-04-02T07:56:44.071+0000] {processor.py:830} INFO - Processing file /opt/airflow/dags/airflow_dags.py for tasks to queue
[2024-04-02T07:56:44.074+0000] {logging_mixin.py:188} INFO - [2024-04-02T07:56:44.074+0000] {dagbag.py:540} INFO - Filling up the DagBag from /opt/airflow/dags/airflow_dags.py
[2024-04-02T07:56:44.114+0000] {processor.py:840} INFO - DAG(s) 'data_ingestion_dag' retrieved from /opt/airflow/dags/airflow_dags.py
[2024-04-02T07:56:44.162+0000] {logging_mixin.py:188} INFO - [2024-04-02T07:56:44.161+0000] {dag.py:3047} INFO - Sync 1 DAGs
[2024-04-02T07:56:44.212+0000] {logging_mixin.py:188} INFO - [2024-04-02T07:56:44.209+0000] {dag.py:3834} INFO - Setting next_dagrun for data_ingestion_dag to 2024-04-02 00:00:00+00:00, run_after=2024-04-03 00:00:00+00:00
[2024-04-02T07:56:44.270+0000] {processor.py:183} INFO - Processing /opt/airflow/dags/airflow_dags.py took 0.204 seconds
[2024-04-02T07:57:14.400+0000] {processor.py:161} INFO - Started process (PID=1365) to work on /opt/airflow/dags/airflow_dags.py
[2024-04-02T07:57:14.402+0000] {processor.py:830} INFO - Processing file /opt/airflow/dags/airflow_dags.py for tasks to queue
[2024-04-02T07:57:14.405+0000] {logging_mixin.py:188} INFO - [2024-04-02T07:57:14.405+0000] {dagbag.py:540} INFO - Filling up the DagBag from /opt/airflow/dags/airflow_dags.py
[2024-04-02T07:57:14.437+0000] {processor.py:840} INFO - DAG(s) 'data_ingestion_dag' retrieved from /opt/airflow/dags/airflow_dags.py
[2024-04-02T07:57:14.477+0000] {logging_mixin.py:188} INFO - [2024-04-02T07:57:14.476+0000] {dag.py:3047} INFO - Sync 1 DAGs
[2024-04-02T07:57:14.527+0000] {logging_mixin.py:188} INFO - [2024-04-02T07:57:14.527+0000] {dag.py:3834} INFO - Setting next_dagrun for data_ingestion_dag to 2024-04-02 00:00:00+00:00, run_after=2024-04-03 00:00:00+00:00
[2024-04-02T07:57:14.584+0000] {processor.py:183} INFO - Processing /opt/airflow/dags/airflow_dags.py took 0.191 seconds
[2024-04-02T07:57:45.105+0000] {processor.py:161} INFO - Started process (PID=1421) to work on /opt/airflow/dags/airflow_dags.py
[2024-04-02T07:57:45.109+0000] {processor.py:830} INFO - Processing file /opt/airflow/dags/airflow_dags.py for tasks to queue
[2024-04-02T07:57:45.113+0000] {logging_mixin.py:188} INFO - [2024-04-02T07:57:45.112+0000] {dagbag.py:540} INFO - Filling up the DagBag from /opt/airflow/dags/airflow_dags.py
[2024-04-02T07:57:45.149+0000] {processor.py:840} INFO - DAG(s) 'data_ingestion_dag' retrieved from /opt/airflow/dags/airflow_dags.py
[2024-04-02T07:57:45.192+0000] {logging_mixin.py:188} INFO - [2024-04-02T07:57:45.191+0000] {dag.py:3047} INFO - Sync 1 DAGs
[2024-04-02T07:57:45.278+0000] {logging_mixin.py:188} INFO - [2024-04-02T07:57:45.277+0000] {dag.py:3834} INFO - Setting next_dagrun for data_ingestion_dag to 2024-04-02 00:00:00+00:00, run_after=2024-04-03 00:00:00+00:00
[2024-04-02T07:57:45.344+0000] {processor.py:183} INFO - Processing /opt/airflow/dags/airflow_dags.py took 0.246 seconds
[2024-04-02T07:58:15.829+0000] {processor.py:161} INFO - Started process (PID=1477) to work on /opt/airflow/dags/airflow_dags.py
[2024-04-02T07:58:15.830+0000] {processor.py:830} INFO - Processing file /opt/airflow/dags/airflow_dags.py for tasks to queue
[2024-04-02T07:58:15.833+0000] {logging_mixin.py:188} INFO - [2024-04-02T07:58:15.833+0000] {dagbag.py:540} INFO - Filling up the DagBag from /opt/airflow/dags/airflow_dags.py
[2024-04-02T07:58:15.861+0000] {processor.py:840} INFO - DAG(s) 'data_ingestion_dag' retrieved from /opt/airflow/dags/airflow_dags.py
[2024-04-02T07:58:15.891+0000] {logging_mixin.py:188} INFO - [2024-04-02T07:58:15.890+0000] {dag.py:3047} INFO - Sync 1 DAGs
[2024-04-02T07:58:15.942+0000] {logging_mixin.py:188} INFO - [2024-04-02T07:58:15.942+0000] {dag.py:3834} INFO - Setting next_dagrun for data_ingestion_dag to 2024-04-02 00:00:00+00:00, run_after=2024-04-03 00:00:00+00:00
[2024-04-02T07:58:16.024+0000] {processor.py:183} INFO - Processing /opt/airflow/dags/airflow_dags.py took 0.200 seconds
[2024-04-02T07:58:17.120+0000] {processor.py:161} INFO - Started process (PID=1488) to work on /opt/airflow/dags/airflow_dags.py
[2024-04-02T07:58:17.122+0000] {processor.py:830} INFO - Processing file /opt/airflow/dags/airflow_dags.py for tasks to queue
[2024-04-02T07:58:17.125+0000] {logging_mixin.py:188} INFO - [2024-04-02T07:58:17.124+0000] {dagbag.py:540} INFO - Filling up the DagBag from /opt/airflow/dags/airflow_dags.py
[2024-04-02T07:58:17.162+0000] {processor.py:840} INFO - DAG(s) 'data_ingestion_dag' retrieved from /opt/airflow/dags/airflow_dags.py
[2024-04-02T07:58:17.191+0000] {logging_mixin.py:188} INFO - [2024-04-02T07:58:17.190+0000] {dag.py:3047} INFO - Sync 1 DAGs
[2024-04-02T07:58:17.229+0000] {logging_mixin.py:188} INFO - [2024-04-02T07:58:17.229+0000] {dag.py:3834} INFO - Setting next_dagrun for data_ingestion_dag to 2024-04-02 00:00:00+00:00, run_after=2024-04-03 00:00:00+00:00
[2024-04-02T07:58:17.276+0000] {processor.py:183} INFO - Processing /opt/airflow/dags/airflow_dags.py took 0.160 seconds
[2024-04-02T08:03:04.728+0000] {processor.py:161} INFO - Started process (PID=40) to work on /opt/airflow/dags/airflow_dags.py
[2024-04-02T08:03:04.734+0000] {processor.py:830} INFO - Processing file /opt/airflow/dags/airflow_dags.py for tasks to queue
[2024-04-02T08:03:04.742+0000] {logging_mixin.py:188} INFO - [2024-04-02T08:03:04.741+0000] {dagbag.py:540} INFO - Filling up the DagBag from /opt/airflow/dags/airflow_dags.py
[2024-04-02T08:03:04.856+0000] {processor.py:840} INFO - DAG(s) 'data_ingestion_dag' retrieved from /opt/airflow/dags/airflow_dags.py
[2024-04-02T08:03:10.933+0000] {logging_mixin.py:188} INFO - [2024-04-02T08:03:10.932+0000] {dag.py:3047} INFO - Sync 1 DAGs
[2024-04-02T08:03:11.028+0000] {logging_mixin.py:188} INFO - [2024-04-02T08:03:11.028+0000] {dag.py:3834} INFO - Setting next_dagrun for data_ingestion_dag to 2024-04-02 00:00:00+00:00, run_after=2024-04-03 00:00:00+00:00
[2024-04-02T08:03:11.259+0000] {processor.py:183} INFO - Processing /opt/airflow/dags/airflow_dags.py took 6.536 seconds
[2024-04-02T08:03:41.989+0000] {processor.py:161} INFO - Started process (PID=96) to work on /opt/airflow/dags/airflow_dags.py
[2024-04-02T08:03:41.999+0000] {processor.py:830} INFO - Processing file /opt/airflow/dags/airflow_dags.py for tasks to queue
[2024-04-02T08:03:42.047+0000] {logging_mixin.py:188} INFO - [2024-04-02T08:03:42.044+0000] {dagbag.py:540} INFO - Filling up the DagBag from /opt/airflow/dags/airflow_dags.py
[2024-04-02T08:03:42.219+0000] {processor.py:840} INFO - DAG(s) 'data_ingestion_dag' retrieved from /opt/airflow/dags/airflow_dags.py
[2024-04-02T08:03:42.581+0000] {logging_mixin.py:188} INFO - [2024-04-02T08:03:42.580+0000] {dag.py:3047} INFO - Sync 1 DAGs
[2024-04-02T08:03:42.759+0000] {logging_mixin.py:188} INFO - [2024-04-02T08:03:42.759+0000] {dag.py:3834} INFO - Setting next_dagrun for data_ingestion_dag to 2024-04-02 00:00:00+00:00, run_after=2024-04-03 00:00:00+00:00
[2024-04-02T08:03:43.101+0000] {processor.py:183} INFO - Processing /opt/airflow/dags/airflow_dags.py took 1.260 seconds
[2024-04-02T08:04:13.391+0000] {processor.py:161} INFO - Started process (PID=150) to work on /opt/airflow/dags/airflow_dags.py
[2024-04-02T08:04:13.410+0000] {processor.py:830} INFO - Processing file /opt/airflow/dags/airflow_dags.py for tasks to queue
[2024-04-02T08:04:13.465+0000] {logging_mixin.py:188} INFO - [2024-04-02T08:04:13.463+0000] {dagbag.py:540} INFO - Filling up the DagBag from /opt/airflow/dags/airflow_dags.py
[2024-04-02T08:04:13.531+0000] {processor.py:840} INFO - DAG(s) 'data_ingestion_dag' retrieved from /opt/airflow/dags/airflow_dags.py
[2024-04-02T08:04:13.741+0000] {logging_mixin.py:188} INFO - [2024-04-02T08:04:13.741+0000] {dag.py:3047} INFO - Sync 1 DAGs
[2024-04-02T08:04:13.795+0000] {logging_mixin.py:188} INFO - [2024-04-02T08:04:13.794+0000] {dag.py:3834} INFO - Setting next_dagrun for data_ingestion_dag to 2024-04-02 00:00:00+00:00, run_after=2024-04-03 00:00:00+00:00
[2024-04-02T08:04:13.908+0000] {processor.py:183} INFO - Processing /opt/airflow/dags/airflow_dags.py took 0.524 seconds
[2024-04-02T08:04:44.048+0000] {processor.py:161} INFO - Started process (PID=206) to work on /opt/airflow/dags/airflow_dags.py
[2024-04-02T08:04:44.066+0000] {processor.py:830} INFO - Processing file /opt/airflow/dags/airflow_dags.py for tasks to queue
[2024-04-02T08:04:44.071+0000] {logging_mixin.py:188} INFO - [2024-04-02T08:04:44.070+0000] {dagbag.py:540} INFO - Filling up the DagBag from /opt/airflow/dags/airflow_dags.py
[2024-04-02T08:04:44.116+0000] {processor.py:840} INFO - DAG(s) 'data_ingestion_dag' retrieved from /opt/airflow/dags/airflow_dags.py
[2024-04-02T08:04:44.160+0000] {logging_mixin.py:188} INFO - [2024-04-02T08:04:44.159+0000] {dag.py:3047} INFO - Sync 1 DAGs
[2024-04-02T08:04:44.242+0000] {logging_mixin.py:188} INFO - [2024-04-02T08:04:44.241+0000] {dag.py:3834} INFO - Setting next_dagrun for data_ingestion_dag to 2024-04-02 00:00:00+00:00, run_after=2024-04-03 00:00:00+00:00
[2024-04-02T08:04:44.305+0000] {processor.py:183} INFO - Processing /opt/airflow/dags/airflow_dags.py took 0.263 seconds
[2024-04-02T08:05:14.530+0000] {processor.py:161} INFO - Started process (PID=262) to work on /opt/airflow/dags/airflow_dags.py
[2024-04-02T08:05:14.538+0000] {processor.py:830} INFO - Processing file /opt/airflow/dags/airflow_dags.py for tasks to queue
[2024-04-02T08:05:14.542+0000] {logging_mixin.py:188} INFO - [2024-04-02T08:05:14.541+0000] {dagbag.py:540} INFO - Filling up the DagBag from /opt/airflow/dags/airflow_dags.py
[2024-04-02T08:05:14.567+0000] {processor.py:840} INFO - DAG(s) 'data_ingestion_dag' retrieved from /opt/airflow/dags/airflow_dags.py
[2024-04-02T08:05:14.595+0000] {logging_mixin.py:188} INFO - [2024-04-02T08:05:14.595+0000] {dag.py:3047} INFO - Sync 1 DAGs
[2024-04-02T08:05:14.634+0000] {logging_mixin.py:188} INFO - [2024-04-02T08:05:14.633+0000] {dag.py:3834} INFO - Setting next_dagrun for data_ingestion_dag to 2024-04-02 00:00:00+00:00, run_after=2024-04-03 00:00:00+00:00
[2024-04-02T08:05:14.678+0000] {processor.py:183} INFO - Processing /opt/airflow/dags/airflow_dags.py took 0.156 seconds
[2024-04-02T08:05:45.004+0000] {processor.py:161} INFO - Started process (PID=318) to work on /opt/airflow/dags/airflow_dags.py
[2024-04-02T08:05:45.006+0000] {processor.py:830} INFO - Processing file /opt/airflow/dags/airflow_dags.py for tasks to queue
[2024-04-02T08:05:45.008+0000] {logging_mixin.py:188} INFO - [2024-04-02T08:05:45.008+0000] {dagbag.py:540} INFO - Filling up the DagBag from /opt/airflow/dags/airflow_dags.py
[2024-04-02T08:05:45.031+0000] {processor.py:840} INFO - DAG(s) 'data_ingestion_dag' retrieved from /opt/airflow/dags/airflow_dags.py
[2024-04-02T08:05:45.061+0000] {logging_mixin.py:188} INFO - [2024-04-02T08:05:45.061+0000] {dag.py:3047} INFO - Sync 1 DAGs
[2024-04-02T08:05:45.096+0000] {logging_mixin.py:188} INFO - [2024-04-02T08:05:45.096+0000] {dag.py:3834} INFO - Setting next_dagrun for data_ingestion_dag to 2024-04-02 00:00:00+00:00, run_after=2024-04-03 00:00:00+00:00
[2024-04-02T08:05:45.130+0000] {processor.py:183} INFO - Processing /opt/airflow/dags/airflow_dags.py took 0.134 seconds
[2024-04-02T08:06:15.831+0000] {processor.py:161} INFO - Started process (PID=374) to work on /opt/airflow/dags/airflow_dags.py
[2024-04-02T08:06:15.835+0000] {processor.py:830} INFO - Processing file /opt/airflow/dags/airflow_dags.py for tasks to queue
[2024-04-02T08:06:15.839+0000] {logging_mixin.py:188} INFO - [2024-04-02T08:06:15.838+0000] {dagbag.py:540} INFO - Filling up the DagBag from /opt/airflow/dags/airflow_dags.py
[2024-04-02T08:06:15.870+0000] {processor.py:840} INFO - DAG(s) 'data_ingestion_dag' retrieved from /opt/airflow/dags/airflow_dags.py
[2024-04-02T08:06:15.922+0000] {logging_mixin.py:188} INFO - [2024-04-02T08:06:15.922+0000] {dag.py:3047} INFO - Sync 1 DAGs
[2024-04-02T08:06:15.969+0000] {logging_mixin.py:188} INFO - [2024-04-02T08:06:15.968+0000] {dag.py:3834} INFO - Setting next_dagrun for data_ingestion_dag to 2024-04-02 00:00:00+00:00, run_after=2024-04-03 00:00:00+00:00
[2024-04-02T08:06:16.016+0000] {processor.py:183} INFO - Processing /opt/airflow/dags/airflow_dags.py took 0.191 seconds
[2024-04-02T08:06:46.275+0000] {processor.py:161} INFO - Started process (PID=430) to work on /opt/airflow/dags/airflow_dags.py
[2024-04-02T08:06:46.277+0000] {processor.py:830} INFO - Processing file /opt/airflow/dags/airflow_dags.py for tasks to queue
[2024-04-02T08:06:46.279+0000] {logging_mixin.py:188} INFO - [2024-04-02T08:06:46.279+0000] {dagbag.py:540} INFO - Filling up the DagBag from /opt/airflow/dags/airflow_dags.py
[2024-04-02T08:06:46.305+0000] {processor.py:840} INFO - DAG(s) 'data_ingestion_dag' retrieved from /opt/airflow/dags/airflow_dags.py
[2024-04-02T08:06:46.337+0000] {logging_mixin.py:188} INFO - [2024-04-02T08:06:46.336+0000] {dag.py:3047} INFO - Sync 1 DAGs
[2024-04-02T08:06:46.378+0000] {logging_mixin.py:188} INFO - [2024-04-02T08:06:46.377+0000] {dag.py:3834} INFO - Setting next_dagrun for data_ingestion_dag to 2024-04-02 00:00:00+00:00, run_after=2024-04-03 00:00:00+00:00
[2024-04-02T08:06:46.419+0000] {processor.py:183} INFO - Processing /opt/airflow/dags/airflow_dags.py took 0.149 seconds
[2024-04-02T08:07:16.475+0000] {processor.py:161} INFO - Started process (PID=486) to work on /opt/airflow/dags/airflow_dags.py
[2024-04-02T08:07:16.476+0000] {processor.py:830} INFO - Processing file /opt/airflow/dags/airflow_dags.py for tasks to queue
[2024-04-02T08:07:16.479+0000] {logging_mixin.py:188} INFO - [2024-04-02T08:07:16.479+0000] {dagbag.py:540} INFO - Filling up the DagBag from /opt/airflow/dags/airflow_dags.py
[2024-04-02T08:07:16.506+0000] {processor.py:840} INFO - DAG(s) 'data_ingestion_dag' retrieved from /opt/airflow/dags/airflow_dags.py
[2024-04-02T08:07:16.539+0000] {logging_mixin.py:188} INFO - [2024-04-02T08:07:16.538+0000] {dag.py:3047} INFO - Sync 1 DAGs
[2024-04-02T08:07:16.588+0000] {logging_mixin.py:188} INFO - [2024-04-02T08:07:16.588+0000] {dag.py:3834} INFO - Setting next_dagrun for data_ingestion_dag to 2024-04-02 00:00:00+00:00, run_after=2024-04-03 00:00:00+00:00
[2024-04-02T08:07:16.630+0000] {processor.py:183} INFO - Processing /opt/airflow/dags/airflow_dags.py took 0.159 seconds
[2024-04-02T08:07:46.712+0000] {processor.py:161} INFO - Started process (PID=542) to work on /opt/airflow/dags/airflow_dags.py
[2024-04-02T08:07:46.713+0000] {processor.py:830} INFO - Processing file /opt/airflow/dags/airflow_dags.py for tasks to queue
[2024-04-02T08:07:46.717+0000] {logging_mixin.py:188} INFO - [2024-04-02T08:07:46.716+0000] {dagbag.py:540} INFO - Filling up the DagBag from /opt/airflow/dags/airflow_dags.py
[2024-04-02T08:07:46.740+0000] {processor.py:840} INFO - DAG(s) 'data_ingestion_dag' retrieved from /opt/airflow/dags/airflow_dags.py
[2024-04-02T08:07:46.767+0000] {logging_mixin.py:188} INFO - [2024-04-02T08:07:46.767+0000] {dag.py:3047} INFO - Sync 1 DAGs
[2024-04-02T08:07:46.804+0000] {logging_mixin.py:188} INFO - [2024-04-02T08:07:46.804+0000] {dag.py:3834} INFO - Setting next_dagrun for data_ingestion_dag to 2024-04-02 00:00:00+00:00, run_after=2024-04-03 00:00:00+00:00
[2024-04-02T08:07:46.838+0000] {processor.py:183} INFO - Processing /opt/airflow/dags/airflow_dags.py took 0.130 seconds
[2024-04-02T08:08:17.108+0000] {processor.py:161} INFO - Started process (PID=598) to work on /opt/airflow/dags/airflow_dags.py
[2024-04-02T08:08:17.110+0000] {processor.py:830} INFO - Processing file /opt/airflow/dags/airflow_dags.py for tasks to queue
[2024-04-02T08:08:17.113+0000] {logging_mixin.py:188} INFO - [2024-04-02T08:08:17.112+0000] {dagbag.py:540} INFO - Filling up the DagBag from /opt/airflow/dags/airflow_dags.py
[2024-04-02T08:08:17.134+0000] {processor.py:840} INFO - DAG(s) 'data_ingestion_dag' retrieved from /opt/airflow/dags/airflow_dags.py
[2024-04-02T08:08:17.161+0000] {logging_mixin.py:188} INFO - [2024-04-02T08:08:17.161+0000] {dag.py:3047} INFO - Sync 1 DAGs
[2024-04-02T08:08:17.202+0000] {logging_mixin.py:188} INFO - [2024-04-02T08:08:17.202+0000] {dag.py:3834} INFO - Setting next_dagrun for data_ingestion_dag to 2024-04-02 00:00:00+00:00, run_after=2024-04-03 00:00:00+00:00
[2024-04-02T08:08:17.237+0000] {processor.py:183} INFO - Processing /opt/airflow/dags/airflow_dags.py took 0.134 seconds
[2024-04-02T08:08:47.543+0000] {processor.py:161} INFO - Started process (PID=654) to work on /opt/airflow/dags/airflow_dags.py
[2024-04-02T08:08:47.545+0000] {processor.py:830} INFO - Processing file /opt/airflow/dags/airflow_dags.py for tasks to queue
[2024-04-02T08:08:47.548+0000] {logging_mixin.py:188} INFO - [2024-04-02T08:08:47.548+0000] {dagbag.py:540} INFO - Filling up the DagBag from /opt/airflow/dags/airflow_dags.py
[2024-04-02T08:08:47.576+0000] {processor.py:840} INFO - DAG(s) 'data_ingestion_dag' retrieved from /opt/airflow/dags/airflow_dags.py
[2024-04-02T08:08:47.602+0000] {logging_mixin.py:188} INFO - [2024-04-02T08:08:47.602+0000] {dag.py:3047} INFO - Sync 1 DAGs
[2024-04-02T08:08:47.638+0000] {logging_mixin.py:188} INFO - [2024-04-02T08:08:47.638+0000] {dag.py:3834} INFO - Setting next_dagrun for data_ingestion_dag to 2024-04-02 00:00:00+00:00, run_after=2024-04-03 00:00:00+00:00
[2024-04-02T08:08:47.683+0000] {processor.py:183} INFO - Processing /opt/airflow/dags/airflow_dags.py took 0.148 seconds
[2024-04-02T08:09:17.894+0000] {processor.py:161} INFO - Started process (PID=710) to work on /opt/airflow/dags/airflow_dags.py
[2024-04-02T08:09:17.895+0000] {processor.py:830} INFO - Processing file /opt/airflow/dags/airflow_dags.py for tasks to queue
[2024-04-02T08:09:17.898+0000] {logging_mixin.py:188} INFO - [2024-04-02T08:09:17.898+0000] {dagbag.py:540} INFO - Filling up the DagBag from /opt/airflow/dags/airflow_dags.py
[2024-04-02T08:09:17.923+0000] {processor.py:840} INFO - DAG(s) 'data_ingestion_dag' retrieved from /opt/airflow/dags/airflow_dags.py
[2024-04-02T08:09:17.953+0000] {logging_mixin.py:188} INFO - [2024-04-02T08:09:17.953+0000] {dag.py:3047} INFO - Sync 1 DAGs
[2024-04-02T08:09:17.990+0000] {logging_mixin.py:188} INFO - [2024-04-02T08:09:17.990+0000] {dag.py:3834} INFO - Setting next_dagrun for data_ingestion_dag to 2024-04-02 00:00:00+00:00, run_after=2024-04-03 00:00:00+00:00
[2024-04-02T08:09:18.030+0000] {processor.py:183} INFO - Processing /opt/airflow/dags/airflow_dags.py took 0.142 seconds
[2024-04-02T08:09:48.662+0000] {processor.py:161} INFO - Started process (PID=766) to work on /opt/airflow/dags/airflow_dags.py
[2024-04-02T08:09:48.664+0000] {processor.py:830} INFO - Processing file /opt/airflow/dags/airflow_dags.py for tasks to queue
[2024-04-02T08:09:48.667+0000] {logging_mixin.py:188} INFO - [2024-04-02T08:09:48.666+0000] {dagbag.py:540} INFO - Filling up the DagBag from /opt/airflow/dags/airflow_dags.py
[2024-04-02T08:09:48.695+0000] {processor.py:840} INFO - DAG(s) 'data_ingestion_dag' retrieved from /opt/airflow/dags/airflow_dags.py
[2024-04-02T08:09:48.723+0000] {logging_mixin.py:188} INFO - [2024-04-02T08:09:48.723+0000] {dag.py:3047} INFO - Sync 1 DAGs
[2024-04-02T08:09:48.764+0000] {logging_mixin.py:188} INFO - [2024-04-02T08:09:48.763+0000] {dag.py:3834} INFO - Setting next_dagrun for data_ingestion_dag to 2024-04-02 00:00:00+00:00, run_after=2024-04-03 00:00:00+00:00
[2024-04-02T08:09:48.807+0000] {processor.py:183} INFO - Processing /opt/airflow/dags/airflow_dags.py took 0.151 seconds
[2024-04-02T08:10:18.961+0000] {processor.py:161} INFO - Started process (PID=822) to work on /opt/airflow/dags/airflow_dags.py
[2024-04-02T08:10:18.963+0000] {processor.py:830} INFO - Processing file /opt/airflow/dags/airflow_dags.py for tasks to queue
[2024-04-02T08:10:18.968+0000] {logging_mixin.py:188} INFO - [2024-04-02T08:10:18.966+0000] {dagbag.py:540} INFO - Filling up the DagBag from /opt/airflow/dags/airflow_dags.py
[2024-04-02T08:10:19.000+0000] {processor.py:840} INFO - DAG(s) 'data_ingestion_dag' retrieved from /opt/airflow/dags/airflow_dags.py
[2024-04-02T08:10:19.025+0000] {logging_mixin.py:188} INFO - [2024-04-02T08:10:19.024+0000] {dag.py:3047} INFO - Sync 1 DAGs
[2024-04-02T08:10:19.061+0000] {logging_mixin.py:188} INFO - [2024-04-02T08:10:19.061+0000] {dag.py:3834} INFO - Setting next_dagrun for data_ingestion_dag to 2024-04-02 00:00:00+00:00, run_after=2024-04-03 00:00:00+00:00
[2024-04-02T08:10:19.097+0000] {processor.py:183} INFO - Processing /opt/airflow/dags/airflow_dags.py took 0.142 seconds
[2024-04-02T08:10:49.548+0000] {processor.py:161} INFO - Started process (PID=878) to work on /opt/airflow/dags/airflow_dags.py
[2024-04-02T08:10:49.551+0000] {processor.py:830} INFO - Processing file /opt/airflow/dags/airflow_dags.py for tasks to queue
[2024-04-02T08:10:49.554+0000] {logging_mixin.py:188} INFO - [2024-04-02T08:10:49.554+0000] {dagbag.py:540} INFO - Filling up the DagBag from /opt/airflow/dags/airflow_dags.py
[2024-04-02T08:10:49.599+0000] {processor.py:840} INFO - DAG(s) 'data_ingestion_dag' retrieved from /opt/airflow/dags/airflow_dags.py
[2024-04-02T08:10:49.644+0000] {logging_mixin.py:188} INFO - [2024-04-02T08:10:49.644+0000] {dag.py:3047} INFO - Sync 1 DAGs
[2024-04-02T08:10:49.737+0000] {logging_mixin.py:188} INFO - [2024-04-02T08:10:49.736+0000] {dag.py:3834} INFO - Setting next_dagrun for data_ingestion_dag to 2024-04-02 00:00:00+00:00, run_after=2024-04-03 00:00:00+00:00
[2024-04-02T08:10:49.801+0000] {processor.py:183} INFO - Processing /opt/airflow/dags/airflow_dags.py took 0.261 seconds
[2024-04-02T08:11:20.652+0000] {processor.py:161} INFO - Started process (PID=934) to work on /opt/airflow/dags/airflow_dags.py
[2024-04-02T08:11:20.654+0000] {processor.py:830} INFO - Processing file /opt/airflow/dags/airflow_dags.py for tasks to queue
[2024-04-02T08:11:20.659+0000] {logging_mixin.py:188} INFO - [2024-04-02T08:11:20.658+0000] {dagbag.py:540} INFO - Filling up the DagBag from /opt/airflow/dags/airflow_dags.py
[2024-04-02T08:11:20.690+0000] {processor.py:840} INFO - DAG(s) 'data_ingestion_dag' retrieved from /opt/airflow/dags/airflow_dags.py
[2024-04-02T08:11:20.721+0000] {logging_mixin.py:188} INFO - [2024-04-02T08:11:20.720+0000] {dag.py:3047} INFO - Sync 1 DAGs
[2024-04-02T08:11:20.796+0000] {logging_mixin.py:188} INFO - [2024-04-02T08:11:20.795+0000] {dag.py:3834} INFO - Setting next_dagrun for data_ingestion_dag to 2024-04-02 00:00:00+00:00, run_after=2024-04-03 00:00:00+00:00
[2024-04-02T08:11:20.840+0000] {processor.py:183} INFO - Processing /opt/airflow/dags/airflow_dags.py took 0.194 seconds
[2024-04-02T08:11:51.820+0000] {processor.py:161} INFO - Started process (PID=990) to work on /opt/airflow/dags/airflow_dags.py
[2024-04-02T08:11:51.822+0000] {processor.py:830} INFO - Processing file /opt/airflow/dags/airflow_dags.py for tasks to queue
[2024-04-02T08:11:51.828+0000] {logging_mixin.py:188} INFO - [2024-04-02T08:11:51.828+0000] {dagbag.py:540} INFO - Filling up the DagBag from /opt/airflow/dags/airflow_dags.py
[2024-04-02T08:11:51.887+0000] {processor.py:840} INFO - DAG(s) 'data_ingestion_dag' retrieved from /opt/airflow/dags/airflow_dags.py
[2024-04-02T08:11:51.977+0000] {logging_mixin.py:188} INFO - [2024-04-02T08:11:51.977+0000] {dag.py:3047} INFO - Sync 1 DAGs
[2024-04-02T08:11:52.398+0000] {logging_mixin.py:188} INFO - [2024-04-02T08:11:52.397+0000] {dag.py:3834} INFO - Setting next_dagrun for data_ingestion_dag to 2024-04-02 00:00:00+00:00, run_after=2024-04-03 00:00:00+00:00
[2024-04-02T08:11:52.457+0000] {processor.py:183} INFO - Processing /opt/airflow/dags/airflow_dags.py took 0.644 seconds
[2024-04-02T08:12:23.240+0000] {processor.py:161} INFO - Started process (PID=1046) to work on /opt/airflow/dags/airflow_dags.py
[2024-04-02T08:12:23.243+0000] {processor.py:830} INFO - Processing file /opt/airflow/dags/airflow_dags.py for tasks to queue
[2024-04-02T08:12:23.249+0000] {logging_mixin.py:188} INFO - [2024-04-02T08:12:23.248+0000] {dagbag.py:540} INFO - Filling up the DagBag from /opt/airflow/dags/airflow_dags.py
[2024-04-02T08:12:23.284+0000] {processor.py:840} INFO - DAG(s) 'data_ingestion_dag' retrieved from /opt/airflow/dags/airflow_dags.py
[2024-04-02T08:12:23.329+0000] {logging_mixin.py:188} INFO - [2024-04-02T08:12:23.328+0000] {dag.py:3047} INFO - Sync 1 DAGs
[2024-04-02T08:12:23.383+0000] {logging_mixin.py:188} INFO - [2024-04-02T08:12:23.383+0000] {dag.py:3834} INFO - Setting next_dagrun for data_ingestion_dag to 2024-04-02 00:00:00+00:00, run_after=2024-04-03 00:00:00+00:00
[2024-04-02T08:12:23.429+0000] {processor.py:183} INFO - Processing /opt/airflow/dags/airflow_dags.py took 0.194 seconds
[2024-04-02T08:12:53.905+0000] {processor.py:161} INFO - Started process (PID=1102) to work on /opt/airflow/dags/airflow_dags.py
[2024-04-02T08:12:53.907+0000] {processor.py:830} INFO - Processing file /opt/airflow/dags/airflow_dags.py for tasks to queue
[2024-04-02T08:12:53.910+0000] {logging_mixin.py:188} INFO - [2024-04-02T08:12:53.909+0000] {dagbag.py:540} INFO - Filling up the DagBag from /opt/airflow/dags/airflow_dags.py
[2024-04-02T08:12:53.938+0000] {processor.py:840} INFO - DAG(s) 'data_ingestion_dag' retrieved from /opt/airflow/dags/airflow_dags.py
[2024-04-02T08:12:53.966+0000] {logging_mixin.py:188} INFO - [2024-04-02T08:12:53.966+0000] {dag.py:3047} INFO - Sync 1 DAGs
[2024-04-02T08:12:54.006+0000] {logging_mixin.py:188} INFO - [2024-04-02T08:12:54.005+0000] {dag.py:3834} INFO - Setting next_dagrun for data_ingestion_dag to 2024-04-02 00:00:00+00:00, run_after=2024-04-03 00:00:00+00:00
[2024-04-02T08:12:54.050+0000] {processor.py:183} INFO - Processing /opt/airflow/dags/airflow_dags.py took 0.150 seconds
[2024-04-02T08:13:24.820+0000] {processor.py:161} INFO - Started process (PID=1158) to work on /opt/airflow/dags/airflow_dags.py
[2024-04-02T08:13:24.822+0000] {processor.py:830} INFO - Processing file /opt/airflow/dags/airflow_dags.py for tasks to queue
[2024-04-02T08:13:24.824+0000] {logging_mixin.py:188} INFO - [2024-04-02T08:13:24.824+0000] {dagbag.py:540} INFO - Filling up the DagBag from /opt/airflow/dags/airflow_dags.py
[2024-04-02T08:13:24.850+0000] {processor.py:840} INFO - DAG(s) 'data_ingestion_dag' retrieved from /opt/airflow/dags/airflow_dags.py
[2024-04-02T08:13:24.877+0000] {logging_mixin.py:188} INFO - [2024-04-02T08:13:24.876+0000] {dag.py:3047} INFO - Sync 1 DAGs
[2024-04-02T08:13:24.921+0000] {logging_mixin.py:188} INFO - [2024-04-02T08:13:24.921+0000] {dag.py:3834} INFO - Setting next_dagrun for data_ingestion_dag to 2024-04-02 00:00:00+00:00, run_after=2024-04-03 00:00:00+00:00
[2024-04-02T08:13:24.967+0000] {processor.py:183} INFO - Processing /opt/airflow/dags/airflow_dags.py took 0.151 seconds
[2024-04-02T08:13:55.760+0000] {processor.py:161} INFO - Started process (PID=1214) to work on /opt/airflow/dags/airflow_dags.py
[2024-04-02T08:13:55.762+0000] {processor.py:830} INFO - Processing file /opt/airflow/dags/airflow_dags.py for tasks to queue
[2024-04-02T08:13:55.765+0000] {logging_mixin.py:188} INFO - [2024-04-02T08:13:55.764+0000] {dagbag.py:540} INFO - Filling up the DagBag from /opt/airflow/dags/airflow_dags.py
[2024-04-02T08:13:55.792+0000] {processor.py:840} INFO - DAG(s) 'data_ingestion_dag' retrieved from /opt/airflow/dags/airflow_dags.py
[2024-04-02T08:13:55.821+0000] {logging_mixin.py:188} INFO - [2024-04-02T08:13:55.820+0000] {dag.py:3047} INFO - Sync 1 DAGs
[2024-04-02T08:13:55.860+0000] {logging_mixin.py:188} INFO - [2024-04-02T08:13:55.859+0000] {dag.py:3834} INFO - Setting next_dagrun for data_ingestion_dag to 2024-04-02 00:00:00+00:00, run_after=2024-04-03 00:00:00+00:00
[2024-04-02T08:13:55.896+0000] {processor.py:183} INFO - Processing /opt/airflow/dags/airflow_dags.py took 0.140 seconds
[2024-04-02T08:16:39.916+0000] {processor.py:161} INFO - Started process (PID=40) to work on /opt/airflow/dags/airflow_dags.py
[2024-04-02T08:16:39.918+0000] {processor.py:830} INFO - Processing file /opt/airflow/dags/airflow_dags.py for tasks to queue
[2024-04-02T08:16:39.932+0000] {logging_mixin.py:188} INFO - [2024-04-02T08:16:39.930+0000] {dagbag.py:540} INFO - Filling up the DagBag from /opt/airflow/dags/airflow_dags.py
[2024-04-02T08:16:40.030+0000] {processor.py:840} INFO - DAG(s) 'data_ingestion_dag' retrieved from /opt/airflow/dags/airflow_dags.py
[2024-04-02T08:16:40.850+0000] {logging_mixin.py:188} INFO - [2024-04-02T08:16:40.849+0000] {dag.py:3047} INFO - Sync 1 DAGs
[2024-04-02T08:16:40.931+0000] {logging_mixin.py:188} INFO - [2024-04-02T08:16:40.929+0000] {dag.py:3834} INFO - Setting next_dagrun for data_ingestion_dag to 2024-04-02 00:00:00+00:00, run_after=2024-04-03 00:00:00+00:00
[2024-04-02T08:16:41.006+0000] {processor.py:183} INFO - Processing /opt/airflow/dags/airflow_dags.py took 1.096 seconds
[2024-04-02T08:17:11.191+0000] {processor.py:161} INFO - Started process (PID=96) to work on /opt/airflow/dags/airflow_dags.py
[2024-04-02T08:17:11.200+0000] {processor.py:830} INFO - Processing file /opt/airflow/dags/airflow_dags.py for tasks to queue
[2024-04-02T08:17:11.203+0000] {logging_mixin.py:188} INFO - [2024-04-02T08:17:11.203+0000] {dagbag.py:540} INFO - Filling up the DagBag from /opt/airflow/dags/airflow_dags.py
[2024-04-02T08:17:11.246+0000] {processor.py:840} INFO - DAG(s) 'data_ingestion_dag' retrieved from /opt/airflow/dags/airflow_dags.py
[2024-04-02T08:17:11.292+0000] {logging_mixin.py:188} INFO - [2024-04-02T08:17:11.291+0000] {dag.py:3047} INFO - Sync 1 DAGs
[2024-04-02T08:17:11.398+0000] {logging_mixin.py:188} INFO - [2024-04-02T08:17:11.398+0000] {dag.py:3834} INFO - Setting next_dagrun for data_ingestion_dag to 2024-04-02 00:00:00+00:00, run_after=2024-04-03 00:00:00+00:00
[2024-04-02T08:17:11.493+0000] {processor.py:183} INFO - Processing /opt/airflow/dags/airflow_dags.py took 0.366 seconds
[2024-04-02T08:17:41.709+0000] {processor.py:161} INFO - Started process (PID=152) to work on /opt/airflow/dags/airflow_dags.py
[2024-04-02T08:17:41.711+0000] {processor.py:830} INFO - Processing file /opt/airflow/dags/airflow_dags.py for tasks to queue
[2024-04-02T08:17:41.715+0000] {logging_mixin.py:188} INFO - [2024-04-02T08:17:41.714+0000] {dagbag.py:540} INFO - Filling up the DagBag from /opt/airflow/dags/airflow_dags.py
[2024-04-02T08:17:41.740+0000] {processor.py:840} INFO - DAG(s) 'data_ingestion_dag' retrieved from /opt/airflow/dags/airflow_dags.py
[2024-04-02T08:17:41.771+0000] {logging_mixin.py:188} INFO - [2024-04-02T08:17:41.771+0000] {dag.py:3047} INFO - Sync 1 DAGs
[2024-04-02T08:17:41.818+0000] {logging_mixin.py:188} INFO - [2024-04-02T08:17:41.818+0000] {dag.py:3834} INFO - Setting next_dagrun for data_ingestion_dag to 2024-04-02 00:00:00+00:00, run_after=2024-04-03 00:00:00+00:00
[2024-04-02T08:17:41.854+0000] {processor.py:183} INFO - Processing /opt/airflow/dags/airflow_dags.py took 0.150 seconds
[2024-04-02T08:18:12.323+0000] {processor.py:161} INFO - Started process (PID=208) to work on /opt/airflow/dags/airflow_dags.py
[2024-04-02T08:18:12.325+0000] {processor.py:830} INFO - Processing file /opt/airflow/dags/airflow_dags.py for tasks to queue
[2024-04-02T08:18:12.328+0000] {logging_mixin.py:188} INFO - [2024-04-02T08:18:12.328+0000] {dagbag.py:540} INFO - Filling up the DagBag from /opt/airflow/dags/airflow_dags.py
[2024-04-02T08:18:12.362+0000] {processor.py:840} INFO - DAG(s) 'data_ingestion_dag' retrieved from /opt/airflow/dags/airflow_dags.py
[2024-04-02T08:18:12.396+0000] {logging_mixin.py:188} INFO - [2024-04-02T08:18:12.396+0000] {dag.py:3047} INFO - Sync 1 DAGs
[2024-04-02T08:18:12.445+0000] {logging_mixin.py:188} INFO - [2024-04-02T08:18:12.445+0000] {dag.py:3834} INFO - Setting next_dagrun for data_ingestion_dag to 2024-04-02 00:00:00+00:00, run_after=2024-04-03 00:00:00+00:00
[2024-04-02T08:18:12.491+0000] {processor.py:183} INFO - Processing /opt/airflow/dags/airflow_dags.py took 0.173 seconds
[2024-04-02T08:18:42.700+0000] {processor.py:161} INFO - Started process (PID=264) to work on /opt/airflow/dags/airflow_dags.py
[2024-04-02T08:18:42.701+0000] {processor.py:830} INFO - Processing file /opt/airflow/dags/airflow_dags.py for tasks to queue
[2024-04-02T08:18:42.704+0000] {logging_mixin.py:188} INFO - [2024-04-02T08:18:42.704+0000] {dagbag.py:540} INFO - Filling up the DagBag from /opt/airflow/dags/airflow_dags.py
[2024-04-02T08:18:42.741+0000] {processor.py:840} INFO - DAG(s) 'data_ingestion_dag' retrieved from /opt/airflow/dags/airflow_dags.py
[2024-04-02T08:18:42.784+0000] {logging_mixin.py:188} INFO - [2024-04-02T08:18:42.783+0000] {dag.py:3047} INFO - Sync 1 DAGs
[2024-04-02T08:18:42.844+0000] {logging_mixin.py:188} INFO - [2024-04-02T08:18:42.843+0000] {dag.py:3834} INFO - Setting next_dagrun for data_ingestion_dag to 2024-04-02 00:00:00+00:00, run_after=2024-04-03 00:00:00+00:00
[2024-04-02T08:18:42.898+0000] {processor.py:183} INFO - Processing /opt/airflow/dags/airflow_dags.py took 0.204 seconds
[2024-04-02T08:19:13.055+0000] {processor.py:161} INFO - Started process (PID=320) to work on /opt/airflow/dags/airflow_dags.py
[2024-04-02T08:19:13.068+0000] {processor.py:830} INFO - Processing file /opt/airflow/dags/airflow_dags.py for tasks to queue
[2024-04-02T08:19:13.070+0000] {logging_mixin.py:188} INFO - [2024-04-02T08:19:13.070+0000] {dagbag.py:540} INFO - Filling up the DagBag from /opt/airflow/dags/airflow_dags.py
[2024-04-02T08:19:13.103+0000] {processor.py:840} INFO - DAG(s) 'data_ingestion_dag' retrieved from /opt/airflow/dags/airflow_dags.py
[2024-04-02T08:19:13.134+0000] {logging_mixin.py:188} INFO - [2024-04-02T08:19:13.133+0000] {dag.py:3047} INFO - Sync 1 DAGs
[2024-04-02T08:19:13.176+0000] {logging_mixin.py:188} INFO - [2024-04-02T08:19:13.176+0000] {dag.py:3834} INFO - Setting next_dagrun for data_ingestion_dag to 2024-04-02 00:00:00+00:00, run_after=2024-04-03 00:00:00+00:00
[2024-04-02T08:19:13.212+0000] {processor.py:183} INFO - Processing /opt/airflow/dags/airflow_dags.py took 0.161 seconds
[2024-04-02T08:19:43.274+0000] {processor.py:161} INFO - Started process (PID=376) to work on /opt/airflow/dags/airflow_dags.py
[2024-04-02T08:19:43.276+0000] {processor.py:830} INFO - Processing file /opt/airflow/dags/airflow_dags.py for tasks to queue
[2024-04-02T08:19:43.279+0000] {logging_mixin.py:188} INFO - [2024-04-02T08:19:43.278+0000] {dagbag.py:540} INFO - Filling up the DagBag from /opt/airflow/dags/airflow_dags.py
[2024-04-02T08:19:43.308+0000] {processor.py:840} INFO - DAG(s) 'data_ingestion_dag' retrieved from /opt/airflow/dags/airflow_dags.py
[2024-04-02T08:19:43.340+0000] {logging_mixin.py:188} INFO - [2024-04-02T08:19:43.339+0000] {dag.py:3047} INFO - Sync 1 DAGs
[2024-04-02T08:19:43.385+0000] {logging_mixin.py:188} INFO - [2024-04-02T08:19:43.384+0000] {dag.py:3834} INFO - Setting next_dagrun for data_ingestion_dag to 2024-04-02 00:00:00+00:00, run_after=2024-04-03 00:00:00+00:00
[2024-04-02T08:19:43.422+0000] {processor.py:183} INFO - Processing /opt/airflow/dags/airflow_dags.py took 0.152 seconds
[2024-04-02T08:20:13.520+0000] {processor.py:161} INFO - Started process (PID=432) to work on /opt/airflow/dags/airflow_dags.py
[2024-04-02T08:20:13.521+0000] {processor.py:830} INFO - Processing file /opt/airflow/dags/airflow_dags.py for tasks to queue
[2024-04-02T08:20:13.525+0000] {logging_mixin.py:188} INFO - [2024-04-02T08:20:13.525+0000] {dagbag.py:540} INFO - Filling up the DagBag from /opt/airflow/dags/airflow_dags.py
[2024-04-02T08:20:13.558+0000] {processor.py:840} INFO - DAG(s) 'data_ingestion_dag' retrieved from /opt/airflow/dags/airflow_dags.py
[2024-04-02T08:20:13.594+0000] {logging_mixin.py:188} INFO - [2024-04-02T08:20:13.594+0000] {dag.py:3047} INFO - Sync 1 DAGs
[2024-04-02T08:20:13.635+0000] {logging_mixin.py:188} INFO - [2024-04-02T08:20:13.635+0000] {dag.py:3834} INFO - Setting next_dagrun for data_ingestion_dag to 2024-04-02 00:00:00+00:00, run_after=2024-04-03 00:00:00+00:00
[2024-04-02T08:20:13.669+0000] {processor.py:183} INFO - Processing /opt/airflow/dags/airflow_dags.py took 0.154 seconds
[2024-04-02T08:20:43.950+0000] {processor.py:161} INFO - Started process (PID=488) to work on /opt/airflow/dags/airflow_dags.py
[2024-04-02T08:20:43.952+0000] {processor.py:830} INFO - Processing file /opt/airflow/dags/airflow_dags.py for tasks to queue
[2024-04-02T08:20:43.956+0000] {logging_mixin.py:188} INFO - [2024-04-02T08:20:43.955+0000] {dagbag.py:540} INFO - Filling up the DagBag from /opt/airflow/dags/airflow_dags.py
[2024-04-02T08:20:43.984+0000] {processor.py:840} INFO - DAG(s) 'data_ingestion_dag' retrieved from /opt/airflow/dags/airflow_dags.py
[2024-04-02T08:20:44.021+0000] {logging_mixin.py:188} INFO - [2024-04-02T08:20:44.020+0000] {dag.py:3047} INFO - Sync 1 DAGs
[2024-04-02T08:20:44.060+0000] {logging_mixin.py:188} INFO - [2024-04-02T08:20:44.060+0000] {dag.py:3834} INFO - Setting next_dagrun for data_ingestion_dag to 2024-04-02 00:00:00+00:00, run_after=2024-04-03 00:00:00+00:00
[2024-04-02T08:20:44.097+0000] {processor.py:183} INFO - Processing /opt/airflow/dags/airflow_dags.py took 0.152 seconds
[2024-04-02T08:21:14.217+0000] {processor.py:161} INFO - Started process (PID=544) to work on /opt/airflow/dags/airflow_dags.py
[2024-04-02T08:21:14.219+0000] {processor.py:830} INFO - Processing file /opt/airflow/dags/airflow_dags.py for tasks to queue
[2024-04-02T08:21:14.223+0000] {logging_mixin.py:188} INFO - [2024-04-02T08:21:14.223+0000] {dagbag.py:540} INFO - Filling up the DagBag from /opt/airflow/dags/airflow_dags.py
[2024-04-02T08:21:14.251+0000] {processor.py:840} INFO - DAG(s) 'data_ingestion_dag' retrieved from /opt/airflow/dags/airflow_dags.py
[2024-04-02T08:21:14.280+0000] {logging_mixin.py:188} INFO - [2024-04-02T08:21:14.279+0000] {dag.py:3047} INFO - Sync 1 DAGs
[2024-04-02T08:21:14.332+0000] {logging_mixin.py:188} INFO - [2024-04-02T08:21:14.331+0000] {dag.py:3834} INFO - Setting next_dagrun for data_ingestion_dag to 2024-04-02 00:00:00+00:00, run_after=2024-04-03 00:00:00+00:00
[2024-04-02T08:21:14.377+0000] {processor.py:183} INFO - Processing /opt/airflow/dags/airflow_dags.py took 0.164 seconds
[2024-04-02T08:21:44.994+0000] {processor.py:161} INFO - Started process (PID=600) to work on /opt/airflow/dags/airflow_dags.py
[2024-04-02T08:21:44.996+0000] {processor.py:830} INFO - Processing file /opt/airflow/dags/airflow_dags.py for tasks to queue
[2024-04-02T08:21:45.003+0000] {logging_mixin.py:188} INFO - [2024-04-02T08:21:45.002+0000] {dagbag.py:540} INFO - Filling up the DagBag from /opt/airflow/dags/airflow_dags.py
[2024-04-02T08:21:45.042+0000] {processor.py:840} INFO - DAG(s) 'data_ingestion_dag' retrieved from /opt/airflow/dags/airflow_dags.py
[2024-04-02T08:21:45.082+0000] {logging_mixin.py:188} INFO - [2024-04-02T08:21:45.081+0000] {dag.py:3047} INFO - Sync 1 DAGs
[2024-04-02T08:21:45.135+0000] {logging_mixin.py:188} INFO - [2024-04-02T08:21:45.134+0000] {dag.py:3834} INFO - Setting next_dagrun for data_ingestion_dag to 2024-04-02 00:00:00+00:00, run_after=2024-04-03 00:00:00+00:00
[2024-04-02T08:21:45.180+0000] {processor.py:183} INFO - Processing /opt/airflow/dags/airflow_dags.py took 0.191 seconds
[2024-04-02T08:22:15.496+0000] {processor.py:161} INFO - Started process (PID=654) to work on /opt/airflow/dags/airflow_dags.py
[2024-04-02T08:22:15.498+0000] {processor.py:830} INFO - Processing file /opt/airflow/dags/airflow_dags.py for tasks to queue
[2024-04-02T08:22:15.501+0000] {logging_mixin.py:188} INFO - [2024-04-02T08:22:15.500+0000] {dagbag.py:540} INFO - Filling up the DagBag from /opt/airflow/dags/airflow_dags.py
[2024-04-02T08:22:15.523+0000] {processor.py:840} INFO - DAG(s) 'data_ingestion_dag' retrieved from /opt/airflow/dags/airflow_dags.py
[2024-04-02T08:22:15.555+0000] {logging_mixin.py:188} INFO - [2024-04-02T08:22:15.554+0000] {dag.py:3047} INFO - Sync 1 DAGs
[2024-04-02T08:22:15.594+0000] {logging_mixin.py:188} INFO - [2024-04-02T08:22:15.593+0000] {dag.py:3834} INFO - Setting next_dagrun for data_ingestion_dag to 2024-04-02 00:00:00+00:00, run_after=2024-04-03 00:00:00+00:00
[2024-04-02T08:22:15.628+0000] {processor.py:183} INFO - Processing /opt/airflow/dags/airflow_dags.py took 0.136 seconds
[2024-04-02T08:22:46.408+0000] {processor.py:161} INFO - Started process (PID=710) to work on /opt/airflow/dags/airflow_dags.py
[2024-04-02T08:22:46.415+0000] {processor.py:830} INFO - Processing file /opt/airflow/dags/airflow_dags.py for tasks to queue
[2024-04-02T08:22:46.418+0000] {logging_mixin.py:188} INFO - [2024-04-02T08:22:46.418+0000] {dagbag.py:540} INFO - Filling up the DagBag from /opt/airflow/dags/airflow_dags.py
[2024-04-02T08:22:46.449+0000] {processor.py:840} INFO - DAG(s) 'data_ingestion_dag' retrieved from /opt/airflow/dags/airflow_dags.py
[2024-04-02T08:22:46.477+0000] {logging_mixin.py:188} INFO - [2024-04-02T08:22:46.477+0000] {dag.py:3047} INFO - Sync 1 DAGs
[2024-04-02T08:22:46.524+0000] {logging_mixin.py:188} INFO - [2024-04-02T08:22:46.524+0000] {dag.py:3834} INFO - Setting next_dagrun for data_ingestion_dag to 2024-04-02 00:00:00+00:00, run_after=2024-04-03 00:00:00+00:00
[2024-04-02T08:22:46.560+0000] {processor.py:183} INFO - Processing /opt/airflow/dags/airflow_dags.py took 0.157 seconds
[2024-04-02T08:23:16.772+0000] {processor.py:161} INFO - Started process (PID=766) to work on /opt/airflow/dags/airflow_dags.py
[2024-04-02T08:23:16.775+0000] {processor.py:830} INFO - Processing file /opt/airflow/dags/airflow_dags.py for tasks to queue
[2024-04-02T08:23:16.779+0000] {logging_mixin.py:188} INFO - [2024-04-02T08:23:16.779+0000] {dagbag.py:540} INFO - Filling up the DagBag from /opt/airflow/dags/airflow_dags.py
[2024-04-02T08:23:16.807+0000] {processor.py:840} INFO - DAG(s) 'data_ingestion_dag' retrieved from /opt/airflow/dags/airflow_dags.py
[2024-04-02T08:23:16.836+0000] {logging_mixin.py:188} INFO - [2024-04-02T08:23:16.836+0000] {dag.py:3047} INFO - Sync 1 DAGs
[2024-04-02T08:23:16.879+0000] {logging_mixin.py:188} INFO - [2024-04-02T08:23:16.879+0000] {dag.py:3834} INFO - Setting next_dagrun for data_ingestion_dag to 2024-04-02 00:00:00+00:00, run_after=2024-04-03 00:00:00+00:00
[2024-04-02T08:23:16.915+0000] {processor.py:183} INFO - Processing /opt/airflow/dags/airflow_dags.py took 0.149 seconds
[2024-04-02T08:23:47.050+0000] {processor.py:161} INFO - Started process (PID=822) to work on /opt/airflow/dags/airflow_dags.py
[2024-04-02T08:23:47.052+0000] {processor.py:830} INFO - Processing file /opt/airflow/dags/airflow_dags.py for tasks to queue
[2024-04-02T08:23:47.060+0000] {logging_mixin.py:188} INFO - [2024-04-02T08:23:47.058+0000] {dagbag.py:540} INFO - Filling up the DagBag from /opt/airflow/dags/airflow_dags.py
[2024-04-02T08:23:47.103+0000] {processor.py:840} INFO - DAG(s) 'data_ingestion_dag' retrieved from /opt/airflow/dags/airflow_dags.py
[2024-04-02T08:23:47.180+0000] {logging_mixin.py:188} INFO - [2024-04-02T08:23:47.179+0000] {dag.py:3047} INFO - Sync 1 DAGs
[2024-04-02T08:23:47.267+0000] {logging_mixin.py:188} INFO - [2024-04-02T08:23:47.266+0000] {dag.py:3834} INFO - Setting next_dagrun for data_ingestion_dag to 2024-04-02 00:00:00+00:00, run_after=2024-04-03 00:00:00+00:00
[2024-04-02T08:23:47.358+0000] {processor.py:183} INFO - Processing /opt/airflow/dags/airflow_dags.py took 0.313 seconds
[2024-04-02T08:24:18.340+0000] {processor.py:161} INFO - Started process (PID=878) to work on /opt/airflow/dags/airflow_dags.py
[2024-04-02T08:24:18.342+0000] {processor.py:830} INFO - Processing file /opt/airflow/dags/airflow_dags.py for tasks to queue
[2024-04-02T08:24:18.347+0000] {logging_mixin.py:188} INFO - [2024-04-02T08:24:18.346+0000] {dagbag.py:540} INFO - Filling up the DagBag from /opt/airflow/dags/airflow_dags.py
[2024-04-02T08:24:18.383+0000] {processor.py:840} INFO - DAG(s) 'data_ingestion_dag' retrieved from /opt/airflow/dags/airflow_dags.py
[2024-04-02T08:24:18.419+0000] {logging_mixin.py:188} INFO - [2024-04-02T08:24:18.418+0000] {dag.py:3047} INFO - Sync 1 DAGs
[2024-04-02T08:24:18.479+0000] {logging_mixin.py:188} INFO - [2024-04-02T08:24:18.479+0000] {dag.py:3834} INFO - Setting next_dagrun for data_ingestion_dag to 2024-04-02 00:00:00+00:00, run_after=2024-04-03 00:00:00+00:00
[2024-04-02T08:24:18.526+0000] {processor.py:183} INFO - Processing /opt/airflow/dags/airflow_dags.py took 0.192 seconds
[2024-04-02T08:24:48.922+0000] {processor.py:161} INFO - Started process (PID=934) to work on /opt/airflow/dags/airflow_dags.py
[2024-04-02T08:24:48.924+0000] {processor.py:830} INFO - Processing file /opt/airflow/dags/airflow_dags.py for tasks to queue
[2024-04-02T08:24:48.926+0000] {logging_mixin.py:188} INFO - [2024-04-02T08:24:48.926+0000] {dagbag.py:540} INFO - Filling up the DagBag from /opt/airflow/dags/airflow_dags.py
[2024-04-02T08:24:48.954+0000] {processor.py:840} INFO - DAG(s) 'data_ingestion_dag' retrieved from /opt/airflow/dags/airflow_dags.py
[2024-04-02T08:24:48.985+0000] {logging_mixin.py:188} INFO - [2024-04-02T08:24:48.985+0000] {dag.py:3047} INFO - Sync 1 DAGs
[2024-04-02T08:24:49.028+0000] {logging_mixin.py:188} INFO - [2024-04-02T08:24:49.027+0000] {dag.py:3834} INFO - Setting next_dagrun for data_ingestion_dag to 2024-04-02 00:00:00+00:00, run_after=2024-04-03 00:00:00+00:00
[2024-04-02T08:24:49.065+0000] {processor.py:183} INFO - Processing /opt/airflow/dags/airflow_dags.py took 0.148 seconds
[2024-04-02T08:25:19.390+0000] {processor.py:161} INFO - Started process (PID=990) to work on /opt/airflow/dags/airflow_dags.py
[2024-04-02T08:25:19.391+0000] {processor.py:830} INFO - Processing file /opt/airflow/dags/airflow_dags.py for tasks to queue
[2024-04-02T08:25:19.395+0000] {logging_mixin.py:188} INFO - [2024-04-02T08:25:19.394+0000] {dagbag.py:540} INFO - Filling up the DagBag from /opt/airflow/dags/airflow_dags.py
[2024-04-02T08:25:19.420+0000] {processor.py:840} INFO - DAG(s) 'data_ingestion_dag' retrieved from /opt/airflow/dags/airflow_dags.py
[2024-04-02T08:25:19.452+0000] {logging_mixin.py:188} INFO - [2024-04-02T08:25:19.451+0000] {dag.py:3047} INFO - Sync 1 DAGs
[2024-04-02T08:25:19.494+0000] {logging_mixin.py:188} INFO - [2024-04-02T08:25:19.493+0000] {dag.py:3834} INFO - Setting next_dagrun for data_ingestion_dag to 2024-04-02 00:00:00+00:00, run_after=2024-04-03 00:00:00+00:00
[2024-04-02T08:25:19.543+0000] {processor.py:183} INFO - Processing /opt/airflow/dags/airflow_dags.py took 0.158 seconds
[2024-04-02T08:25:49.811+0000] {processor.py:161} INFO - Started process (PID=1046) to work on /opt/airflow/dags/airflow_dags.py
[2024-04-02T08:25:49.813+0000] {processor.py:830} INFO - Processing file /opt/airflow/dags/airflow_dags.py for tasks to queue
[2024-04-02T08:25:49.818+0000] {logging_mixin.py:188} INFO - [2024-04-02T08:25:49.817+0000] {dagbag.py:540} INFO - Filling up the DagBag from /opt/airflow/dags/airflow_dags.py
[2024-04-02T08:25:49.842+0000] {processor.py:840} INFO - DAG(s) 'data_ingestion_dag' retrieved from /opt/airflow/dags/airflow_dags.py
[2024-04-02T08:25:49.868+0000] {logging_mixin.py:188} INFO - [2024-04-02T08:25:49.868+0000] {dag.py:3047} INFO - Sync 1 DAGs
[2024-04-02T08:25:49.907+0000] {logging_mixin.py:188} INFO - [2024-04-02T08:25:49.907+0000] {dag.py:3834} INFO - Setting next_dagrun for data_ingestion_dag to 2024-04-02 00:00:00+00:00, run_after=2024-04-03 00:00:00+00:00
[2024-04-02T08:25:49.944+0000] {processor.py:183} INFO - Processing /opt/airflow/dags/airflow_dags.py took 0.139 seconds
[2024-04-02T08:26:20.158+0000] {processor.py:161} INFO - Started process (PID=1102) to work on /opt/airflow/dags/airflow_dags.py
[2024-04-02T08:26:20.159+0000] {processor.py:830} INFO - Processing file /opt/airflow/dags/airflow_dags.py for tasks to queue
[2024-04-02T08:26:20.164+0000] {logging_mixin.py:188} INFO - [2024-04-02T08:26:20.163+0000] {dagbag.py:540} INFO - Filling up the DagBag from /opt/airflow/dags/airflow_dags.py
[2024-04-02T08:26:20.184+0000] {processor.py:840} INFO - DAG(s) 'data_ingestion_dag' retrieved from /opt/airflow/dags/airflow_dags.py
[2024-04-02T08:26:20.213+0000] {logging_mixin.py:188} INFO - [2024-04-02T08:26:20.213+0000] {dag.py:3047} INFO - Sync 1 DAGs
[2024-04-02T08:26:20.248+0000] {logging_mixin.py:188} INFO - [2024-04-02T08:26:20.247+0000] {dag.py:3834} INFO - Setting next_dagrun for data_ingestion_dag to 2024-04-02 00:00:00+00:00, run_after=2024-04-03 00:00:00+00:00
[2024-04-02T08:26:20.280+0000] {processor.py:183} INFO - Processing /opt/airflow/dags/airflow_dags.py took 0.128 seconds
[2024-04-02T08:26:51.082+0000] {processor.py:161} INFO - Started process (PID=1157) to work on /opt/airflow/dags/airflow_dags.py
[2024-04-02T08:26:51.083+0000] {processor.py:830} INFO - Processing file /opt/airflow/dags/airflow_dags.py for tasks to queue
[2024-04-02T08:26:51.086+0000] {logging_mixin.py:188} INFO - [2024-04-02T08:26:51.085+0000] {dagbag.py:540} INFO - Filling up the DagBag from /opt/airflow/dags/airflow_dags.py
[2024-04-02T08:26:51.107+0000] {processor.py:840} INFO - DAG(s) 'data_ingestion_dag' retrieved from /opt/airflow/dags/airflow_dags.py
[2024-04-02T08:26:51.135+0000] {logging_mixin.py:188} INFO - [2024-04-02T08:26:51.134+0000] {dag.py:3047} INFO - Sync 1 DAGs
[2024-04-02T08:26:51.172+0000] {logging_mixin.py:188} INFO - [2024-04-02T08:26:51.172+0000] {dag.py:3834} INFO - Setting next_dagrun for data_ingestion_dag to 2024-04-02 00:00:00+00:00, run_after=2024-04-03 00:00:00+00:00
[2024-04-02T08:26:51.211+0000] {processor.py:183} INFO - Processing /opt/airflow/dags/airflow_dags.py took 0.137 seconds
[2024-04-02T08:27:21.588+0000] {processor.py:161} INFO - Started process (PID=1213) to work on /opt/airflow/dags/airflow_dags.py
[2024-04-02T08:27:21.590+0000] {processor.py:830} INFO - Processing file /opt/airflow/dags/airflow_dags.py for tasks to queue
[2024-04-02T08:27:21.594+0000] {logging_mixin.py:188} INFO - [2024-04-02T08:27:21.593+0000] {dagbag.py:540} INFO - Filling up the DagBag from /opt/airflow/dags/airflow_dags.py
[2024-04-02T08:27:21.626+0000] {processor.py:840} INFO - DAG(s) 'data_ingestion_dag' retrieved from /opt/airflow/dags/airflow_dags.py
[2024-04-02T08:27:21.659+0000] {logging_mixin.py:188} INFO - [2024-04-02T08:27:21.659+0000] {dag.py:3047} INFO - Sync 1 DAGs
[2024-04-02T08:27:21.694+0000] {logging_mixin.py:188} INFO - [2024-04-02T08:27:21.693+0000] {dag.py:3834} INFO - Setting next_dagrun for data_ingestion_dag to 2024-04-02 00:00:00+00:00, run_after=2024-04-03 00:00:00+00:00
[2024-04-02T08:27:21.728+0000] {processor.py:183} INFO - Processing /opt/airflow/dags/airflow_dags.py took 0.145 seconds
[2024-04-02T08:27:51.844+0000] {processor.py:161} INFO - Started process (PID=1269) to work on /opt/airflow/dags/airflow_dags.py
[2024-04-02T08:27:51.847+0000] {processor.py:830} INFO - Processing file /opt/airflow/dags/airflow_dags.py for tasks to queue
[2024-04-02T08:27:51.853+0000] {logging_mixin.py:188} INFO - [2024-04-02T08:27:51.852+0000] {dagbag.py:540} INFO - Filling up the DagBag from /opt/airflow/dags/airflow_dags.py
[2024-04-02T08:27:51.882+0000] {processor.py:840} INFO - DAG(s) 'data_ingestion_dag' retrieved from /opt/airflow/dags/airflow_dags.py
[2024-04-02T08:27:51.920+0000] {logging_mixin.py:188} INFO - [2024-04-02T08:27:51.920+0000] {dag.py:3047} INFO - Sync 1 DAGs
[2024-04-02T08:27:51.962+0000] {logging_mixin.py:188} INFO - [2024-04-02T08:27:51.961+0000] {dag.py:3834} INFO - Setting next_dagrun for data_ingestion_dag to 2024-04-02 00:00:00+00:00, run_after=2024-04-03 00:00:00+00:00
[2024-04-02T08:27:52.002+0000] {processor.py:183} INFO - Processing /opt/airflow/dags/airflow_dags.py took 0.168 seconds
[2024-04-02T08:28:22.314+0000] {processor.py:161} INFO - Started process (PID=1325) to work on /opt/airflow/dags/airflow_dags.py
[2024-04-02T08:28:22.316+0000] {processor.py:830} INFO - Processing file /opt/airflow/dags/airflow_dags.py for tasks to queue
[2024-04-02T08:28:22.321+0000] {logging_mixin.py:188} INFO - [2024-04-02T08:28:22.320+0000] {dagbag.py:540} INFO - Filling up the DagBag from /opt/airflow/dags/airflow_dags.py
[2024-04-02T08:28:22.352+0000] {processor.py:840} INFO - DAG(s) 'data_ingestion_dag' retrieved from /opt/airflow/dags/airflow_dags.py
[2024-04-02T08:28:22.414+0000] {logging_mixin.py:188} INFO - [2024-04-02T08:28:22.414+0000] {dag.py:3047} INFO - Sync 1 DAGs
[2024-04-02T08:28:22.482+0000] {logging_mixin.py:188} INFO - [2024-04-02T08:28:22.482+0000] {dag.py:3834} INFO - Setting next_dagrun for data_ingestion_dag to 2024-04-02 00:00:00+00:00, run_after=2024-04-03 00:00:00+00:00
[2024-04-02T08:28:22.537+0000] {processor.py:183} INFO - Processing /opt/airflow/dags/airflow_dags.py took 0.230 seconds
[2024-04-02T08:28:52.705+0000] {processor.py:161} INFO - Started process (PID=1381) to work on /opt/airflow/dags/airflow_dags.py
[2024-04-02T08:28:52.706+0000] {processor.py:830} INFO - Processing file /opt/airflow/dags/airflow_dags.py for tasks to queue
[2024-04-02T08:28:52.710+0000] {logging_mixin.py:188} INFO - [2024-04-02T08:28:52.709+0000] {dagbag.py:540} INFO - Filling up the DagBag from /opt/airflow/dags/airflow_dags.py
[2024-04-02T08:28:52.741+0000] {processor.py:840} INFO - DAG(s) 'data_ingestion_dag' retrieved from /opt/airflow/dags/airflow_dags.py
[2024-04-02T08:28:52.778+0000] {logging_mixin.py:188} INFO - [2024-04-02T08:28:52.777+0000] {dag.py:3047} INFO - Sync 1 DAGs
[2024-04-02T08:28:52.825+0000] {logging_mixin.py:188} INFO - [2024-04-02T08:28:52.824+0000] {dag.py:3834} INFO - Setting next_dagrun for data_ingestion_dag to 2024-04-02 00:00:00+00:00, run_after=2024-04-03 00:00:00+00:00
[2024-04-02T08:28:52.873+0000] {processor.py:183} INFO - Processing /opt/airflow/dags/airflow_dags.py took 0.176 seconds
[2024-04-02T08:29:23.054+0000] {processor.py:161} INFO - Started process (PID=1437) to work on /opt/airflow/dags/airflow_dags.py
[2024-04-02T08:29:23.056+0000] {processor.py:830} INFO - Processing file /opt/airflow/dags/airflow_dags.py for tasks to queue
[2024-04-02T08:29:23.060+0000] {logging_mixin.py:188} INFO - [2024-04-02T08:29:23.059+0000] {dagbag.py:540} INFO - Filling up the DagBag from /opt/airflow/dags/airflow_dags.py
[2024-04-02T08:29:23.081+0000] {processor.py:840} INFO - DAG(s) 'data_ingestion_dag' retrieved from /opt/airflow/dags/airflow_dags.py
[2024-04-02T08:29:23.109+0000] {logging_mixin.py:188} INFO - [2024-04-02T08:29:23.109+0000] {dag.py:3047} INFO - Sync 1 DAGs
[2024-04-02T08:29:23.149+0000] {logging_mixin.py:188} INFO - [2024-04-02T08:29:23.149+0000] {dag.py:3834} INFO - Setting next_dagrun for data_ingestion_dag to 2024-04-02 00:00:00+00:00, run_after=2024-04-03 00:00:00+00:00
[2024-04-02T08:29:23.187+0000] {processor.py:183} INFO - Processing /opt/airflow/dags/airflow_dags.py took 0.137 seconds
[2024-04-02T08:29:53.985+0000] {processor.py:161} INFO - Started process (PID=1493) to work on /opt/airflow/dags/airflow_dags.py
[2024-04-02T08:29:53.988+0000] {processor.py:830} INFO - Processing file /opt/airflow/dags/airflow_dags.py for tasks to queue
[2024-04-02T08:29:53.992+0000] {logging_mixin.py:188} INFO - [2024-04-02T08:29:53.991+0000] {dagbag.py:540} INFO - Filling up the DagBag from /opt/airflow/dags/airflow_dags.py
[2024-04-02T08:29:54.019+0000] {processor.py:840} INFO - DAG(s) 'data_ingestion_dag' retrieved from /opt/airflow/dags/airflow_dags.py
[2024-04-02T08:29:54.048+0000] {logging_mixin.py:188} INFO - [2024-04-02T08:29:54.048+0000] {dag.py:3047} INFO - Sync 1 DAGs
[2024-04-02T08:29:54.086+0000] {logging_mixin.py:188} INFO - [2024-04-02T08:29:54.085+0000] {dag.py:3834} INFO - Setting next_dagrun for data_ingestion_dag to 2024-04-02 00:00:00+00:00, run_after=2024-04-03 00:00:00+00:00
[2024-04-02T08:29:54.137+0000] {processor.py:183} INFO - Processing /opt/airflow/dags/airflow_dags.py took 0.158 seconds
[2024-04-02T08:30:24.688+0000] {processor.py:161} INFO - Started process (PID=1549) to work on /opt/airflow/dags/airflow_dags.py
[2024-04-02T08:30:24.689+0000] {processor.py:830} INFO - Processing file /opt/airflow/dags/airflow_dags.py for tasks to queue
[2024-04-02T08:30:24.693+0000] {logging_mixin.py:188} INFO - [2024-04-02T08:30:24.691+0000] {dagbag.py:540} INFO - Filling up the DagBag from /opt/airflow/dags/airflow_dags.py
[2024-04-02T08:30:24.719+0000] {processor.py:840} INFO - DAG(s) 'data_ingestion_dag' retrieved from /opt/airflow/dags/airflow_dags.py
[2024-04-02T08:30:24.752+0000] {logging_mixin.py:188} INFO - [2024-04-02T08:30:24.752+0000] {dag.py:3047} INFO - Sync 1 DAGs
[2024-04-02T08:30:24.788+0000] {logging_mixin.py:188} INFO - [2024-04-02T08:30:24.787+0000] {dag.py:3834} INFO - Setting next_dagrun for data_ingestion_dag to 2024-04-02 00:00:00+00:00, run_after=2024-04-03 00:00:00+00:00
[2024-04-02T08:30:24.822+0000] {processor.py:183} INFO - Processing /opt/airflow/dags/airflow_dags.py took 0.139 seconds
[2024-04-02T08:30:55.851+0000] {processor.py:161} INFO - Started process (PID=1605) to work on /opt/airflow/dags/airflow_dags.py
[2024-04-02T08:30:55.853+0000] {processor.py:830} INFO - Processing file /opt/airflow/dags/airflow_dags.py for tasks to queue
[2024-04-02T08:30:55.856+0000] {logging_mixin.py:188} INFO - [2024-04-02T08:30:55.856+0000] {dagbag.py:540} INFO - Filling up the DagBag from /opt/airflow/dags/airflow_dags.py
[2024-04-02T08:30:55.910+0000] {processor.py:840} INFO - DAG(s) 'data_ingestion_dag' retrieved from /opt/airflow/dags/airflow_dags.py
[2024-04-02T08:30:55.968+0000] {logging_mixin.py:188} INFO - [2024-04-02T08:30:55.967+0000] {dag.py:3047} INFO - Sync 1 DAGs
[2024-04-02T08:30:56.036+0000] {logging_mixin.py:188} INFO - [2024-04-02T08:30:56.035+0000] {dag.py:3834} INFO - Setting next_dagrun for data_ingestion_dag to 2024-04-02 00:00:00+00:00, run_after=2024-04-03 00:00:00+00:00
[2024-04-02T08:30:56.081+0000] {processor.py:183} INFO - Processing /opt/airflow/dags/airflow_dags.py took 0.240 seconds
[2024-04-02T08:31:26.172+0000] {processor.py:161} INFO - Started process (PID=1661) to work on /opt/airflow/dags/airflow_dags.py
[2024-04-02T08:31:26.175+0000] {processor.py:830} INFO - Processing file /opt/airflow/dags/airflow_dags.py for tasks to queue
[2024-04-02T08:31:26.181+0000] {logging_mixin.py:188} INFO - [2024-04-02T08:31:26.180+0000] {dagbag.py:540} INFO - Filling up the DagBag from /opt/airflow/dags/airflow_dags.py
[2024-04-02T08:31:26.213+0000] {processor.py:840} INFO - DAG(s) 'data_ingestion_dag' retrieved from /opt/airflow/dags/airflow_dags.py
[2024-04-02T08:31:26.252+0000] {logging_mixin.py:188} INFO - [2024-04-02T08:31:26.252+0000] {dag.py:3047} INFO - Sync 1 DAGs
[2024-04-02T08:31:26.299+0000] {logging_mixin.py:188} INFO - [2024-04-02T08:31:26.298+0000] {dag.py:3834} INFO - Setting next_dagrun for data_ingestion_dag to 2024-04-02 00:00:00+00:00, run_after=2024-04-03 00:00:00+00:00
[2024-04-02T08:31:26.344+0000] {processor.py:183} INFO - Processing /opt/airflow/dags/airflow_dags.py took 0.178 seconds
